[2025-11-04T21:45:42.695-0300] {processor.py:161} INFO - Started process (PID=31040) to work on /Users/joaovitor/airflow_env/lib/python3.11/site-packages/airflow/example_dags/plugins/decreasing_priority_weight_strategy.py
[2025-11-04T21:45:42.696-0300] {processor.py:830} INFO - Processing file /Users/joaovitor/airflow_env/lib/python3.11/site-packages/airflow/example_dags/plugins/decreasing_priority_weight_strategy.py for tasks to queue
[2025-11-04T21:45:42.697-0300] {logging_mixin.py:188} INFO - [2025-11-04T21:45:42.697-0300] {dagbag.py:545} INFO - Filling up the DagBag from /Users/joaovitor/airflow_env/lib/python3.11/site-packages/airflow/example_dags/plugins/decreasing_priority_weight_strategy.py
[2025-11-04T21:45:42.698-0300] {processor.py:842} WARNING - No viable dags retrieved from /Users/joaovitor/airflow_env/lib/python3.11/site-packages/airflow/example_dags/plugins/decreasing_priority_weight_strategy.py
[2025-11-04T21:45:42.789-0300] {processor.py:183} INFO - Processing /Users/joaovitor/airflow_env/lib/python3.11/site-packages/airflow/example_dags/plugins/decreasing_priority_weight_strategy.py took 0.098 seconds
[2025-11-04T21:48:42.465-0300] {processor.py:161} INFO - Started process (PID=31146) to work on /Users/joaovitor/airflow_env/lib/python3.11/site-packages/airflow/example_dags/plugins/decreasing_priority_weight_strategy.py
[2025-11-04T21:48:42.467-0300] {processor.py:830} INFO - Processing file /Users/joaovitor/airflow_env/lib/python3.11/site-packages/airflow/example_dags/plugins/decreasing_priority_weight_strategy.py for tasks to queue
[2025-11-04T21:48:42.468-0300] {logging_mixin.py:188} INFO - [2025-11-04T21:48:42.468-0300] {dagbag.py:545} INFO - Filling up the DagBag from /Users/joaovitor/airflow_env/lib/python3.11/site-packages/airflow/example_dags/plugins/decreasing_priority_weight_strategy.py
[2025-11-04T21:48:42.470-0300] {processor.py:842} WARNING - No viable dags retrieved from /Users/joaovitor/airflow_env/lib/python3.11/site-packages/airflow/example_dags/plugins/decreasing_priority_weight_strategy.py
[2025-11-04T21:48:42.561-0300] {processor.py:183} INFO - Processing /Users/joaovitor/airflow_env/lib/python3.11/site-packages/airflow/example_dags/plugins/decreasing_priority_weight_strategy.py took 0.099 seconds
[2025-11-04T21:51:08.993-0300] {processor.py:161} INFO - Started process (PID=31216) to work on /Users/joaovitor/airflow_env/lib/python3.11/site-packages/airflow/example_dags/plugins/decreasing_priority_weight_strategy.py
[2025-11-04T21:51:08.996-0300] {processor.py:830} INFO - Processing file /Users/joaovitor/airflow_env/lib/python3.11/site-packages/airflow/example_dags/plugins/decreasing_priority_weight_strategy.py for tasks to queue
[2025-11-04T21:51:08.997-0300] {logging_mixin.py:188} INFO - [2025-11-04T21:51:08.996-0300] {dagbag.py:545} INFO - Filling up the DagBag from /Users/joaovitor/airflow_env/lib/python3.11/site-packages/airflow/example_dags/plugins/decreasing_priority_weight_strategy.py
[2025-11-04T21:51:08.998-0300] {processor.py:842} WARNING - No viable dags retrieved from /Users/joaovitor/airflow_env/lib/python3.11/site-packages/airflow/example_dags/plugins/decreasing_priority_weight_strategy.py
[2025-11-04T21:51:09.085-0300] {processor.py:183} INFO - Processing /Users/joaovitor/airflow_env/lib/python3.11/site-packages/airflow/example_dags/plugins/decreasing_priority_weight_strategy.py took 0.094 seconds
[2025-11-04T21:53:03.656-0300] {processor.py:161} INFO - Started process (PID=31258) to work on /Users/joaovitor/airflow_env/lib/python3.11/site-packages/airflow/example_dags/plugins/decreasing_priority_weight_strategy.py
[2025-11-04T21:53:03.657-0300] {processor.py:830} INFO - Processing file /Users/joaovitor/airflow_env/lib/python3.11/site-packages/airflow/example_dags/plugins/decreasing_priority_weight_strategy.py for tasks to queue
[2025-11-04T21:53:03.658-0300] {logging_mixin.py:188} INFO - [2025-11-04T21:53:03.658-0300] {dagbag.py:545} INFO - Filling up the DagBag from /Users/joaovitor/airflow_env/lib/python3.11/site-packages/airflow/example_dags/plugins/decreasing_priority_weight_strategy.py
[2025-11-04T21:53:03.659-0300] {processor.py:842} WARNING - No viable dags retrieved from /Users/joaovitor/airflow_env/lib/python3.11/site-packages/airflow/example_dags/plugins/decreasing_priority_weight_strategy.py
[2025-11-04T21:53:03.749-0300] {processor.py:183} INFO - Processing /Users/joaovitor/airflow_env/lib/python3.11/site-packages/airflow/example_dags/plugins/decreasing_priority_weight_strategy.py took 0.097 seconds
[2025-11-04T21:54:57.353-0300] {processor.py:161} INFO - Started process (PID=31299) to work on /Users/joaovitor/airflow_env/lib/python3.11/site-packages/airflow/example_dags/plugins/decreasing_priority_weight_strategy.py
[2025-11-04T21:54:57.353-0300] {processor.py:830} INFO - Processing file /Users/joaovitor/airflow_env/lib/python3.11/site-packages/airflow/example_dags/plugins/decreasing_priority_weight_strategy.py for tasks to queue
[2025-11-04T21:54:57.354-0300] {logging_mixin.py:188} INFO - [2025-11-04T21:54:57.354-0300] {dagbag.py:545} INFO - Filling up the DagBag from /Users/joaovitor/airflow_env/lib/python3.11/site-packages/airflow/example_dags/plugins/decreasing_priority_weight_strategy.py
[2025-11-04T21:54:57.355-0300] {processor.py:842} WARNING - No viable dags retrieved from /Users/joaovitor/airflow_env/lib/python3.11/site-packages/airflow/example_dags/plugins/decreasing_priority_weight_strategy.py
[2025-11-04T21:54:57.440-0300] {processor.py:183} INFO - Processing /Users/joaovitor/airflow_env/lib/python3.11/site-packages/airflow/example_dags/plugins/decreasing_priority_weight_strategy.py took 0.090 seconds
[2025-11-04T21:56:47.950-0300] {processor.py:161} INFO - Started process (PID=31340) to work on /Users/joaovitor/airflow_env/lib/python3.11/site-packages/airflow/example_dags/plugins/decreasing_priority_weight_strategy.py
[2025-11-04T21:56:47.950-0300] {processor.py:830} INFO - Processing file /Users/joaovitor/airflow_env/lib/python3.11/site-packages/airflow/example_dags/plugins/decreasing_priority_weight_strategy.py for tasks to queue
[2025-11-04T21:56:47.951-0300] {logging_mixin.py:188} INFO - [2025-11-04T21:56:47.951-0300] {dagbag.py:545} INFO - Filling up the DagBag from /Users/joaovitor/airflow_env/lib/python3.11/site-packages/airflow/example_dags/plugins/decreasing_priority_weight_strategy.py
[2025-11-04T21:56:47.952-0300] {processor.py:842} WARNING - No viable dags retrieved from /Users/joaovitor/airflow_env/lib/python3.11/site-packages/airflow/example_dags/plugins/decreasing_priority_weight_strategy.py
[2025-11-04T21:56:48.049-0300] {processor.py:183} INFO - Processing /Users/joaovitor/airflow_env/lib/python3.11/site-packages/airflow/example_dags/plugins/decreasing_priority_weight_strategy.py took 0.102 seconds
[2025-11-04T21:58:39.150-0300] {processor.py:161} INFO - Started process (PID=31379) to work on /Users/joaovitor/airflow_env/lib/python3.11/site-packages/airflow/example_dags/plugins/decreasing_priority_weight_strategy.py
[2025-11-04T21:58:39.151-0300] {processor.py:830} INFO - Processing file /Users/joaovitor/airflow_env/lib/python3.11/site-packages/airflow/example_dags/plugins/decreasing_priority_weight_strategy.py for tasks to queue
[2025-11-04T21:58:39.151-0300] {logging_mixin.py:188} INFO - [2025-11-04T21:58:39.151-0300] {dagbag.py:545} INFO - Filling up the DagBag from /Users/joaovitor/airflow_env/lib/python3.11/site-packages/airflow/example_dags/plugins/decreasing_priority_weight_strategy.py
[2025-11-04T21:58:39.152-0300] {processor.py:842} WARNING - No viable dags retrieved from /Users/joaovitor/airflow_env/lib/python3.11/site-packages/airflow/example_dags/plugins/decreasing_priority_weight_strategy.py
[2025-11-04T21:58:39.246-0300] {processor.py:183} INFO - Processing /Users/joaovitor/airflow_env/lib/python3.11/site-packages/airflow/example_dags/plugins/decreasing_priority_weight_strategy.py took 0.099 seconds
[2025-11-04T22:00:32.011-0300] {processor.py:161} INFO - Started process (PID=31419) to work on /Users/joaovitor/airflow_env/lib/python3.11/site-packages/airflow/example_dags/plugins/decreasing_priority_weight_strategy.py
[2025-11-04T22:00:32.012-0300] {processor.py:830} INFO - Processing file /Users/joaovitor/airflow_env/lib/python3.11/site-packages/airflow/example_dags/plugins/decreasing_priority_weight_strategy.py for tasks to queue
[2025-11-04T22:00:32.013-0300] {logging_mixin.py:188} INFO - [2025-11-04T22:00:32.012-0300] {dagbag.py:545} INFO - Filling up the DagBag from /Users/joaovitor/airflow_env/lib/python3.11/site-packages/airflow/example_dags/plugins/decreasing_priority_weight_strategy.py
[2025-11-04T22:00:32.014-0300] {processor.py:842} WARNING - No viable dags retrieved from /Users/joaovitor/airflow_env/lib/python3.11/site-packages/airflow/example_dags/plugins/decreasing_priority_weight_strategy.py
[2025-11-04T22:00:32.100-0300] {processor.py:183} INFO - Processing /Users/joaovitor/airflow_env/lib/python3.11/site-packages/airflow/example_dags/plugins/decreasing_priority_weight_strategy.py took 0.093 seconds
[2025-11-04T22:06:09.202-0300] {processor.py:161} INFO - Started process (PID=31476) to work on /Users/joaovitor/airflow_env/lib/python3.11/site-packages/airflow/example_dags/plugins/decreasing_priority_weight_strategy.py
[2025-11-04T22:06:09.203-0300] {processor.py:830} INFO - Processing file /Users/joaovitor/airflow_env/lib/python3.11/site-packages/airflow/example_dags/plugins/decreasing_priority_weight_strategy.py for tasks to queue
[2025-11-04T22:06:09.203-0300] {logging_mixin.py:188} INFO - [2025-11-04T22:06:09.203-0300] {dagbag.py:545} INFO - Filling up the DagBag from /Users/joaovitor/airflow_env/lib/python3.11/site-packages/airflow/example_dags/plugins/decreasing_priority_weight_strategy.py
[2025-11-04T22:06:09.204-0300] {processor.py:842} WARNING - No viable dags retrieved from /Users/joaovitor/airflow_env/lib/python3.11/site-packages/airflow/example_dags/plugins/decreasing_priority_weight_strategy.py
[2025-11-04T22:06:09.301-0300] {processor.py:183} INFO - Processing /Users/joaovitor/airflow_env/lib/python3.11/site-packages/airflow/example_dags/plugins/decreasing_priority_weight_strategy.py took 0.102 seconds
[2025-11-04T22:08:04.710-0300] {processor.py:161} INFO - Started process (PID=31536) to work on /Users/joaovitor/airflow_env/lib/python3.11/site-packages/airflow/example_dags/plugins/decreasing_priority_weight_strategy.py
[2025-11-04T22:08:04.711-0300] {processor.py:830} INFO - Processing file /Users/joaovitor/airflow_env/lib/python3.11/site-packages/airflow/example_dags/plugins/decreasing_priority_weight_strategy.py for tasks to queue
[2025-11-04T22:08:04.711-0300] {logging_mixin.py:188} INFO - [2025-11-04T22:08:04.711-0300] {dagbag.py:545} INFO - Filling up the DagBag from /Users/joaovitor/airflow_env/lib/python3.11/site-packages/airflow/example_dags/plugins/decreasing_priority_weight_strategy.py
[2025-11-04T22:08:04.713-0300] {processor.py:842} WARNING - No viable dags retrieved from /Users/joaovitor/airflow_env/lib/python3.11/site-packages/airflow/example_dags/plugins/decreasing_priority_weight_strategy.py
[2025-11-04T22:08:04.813-0300] {processor.py:183} INFO - Processing /Users/joaovitor/airflow_env/lib/python3.11/site-packages/airflow/example_dags/plugins/decreasing_priority_weight_strategy.py took 0.106 seconds
[2025-11-04T22:09:57.068-0300] {processor.py:161} INFO - Started process (PID=31576) to work on /Users/joaovitor/airflow_env/lib/python3.11/site-packages/airflow/example_dags/plugins/decreasing_priority_weight_strategy.py
[2025-11-04T22:09:57.069-0300] {processor.py:830} INFO - Processing file /Users/joaovitor/airflow_env/lib/python3.11/site-packages/airflow/example_dags/plugins/decreasing_priority_weight_strategy.py for tasks to queue
[2025-11-04T22:09:57.069-0300] {logging_mixin.py:188} INFO - [2025-11-04T22:09:57.069-0300] {dagbag.py:545} INFO - Filling up the DagBag from /Users/joaovitor/airflow_env/lib/python3.11/site-packages/airflow/example_dags/plugins/decreasing_priority_weight_strategy.py
[2025-11-04T22:09:57.070-0300] {processor.py:842} WARNING - No viable dags retrieved from /Users/joaovitor/airflow_env/lib/python3.11/site-packages/airflow/example_dags/plugins/decreasing_priority_weight_strategy.py
[2025-11-04T22:09:57.165-0300] {processor.py:183} INFO - Processing /Users/joaovitor/airflow_env/lib/python3.11/site-packages/airflow/example_dags/plugins/decreasing_priority_weight_strategy.py took 0.100 seconds
[2025-11-04T22:11:54.756-0300] {processor.py:161} INFO - Started process (PID=31628) to work on /Users/joaovitor/airflow_env/lib/python3.11/site-packages/airflow/example_dags/plugins/decreasing_priority_weight_strategy.py
[2025-11-04T22:11:54.757-0300] {processor.py:830} INFO - Processing file /Users/joaovitor/airflow_env/lib/python3.11/site-packages/airflow/example_dags/plugins/decreasing_priority_weight_strategy.py for tasks to queue
[2025-11-04T22:11:54.758-0300] {logging_mixin.py:188} INFO - [2025-11-04T22:11:54.758-0300] {dagbag.py:545} INFO - Filling up the DagBag from /Users/joaovitor/airflow_env/lib/python3.11/site-packages/airflow/example_dags/plugins/decreasing_priority_weight_strategy.py
[2025-11-04T22:11:54.759-0300] {processor.py:842} WARNING - No viable dags retrieved from /Users/joaovitor/airflow_env/lib/python3.11/site-packages/airflow/example_dags/plugins/decreasing_priority_weight_strategy.py
[2025-11-04T22:11:54.853-0300] {processor.py:183} INFO - Processing /Users/joaovitor/airflow_env/lib/python3.11/site-packages/airflow/example_dags/plugins/decreasing_priority_weight_strategy.py took 0.101 seconds
[2025-11-04T22:13:57.339-0300] {processor.py:161} INFO - Started process (PID=31679) to work on /Users/joaovitor/airflow_env/lib/python3.11/site-packages/airflow/example_dags/plugins/decreasing_priority_weight_strategy.py
[2025-11-04T22:13:57.340-0300] {processor.py:830} INFO - Processing file /Users/joaovitor/airflow_env/lib/python3.11/site-packages/airflow/example_dags/plugins/decreasing_priority_weight_strategy.py for tasks to queue
[2025-11-04T22:13:57.341-0300] {logging_mixin.py:188} INFO - [2025-11-04T22:13:57.341-0300] {dagbag.py:545} INFO - Filling up the DagBag from /Users/joaovitor/airflow_env/lib/python3.11/site-packages/airflow/example_dags/plugins/decreasing_priority_weight_strategy.py
[2025-11-04T22:13:57.342-0300] {processor.py:842} WARNING - No viable dags retrieved from /Users/joaovitor/airflow_env/lib/python3.11/site-packages/airflow/example_dags/plugins/decreasing_priority_weight_strategy.py
[2025-11-04T22:13:57.444-0300] {processor.py:183} INFO - Processing /Users/joaovitor/airflow_env/lib/python3.11/site-packages/airflow/example_dags/plugins/decreasing_priority_weight_strategy.py took 0.107 seconds
[2025-11-04T22:16:08.212-0300] {processor.py:161} INFO - Started process (PID=31737) to work on /Users/joaovitor/airflow_env/lib/python3.11/site-packages/airflow/example_dags/plugins/decreasing_priority_weight_strategy.py
[2025-11-04T22:16:08.213-0300] {processor.py:830} INFO - Processing file /Users/joaovitor/airflow_env/lib/python3.11/site-packages/airflow/example_dags/plugins/decreasing_priority_weight_strategy.py for tasks to queue
[2025-11-04T22:16:08.213-0300] {logging_mixin.py:188} INFO - [2025-11-04T22:16:08.213-0300] {dagbag.py:545} INFO - Filling up the DagBag from /Users/joaovitor/airflow_env/lib/python3.11/site-packages/airflow/example_dags/plugins/decreasing_priority_weight_strategy.py
[2025-11-04T22:16:08.214-0300] {processor.py:842} WARNING - No viable dags retrieved from /Users/joaovitor/airflow_env/lib/python3.11/site-packages/airflow/example_dags/plugins/decreasing_priority_weight_strategy.py
[2025-11-04T22:16:08.309-0300] {processor.py:183} INFO - Processing /Users/joaovitor/airflow_env/lib/python3.11/site-packages/airflow/example_dags/plugins/decreasing_priority_weight_strategy.py took 0.101 seconds
[2025-11-04T22:18:00.529-0300] {processor.py:161} INFO - Started process (PID=31777) to work on /Users/joaovitor/airflow_env/lib/python3.11/site-packages/airflow/example_dags/plugins/decreasing_priority_weight_strategy.py
[2025-11-04T22:18:00.530-0300] {processor.py:830} INFO - Processing file /Users/joaovitor/airflow_env/lib/python3.11/site-packages/airflow/example_dags/plugins/decreasing_priority_weight_strategy.py for tasks to queue
[2025-11-04T22:18:00.530-0300] {logging_mixin.py:188} INFO - [2025-11-04T22:18:00.530-0300] {dagbag.py:545} INFO - Filling up the DagBag from /Users/joaovitor/airflow_env/lib/python3.11/site-packages/airflow/example_dags/plugins/decreasing_priority_weight_strategy.py
[2025-11-04T22:18:00.531-0300] {processor.py:842} WARNING - No viable dags retrieved from /Users/joaovitor/airflow_env/lib/python3.11/site-packages/airflow/example_dags/plugins/decreasing_priority_weight_strategy.py
[2025-11-04T22:18:00.618-0300] {processor.py:183} INFO - Processing /Users/joaovitor/airflow_env/lib/python3.11/site-packages/airflow/example_dags/plugins/decreasing_priority_weight_strategy.py took 0.092 seconds
[2025-11-04T22:20:04.650-0300] {processor.py:161} INFO - Started process (PID=31825) to work on /Users/joaovitor/airflow_env/lib/python3.11/site-packages/airflow/example_dags/plugins/decreasing_priority_weight_strategy.py
[2025-11-04T22:20:04.652-0300] {processor.py:830} INFO - Processing file /Users/joaovitor/airflow_env/lib/python3.11/site-packages/airflow/example_dags/plugins/decreasing_priority_weight_strategy.py for tasks to queue
[2025-11-04T22:20:04.654-0300] {logging_mixin.py:188} INFO - [2025-11-04T22:20:04.653-0300] {dagbag.py:545} INFO - Filling up the DagBag from /Users/joaovitor/airflow_env/lib/python3.11/site-packages/airflow/example_dags/plugins/decreasing_priority_weight_strategy.py
[2025-11-04T22:20:04.657-0300] {processor.py:842} WARNING - No viable dags retrieved from /Users/joaovitor/airflow_env/lib/python3.11/site-packages/airflow/example_dags/plugins/decreasing_priority_weight_strategy.py
[2025-11-04T22:20:04.763-0300] {processor.py:183} INFO - Processing /Users/joaovitor/airflow_env/lib/python3.11/site-packages/airflow/example_dags/plugins/decreasing_priority_weight_strategy.py took 0.115 seconds
[2025-11-04T22:22:11.023-0300] {processor.py:161} INFO - Started process (PID=31924) to work on /Users/joaovitor/airflow_env/lib/python3.11/site-packages/airflow/example_dags/plugins/decreasing_priority_weight_strategy.py
[2025-11-04T22:22:11.026-0300] {processor.py:830} INFO - Processing file /Users/joaovitor/airflow_env/lib/python3.11/site-packages/airflow/example_dags/plugins/decreasing_priority_weight_strategy.py for tasks to queue
[2025-11-04T22:22:11.027-0300] {logging_mixin.py:188} INFO - [2025-11-04T22:22:11.026-0300] {dagbag.py:545} INFO - Filling up the DagBag from /Users/joaovitor/airflow_env/lib/python3.11/site-packages/airflow/example_dags/plugins/decreasing_priority_weight_strategy.py
[2025-11-04T22:22:11.029-0300] {processor.py:842} WARNING - No viable dags retrieved from /Users/joaovitor/airflow_env/lib/python3.11/site-packages/airflow/example_dags/plugins/decreasing_priority_weight_strategy.py
[2025-11-04T22:22:11.133-0300] {processor.py:183} INFO - Processing /Users/joaovitor/airflow_env/lib/python3.11/site-packages/airflow/example_dags/plugins/decreasing_priority_weight_strategy.py took 0.115 seconds
[2025-11-04T22:24:17.628-0300] {processor.py:161} INFO - Started process (PID=31965) to work on /Users/joaovitor/airflow_env/lib/python3.11/site-packages/airflow/example_dags/plugins/decreasing_priority_weight_strategy.py
[2025-11-04T22:24:17.629-0300] {processor.py:830} INFO - Processing file /Users/joaovitor/airflow_env/lib/python3.11/site-packages/airflow/example_dags/plugins/decreasing_priority_weight_strategy.py for tasks to queue
[2025-11-04T22:24:17.630-0300] {logging_mixin.py:188} INFO - [2025-11-04T22:24:17.629-0300] {dagbag.py:545} INFO - Filling up the DagBag from /Users/joaovitor/airflow_env/lib/python3.11/site-packages/airflow/example_dags/plugins/decreasing_priority_weight_strategy.py
[2025-11-04T22:24:17.631-0300] {processor.py:842} WARNING - No viable dags retrieved from /Users/joaovitor/airflow_env/lib/python3.11/site-packages/airflow/example_dags/plugins/decreasing_priority_weight_strategy.py
[2025-11-04T22:24:17.732-0300] {processor.py:183} INFO - Processing /Users/joaovitor/airflow_env/lib/python3.11/site-packages/airflow/example_dags/plugins/decreasing_priority_weight_strategy.py took 0.107 seconds
[2025-11-04T22:26:24.433-0300] {processor.py:161} INFO - Started process (PID=32007) to work on /Users/joaovitor/airflow_env/lib/python3.11/site-packages/airflow/example_dags/plugins/decreasing_priority_weight_strategy.py
[2025-11-04T22:26:24.434-0300] {processor.py:830} INFO - Processing file /Users/joaovitor/airflow_env/lib/python3.11/site-packages/airflow/example_dags/plugins/decreasing_priority_weight_strategy.py for tasks to queue
[2025-11-04T22:26:24.434-0300] {logging_mixin.py:188} INFO - [2025-11-04T22:26:24.434-0300] {dagbag.py:545} INFO - Filling up the DagBag from /Users/joaovitor/airflow_env/lib/python3.11/site-packages/airflow/example_dags/plugins/decreasing_priority_weight_strategy.py
[2025-11-04T22:26:24.435-0300] {processor.py:842} WARNING - No viable dags retrieved from /Users/joaovitor/airflow_env/lib/python3.11/site-packages/airflow/example_dags/plugins/decreasing_priority_weight_strategy.py
[2025-11-04T22:26:24.537-0300] {processor.py:183} INFO - Processing /Users/joaovitor/airflow_env/lib/python3.11/site-packages/airflow/example_dags/plugins/decreasing_priority_weight_strategy.py took 0.107 seconds
[2025-11-04T22:28:33.673-0300] {processor.py:161} INFO - Started process (PID=32049) to work on /Users/joaovitor/airflow_env/lib/python3.11/site-packages/airflow/example_dags/plugins/decreasing_priority_weight_strategy.py
[2025-11-04T22:28:33.674-0300] {processor.py:830} INFO - Processing file /Users/joaovitor/airflow_env/lib/python3.11/site-packages/airflow/example_dags/plugins/decreasing_priority_weight_strategy.py for tasks to queue
[2025-11-04T22:28:33.675-0300] {logging_mixin.py:188} INFO - [2025-11-04T22:28:33.675-0300] {dagbag.py:545} INFO - Filling up the DagBag from /Users/joaovitor/airflow_env/lib/python3.11/site-packages/airflow/example_dags/plugins/decreasing_priority_weight_strategy.py
[2025-11-04T22:28:33.678-0300] {processor.py:842} WARNING - No viable dags retrieved from /Users/joaovitor/airflow_env/lib/python3.11/site-packages/airflow/example_dags/plugins/decreasing_priority_weight_strategy.py
[2025-11-04T22:28:33.776-0300] {processor.py:183} INFO - Processing /Users/joaovitor/airflow_env/lib/python3.11/site-packages/airflow/example_dags/plugins/decreasing_priority_weight_strategy.py took 0.108 seconds
[2025-11-04T22:30:55.743-0300] {processor.py:161} INFO - Started process (PID=32144) to work on /Users/joaovitor/airflow_env/lib/python3.11/site-packages/airflow/example_dags/plugins/decreasing_priority_weight_strategy.py
[2025-11-04T22:30:55.745-0300] {processor.py:830} INFO - Processing file /Users/joaovitor/airflow_env/lib/python3.11/site-packages/airflow/example_dags/plugins/decreasing_priority_weight_strategy.py for tasks to queue
[2025-11-04T22:30:55.746-0300] {logging_mixin.py:188} INFO - [2025-11-04T22:30:55.746-0300] {dagbag.py:545} INFO - Filling up the DagBag from /Users/joaovitor/airflow_env/lib/python3.11/site-packages/airflow/example_dags/plugins/decreasing_priority_weight_strategy.py
[2025-11-04T22:30:55.748-0300] {processor.py:842} WARNING - No viable dags retrieved from /Users/joaovitor/airflow_env/lib/python3.11/site-packages/airflow/example_dags/plugins/decreasing_priority_weight_strategy.py
[2025-11-04T22:30:55.855-0300] {processor.py:183} INFO - Processing /Users/joaovitor/airflow_env/lib/python3.11/site-packages/airflow/example_dags/plugins/decreasing_priority_weight_strategy.py took 0.116 seconds
[2025-11-04T22:33:30.019-0300] {processor.py:161} INFO - Started process (PID=32240) to work on /Users/joaovitor/airflow_env/lib/python3.11/site-packages/airflow/example_dags/plugins/decreasing_priority_weight_strategy.py
[2025-11-04T22:33:30.021-0300] {processor.py:830} INFO - Processing file /Users/joaovitor/airflow_env/lib/python3.11/site-packages/airflow/example_dags/plugins/decreasing_priority_weight_strategy.py for tasks to queue
[2025-11-04T22:33:30.022-0300] {logging_mixin.py:188} INFO - [2025-11-04T22:33:30.022-0300] {dagbag.py:545} INFO - Filling up the DagBag from /Users/joaovitor/airflow_env/lib/python3.11/site-packages/airflow/example_dags/plugins/decreasing_priority_weight_strategy.py
[2025-11-04T22:33:30.024-0300] {processor.py:842} WARNING - No viable dags retrieved from /Users/joaovitor/airflow_env/lib/python3.11/site-packages/airflow/example_dags/plugins/decreasing_priority_weight_strategy.py
[2025-11-04T22:33:30.130-0300] {processor.py:183} INFO - Processing /Users/joaovitor/airflow_env/lib/python3.11/site-packages/airflow/example_dags/plugins/decreasing_priority_weight_strategy.py took 0.114 seconds
[2025-11-04T22:35:51.902-0300] {processor.py:161} INFO - Started process (PID=32418) to work on /Users/joaovitor/airflow_env/lib/python3.11/site-packages/airflow/example_dags/plugins/decreasing_priority_weight_strategy.py
[2025-11-04T22:35:51.904-0300] {processor.py:830} INFO - Processing file /Users/joaovitor/airflow_env/lib/python3.11/site-packages/airflow/example_dags/plugins/decreasing_priority_weight_strategy.py for tasks to queue
[2025-11-04T22:35:51.905-0300] {logging_mixin.py:188} INFO - [2025-11-04T22:35:51.904-0300] {dagbag.py:545} INFO - Filling up the DagBag from /Users/joaovitor/airflow_env/lib/python3.11/site-packages/airflow/example_dags/plugins/decreasing_priority_weight_strategy.py
[2025-11-04T22:35:51.906-0300] {processor.py:842} WARNING - No viable dags retrieved from /Users/joaovitor/airflow_env/lib/python3.11/site-packages/airflow/example_dags/plugins/decreasing_priority_weight_strategy.py
[2025-11-04T22:35:51.994-0300] {processor.py:183} INFO - Processing /Users/joaovitor/airflow_env/lib/python3.11/site-packages/airflow/example_dags/plugins/decreasing_priority_weight_strategy.py took 0.095 seconds
[2025-11-04T22:38:08.848-0300] {processor.py:161} INFO - Started process (PID=32646) to work on /Users/joaovitor/airflow_env/lib/python3.11/site-packages/airflow/example_dags/plugins/decreasing_priority_weight_strategy.py
[2025-11-04T22:38:08.851-0300] {processor.py:830} INFO - Processing file /Users/joaovitor/airflow_env/lib/python3.11/site-packages/airflow/example_dags/plugins/decreasing_priority_weight_strategy.py for tasks to queue
[2025-11-04T22:38:08.852-0300] {logging_mixin.py:188} INFO - [2025-11-04T22:38:08.851-0300] {dagbag.py:545} INFO - Filling up the DagBag from /Users/joaovitor/airflow_env/lib/python3.11/site-packages/airflow/example_dags/plugins/decreasing_priority_weight_strategy.py
[2025-11-04T22:38:08.855-0300] {processor.py:842} WARNING - No viable dags retrieved from /Users/joaovitor/airflow_env/lib/python3.11/site-packages/airflow/example_dags/plugins/decreasing_priority_weight_strategy.py
[2025-11-04T22:38:08.956-0300] {processor.py:183} INFO - Processing /Users/joaovitor/airflow_env/lib/python3.11/site-packages/airflow/example_dags/plugins/decreasing_priority_weight_strategy.py took 0.111 seconds
[2025-11-04T22:40:34.010-0300] {processor.py:161} INFO - Started process (PID=32697) to work on /Users/joaovitor/airflow_env/lib/python3.11/site-packages/airflow/example_dags/plugins/decreasing_priority_weight_strategy.py
[2025-11-04T22:40:34.012-0300] {processor.py:830} INFO - Processing file /Users/joaovitor/airflow_env/lib/python3.11/site-packages/airflow/example_dags/plugins/decreasing_priority_weight_strategy.py for tasks to queue
[2025-11-04T22:40:34.013-0300] {logging_mixin.py:188} INFO - [2025-11-04T22:40:34.012-0300] {dagbag.py:545} INFO - Filling up the DagBag from /Users/joaovitor/airflow_env/lib/python3.11/site-packages/airflow/example_dags/plugins/decreasing_priority_weight_strategy.py
[2025-11-04T22:40:34.015-0300] {processor.py:842} WARNING - No viable dags retrieved from /Users/joaovitor/airflow_env/lib/python3.11/site-packages/airflow/example_dags/plugins/decreasing_priority_weight_strategy.py
[2025-11-04T22:40:34.117-0300] {processor.py:183} INFO - Processing /Users/joaovitor/airflow_env/lib/python3.11/site-packages/airflow/example_dags/plugins/decreasing_priority_weight_strategy.py took 0.110 seconds
[2025-11-04T22:42:59.876-0300] {processor.py:161} INFO - Started process (PID=32755) to work on /Users/joaovitor/airflow_env/lib/python3.11/site-packages/airflow/example_dags/plugins/decreasing_priority_weight_strategy.py
[2025-11-04T22:42:59.878-0300] {processor.py:830} INFO - Processing file /Users/joaovitor/airflow_env/lib/python3.11/site-packages/airflow/example_dags/plugins/decreasing_priority_weight_strategy.py for tasks to queue
[2025-11-04T22:42:59.879-0300] {logging_mixin.py:188} INFO - [2025-11-04T22:42:59.879-0300] {dagbag.py:545} INFO - Filling up the DagBag from /Users/joaovitor/airflow_env/lib/python3.11/site-packages/airflow/example_dags/plugins/decreasing_priority_weight_strategy.py
[2025-11-04T22:42:59.881-0300] {processor.py:842} WARNING - No viable dags retrieved from /Users/joaovitor/airflow_env/lib/python3.11/site-packages/airflow/example_dags/plugins/decreasing_priority_weight_strategy.py
[2025-11-04T22:42:59.982-0300] {processor.py:183} INFO - Processing /Users/joaovitor/airflow_env/lib/python3.11/site-packages/airflow/example_dags/plugins/decreasing_priority_weight_strategy.py took 0.109 seconds
[2025-11-04T22:45:16.378-0300] {processor.py:161} INFO - Started process (PID=32807) to work on /Users/joaovitor/airflow_env/lib/python3.11/site-packages/airflow/example_dags/plugins/decreasing_priority_weight_strategy.py
[2025-11-04T22:45:16.379-0300] {processor.py:830} INFO - Processing file /Users/joaovitor/airflow_env/lib/python3.11/site-packages/airflow/example_dags/plugins/decreasing_priority_weight_strategy.py for tasks to queue
[2025-11-04T22:45:16.380-0300] {logging_mixin.py:188} INFO - [2025-11-04T22:45:16.380-0300] {dagbag.py:545} INFO - Filling up the DagBag from /Users/joaovitor/airflow_env/lib/python3.11/site-packages/airflow/example_dags/plugins/decreasing_priority_weight_strategy.py
[2025-11-04T22:45:16.381-0300] {processor.py:842} WARNING - No viable dags retrieved from /Users/joaovitor/airflow_env/lib/python3.11/site-packages/airflow/example_dags/plugins/decreasing_priority_weight_strategy.py
[2025-11-04T22:45:16.500-0300] {processor.py:183} INFO - Processing /Users/joaovitor/airflow_env/lib/python3.11/site-packages/airflow/example_dags/plugins/decreasing_priority_weight_strategy.py took 0.124 seconds
[2025-11-04T22:47:32.736-0300] {processor.py:161} INFO - Started process (PID=32863) to work on /Users/joaovitor/airflow_env/lib/python3.11/site-packages/airflow/example_dags/plugins/decreasing_priority_weight_strategy.py
[2025-11-04T22:47:32.737-0300] {processor.py:830} INFO - Processing file /Users/joaovitor/airflow_env/lib/python3.11/site-packages/airflow/example_dags/plugins/decreasing_priority_weight_strategy.py for tasks to queue
[2025-11-04T22:47:32.738-0300] {logging_mixin.py:188} INFO - [2025-11-04T22:47:32.738-0300] {dagbag.py:545} INFO - Filling up the DagBag from /Users/joaovitor/airflow_env/lib/python3.11/site-packages/airflow/example_dags/plugins/decreasing_priority_weight_strategy.py
[2025-11-04T22:47:32.740-0300] {processor.py:842} WARNING - No viable dags retrieved from /Users/joaovitor/airflow_env/lib/python3.11/site-packages/airflow/example_dags/plugins/decreasing_priority_weight_strategy.py
[2025-11-04T22:47:32.839-0300] {processor.py:183} INFO - Processing /Users/joaovitor/airflow_env/lib/python3.11/site-packages/airflow/example_dags/plugins/decreasing_priority_weight_strategy.py took 0.106 seconds
[2025-11-04T22:49:42.731-0300] {processor.py:161} INFO - Started process (PID=32932) to work on /Users/joaovitor/airflow_env/lib/python3.11/site-packages/airflow/example_dags/plugins/decreasing_priority_weight_strategy.py
[2025-11-04T22:49:42.734-0300] {processor.py:830} INFO - Processing file /Users/joaovitor/airflow_env/lib/python3.11/site-packages/airflow/example_dags/plugins/decreasing_priority_weight_strategy.py for tasks to queue
[2025-11-04T22:49:42.735-0300] {logging_mixin.py:188} INFO - [2025-11-04T22:49:42.735-0300] {dagbag.py:545} INFO - Filling up the DagBag from /Users/joaovitor/airflow_env/lib/python3.11/site-packages/airflow/example_dags/plugins/decreasing_priority_weight_strategy.py
[2025-11-04T22:49:42.738-0300] {processor.py:842} WARNING - No viable dags retrieved from /Users/joaovitor/airflow_env/lib/python3.11/site-packages/airflow/example_dags/plugins/decreasing_priority_weight_strategy.py
[2025-11-04T22:49:42.845-0300] {processor.py:183} INFO - Processing /Users/joaovitor/airflow_env/lib/python3.11/site-packages/airflow/example_dags/plugins/decreasing_priority_weight_strategy.py took 0.117 seconds
[2025-11-04T22:51:59.094-0300] {processor.py:161} INFO - Started process (PID=32977) to work on /Users/joaovitor/airflow_env/lib/python3.11/site-packages/airflow/example_dags/plugins/decreasing_priority_weight_strategy.py
[2025-11-04T22:51:59.098-0300] {processor.py:830} INFO - Processing file /Users/joaovitor/airflow_env/lib/python3.11/site-packages/airflow/example_dags/plugins/decreasing_priority_weight_strategy.py for tasks to queue
[2025-11-04T22:51:59.105-0300] {logging_mixin.py:188} INFO - [2025-11-04T22:51:59.105-0300] {dagbag.py:545} INFO - Filling up the DagBag from /Users/joaovitor/airflow_env/lib/python3.11/site-packages/airflow/example_dags/plugins/decreasing_priority_weight_strategy.py
[2025-11-04T22:51:59.107-0300] {processor.py:842} WARNING - No viable dags retrieved from /Users/joaovitor/airflow_env/lib/python3.11/site-packages/airflow/example_dags/plugins/decreasing_priority_weight_strategy.py
[2025-11-04T22:51:59.218-0300] {processor.py:183} INFO - Processing /Users/joaovitor/airflow_env/lib/python3.11/site-packages/airflow/example_dags/plugins/decreasing_priority_weight_strategy.py took 0.130 seconds
[2025-11-04T22:54:26.285-0300] {processor.py:161} INFO - Started process (PID=33033) to work on /Users/joaovitor/airflow_env/lib/python3.11/site-packages/airflow/example_dags/plugins/decreasing_priority_weight_strategy.py
[2025-11-04T22:54:26.287-0300] {processor.py:830} INFO - Processing file /Users/joaovitor/airflow_env/lib/python3.11/site-packages/airflow/example_dags/plugins/decreasing_priority_weight_strategy.py for tasks to queue
[2025-11-04T22:54:26.288-0300] {logging_mixin.py:188} INFO - [2025-11-04T22:54:26.288-0300] {dagbag.py:545} INFO - Filling up the DagBag from /Users/joaovitor/airflow_env/lib/python3.11/site-packages/airflow/example_dags/plugins/decreasing_priority_weight_strategy.py
[2025-11-04T22:54:26.291-0300] {processor.py:842} WARNING - No viable dags retrieved from /Users/joaovitor/airflow_env/lib/python3.11/site-packages/airflow/example_dags/plugins/decreasing_priority_weight_strategy.py
[2025-11-04T22:54:26.395-0300] {processor.py:183} INFO - Processing /Users/joaovitor/airflow_env/lib/python3.11/site-packages/airflow/example_dags/plugins/decreasing_priority_weight_strategy.py took 0.113 seconds
[2025-11-04T22:56:38.631-0300] {processor.py:161} INFO - Started process (PID=33076) to work on /Users/joaovitor/airflow_env/lib/python3.11/site-packages/airflow/example_dags/plugins/decreasing_priority_weight_strategy.py
[2025-11-04T22:56:38.632-0300] {processor.py:830} INFO - Processing file /Users/joaovitor/airflow_env/lib/python3.11/site-packages/airflow/example_dags/plugins/decreasing_priority_weight_strategy.py for tasks to queue
[2025-11-04T22:56:38.632-0300] {logging_mixin.py:188} INFO - [2025-11-04T22:56:38.632-0300] {dagbag.py:545} INFO - Filling up the DagBag from /Users/joaovitor/airflow_env/lib/python3.11/site-packages/airflow/example_dags/plugins/decreasing_priority_weight_strategy.py
[2025-11-04T22:56:38.633-0300] {processor.py:842} WARNING - No viable dags retrieved from /Users/joaovitor/airflow_env/lib/python3.11/site-packages/airflow/example_dags/plugins/decreasing_priority_weight_strategy.py
[2025-11-04T22:56:38.735-0300] {processor.py:183} INFO - Processing /Users/joaovitor/airflow_env/lib/python3.11/site-packages/airflow/example_dags/plugins/decreasing_priority_weight_strategy.py took 0.108 seconds
[2025-11-04T22:58:50.466-0300] {processor.py:161} INFO - Started process (PID=33118) to work on /Users/joaovitor/airflow_env/lib/python3.11/site-packages/airflow/example_dags/plugins/decreasing_priority_weight_strategy.py
[2025-11-04T22:58:50.467-0300] {processor.py:830} INFO - Processing file /Users/joaovitor/airflow_env/lib/python3.11/site-packages/airflow/example_dags/plugins/decreasing_priority_weight_strategy.py for tasks to queue
[2025-11-04T22:58:50.468-0300] {logging_mixin.py:188} INFO - [2025-11-04T22:58:50.467-0300] {dagbag.py:545} INFO - Filling up the DagBag from /Users/joaovitor/airflow_env/lib/python3.11/site-packages/airflow/example_dags/plugins/decreasing_priority_weight_strategy.py
[2025-11-04T22:58:50.470-0300] {processor.py:842} WARNING - No viable dags retrieved from /Users/joaovitor/airflow_env/lib/python3.11/site-packages/airflow/example_dags/plugins/decreasing_priority_weight_strategy.py
[2025-11-04T22:58:50.571-0300] {processor.py:183} INFO - Processing /Users/joaovitor/airflow_env/lib/python3.11/site-packages/airflow/example_dags/plugins/decreasing_priority_weight_strategy.py took 0.107 seconds
[2025-11-04T23:01:16.765-0300] {processor.py:161} INFO - Started process (PID=33167) to work on /Users/joaovitor/airflow_env/lib/python3.11/site-packages/airflow/example_dags/plugins/decreasing_priority_weight_strategy.py
[2025-11-04T23:01:16.767-0300] {processor.py:830} INFO - Processing file /Users/joaovitor/airflow_env/lib/python3.11/site-packages/airflow/example_dags/plugins/decreasing_priority_weight_strategy.py for tasks to queue
[2025-11-04T23:01:16.768-0300] {logging_mixin.py:188} INFO - [2025-11-04T23:01:16.768-0300] {dagbag.py:545} INFO - Filling up the DagBag from /Users/joaovitor/airflow_env/lib/python3.11/site-packages/airflow/example_dags/plugins/decreasing_priority_weight_strategy.py
[2025-11-04T23:01:16.769-0300] {processor.py:842} WARNING - No viable dags retrieved from /Users/joaovitor/airflow_env/lib/python3.11/site-packages/airflow/example_dags/plugins/decreasing_priority_weight_strategy.py
[2025-11-04T23:01:16.863-0300] {processor.py:183} INFO - Processing /Users/joaovitor/airflow_env/lib/python3.11/site-packages/airflow/example_dags/plugins/decreasing_priority_weight_strategy.py took 0.101 seconds
[2025-11-04T23:03:37.848-0300] {processor.py:161} INFO - Started process (PID=33211) to work on /Users/joaovitor/airflow_env/lib/python3.11/site-packages/airflow/example_dags/plugins/decreasing_priority_weight_strategy.py
[2025-11-04T23:03:37.850-0300] {processor.py:830} INFO - Processing file /Users/joaovitor/airflow_env/lib/python3.11/site-packages/airflow/example_dags/plugins/decreasing_priority_weight_strategy.py for tasks to queue
[2025-11-04T23:03:37.851-0300] {logging_mixin.py:188} INFO - [2025-11-04T23:03:37.851-0300] {dagbag.py:545} INFO - Filling up the DagBag from /Users/joaovitor/airflow_env/lib/python3.11/site-packages/airflow/example_dags/plugins/decreasing_priority_weight_strategy.py
[2025-11-04T23:03:37.854-0300] {processor.py:842} WARNING - No viable dags retrieved from /Users/joaovitor/airflow_env/lib/python3.11/site-packages/airflow/example_dags/plugins/decreasing_priority_weight_strategy.py
[2025-11-04T23:03:37.946-0300] {processor.py:183} INFO - Processing /Users/joaovitor/airflow_env/lib/python3.11/site-packages/airflow/example_dags/plugins/decreasing_priority_weight_strategy.py took 0.101 seconds
