[2025-11-04T21:45:39.861-0300] {processor.py:161} INFO - Started process (PID=31039) to work on /Users/joaovitor/airflow_env/lib/python3.11/site-packages/airflow/example_dags/plugins/event_listener.py
[2025-11-04T21:45:39.861-0300] {processor.py:830} INFO - Processing file /Users/joaovitor/airflow_env/lib/python3.11/site-packages/airflow/example_dags/plugins/event_listener.py for tasks to queue
[2025-11-04T21:45:39.862-0300] {logging_mixin.py:188} INFO - [2025-11-04T21:45:39.862-0300] {dagbag.py:545} INFO - Filling up the DagBag from /Users/joaovitor/airflow_env/lib/python3.11/site-packages/airflow/example_dags/plugins/event_listener.py
[2025-11-04T21:45:39.863-0300] {processor.py:842} WARNING - No viable dags retrieved from /Users/joaovitor/airflow_env/lib/python3.11/site-packages/airflow/example_dags/plugins/event_listener.py
[2025-11-04T21:45:39.950-0300] {processor.py:183} INFO - Processing /Users/joaovitor/airflow_env/lib/python3.11/site-packages/airflow/example_dags/plugins/event_listener.py took 0.092 seconds
[2025-11-04T21:48:39.688-0300] {processor.py:161} INFO - Started process (PID=31145) to work on /Users/joaovitor/airflow_env/lib/python3.11/site-packages/airflow/example_dags/plugins/event_listener.py
[2025-11-04T21:48:39.691-0300] {processor.py:830} INFO - Processing file /Users/joaovitor/airflow_env/lib/python3.11/site-packages/airflow/example_dags/plugins/event_listener.py for tasks to queue
[2025-11-04T21:48:39.692-0300] {logging_mixin.py:188} INFO - [2025-11-04T21:48:39.692-0300] {dagbag.py:545} INFO - Filling up the DagBag from /Users/joaovitor/airflow_env/lib/python3.11/site-packages/airflow/example_dags/plugins/event_listener.py
[2025-11-04T21:48:39.693-0300] {processor.py:842} WARNING - No viable dags retrieved from /Users/joaovitor/airflow_env/lib/python3.11/site-packages/airflow/example_dags/plugins/event_listener.py
[2025-11-04T21:48:39.804-0300] {processor.py:183} INFO - Processing /Users/joaovitor/airflow_env/lib/python3.11/site-packages/airflow/example_dags/plugins/event_listener.py took 0.118 seconds
[2025-11-04T21:51:06.122-0300] {processor.py:161} INFO - Started process (PID=31215) to work on /Users/joaovitor/airflow_env/lib/python3.11/site-packages/airflow/example_dags/plugins/event_listener.py
[2025-11-04T21:51:06.126-0300] {processor.py:830} INFO - Processing file /Users/joaovitor/airflow_env/lib/python3.11/site-packages/airflow/example_dags/plugins/event_listener.py for tasks to queue
[2025-11-04T21:51:06.127-0300] {logging_mixin.py:188} INFO - [2025-11-04T21:51:06.126-0300] {dagbag.py:545} INFO - Filling up the DagBag from /Users/joaovitor/airflow_env/lib/python3.11/site-packages/airflow/example_dags/plugins/event_listener.py
[2025-11-04T21:51:06.128-0300] {processor.py:842} WARNING - No viable dags retrieved from /Users/joaovitor/airflow_env/lib/python3.11/site-packages/airflow/example_dags/plugins/event_listener.py
[2025-11-04T21:51:06.226-0300] {processor.py:183} INFO - Processing /Users/joaovitor/airflow_env/lib/python3.11/site-packages/airflow/example_dags/plugins/event_listener.py took 0.107 seconds
[2025-11-04T21:53:00.876-0300] {processor.py:161} INFO - Started process (PID=31257) to work on /Users/joaovitor/airflow_env/lib/python3.11/site-packages/airflow/example_dags/plugins/event_listener.py
[2025-11-04T21:53:00.877-0300] {processor.py:830} INFO - Processing file /Users/joaovitor/airflow_env/lib/python3.11/site-packages/airflow/example_dags/plugins/event_listener.py for tasks to queue
[2025-11-04T21:53:00.878-0300] {logging_mixin.py:188} INFO - [2025-11-04T21:53:00.878-0300] {dagbag.py:545} INFO - Filling up the DagBag from /Users/joaovitor/airflow_env/lib/python3.11/site-packages/airflow/example_dags/plugins/event_listener.py
[2025-11-04T21:53:00.879-0300] {processor.py:842} WARNING - No viable dags retrieved from /Users/joaovitor/airflow_env/lib/python3.11/site-packages/airflow/example_dags/plugins/event_listener.py
[2025-11-04T21:53:00.967-0300] {processor.py:183} INFO - Processing /Users/joaovitor/airflow_env/lib/python3.11/site-packages/airflow/example_dags/plugins/event_listener.py took 0.093 seconds
[2025-11-04T21:54:54.555-0300] {processor.py:161} INFO - Started process (PID=31298) to work on /Users/joaovitor/airflow_env/lib/python3.11/site-packages/airflow/example_dags/plugins/event_listener.py
[2025-11-04T21:54:54.556-0300] {processor.py:830} INFO - Processing file /Users/joaovitor/airflow_env/lib/python3.11/site-packages/airflow/example_dags/plugins/event_listener.py for tasks to queue
[2025-11-04T21:54:54.557-0300] {logging_mixin.py:188} INFO - [2025-11-04T21:54:54.557-0300] {dagbag.py:545} INFO - Filling up the DagBag from /Users/joaovitor/airflow_env/lib/python3.11/site-packages/airflow/example_dags/plugins/event_listener.py
[2025-11-04T21:54:54.558-0300] {processor.py:842} WARNING - No viable dags retrieved from /Users/joaovitor/airflow_env/lib/python3.11/site-packages/airflow/example_dags/plugins/event_listener.py
[2025-11-04T21:54:54.654-0300] {processor.py:183} INFO - Processing /Users/joaovitor/airflow_env/lib/python3.11/site-packages/airflow/example_dags/plugins/event_listener.py took 0.101 seconds
[2025-11-04T21:56:44.980-0300] {processor.py:161} INFO - Started process (PID=31339) to work on /Users/joaovitor/airflow_env/lib/python3.11/site-packages/airflow/example_dags/plugins/event_listener.py
[2025-11-04T21:56:44.981-0300] {processor.py:830} INFO - Processing file /Users/joaovitor/airflow_env/lib/python3.11/site-packages/airflow/example_dags/plugins/event_listener.py for tasks to queue
[2025-11-04T21:56:44.982-0300] {logging_mixin.py:188} INFO - [2025-11-04T21:56:44.982-0300] {dagbag.py:545} INFO - Filling up the DagBag from /Users/joaovitor/airflow_env/lib/python3.11/site-packages/airflow/example_dags/plugins/event_listener.py
[2025-11-04T21:56:44.983-0300] {processor.py:842} WARNING - No viable dags retrieved from /Users/joaovitor/airflow_env/lib/python3.11/site-packages/airflow/example_dags/plugins/event_listener.py
[2025-11-04T21:56:45.083-0300] {processor.py:183} INFO - Processing /Users/joaovitor/airflow_env/lib/python3.11/site-packages/airflow/example_dags/plugins/event_listener.py took 0.106 seconds
[2025-11-04T21:58:36.307-0300] {processor.py:161} INFO - Started process (PID=31378) to work on /Users/joaovitor/airflow_env/lib/python3.11/site-packages/airflow/example_dags/plugins/event_listener.py
[2025-11-04T21:58:36.308-0300] {processor.py:830} INFO - Processing file /Users/joaovitor/airflow_env/lib/python3.11/site-packages/airflow/example_dags/plugins/event_listener.py for tasks to queue
[2025-11-04T21:58:36.308-0300] {logging_mixin.py:188} INFO - [2025-11-04T21:58:36.308-0300] {dagbag.py:545} INFO - Filling up the DagBag from /Users/joaovitor/airflow_env/lib/python3.11/site-packages/airflow/example_dags/plugins/event_listener.py
[2025-11-04T21:58:36.309-0300] {processor.py:842} WARNING - No viable dags retrieved from /Users/joaovitor/airflow_env/lib/python3.11/site-packages/airflow/example_dags/plugins/event_listener.py
[2025-11-04T21:58:36.406-0300] {processor.py:183} INFO - Processing /Users/joaovitor/airflow_env/lib/python3.11/site-packages/airflow/example_dags/plugins/event_listener.py took 0.102 seconds
[2025-11-04T22:00:29.169-0300] {processor.py:161} INFO - Started process (PID=31418) to work on /Users/joaovitor/airflow_env/lib/python3.11/site-packages/airflow/example_dags/plugins/event_listener.py
[2025-11-04T22:00:29.170-0300] {processor.py:830} INFO - Processing file /Users/joaovitor/airflow_env/lib/python3.11/site-packages/airflow/example_dags/plugins/event_listener.py for tasks to queue
[2025-11-04T22:00:29.171-0300] {logging_mixin.py:188} INFO - [2025-11-04T22:00:29.170-0300] {dagbag.py:545} INFO - Filling up the DagBag from /Users/joaovitor/airflow_env/lib/python3.11/site-packages/airflow/example_dags/plugins/event_listener.py
[2025-11-04T22:00:29.172-0300] {processor.py:842} WARNING - No viable dags retrieved from /Users/joaovitor/airflow_env/lib/python3.11/site-packages/airflow/example_dags/plugins/event_listener.py
[2025-11-04T22:00:29.270-0300] {processor.py:183} INFO - Processing /Users/joaovitor/airflow_env/lib/python3.11/site-packages/airflow/example_dags/plugins/event_listener.py took 0.104 seconds
[2025-11-04T22:06:06.277-0300] {processor.py:161} INFO - Started process (PID=31475) to work on /Users/joaovitor/airflow_env/lib/python3.11/site-packages/airflow/example_dags/plugins/event_listener.py
[2025-11-04T22:06:06.278-0300] {processor.py:830} INFO - Processing file /Users/joaovitor/airflow_env/lib/python3.11/site-packages/airflow/example_dags/plugins/event_listener.py for tasks to queue
[2025-11-04T22:06:06.279-0300] {logging_mixin.py:188} INFO - [2025-11-04T22:06:06.279-0300] {dagbag.py:545} INFO - Filling up the DagBag from /Users/joaovitor/airflow_env/lib/python3.11/site-packages/airflow/example_dags/plugins/event_listener.py
[2025-11-04T22:06:06.280-0300] {processor.py:842} WARNING - No viable dags retrieved from /Users/joaovitor/airflow_env/lib/python3.11/site-packages/airflow/example_dags/plugins/event_listener.py
[2025-11-04T22:06:06.365-0300] {processor.py:183} INFO - Processing /Users/joaovitor/airflow_env/lib/python3.11/site-packages/airflow/example_dags/plugins/event_listener.py took 0.090 seconds
[2025-11-04T22:08:01.686-0300] {processor.py:161} INFO - Started process (PID=31535) to work on /Users/joaovitor/airflow_env/lib/python3.11/site-packages/airflow/example_dags/plugins/event_listener.py
[2025-11-04T22:08:01.687-0300] {processor.py:830} INFO - Processing file /Users/joaovitor/airflow_env/lib/python3.11/site-packages/airflow/example_dags/plugins/event_listener.py for tasks to queue
[2025-11-04T22:08:01.687-0300] {logging_mixin.py:188} INFO - [2025-11-04T22:08:01.687-0300] {dagbag.py:545} INFO - Filling up the DagBag from /Users/joaovitor/airflow_env/lib/python3.11/site-packages/airflow/example_dags/plugins/event_listener.py
[2025-11-04T22:08:01.689-0300] {processor.py:842} WARNING - No viable dags retrieved from /Users/joaovitor/airflow_env/lib/python3.11/site-packages/airflow/example_dags/plugins/event_listener.py
[2025-11-04T22:08:01.776-0300] {processor.py:183} INFO - Processing /Users/joaovitor/airflow_env/lib/python3.11/site-packages/airflow/example_dags/plugins/event_listener.py took 0.094 seconds
[2025-11-04T22:09:54.196-0300] {processor.py:161} INFO - Started process (PID=31575) to work on /Users/joaovitor/airflow_env/lib/python3.11/site-packages/airflow/example_dags/plugins/event_listener.py
[2025-11-04T22:09:54.197-0300] {processor.py:830} INFO - Processing file /Users/joaovitor/airflow_env/lib/python3.11/site-packages/airflow/example_dags/plugins/event_listener.py for tasks to queue
[2025-11-04T22:09:54.198-0300] {logging_mixin.py:188} INFO - [2025-11-04T22:09:54.198-0300] {dagbag.py:545} INFO - Filling up the DagBag from /Users/joaovitor/airflow_env/lib/python3.11/site-packages/airflow/example_dags/plugins/event_listener.py
[2025-11-04T22:09:54.199-0300] {processor.py:842} WARNING - No viable dags retrieved from /Users/joaovitor/airflow_env/lib/python3.11/site-packages/airflow/example_dags/plugins/event_listener.py
[2025-11-04T22:09:54.290-0300] {processor.py:183} INFO - Processing /Users/joaovitor/airflow_env/lib/python3.11/site-packages/airflow/example_dags/plugins/event_listener.py took 0.097 seconds
[2025-11-04T22:11:51.803-0300] {processor.py:161} INFO - Started process (PID=31627) to work on /Users/joaovitor/airflow_env/lib/python3.11/site-packages/airflow/example_dags/plugins/event_listener.py
[2025-11-04T22:11:51.804-0300] {processor.py:830} INFO - Processing file /Users/joaovitor/airflow_env/lib/python3.11/site-packages/airflow/example_dags/plugins/event_listener.py for tasks to queue
[2025-11-04T22:11:51.805-0300] {logging_mixin.py:188} INFO - [2025-11-04T22:11:51.804-0300] {dagbag.py:545} INFO - Filling up the DagBag from /Users/joaovitor/airflow_env/lib/python3.11/site-packages/airflow/example_dags/plugins/event_listener.py
[2025-11-04T22:11:51.807-0300] {processor.py:842} WARNING - No viable dags retrieved from /Users/joaovitor/airflow_env/lib/python3.11/site-packages/airflow/example_dags/plugins/event_listener.py
[2025-11-04T22:11:51.914-0300] {processor.py:183} INFO - Processing /Users/joaovitor/airflow_env/lib/python3.11/site-packages/airflow/example_dags/plugins/event_listener.py took 0.115 seconds
[2025-11-04T22:13:54.340-0300] {processor.py:161} INFO - Started process (PID=31678) to work on /Users/joaovitor/airflow_env/lib/python3.11/site-packages/airflow/example_dags/plugins/event_listener.py
[2025-11-04T22:13:54.341-0300] {processor.py:830} INFO - Processing file /Users/joaovitor/airflow_env/lib/python3.11/site-packages/airflow/example_dags/plugins/event_listener.py for tasks to queue
[2025-11-04T22:13:54.342-0300] {logging_mixin.py:188} INFO - [2025-11-04T22:13:54.341-0300] {dagbag.py:545} INFO - Filling up the DagBag from /Users/joaovitor/airflow_env/lib/python3.11/site-packages/airflow/example_dags/plugins/event_listener.py
[2025-11-04T22:13:54.343-0300] {processor.py:842} WARNING - No viable dags retrieved from /Users/joaovitor/airflow_env/lib/python3.11/site-packages/airflow/example_dags/plugins/event_listener.py
[2025-11-04T22:13:54.437-0300] {processor.py:183} INFO - Processing /Users/joaovitor/airflow_env/lib/python3.11/site-packages/airflow/example_dags/plugins/event_listener.py took 0.101 seconds
[2025-11-04T22:16:05.374-0300] {processor.py:161} INFO - Started process (PID=31736) to work on /Users/joaovitor/airflow_env/lib/python3.11/site-packages/airflow/example_dags/plugins/event_listener.py
[2025-11-04T22:16:05.375-0300] {processor.py:830} INFO - Processing file /Users/joaovitor/airflow_env/lib/python3.11/site-packages/airflow/example_dags/plugins/event_listener.py for tasks to queue
[2025-11-04T22:16:05.375-0300] {logging_mixin.py:188} INFO - [2025-11-04T22:16:05.375-0300] {dagbag.py:545} INFO - Filling up the DagBag from /Users/joaovitor/airflow_env/lib/python3.11/site-packages/airflow/example_dags/plugins/event_listener.py
[2025-11-04T22:16:05.377-0300] {processor.py:842} WARNING - No viable dags retrieved from /Users/joaovitor/airflow_env/lib/python3.11/site-packages/airflow/example_dags/plugins/event_listener.py
[2025-11-04T22:16:05.464-0300] {processor.py:183} INFO - Processing /Users/joaovitor/airflow_env/lib/python3.11/site-packages/airflow/example_dags/plugins/event_listener.py took 0.093 seconds
[2025-11-04T22:17:58.568-0300] {processor.py:161} INFO - Started process (PID=31776) to work on /Users/joaovitor/airflow_env/lib/python3.11/site-packages/airflow/example_dags/plugins/event_listener.py
[2025-11-04T22:17:58.569-0300] {processor.py:830} INFO - Processing file /Users/joaovitor/airflow_env/lib/python3.11/site-packages/airflow/example_dags/plugins/event_listener.py for tasks to queue
[2025-11-04T22:17:58.570-0300] {logging_mixin.py:188} INFO - [2025-11-04T22:17:58.570-0300] {dagbag.py:545} INFO - Filling up the DagBag from /Users/joaovitor/airflow_env/lib/python3.11/site-packages/airflow/example_dags/plugins/event_listener.py
[2025-11-04T22:17:58.571-0300] {processor.py:842} WARNING - No viable dags retrieved from /Users/joaovitor/airflow_env/lib/python3.11/site-packages/airflow/example_dags/plugins/event_listener.py
[2025-11-04T22:17:58.662-0300] {processor.py:183} INFO - Processing /Users/joaovitor/airflow_env/lib/python3.11/site-packages/airflow/example_dags/plugins/event_listener.py took 0.099 seconds
[2025-11-04T22:20:02.635-0300] {processor.py:161} INFO - Started process (PID=31824) to work on /Users/joaovitor/airflow_env/lib/python3.11/site-packages/airflow/example_dags/plugins/event_listener.py
[2025-11-04T22:20:02.637-0300] {processor.py:830} INFO - Processing file /Users/joaovitor/airflow_env/lib/python3.11/site-packages/airflow/example_dags/plugins/event_listener.py for tasks to queue
[2025-11-04T22:20:02.638-0300] {logging_mixin.py:188} INFO - [2025-11-04T22:20:02.637-0300] {dagbag.py:545} INFO - Filling up the DagBag from /Users/joaovitor/airflow_env/lib/python3.11/site-packages/airflow/example_dags/plugins/event_listener.py
[2025-11-04T22:20:02.639-0300] {processor.py:842} WARNING - No viable dags retrieved from /Users/joaovitor/airflow_env/lib/python3.11/site-packages/airflow/example_dags/plugins/event_listener.py
[2025-11-04T22:20:02.732-0300] {processor.py:183} INFO - Processing /Users/joaovitor/airflow_env/lib/python3.11/site-packages/airflow/example_dags/plugins/event_listener.py took 0.100 seconds
[2025-11-04T22:22:07.685-0300] {processor.py:161} INFO - Started process (PID=31923) to work on /Users/joaovitor/airflow_env/lib/python3.11/site-packages/airflow/example_dags/plugins/event_listener.py
[2025-11-04T22:22:07.688-0300] {processor.py:830} INFO - Processing file /Users/joaovitor/airflow_env/lib/python3.11/site-packages/airflow/example_dags/plugins/event_listener.py for tasks to queue
[2025-11-04T22:22:07.690-0300] {logging_mixin.py:188} INFO - [2025-11-04T22:22:07.689-0300] {dagbag.py:545} INFO - Filling up the DagBag from /Users/joaovitor/airflow_env/lib/python3.11/site-packages/airflow/example_dags/plugins/event_listener.py
[2025-11-04T22:22:07.691-0300] {processor.py:842} WARNING - No viable dags retrieved from /Users/joaovitor/airflow_env/lib/python3.11/site-packages/airflow/example_dags/plugins/event_listener.py
[2025-11-04T22:22:07.794-0300] {processor.py:183} INFO - Processing /Users/joaovitor/airflow_env/lib/python3.11/site-packages/airflow/example_dags/plugins/event_listener.py took 0.112 seconds
[2025-11-04T22:24:14.146-0300] {processor.py:161} INFO - Started process (PID=31964) to work on /Users/joaovitor/airflow_env/lib/python3.11/site-packages/airflow/example_dags/plugins/event_listener.py
[2025-11-04T22:24:14.147-0300] {processor.py:830} INFO - Processing file /Users/joaovitor/airflow_env/lib/python3.11/site-packages/airflow/example_dags/plugins/event_listener.py for tasks to queue
[2025-11-04T22:24:14.148-0300] {logging_mixin.py:188} INFO - [2025-11-04T22:24:14.147-0300] {dagbag.py:545} INFO - Filling up the DagBag from /Users/joaovitor/airflow_env/lib/python3.11/site-packages/airflow/example_dags/plugins/event_listener.py
[2025-11-04T22:24:14.150-0300] {processor.py:842} WARNING - No viable dags retrieved from /Users/joaovitor/airflow_env/lib/python3.11/site-packages/airflow/example_dags/plugins/event_listener.py
[2025-11-04T22:24:14.248-0300] {processor.py:183} INFO - Processing /Users/joaovitor/airflow_env/lib/python3.11/site-packages/airflow/example_dags/plugins/event_listener.py took 0.105 seconds
[2025-11-04T22:26:22.077-0300] {processor.py:161} INFO - Started process (PID=32006) to work on /Users/joaovitor/airflow_env/lib/python3.11/site-packages/airflow/example_dags/plugins/event_listener.py
[2025-11-04T22:26:22.079-0300] {processor.py:830} INFO - Processing file /Users/joaovitor/airflow_env/lib/python3.11/site-packages/airflow/example_dags/plugins/event_listener.py for tasks to queue
[2025-11-04T22:26:22.079-0300] {logging_mixin.py:188} INFO - [2025-11-04T22:26:22.079-0300] {dagbag.py:545} INFO - Filling up the DagBag from /Users/joaovitor/airflow_env/lib/python3.11/site-packages/airflow/example_dags/plugins/event_listener.py
[2025-11-04T22:26:22.080-0300] {processor.py:842} WARNING - No viable dags retrieved from /Users/joaovitor/airflow_env/lib/python3.11/site-packages/airflow/example_dags/plugins/event_listener.py
[2025-11-04T22:26:22.185-0300] {processor.py:183} INFO - Processing /Users/joaovitor/airflow_env/lib/python3.11/site-packages/airflow/example_dags/plugins/event_listener.py took 0.111 seconds
[2025-11-04T22:28:30.476-0300] {processor.py:161} INFO - Started process (PID=32048) to work on /Users/joaovitor/airflow_env/lib/python3.11/site-packages/airflow/example_dags/plugins/event_listener.py
[2025-11-04T22:28:30.477-0300] {processor.py:830} INFO - Processing file /Users/joaovitor/airflow_env/lib/python3.11/site-packages/airflow/example_dags/plugins/event_listener.py for tasks to queue
[2025-11-04T22:28:30.478-0300] {logging_mixin.py:188} INFO - [2025-11-04T22:28:30.478-0300] {dagbag.py:545} INFO - Filling up the DagBag from /Users/joaovitor/airflow_env/lib/python3.11/site-packages/airflow/example_dags/plugins/event_listener.py
[2025-11-04T22:28:30.479-0300] {processor.py:842} WARNING - No viable dags retrieved from /Users/joaovitor/airflow_env/lib/python3.11/site-packages/airflow/example_dags/plugins/event_listener.py
[2025-11-04T22:28:30.579-0300] {processor.py:183} INFO - Processing /Users/joaovitor/airflow_env/lib/python3.11/site-packages/airflow/example_dags/plugins/event_listener.py took 0.107 seconds
[2025-11-04T22:30:52.708-0300] {processor.py:161} INFO - Started process (PID=32137) to work on /Users/joaovitor/airflow_env/lib/python3.11/site-packages/airflow/example_dags/plugins/event_listener.py
[2025-11-04T22:30:52.711-0300] {processor.py:830} INFO - Processing file /Users/joaovitor/airflow_env/lib/python3.11/site-packages/airflow/example_dags/plugins/event_listener.py for tasks to queue
[2025-11-04T22:30:52.712-0300] {logging_mixin.py:188} INFO - [2025-11-04T22:30:52.712-0300] {dagbag.py:545} INFO - Filling up the DagBag from /Users/joaovitor/airflow_env/lib/python3.11/site-packages/airflow/example_dags/plugins/event_listener.py
[2025-11-04T22:30:52.714-0300] {processor.py:842} WARNING - No viable dags retrieved from /Users/joaovitor/airflow_env/lib/python3.11/site-packages/airflow/example_dags/plugins/event_listener.py
[2025-11-04T22:30:52.879-0300] {processor.py:183} INFO - Processing /Users/joaovitor/airflow_env/lib/python3.11/site-packages/airflow/example_dags/plugins/event_listener.py took 0.177 seconds
[2025-11-04T22:33:27.739-0300] {processor.py:161} INFO - Started process (PID=32239) to work on /Users/joaovitor/airflow_env/lib/python3.11/site-packages/airflow/example_dags/plugins/event_listener.py
[2025-11-04T22:33:27.742-0300] {processor.py:830} INFO - Processing file /Users/joaovitor/airflow_env/lib/python3.11/site-packages/airflow/example_dags/plugins/event_listener.py for tasks to queue
[2025-11-04T22:33:27.743-0300] {logging_mixin.py:188} INFO - [2025-11-04T22:33:27.742-0300] {dagbag.py:545} INFO - Filling up the DagBag from /Users/joaovitor/airflow_env/lib/python3.11/site-packages/airflow/example_dags/plugins/event_listener.py
[2025-11-04T22:33:27.744-0300] {processor.py:842} WARNING - No viable dags retrieved from /Users/joaovitor/airflow_env/lib/python3.11/site-packages/airflow/example_dags/plugins/event_listener.py
[2025-11-04T22:33:27.849-0300] {processor.py:183} INFO - Processing /Users/joaovitor/airflow_env/lib/python3.11/site-packages/airflow/example_dags/plugins/event_listener.py took 0.112 seconds
[2025-11-04T22:35:49.949-0300] {processor.py:161} INFO - Started process (PID=32417) to work on /Users/joaovitor/airflow_env/lib/python3.11/site-packages/airflow/example_dags/plugins/event_listener.py
[2025-11-04T22:35:49.951-0300] {processor.py:830} INFO - Processing file /Users/joaovitor/airflow_env/lib/python3.11/site-packages/airflow/example_dags/plugins/event_listener.py for tasks to queue
[2025-11-04T22:35:49.952-0300] {logging_mixin.py:188} INFO - [2025-11-04T22:35:49.952-0300] {dagbag.py:545} INFO - Filling up the DagBag from /Users/joaovitor/airflow_env/lib/python3.11/site-packages/airflow/example_dags/plugins/event_listener.py
[2025-11-04T22:35:49.953-0300] {processor.py:842} WARNING - No viable dags retrieved from /Users/joaovitor/airflow_env/lib/python3.11/site-packages/airflow/example_dags/plugins/event_listener.py
[2025-11-04T22:35:50.045-0300] {processor.py:183} INFO - Processing /Users/joaovitor/airflow_env/lib/python3.11/site-packages/airflow/example_dags/plugins/event_listener.py took 0.099 seconds
[2025-11-04T22:38:05.414-0300] {processor.py:161} INFO - Started process (PID=32645) to work on /Users/joaovitor/airflow_env/lib/python3.11/site-packages/airflow/example_dags/plugins/event_listener.py
[2025-11-04T22:38:05.417-0300] {processor.py:830} INFO - Processing file /Users/joaovitor/airflow_env/lib/python3.11/site-packages/airflow/example_dags/plugins/event_listener.py for tasks to queue
[2025-11-04T22:38:05.418-0300] {logging_mixin.py:188} INFO - [2025-11-04T22:38:05.417-0300] {dagbag.py:545} INFO - Filling up the DagBag from /Users/joaovitor/airflow_env/lib/python3.11/site-packages/airflow/example_dags/plugins/event_listener.py
[2025-11-04T22:38:05.420-0300] {processor.py:842} WARNING - No viable dags retrieved from /Users/joaovitor/airflow_env/lib/python3.11/site-packages/airflow/example_dags/plugins/event_listener.py
[2025-11-04T22:38:05.523-0300] {processor.py:183} INFO - Processing /Users/joaovitor/airflow_env/lib/python3.11/site-packages/airflow/example_dags/plugins/event_listener.py took 0.112 seconds
[2025-11-04T22:40:30.970-0300] {processor.py:161} INFO - Started process (PID=32696) to work on /Users/joaovitor/airflow_env/lib/python3.11/site-packages/airflow/example_dags/plugins/event_listener.py
[2025-11-04T22:40:30.973-0300] {processor.py:830} INFO - Processing file /Users/joaovitor/airflow_env/lib/python3.11/site-packages/airflow/example_dags/plugins/event_listener.py for tasks to queue
[2025-11-04T22:40:30.974-0300] {logging_mixin.py:188} INFO - [2025-11-04T22:40:30.973-0300] {dagbag.py:545} INFO - Filling up the DagBag from /Users/joaovitor/airflow_env/lib/python3.11/site-packages/airflow/example_dags/plugins/event_listener.py
[2025-11-04T22:40:30.975-0300] {processor.py:842} WARNING - No viable dags retrieved from /Users/joaovitor/airflow_env/lib/python3.11/site-packages/airflow/example_dags/plugins/event_listener.py
[2025-11-04T22:40:31.079-0300] {processor.py:183} INFO - Processing /Users/joaovitor/airflow_env/lib/python3.11/site-packages/airflow/example_dags/plugins/event_listener.py took 0.112 seconds
[2025-11-04T22:42:56.831-0300] {processor.py:161} INFO - Started process (PID=32754) to work on /Users/joaovitor/airflow_env/lib/python3.11/site-packages/airflow/example_dags/plugins/event_listener.py
[2025-11-04T22:42:56.833-0300] {processor.py:830} INFO - Processing file /Users/joaovitor/airflow_env/lib/python3.11/site-packages/airflow/example_dags/plugins/event_listener.py for tasks to queue
[2025-11-04T22:42:56.834-0300] {logging_mixin.py:188} INFO - [2025-11-04T22:42:56.834-0300] {dagbag.py:545} INFO - Filling up the DagBag from /Users/joaovitor/airflow_env/lib/python3.11/site-packages/airflow/example_dags/plugins/event_listener.py
[2025-11-04T22:42:56.836-0300] {processor.py:842} WARNING - No viable dags retrieved from /Users/joaovitor/airflow_env/lib/python3.11/site-packages/airflow/example_dags/plugins/event_listener.py
[2025-11-04T22:42:56.936-0300] {processor.py:183} INFO - Processing /Users/joaovitor/airflow_env/lib/python3.11/site-packages/airflow/example_dags/plugins/event_listener.py took 0.107 seconds
[2025-11-04T22:45:12.671-0300] {processor.py:161} INFO - Started process (PID=32806) to work on /Users/joaovitor/airflow_env/lib/python3.11/site-packages/airflow/example_dags/plugins/event_listener.py
[2025-11-04T22:45:12.678-0300] {processor.py:830} INFO - Processing file /Users/joaovitor/airflow_env/lib/python3.11/site-packages/airflow/example_dags/plugins/event_listener.py for tasks to queue
[2025-11-04T22:45:12.679-0300] {logging_mixin.py:188} INFO - [2025-11-04T22:45:12.679-0300] {dagbag.py:545} INFO - Filling up the DagBag from /Users/joaovitor/airflow_env/lib/python3.11/site-packages/airflow/example_dags/plugins/event_listener.py
[2025-11-04T22:45:12.680-0300] {processor.py:842} WARNING - No viable dags retrieved from /Users/joaovitor/airflow_env/lib/python3.11/site-packages/airflow/example_dags/plugins/event_listener.py
[2025-11-04T22:45:12.861-0300] {processor.py:183} INFO - Processing /Users/joaovitor/airflow_env/lib/python3.11/site-packages/airflow/example_dags/plugins/event_listener.py took 0.200 seconds
[2025-11-04T22:47:29.557-0300] {processor.py:161} INFO - Started process (PID=32862) to work on /Users/joaovitor/airflow_env/lib/python3.11/site-packages/airflow/example_dags/plugins/event_listener.py
[2025-11-04T22:47:29.558-0300] {processor.py:830} INFO - Processing file /Users/joaovitor/airflow_env/lib/python3.11/site-packages/airflow/example_dags/plugins/event_listener.py for tasks to queue
[2025-11-04T22:47:29.559-0300] {logging_mixin.py:188} INFO - [2025-11-04T22:47:29.559-0300] {dagbag.py:545} INFO - Filling up the DagBag from /Users/joaovitor/airflow_env/lib/python3.11/site-packages/airflow/example_dags/plugins/event_listener.py
[2025-11-04T22:47:29.560-0300] {processor.py:842} WARNING - No viable dags retrieved from /Users/joaovitor/airflow_env/lib/python3.11/site-packages/airflow/example_dags/plugins/event_listener.py
[2025-11-04T22:47:29.661-0300] {processor.py:183} INFO - Processing /Users/joaovitor/airflow_env/lib/python3.11/site-packages/airflow/example_dags/plugins/event_listener.py took 0.108 seconds
[2025-11-04T22:49:40.725-0300] {processor.py:161} INFO - Started process (PID=32931) to work on /Users/joaovitor/airflow_env/lib/python3.11/site-packages/airflow/example_dags/plugins/event_listener.py
[2025-11-04T22:49:40.727-0300] {processor.py:830} INFO - Processing file /Users/joaovitor/airflow_env/lib/python3.11/site-packages/airflow/example_dags/plugins/event_listener.py for tasks to queue
[2025-11-04T22:49:40.728-0300] {logging_mixin.py:188} INFO - [2025-11-04T22:49:40.728-0300] {dagbag.py:545} INFO - Filling up the DagBag from /Users/joaovitor/airflow_env/lib/python3.11/site-packages/airflow/example_dags/plugins/event_listener.py
[2025-11-04T22:49:40.730-0300] {processor.py:842} WARNING - No viable dags retrieved from /Users/joaovitor/airflow_env/lib/python3.11/site-packages/airflow/example_dags/plugins/event_listener.py
[2025-11-04T22:49:40.815-0300] {processor.py:183} INFO - Processing /Users/joaovitor/airflow_env/lib/python3.11/site-packages/airflow/example_dags/plugins/event_listener.py took 0.093 seconds
[2025-11-04T22:51:55.356-0300] {processor.py:161} INFO - Started process (PID=32976) to work on /Users/joaovitor/airflow_env/lib/python3.11/site-packages/airflow/example_dags/plugins/event_listener.py
[2025-11-04T22:51:55.359-0300] {processor.py:830} INFO - Processing file /Users/joaovitor/airflow_env/lib/python3.11/site-packages/airflow/example_dags/plugins/event_listener.py for tasks to queue
[2025-11-04T22:51:55.360-0300] {logging_mixin.py:188} INFO - [2025-11-04T22:51:55.360-0300] {dagbag.py:545} INFO - Filling up the DagBag from /Users/joaovitor/airflow_env/lib/python3.11/site-packages/airflow/example_dags/plugins/event_listener.py
[2025-11-04T22:51:55.364-0300] {processor.py:842} WARNING - No viable dags retrieved from /Users/joaovitor/airflow_env/lib/python3.11/site-packages/airflow/example_dags/plugins/event_listener.py
[2025-11-04T22:51:55.620-0300] {processor.py:183} INFO - Processing /Users/joaovitor/airflow_env/lib/python3.11/site-packages/airflow/example_dags/plugins/event_listener.py took 0.270 seconds
[2025-11-04T22:54:23.215-0300] {processor.py:161} INFO - Started process (PID=33032) to work on /Users/joaovitor/airflow_env/lib/python3.11/site-packages/airflow/example_dags/plugins/event_listener.py
[2025-11-04T22:54:23.217-0300] {processor.py:830} INFO - Processing file /Users/joaovitor/airflow_env/lib/python3.11/site-packages/airflow/example_dags/plugins/event_listener.py for tasks to queue
[2025-11-04T22:54:23.218-0300] {logging_mixin.py:188} INFO - [2025-11-04T22:54:23.218-0300] {dagbag.py:545} INFO - Filling up the DagBag from /Users/joaovitor/airflow_env/lib/python3.11/site-packages/airflow/example_dags/plugins/event_listener.py
[2025-11-04T22:54:23.219-0300] {processor.py:842} WARNING - No viable dags retrieved from /Users/joaovitor/airflow_env/lib/python3.11/site-packages/airflow/example_dags/plugins/event_listener.py
[2025-11-04T22:54:23.317-0300] {processor.py:183} INFO - Processing /Users/joaovitor/airflow_env/lib/python3.11/site-packages/airflow/example_dags/plugins/event_listener.py took 0.105 seconds
[2025-11-04T22:56:35.585-0300] {processor.py:161} INFO - Started process (PID=33075) to work on /Users/joaovitor/airflow_env/lib/python3.11/site-packages/airflow/example_dags/plugins/event_listener.py
[2025-11-04T22:56:35.586-0300] {processor.py:830} INFO - Processing file /Users/joaovitor/airflow_env/lib/python3.11/site-packages/airflow/example_dags/plugins/event_listener.py for tasks to queue
[2025-11-04T22:56:35.586-0300] {logging_mixin.py:188} INFO - [2025-11-04T22:56:35.586-0300] {dagbag.py:545} INFO - Filling up the DagBag from /Users/joaovitor/airflow_env/lib/python3.11/site-packages/airflow/example_dags/plugins/event_listener.py
[2025-11-04T22:56:35.588-0300] {processor.py:842} WARNING - No viable dags retrieved from /Users/joaovitor/airflow_env/lib/python3.11/site-packages/airflow/example_dags/plugins/event_listener.py
[2025-11-04T22:56:35.689-0300] {processor.py:183} INFO - Processing /Users/joaovitor/airflow_env/lib/python3.11/site-packages/airflow/example_dags/plugins/event_listener.py took 0.108 seconds
[2025-11-04T22:58:47.433-0300] {processor.py:161} INFO - Started process (PID=33117) to work on /Users/joaovitor/airflow_env/lib/python3.11/site-packages/airflow/example_dags/plugins/event_listener.py
[2025-11-04T22:58:47.434-0300] {processor.py:830} INFO - Processing file /Users/joaovitor/airflow_env/lib/python3.11/site-packages/airflow/example_dags/plugins/event_listener.py for tasks to queue
[2025-11-04T22:58:47.434-0300] {logging_mixin.py:188} INFO - [2025-11-04T22:58:47.434-0300] {dagbag.py:545} INFO - Filling up the DagBag from /Users/joaovitor/airflow_env/lib/python3.11/site-packages/airflow/example_dags/plugins/event_listener.py
[2025-11-04T22:58:47.436-0300] {processor.py:842} WARNING - No viable dags retrieved from /Users/joaovitor/airflow_env/lib/python3.11/site-packages/airflow/example_dags/plugins/event_listener.py
[2025-11-04T22:58:47.538-0300] {processor.py:183} INFO - Processing /Users/joaovitor/airflow_env/lib/python3.11/site-packages/airflow/example_dags/plugins/event_listener.py took 0.108 seconds
[2025-11-04T23:01:13.704-0300] {processor.py:161} INFO - Started process (PID=33166) to work on /Users/joaovitor/airflow_env/lib/python3.11/site-packages/airflow/example_dags/plugins/event_listener.py
[2025-11-04T23:01:13.706-0300] {processor.py:830} INFO - Processing file /Users/joaovitor/airflow_env/lib/python3.11/site-packages/airflow/example_dags/plugins/event_listener.py for tasks to queue
[2025-11-04T23:01:13.707-0300] {logging_mixin.py:188} INFO - [2025-11-04T23:01:13.707-0300] {dagbag.py:545} INFO - Filling up the DagBag from /Users/joaovitor/airflow_env/lib/python3.11/site-packages/airflow/example_dags/plugins/event_listener.py
[2025-11-04T23:01:13.709-0300] {processor.py:842} WARNING - No viable dags retrieved from /Users/joaovitor/airflow_env/lib/python3.11/site-packages/airflow/example_dags/plugins/event_listener.py
[2025-11-04T23:01:13.808-0300] {processor.py:183} INFO - Processing /Users/joaovitor/airflow_env/lib/python3.11/site-packages/airflow/example_dags/plugins/event_listener.py took 0.106 seconds
[2025-11-04T23:03:34.905-0300] {processor.py:161} INFO - Started process (PID=33210) to work on /Users/joaovitor/airflow_env/lib/python3.11/site-packages/airflow/example_dags/plugins/event_listener.py
[2025-11-04T23:03:34.907-0300] {processor.py:830} INFO - Processing file /Users/joaovitor/airflow_env/lib/python3.11/site-packages/airflow/example_dags/plugins/event_listener.py for tasks to queue
[2025-11-04T23:03:34.908-0300] {logging_mixin.py:188} INFO - [2025-11-04T23:03:34.908-0300] {dagbag.py:545} INFO - Filling up the DagBag from /Users/joaovitor/airflow_env/lib/python3.11/site-packages/airflow/example_dags/plugins/event_listener.py
[2025-11-04T23:03:34.909-0300] {processor.py:842} WARNING - No viable dags retrieved from /Users/joaovitor/airflow_env/lib/python3.11/site-packages/airflow/example_dags/plugins/event_listener.py
[2025-11-04T23:03:34.997-0300] {processor.py:183} INFO - Processing /Users/joaovitor/airflow_env/lib/python3.11/site-packages/airflow/example_dags/plugins/event_listener.py took 0.095 seconds
