[2025-11-04T21:45:37.400-0300] {processor.py:161} INFO - Started process (PID=31038) to work on /Users/joaovitor/airflow_env/lib/python3.11/site-packages/airflow/example_dags/plugins/listener_plugin.py
[2025-11-04T21:45:37.401-0300] {processor.py:830} INFO - Processing file /Users/joaovitor/airflow_env/lib/python3.11/site-packages/airflow/example_dags/plugins/listener_plugin.py for tasks to queue
[2025-11-04T21:45:37.402-0300] {logging_mixin.py:188} INFO - [2025-11-04T21:45:37.401-0300] {dagbag.py:545} INFO - Filling up the DagBag from /Users/joaovitor/airflow_env/lib/python3.11/site-packages/airflow/example_dags/plugins/listener_plugin.py
[2025-11-04T21:45:37.404-0300] {processor.py:842} WARNING - No viable dags retrieved from /Users/joaovitor/airflow_env/lib/python3.11/site-packages/airflow/example_dags/plugins/listener_plugin.py
[2025-11-04T21:45:37.493-0300] {processor.py:183} INFO - Processing /Users/joaovitor/airflow_env/lib/python3.11/site-packages/airflow/example_dags/plugins/listener_plugin.py took 0.096 seconds
[2025-11-04T21:48:34.994-0300] {processor.py:161} INFO - Started process (PID=31140) to work on /Users/joaovitor/airflow_env/lib/python3.11/site-packages/airflow/example_dags/plugins/listener_plugin.py
[2025-11-04T21:48:34.995-0300] {processor.py:830} INFO - Processing file /Users/joaovitor/airflow_env/lib/python3.11/site-packages/airflow/example_dags/plugins/listener_plugin.py for tasks to queue
[2025-11-04T21:48:34.995-0300] {logging_mixin.py:188} INFO - [2025-11-04T21:48:34.995-0300] {dagbag.py:545} INFO - Filling up the DagBag from /Users/joaovitor/airflow_env/lib/python3.11/site-packages/airflow/example_dags/plugins/listener_plugin.py
[2025-11-04T21:48:34.998-0300] {processor.py:842} WARNING - No viable dags retrieved from /Users/joaovitor/airflow_env/lib/python3.11/site-packages/airflow/example_dags/plugins/listener_plugin.py
[2025-11-04T21:48:35.106-0300] {processor.py:183} INFO - Processing /Users/joaovitor/airflow_env/lib/python3.11/site-packages/airflow/example_dags/plugins/listener_plugin.py took 0.117 seconds
[2025-11-04T21:51:02.992-0300] {processor.py:161} INFO - Started process (PID=31214) to work on /Users/joaovitor/airflow_env/lib/python3.11/site-packages/airflow/example_dags/plugins/listener_plugin.py
[2025-11-04T21:51:02.994-0300] {processor.py:830} INFO - Processing file /Users/joaovitor/airflow_env/lib/python3.11/site-packages/airflow/example_dags/plugins/listener_plugin.py for tasks to queue
[2025-11-04T21:51:02.995-0300] {logging_mixin.py:188} INFO - [2025-11-04T21:51:02.995-0300] {dagbag.py:545} INFO - Filling up the DagBag from /Users/joaovitor/airflow_env/lib/python3.11/site-packages/airflow/example_dags/plugins/listener_plugin.py
[2025-11-04T21:51:02.997-0300] {processor.py:842} WARNING - No viable dags retrieved from /Users/joaovitor/airflow_env/lib/python3.11/site-packages/airflow/example_dags/plugins/listener_plugin.py
[2025-11-04T21:51:03.082-0300] {processor.py:183} INFO - Processing /Users/joaovitor/airflow_env/lib/python3.11/site-packages/airflow/example_dags/plugins/listener_plugin.py took 0.093 seconds
[2025-11-04T21:52:57.953-0300] {processor.py:161} INFO - Started process (PID=31256) to work on /Users/joaovitor/airflow_env/lib/python3.11/site-packages/airflow/example_dags/plugins/listener_plugin.py
[2025-11-04T21:52:57.954-0300] {processor.py:830} INFO - Processing file /Users/joaovitor/airflow_env/lib/python3.11/site-packages/airflow/example_dags/plugins/listener_plugin.py for tasks to queue
[2025-11-04T21:52:57.955-0300] {logging_mixin.py:188} INFO - [2025-11-04T21:52:57.955-0300] {dagbag.py:545} INFO - Filling up the DagBag from /Users/joaovitor/airflow_env/lib/python3.11/site-packages/airflow/example_dags/plugins/listener_plugin.py
[2025-11-04T21:52:57.957-0300] {processor.py:842} WARNING - No viable dags retrieved from /Users/joaovitor/airflow_env/lib/python3.11/site-packages/airflow/example_dags/plugins/listener_plugin.py
[2025-11-04T21:52:58.042-0300] {processor.py:183} INFO - Processing /Users/joaovitor/airflow_env/lib/python3.11/site-packages/airflow/example_dags/plugins/listener_plugin.py took 0.092 seconds
[2025-11-04T21:54:52.315-0300] {processor.py:161} INFO - Started process (PID=31297) to work on /Users/joaovitor/airflow_env/lib/python3.11/site-packages/airflow/example_dags/plugins/listener_plugin.py
[2025-11-04T21:54:52.316-0300] {processor.py:830} INFO - Processing file /Users/joaovitor/airflow_env/lib/python3.11/site-packages/airflow/example_dags/plugins/listener_plugin.py for tasks to queue
[2025-11-04T21:54:52.317-0300] {logging_mixin.py:188} INFO - [2025-11-04T21:54:52.316-0300] {dagbag.py:545} INFO - Filling up the DagBag from /Users/joaovitor/airflow_env/lib/python3.11/site-packages/airflow/example_dags/plugins/listener_plugin.py
[2025-11-04T21:54:52.319-0300] {processor.py:842} WARNING - No viable dags retrieved from /Users/joaovitor/airflow_env/lib/python3.11/site-packages/airflow/example_dags/plugins/listener_plugin.py
[2025-11-04T21:54:52.404-0300] {processor.py:183} INFO - Processing /Users/joaovitor/airflow_env/lib/python3.11/site-packages/airflow/example_dags/plugins/listener_plugin.py took 0.091 seconds
[2025-11-04T21:56:42.016-0300] {processor.py:161} INFO - Started process (PID=31338) to work on /Users/joaovitor/airflow_env/lib/python3.11/site-packages/airflow/example_dags/plugins/listener_plugin.py
[2025-11-04T21:56:42.017-0300] {processor.py:830} INFO - Processing file /Users/joaovitor/airflow_env/lib/python3.11/site-packages/airflow/example_dags/plugins/listener_plugin.py for tasks to queue
[2025-11-04T21:56:42.017-0300] {logging_mixin.py:188} INFO - [2025-11-04T21:56:42.017-0300] {dagbag.py:545} INFO - Filling up the DagBag from /Users/joaovitor/airflow_env/lib/python3.11/site-packages/airflow/example_dags/plugins/listener_plugin.py
[2025-11-04T21:56:42.019-0300] {processor.py:842} WARNING - No viable dags retrieved from /Users/joaovitor/airflow_env/lib/python3.11/site-packages/airflow/example_dags/plugins/listener_plugin.py
[2025-11-04T21:56:42.116-0300] {processor.py:183} INFO - Processing /Users/joaovitor/airflow_env/lib/python3.11/site-packages/airflow/example_dags/plugins/listener_plugin.py took 0.103 seconds
[2025-11-04T21:58:33.327-0300] {processor.py:161} INFO - Started process (PID=31377) to work on /Users/joaovitor/airflow_env/lib/python3.11/site-packages/airflow/example_dags/plugins/listener_plugin.py
[2025-11-04T21:58:33.328-0300] {processor.py:830} INFO - Processing file /Users/joaovitor/airflow_env/lib/python3.11/site-packages/airflow/example_dags/plugins/listener_plugin.py for tasks to queue
[2025-11-04T21:58:33.329-0300] {logging_mixin.py:188} INFO - [2025-11-04T21:58:33.329-0300] {dagbag.py:545} INFO - Filling up the DagBag from /Users/joaovitor/airflow_env/lib/python3.11/site-packages/airflow/example_dags/plugins/listener_plugin.py
[2025-11-04T21:58:33.331-0300] {processor.py:842} WARNING - No viable dags retrieved from /Users/joaovitor/airflow_env/lib/python3.11/site-packages/airflow/example_dags/plugins/listener_plugin.py
[2025-11-04T21:58:33.417-0300] {processor.py:183} INFO - Processing /Users/joaovitor/airflow_env/lib/python3.11/site-packages/airflow/example_dags/plugins/listener_plugin.py took 0.092 seconds
[2025-11-04T22:00:27.314-0300] {processor.py:161} INFO - Started process (PID=31417) to work on /Users/joaovitor/airflow_env/lib/python3.11/site-packages/airflow/example_dags/plugins/listener_plugin.py
[2025-11-04T22:00:27.315-0300] {processor.py:830} INFO - Processing file /Users/joaovitor/airflow_env/lib/python3.11/site-packages/airflow/example_dags/plugins/listener_plugin.py for tasks to queue
[2025-11-04T22:00:27.316-0300] {logging_mixin.py:188} INFO - [2025-11-04T22:00:27.315-0300] {dagbag.py:545} INFO - Filling up the DagBag from /Users/joaovitor/airflow_env/lib/python3.11/site-packages/airflow/example_dags/plugins/listener_plugin.py
[2025-11-04T22:00:27.317-0300] {processor.py:842} WARNING - No viable dags retrieved from /Users/joaovitor/airflow_env/lib/python3.11/site-packages/airflow/example_dags/plugins/listener_plugin.py
[2025-11-04T22:00:27.403-0300] {processor.py:183} INFO - Processing /Users/joaovitor/airflow_env/lib/python3.11/site-packages/airflow/example_dags/plugins/listener_plugin.py took 0.092 seconds
[2025-11-04T22:06:03.373-0300] {processor.py:161} INFO - Started process (PID=31474) to work on /Users/joaovitor/airflow_env/lib/python3.11/site-packages/airflow/example_dags/plugins/listener_plugin.py
[2025-11-04T22:06:03.374-0300] {processor.py:830} INFO - Processing file /Users/joaovitor/airflow_env/lib/python3.11/site-packages/airflow/example_dags/plugins/listener_plugin.py for tasks to queue
[2025-11-04T22:06:03.375-0300] {logging_mixin.py:188} INFO - [2025-11-04T22:06:03.374-0300] {dagbag.py:545} INFO - Filling up the DagBag from /Users/joaovitor/airflow_env/lib/python3.11/site-packages/airflow/example_dags/plugins/listener_plugin.py
[2025-11-04T22:06:03.378-0300] {processor.py:842} WARNING - No viable dags retrieved from /Users/joaovitor/airflow_env/lib/python3.11/site-packages/airflow/example_dags/plugins/listener_plugin.py
[2025-11-04T22:06:03.473-0300] {processor.py:183} INFO - Processing /Users/joaovitor/airflow_env/lib/python3.11/site-packages/airflow/example_dags/plugins/listener_plugin.py took 0.103 seconds
[2025-11-04T22:07:58.853-0300] {processor.py:161} INFO - Started process (PID=31534) to work on /Users/joaovitor/airflow_env/lib/python3.11/site-packages/airflow/example_dags/plugins/listener_plugin.py
[2025-11-04T22:07:58.855-0300] {processor.py:830} INFO - Processing file /Users/joaovitor/airflow_env/lib/python3.11/site-packages/airflow/example_dags/plugins/listener_plugin.py for tasks to queue
[2025-11-04T22:07:58.856-0300] {logging_mixin.py:188} INFO - [2025-11-04T22:07:58.855-0300] {dagbag.py:545} INFO - Filling up the DagBag from /Users/joaovitor/airflow_env/lib/python3.11/site-packages/airflow/example_dags/plugins/listener_plugin.py
[2025-11-04T22:07:58.858-0300] {processor.py:842} WARNING - No viable dags retrieved from /Users/joaovitor/airflow_env/lib/python3.11/site-packages/airflow/example_dags/plugins/listener_plugin.py
[2025-11-04T22:07:58.963-0300] {processor.py:183} INFO - Processing /Users/joaovitor/airflow_env/lib/python3.11/site-packages/airflow/example_dags/plugins/listener_plugin.py took 0.114 seconds
[2025-11-04T22:09:52.130-0300] {processor.py:161} INFO - Started process (PID=31574) to work on /Users/joaovitor/airflow_env/lib/python3.11/site-packages/airflow/example_dags/plugins/listener_plugin.py
[2025-11-04T22:09:52.131-0300] {processor.py:830} INFO - Processing file /Users/joaovitor/airflow_env/lib/python3.11/site-packages/airflow/example_dags/plugins/listener_plugin.py for tasks to queue
[2025-11-04T22:09:52.131-0300] {logging_mixin.py:188} INFO - [2025-11-04T22:09:52.131-0300] {dagbag.py:545} INFO - Filling up the DagBag from /Users/joaovitor/airflow_env/lib/python3.11/site-packages/airflow/example_dags/plugins/listener_plugin.py
[2025-11-04T22:09:52.133-0300] {processor.py:842} WARNING - No viable dags retrieved from /Users/joaovitor/airflow_env/lib/python3.11/site-packages/airflow/example_dags/plugins/listener_plugin.py
[2025-11-04T22:09:52.220-0300] {processor.py:183} INFO - Processing /Users/joaovitor/airflow_env/lib/python3.11/site-packages/airflow/example_dags/plugins/listener_plugin.py took 0.094 seconds
[2025-11-04T22:11:48.751-0300] {processor.py:161} INFO - Started process (PID=31626) to work on /Users/joaovitor/airflow_env/lib/python3.11/site-packages/airflow/example_dags/plugins/listener_plugin.py
[2025-11-04T22:11:48.752-0300] {processor.py:830} INFO - Processing file /Users/joaovitor/airflow_env/lib/python3.11/site-packages/airflow/example_dags/plugins/listener_plugin.py for tasks to queue
[2025-11-04T22:11:48.753-0300] {logging_mixin.py:188} INFO - [2025-11-04T22:11:48.753-0300] {dagbag.py:545} INFO - Filling up the DagBag from /Users/joaovitor/airflow_env/lib/python3.11/site-packages/airflow/example_dags/plugins/listener_plugin.py
[2025-11-04T22:11:48.755-0300] {processor.py:842} WARNING - No viable dags retrieved from /Users/joaovitor/airflow_env/lib/python3.11/site-packages/airflow/example_dags/plugins/listener_plugin.py
[2025-11-04T22:11:48.846-0300] {processor.py:183} INFO - Processing /Users/joaovitor/airflow_env/lib/python3.11/site-packages/airflow/example_dags/plugins/listener_plugin.py took 0.098 seconds
[2025-11-04T22:13:51.354-0300] {processor.py:161} INFO - Started process (PID=31677) to work on /Users/joaovitor/airflow_env/lib/python3.11/site-packages/airflow/example_dags/plugins/listener_plugin.py
[2025-11-04T22:13:51.355-0300] {processor.py:830} INFO - Processing file /Users/joaovitor/airflow_env/lib/python3.11/site-packages/airflow/example_dags/plugins/listener_plugin.py for tasks to queue
[2025-11-04T22:13:51.356-0300] {logging_mixin.py:188} INFO - [2025-11-04T22:13:51.355-0300] {dagbag.py:545} INFO - Filling up the DagBag from /Users/joaovitor/airflow_env/lib/python3.11/site-packages/airflow/example_dags/plugins/listener_plugin.py
[2025-11-04T22:13:51.358-0300] {processor.py:842} WARNING - No viable dags retrieved from /Users/joaovitor/airflow_env/lib/python3.11/site-packages/airflow/example_dags/plugins/listener_plugin.py
[2025-11-04T22:13:51.458-0300] {processor.py:183} INFO - Processing /Users/joaovitor/airflow_env/lib/python3.11/site-packages/airflow/example_dags/plugins/listener_plugin.py took 0.109 seconds
[2025-11-04T22:16:02.533-0300] {processor.py:161} INFO - Started process (PID=31735) to work on /Users/joaovitor/airflow_env/lib/python3.11/site-packages/airflow/example_dags/plugins/listener_plugin.py
[2025-11-04T22:16:02.534-0300] {processor.py:830} INFO - Processing file /Users/joaovitor/airflow_env/lib/python3.11/site-packages/airflow/example_dags/plugins/listener_plugin.py for tasks to queue
[2025-11-04T22:16:02.534-0300] {logging_mixin.py:188} INFO - [2025-11-04T22:16:02.534-0300] {dagbag.py:545} INFO - Filling up the DagBag from /Users/joaovitor/airflow_env/lib/python3.11/site-packages/airflow/example_dags/plugins/listener_plugin.py
[2025-11-04T22:16:02.536-0300] {processor.py:842} WARNING - No viable dags retrieved from /Users/joaovitor/airflow_env/lib/python3.11/site-packages/airflow/example_dags/plugins/listener_plugin.py
[2025-11-04T22:16:02.632-0300] {processor.py:183} INFO - Processing /Users/joaovitor/airflow_env/lib/python3.11/site-packages/airflow/example_dags/plugins/listener_plugin.py took 0.102 seconds
[2025-11-04T22:17:55.558-0300] {processor.py:161} INFO - Started process (PID=31775) to work on /Users/joaovitor/airflow_env/lib/python3.11/site-packages/airflow/example_dags/plugins/listener_plugin.py
[2025-11-04T22:17:55.559-0300] {processor.py:830} INFO - Processing file /Users/joaovitor/airflow_env/lib/python3.11/site-packages/airflow/example_dags/plugins/listener_plugin.py for tasks to queue
[2025-11-04T22:17:55.560-0300] {logging_mixin.py:188} INFO - [2025-11-04T22:17:55.559-0300] {dagbag.py:545} INFO - Filling up the DagBag from /Users/joaovitor/airflow_env/lib/python3.11/site-packages/airflow/example_dags/plugins/listener_plugin.py
[2025-11-04T22:17:55.563-0300] {processor.py:842} WARNING - No viable dags retrieved from /Users/joaovitor/airflow_env/lib/python3.11/site-packages/airflow/example_dags/plugins/listener_plugin.py
[2025-11-04T22:17:55.726-0300] {processor.py:183} INFO - Processing /Users/joaovitor/airflow_env/lib/python3.11/site-packages/airflow/example_dags/plugins/listener_plugin.py took 0.171 seconds
[2025-11-04T22:19:59.776-0300] {processor.py:161} INFO - Started process (PID=31823) to work on /Users/joaovitor/airflow_env/lib/python3.11/site-packages/airflow/example_dags/plugins/listener_plugin.py
[2025-11-04T22:19:59.778-0300] {processor.py:830} INFO - Processing file /Users/joaovitor/airflow_env/lib/python3.11/site-packages/airflow/example_dags/plugins/listener_plugin.py for tasks to queue
[2025-11-04T22:19:59.779-0300] {logging_mixin.py:188} INFO - [2025-11-04T22:19:59.778-0300] {dagbag.py:545} INFO - Filling up the DagBag from /Users/joaovitor/airflow_env/lib/python3.11/site-packages/airflow/example_dags/plugins/listener_plugin.py
[2025-11-04T22:19:59.785-0300] {processor.py:842} WARNING - No viable dags retrieved from /Users/joaovitor/airflow_env/lib/python3.11/site-packages/airflow/example_dags/plugins/listener_plugin.py
[2025-11-04T22:19:59.872-0300] {processor.py:183} INFO - Processing /Users/joaovitor/airflow_env/lib/python3.11/site-packages/airflow/example_dags/plugins/listener_plugin.py took 0.100 seconds
[2025-11-04T22:22:04.119-0300] {processor.py:161} INFO - Started process (PID=31922) to work on /Users/joaovitor/airflow_env/lib/python3.11/site-packages/airflow/example_dags/plugins/listener_plugin.py
[2025-11-04T22:22:04.127-0300] {processor.py:830} INFO - Processing file /Users/joaovitor/airflow_env/lib/python3.11/site-packages/airflow/example_dags/plugins/listener_plugin.py for tasks to queue
[2025-11-04T22:22:04.128-0300] {logging_mixin.py:188} INFO - [2025-11-04T22:22:04.128-0300] {dagbag.py:545} INFO - Filling up the DagBag from /Users/joaovitor/airflow_env/lib/python3.11/site-packages/airflow/example_dags/plugins/listener_plugin.py
[2025-11-04T22:22:04.136-0300] {processor.py:842} WARNING - No viable dags retrieved from /Users/joaovitor/airflow_env/lib/python3.11/site-packages/airflow/example_dags/plugins/listener_plugin.py
[2025-11-04T22:22:04.280-0300] {processor.py:183} INFO - Processing /Users/joaovitor/airflow_env/lib/python3.11/site-packages/airflow/example_dags/plugins/listener_plugin.py took 0.167 seconds
[2025-11-04T22:24:11.480-0300] {processor.py:161} INFO - Started process (PID=31963) to work on /Users/joaovitor/airflow_env/lib/python3.11/site-packages/airflow/example_dags/plugins/listener_plugin.py
[2025-11-04T22:24:11.482-0300] {processor.py:830} INFO - Processing file /Users/joaovitor/airflow_env/lib/python3.11/site-packages/airflow/example_dags/plugins/listener_plugin.py for tasks to queue
[2025-11-04T22:24:11.483-0300] {logging_mixin.py:188} INFO - [2025-11-04T22:24:11.482-0300] {dagbag.py:545} INFO - Filling up the DagBag from /Users/joaovitor/airflow_env/lib/python3.11/site-packages/airflow/example_dags/plugins/listener_plugin.py
[2025-11-04T22:24:11.485-0300] {processor.py:842} WARNING - No viable dags retrieved from /Users/joaovitor/airflow_env/lib/python3.11/site-packages/airflow/example_dags/plugins/listener_plugin.py
[2025-11-04T22:24:11.585-0300] {processor.py:183} INFO - Processing /Users/joaovitor/airflow_env/lib/python3.11/site-packages/airflow/example_dags/plugins/listener_plugin.py took 0.108 seconds
[2025-11-04T22:26:18.855-0300] {processor.py:161} INFO - Started process (PID=32005) to work on /Users/joaovitor/airflow_env/lib/python3.11/site-packages/airflow/example_dags/plugins/listener_plugin.py
[2025-11-04T22:26:18.856-0300] {processor.py:830} INFO - Processing file /Users/joaovitor/airflow_env/lib/python3.11/site-packages/airflow/example_dags/plugins/listener_plugin.py for tasks to queue
[2025-11-04T22:26:18.857-0300] {logging_mixin.py:188} INFO - [2025-11-04T22:26:18.856-0300] {dagbag.py:545} INFO - Filling up the DagBag from /Users/joaovitor/airflow_env/lib/python3.11/site-packages/airflow/example_dags/plugins/listener_plugin.py
[2025-11-04T22:26:18.860-0300] {processor.py:842} WARNING - No viable dags retrieved from /Users/joaovitor/airflow_env/lib/python3.11/site-packages/airflow/example_dags/plugins/listener_plugin.py
[2025-11-04T22:26:18.964-0300] {processor.py:183} INFO - Processing /Users/joaovitor/airflow_env/lib/python3.11/site-packages/airflow/example_dags/plugins/listener_plugin.py took 0.112 seconds
[2025-11-04T22:28:27.443-0300] {processor.py:161} INFO - Started process (PID=32047) to work on /Users/joaovitor/airflow_env/lib/python3.11/site-packages/airflow/example_dags/plugins/listener_plugin.py
[2025-11-04T22:28:27.444-0300] {processor.py:830} INFO - Processing file /Users/joaovitor/airflow_env/lib/python3.11/site-packages/airflow/example_dags/plugins/listener_plugin.py for tasks to queue
[2025-11-04T22:28:27.444-0300] {logging_mixin.py:188} INFO - [2025-11-04T22:28:27.444-0300] {dagbag.py:545} INFO - Filling up the DagBag from /Users/joaovitor/airflow_env/lib/python3.11/site-packages/airflow/example_dags/plugins/listener_plugin.py
[2025-11-04T22:28:27.446-0300] {processor.py:842} WARNING - No viable dags retrieved from /Users/joaovitor/airflow_env/lib/python3.11/site-packages/airflow/example_dags/plugins/listener_plugin.py
[2025-11-04T22:28:27.546-0300] {processor.py:183} INFO - Processing /Users/joaovitor/airflow_env/lib/python3.11/site-packages/airflow/example_dags/plugins/listener_plugin.py took 0.106 seconds
[2025-11-04T22:30:47.484-0300] {processor.py:161} INFO - Started process (PID=32133) to work on /Users/joaovitor/airflow_env/lib/python3.11/site-packages/airflow/example_dags/plugins/listener_plugin.py
[2025-11-04T22:30:47.486-0300] {processor.py:830} INFO - Processing file /Users/joaovitor/airflow_env/lib/python3.11/site-packages/airflow/example_dags/plugins/listener_plugin.py for tasks to queue
[2025-11-04T22:30:47.487-0300] {logging_mixin.py:188} INFO - [2025-11-04T22:30:47.486-0300] {dagbag.py:545} INFO - Filling up the DagBag from /Users/joaovitor/airflow_env/lib/python3.11/site-packages/airflow/example_dags/plugins/listener_plugin.py
[2025-11-04T22:30:47.489-0300] {processor.py:842} WARNING - No viable dags retrieved from /Users/joaovitor/airflow_env/lib/python3.11/site-packages/airflow/example_dags/plugins/listener_plugin.py
[2025-11-04T22:30:47.628-0300] {processor.py:183} INFO - Processing /Users/joaovitor/airflow_env/lib/python3.11/site-packages/airflow/example_dags/plugins/listener_plugin.py took 0.148 seconds
[2025-11-04T22:33:24.432-0300] {processor.py:161} INFO - Started process (PID=32238) to work on /Users/joaovitor/airflow_env/lib/python3.11/site-packages/airflow/example_dags/plugins/listener_plugin.py
[2025-11-04T22:33:24.434-0300] {processor.py:830} INFO - Processing file /Users/joaovitor/airflow_env/lib/python3.11/site-packages/airflow/example_dags/plugins/listener_plugin.py for tasks to queue
[2025-11-04T22:33:24.435-0300] {logging_mixin.py:188} INFO - [2025-11-04T22:33:24.435-0300] {dagbag.py:545} INFO - Filling up the DagBag from /Users/joaovitor/airflow_env/lib/python3.11/site-packages/airflow/example_dags/plugins/listener_plugin.py
[2025-11-04T22:33:24.443-0300] {processor.py:842} WARNING - No viable dags retrieved from /Users/joaovitor/airflow_env/lib/python3.11/site-packages/airflow/example_dags/plugins/listener_plugin.py
[2025-11-04T22:33:24.558-0300] {processor.py:183} INFO - Processing /Users/joaovitor/airflow_env/lib/python3.11/site-packages/airflow/example_dags/plugins/listener_plugin.py took 0.130 seconds
[2025-11-04T22:35:47.933-0300] {processor.py:161} INFO - Started process (PID=32416) to work on /Users/joaovitor/airflow_env/lib/python3.11/site-packages/airflow/example_dags/plugins/listener_plugin.py
[2025-11-04T22:35:47.935-0300] {processor.py:830} INFO - Processing file /Users/joaovitor/airflow_env/lib/python3.11/site-packages/airflow/example_dags/plugins/listener_plugin.py for tasks to queue
[2025-11-04T22:35:47.936-0300] {logging_mixin.py:188} INFO - [2025-11-04T22:35:47.936-0300] {dagbag.py:545} INFO - Filling up the DagBag from /Users/joaovitor/airflow_env/lib/python3.11/site-packages/airflow/example_dags/plugins/listener_plugin.py
[2025-11-04T22:35:47.938-0300] {processor.py:842} WARNING - No viable dags retrieved from /Users/joaovitor/airflow_env/lib/python3.11/site-packages/airflow/example_dags/plugins/listener_plugin.py
[2025-11-04T22:35:48.027-0300] {processor.py:183} INFO - Processing /Users/joaovitor/airflow_env/lib/python3.11/site-packages/airflow/example_dags/plugins/listener_plugin.py took 0.097 seconds
[2025-11-04T22:38:02.157-0300] {processor.py:161} INFO - Started process (PID=32644) to work on /Users/joaovitor/airflow_env/lib/python3.11/site-packages/airflow/example_dags/plugins/listener_plugin.py
[2025-11-04T22:38:02.159-0300] {processor.py:830} INFO - Processing file /Users/joaovitor/airflow_env/lib/python3.11/site-packages/airflow/example_dags/plugins/listener_plugin.py for tasks to queue
[2025-11-04T22:38:02.160-0300] {logging_mixin.py:188} INFO - [2025-11-04T22:38:02.159-0300] {dagbag.py:545} INFO - Filling up the DagBag from /Users/joaovitor/airflow_env/lib/python3.11/site-packages/airflow/example_dags/plugins/listener_plugin.py
[2025-11-04T22:38:02.169-0300] {processor.py:842} WARNING - No viable dags retrieved from /Users/joaovitor/airflow_env/lib/python3.11/site-packages/airflow/example_dags/plugins/listener_plugin.py
[2025-11-04T22:38:02.272-0300] {processor.py:183} INFO - Processing /Users/joaovitor/airflow_env/lib/python3.11/site-packages/airflow/example_dags/plugins/listener_plugin.py took 0.118 seconds
[2025-11-04T22:40:27.792-0300] {processor.py:161} INFO - Started process (PID=32695) to work on /Users/joaovitor/airflow_env/lib/python3.11/site-packages/airflow/example_dags/plugins/listener_plugin.py
[2025-11-04T22:40:27.794-0300] {processor.py:830} INFO - Processing file /Users/joaovitor/airflow_env/lib/python3.11/site-packages/airflow/example_dags/plugins/listener_plugin.py for tasks to queue
[2025-11-04T22:40:27.795-0300] {logging_mixin.py:188} INFO - [2025-11-04T22:40:27.795-0300] {dagbag.py:545} INFO - Filling up the DagBag from /Users/joaovitor/airflow_env/lib/python3.11/site-packages/airflow/example_dags/plugins/listener_plugin.py
[2025-11-04T22:40:27.805-0300] {processor.py:842} WARNING - No viable dags retrieved from /Users/joaovitor/airflow_env/lib/python3.11/site-packages/airflow/example_dags/plugins/listener_plugin.py
[2025-11-04T22:40:27.906-0300] {processor.py:183} INFO - Processing /Users/joaovitor/airflow_env/lib/python3.11/site-packages/airflow/example_dags/plugins/listener_plugin.py took 0.117 seconds
[2025-11-04T22:42:53.782-0300] {processor.py:161} INFO - Started process (PID=32753) to work on /Users/joaovitor/airflow_env/lib/python3.11/site-packages/airflow/example_dags/plugins/listener_plugin.py
[2025-11-04T22:42:53.784-0300] {processor.py:830} INFO - Processing file /Users/joaovitor/airflow_env/lib/python3.11/site-packages/airflow/example_dags/plugins/listener_plugin.py for tasks to queue
[2025-11-04T22:42:53.786-0300] {logging_mixin.py:188} INFO - [2025-11-04T22:42:53.785-0300] {dagbag.py:545} INFO - Filling up the DagBag from /Users/joaovitor/airflow_env/lib/python3.11/site-packages/airflow/example_dags/plugins/listener_plugin.py
[2025-11-04T22:42:53.793-0300] {processor.py:842} WARNING - No viable dags retrieved from /Users/joaovitor/airflow_env/lib/python3.11/site-packages/airflow/example_dags/plugins/listener_plugin.py
[2025-11-04T22:42:53.894-0300] {processor.py:183} INFO - Processing /Users/joaovitor/airflow_env/lib/python3.11/site-packages/airflow/example_dags/plugins/listener_plugin.py took 0.115 seconds
[2025-11-04T22:45:08.556-0300] {processor.py:161} INFO - Started process (PID=32805) to work on /Users/joaovitor/airflow_env/lib/python3.11/site-packages/airflow/example_dags/plugins/listener_plugin.py
[2025-11-04T22:45:08.557-0300] {processor.py:830} INFO - Processing file /Users/joaovitor/airflow_env/lib/python3.11/site-packages/airflow/example_dags/plugins/listener_plugin.py for tasks to queue
[2025-11-04T22:45:08.558-0300] {logging_mixin.py:188} INFO - [2025-11-04T22:45:08.558-0300] {dagbag.py:545} INFO - Filling up the DagBag from /Users/joaovitor/airflow_env/lib/python3.11/site-packages/airflow/example_dags/plugins/listener_plugin.py
[2025-11-04T22:45:08.561-0300] {processor.py:842} WARNING - No viable dags retrieved from /Users/joaovitor/airflow_env/lib/python3.11/site-packages/airflow/example_dags/plugins/listener_plugin.py
[2025-11-04T22:45:08.730-0300] {processor.py:183} INFO - Processing /Users/joaovitor/airflow_env/lib/python3.11/site-packages/airflow/example_dags/plugins/listener_plugin.py took 0.178 seconds
[2025-11-04T22:47:26.380-0300] {processor.py:161} INFO - Started process (PID=32861) to work on /Users/joaovitor/airflow_env/lib/python3.11/site-packages/airflow/example_dags/plugins/listener_plugin.py
[2025-11-04T22:47:26.381-0300] {processor.py:830} INFO - Processing file /Users/joaovitor/airflow_env/lib/python3.11/site-packages/airflow/example_dags/plugins/listener_plugin.py for tasks to queue
[2025-11-04T22:47:26.381-0300] {logging_mixin.py:188} INFO - [2025-11-04T22:47:26.381-0300] {dagbag.py:545} INFO - Filling up the DagBag from /Users/joaovitor/airflow_env/lib/python3.11/site-packages/airflow/example_dags/plugins/listener_plugin.py
[2025-11-04T22:47:26.384-0300] {processor.py:842} WARNING - No viable dags retrieved from /Users/joaovitor/airflow_env/lib/python3.11/site-packages/airflow/example_dags/plugins/listener_plugin.py
[2025-11-04T22:47:26.488-0300] {processor.py:183} INFO - Processing /Users/joaovitor/airflow_env/lib/python3.11/site-packages/airflow/example_dags/plugins/listener_plugin.py took 0.111 seconds
[2025-11-04T22:49:37.776-0300] {processor.py:161} INFO - Started process (PID=32930) to work on /Users/joaovitor/airflow_env/lib/python3.11/site-packages/airflow/example_dags/plugins/listener_plugin.py
[2025-11-04T22:49:37.778-0300] {processor.py:830} INFO - Processing file /Users/joaovitor/airflow_env/lib/python3.11/site-packages/airflow/example_dags/plugins/listener_plugin.py for tasks to queue
[2025-11-04T22:49:37.779-0300] {logging_mixin.py:188} INFO - [2025-11-04T22:49:37.779-0300] {dagbag.py:545} INFO - Filling up the DagBag from /Users/joaovitor/airflow_env/lib/python3.11/site-packages/airflow/example_dags/plugins/listener_plugin.py
[2025-11-04T22:49:37.790-0300] {processor.py:842} WARNING - No viable dags retrieved from /Users/joaovitor/airflow_env/lib/python3.11/site-packages/airflow/example_dags/plugins/listener_plugin.py
[2025-11-04T22:49:37.881-0300] {processor.py:183} INFO - Processing /Users/joaovitor/airflow_env/lib/python3.11/site-packages/airflow/example_dags/plugins/listener_plugin.py took 0.107 seconds
[2025-11-04T22:51:51.025-0300] {processor.py:161} INFO - Started process (PID=32975) to work on /Users/joaovitor/airflow_env/lib/python3.11/site-packages/airflow/example_dags/plugins/listener_plugin.py
[2025-11-04T22:51:51.027-0300] {processor.py:830} INFO - Processing file /Users/joaovitor/airflow_env/lib/python3.11/site-packages/airflow/example_dags/plugins/listener_plugin.py for tasks to queue
[2025-11-04T22:51:51.028-0300] {logging_mixin.py:188} INFO - [2025-11-04T22:51:51.028-0300] {dagbag.py:545} INFO - Filling up the DagBag from /Users/joaovitor/airflow_env/lib/python3.11/site-packages/airflow/example_dags/plugins/listener_plugin.py
[2025-11-04T22:51:51.030-0300] {processor.py:842} WARNING - No viable dags retrieved from /Users/joaovitor/airflow_env/lib/python3.11/site-packages/airflow/example_dags/plugins/listener_plugin.py
[2025-11-04T22:51:51.120-0300] {processor.py:183} INFO - Processing /Users/joaovitor/airflow_env/lib/python3.11/site-packages/airflow/example_dags/plugins/listener_plugin.py took 0.098 seconds
[2025-11-04T22:54:20.051-0300] {processor.py:161} INFO - Started process (PID=33031) to work on /Users/joaovitor/airflow_env/lib/python3.11/site-packages/airflow/example_dags/plugins/listener_plugin.py
[2025-11-04T22:54:20.053-0300] {processor.py:830} INFO - Processing file /Users/joaovitor/airflow_env/lib/python3.11/site-packages/airflow/example_dags/plugins/listener_plugin.py for tasks to queue
[2025-11-04T22:54:20.054-0300] {logging_mixin.py:188} INFO - [2025-11-04T22:54:20.054-0300] {dagbag.py:545} INFO - Filling up the DagBag from /Users/joaovitor/airflow_env/lib/python3.11/site-packages/airflow/example_dags/plugins/listener_plugin.py
[2025-11-04T22:54:20.064-0300] {processor.py:842} WARNING - No viable dags retrieved from /Users/joaovitor/airflow_env/lib/python3.11/site-packages/airflow/example_dags/plugins/listener_plugin.py
[2025-11-04T22:54:20.187-0300] {processor.py:183} INFO - Processing /Users/joaovitor/airflow_env/lib/python3.11/site-packages/airflow/example_dags/plugins/listener_plugin.py took 0.139 seconds
[2025-11-04T22:56:32.555-0300] {processor.py:161} INFO - Started process (PID=33074) to work on /Users/joaovitor/airflow_env/lib/python3.11/site-packages/airflow/example_dags/plugins/listener_plugin.py
[2025-11-04T22:56:32.556-0300] {processor.py:830} INFO - Processing file /Users/joaovitor/airflow_env/lib/python3.11/site-packages/airflow/example_dags/plugins/listener_plugin.py for tasks to queue
[2025-11-04T22:56:32.557-0300] {logging_mixin.py:188} INFO - [2025-11-04T22:56:32.557-0300] {dagbag.py:545} INFO - Filling up the DagBag from /Users/joaovitor/airflow_env/lib/python3.11/site-packages/airflow/example_dags/plugins/listener_plugin.py
[2025-11-04T22:56:32.559-0300] {processor.py:842} WARNING - No viable dags retrieved from /Users/joaovitor/airflow_env/lib/python3.11/site-packages/airflow/example_dags/plugins/listener_plugin.py
[2025-11-04T22:56:32.662-0300] {processor.py:183} INFO - Processing /Users/joaovitor/airflow_env/lib/python3.11/site-packages/airflow/example_dags/plugins/listener_plugin.py took 0.110 seconds
[2025-11-04T22:58:44.380-0300] {processor.py:161} INFO - Started process (PID=33116) to work on /Users/joaovitor/airflow_env/lib/python3.11/site-packages/airflow/example_dags/plugins/listener_plugin.py
[2025-11-04T22:58:44.381-0300] {processor.py:830} INFO - Processing file /Users/joaovitor/airflow_env/lib/python3.11/site-packages/airflow/example_dags/plugins/listener_plugin.py for tasks to queue
[2025-11-04T22:58:44.381-0300] {logging_mixin.py:188} INFO - [2025-11-04T22:58:44.381-0300] {dagbag.py:545} INFO - Filling up the DagBag from /Users/joaovitor/airflow_env/lib/python3.11/site-packages/airflow/example_dags/plugins/listener_plugin.py
[2025-11-04T22:58:44.388-0300] {processor.py:842} WARNING - No viable dags retrieved from /Users/joaovitor/airflow_env/lib/python3.11/site-packages/airflow/example_dags/plugins/listener_plugin.py
[2025-11-04T22:58:44.489-0300] {processor.py:183} INFO - Processing /Users/joaovitor/airflow_env/lib/python3.11/site-packages/airflow/example_dags/plugins/listener_plugin.py took 0.112 seconds
[2025-11-04T23:01:10.644-0300] {processor.py:161} INFO - Started process (PID=33165) to work on /Users/joaovitor/airflow_env/lib/python3.11/site-packages/airflow/example_dags/plugins/listener_plugin.py
[2025-11-04T23:01:10.649-0300] {processor.py:830} INFO - Processing file /Users/joaovitor/airflow_env/lib/python3.11/site-packages/airflow/example_dags/plugins/listener_plugin.py for tasks to queue
[2025-11-04T23:01:10.650-0300] {logging_mixin.py:188} INFO - [2025-11-04T23:01:10.650-0300] {dagbag.py:545} INFO - Filling up the DagBag from /Users/joaovitor/airflow_env/lib/python3.11/site-packages/airflow/example_dags/plugins/listener_plugin.py
[2025-11-04T23:01:10.653-0300] {processor.py:842} WARNING - No viable dags retrieved from /Users/joaovitor/airflow_env/lib/python3.11/site-packages/airflow/example_dags/plugins/listener_plugin.py
[2025-11-04T23:01:10.754-0300] {processor.py:183} INFO - Processing /Users/joaovitor/airflow_env/lib/python3.11/site-packages/airflow/example_dags/plugins/listener_plugin.py took 0.112 seconds
[2025-11-04T23:03:31.536-0300] {processor.py:161} INFO - Started process (PID=33209) to work on /Users/joaovitor/airflow_env/lib/python3.11/site-packages/airflow/example_dags/plugins/listener_plugin.py
[2025-11-04T23:03:31.538-0300] {processor.py:830} INFO - Processing file /Users/joaovitor/airflow_env/lib/python3.11/site-packages/airflow/example_dags/plugins/listener_plugin.py for tasks to queue
[2025-11-04T23:03:31.539-0300] {logging_mixin.py:188} INFO - [2025-11-04T23:03:31.539-0300] {dagbag.py:545} INFO - Filling up the DagBag from /Users/joaovitor/airflow_env/lib/python3.11/site-packages/airflow/example_dags/plugins/listener_plugin.py
[2025-11-04T23:03:31.548-0300] {processor.py:842} WARNING - No viable dags retrieved from /Users/joaovitor/airflow_env/lib/python3.11/site-packages/airflow/example_dags/plugins/listener_plugin.py
[2025-11-04T23:03:31.670-0300] {processor.py:183} INFO - Processing /Users/joaovitor/airflow_env/lib/python3.11/site-packages/airflow/example_dags/plugins/listener_plugin.py took 0.139 seconds
