[2025-11-04T21:45:34.603-0300] {processor.py:161} INFO - Started process (PID=31037) to work on /Users/joaovitor/airflow_env/lib/python3.11/site-packages/airflow/example_dags/plugins/workday.py
[2025-11-04T21:45:34.604-0300] {processor.py:830} INFO - Processing file /Users/joaovitor/airflow_env/lib/python3.11/site-packages/airflow/example_dags/plugins/workday.py for tasks to queue
[2025-11-04T21:45:34.605-0300] {logging_mixin.py:188} INFO - [2025-11-04T21:45:34.605-0300] {dagbag.py:545} INFO - Filling up the DagBag from /Users/joaovitor/airflow_env/lib/python3.11/site-packages/airflow/example_dags/plugins/workday.py
[2025-11-04T21:45:34.607-0300] {logging_mixin.py:188} INFO - [2025-11-04T21:45:34.606-0300] {workday.py:41} WARNING - Could not import pandas. Holidays will not be considered.
[2025-11-04T21:45:34.608-0300] {processor.py:842} WARNING - No viable dags retrieved from /Users/joaovitor/airflow_env/lib/python3.11/site-packages/airflow/example_dags/plugins/workday.py
[2025-11-04T21:45:34.693-0300] {processor.py:183} INFO - Processing /Users/joaovitor/airflow_env/lib/python3.11/site-packages/airflow/example_dags/plugins/workday.py took 0.093 seconds
[2025-11-04T21:48:30.824-0300] {processor.py:161} INFO - Started process (PID=31133) to work on /Users/joaovitor/airflow_env/lib/python3.11/site-packages/airflow/example_dags/plugins/workday.py
[2025-11-04T21:48:30.826-0300] {processor.py:830} INFO - Processing file /Users/joaovitor/airflow_env/lib/python3.11/site-packages/airflow/example_dags/plugins/workday.py for tasks to queue
[2025-11-04T21:48:30.826-0300] {logging_mixin.py:188} INFO - [2025-11-04T21:48:30.826-0300] {dagbag.py:545} INFO - Filling up the DagBag from /Users/joaovitor/airflow_env/lib/python3.11/site-packages/airflow/example_dags/plugins/workday.py
[2025-11-04T21:48:30.828-0300] {logging_mixin.py:188} INFO - [2025-11-04T21:48:30.828-0300] {workday.py:41} WARNING - Could not import pandas. Holidays will not be considered.
[2025-11-04T21:48:30.829-0300] {processor.py:842} WARNING - No viable dags retrieved from /Users/joaovitor/airflow_env/lib/python3.11/site-packages/airflow/example_dags/plugins/workday.py
[2025-11-04T21:48:31.277-0300] {processor.py:183} INFO - Processing /Users/joaovitor/airflow_env/lib/python3.11/site-packages/airflow/example_dags/plugins/workday.py took 0.456 seconds
[2025-11-04T21:51:00.120-0300] {processor.py:161} INFO - Started process (PID=31213) to work on /Users/joaovitor/airflow_env/lib/python3.11/site-packages/airflow/example_dags/plugins/workday.py
[2025-11-04T21:51:00.124-0300] {processor.py:830} INFO - Processing file /Users/joaovitor/airflow_env/lib/python3.11/site-packages/airflow/example_dags/plugins/workday.py for tasks to queue
[2025-11-04T21:51:00.125-0300] {logging_mixin.py:188} INFO - [2025-11-04T21:51:00.125-0300] {dagbag.py:545} INFO - Filling up the DagBag from /Users/joaovitor/airflow_env/lib/python3.11/site-packages/airflow/example_dags/plugins/workday.py
[2025-11-04T21:51:00.126-0300] {logging_mixin.py:188} INFO - [2025-11-04T21:51:00.126-0300] {workday.py:41} WARNING - Could not import pandas. Holidays will not be considered.
[2025-11-04T21:51:00.127-0300] {processor.py:842} WARNING - No viable dags retrieved from /Users/joaovitor/airflow_env/lib/python3.11/site-packages/airflow/example_dags/plugins/workday.py
[2025-11-04T21:51:00.227-0300] {processor.py:183} INFO - Processing /Users/joaovitor/airflow_env/lib/python3.11/site-packages/airflow/example_dags/plugins/workday.py took 0.109 seconds
[2025-11-04T21:52:55.173-0300] {processor.py:161} INFO - Started process (PID=31255) to work on /Users/joaovitor/airflow_env/lib/python3.11/site-packages/airflow/example_dags/plugins/workday.py
[2025-11-04T21:52:55.174-0300] {processor.py:830} INFO - Processing file /Users/joaovitor/airflow_env/lib/python3.11/site-packages/airflow/example_dags/plugins/workday.py for tasks to queue
[2025-11-04T21:52:55.174-0300] {logging_mixin.py:188} INFO - [2025-11-04T21:52:55.174-0300] {dagbag.py:545} INFO - Filling up the DagBag from /Users/joaovitor/airflow_env/lib/python3.11/site-packages/airflow/example_dags/plugins/workday.py
[2025-11-04T21:52:55.176-0300] {logging_mixin.py:188} INFO - [2025-11-04T21:52:55.175-0300] {workday.py:41} WARNING - Could not import pandas. Holidays will not be considered.
[2025-11-04T21:52:55.176-0300] {processor.py:842} WARNING - No viable dags retrieved from /Users/joaovitor/airflow_env/lib/python3.11/site-packages/airflow/example_dags/plugins/workday.py
[2025-11-04T21:52:55.262-0300] {processor.py:183} INFO - Processing /Users/joaovitor/airflow_env/lib/python3.11/site-packages/airflow/example_dags/plugins/workday.py took 0.092 seconds
[2025-11-04T21:54:49.435-0300] {processor.py:161} INFO - Started process (PID=31296) to work on /Users/joaovitor/airflow_env/lib/python3.11/site-packages/airflow/example_dags/plugins/workday.py
[2025-11-04T21:54:49.435-0300] {processor.py:830} INFO - Processing file /Users/joaovitor/airflow_env/lib/python3.11/site-packages/airflow/example_dags/plugins/workday.py for tasks to queue
[2025-11-04T21:54:49.436-0300] {logging_mixin.py:188} INFO - [2025-11-04T21:54:49.436-0300] {dagbag.py:545} INFO - Filling up the DagBag from /Users/joaovitor/airflow_env/lib/python3.11/site-packages/airflow/example_dags/plugins/workday.py
[2025-11-04T21:54:49.437-0300] {logging_mixin.py:188} INFO - [2025-11-04T21:54:49.437-0300] {workday.py:41} WARNING - Could not import pandas. Holidays will not be considered.
[2025-11-04T21:54:49.438-0300] {processor.py:842} WARNING - No viable dags retrieved from /Users/joaovitor/airflow_env/lib/python3.11/site-packages/airflow/example_dags/plugins/workday.py
[2025-11-04T21:54:49.531-0300] {processor.py:183} INFO - Processing /Users/joaovitor/airflow_env/lib/python3.11/site-packages/airflow/example_dags/plugins/workday.py took 0.099 seconds
[2025-11-04T21:56:39.090-0300] {processor.py:161} INFO - Started process (PID=31337) to work on /Users/joaovitor/airflow_env/lib/python3.11/site-packages/airflow/example_dags/plugins/workday.py
[2025-11-04T21:56:39.091-0300] {processor.py:830} INFO - Processing file /Users/joaovitor/airflow_env/lib/python3.11/site-packages/airflow/example_dags/plugins/workday.py for tasks to queue
[2025-11-04T21:56:39.091-0300] {logging_mixin.py:188} INFO - [2025-11-04T21:56:39.091-0300] {dagbag.py:545} INFO - Filling up the DagBag from /Users/joaovitor/airflow_env/lib/python3.11/site-packages/airflow/example_dags/plugins/workday.py
[2025-11-04T21:56:39.092-0300] {logging_mixin.py:188} INFO - [2025-11-04T21:56:39.092-0300] {workday.py:41} WARNING - Could not import pandas. Holidays will not be considered.
[2025-11-04T21:56:39.093-0300] {processor.py:842} WARNING - No viable dags retrieved from /Users/joaovitor/airflow_env/lib/python3.11/site-packages/airflow/example_dags/plugins/workday.py
[2025-11-04T21:56:39.177-0300] {processor.py:183} INFO - Processing /Users/joaovitor/airflow_env/lib/python3.11/site-packages/airflow/example_dags/plugins/workday.py took 0.090 seconds
[2025-11-04T21:58:30.544-0300] {processor.py:161} INFO - Started process (PID=31376) to work on /Users/joaovitor/airflow_env/lib/python3.11/site-packages/airflow/example_dags/plugins/workday.py
[2025-11-04T21:58:30.544-0300] {processor.py:830} INFO - Processing file /Users/joaovitor/airflow_env/lib/python3.11/site-packages/airflow/example_dags/plugins/workday.py for tasks to queue
[2025-11-04T21:58:30.545-0300] {logging_mixin.py:188} INFO - [2025-11-04T21:58:30.545-0300] {dagbag.py:545} INFO - Filling up the DagBag from /Users/joaovitor/airflow_env/lib/python3.11/site-packages/airflow/example_dags/plugins/workday.py
[2025-11-04T21:58:30.546-0300] {logging_mixin.py:188} INFO - [2025-11-04T21:58:30.546-0300] {workday.py:41} WARNING - Could not import pandas. Holidays will not be considered.
[2025-11-04T21:58:30.547-0300] {processor.py:842} WARNING - No viable dags retrieved from /Users/joaovitor/airflow_env/lib/python3.11/site-packages/airflow/example_dags/plugins/workday.py
[2025-11-04T21:58:30.642-0300] {processor.py:183} INFO - Processing /Users/joaovitor/airflow_env/lib/python3.11/site-packages/airflow/example_dags/plugins/workday.py took 0.101 seconds
[2025-11-04T22:00:25.287-0300] {processor.py:161} INFO - Started process (PID=31416) to work on /Users/joaovitor/airflow_env/lib/python3.11/site-packages/airflow/example_dags/plugins/workday.py
[2025-11-04T22:00:25.288-0300] {processor.py:830} INFO - Processing file /Users/joaovitor/airflow_env/lib/python3.11/site-packages/airflow/example_dags/plugins/workday.py for tasks to queue
[2025-11-04T22:00:25.289-0300] {logging_mixin.py:188} INFO - [2025-11-04T22:00:25.288-0300] {dagbag.py:545} INFO - Filling up the DagBag from /Users/joaovitor/airflow_env/lib/python3.11/site-packages/airflow/example_dags/plugins/workday.py
[2025-11-04T22:00:25.290-0300] {logging_mixin.py:188} INFO - [2025-11-04T22:00:25.290-0300] {workday.py:41} WARNING - Could not import pandas. Holidays will not be considered.
[2025-11-04T22:00:25.291-0300] {processor.py:842} WARNING - No viable dags retrieved from /Users/joaovitor/airflow_env/lib/python3.11/site-packages/airflow/example_dags/plugins/workday.py
[2025-11-04T22:00:25.389-0300] {processor.py:183} INFO - Processing /Users/joaovitor/airflow_env/lib/python3.11/site-packages/airflow/example_dags/plugins/workday.py took 0.105 seconds
[2025-11-04T22:06:00.453-0300] {processor.py:161} INFO - Started process (PID=31473) to work on /Users/joaovitor/airflow_env/lib/python3.11/site-packages/airflow/example_dags/plugins/workday.py
[2025-11-04T22:06:00.454-0300] {processor.py:830} INFO - Processing file /Users/joaovitor/airflow_env/lib/python3.11/site-packages/airflow/example_dags/plugins/workday.py for tasks to queue
[2025-11-04T22:06:00.455-0300] {logging_mixin.py:188} INFO - [2025-11-04T22:06:00.455-0300] {dagbag.py:545} INFO - Filling up the DagBag from /Users/joaovitor/airflow_env/lib/python3.11/site-packages/airflow/example_dags/plugins/workday.py
[2025-11-04T22:06:00.456-0300] {logging_mixin.py:188} INFO - [2025-11-04T22:06:00.456-0300] {workday.py:41} WARNING - Could not import pandas. Holidays will not be considered.
[2025-11-04T22:06:00.457-0300] {processor.py:842} WARNING - No viable dags retrieved from /Users/joaovitor/airflow_env/lib/python3.11/site-packages/airflow/example_dags/plugins/workday.py
[2025-11-04T22:06:00.546-0300] {processor.py:183} INFO - Processing /Users/joaovitor/airflow_env/lib/python3.11/site-packages/airflow/example_dags/plugins/workday.py took 0.095 seconds
[2025-11-04T22:07:56.593-0300] {processor.py:161} INFO - Started process (PID=31533) to work on /Users/joaovitor/airflow_env/lib/python3.11/site-packages/airflow/example_dags/plugins/workday.py
[2025-11-04T22:07:56.594-0300] {processor.py:830} INFO - Processing file /Users/joaovitor/airflow_env/lib/python3.11/site-packages/airflow/example_dags/plugins/workday.py for tasks to queue
[2025-11-04T22:07:56.595-0300] {logging_mixin.py:188} INFO - [2025-11-04T22:07:56.594-0300] {dagbag.py:545} INFO - Filling up the DagBag from /Users/joaovitor/airflow_env/lib/python3.11/site-packages/airflow/example_dags/plugins/workday.py
[2025-11-04T22:07:56.596-0300] {logging_mixin.py:188} INFO - [2025-11-04T22:07:56.596-0300] {workday.py:41} WARNING - Could not import pandas. Holidays will not be considered.
[2025-11-04T22:07:56.596-0300] {processor.py:842} WARNING - No viable dags retrieved from /Users/joaovitor/airflow_env/lib/python3.11/site-packages/airflow/example_dags/plugins/workday.py
[2025-11-04T22:07:56.692-0300] {processor.py:183} INFO - Processing /Users/joaovitor/airflow_env/lib/python3.11/site-packages/airflow/example_dags/plugins/workday.py took 0.101 seconds
[2025-11-04T22:09:49.199-0300] {processor.py:161} INFO - Started process (PID=31573) to work on /Users/joaovitor/airflow_env/lib/python3.11/site-packages/airflow/example_dags/plugins/workday.py
[2025-11-04T22:09:49.200-0300] {processor.py:830} INFO - Processing file /Users/joaovitor/airflow_env/lib/python3.11/site-packages/airflow/example_dags/plugins/workday.py for tasks to queue
[2025-11-04T22:09:49.201-0300] {logging_mixin.py:188} INFO - [2025-11-04T22:09:49.201-0300] {dagbag.py:545} INFO - Filling up the DagBag from /Users/joaovitor/airflow_env/lib/python3.11/site-packages/airflow/example_dags/plugins/workday.py
[2025-11-04T22:09:49.203-0300] {logging_mixin.py:188} INFO - [2025-11-04T22:09:49.203-0300] {workday.py:41} WARNING - Could not import pandas. Holidays will not be considered.
[2025-11-04T22:09:49.204-0300] {processor.py:842} WARNING - No viable dags retrieved from /Users/joaovitor/airflow_env/lib/python3.11/site-packages/airflow/example_dags/plugins/workday.py
[2025-11-04T22:09:49.305-0300] {processor.py:183} INFO - Processing /Users/joaovitor/airflow_env/lib/python3.11/site-packages/airflow/example_dags/plugins/workday.py took 0.109 seconds
[2025-11-04T22:11:46.237-0300] {processor.py:161} INFO - Started process (PID=31625) to work on /Users/joaovitor/airflow_env/lib/python3.11/site-packages/airflow/example_dags/plugins/workday.py
[2025-11-04T22:11:46.238-0300] {processor.py:830} INFO - Processing file /Users/joaovitor/airflow_env/lib/python3.11/site-packages/airflow/example_dags/plugins/workday.py for tasks to queue
[2025-11-04T22:11:46.239-0300] {logging_mixin.py:188} INFO - [2025-11-04T22:11:46.239-0300] {dagbag.py:545} INFO - Filling up the DagBag from /Users/joaovitor/airflow_env/lib/python3.11/site-packages/airflow/example_dags/plugins/workday.py
[2025-11-04T22:11:46.240-0300] {logging_mixin.py:188} INFO - [2025-11-04T22:11:46.240-0300] {workday.py:41} WARNING - Could not import pandas. Holidays will not be considered.
[2025-11-04T22:11:46.241-0300] {processor.py:842} WARNING - No viable dags retrieved from /Users/joaovitor/airflow_env/lib/python3.11/site-packages/airflow/example_dags/plugins/workday.py
[2025-11-04T22:11:46.334-0300] {processor.py:183} INFO - Processing /Users/joaovitor/airflow_env/lib/python3.11/site-packages/airflow/example_dags/plugins/workday.py took 0.100 seconds
[2025-11-04T22:13:48.341-0300] {processor.py:161} INFO - Started process (PID=31676) to work on /Users/joaovitor/airflow_env/lib/python3.11/site-packages/airflow/example_dags/plugins/workday.py
[2025-11-04T22:13:48.342-0300] {processor.py:830} INFO - Processing file /Users/joaovitor/airflow_env/lib/python3.11/site-packages/airflow/example_dags/plugins/workday.py for tasks to queue
[2025-11-04T22:13:48.342-0300] {logging_mixin.py:188} INFO - [2025-11-04T22:13:48.342-0300] {dagbag.py:545} INFO - Filling up the DagBag from /Users/joaovitor/airflow_env/lib/python3.11/site-packages/airflow/example_dags/plugins/workday.py
[2025-11-04T22:13:48.344-0300] {logging_mixin.py:188} INFO - [2025-11-04T22:13:48.344-0300] {workday.py:41} WARNING - Could not import pandas. Holidays will not be considered.
[2025-11-04T22:13:48.344-0300] {processor.py:842} WARNING - No viable dags retrieved from /Users/joaovitor/airflow_env/lib/python3.11/site-packages/airflow/example_dags/plugins/workday.py
[2025-11-04T22:13:48.429-0300] {processor.py:183} INFO - Processing /Users/joaovitor/airflow_env/lib/python3.11/site-packages/airflow/example_dags/plugins/workday.py took 0.091 seconds
[2025-11-04T22:15:59.629-0300] {processor.py:161} INFO - Started process (PID=31734) to work on /Users/joaovitor/airflow_env/lib/python3.11/site-packages/airflow/example_dags/plugins/workday.py
[2025-11-04T22:15:59.629-0300] {processor.py:830} INFO - Processing file /Users/joaovitor/airflow_env/lib/python3.11/site-packages/airflow/example_dags/plugins/workday.py for tasks to queue
[2025-11-04T22:15:59.630-0300] {logging_mixin.py:188} INFO - [2025-11-04T22:15:59.630-0300] {dagbag.py:545} INFO - Filling up the DagBag from /Users/joaovitor/airflow_env/lib/python3.11/site-packages/airflow/example_dags/plugins/workday.py
[2025-11-04T22:15:59.632-0300] {logging_mixin.py:188} INFO - [2025-11-04T22:15:59.631-0300] {workday.py:41} WARNING - Could not import pandas. Holidays will not be considered.
[2025-11-04T22:15:59.632-0300] {processor.py:842} WARNING - No viable dags retrieved from /Users/joaovitor/airflow_env/lib/python3.11/site-packages/airflow/example_dags/plugins/workday.py
[2025-11-04T22:15:59.723-0300] {processor.py:183} INFO - Processing /Users/joaovitor/airflow_env/lib/python3.11/site-packages/airflow/example_dags/plugins/workday.py took 0.097 seconds
[2025-11-04T22:17:53.632-0300] {processor.py:161} INFO - Started process (PID=31774) to work on /Users/joaovitor/airflow_env/lib/python3.11/site-packages/airflow/example_dags/plugins/workday.py
[2025-11-04T22:17:53.633-0300] {processor.py:830} INFO - Processing file /Users/joaovitor/airflow_env/lib/python3.11/site-packages/airflow/example_dags/plugins/workday.py for tasks to queue
[2025-11-04T22:17:53.634-0300] {logging_mixin.py:188} INFO - [2025-11-04T22:17:53.634-0300] {dagbag.py:545} INFO - Filling up the DagBag from /Users/joaovitor/airflow_env/lib/python3.11/site-packages/airflow/example_dags/plugins/workday.py
[2025-11-04T22:17:53.635-0300] {logging_mixin.py:188} INFO - [2025-11-04T22:17:53.635-0300] {workday.py:41} WARNING - Could not import pandas. Holidays will not be considered.
[2025-11-04T22:17:53.636-0300] {processor.py:842} WARNING - No viable dags retrieved from /Users/joaovitor/airflow_env/lib/python3.11/site-packages/airflow/example_dags/plugins/workday.py
[2025-11-04T22:17:53.726-0300] {processor.py:183} INFO - Processing /Users/joaovitor/airflow_env/lib/python3.11/site-packages/airflow/example_dags/plugins/workday.py took 0.096 seconds
[2025-11-04T22:19:56.852-0300] {processor.py:161} INFO - Started process (PID=31822) to work on /Users/joaovitor/airflow_env/lib/python3.11/site-packages/airflow/example_dags/plugins/workday.py
[2025-11-04T22:19:56.854-0300] {processor.py:830} INFO - Processing file /Users/joaovitor/airflow_env/lib/python3.11/site-packages/airflow/example_dags/plugins/workday.py for tasks to queue
[2025-11-04T22:19:56.855-0300] {logging_mixin.py:188} INFO - [2025-11-04T22:19:56.855-0300] {dagbag.py:545} INFO - Filling up the DagBag from /Users/joaovitor/airflow_env/lib/python3.11/site-packages/airflow/example_dags/plugins/workday.py
[2025-11-04T22:19:56.857-0300] {logging_mixin.py:188} INFO - [2025-11-04T22:19:56.856-0300] {workday.py:41} WARNING - Could not import pandas. Holidays will not be considered.
[2025-11-04T22:19:56.857-0300] {processor.py:842} WARNING - No viable dags retrieved from /Users/joaovitor/airflow_env/lib/python3.11/site-packages/airflow/example_dags/plugins/workday.py
[2025-11-04T22:19:56.963-0300] {processor.py:183} INFO - Processing /Users/joaovitor/airflow_env/lib/python3.11/site-packages/airflow/example_dags/plugins/workday.py took 0.114 seconds
[2025-11-04T22:22:00.817-0300] {processor.py:161} INFO - Started process (PID=31921) to work on /Users/joaovitor/airflow_env/lib/python3.11/site-packages/airflow/example_dags/plugins/workday.py
[2025-11-04T22:22:00.819-0300] {processor.py:830} INFO - Processing file /Users/joaovitor/airflow_env/lib/python3.11/site-packages/airflow/example_dags/plugins/workday.py for tasks to queue
[2025-11-04T22:22:00.820-0300] {logging_mixin.py:188} INFO - [2025-11-04T22:22:00.820-0300] {dagbag.py:545} INFO - Filling up the DagBag from /Users/joaovitor/airflow_env/lib/python3.11/site-packages/airflow/example_dags/plugins/workday.py
[2025-11-04T22:22:00.824-0300] {logging_mixin.py:188} INFO - [2025-11-04T22:22:00.823-0300] {workday.py:41} WARNING - Could not import pandas. Holidays will not be considered.
[2025-11-04T22:22:00.824-0300] {processor.py:842} WARNING - No viable dags retrieved from /Users/joaovitor/airflow_env/lib/python3.11/site-packages/airflow/example_dags/plugins/workday.py
[2025-11-04T22:22:00.928-0300] {processor.py:183} INFO - Processing /Users/joaovitor/airflow_env/lib/python3.11/site-packages/airflow/example_dags/plugins/workday.py took 0.114 seconds
[2025-11-04T22:24:08.187-0300] {processor.py:161} INFO - Started process (PID=31962) to work on /Users/joaovitor/airflow_env/lib/python3.11/site-packages/airflow/example_dags/plugins/workday.py
[2025-11-04T22:24:08.189-0300] {processor.py:830} INFO - Processing file /Users/joaovitor/airflow_env/lib/python3.11/site-packages/airflow/example_dags/plugins/workday.py for tasks to queue
[2025-11-04T22:24:08.189-0300] {logging_mixin.py:188} INFO - [2025-11-04T22:24:08.189-0300] {dagbag.py:545} INFO - Filling up the DagBag from /Users/joaovitor/airflow_env/lib/python3.11/site-packages/airflow/example_dags/plugins/workday.py
[2025-11-04T22:24:08.191-0300] {logging_mixin.py:188} INFO - [2025-11-04T22:24:08.191-0300] {workday.py:41} WARNING - Could not import pandas. Holidays will not be considered.
[2025-11-04T22:24:08.191-0300] {processor.py:842} WARNING - No viable dags retrieved from /Users/joaovitor/airflow_env/lib/python3.11/site-packages/airflow/example_dags/plugins/workday.py
[2025-11-04T22:24:08.463-0300] {processor.py:183} INFO - Processing /Users/joaovitor/airflow_env/lib/python3.11/site-packages/airflow/example_dags/plugins/workday.py took 0.285 seconds
[2025-11-04T22:26:15.671-0300] {processor.py:161} INFO - Started process (PID=32004) to work on /Users/joaovitor/airflow_env/lib/python3.11/site-packages/airflow/example_dags/plugins/workday.py
[2025-11-04T22:26:15.672-0300] {processor.py:830} INFO - Processing file /Users/joaovitor/airflow_env/lib/python3.11/site-packages/airflow/example_dags/plugins/workday.py for tasks to queue
[2025-11-04T22:26:15.673-0300] {logging_mixin.py:188} INFO - [2025-11-04T22:26:15.672-0300] {dagbag.py:545} INFO - Filling up the DagBag from /Users/joaovitor/airflow_env/lib/python3.11/site-packages/airflow/example_dags/plugins/workday.py
[2025-11-04T22:26:15.674-0300] {logging_mixin.py:188} INFO - [2025-11-04T22:26:15.674-0300] {workday.py:41} WARNING - Could not import pandas. Holidays will not be considered.
[2025-11-04T22:26:15.675-0300] {processor.py:842} WARNING - No viable dags retrieved from /Users/joaovitor/airflow_env/lib/python3.11/site-packages/airflow/example_dags/plugins/workday.py
[2025-11-04T22:26:15.783-0300] {processor.py:183} INFO - Processing /Users/joaovitor/airflow_env/lib/python3.11/site-packages/airflow/example_dags/plugins/workday.py took 0.115 seconds
[2025-11-04T22:28:24.917-0300] {processor.py:161} INFO - Started process (PID=32046) to work on /Users/joaovitor/airflow_env/lib/python3.11/site-packages/airflow/example_dags/plugins/workday.py
[2025-11-04T22:28:24.918-0300] {processor.py:830} INFO - Processing file /Users/joaovitor/airflow_env/lib/python3.11/site-packages/airflow/example_dags/plugins/workday.py for tasks to queue
[2025-11-04T22:28:24.919-0300] {logging_mixin.py:188} INFO - [2025-11-04T22:28:24.919-0300] {dagbag.py:545} INFO - Filling up the DagBag from /Users/joaovitor/airflow_env/lib/python3.11/site-packages/airflow/example_dags/plugins/workday.py
[2025-11-04T22:28:24.924-0300] {logging_mixin.py:188} INFO - [2025-11-04T22:28:24.924-0300] {workday.py:41} WARNING - Could not import pandas. Holidays will not be considered.
[2025-11-04T22:28:24.925-0300] {processor.py:842} WARNING - No viable dags retrieved from /Users/joaovitor/airflow_env/lib/python3.11/site-packages/airflow/example_dags/plugins/workday.py
[2025-11-04T22:28:25.027-0300] {processor.py:183} INFO - Processing /Users/joaovitor/airflow_env/lib/python3.11/site-packages/airflow/example_dags/plugins/workday.py took 0.112 seconds
[2025-11-04T22:30:43.086-0300] {processor.py:161} INFO - Started process (PID=32119) to work on /Users/joaovitor/airflow_env/lib/python3.11/site-packages/airflow/example_dags/plugins/workday.py
[2025-11-04T22:30:43.088-0300] {processor.py:830} INFO - Processing file /Users/joaovitor/airflow_env/lib/python3.11/site-packages/airflow/example_dags/plugins/workday.py for tasks to queue
[2025-11-04T22:30:43.089-0300] {logging_mixin.py:188} INFO - [2025-11-04T22:30:43.088-0300] {dagbag.py:545} INFO - Filling up the DagBag from /Users/joaovitor/airflow_env/lib/python3.11/site-packages/airflow/example_dags/plugins/workday.py
[2025-11-04T22:30:43.091-0300] {logging_mixin.py:188} INFO - [2025-11-04T22:30:43.091-0300] {workday.py:41} WARNING - Could not import pandas. Holidays will not be considered.
[2025-11-04T22:30:43.092-0300] {processor.py:842} WARNING - No viable dags retrieved from /Users/joaovitor/airflow_env/lib/python3.11/site-packages/airflow/example_dags/plugins/workday.py
[2025-11-04T22:30:43.254-0300] {processor.py:183} INFO - Processing /Users/joaovitor/airflow_env/lib/python3.11/site-packages/airflow/example_dags/plugins/workday.py took 0.172 seconds
[2025-11-04T22:33:22.061-0300] {processor.py:161} INFO - Started process (PID=32237) to work on /Users/joaovitor/airflow_env/lib/python3.11/site-packages/airflow/example_dags/plugins/workday.py
[2025-11-04T22:33:22.063-0300] {processor.py:830} INFO - Processing file /Users/joaovitor/airflow_env/lib/python3.11/site-packages/airflow/example_dags/plugins/workday.py for tasks to queue
[2025-11-04T22:33:22.064-0300] {logging_mixin.py:188} INFO - [2025-11-04T22:33:22.064-0300] {dagbag.py:545} INFO - Filling up the DagBag from /Users/joaovitor/airflow_env/lib/python3.11/site-packages/airflow/example_dags/plugins/workday.py
[2025-11-04T22:33:22.067-0300] {logging_mixin.py:188} INFO - [2025-11-04T22:33:22.067-0300] {workday.py:41} WARNING - Could not import pandas. Holidays will not be considered.
[2025-11-04T22:33:22.068-0300] {processor.py:842} WARNING - No viable dags retrieved from /Users/joaovitor/airflow_env/lib/python3.11/site-packages/airflow/example_dags/plugins/workday.py
[2025-11-04T22:33:22.171-0300] {processor.py:183} INFO - Processing /Users/joaovitor/airflow_env/lib/python3.11/site-packages/airflow/example_dags/plugins/workday.py took 0.114 seconds
[2025-11-04T22:35:44.952-0300] {processor.py:161} INFO - Started process (PID=32415) to work on /Users/joaovitor/airflow_env/lib/python3.11/site-packages/airflow/example_dags/plugins/workday.py
[2025-11-04T22:35:44.954-0300] {processor.py:830} INFO - Processing file /Users/joaovitor/airflow_env/lib/python3.11/site-packages/airflow/example_dags/plugins/workday.py for tasks to queue
[2025-11-04T22:35:44.955-0300] {logging_mixin.py:188} INFO - [2025-11-04T22:35:44.955-0300] {dagbag.py:545} INFO - Filling up the DagBag from /Users/joaovitor/airflow_env/lib/python3.11/site-packages/airflow/example_dags/plugins/workday.py
[2025-11-04T22:35:44.958-0300] {logging_mixin.py:188} INFO - [2025-11-04T22:35:44.957-0300] {workday.py:41} WARNING - Could not import pandas. Holidays will not be considered.
[2025-11-04T22:35:44.958-0300] {processor.py:842} WARNING - No viable dags retrieved from /Users/joaovitor/airflow_env/lib/python3.11/site-packages/airflow/example_dags/plugins/workday.py
[2025-11-04T22:35:45.043-0300] {processor.py:183} INFO - Processing /Users/joaovitor/airflow_env/lib/python3.11/site-packages/airflow/example_dags/plugins/workday.py took 0.094 seconds
[2025-11-04T22:37:58.849-0300] {processor.py:161} INFO - Started process (PID=32643) to work on /Users/joaovitor/airflow_env/lib/python3.11/site-packages/airflow/example_dags/plugins/workday.py
[2025-11-04T22:37:58.851-0300] {processor.py:830} INFO - Processing file /Users/joaovitor/airflow_env/lib/python3.11/site-packages/airflow/example_dags/plugins/workday.py for tasks to queue
[2025-11-04T22:37:58.855-0300] {logging_mixin.py:188} INFO - [2025-11-04T22:37:58.854-0300] {dagbag.py:545} INFO - Filling up the DagBag from /Users/joaovitor/airflow_env/lib/python3.11/site-packages/airflow/example_dags/plugins/workday.py
[2025-11-04T22:37:58.858-0300] {logging_mixin.py:188} INFO - [2025-11-04T22:37:58.858-0300] {workday.py:41} WARNING - Could not import pandas. Holidays will not be considered.
[2025-11-04T22:37:58.858-0300] {processor.py:842} WARNING - No viable dags retrieved from /Users/joaovitor/airflow_env/lib/python3.11/site-packages/airflow/example_dags/plugins/workday.py
[2025-11-04T22:37:58.976-0300] {processor.py:183} INFO - Processing /Users/joaovitor/airflow_env/lib/python3.11/site-packages/airflow/example_dags/plugins/workday.py took 0.131 seconds
[2025-11-04T22:40:24.753-0300] {processor.py:161} INFO - Started process (PID=32694) to work on /Users/joaovitor/airflow_env/lib/python3.11/site-packages/airflow/example_dags/plugins/workday.py
[2025-11-04T22:40:24.755-0300] {processor.py:830} INFO - Processing file /Users/joaovitor/airflow_env/lib/python3.11/site-packages/airflow/example_dags/plugins/workday.py for tasks to queue
[2025-11-04T22:40:24.756-0300] {logging_mixin.py:188} INFO - [2025-11-04T22:40:24.756-0300] {dagbag.py:545} INFO - Filling up the DagBag from /Users/joaovitor/airflow_env/lib/python3.11/site-packages/airflow/example_dags/plugins/workday.py
[2025-11-04T22:40:24.760-0300] {logging_mixin.py:188} INFO - [2025-11-04T22:40:24.759-0300] {workday.py:41} WARNING - Could not import pandas. Holidays will not be considered.
[2025-11-04T22:40:24.760-0300] {processor.py:842} WARNING - No viable dags retrieved from /Users/joaovitor/airflow_env/lib/python3.11/site-packages/airflow/example_dags/plugins/workday.py
[2025-11-04T22:40:24.860-0300] {processor.py:183} INFO - Processing /Users/joaovitor/airflow_env/lib/python3.11/site-packages/airflow/example_dags/plugins/workday.py took 0.110 seconds
[2025-11-04T22:42:50.737-0300] {processor.py:161} INFO - Started process (PID=32752) to work on /Users/joaovitor/airflow_env/lib/python3.11/site-packages/airflow/example_dags/plugins/workday.py
[2025-11-04T22:42:50.739-0300] {processor.py:830} INFO - Processing file /Users/joaovitor/airflow_env/lib/python3.11/site-packages/airflow/example_dags/plugins/workday.py for tasks to queue
[2025-11-04T22:42:50.740-0300] {logging_mixin.py:188} INFO - [2025-11-04T22:42:50.740-0300] {dagbag.py:545} INFO - Filling up the DagBag from /Users/joaovitor/airflow_env/lib/python3.11/site-packages/airflow/example_dags/plugins/workday.py
[2025-11-04T22:42:50.744-0300] {logging_mixin.py:188} INFO - [2025-11-04T22:42:50.743-0300] {workday.py:41} WARNING - Could not import pandas. Holidays will not be considered.
[2025-11-04T22:42:50.744-0300] {processor.py:842} WARNING - No viable dags retrieved from /Users/joaovitor/airflow_env/lib/python3.11/site-packages/airflow/example_dags/plugins/workday.py
[2025-11-04T22:42:50.839-0300] {processor.py:183} INFO - Processing /Users/joaovitor/airflow_env/lib/python3.11/site-packages/airflow/example_dags/plugins/workday.py took 0.105 seconds
[2025-11-04T22:45:04.566-0300] {processor.py:161} INFO - Started process (PID=32802) to work on /Users/joaovitor/airflow_env/lib/python3.11/site-packages/airflow/example_dags/plugins/workday.py
[2025-11-04T22:45:04.567-0300] {processor.py:830} INFO - Processing file /Users/joaovitor/airflow_env/lib/python3.11/site-packages/airflow/example_dags/plugins/workday.py for tasks to queue
[2025-11-04T22:45:04.568-0300] {logging_mixin.py:188} INFO - [2025-11-04T22:45:04.568-0300] {dagbag.py:545} INFO - Filling up the DagBag from /Users/joaovitor/airflow_env/lib/python3.11/site-packages/airflow/example_dags/plugins/workday.py
[2025-11-04T22:45:04.569-0300] {logging_mixin.py:188} INFO - [2025-11-04T22:45:04.569-0300] {workday.py:41} WARNING - Could not import pandas. Holidays will not be considered.
[2025-11-04T22:45:04.570-0300] {processor.py:842} WARNING - No viable dags retrieved from /Users/joaovitor/airflow_env/lib/python3.11/site-packages/airflow/example_dags/plugins/workday.py
[2025-11-04T22:45:04.658-0300] {processor.py:183} INFO - Processing /Users/joaovitor/airflow_env/lib/python3.11/site-packages/airflow/example_dags/plugins/workday.py took 0.094 seconds
[2025-11-04T22:47:22.608-0300] {processor.py:161} INFO - Started process (PID=32859) to work on /Users/joaovitor/airflow_env/lib/python3.11/site-packages/airflow/example_dags/plugins/workday.py
[2025-11-04T22:47:22.609-0300] {processor.py:830} INFO - Processing file /Users/joaovitor/airflow_env/lib/python3.11/site-packages/airflow/example_dags/plugins/workday.py for tasks to queue
[2025-11-04T22:47:22.609-0300] {logging_mixin.py:188} INFO - [2025-11-04T22:47:22.609-0300] {dagbag.py:545} INFO - Filling up the DagBag from /Users/joaovitor/airflow_env/lib/python3.11/site-packages/airflow/example_dags/plugins/workday.py
[2025-11-04T22:47:22.611-0300] {logging_mixin.py:188} INFO - [2025-11-04T22:47:22.611-0300] {workday.py:41} WARNING - Could not import pandas. Holidays will not be considered.
[2025-11-04T22:47:22.611-0300] {processor.py:842} WARNING - No viable dags retrieved from /Users/joaovitor/airflow_env/lib/python3.11/site-packages/airflow/example_dags/plugins/workday.py
[2025-11-04T22:47:22.773-0300] {processor.py:183} INFO - Processing /Users/joaovitor/airflow_env/lib/python3.11/site-packages/airflow/example_dags/plugins/workday.py took 0.176 seconds
[2025-11-04T22:49:35.856-0300] {processor.py:161} INFO - Started process (PID=32929) to work on /Users/joaovitor/airflow_env/lib/python3.11/site-packages/airflow/example_dags/plugins/workday.py
[2025-11-04T22:49:35.858-0300] {processor.py:830} INFO - Processing file /Users/joaovitor/airflow_env/lib/python3.11/site-packages/airflow/example_dags/plugins/workday.py for tasks to queue
[2025-11-04T22:49:35.859-0300] {logging_mixin.py:188} INFO - [2025-11-04T22:49:35.859-0300] {dagbag.py:545} INFO - Filling up the DagBag from /Users/joaovitor/airflow_env/lib/python3.11/site-packages/airflow/example_dags/plugins/workday.py
[2025-11-04T22:49:35.862-0300] {logging_mixin.py:188} INFO - [2025-11-04T22:49:35.862-0300] {workday.py:41} WARNING - Could not import pandas. Holidays will not be considered.
[2025-11-04T22:49:35.862-0300] {processor.py:842} WARNING - No viable dags retrieved from /Users/joaovitor/airflow_env/lib/python3.11/site-packages/airflow/example_dags/plugins/workday.py
[2025-11-04T22:49:35.948-0300] {processor.py:183} INFO - Processing /Users/joaovitor/airflow_env/lib/python3.11/site-packages/airflow/example_dags/plugins/workday.py took 0.094 seconds
[2025-11-04T22:51:47.631-0300] {processor.py:161} INFO - Started process (PID=32974) to work on /Users/joaovitor/airflow_env/lib/python3.11/site-packages/airflow/example_dags/plugins/workday.py
[2025-11-04T22:51:47.633-0300] {processor.py:830} INFO - Processing file /Users/joaovitor/airflow_env/lib/python3.11/site-packages/airflow/example_dags/plugins/workday.py for tasks to queue
[2025-11-04T22:51:47.634-0300] {logging_mixin.py:188} INFO - [2025-11-04T22:51:47.634-0300] {dagbag.py:545} INFO - Filling up the DagBag from /Users/joaovitor/airflow_env/lib/python3.11/site-packages/airflow/example_dags/plugins/workday.py
[2025-11-04T22:51:47.636-0300] {logging_mixin.py:188} INFO - [2025-11-04T22:51:47.635-0300] {workday.py:41} WARNING - Could not import pandas. Holidays will not be considered.
[2025-11-04T22:51:47.636-0300] {processor.py:842} WARNING - No viable dags retrieved from /Users/joaovitor/airflow_env/lib/python3.11/site-packages/airflow/example_dags/plugins/workday.py
[2025-11-04T22:51:47.735-0300] {processor.py:183} INFO - Processing /Users/joaovitor/airflow_env/lib/python3.11/site-packages/airflow/example_dags/plugins/workday.py took 0.106 seconds
[2025-11-04T22:54:16.206-0300] {processor.py:161} INFO - Started process (PID=33030) to work on /Users/joaovitor/airflow_env/lib/python3.11/site-packages/airflow/example_dags/plugins/workday.py
[2025-11-04T22:54:16.208-0300] {processor.py:830} INFO - Processing file /Users/joaovitor/airflow_env/lib/python3.11/site-packages/airflow/example_dags/plugins/workday.py for tasks to queue
[2025-11-04T22:54:16.209-0300] {logging_mixin.py:188} INFO - [2025-11-04T22:54:16.209-0300] {dagbag.py:545} INFO - Filling up the DagBag from /Users/joaovitor/airflow_env/lib/python3.11/site-packages/airflow/example_dags/plugins/workday.py
[2025-11-04T22:54:16.212-0300] {logging_mixin.py:188} INFO - [2025-11-04T22:54:16.212-0300] {workday.py:41} WARNING - Could not import pandas. Holidays will not be considered.
[2025-11-04T22:54:16.213-0300] {processor.py:842} WARNING - No viable dags retrieved from /Users/joaovitor/airflow_env/lib/python3.11/site-packages/airflow/example_dags/plugins/workday.py
[2025-11-04T22:54:16.367-0300] {processor.py:183} INFO - Processing /Users/joaovitor/airflow_env/lib/python3.11/site-packages/airflow/example_dags/plugins/workday.py took 0.162 seconds
[2025-11-04T22:56:29.500-0300] {processor.py:161} INFO - Started process (PID=33073) to work on /Users/joaovitor/airflow_env/lib/python3.11/site-packages/airflow/example_dags/plugins/workday.py
[2025-11-04T22:56:29.501-0300] {processor.py:830} INFO - Processing file /Users/joaovitor/airflow_env/lib/python3.11/site-packages/airflow/example_dags/plugins/workday.py for tasks to queue
[2025-11-04T22:56:29.501-0300] {logging_mixin.py:188} INFO - [2025-11-04T22:56:29.501-0300] {dagbag.py:545} INFO - Filling up the DagBag from /Users/joaovitor/airflow_env/lib/python3.11/site-packages/airflow/example_dags/plugins/workday.py
[2025-11-04T22:56:29.503-0300] {logging_mixin.py:188} INFO - [2025-11-04T22:56:29.503-0300] {workday.py:41} WARNING - Could not import pandas. Holidays will not be considered.
[2025-11-04T22:56:29.503-0300] {processor.py:842} WARNING - No viable dags retrieved from /Users/joaovitor/airflow_env/lib/python3.11/site-packages/airflow/example_dags/plugins/workday.py
[2025-11-04T22:56:29.603-0300] {processor.py:183} INFO - Processing /Users/joaovitor/airflow_env/lib/python3.11/site-packages/airflow/example_dags/plugins/workday.py took 0.106 seconds
[2025-11-04T22:58:41.316-0300] {processor.py:161} INFO - Started process (PID=33115) to work on /Users/joaovitor/airflow_env/lib/python3.11/site-packages/airflow/example_dags/plugins/workday.py
[2025-11-04T22:58:41.317-0300] {processor.py:830} INFO - Processing file /Users/joaovitor/airflow_env/lib/python3.11/site-packages/airflow/example_dags/plugins/workday.py for tasks to queue
[2025-11-04T22:58:41.318-0300] {logging_mixin.py:188} INFO - [2025-11-04T22:58:41.318-0300] {dagbag.py:545} INFO - Filling up the DagBag from /Users/joaovitor/airflow_env/lib/python3.11/site-packages/airflow/example_dags/plugins/workday.py
[2025-11-04T22:58:41.320-0300] {logging_mixin.py:188} INFO - [2025-11-04T22:58:41.320-0300] {workday.py:41} WARNING - Could not import pandas. Holidays will not be considered.
[2025-11-04T22:58:41.320-0300] {processor.py:842} WARNING - No viable dags retrieved from /Users/joaovitor/airflow_env/lib/python3.11/site-packages/airflow/example_dags/plugins/workday.py
[2025-11-04T22:58:41.425-0300] {processor.py:183} INFO - Processing /Users/joaovitor/airflow_env/lib/python3.11/site-packages/airflow/example_dags/plugins/workday.py took 0.112 seconds
[2025-11-04T23:01:08.451-0300] {processor.py:161} INFO - Started process (PID=33164) to work on /Users/joaovitor/airflow_env/lib/python3.11/site-packages/airflow/example_dags/plugins/workday.py
[2025-11-04T23:01:08.453-0300] {processor.py:830} INFO - Processing file /Users/joaovitor/airflow_env/lib/python3.11/site-packages/airflow/example_dags/plugins/workday.py for tasks to queue
[2025-11-04T23:01:08.454-0300] {logging_mixin.py:188} INFO - [2025-11-04T23:01:08.453-0300] {dagbag.py:545} INFO - Filling up the DagBag from /Users/joaovitor/airflow_env/lib/python3.11/site-packages/airflow/example_dags/plugins/workday.py
[2025-11-04T23:01:08.456-0300] {logging_mixin.py:188} INFO - [2025-11-04T23:01:08.455-0300] {workday.py:41} WARNING - Could not import pandas. Holidays will not be considered.
[2025-11-04T23:01:08.456-0300] {processor.py:842} WARNING - No viable dags retrieved from /Users/joaovitor/airflow_env/lib/python3.11/site-packages/airflow/example_dags/plugins/workday.py
[2025-11-04T23:01:08.561-0300] {processor.py:183} INFO - Processing /Users/joaovitor/airflow_env/lib/python3.11/site-packages/airflow/example_dags/plugins/workday.py took 0.114 seconds
[2025-11-04T23:03:27.535-0300] {processor.py:161} INFO - Started process (PID=33208) to work on /Users/joaovitor/airflow_env/lib/python3.11/site-packages/airflow/example_dags/plugins/workday.py
[2025-11-04T23:03:27.536-0300] {processor.py:830} INFO - Processing file /Users/joaovitor/airflow_env/lib/python3.11/site-packages/airflow/example_dags/plugins/workday.py for tasks to queue
[2025-11-04T23:03:27.537-0300] {logging_mixin.py:188} INFO - [2025-11-04T23:03:27.536-0300] {dagbag.py:545} INFO - Filling up the DagBag from /Users/joaovitor/airflow_env/lib/python3.11/site-packages/airflow/example_dags/plugins/workday.py
[2025-11-04T23:03:27.538-0300] {logging_mixin.py:188} INFO - [2025-11-04T23:03:27.538-0300] {workday.py:41} WARNING - Could not import pandas. Holidays will not be considered.
[2025-11-04T23:03:27.538-0300] {processor.py:842} WARNING - No viable dags retrieved from /Users/joaovitor/airflow_env/lib/python3.11/site-packages/airflow/example_dags/plugins/workday.py
[2025-11-04T23:03:27.639-0300] {processor.py:183} INFO - Processing /Users/joaovitor/airflow_env/lib/python3.11/site-packages/airflow/example_dags/plugins/workday.py took 0.107 seconds
