[2025-11-04T21:46:43.707-0300] {processor.py:161} INFO - Started process (PID=31072) to work on /Users/joaovitor/airflow_env/lib/python3.11/site-packages/airflow/example_dags/example_setup_teardown_taskflow.py
[2025-11-04T21:46:43.708-0300] {processor.py:830} INFO - Processing file /Users/joaovitor/airflow_env/lib/python3.11/site-packages/airflow/example_dags/example_setup_teardown_taskflow.py for tasks to queue
[2025-11-04T21:46:43.708-0300] {logging_mixin.py:188} INFO - [2025-11-04T21:46:43.708-0300] {dagbag.py:545} INFO - Filling up the DagBag from /Users/joaovitor/airflow_env/lib/python3.11/site-packages/airflow/example_dags/example_setup_teardown_taskflow.py
[2025-11-04T21:46:43.751-0300] {processor.py:840} INFO - DAG(s) 'example_setup_teardown_taskflow' retrieved from /Users/joaovitor/airflow_env/lib/python3.11/site-packages/airflow/example_dags/example_setup_teardown_taskflow.py
[2025-11-04T21:46:43.971-0300] {logging_mixin.py:188} INFO - [2025-11-04T21:46:43.971-0300] {override.py:1858} INFO - Created Permission View: can delete on DAG:example_setup_teardown_taskflow
[2025-11-04T21:46:43.982-0300] {logging_mixin.py:188} INFO - [2025-11-04T21:46:43.982-0300] {override.py:1858} INFO - Created Permission View: can read on DAG:example_setup_teardown_taskflow
[2025-11-04T21:46:43.991-0300] {logging_mixin.py:188} INFO - [2025-11-04T21:46:43.990-0300] {override.py:1858} INFO - Created Permission View: can edit on DAG:example_setup_teardown_taskflow
[2025-11-04T21:46:43.992-0300] {logging_mixin.py:188} INFO - [2025-11-04T21:46:43.991-0300] {dag.py:3089} INFO - Sync 1 DAGs
[2025-11-04T21:46:44.072-0300] {logging_mixin.py:188} INFO - [2025-11-04T21:46:44.072-0300] {dag.py:3111} INFO - Creating ORM DAG for example_setup_teardown_taskflow
[2025-11-04T21:46:44.084-0300] {logging_mixin.py:188} INFO - [2025-11-04T21:46:44.083-0300] {dag.py:3947} INFO - Setting next_dagrun for example_setup_teardown_taskflow to 2025-11-04 00:00:00+00:00, run_after=2025-11-05 00:00:00+00:00
[2025-11-04T21:46:44.110-0300] {processor.py:183} INFO - Processing /Users/joaovitor/airflow_env/lib/python3.11/site-packages/airflow/example_dags/example_setup_teardown_taskflow.py took 0.405 seconds
[2025-11-04T21:49:44.828-0300] {processor.py:161} INFO - Started process (PID=31168) to work on /Users/joaovitor/airflow_env/lib/python3.11/site-packages/airflow/example_dags/example_setup_teardown_taskflow.py
[2025-11-04T21:49:44.832-0300] {processor.py:830} INFO - Processing file /Users/joaovitor/airflow_env/lib/python3.11/site-packages/airflow/example_dags/example_setup_teardown_taskflow.py for tasks to queue
[2025-11-04T21:49:44.834-0300] {logging_mixin.py:188} INFO - [2025-11-04T21:49:44.834-0300] {dagbag.py:545} INFO - Filling up the DagBag from /Users/joaovitor/airflow_env/lib/python3.11/site-packages/airflow/example_dags/example_setup_teardown_taskflow.py
[2025-11-04T21:49:44.957-0300] {processor.py:840} INFO - DAG(s) 'example_setup_teardown_taskflow' retrieved from /Users/joaovitor/airflow_env/lib/python3.11/site-packages/airflow/example_dags/example_setup_teardown_taskflow.py
[2025-11-04T21:49:45.890-0300] {logging_mixin.py:188} INFO - [2025-11-04T21:49:45.889-0300] {dag.py:3089} INFO - Sync 1 DAGs
[2025-11-04T21:49:46.106-0300] {logging_mixin.py:188} INFO - [2025-11-04T21:49:46.106-0300] {dag.py:3947} INFO - Setting next_dagrun for example_setup_teardown_taskflow to 2025-11-04 00:00:00+00:00, run_after=2025-11-05 00:00:00+00:00
[2025-11-04T21:49:46.210-0300] {processor.py:183} INFO - Processing /Users/joaovitor/airflow_env/lib/python3.11/site-packages/airflow/example_dags/example_setup_teardown_taskflow.py took 1.389 seconds
[2025-11-04T21:51:59.033-0300] {processor.py:161} INFO - Started process (PID=31234) to work on /Users/joaovitor/airflow_env/lib/python3.11/site-packages/airflow/example_dags/example_setup_teardown_taskflow.py
[2025-11-04T21:51:59.035-0300] {processor.py:830} INFO - Processing file /Users/joaovitor/airflow_env/lib/python3.11/site-packages/airflow/example_dags/example_setup_teardown_taskflow.py for tasks to queue
[2025-11-04T21:51:59.036-0300] {logging_mixin.py:188} INFO - [2025-11-04T21:51:59.036-0300] {dagbag.py:545} INFO - Filling up the DagBag from /Users/joaovitor/airflow_env/lib/python3.11/site-packages/airflow/example_dags/example_setup_teardown_taskflow.py
[2025-11-04T21:51:59.081-0300] {processor.py:840} INFO - DAG(s) 'example_setup_teardown_taskflow' retrieved from /Users/joaovitor/airflow_env/lib/python3.11/site-packages/airflow/example_dags/example_setup_teardown_taskflow.py
[2025-11-04T21:51:59.194-0300] {logging_mixin.py:188} INFO - [2025-11-04T21:51:59.193-0300] {dag.py:3089} INFO - Sync 1 DAGs
[2025-11-04T21:51:59.213-0300] {logging_mixin.py:188} INFO - [2025-11-04T21:51:59.212-0300] {dag.py:3947} INFO - Setting next_dagrun for example_setup_teardown_taskflow to 2025-11-04 00:00:00+00:00, run_after=2025-11-05 00:00:00+00:00
[2025-11-04T21:51:59.235-0300] {processor.py:183} INFO - Processing /Users/joaovitor/airflow_env/lib/python3.11/site-packages/airflow/example_dags/example_setup_teardown_taskflow.py took 0.205 seconds
[2025-11-04T21:53:55.755-0300] {processor.py:161} INFO - Started process (PID=31276) to work on /Users/joaovitor/airflow_env/lib/python3.11/site-packages/airflow/example_dags/example_setup_teardown_taskflow.py
[2025-11-04T21:53:55.755-0300] {processor.py:830} INFO - Processing file /Users/joaovitor/airflow_env/lib/python3.11/site-packages/airflow/example_dags/example_setup_teardown_taskflow.py for tasks to queue
[2025-11-04T21:53:55.756-0300] {logging_mixin.py:188} INFO - [2025-11-04T21:53:55.756-0300] {dagbag.py:545} INFO - Filling up the DagBag from /Users/joaovitor/airflow_env/lib/python3.11/site-packages/airflow/example_dags/example_setup_teardown_taskflow.py
[2025-11-04T21:53:55.795-0300] {processor.py:840} INFO - DAG(s) 'example_setup_teardown_taskflow' retrieved from /Users/joaovitor/airflow_env/lib/python3.11/site-packages/airflow/example_dags/example_setup_teardown_taskflow.py
[2025-11-04T21:53:55.900-0300] {logging_mixin.py:188} INFO - [2025-11-04T21:53:55.900-0300] {dag.py:3089} INFO - Sync 1 DAGs
[2025-11-04T21:53:55.916-0300] {logging_mixin.py:188} INFO - [2025-11-04T21:53:55.916-0300] {dag.py:3947} INFO - Setting next_dagrun for example_setup_teardown_taskflow to 2025-11-04 00:00:00+00:00, run_after=2025-11-05 00:00:00+00:00
[2025-11-04T21:53:55.936-0300] {processor.py:183} INFO - Processing /Users/joaovitor/airflow_env/lib/python3.11/site-packages/airflow/example_dags/example_setup_teardown_taskflow.py took 0.184 seconds
[2025-11-04T21:55:48.508-0300] {processor.py:161} INFO - Started process (PID=31318) to work on /Users/joaovitor/airflow_env/lib/python3.11/site-packages/airflow/example_dags/example_setup_teardown_taskflow.py
[2025-11-04T21:55:48.509-0300] {processor.py:830} INFO - Processing file /Users/joaovitor/airflow_env/lib/python3.11/site-packages/airflow/example_dags/example_setup_teardown_taskflow.py for tasks to queue
[2025-11-04T21:55:48.509-0300] {logging_mixin.py:188} INFO - [2025-11-04T21:55:48.509-0300] {dagbag.py:545} INFO - Filling up the DagBag from /Users/joaovitor/airflow_env/lib/python3.11/site-packages/airflow/example_dags/example_setup_teardown_taskflow.py
[2025-11-04T21:55:48.553-0300] {processor.py:840} INFO - DAG(s) 'example_setup_teardown_taskflow' retrieved from /Users/joaovitor/airflow_env/lib/python3.11/site-packages/airflow/example_dags/example_setup_teardown_taskflow.py
[2025-11-04T21:55:48.666-0300] {logging_mixin.py:188} INFO - [2025-11-04T21:55:48.666-0300] {dag.py:3089} INFO - Sync 1 DAGs
[2025-11-04T21:55:48.685-0300] {logging_mixin.py:188} INFO - [2025-11-04T21:55:48.684-0300] {dag.py:3947} INFO - Setting next_dagrun for example_setup_teardown_taskflow to 2025-11-04 00:00:00+00:00, run_after=2025-11-05 00:00:00+00:00
[2025-11-04T21:55:48.709-0300] {processor.py:183} INFO - Processing /Users/joaovitor/airflow_env/lib/python3.11/site-packages/airflow/example_dags/example_setup_teardown_taskflow.py took 0.204 seconds
[2025-11-04T21:57:39.180-0300] {processor.py:161} INFO - Started process (PID=31358) to work on /Users/joaovitor/airflow_env/lib/python3.11/site-packages/airflow/example_dags/example_setup_teardown_taskflow.py
[2025-11-04T21:57:39.181-0300] {processor.py:830} INFO - Processing file /Users/joaovitor/airflow_env/lib/python3.11/site-packages/airflow/example_dags/example_setup_teardown_taskflow.py for tasks to queue
[2025-11-04T21:57:39.181-0300] {logging_mixin.py:188} INFO - [2025-11-04T21:57:39.181-0300] {dagbag.py:545} INFO - Filling up the DagBag from /Users/joaovitor/airflow_env/lib/python3.11/site-packages/airflow/example_dags/example_setup_teardown_taskflow.py
[2025-11-04T21:57:39.221-0300] {processor.py:840} INFO - DAG(s) 'example_setup_teardown_taskflow' retrieved from /Users/joaovitor/airflow_env/lib/python3.11/site-packages/airflow/example_dags/example_setup_teardown_taskflow.py
[2025-11-04T21:57:39.323-0300] {logging_mixin.py:188} INFO - [2025-11-04T21:57:39.323-0300] {dag.py:3089} INFO - Sync 1 DAGs
[2025-11-04T21:57:39.340-0300] {logging_mixin.py:188} INFO - [2025-11-04T21:57:39.340-0300] {dag.py:3947} INFO - Setting next_dagrun for example_setup_teardown_taskflow to 2025-11-04 00:00:00+00:00, run_after=2025-11-05 00:00:00+00:00
[2025-11-04T21:57:39.360-0300] {processor.py:183} INFO - Processing /Users/joaovitor/airflow_env/lib/python3.11/site-packages/airflow/example_dags/example_setup_teardown_taskflow.py took 0.183 seconds
[2025-11-04T21:59:30.387-0300] {processor.py:161} INFO - Started process (PID=31397) to work on /Users/joaovitor/airflow_env/lib/python3.11/site-packages/airflow/example_dags/example_setup_teardown_taskflow.py
[2025-11-04T21:59:30.389-0300] {processor.py:830} INFO - Processing file /Users/joaovitor/airflow_env/lib/python3.11/site-packages/airflow/example_dags/example_setup_teardown_taskflow.py for tasks to queue
[2025-11-04T21:59:30.391-0300] {logging_mixin.py:188} INFO - [2025-11-04T21:59:30.390-0300] {dagbag.py:545} INFO - Filling up the DagBag from /Users/joaovitor/airflow_env/lib/python3.11/site-packages/airflow/example_dags/example_setup_teardown_taskflow.py
[2025-11-04T21:59:30.441-0300] {processor.py:840} INFO - DAG(s) 'example_setup_teardown_taskflow' retrieved from /Users/joaovitor/airflow_env/lib/python3.11/site-packages/airflow/example_dags/example_setup_teardown_taskflow.py
[2025-11-04T21:59:30.566-0300] {logging_mixin.py:188} INFO - [2025-11-04T21:59:30.566-0300] {dag.py:3089} INFO - Sync 1 DAGs
[2025-11-04T21:59:30.585-0300] {logging_mixin.py:188} INFO - [2025-11-04T21:59:30.585-0300] {dag.py:3947} INFO - Setting next_dagrun for example_setup_teardown_taskflow to 2025-11-04 00:00:00+00:00, run_after=2025-11-05 00:00:00+00:00
[2025-11-04T21:59:30.608-0300] {processor.py:183} INFO - Processing /Users/joaovitor/airflow_env/lib/python3.11/site-packages/airflow/example_dags/example_setup_teardown_taskflow.py took 0.224 seconds
[2025-11-04T22:05:06.343-0300] {processor.py:161} INFO - Started process (PID=31454) to work on /Users/joaovitor/airflow_env/lib/python3.11/site-packages/airflow/example_dags/example_setup_teardown_taskflow.py
[2025-11-04T22:05:06.344-0300] {processor.py:830} INFO - Processing file /Users/joaovitor/airflow_env/lib/python3.11/site-packages/airflow/example_dags/example_setup_teardown_taskflow.py for tasks to queue
[2025-11-04T22:05:06.345-0300] {logging_mixin.py:188} INFO - [2025-11-04T22:05:06.345-0300] {dagbag.py:545} INFO - Filling up the DagBag from /Users/joaovitor/airflow_env/lib/python3.11/site-packages/airflow/example_dags/example_setup_teardown_taskflow.py
[2025-11-04T22:05:06.385-0300] {processor.py:840} INFO - DAG(s) 'example_setup_teardown_taskflow' retrieved from /Users/joaovitor/airflow_env/lib/python3.11/site-packages/airflow/example_dags/example_setup_teardown_taskflow.py
[2025-11-04T22:05:06.486-0300] {logging_mixin.py:188} INFO - [2025-11-04T22:05:06.486-0300] {dag.py:3089} INFO - Sync 1 DAGs
[2025-11-04T22:05:06.502-0300] {logging_mixin.py:188} INFO - [2025-11-04T22:05:06.502-0300] {dag.py:3947} INFO - Setting next_dagrun for example_setup_teardown_taskflow to 2025-11-04 00:00:00+00:00, run_after=2025-11-05 00:00:00+00:00
[2025-11-04T22:05:06.522-0300] {processor.py:183} INFO - Processing /Users/joaovitor/airflow_env/lib/python3.11/site-packages/airflow/example_dags/example_setup_teardown_taskflow.py took 0.181 seconds
[2025-11-04T22:07:00.545-0300] {processor.py:161} INFO - Started process (PID=31513) to work on /Users/joaovitor/airflow_env/lib/python3.11/site-packages/airflow/example_dags/example_setup_teardown_taskflow.py
[2025-11-04T22:07:00.546-0300] {processor.py:830} INFO - Processing file /Users/joaovitor/airflow_env/lib/python3.11/site-packages/airflow/example_dags/example_setup_teardown_taskflow.py for tasks to queue
[2025-11-04T22:07:00.547-0300] {logging_mixin.py:188} INFO - [2025-11-04T22:07:00.547-0300] {dagbag.py:545} INFO - Filling up the DagBag from /Users/joaovitor/airflow_env/lib/python3.11/site-packages/airflow/example_dags/example_setup_teardown_taskflow.py
[2025-11-04T22:07:00.588-0300] {processor.py:840} INFO - DAG(s) 'example_setup_teardown_taskflow' retrieved from /Users/joaovitor/airflow_env/lib/python3.11/site-packages/airflow/example_dags/example_setup_teardown_taskflow.py
[2025-11-04T22:07:00.689-0300] {logging_mixin.py:188} INFO - [2025-11-04T22:07:00.689-0300] {dag.py:3089} INFO - Sync 1 DAGs
[2025-11-04T22:07:00.705-0300] {logging_mixin.py:188} INFO - [2025-11-04T22:07:00.705-0300] {dag.py:3947} INFO - Setting next_dagrun for example_setup_teardown_taskflow to 2025-11-04 00:00:00+00:00, run_after=2025-11-05 00:00:00+00:00
[2025-11-04T22:07:00.725-0300] {processor.py:183} INFO - Processing /Users/joaovitor/airflow_env/lib/python3.11/site-packages/airflow/example_dags/example_setup_teardown_taskflow.py took 0.183 seconds
[2025-11-04T22:08:55.220-0300] {processor.py:161} INFO - Started process (PID=31554) to work on /Users/joaovitor/airflow_env/lib/python3.11/site-packages/airflow/example_dags/example_setup_teardown_taskflow.py
[2025-11-04T22:08:55.221-0300] {processor.py:830} INFO - Processing file /Users/joaovitor/airflow_env/lib/python3.11/site-packages/airflow/example_dags/example_setup_teardown_taskflow.py for tasks to queue
[2025-11-04T22:08:55.222-0300] {logging_mixin.py:188} INFO - [2025-11-04T22:08:55.222-0300] {dagbag.py:545} INFO - Filling up the DagBag from /Users/joaovitor/airflow_env/lib/python3.11/site-packages/airflow/example_dags/example_setup_teardown_taskflow.py
[2025-11-04T22:08:55.262-0300] {processor.py:840} INFO - DAG(s) 'example_setup_teardown_taskflow' retrieved from /Users/joaovitor/airflow_env/lib/python3.11/site-packages/airflow/example_dags/example_setup_teardown_taskflow.py
[2025-11-04T22:08:55.369-0300] {logging_mixin.py:188} INFO - [2025-11-04T22:08:55.368-0300] {dag.py:3089} INFO - Sync 1 DAGs
[2025-11-04T22:08:55.385-0300] {logging_mixin.py:188} INFO - [2025-11-04T22:08:55.385-0300] {dag.py:3947} INFO - Setting next_dagrun for example_setup_teardown_taskflow to 2025-11-04 00:00:00+00:00, run_after=2025-11-05 00:00:00+00:00
[2025-11-04T22:08:55.406-0300] {processor.py:183} INFO - Processing /Users/joaovitor/airflow_env/lib/python3.11/site-packages/airflow/example_dags/example_setup_teardown_taskflow.py took 0.188 seconds
[2025-11-04T22:10:48.623-0300] {processor.py:161} INFO - Started process (PID=31603) to work on /Users/joaovitor/airflow_env/lib/python3.11/site-packages/airflow/example_dags/example_setup_teardown_taskflow.py
[2025-11-04T22:10:48.624-0300] {processor.py:830} INFO - Processing file /Users/joaovitor/airflow_env/lib/python3.11/site-packages/airflow/example_dags/example_setup_teardown_taskflow.py for tasks to queue
[2025-11-04T22:10:48.625-0300] {logging_mixin.py:188} INFO - [2025-11-04T22:10:48.624-0300] {dagbag.py:545} INFO - Filling up the DagBag from /Users/joaovitor/airflow_env/lib/python3.11/site-packages/airflow/example_dags/example_setup_teardown_taskflow.py
[2025-11-04T22:10:48.667-0300] {processor.py:840} INFO - DAG(s) 'example_setup_teardown_taskflow' retrieved from /Users/joaovitor/airflow_env/lib/python3.11/site-packages/airflow/example_dags/example_setup_teardown_taskflow.py
[2025-11-04T22:10:48.781-0300] {logging_mixin.py:188} INFO - [2025-11-04T22:10:48.781-0300] {dag.py:3089} INFO - Sync 1 DAGs
[2025-11-04T22:10:48.800-0300] {logging_mixin.py:188} INFO - [2025-11-04T22:10:48.799-0300] {dag.py:3947} INFO - Setting next_dagrun for example_setup_teardown_taskflow to 2025-11-04 00:00:00+00:00, run_after=2025-11-05 00:00:00+00:00
[2025-11-04T22:10:48.820-0300] {processor.py:183} INFO - Processing /Users/joaovitor/airflow_env/lib/python3.11/site-packages/airflow/example_dags/example_setup_teardown_taskflow.py took 0.200 seconds
[2025-11-04T22:12:48.335-0300] {processor.py:161} INFO - Started process (PID=31646) to work on /Users/joaovitor/airflow_env/lib/python3.11/site-packages/airflow/example_dags/example_setup_teardown_taskflow.py
[2025-11-04T22:12:48.336-0300] {processor.py:830} INFO - Processing file /Users/joaovitor/airflow_env/lib/python3.11/site-packages/airflow/example_dags/example_setup_teardown_taskflow.py for tasks to queue
[2025-11-04T22:12:48.336-0300] {logging_mixin.py:188} INFO - [2025-11-04T22:12:48.336-0300] {dagbag.py:545} INFO - Filling up the DagBag from /Users/joaovitor/airflow_env/lib/python3.11/site-packages/airflow/example_dags/example_setup_teardown_taskflow.py
[2025-11-04T22:12:48.377-0300] {processor.py:840} INFO - DAG(s) 'example_setup_teardown_taskflow' retrieved from /Users/joaovitor/airflow_env/lib/python3.11/site-packages/airflow/example_dags/example_setup_teardown_taskflow.py
[2025-11-04T22:12:48.494-0300] {logging_mixin.py:188} INFO - [2025-11-04T22:12:48.494-0300] {dag.py:3089} INFO - Sync 1 DAGs
[2025-11-04T22:12:48.510-0300] {logging_mixin.py:188} INFO - [2025-11-04T22:12:48.510-0300] {dag.py:3947} INFO - Setting next_dagrun for example_setup_teardown_taskflow to 2025-11-04 00:00:00+00:00, run_after=2025-11-05 00:00:00+00:00
[2025-11-04T22:12:48.530-0300] {processor.py:183} INFO - Processing /Users/joaovitor/airflow_env/lib/python3.11/site-packages/airflow/example_dags/example_setup_teardown_taskflow.py took 0.198 seconds
[2025-11-04T22:14:48.892-0300] {processor.py:161} INFO - Started process (PID=31698) to work on /Users/joaovitor/airflow_env/lib/python3.11/site-packages/airflow/example_dags/example_setup_teardown_taskflow.py
[2025-11-04T22:14:48.892-0300] {processor.py:830} INFO - Processing file /Users/joaovitor/airflow_env/lib/python3.11/site-packages/airflow/example_dags/example_setup_teardown_taskflow.py for tasks to queue
[2025-11-04T22:14:48.893-0300] {logging_mixin.py:188} INFO - [2025-11-04T22:14:48.893-0300] {dagbag.py:545} INFO - Filling up the DagBag from /Users/joaovitor/airflow_env/lib/python3.11/site-packages/airflow/example_dags/example_setup_teardown_taskflow.py
[2025-11-04T22:14:48.932-0300] {processor.py:840} INFO - DAG(s) 'example_setup_teardown_taskflow' retrieved from /Users/joaovitor/airflow_env/lib/python3.11/site-packages/airflow/example_dags/example_setup_teardown_taskflow.py
[2025-11-04T22:14:49.036-0300] {logging_mixin.py:188} INFO - [2025-11-04T22:14:49.035-0300] {dag.py:3089} INFO - Sync 1 DAGs
[2025-11-04T22:14:49.052-0300] {logging_mixin.py:188} INFO - [2025-11-04T22:14:49.051-0300] {dag.py:3947} INFO - Setting next_dagrun for example_setup_teardown_taskflow to 2025-11-04 00:00:00+00:00, run_after=2025-11-05 00:00:00+00:00
[2025-11-04T22:14:49.072-0300] {processor.py:183} INFO - Processing /Users/joaovitor/airflow_env/lib/python3.11/site-packages/airflow/example_dags/example_setup_teardown_taskflow.py took 0.184 seconds
[2025-11-04T22:16:59.831-0300] {processor.py:161} INFO - Started process (PID=31755) to work on /Users/joaovitor/airflow_env/lib/python3.11/site-packages/airflow/example_dags/example_setup_teardown_taskflow.py
[2025-11-04T22:16:59.832-0300] {processor.py:830} INFO - Processing file /Users/joaovitor/airflow_env/lib/python3.11/site-packages/airflow/example_dags/example_setup_teardown_taskflow.py for tasks to queue
[2025-11-04T22:16:59.833-0300] {logging_mixin.py:188} INFO - [2025-11-04T22:16:59.833-0300] {dagbag.py:545} INFO - Filling up the DagBag from /Users/joaovitor/airflow_env/lib/python3.11/site-packages/airflow/example_dags/example_setup_teardown_taskflow.py
[2025-11-04T22:16:59.871-0300] {processor.py:840} INFO - DAG(s) 'example_setup_teardown_taskflow' retrieved from /Users/joaovitor/airflow_env/lib/python3.11/site-packages/airflow/example_dags/example_setup_teardown_taskflow.py
[2025-11-04T22:16:59.974-0300] {logging_mixin.py:188} INFO - [2025-11-04T22:16:59.974-0300] {dag.py:3089} INFO - Sync 1 DAGs
[2025-11-04T22:16:59.991-0300] {logging_mixin.py:188} INFO - [2025-11-04T22:16:59.991-0300] {dag.py:3947} INFO - Setting next_dagrun for example_setup_teardown_taskflow to 2025-11-04 00:00:00+00:00, run_after=2025-11-05 00:00:00+00:00
[2025-11-04T22:17:00.014-0300] {processor.py:183} INFO - Processing /Users/joaovitor/airflow_env/lib/python3.11/site-packages/airflow/example_dags/example_setup_teardown_taskflow.py took 0.186 seconds
[2025-11-04T22:18:59.103-0300] {processor.py:161} INFO - Started process (PID=31803) to work on /Users/joaovitor/airflow_env/lib/python3.11/site-packages/airflow/example_dags/example_setup_teardown_taskflow.py
[2025-11-04T22:18:59.106-0300] {processor.py:830} INFO - Processing file /Users/joaovitor/airflow_env/lib/python3.11/site-packages/airflow/example_dags/example_setup_teardown_taskflow.py for tasks to queue
[2025-11-04T22:18:59.108-0300] {logging_mixin.py:188} INFO - [2025-11-04T22:18:59.107-0300] {dagbag.py:545} INFO - Filling up the DagBag from /Users/joaovitor/airflow_env/lib/python3.11/site-packages/airflow/example_dags/example_setup_teardown_taskflow.py
[2025-11-04T22:18:59.179-0300] {processor.py:840} INFO - DAG(s) 'example_setup_teardown_taskflow' retrieved from /Users/joaovitor/airflow_env/lib/python3.11/site-packages/airflow/example_dags/example_setup_teardown_taskflow.py
[2025-11-04T22:18:59.352-0300] {logging_mixin.py:188} INFO - [2025-11-04T22:18:59.351-0300] {dag.py:3089} INFO - Sync 1 DAGs
[2025-11-04T22:18:59.383-0300] {logging_mixin.py:188} INFO - [2025-11-04T22:18:59.383-0300] {dag.py:3947} INFO - Setting next_dagrun for example_setup_teardown_taskflow to 2025-11-04 00:00:00+00:00, run_after=2025-11-05 00:00:00+00:00
[2025-11-04T22:18:59.436-0300] {processor.py:183} INFO - Processing /Users/joaovitor/airflow_env/lib/python3.11/site-packages/airflow/example_dags/example_setup_teardown_taskflow.py took 0.336 seconds
[2025-11-04T22:21:00.206-0300] {processor.py:161} INFO - Started process (PID=31865) to work on /Users/joaovitor/airflow_env/lib/python3.11/site-packages/airflow/example_dags/example_setup_teardown_taskflow.py
[2025-11-04T22:21:00.208-0300] {processor.py:830} INFO - Processing file /Users/joaovitor/airflow_env/lib/python3.11/site-packages/airflow/example_dags/example_setup_teardown_taskflow.py for tasks to queue
[2025-11-04T22:21:00.209-0300] {logging_mixin.py:188} INFO - [2025-11-04T22:21:00.209-0300] {dagbag.py:545} INFO - Filling up the DagBag from /Users/joaovitor/airflow_env/lib/python3.11/site-packages/airflow/example_dags/example_setup_teardown_taskflow.py
[2025-11-04T22:21:00.248-0300] {processor.py:840} INFO - DAG(s) 'example_setup_teardown_taskflow' retrieved from /Users/joaovitor/airflow_env/lib/python3.11/site-packages/airflow/example_dags/example_setup_teardown_taskflow.py
[2025-11-04T22:21:00.352-0300] {logging_mixin.py:188} INFO - [2025-11-04T22:21:00.351-0300] {dag.py:3089} INFO - Sync 1 DAGs
[2025-11-04T22:21:00.368-0300] {logging_mixin.py:188} INFO - [2025-11-04T22:21:00.368-0300] {dag.py:3947} INFO - Setting next_dagrun for example_setup_teardown_taskflow to 2025-11-04 00:00:00+00:00, run_after=2025-11-05 00:00:00+00:00
[2025-11-04T22:21:00.394-0300] {processor.py:183} INFO - Processing /Users/joaovitor/airflow_env/lib/python3.11/site-packages/airflow/example_dags/example_setup_teardown_taskflow.py took 0.191 seconds
[2025-11-04T22:23:07.530-0300] {processor.py:161} INFO - Started process (PID=31942) to work on /Users/joaovitor/airflow_env/lib/python3.11/site-packages/airflow/example_dags/example_setup_teardown_taskflow.py
[2025-11-04T22:23:07.532-0300] {processor.py:830} INFO - Processing file /Users/joaovitor/airflow_env/lib/python3.11/site-packages/airflow/example_dags/example_setup_teardown_taskflow.py for tasks to queue
[2025-11-04T22:23:07.534-0300] {logging_mixin.py:188} INFO - [2025-11-04T22:23:07.534-0300] {dagbag.py:545} INFO - Filling up the DagBag from /Users/joaovitor/airflow_env/lib/python3.11/site-packages/airflow/example_dags/example_setup_teardown_taskflow.py
[2025-11-04T22:23:07.581-0300] {processor.py:840} INFO - DAG(s) 'example_setup_teardown_taskflow' retrieved from /Users/joaovitor/airflow_env/lib/python3.11/site-packages/airflow/example_dags/example_setup_teardown_taskflow.py
[2025-11-04T22:23:07.702-0300] {logging_mixin.py:188} INFO - [2025-11-04T22:23:07.702-0300] {dag.py:3089} INFO - Sync 1 DAGs
[2025-11-04T22:23:07.721-0300] {logging_mixin.py:188} INFO - [2025-11-04T22:23:07.721-0300] {dag.py:3947} INFO - Setting next_dagrun for example_setup_teardown_taskflow to 2025-11-04 00:00:00+00:00, run_after=2025-11-05 00:00:00+00:00
[2025-11-04T22:23:07.745-0300] {processor.py:183} INFO - Processing /Users/joaovitor/airflow_env/lib/python3.11/site-packages/airflow/example_dags/example_setup_teardown_taskflow.py took 0.220 seconds
[2025-11-04T22:25:13.481-0300] {processor.py:161} INFO - Started process (PID=31983) to work on /Users/joaovitor/airflow_env/lib/python3.11/site-packages/airflow/example_dags/example_setup_teardown_taskflow.py
[2025-11-04T22:25:13.482-0300] {processor.py:830} INFO - Processing file /Users/joaovitor/airflow_env/lib/python3.11/site-packages/airflow/example_dags/example_setup_teardown_taskflow.py for tasks to queue
[2025-11-04T22:25:13.482-0300] {logging_mixin.py:188} INFO - [2025-11-04T22:25:13.482-0300] {dagbag.py:545} INFO - Filling up the DagBag from /Users/joaovitor/airflow_env/lib/python3.11/site-packages/airflow/example_dags/example_setup_teardown_taskflow.py
[2025-11-04T22:25:13.525-0300] {processor.py:840} INFO - DAG(s) 'example_setup_teardown_taskflow' retrieved from /Users/joaovitor/airflow_env/lib/python3.11/site-packages/airflow/example_dags/example_setup_teardown_taskflow.py
[2025-11-04T22:25:13.643-0300] {logging_mixin.py:188} INFO - [2025-11-04T22:25:13.643-0300] {dag.py:3089} INFO - Sync 1 DAGs
[2025-11-04T22:25:13.662-0300] {logging_mixin.py:188} INFO - [2025-11-04T22:25:13.662-0300] {dag.py:3947} INFO - Setting next_dagrun for example_setup_teardown_taskflow to 2025-11-04 00:00:00+00:00, run_after=2025-11-05 00:00:00+00:00
[2025-11-04T22:25:13.683-0300] {processor.py:183} INFO - Processing /Users/joaovitor/airflow_env/lib/python3.11/site-packages/airflow/example_dags/example_setup_teardown_taskflow.py took 0.205 seconds
[2025-11-04T22:27:19.720-0300] {processor.py:161} INFO - Started process (PID=32025) to work on /Users/joaovitor/airflow_env/lib/python3.11/site-packages/airflow/example_dags/example_setup_teardown_taskflow.py
[2025-11-04T22:27:19.720-0300] {processor.py:830} INFO - Processing file /Users/joaovitor/airflow_env/lib/python3.11/site-packages/airflow/example_dags/example_setup_teardown_taskflow.py for tasks to queue
[2025-11-04T22:27:19.721-0300] {logging_mixin.py:188} INFO - [2025-11-04T22:27:19.721-0300] {dagbag.py:545} INFO - Filling up the DagBag from /Users/joaovitor/airflow_env/lib/python3.11/site-packages/airflow/example_dags/example_setup_teardown_taskflow.py
[2025-11-04T22:27:19.763-0300] {processor.py:840} INFO - DAG(s) 'example_setup_teardown_taskflow' retrieved from /Users/joaovitor/airflow_env/lib/python3.11/site-packages/airflow/example_dags/example_setup_teardown_taskflow.py
[2025-11-04T22:27:19.883-0300] {logging_mixin.py:188} INFO - [2025-11-04T22:27:19.882-0300] {dag.py:3089} INFO - Sync 1 DAGs
[2025-11-04T22:27:19.900-0300] {logging_mixin.py:188} INFO - [2025-11-04T22:27:19.900-0300] {dag.py:3947} INFO - Setting next_dagrun for example_setup_teardown_taskflow to 2025-11-04 00:00:00+00:00, run_after=2025-11-05 00:00:00+00:00
[2025-11-04T22:27:19.923-0300] {processor.py:183} INFO - Processing /Users/joaovitor/airflow_env/lib/python3.11/site-packages/airflow/example_dags/example_setup_teardown_taskflow.py took 0.208 seconds
[2025-11-04T22:29:28.520-0300] {processor.py:161} INFO - Started process (PID=32067) to work on /Users/joaovitor/airflow_env/lib/python3.11/site-packages/airflow/example_dags/example_setup_teardown_taskflow.py
[2025-11-04T22:29:28.520-0300] {processor.py:830} INFO - Processing file /Users/joaovitor/airflow_env/lib/python3.11/site-packages/airflow/example_dags/example_setup_teardown_taskflow.py for tasks to queue
[2025-11-04T22:29:28.521-0300] {logging_mixin.py:188} INFO - [2025-11-04T22:29:28.521-0300] {dagbag.py:545} INFO - Filling up the DagBag from /Users/joaovitor/airflow_env/lib/python3.11/site-packages/airflow/example_dags/example_setup_teardown_taskflow.py
[2025-11-04T22:29:28.566-0300] {processor.py:840} INFO - DAG(s) 'example_setup_teardown_taskflow' retrieved from /Users/joaovitor/airflow_env/lib/python3.11/site-packages/airflow/example_dags/example_setup_teardown_taskflow.py
[2025-11-04T22:29:28.689-0300] {logging_mixin.py:188} INFO - [2025-11-04T22:29:28.688-0300] {dag.py:3089} INFO - Sync 1 DAGs
[2025-11-04T22:29:28.707-0300] {logging_mixin.py:188} INFO - [2025-11-04T22:29:28.707-0300] {dag.py:3947} INFO - Setting next_dagrun for example_setup_teardown_taskflow to 2025-11-04 00:00:00+00:00, run_after=2025-11-05 00:00:00+00:00
[2025-11-04T22:29:28.734-0300] {processor.py:183} INFO - Processing /Users/joaovitor/airflow_env/lib/python3.11/site-packages/airflow/example_dags/example_setup_teardown_taskflow.py took 0.217 seconds
[2025-11-04T22:31:52.175-0300] {processor.py:161} INFO - Started process (PID=32162) to work on /Users/joaovitor/airflow_env/lib/python3.11/site-packages/airflow/example_dags/example_setup_teardown_taskflow.py
[2025-11-04T22:31:52.180-0300] {processor.py:830} INFO - Processing file /Users/joaovitor/airflow_env/lib/python3.11/site-packages/airflow/example_dags/example_setup_teardown_taskflow.py for tasks to queue
[2025-11-04T22:31:52.181-0300] {logging_mixin.py:188} INFO - [2025-11-04T22:31:52.181-0300] {dagbag.py:545} INFO - Filling up the DagBag from /Users/joaovitor/airflow_env/lib/python3.11/site-packages/airflow/example_dags/example_setup_teardown_taskflow.py
[2025-11-04T22:31:52.241-0300] {processor.py:840} INFO - DAG(s) 'example_setup_teardown_taskflow' retrieved from /Users/joaovitor/airflow_env/lib/python3.11/site-packages/airflow/example_dags/example_setup_teardown_taskflow.py
[2025-11-04T22:31:52.431-0300] {logging_mixin.py:188} INFO - [2025-11-04T22:31:52.431-0300] {dag.py:3089} INFO - Sync 1 DAGs
[2025-11-04T22:31:52.462-0300] {logging_mixin.py:188} INFO - [2025-11-04T22:31:52.462-0300] {dag.py:3947} INFO - Setting next_dagrun for example_setup_teardown_taskflow to 2025-11-04 00:00:00+00:00, run_after=2025-11-05 00:00:00+00:00
[2025-11-04T22:31:52.492-0300] {processor.py:183} INFO - Processing /Users/joaovitor/airflow_env/lib/python3.11/site-packages/airflow/example_dags/example_setup_teardown_taskflow.py took 0.320 seconds
[2025-11-04T22:34:38.612-0300] {processor.py:161} INFO - Started process (PID=32337) to work on /Users/joaovitor/airflow_env/lib/python3.11/site-packages/airflow/example_dags/example_setup_teardown_taskflow.py
[2025-11-04T22:34:38.614-0300] {processor.py:830} INFO - Processing file /Users/joaovitor/airflow_env/lib/python3.11/site-packages/airflow/example_dags/example_setup_teardown_taskflow.py for tasks to queue
[2025-11-04T22:34:38.615-0300] {logging_mixin.py:188} INFO - [2025-11-04T22:34:38.615-0300] {dagbag.py:545} INFO - Filling up the DagBag from /Users/joaovitor/airflow_env/lib/python3.11/site-packages/airflow/example_dags/example_setup_teardown_taskflow.py
[2025-11-04T22:34:38.678-0300] {processor.py:840} INFO - DAG(s) 'example_setup_teardown_taskflow' retrieved from /Users/joaovitor/airflow_env/lib/python3.11/site-packages/airflow/example_dags/example_setup_teardown_taskflow.py
[2025-11-04T22:34:38.843-0300] {logging_mixin.py:188} INFO - [2025-11-04T22:34:38.843-0300] {dag.py:3089} INFO - Sync 1 DAGs
[2025-11-04T22:34:38.866-0300] {logging_mixin.py:188} INFO - [2025-11-04T22:34:38.866-0300] {dag.py:3947} INFO - Setting next_dagrun for example_setup_teardown_taskflow to 2025-11-04 00:00:00+00:00, run_after=2025-11-05 00:00:00+00:00
[2025-11-04T22:34:38.896-0300] {processor.py:183} INFO - Processing /Users/joaovitor/airflow_env/lib/python3.11/site-packages/airflow/example_dags/example_setup_teardown_taskflow.py took 0.287 seconds
[2025-11-04T22:36:47.816-0300] {processor.py:161} INFO - Started process (PID=32505) to work on /Users/joaovitor/airflow_env/lib/python3.11/site-packages/airflow/example_dags/example_setup_teardown_taskflow.py
[2025-11-04T22:36:47.818-0300] {processor.py:830} INFO - Processing file /Users/joaovitor/airflow_env/lib/python3.11/site-packages/airflow/example_dags/example_setup_teardown_taskflow.py for tasks to queue
[2025-11-04T22:36:47.819-0300] {logging_mixin.py:188} INFO - [2025-11-04T22:36:47.819-0300] {dagbag.py:545} INFO - Filling up the DagBag from /Users/joaovitor/airflow_env/lib/python3.11/site-packages/airflow/example_dags/example_setup_teardown_taskflow.py
[2025-11-04T22:36:47.859-0300] {processor.py:840} INFO - DAG(s) 'example_setup_teardown_taskflow' retrieved from /Users/joaovitor/airflow_env/lib/python3.11/site-packages/airflow/example_dags/example_setup_teardown_taskflow.py
[2025-11-04T22:36:47.960-0300] {logging_mixin.py:188} INFO - [2025-11-04T22:36:47.960-0300] {dag.py:3089} INFO - Sync 1 DAGs
[2025-11-04T22:36:47.976-0300] {logging_mixin.py:188} INFO - [2025-11-04T22:36:47.976-0300] {dag.py:3947} INFO - Setting next_dagrun for example_setup_teardown_taskflow to 2025-11-04 00:00:00+00:00, run_after=2025-11-05 00:00:00+00:00
[2025-11-04T22:36:47.998-0300] {processor.py:183} INFO - Processing /Users/joaovitor/airflow_env/lib/python3.11/site-packages/airflow/example_dags/example_setup_teardown_taskflow.py took 0.185 seconds
[2025-11-04T22:39:13.179-0300] {processor.py:161} INFO - Started process (PID=32669) to work on /Users/joaovitor/airflow_env/lib/python3.11/site-packages/airflow/example_dags/example_setup_teardown_taskflow.py
[2025-11-04T22:39:13.181-0300] {processor.py:830} INFO - Processing file /Users/joaovitor/airflow_env/lib/python3.11/site-packages/airflow/example_dags/example_setup_teardown_taskflow.py for tasks to queue
[2025-11-04T22:39:13.182-0300] {logging_mixin.py:188} INFO - [2025-11-04T22:39:13.182-0300] {dagbag.py:545} INFO - Filling up the DagBag from /Users/joaovitor/airflow_env/lib/python3.11/site-packages/airflow/example_dags/example_setup_teardown_taskflow.py
[2025-11-04T22:39:13.237-0300] {processor.py:840} INFO - DAG(s) 'example_setup_teardown_taskflow' retrieved from /Users/joaovitor/airflow_env/lib/python3.11/site-packages/airflow/example_dags/example_setup_teardown_taskflow.py
[2025-11-04T22:39:13.433-0300] {logging_mixin.py:188} INFO - [2025-11-04T22:39:13.432-0300] {dag.py:3089} INFO - Sync 1 DAGs
[2025-11-04T22:39:13.506-0300] {logging_mixin.py:188} INFO - [2025-11-04T22:39:13.506-0300] {dag.py:3947} INFO - Setting next_dagrun for example_setup_teardown_taskflow to 2025-11-04 00:00:00+00:00, run_after=2025-11-05 00:00:00+00:00
[2025-11-04T22:39:13.527-0300] {processor.py:183} INFO - Processing /Users/joaovitor/airflow_env/lib/python3.11/site-packages/airflow/example_dags/example_setup_teardown_taskflow.py took 0.351 seconds
[2025-11-04T22:41:38.689-0300] {processor.py:161} INFO - Started process (PID=32724) to work on /Users/joaovitor/airflow_env/lib/python3.11/site-packages/airflow/example_dags/example_setup_teardown_taskflow.py
[2025-11-04T22:41:38.691-0300] {processor.py:830} INFO - Processing file /Users/joaovitor/airflow_env/lib/python3.11/site-packages/airflow/example_dags/example_setup_teardown_taskflow.py for tasks to queue
[2025-11-04T22:41:38.693-0300] {logging_mixin.py:188} INFO - [2025-11-04T22:41:38.692-0300] {dagbag.py:545} INFO - Filling up the DagBag from /Users/joaovitor/airflow_env/lib/python3.11/site-packages/airflow/example_dags/example_setup_teardown_taskflow.py
[2025-11-04T22:41:38.745-0300] {processor.py:840} INFO - DAG(s) 'example_setup_teardown_taskflow' retrieved from /Users/joaovitor/airflow_env/lib/python3.11/site-packages/airflow/example_dags/example_setup_teardown_taskflow.py
[2025-11-04T22:41:38.886-0300] {logging_mixin.py:188} INFO - [2025-11-04T22:41:38.886-0300] {dag.py:3089} INFO - Sync 1 DAGs
[2025-11-04T22:41:38.907-0300] {logging_mixin.py:188} INFO - [2025-11-04T22:41:38.906-0300] {dag.py:3947} INFO - Setting next_dagrun for example_setup_teardown_taskflow to 2025-11-04 00:00:00+00:00, run_after=2025-11-05 00:00:00+00:00
[2025-11-04T22:41:38.935-0300] {processor.py:183} INFO - Processing /Users/joaovitor/airflow_env/lib/python3.11/site-packages/airflow/example_dags/example_setup_teardown_taskflow.py took 0.251 seconds
[2025-11-04T22:43:57.969-0300] {processor.py:161} INFO - Started process (PID=32782) to work on /Users/joaovitor/airflow_env/lib/python3.11/site-packages/airflow/example_dags/example_setup_teardown_taskflow.py
[2025-11-04T22:43:57.970-0300] {processor.py:830} INFO - Processing file /Users/joaovitor/airflow_env/lib/python3.11/site-packages/airflow/example_dags/example_setup_teardown_taskflow.py for tasks to queue
[2025-11-04T22:43:57.971-0300] {logging_mixin.py:188} INFO - [2025-11-04T22:43:57.971-0300] {dagbag.py:545} INFO - Filling up the DagBag from /Users/joaovitor/airflow_env/lib/python3.11/site-packages/airflow/example_dags/example_setup_teardown_taskflow.py
[2025-11-04T22:43:58.016-0300] {processor.py:840} INFO - DAG(s) 'example_setup_teardown_taskflow' retrieved from /Users/joaovitor/airflow_env/lib/python3.11/site-packages/airflow/example_dags/example_setup_teardown_taskflow.py
[2025-11-04T22:43:58.140-0300] {logging_mixin.py:188} INFO - [2025-11-04T22:43:58.139-0300] {dag.py:3089} INFO - Sync 1 DAGs
[2025-11-04T22:43:58.158-0300] {logging_mixin.py:188} INFO - [2025-11-04T22:43:58.158-0300] {dag.py:3947} INFO - Setting next_dagrun for example_setup_teardown_taskflow to 2025-11-04 00:00:00+00:00, run_after=2025-11-05 00:00:00+00:00
[2025-11-04T22:43:58.184-0300] {processor.py:183} INFO - Processing /Users/joaovitor/airflow_env/lib/python3.11/site-packages/airflow/example_dags/example_setup_teardown_taskflow.py took 0.219 seconds
[2025-11-04T22:46:16.907-0300] {processor.py:161} INFO - Started process (PID=32827) to work on /Users/joaovitor/airflow_env/lib/python3.11/site-packages/airflow/example_dags/example_setup_teardown_taskflow.py
[2025-11-04T22:46:16.908-0300] {processor.py:830} INFO - Processing file /Users/joaovitor/airflow_env/lib/python3.11/site-packages/airflow/example_dags/example_setup_teardown_taskflow.py for tasks to queue
[2025-11-04T22:46:16.909-0300] {logging_mixin.py:188} INFO - [2025-11-04T22:46:16.909-0300] {dagbag.py:545} INFO - Filling up the DagBag from /Users/joaovitor/airflow_env/lib/python3.11/site-packages/airflow/example_dags/example_setup_teardown_taskflow.py
[2025-11-04T22:46:16.951-0300] {processor.py:840} INFO - DAG(s) 'example_setup_teardown_taskflow' retrieved from /Users/joaovitor/airflow_env/lib/python3.11/site-packages/airflow/example_dags/example_setup_teardown_taskflow.py
[2025-11-04T22:46:17.075-0300] {logging_mixin.py:188} INFO - [2025-11-04T22:46:17.075-0300] {dag.py:3089} INFO - Sync 1 DAGs
[2025-11-04T22:46:17.093-0300] {logging_mixin.py:188} INFO - [2025-11-04T22:46:17.093-0300] {dag.py:3947} INFO - Setting next_dagrun for example_setup_teardown_taskflow to 2025-11-04 00:00:00+00:00, run_after=2025-11-05 00:00:00+00:00
[2025-11-04T22:46:17.116-0300] {processor.py:183} INFO - Processing /Users/joaovitor/airflow_env/lib/python3.11/site-packages/airflow/example_dags/example_setup_teardown_taskflow.py took 0.213 seconds
[2025-11-04T22:48:29.773-0300] {processor.py:161} INFO - Started process (PID=32893) to work on /Users/joaovitor/airflow_env/lib/python3.11/site-packages/airflow/example_dags/example_setup_teardown_taskflow.py
[2025-11-04T22:48:29.775-0300] {processor.py:830} INFO - Processing file /Users/joaovitor/airflow_env/lib/python3.11/site-packages/airflow/example_dags/example_setup_teardown_taskflow.py for tasks to queue
[2025-11-04T22:48:29.776-0300] {logging_mixin.py:188} INFO - [2025-11-04T22:48:29.776-0300] {dagbag.py:545} INFO - Filling up the DagBag from /Users/joaovitor/airflow_env/lib/python3.11/site-packages/airflow/example_dags/example_setup_teardown_taskflow.py
[2025-11-04T22:48:29.820-0300] {processor.py:840} INFO - DAG(s) 'example_setup_teardown_taskflow' retrieved from /Users/joaovitor/airflow_env/lib/python3.11/site-packages/airflow/example_dags/example_setup_teardown_taskflow.py
[2025-11-04T22:48:29.927-0300] {logging_mixin.py:188} INFO - [2025-11-04T22:48:29.927-0300] {dag.py:3089} INFO - Sync 1 DAGs
[2025-11-04T22:48:29.944-0300] {logging_mixin.py:188} INFO - [2025-11-04T22:48:29.944-0300] {dag.py:3947} INFO - Setting next_dagrun for example_setup_teardown_taskflow to 2025-11-04 00:00:00+00:00, run_after=2025-11-05 00:00:00+00:00
[2025-11-04T22:48:29.966-0300] {processor.py:183} INFO - Processing /Users/joaovitor/airflow_env/lib/python3.11/site-packages/airflow/example_dags/example_setup_teardown_taskflow.py took 0.196 seconds
[2025-11-04T22:50:40.247-0300] {processor.py:161} INFO - Started process (PID=32951) to work on /Users/joaovitor/airflow_env/lib/python3.11/site-packages/airflow/example_dags/example_setup_teardown_taskflow.py
[2025-11-04T22:50:40.249-0300] {processor.py:830} INFO - Processing file /Users/joaovitor/airflow_env/lib/python3.11/site-packages/airflow/example_dags/example_setup_teardown_taskflow.py for tasks to queue
[2025-11-04T22:50:40.250-0300] {logging_mixin.py:188} INFO - [2025-11-04T22:50:40.250-0300] {dagbag.py:545} INFO - Filling up the DagBag from /Users/joaovitor/airflow_env/lib/python3.11/site-packages/airflow/example_dags/example_setup_teardown_taskflow.py
[2025-11-04T22:50:40.297-0300] {processor.py:840} INFO - DAG(s) 'example_setup_teardown_taskflow' retrieved from /Users/joaovitor/airflow_env/lib/python3.11/site-packages/airflow/example_dags/example_setup_teardown_taskflow.py
[2025-11-04T22:50:40.405-0300] {logging_mixin.py:188} INFO - [2025-11-04T22:50:40.404-0300] {dag.py:3089} INFO - Sync 1 DAGs
[2025-11-04T22:50:40.421-0300] {logging_mixin.py:188} INFO - [2025-11-04T22:50:40.421-0300] {dag.py:3947} INFO - Setting next_dagrun for example_setup_teardown_taskflow to 2025-11-04 00:00:00+00:00, run_after=2025-11-05 00:00:00+00:00
[2025-11-04T22:50:40.444-0300] {processor.py:183} INFO - Processing /Users/joaovitor/airflow_env/lib/python3.11/site-packages/airflow/example_dags/example_setup_teardown_taskflow.py took 0.200 seconds
[2025-11-04T22:53:02.682-0300] {processor.py:161} INFO - Started process (PID=33001) to work on /Users/joaovitor/airflow_env/lib/python3.11/site-packages/airflow/example_dags/example_setup_teardown_taskflow.py
[2025-11-04T22:53:02.685-0300] {processor.py:830} INFO - Processing file /Users/joaovitor/airflow_env/lib/python3.11/site-packages/airflow/example_dags/example_setup_teardown_taskflow.py for tasks to queue
[2025-11-04T22:53:02.687-0300] {logging_mixin.py:188} INFO - [2025-11-04T22:53:02.686-0300] {dagbag.py:545} INFO - Filling up the DagBag from /Users/joaovitor/airflow_env/lib/python3.11/site-packages/airflow/example_dags/example_setup_teardown_taskflow.py
[2025-11-04T22:53:02.762-0300] {processor.py:840} INFO - DAG(s) 'example_setup_teardown_taskflow' retrieved from /Users/joaovitor/airflow_env/lib/python3.11/site-packages/airflow/example_dags/example_setup_teardown_taskflow.py
[2025-11-04T22:53:03.062-0300] {logging_mixin.py:188} INFO - [2025-11-04T22:53:03.061-0300] {dag.py:3089} INFO - Sync 1 DAGs
[2025-11-04T22:53:03.109-0300] {logging_mixin.py:188} INFO - [2025-11-04T22:53:03.109-0300] {dag.py:3947} INFO - Setting next_dagrun for example_setup_teardown_taskflow to 2025-11-04 00:00:00+00:00, run_after=2025-11-05 00:00:00+00:00
[2025-11-04T22:53:03.163-0300] {processor.py:183} INFO - Processing /Users/joaovitor/airflow_env/lib/python3.11/site-packages/airflow/example_dags/example_setup_teardown_taskflow.py took 0.485 seconds
[2025-11-04T22:55:22.465-0300] {processor.py:161} INFO - Started process (PID=33051) to work on /Users/joaovitor/airflow_env/lib/python3.11/site-packages/airflow/example_dags/example_setup_teardown_taskflow.py
[2025-11-04T22:55:22.466-0300] {processor.py:830} INFO - Processing file /Users/joaovitor/airflow_env/lib/python3.11/site-packages/airflow/example_dags/example_setup_teardown_taskflow.py for tasks to queue
[2025-11-04T22:55:22.467-0300] {logging_mixin.py:188} INFO - [2025-11-04T22:55:22.467-0300] {dagbag.py:545} INFO - Filling up the DagBag from /Users/joaovitor/airflow_env/lib/python3.11/site-packages/airflow/example_dags/example_setup_teardown_taskflow.py
[2025-11-04T22:55:22.512-0300] {processor.py:840} INFO - DAG(s) 'example_setup_teardown_taskflow' retrieved from /Users/joaovitor/airflow_env/lib/python3.11/site-packages/airflow/example_dags/example_setup_teardown_taskflow.py
[2025-11-04T22:55:22.629-0300] {logging_mixin.py:188} INFO - [2025-11-04T22:55:22.629-0300] {dag.py:3089} INFO - Sync 1 DAGs
[2025-11-04T22:55:22.652-0300] {logging_mixin.py:188} INFO - [2025-11-04T22:55:22.652-0300] {dag.py:3947} INFO - Setting next_dagrun for example_setup_teardown_taskflow to 2025-11-04 00:00:00+00:00, run_after=2025-11-05 00:00:00+00:00
[2025-11-04T22:55:22.678-0300] {processor.py:183} INFO - Processing /Users/joaovitor/airflow_env/lib/python3.11/site-packages/airflow/example_dags/example_setup_teardown_taskflow.py took 0.216 seconds
[2025-11-04T22:57:35.752-0300] {processor.py:161} INFO - Started process (PID=33094) to work on /Users/joaovitor/airflow_env/lib/python3.11/site-packages/airflow/example_dags/example_setup_teardown_taskflow.py
[2025-11-04T22:57:35.753-0300] {processor.py:830} INFO - Processing file /Users/joaovitor/airflow_env/lib/python3.11/site-packages/airflow/example_dags/example_setup_teardown_taskflow.py for tasks to queue
[2025-11-04T22:57:35.754-0300] {logging_mixin.py:188} INFO - [2025-11-04T22:57:35.754-0300] {dagbag.py:545} INFO - Filling up the DagBag from /Users/joaovitor/airflow_env/lib/python3.11/site-packages/airflow/example_dags/example_setup_teardown_taskflow.py
[2025-11-04T22:57:35.799-0300] {processor.py:840} INFO - DAG(s) 'example_setup_teardown_taskflow' retrieved from /Users/joaovitor/airflow_env/lib/python3.11/site-packages/airflow/example_dags/example_setup_teardown_taskflow.py
[2025-11-04T22:57:35.924-0300] {logging_mixin.py:188} INFO - [2025-11-04T22:57:35.923-0300] {dag.py:3089} INFO - Sync 1 DAGs
[2025-11-04T22:57:35.942-0300] {logging_mixin.py:188} INFO - [2025-11-04T22:57:35.941-0300] {dag.py:3947} INFO - Setting next_dagrun for example_setup_teardown_taskflow to 2025-11-04 00:00:00+00:00, run_after=2025-11-05 00:00:00+00:00
[2025-11-04T22:57:35.967-0300] {processor.py:183} INFO - Processing /Users/joaovitor/airflow_env/lib/python3.11/site-packages/airflow/example_dags/example_setup_teardown_taskflow.py took 0.219 seconds
[2025-11-04T22:59:55.163-0300] {processor.py:161} INFO - Started process (PID=33141) to work on /Users/joaovitor/airflow_env/lib/python3.11/site-packages/airflow/example_dags/example_setup_teardown_taskflow.py
[2025-11-04T22:59:55.165-0300] {processor.py:830} INFO - Processing file /Users/joaovitor/airflow_env/lib/python3.11/site-packages/airflow/example_dags/example_setup_teardown_taskflow.py for tasks to queue
[2025-11-04T22:59:55.166-0300] {logging_mixin.py:188} INFO - [2025-11-04T22:59:55.166-0300] {dagbag.py:545} INFO - Filling up the DagBag from /Users/joaovitor/airflow_env/lib/python3.11/site-packages/airflow/example_dags/example_setup_teardown_taskflow.py
[2025-11-04T22:59:55.236-0300] {processor.py:840} INFO - DAG(s) 'example_setup_teardown_taskflow' retrieved from /Users/joaovitor/airflow_env/lib/python3.11/site-packages/airflow/example_dags/example_setup_teardown_taskflow.py
[2025-11-04T22:59:55.385-0300] {logging_mixin.py:188} INFO - [2025-11-04T22:59:55.385-0300] {dag.py:3089} INFO - Sync 1 DAGs
[2025-11-04T22:59:55.408-0300] {logging_mixin.py:188} INFO - [2025-11-04T22:59:55.408-0300] {dag.py:3947} INFO - Setting next_dagrun for example_setup_teardown_taskflow to 2025-11-04 00:00:00+00:00, run_after=2025-11-05 00:00:00+00:00
[2025-11-04T22:59:55.438-0300] {processor.py:183} INFO - Processing /Users/joaovitor/airflow_env/lib/python3.11/site-packages/airflow/example_dags/example_setup_teardown_taskflow.py took 0.282 seconds
[2025-11-04T23:02:12.798-0300] {processor.py:161} INFO - Started process (PID=33185) to work on /Users/joaovitor/airflow_env/lib/python3.11/site-packages/airflow/example_dags/example_setup_teardown_taskflow.py
[2025-11-04T23:02:12.800-0300] {processor.py:830} INFO - Processing file /Users/joaovitor/airflow_env/lib/python3.11/site-packages/airflow/example_dags/example_setup_teardown_taskflow.py for tasks to queue
[2025-11-04T23:02:12.801-0300] {logging_mixin.py:188} INFO - [2025-11-04T23:02:12.801-0300] {dagbag.py:545} INFO - Filling up the DagBag from /Users/joaovitor/airflow_env/lib/python3.11/site-packages/airflow/example_dags/example_setup_teardown_taskflow.py
[2025-11-04T23:02:12.842-0300] {processor.py:840} INFO - DAG(s) 'example_setup_teardown_taskflow' retrieved from /Users/joaovitor/airflow_env/lib/python3.11/site-packages/airflow/example_dags/example_setup_teardown_taskflow.py
[2025-11-04T23:02:12.957-0300] {logging_mixin.py:188} INFO - [2025-11-04T23:02:12.956-0300] {dag.py:3089} INFO - Sync 1 DAGs
[2025-11-04T23:02:12.973-0300] {logging_mixin.py:188} INFO - [2025-11-04T23:02:12.973-0300] {dag.py:3947} INFO - Setting next_dagrun for example_setup_teardown_taskflow to 2025-11-04 00:00:00+00:00, run_after=2025-11-05 00:00:00+00:00
[2025-11-04T23:02:12.999-0300] {processor.py:183} INFO - Processing /Users/joaovitor/airflow_env/lib/python3.11/site-packages/airflow/example_dags/example_setup_teardown_taskflow.py took 0.205 seconds
[2025-11-04T23:04:32.294-0300] {processor.py:161} INFO - Started process (PID=33259) to work on /Users/joaovitor/airflow_env/lib/python3.11/site-packages/airflow/example_dags/example_setup_teardown_taskflow.py
[2025-11-04T23:04:32.297-0300] {processor.py:830} INFO - Processing file /Users/joaovitor/airflow_env/lib/python3.11/site-packages/airflow/example_dags/example_setup_teardown_taskflow.py for tasks to queue
[2025-11-04T23:04:32.298-0300] {logging_mixin.py:188} INFO - [2025-11-04T23:04:32.297-0300] {dagbag.py:545} INFO - Filling up the DagBag from /Users/joaovitor/airflow_env/lib/python3.11/site-packages/airflow/example_dags/example_setup_teardown_taskflow.py
[2025-11-04T23:04:32.344-0300] {processor.py:840} INFO - DAG(s) 'example_setup_teardown_taskflow' retrieved from /Users/joaovitor/airflow_env/lib/python3.11/site-packages/airflow/example_dags/example_setup_teardown_taskflow.py
[2025-11-04T23:04:32.486-0300] {logging_mixin.py:188} INFO - [2025-11-04T23:04:32.485-0300] {dag.py:3089} INFO - Sync 1 DAGs
[2025-11-04T23:04:32.506-0300] {logging_mixin.py:188} INFO - [2025-11-04T23:04:32.506-0300] {dag.py:3947} INFO - Setting next_dagrun for example_setup_teardown_taskflow to 2025-11-04 00:00:00+00:00, run_after=2025-11-05 00:00:00+00:00
[2025-11-04T23:04:32.529-0300] {processor.py:183} INFO - Processing /Users/joaovitor/airflow_env/lib/python3.11/site-packages/airflow/example_dags/example_setup_teardown_taskflow.py took 0.237 seconds
