[2025-11-04T21:46:58.185-0300] {processor.py:161} INFO - Started process (PID=31083) to work on /Users/joaovitor/airflow_env/lib/python3.11/site-packages/airflow/example_dags/example_python_operator.py
[2025-11-04T21:46:58.186-0300] {processor.py:830} INFO - Processing file /Users/joaovitor/airflow_env/lib/python3.11/site-packages/airflow/example_dags/example_python_operator.py for tasks to queue
[2025-11-04T21:46:58.186-0300] {logging_mixin.py:188} INFO - [2025-11-04T21:46:58.186-0300] {dagbag.py:545} INFO - Filling up the DagBag from /Users/joaovitor/airflow_env/lib/python3.11/site-packages/airflow/example_dags/example_python_operator.py
[2025-11-04T21:46:58.211-0300] {logging_mixin.py:188} INFO - [2025-11-04T21:46:58.211-0300] {example_python_operator.py:93} WARNING - The virtalenv_python example task requires virtualenv, please install it.
[2025-11-04T21:46:58.216-0300] {processor.py:840} INFO - DAG(s) 'example_python_operator' retrieved from /Users/joaovitor/airflow_env/lib/python3.11/site-packages/airflow/example_dags/example_python_operator.py
[2025-11-04T21:46:58.411-0300] {logging_mixin.py:188} INFO - [2025-11-04T21:46:58.410-0300] {override.py:1858} INFO - Created Permission View: can read on DAG:example_python_operator
[2025-11-04T21:46:58.421-0300] {logging_mixin.py:188} INFO - [2025-11-04T21:46:58.420-0300] {override.py:1858} INFO - Created Permission View: can delete on DAG:example_python_operator
[2025-11-04T21:46:58.429-0300] {logging_mixin.py:188} INFO - [2025-11-04T21:46:58.428-0300] {override.py:1858} INFO - Created Permission View: can edit on DAG:example_python_operator
[2025-11-04T21:46:58.429-0300] {logging_mixin.py:188} INFO - [2025-11-04T21:46:58.429-0300] {dag.py:3089} INFO - Sync 1 DAGs
[2025-11-04T21:46:58.439-0300] {logging_mixin.py:188} INFO - [2025-11-04T21:46:58.439-0300] {dag.py:3111} INFO - Creating ORM DAG for example_python_operator
[2025-11-04T21:46:58.440-0300] {logging_mixin.py:188} INFO - [2025-11-04T21:46:58.440-0300] {dag.py:3947} INFO - Setting next_dagrun for example_python_operator to None, run_after=None
[2025-11-04T21:46:58.518-0300] {processor.py:183} INFO - Processing /Users/joaovitor/airflow_env/lib/python3.11/site-packages/airflow/example_dags/example_python_operator.py took 0.336 seconds
[2025-11-04T21:50:00.892-0300] {processor.py:161} INFO - Started process (PID=31195) to work on /Users/joaovitor/airflow_env/lib/python3.11/site-packages/airflow/example_dags/example_python_operator.py
[2025-11-04T21:50:00.894-0300] {processor.py:830} INFO - Processing file /Users/joaovitor/airflow_env/lib/python3.11/site-packages/airflow/example_dags/example_python_operator.py for tasks to queue
[2025-11-04T21:50:00.895-0300] {logging_mixin.py:188} INFO - [2025-11-04T21:50:00.895-0300] {dagbag.py:545} INFO - Filling up the DagBag from /Users/joaovitor/airflow_env/lib/python3.11/site-packages/airflow/example_dags/example_python_operator.py
[2025-11-04T21:50:00.926-0300] {logging_mixin.py:188} INFO - [2025-11-04T21:50:00.926-0300] {example_python_operator.py:93} WARNING - The virtalenv_python example task requires virtualenv, please install it.
[2025-11-04T21:50:00.931-0300] {processor.py:840} INFO - DAG(s) 'example_python_operator' retrieved from /Users/joaovitor/airflow_env/lib/python3.11/site-packages/airflow/example_dags/example_python_operator.py
[2025-11-04T21:50:01.057-0300] {logging_mixin.py:188} INFO - [2025-11-04T21:50:01.056-0300] {dag.py:3089} INFO - Sync 1 DAGs
[2025-11-04T21:50:01.068-0300] {logging_mixin.py:188} INFO - [2025-11-04T21:50:01.068-0300] {dag.py:3947} INFO - Setting next_dagrun for example_python_operator to None, run_after=None
[2025-11-04T21:50:01.093-0300] {processor.py:183} INFO - Processing /Users/joaovitor/airflow_env/lib/python3.11/site-packages/airflow/example_dags/example_python_operator.py took 0.205 seconds
[2025-11-04T21:52:10.160-0300] {processor.py:161} INFO - Started process (PID=31238) to work on /Users/joaovitor/airflow_env/lib/python3.11/site-packages/airflow/example_dags/example_python_operator.py
[2025-11-04T21:52:10.162-0300] {processor.py:830} INFO - Processing file /Users/joaovitor/airflow_env/lib/python3.11/site-packages/airflow/example_dags/example_python_operator.py for tasks to queue
[2025-11-04T21:52:10.163-0300] {logging_mixin.py:188} INFO - [2025-11-04T21:52:10.163-0300] {dagbag.py:545} INFO - Filling up the DagBag from /Users/joaovitor/airflow_env/lib/python3.11/site-packages/airflow/example_dags/example_python_operator.py
[2025-11-04T21:52:10.185-0300] {logging_mixin.py:188} INFO - [2025-11-04T21:52:10.185-0300] {example_python_operator.py:93} WARNING - The virtalenv_python example task requires virtualenv, please install it.
[2025-11-04T21:52:10.189-0300] {processor.py:840} INFO - DAG(s) 'example_python_operator' retrieved from /Users/joaovitor/airflow_env/lib/python3.11/site-packages/airflow/example_dags/example_python_operator.py
[2025-11-04T21:52:10.309-0300] {logging_mixin.py:188} INFO - [2025-11-04T21:52:10.309-0300] {dag.py:3089} INFO - Sync 1 DAGs
[2025-11-04T21:52:10.319-0300] {logging_mixin.py:188} INFO - [2025-11-04T21:52:10.318-0300] {dag.py:3947} INFO - Setting next_dagrun for example_python_operator to None, run_after=None
[2025-11-04T21:52:10.340-0300] {processor.py:183} INFO - Processing /Users/joaovitor/airflow_env/lib/python3.11/site-packages/airflow/example_dags/example_python_operator.py took 0.183 seconds
[2025-11-04T21:54:06.819-0300] {processor.py:161} INFO - Started process (PID=31280) to work on /Users/joaovitor/airflow_env/lib/python3.11/site-packages/airflow/example_dags/example_python_operator.py
[2025-11-04T21:54:06.820-0300] {processor.py:830} INFO - Processing file /Users/joaovitor/airflow_env/lib/python3.11/site-packages/airflow/example_dags/example_python_operator.py for tasks to queue
[2025-11-04T21:54:06.820-0300] {logging_mixin.py:188} INFO - [2025-11-04T21:54:06.820-0300] {dagbag.py:545} INFO - Filling up the DagBag from /Users/joaovitor/airflow_env/lib/python3.11/site-packages/airflow/example_dags/example_python_operator.py
[2025-11-04T21:54:06.844-0300] {logging_mixin.py:188} INFO - [2025-11-04T21:54:06.844-0300] {example_python_operator.py:93} WARNING - The virtalenv_python example task requires virtualenv, please install it.
[2025-11-04T21:54:06.848-0300] {processor.py:840} INFO - DAG(s) 'example_python_operator' retrieved from /Users/joaovitor/airflow_env/lib/python3.11/site-packages/airflow/example_dags/example_python_operator.py
[2025-11-04T21:54:06.951-0300] {logging_mixin.py:188} INFO - [2025-11-04T21:54:06.950-0300] {dag.py:3089} INFO - Sync 1 DAGs
[2025-11-04T21:54:06.960-0300] {logging_mixin.py:188} INFO - [2025-11-04T21:54:06.960-0300] {dag.py:3947} INFO - Setting next_dagrun for example_python_operator to None, run_after=None
[2025-11-04T21:54:06.981-0300] {processor.py:183} INFO - Processing /Users/joaovitor/airflow_env/lib/python3.11/site-packages/airflow/example_dags/example_python_operator.py took 0.167 seconds
[2025-11-04T21:56:00.359-0300] {processor.py:161} INFO - Started process (PID=31322) to work on /Users/joaovitor/airflow_env/lib/python3.11/site-packages/airflow/example_dags/example_python_operator.py
[2025-11-04T21:56:00.360-0300] {processor.py:830} INFO - Processing file /Users/joaovitor/airflow_env/lib/python3.11/site-packages/airflow/example_dags/example_python_operator.py for tasks to queue
[2025-11-04T21:56:00.360-0300] {logging_mixin.py:188} INFO - [2025-11-04T21:56:00.360-0300] {dagbag.py:545} INFO - Filling up the DagBag from /Users/joaovitor/airflow_env/lib/python3.11/site-packages/airflow/example_dags/example_python_operator.py
[2025-11-04T21:56:00.396-0300] {logging_mixin.py:188} INFO - [2025-11-04T21:56:00.396-0300] {example_python_operator.py:93} WARNING - The virtalenv_python example task requires virtualenv, please install it.
[2025-11-04T21:56:00.400-0300] {processor.py:840} INFO - DAG(s) 'example_python_operator' retrieved from /Users/joaovitor/airflow_env/lib/python3.11/site-packages/airflow/example_dags/example_python_operator.py
[2025-11-04T21:56:00.524-0300] {logging_mixin.py:188} INFO - [2025-11-04T21:56:00.524-0300] {dag.py:3089} INFO - Sync 1 DAGs
[2025-11-04T21:56:00.533-0300] {logging_mixin.py:188} INFO - [2025-11-04T21:56:00.533-0300] {dag.py:3947} INFO - Setting next_dagrun for example_python_operator to None, run_after=None
[2025-11-04T21:56:00.556-0300] {processor.py:183} INFO - Processing /Users/joaovitor/airflow_env/lib/python3.11/site-packages/airflow/example_dags/example_python_operator.py took 0.200 seconds
[2025-11-04T21:57:51.229-0300] {processor.py:161} INFO - Started process (PID=31362) to work on /Users/joaovitor/airflow_env/lib/python3.11/site-packages/airflow/example_dags/example_python_operator.py
[2025-11-04T21:57:51.230-0300] {processor.py:830} INFO - Processing file /Users/joaovitor/airflow_env/lib/python3.11/site-packages/airflow/example_dags/example_python_operator.py for tasks to queue
[2025-11-04T21:57:51.231-0300] {logging_mixin.py:188} INFO - [2025-11-04T21:57:51.230-0300] {dagbag.py:545} INFO - Filling up the DagBag from /Users/joaovitor/airflow_env/lib/python3.11/site-packages/airflow/example_dags/example_python_operator.py
[2025-11-04T21:57:51.253-0300] {logging_mixin.py:188} INFO - [2025-11-04T21:57:51.253-0300] {example_python_operator.py:93} WARNING - The virtalenv_python example task requires virtualenv, please install it.
[2025-11-04T21:57:51.257-0300] {processor.py:840} INFO - DAG(s) 'example_python_operator' retrieved from /Users/joaovitor/airflow_env/lib/python3.11/site-packages/airflow/example_dags/example_python_operator.py
[2025-11-04T21:57:51.360-0300] {logging_mixin.py:188} INFO - [2025-11-04T21:57:51.359-0300] {dag.py:3089} INFO - Sync 1 DAGs
[2025-11-04T21:57:51.369-0300] {logging_mixin.py:188} INFO - [2025-11-04T21:57:51.369-0300] {dag.py:3947} INFO - Setting next_dagrun for example_python_operator to None, run_after=None
[2025-11-04T21:57:51.390-0300] {processor.py:183} INFO - Processing /Users/joaovitor/airflow_env/lib/python3.11/site-packages/airflow/example_dags/example_python_operator.py took 0.164 seconds
[2025-11-04T21:59:42.268-0300] {processor.py:161} INFO - Started process (PID=31401) to work on /Users/joaovitor/airflow_env/lib/python3.11/site-packages/airflow/example_dags/example_python_operator.py
[2025-11-04T21:59:42.269-0300] {processor.py:830} INFO - Processing file /Users/joaovitor/airflow_env/lib/python3.11/site-packages/airflow/example_dags/example_python_operator.py for tasks to queue
[2025-11-04T21:59:42.270-0300] {logging_mixin.py:188} INFO - [2025-11-04T21:59:42.269-0300] {dagbag.py:545} INFO - Filling up the DagBag from /Users/joaovitor/airflow_env/lib/python3.11/site-packages/airflow/example_dags/example_python_operator.py
[2025-11-04T21:59:42.296-0300] {logging_mixin.py:188} INFO - [2025-11-04T21:59:42.296-0300] {example_python_operator.py:93} WARNING - The virtalenv_python example task requires virtualenv, please install it.
[2025-11-04T21:59:42.299-0300] {processor.py:840} INFO - DAG(s) 'example_python_operator' retrieved from /Users/joaovitor/airflow_env/lib/python3.11/site-packages/airflow/example_dags/example_python_operator.py
[2025-11-04T21:59:42.420-0300] {logging_mixin.py:188} INFO - [2025-11-04T21:59:42.420-0300] {dag.py:3089} INFO - Sync 1 DAGs
[2025-11-04T21:59:42.431-0300] {logging_mixin.py:188} INFO - [2025-11-04T21:59:42.431-0300] {dag.py:3947} INFO - Setting next_dagrun for example_python_operator to None, run_after=None
[2025-11-04T21:59:42.452-0300] {processor.py:183} INFO - Processing /Users/joaovitor/airflow_env/lib/python3.11/site-packages/airflow/example_dags/example_python_operator.py took 0.187 seconds
[2025-11-04T22:05:17.378-0300] {processor.py:161} INFO - Started process (PID=31458) to work on /Users/joaovitor/airflow_env/lib/python3.11/site-packages/airflow/example_dags/example_python_operator.py
[2025-11-04T22:05:17.379-0300] {processor.py:830} INFO - Processing file /Users/joaovitor/airflow_env/lib/python3.11/site-packages/airflow/example_dags/example_python_operator.py for tasks to queue
[2025-11-04T22:05:17.379-0300] {logging_mixin.py:188} INFO - [2025-11-04T22:05:17.379-0300] {dagbag.py:545} INFO - Filling up the DagBag from /Users/joaovitor/airflow_env/lib/python3.11/site-packages/airflow/example_dags/example_python_operator.py
[2025-11-04T22:05:17.401-0300] {logging_mixin.py:188} INFO - [2025-11-04T22:05:17.401-0300] {example_python_operator.py:93} WARNING - The virtalenv_python example task requires virtualenv, please install it.
[2025-11-04T22:05:17.405-0300] {processor.py:840} INFO - DAG(s) 'example_python_operator' retrieved from /Users/joaovitor/airflow_env/lib/python3.11/site-packages/airflow/example_dags/example_python_operator.py
[2025-11-04T22:05:17.507-0300] {logging_mixin.py:188} INFO - [2025-11-04T22:05:17.507-0300] {dag.py:3089} INFO - Sync 1 DAGs
[2025-11-04T22:05:17.517-0300] {logging_mixin.py:188} INFO - [2025-11-04T22:05:17.517-0300] {dag.py:3947} INFO - Setting next_dagrun for example_python_operator to None, run_after=None
[2025-11-04T22:05:17.544-0300] {processor.py:183} INFO - Processing /Users/joaovitor/airflow_env/lib/python3.11/site-packages/airflow/example_dags/example_python_operator.py took 0.169 seconds
[2025-11-04T22:07:11.674-0300] {processor.py:161} INFO - Started process (PID=31517) to work on /Users/joaovitor/airflow_env/lib/python3.11/site-packages/airflow/example_dags/example_python_operator.py
[2025-11-04T22:07:11.675-0300] {processor.py:830} INFO - Processing file /Users/joaovitor/airflow_env/lib/python3.11/site-packages/airflow/example_dags/example_python_operator.py for tasks to queue
[2025-11-04T22:07:11.676-0300] {logging_mixin.py:188} INFO - [2025-11-04T22:07:11.676-0300] {dagbag.py:545} INFO - Filling up the DagBag from /Users/joaovitor/airflow_env/lib/python3.11/site-packages/airflow/example_dags/example_python_operator.py
[2025-11-04T22:07:11.699-0300] {logging_mixin.py:188} INFO - [2025-11-04T22:07:11.698-0300] {example_python_operator.py:93} WARNING - The virtalenv_python example task requires virtualenv, please install it.
[2025-11-04T22:07:11.702-0300] {processor.py:840} INFO - DAG(s) 'example_python_operator' retrieved from /Users/joaovitor/airflow_env/lib/python3.11/site-packages/airflow/example_dags/example_python_operator.py
[2025-11-04T22:07:11.806-0300] {logging_mixin.py:188} INFO - [2025-11-04T22:07:11.806-0300] {dag.py:3089} INFO - Sync 1 DAGs
[2025-11-04T22:07:11.815-0300] {logging_mixin.py:188} INFO - [2025-11-04T22:07:11.815-0300] {dag.py:3947} INFO - Setting next_dagrun for example_python_operator to None, run_after=None
[2025-11-04T22:07:11.841-0300] {processor.py:183} INFO - Processing /Users/joaovitor/airflow_env/lib/python3.11/site-packages/airflow/example_dags/example_python_operator.py took 0.169 seconds
[2025-11-04T22:09:06.348-0300] {processor.py:161} INFO - Started process (PID=31558) to work on /Users/joaovitor/airflow_env/lib/python3.11/site-packages/airflow/example_dags/example_python_operator.py
[2025-11-04T22:09:06.349-0300] {processor.py:830} INFO - Processing file /Users/joaovitor/airflow_env/lib/python3.11/site-packages/airflow/example_dags/example_python_operator.py for tasks to queue
[2025-11-04T22:09:06.349-0300] {logging_mixin.py:188} INFO - [2025-11-04T22:09:06.349-0300] {dagbag.py:545} INFO - Filling up the DagBag from /Users/joaovitor/airflow_env/lib/python3.11/site-packages/airflow/example_dags/example_python_operator.py
[2025-11-04T22:09:06.372-0300] {logging_mixin.py:188} INFO - [2025-11-04T22:09:06.371-0300] {example_python_operator.py:93} WARNING - The virtalenv_python example task requires virtualenv, please install it.
[2025-11-04T22:09:06.375-0300] {processor.py:840} INFO - DAG(s) 'example_python_operator' retrieved from /Users/joaovitor/airflow_env/lib/python3.11/site-packages/airflow/example_dags/example_python_operator.py
[2025-11-04T22:09:06.478-0300] {logging_mixin.py:188} INFO - [2025-11-04T22:09:06.477-0300] {dag.py:3089} INFO - Sync 1 DAGs
[2025-11-04T22:09:06.487-0300] {logging_mixin.py:188} INFO - [2025-11-04T22:09:06.487-0300] {dag.py:3947} INFO - Setting next_dagrun for example_python_operator to None, run_after=None
[2025-11-04T22:09:06.507-0300] {processor.py:183} INFO - Processing /Users/joaovitor/airflow_env/lib/python3.11/site-packages/airflow/example_dags/example_python_operator.py took 0.162 seconds
[2025-11-04T22:11:00.651-0300] {processor.py:161} INFO - Started process (PID=31609) to work on /Users/joaovitor/airflow_env/lib/python3.11/site-packages/airflow/example_dags/example_python_operator.py
[2025-11-04T22:11:00.652-0300] {processor.py:830} INFO - Processing file /Users/joaovitor/airflow_env/lib/python3.11/site-packages/airflow/example_dags/example_python_operator.py for tasks to queue
[2025-11-04T22:11:00.653-0300] {logging_mixin.py:188} INFO - [2025-11-04T22:11:00.652-0300] {dagbag.py:545} INFO - Filling up the DagBag from /Users/joaovitor/airflow_env/lib/python3.11/site-packages/airflow/example_dags/example_python_operator.py
[2025-11-04T22:11:00.676-0300] {logging_mixin.py:188} INFO - [2025-11-04T22:11:00.675-0300] {example_python_operator.py:93} WARNING - The virtalenv_python example task requires virtualenv, please install it.
[2025-11-04T22:11:00.680-0300] {processor.py:840} INFO - DAG(s) 'example_python_operator' retrieved from /Users/joaovitor/airflow_env/lib/python3.11/site-packages/airflow/example_dags/example_python_operator.py
[2025-11-04T22:11:00.794-0300] {logging_mixin.py:188} INFO - [2025-11-04T22:11:00.793-0300] {dag.py:3089} INFO - Sync 1 DAGs
[2025-11-04T22:11:00.804-0300] {logging_mixin.py:188} INFO - [2025-11-04T22:11:00.803-0300] {dag.py:3947} INFO - Setting next_dagrun for example_python_operator to None, run_after=None
[2025-11-04T22:11:00.825-0300] {processor.py:183} INFO - Processing /Users/joaovitor/airflow_env/lib/python3.11/site-packages/airflow/example_dags/example_python_operator.py took 0.177 seconds
[2025-11-04T22:13:00.115-0300] {processor.py:161} INFO - Started process (PID=31660) to work on /Users/joaovitor/airflow_env/lib/python3.11/site-packages/airflow/example_dags/example_python_operator.py
[2025-11-04T22:13:00.116-0300] {processor.py:830} INFO - Processing file /Users/joaovitor/airflow_env/lib/python3.11/site-packages/airflow/example_dags/example_python_operator.py for tasks to queue
[2025-11-04T22:13:00.117-0300] {logging_mixin.py:188} INFO - [2025-11-04T22:13:00.116-0300] {dagbag.py:545} INFO - Filling up the DagBag from /Users/joaovitor/airflow_env/lib/python3.11/site-packages/airflow/example_dags/example_python_operator.py
[2025-11-04T22:13:00.139-0300] {logging_mixin.py:188} INFO - [2025-11-04T22:13:00.139-0300] {example_python_operator.py:93} WARNING - The virtalenv_python example task requires virtualenv, please install it.
[2025-11-04T22:13:00.142-0300] {processor.py:840} INFO - DAG(s) 'example_python_operator' retrieved from /Users/joaovitor/airflow_env/lib/python3.11/site-packages/airflow/example_dags/example_python_operator.py
[2025-11-04T22:13:00.246-0300] {logging_mixin.py:188} INFO - [2025-11-04T22:13:00.245-0300] {dag.py:3089} INFO - Sync 1 DAGs
[2025-11-04T22:13:00.256-0300] {logging_mixin.py:188} INFO - [2025-11-04T22:13:00.255-0300] {dag.py:3947} INFO - Setting next_dagrun for example_python_operator to None, run_after=None
[2025-11-04T22:13:00.276-0300] {processor.py:183} INFO - Processing /Users/joaovitor/airflow_env/lib/python3.11/site-packages/airflow/example_dags/example_python_operator.py took 0.164 seconds
[2025-11-04T22:15:00.932-0300] {processor.py:161} INFO - Started process (PID=31702) to work on /Users/joaovitor/airflow_env/lib/python3.11/site-packages/airflow/example_dags/example_python_operator.py
[2025-11-04T22:15:00.933-0300] {processor.py:830} INFO - Processing file /Users/joaovitor/airflow_env/lib/python3.11/site-packages/airflow/example_dags/example_python_operator.py for tasks to queue
[2025-11-04T22:15:00.934-0300] {logging_mixin.py:188} INFO - [2025-11-04T22:15:00.934-0300] {dagbag.py:545} INFO - Filling up the DagBag from /Users/joaovitor/airflow_env/lib/python3.11/site-packages/airflow/example_dags/example_python_operator.py
[2025-11-04T22:15:00.956-0300] {logging_mixin.py:188} INFO - [2025-11-04T22:15:00.956-0300] {example_python_operator.py:93} WARNING - The virtalenv_python example task requires virtualenv, please install it.
[2025-11-04T22:15:00.959-0300] {processor.py:840} INFO - DAG(s) 'example_python_operator' retrieved from /Users/joaovitor/airflow_env/lib/python3.11/site-packages/airflow/example_dags/example_python_operator.py
[2025-11-04T22:15:01.060-0300] {logging_mixin.py:188} INFO - [2025-11-04T22:15:01.059-0300] {dag.py:3089} INFO - Sync 1 DAGs
[2025-11-04T22:15:01.069-0300] {logging_mixin.py:188} INFO - [2025-11-04T22:15:01.069-0300] {dag.py:3947} INFO - Setting next_dagrun for example_python_operator to None, run_after=None
[2025-11-04T22:15:01.088-0300] {processor.py:183} INFO - Processing /Users/joaovitor/airflow_env/lib/python3.11/site-packages/airflow/example_dags/example_python_operator.py took 0.158 seconds
[2025-11-04T22:17:11.652-0300] {processor.py:161} INFO - Started process (PID=31759) to work on /Users/joaovitor/airflow_env/lib/python3.11/site-packages/airflow/example_dags/example_python_operator.py
[2025-11-04T22:17:11.653-0300] {processor.py:830} INFO - Processing file /Users/joaovitor/airflow_env/lib/python3.11/site-packages/airflow/example_dags/example_python_operator.py for tasks to queue
[2025-11-04T22:17:11.654-0300] {logging_mixin.py:188} INFO - [2025-11-04T22:17:11.653-0300] {dagbag.py:545} INFO - Filling up the DagBag from /Users/joaovitor/airflow_env/lib/python3.11/site-packages/airflow/example_dags/example_python_operator.py
[2025-11-04T22:17:11.678-0300] {logging_mixin.py:188} INFO - [2025-11-04T22:17:11.677-0300] {example_python_operator.py:93} WARNING - The virtalenv_python example task requires virtualenv, please install it.
[2025-11-04T22:17:11.682-0300] {processor.py:840} INFO - DAG(s) 'example_python_operator' retrieved from /Users/joaovitor/airflow_env/lib/python3.11/site-packages/airflow/example_dags/example_python_operator.py
[2025-11-04T22:17:11.786-0300] {logging_mixin.py:188} INFO - [2025-11-04T22:17:11.786-0300] {dag.py:3089} INFO - Sync 1 DAGs
[2025-11-04T22:17:11.796-0300] {logging_mixin.py:188} INFO - [2025-11-04T22:17:11.796-0300] {dag.py:3947} INFO - Setting next_dagrun for example_python_operator to None, run_after=None
[2025-11-04T22:17:11.817-0300] {processor.py:183} INFO - Processing /Users/joaovitor/airflow_env/lib/python3.11/site-packages/airflow/example_dags/example_python_operator.py took 0.168 seconds
[2025-11-04T22:19:13.107-0300] {processor.py:161} INFO - Started process (PID=31807) to work on /Users/joaovitor/airflow_env/lib/python3.11/site-packages/airflow/example_dags/example_python_operator.py
[2025-11-04T22:19:13.109-0300] {processor.py:830} INFO - Processing file /Users/joaovitor/airflow_env/lib/python3.11/site-packages/airflow/example_dags/example_python_operator.py for tasks to queue
[2025-11-04T22:19:13.110-0300] {logging_mixin.py:188} INFO - [2025-11-04T22:19:13.110-0300] {dagbag.py:545} INFO - Filling up the DagBag from /Users/joaovitor/airflow_env/lib/python3.11/site-packages/airflow/example_dags/example_python_operator.py
[2025-11-04T22:19:13.138-0300] {logging_mixin.py:188} INFO - [2025-11-04T22:19:13.138-0300] {example_python_operator.py:93} WARNING - The virtalenv_python example task requires virtualenv, please install it.
[2025-11-04T22:19:13.144-0300] {processor.py:840} INFO - DAG(s) 'example_python_operator' retrieved from /Users/joaovitor/airflow_env/lib/python3.11/site-packages/airflow/example_dags/example_python_operator.py
[2025-11-04T22:19:13.250-0300] {logging_mixin.py:188} INFO - [2025-11-04T22:19:13.249-0300] {dag.py:3089} INFO - Sync 1 DAGs
[2025-11-04T22:19:13.259-0300] {logging_mixin.py:188} INFO - [2025-11-04T22:19:13.259-0300] {dag.py:3947} INFO - Setting next_dagrun for example_python_operator to None, run_after=None
[2025-11-04T22:19:13.279-0300] {processor.py:183} INFO - Processing /Users/joaovitor/airflow_env/lib/python3.11/site-packages/airflow/example_dags/example_python_operator.py took 0.176 seconds
[2025-11-04T22:21:11.848-0300] {processor.py:161} INFO - Started process (PID=31870) to work on /Users/joaovitor/airflow_env/lib/python3.11/site-packages/airflow/example_dags/example_python_operator.py
[2025-11-04T22:21:11.850-0300] {processor.py:830} INFO - Processing file /Users/joaovitor/airflow_env/lib/python3.11/site-packages/airflow/example_dags/example_python_operator.py for tasks to queue
[2025-11-04T22:21:11.851-0300] {logging_mixin.py:188} INFO - [2025-11-04T22:21:11.851-0300] {dagbag.py:545} INFO - Filling up the DagBag from /Users/joaovitor/airflow_env/lib/python3.11/site-packages/airflow/example_dags/example_python_operator.py
[2025-11-04T22:21:11.884-0300] {logging_mixin.py:188} INFO - [2025-11-04T22:21:11.883-0300] {example_python_operator.py:93} WARNING - The virtalenv_python example task requires virtualenv, please install it.
[2025-11-04T22:21:11.891-0300] {processor.py:840} INFO - DAG(s) 'example_python_operator' retrieved from /Users/joaovitor/airflow_env/lib/python3.11/site-packages/airflow/example_dags/example_python_operator.py
[2025-11-04T22:21:12.135-0300] {logging_mixin.py:188} INFO - [2025-11-04T22:21:12.135-0300] {dag.py:3089} INFO - Sync 1 DAGs
[2025-11-04T22:21:12.158-0300] {logging_mixin.py:188} INFO - [2025-11-04T22:21:12.157-0300] {dag.py:3947} INFO - Setting next_dagrun for example_python_operator to None, run_after=None
[2025-11-04T22:21:12.260-0300] {processor.py:183} INFO - Processing /Users/joaovitor/airflow_env/lib/python3.11/site-packages/airflow/example_dags/example_python_operator.py took 0.415 seconds
[2025-11-04T22:23:19.641-0300] {processor.py:161} INFO - Started process (PID=31946) to work on /Users/joaovitor/airflow_env/lib/python3.11/site-packages/airflow/example_dags/example_python_operator.py
[2025-11-04T22:23:19.644-0300] {processor.py:830} INFO - Processing file /Users/joaovitor/airflow_env/lib/python3.11/site-packages/airflow/example_dags/example_python_operator.py for tasks to queue
[2025-11-04T22:23:19.645-0300] {logging_mixin.py:188} INFO - [2025-11-04T22:23:19.645-0300] {dagbag.py:545} INFO - Filling up the DagBag from /Users/joaovitor/airflow_env/lib/python3.11/site-packages/airflow/example_dags/example_python_operator.py
[2025-11-04T22:23:19.676-0300] {logging_mixin.py:188} INFO - [2025-11-04T22:23:19.676-0300] {example_python_operator.py:93} WARNING - The virtalenv_python example task requires virtualenv, please install it.
[2025-11-04T22:23:19.681-0300] {processor.py:840} INFO - DAG(s) 'example_python_operator' retrieved from /Users/joaovitor/airflow_env/lib/python3.11/site-packages/airflow/example_dags/example_python_operator.py
[2025-11-04T22:23:19.794-0300] {logging_mixin.py:188} INFO - [2025-11-04T22:23:19.793-0300] {dag.py:3089} INFO - Sync 1 DAGs
[2025-11-04T22:23:19.807-0300] {logging_mixin.py:188} INFO - [2025-11-04T22:23:19.807-0300] {dag.py:3947} INFO - Setting next_dagrun for example_python_operator to None, run_after=None
[2025-11-04T22:23:19.831-0300] {processor.py:183} INFO - Processing /Users/joaovitor/airflow_env/lib/python3.11/site-packages/airflow/example_dags/example_python_operator.py took 0.192 seconds
[2025-11-04T22:25:25.809-0300] {processor.py:161} INFO - Started process (PID=31987) to work on /Users/joaovitor/airflow_env/lib/python3.11/site-packages/airflow/example_dags/example_python_operator.py
[2025-11-04T22:25:25.810-0300] {processor.py:830} INFO - Processing file /Users/joaovitor/airflow_env/lib/python3.11/site-packages/airflow/example_dags/example_python_operator.py for tasks to queue
[2025-11-04T22:25:25.810-0300] {logging_mixin.py:188} INFO - [2025-11-04T22:25:25.810-0300] {dagbag.py:545} INFO - Filling up the DagBag from /Users/joaovitor/airflow_env/lib/python3.11/site-packages/airflow/example_dags/example_python_operator.py
[2025-11-04T22:25:25.841-0300] {logging_mixin.py:188} INFO - [2025-11-04T22:25:25.841-0300] {example_python_operator.py:93} WARNING - The virtalenv_python example task requires virtualenv, please install it.
[2025-11-04T22:25:25.845-0300] {processor.py:840} INFO - DAG(s) 'example_python_operator' retrieved from /Users/joaovitor/airflow_env/lib/python3.11/site-packages/airflow/example_dags/example_python_operator.py
[2025-11-04T22:25:25.965-0300] {logging_mixin.py:188} INFO - [2025-11-04T22:25:25.964-0300] {dag.py:3089} INFO - Sync 1 DAGs
[2025-11-04T22:25:25.977-0300] {logging_mixin.py:188} INFO - [2025-11-04T22:25:25.976-0300] {dag.py:3947} INFO - Setting next_dagrun for example_python_operator to None, run_after=None
[2025-11-04T22:25:25.999-0300] {processor.py:183} INFO - Processing /Users/joaovitor/airflow_env/lib/python3.11/site-packages/airflow/example_dags/example_python_operator.py took 0.193 seconds
[2025-11-04T22:27:31.689-0300] {processor.py:161} INFO - Started process (PID=32029) to work on /Users/joaovitor/airflow_env/lib/python3.11/site-packages/airflow/example_dags/example_python_operator.py
[2025-11-04T22:27:31.690-0300] {processor.py:830} INFO - Processing file /Users/joaovitor/airflow_env/lib/python3.11/site-packages/airflow/example_dags/example_python_operator.py for tasks to queue
[2025-11-04T22:27:31.691-0300] {logging_mixin.py:188} INFO - [2025-11-04T22:27:31.691-0300] {dagbag.py:545} INFO - Filling up the DagBag from /Users/joaovitor/airflow_env/lib/python3.11/site-packages/airflow/example_dags/example_python_operator.py
[2025-11-04T22:27:31.719-0300] {logging_mixin.py:188} INFO - [2025-11-04T22:27:31.719-0300] {example_python_operator.py:93} WARNING - The virtalenv_python example task requires virtualenv, please install it.
[2025-11-04T22:27:31.723-0300] {processor.py:840} INFO - DAG(s) 'example_python_operator' retrieved from /Users/joaovitor/airflow_env/lib/python3.11/site-packages/airflow/example_dags/example_python_operator.py
[2025-11-04T22:27:31.847-0300] {logging_mixin.py:188} INFO - [2025-11-04T22:27:31.847-0300] {dag.py:3089} INFO - Sync 1 DAGs
[2025-11-04T22:27:31.858-0300] {logging_mixin.py:188} INFO - [2025-11-04T22:27:31.857-0300] {dag.py:3947} INFO - Setting next_dagrun for example_python_operator to None, run_after=None
[2025-11-04T22:27:31.879-0300] {processor.py:183} INFO - Processing /Users/joaovitor/airflow_env/lib/python3.11/site-packages/airflow/example_dags/example_python_operator.py took 0.193 seconds
[2025-11-04T22:29:40.657-0300] {processor.py:161} INFO - Started process (PID=32071) to work on /Users/joaovitor/airflow_env/lib/python3.11/site-packages/airflow/example_dags/example_python_operator.py
[2025-11-04T22:29:40.658-0300] {processor.py:830} INFO - Processing file /Users/joaovitor/airflow_env/lib/python3.11/site-packages/airflow/example_dags/example_python_operator.py for tasks to queue
[2025-11-04T22:29:40.660-0300] {logging_mixin.py:188} INFO - [2025-11-04T22:29:40.659-0300] {dagbag.py:545} INFO - Filling up the DagBag from /Users/joaovitor/airflow_env/lib/python3.11/site-packages/airflow/example_dags/example_python_operator.py
[2025-11-04T22:29:40.685-0300] {logging_mixin.py:188} INFO - [2025-11-04T22:29:40.685-0300] {example_python_operator.py:93} WARNING - The virtalenv_python example task requires virtualenv, please install it.
[2025-11-04T22:29:40.689-0300] {processor.py:840} INFO - DAG(s) 'example_python_operator' retrieved from /Users/joaovitor/airflow_env/lib/python3.11/site-packages/airflow/example_dags/example_python_operator.py
[2025-11-04T22:29:40.808-0300] {logging_mixin.py:188} INFO - [2025-11-04T22:29:40.808-0300] {dag.py:3089} INFO - Sync 1 DAGs
[2025-11-04T22:29:40.819-0300] {logging_mixin.py:188} INFO - [2025-11-04T22:29:40.819-0300] {dag.py:3947} INFO - Setting next_dagrun for example_python_operator to None, run_after=None
[2025-11-04T22:29:40.842-0300] {processor.py:183} INFO - Processing /Users/joaovitor/airflow_env/lib/python3.11/site-packages/airflow/example_dags/example_python_operator.py took 0.187 seconds
[2025-11-04T22:32:12.927-0300] {processor.py:161} INFO - Started process (PID=32198) to work on /Users/joaovitor/airflow_env/lib/python3.11/site-packages/airflow/example_dags/example_python_operator.py
[2025-11-04T22:32:12.929-0300] {processor.py:830} INFO - Processing file /Users/joaovitor/airflow_env/lib/python3.11/site-packages/airflow/example_dags/example_python_operator.py for tasks to queue
[2025-11-04T22:32:12.930-0300] {logging_mixin.py:188} INFO - [2025-11-04T22:32:12.930-0300] {dagbag.py:545} INFO - Filling up the DagBag from /Users/joaovitor/airflow_env/lib/python3.11/site-packages/airflow/example_dags/example_python_operator.py
[2025-11-04T22:32:12.968-0300] {logging_mixin.py:188} INFO - [2025-11-04T22:32:12.968-0300] {example_python_operator.py:93} WARNING - The virtalenv_python example task requires virtualenv, please install it.
[2025-11-04T22:32:12.973-0300] {processor.py:840} INFO - DAG(s) 'example_python_operator' retrieved from /Users/joaovitor/airflow_env/lib/python3.11/site-packages/airflow/example_dags/example_python_operator.py
[2025-11-04T22:32:13.181-0300] {logging_mixin.py:188} INFO - [2025-11-04T22:32:13.180-0300] {dag.py:3089} INFO - Sync 1 DAGs
[2025-11-04T22:32:13.197-0300] {logging_mixin.py:188} INFO - [2025-11-04T22:32:13.197-0300] {dag.py:3947} INFO - Setting next_dagrun for example_python_operator to None, run_after=None
[2025-11-04T22:32:13.225-0300] {processor.py:183} INFO - Processing /Users/joaovitor/airflow_env/lib/python3.11/site-packages/airflow/example_dags/example_python_operator.py took 0.305 seconds
[2025-11-04T22:34:53.178-0300] {processor.py:161} INFO - Started process (PID=32343) to work on /Users/joaovitor/airflow_env/lib/python3.11/site-packages/airflow/example_dags/example_python_operator.py
[2025-11-04T22:34:53.180-0300] {processor.py:830} INFO - Processing file /Users/joaovitor/airflow_env/lib/python3.11/site-packages/airflow/example_dags/example_python_operator.py for tasks to queue
[2025-11-04T22:34:53.181-0300] {logging_mixin.py:188} INFO - [2025-11-04T22:34:53.181-0300] {dagbag.py:545} INFO - Filling up the DagBag from /Users/joaovitor/airflow_env/lib/python3.11/site-packages/airflow/example_dags/example_python_operator.py
[2025-11-04T22:34:53.206-0300] {logging_mixin.py:188} INFO - [2025-11-04T22:34:53.206-0300] {example_python_operator.py:93} WARNING - The virtalenv_python example task requires virtualenv, please install it.
[2025-11-04T22:34:53.209-0300] {processor.py:840} INFO - DAG(s) 'example_python_operator' retrieved from /Users/joaovitor/airflow_env/lib/python3.11/site-packages/airflow/example_dags/example_python_operator.py
[2025-11-04T22:34:53.325-0300] {logging_mixin.py:188} INFO - [2025-11-04T22:34:53.324-0300] {dag.py:3089} INFO - Sync 1 DAGs
[2025-11-04T22:34:53.334-0300] {logging_mixin.py:188} INFO - [2025-11-04T22:34:53.334-0300] {dag.py:3947} INFO - Setting next_dagrun for example_python_operator to None, run_after=None
[2025-11-04T22:34:53.358-0300] {processor.py:183} INFO - Processing /Users/joaovitor/airflow_env/lib/python3.11/site-packages/airflow/example_dags/example_python_operator.py took 0.182 seconds
[2025-11-04T22:36:59.870-0300] {processor.py:161} INFO - Started process (PID=32560) to work on /Users/joaovitor/airflow_env/lib/python3.11/site-packages/airflow/example_dags/example_python_operator.py
[2025-11-04T22:36:59.872-0300] {processor.py:830} INFO - Processing file /Users/joaovitor/airflow_env/lib/python3.11/site-packages/airflow/example_dags/example_python_operator.py for tasks to queue
[2025-11-04T22:36:59.873-0300] {logging_mixin.py:188} INFO - [2025-11-04T22:36:59.873-0300] {dagbag.py:545} INFO - Filling up the DagBag from /Users/joaovitor/airflow_env/lib/python3.11/site-packages/airflow/example_dags/example_python_operator.py
[2025-11-04T22:36:59.902-0300] {logging_mixin.py:188} INFO - [2025-11-04T22:36:59.902-0300] {example_python_operator.py:93} WARNING - The virtalenv_python example task requires virtualenv, please install it.
[2025-11-04T22:36:59.906-0300] {processor.py:840} INFO - DAG(s) 'example_python_operator' retrieved from /Users/joaovitor/airflow_env/lib/python3.11/site-packages/airflow/example_dags/example_python_operator.py
[2025-11-04T22:37:00.032-0300] {logging_mixin.py:188} INFO - [2025-11-04T22:37:00.031-0300] {dag.py:3089} INFO - Sync 1 DAGs
[2025-11-04T22:37:00.042-0300] {logging_mixin.py:188} INFO - [2025-11-04T22:37:00.042-0300] {dag.py:3947} INFO - Setting next_dagrun for example_python_operator to None, run_after=None
[2025-11-04T22:37:00.065-0300] {processor.py:183} INFO - Processing /Users/joaovitor/airflow_env/lib/python3.11/site-packages/airflow/example_dags/example_python_operator.py took 0.199 seconds
[2025-11-04T22:39:27.529-0300] {processor.py:161} INFO - Started process (PID=32674) to work on /Users/joaovitor/airflow_env/lib/python3.11/site-packages/airflow/example_dags/example_python_operator.py
[2025-11-04T22:39:27.531-0300] {processor.py:830} INFO - Processing file /Users/joaovitor/airflow_env/lib/python3.11/site-packages/airflow/example_dags/example_python_operator.py for tasks to queue
[2025-11-04T22:39:27.532-0300] {logging_mixin.py:188} INFO - [2025-11-04T22:39:27.532-0300] {dagbag.py:545} INFO - Filling up the DagBag from /Users/joaovitor/airflow_env/lib/python3.11/site-packages/airflow/example_dags/example_python_operator.py
[2025-11-04T22:39:27.565-0300] {logging_mixin.py:188} INFO - [2025-11-04T22:39:27.565-0300] {example_python_operator.py:93} WARNING - The virtalenv_python example task requires virtualenv, please install it.
[2025-11-04T22:39:27.571-0300] {processor.py:840} INFO - DAG(s) 'example_python_operator' retrieved from /Users/joaovitor/airflow_env/lib/python3.11/site-packages/airflow/example_dags/example_python_operator.py
[2025-11-04T22:39:27.830-0300] {logging_mixin.py:188} INFO - [2025-11-04T22:39:27.829-0300] {dag.py:3089} INFO - Sync 1 DAGs
[2025-11-04T22:39:27.843-0300] {logging_mixin.py:188} INFO - [2025-11-04T22:39:27.843-0300] {dag.py:3947} INFO - Setting next_dagrun for example_python_operator to None, run_after=None
[2025-11-04T22:39:27.928-0300] {processor.py:183} INFO - Processing /Users/joaovitor/airflow_env/lib/python3.11/site-packages/airflow/example_dags/example_python_operator.py took 0.406 seconds
[2025-11-04T22:41:56.831-0300] {processor.py:161} INFO - Started process (PID=32734) to work on /Users/joaovitor/airflow_env/lib/python3.11/site-packages/airflow/example_dags/example_python_operator.py
[2025-11-04T22:41:56.833-0300] {processor.py:830} INFO - Processing file /Users/joaovitor/airflow_env/lib/python3.11/site-packages/airflow/example_dags/example_python_operator.py for tasks to queue
[2025-11-04T22:41:56.835-0300] {logging_mixin.py:188} INFO - [2025-11-04T22:41:56.834-0300] {dagbag.py:545} INFO - Filling up the DagBag from /Users/joaovitor/airflow_env/lib/python3.11/site-packages/airflow/example_dags/example_python_operator.py
[2025-11-04T22:41:56.864-0300] {logging_mixin.py:188} INFO - [2025-11-04T22:41:56.864-0300] {example_python_operator.py:93} WARNING - The virtalenv_python example task requires virtualenv, please install it.
[2025-11-04T22:41:56.868-0300] {processor.py:840} INFO - DAG(s) 'example_python_operator' retrieved from /Users/joaovitor/airflow_env/lib/python3.11/site-packages/airflow/example_dags/example_python_operator.py
[2025-11-04T22:41:56.979-0300] {logging_mixin.py:188} INFO - [2025-11-04T22:41:56.979-0300] {dag.py:3089} INFO - Sync 1 DAGs
[2025-11-04T22:41:56.988-0300] {logging_mixin.py:188} INFO - [2025-11-04T22:41:56.988-0300] {dag.py:3947} INFO - Setting next_dagrun for example_python_operator to None, run_after=None
[2025-11-04T22:41:57.011-0300] {processor.py:183} INFO - Processing /Users/joaovitor/airflow_env/lib/python3.11/site-packages/airflow/example_dags/example_python_operator.py took 0.182 seconds
[2025-11-04T22:44:11.191-0300] {processor.py:161} INFO - Started process (PID=32786) to work on /Users/joaovitor/airflow_env/lib/python3.11/site-packages/airflow/example_dags/example_python_operator.py
[2025-11-04T22:44:11.192-0300] {processor.py:830} INFO - Processing file /Users/joaovitor/airflow_env/lib/python3.11/site-packages/airflow/example_dags/example_python_operator.py for tasks to queue
[2025-11-04T22:44:11.192-0300] {logging_mixin.py:188} INFO - [2025-11-04T22:44:11.192-0300] {dagbag.py:545} INFO - Filling up the DagBag from /Users/joaovitor/airflow_env/lib/python3.11/site-packages/airflow/example_dags/example_python_operator.py
[2025-11-04T22:44:11.219-0300] {logging_mixin.py:188} INFO - [2025-11-04T22:44:11.219-0300] {example_python_operator.py:93} WARNING - The virtalenv_python example task requires virtualenv, please install it.
[2025-11-04T22:44:11.223-0300] {processor.py:840} INFO - DAG(s) 'example_python_operator' retrieved from /Users/joaovitor/airflow_env/lib/python3.11/site-packages/airflow/example_dags/example_python_operator.py
[2025-11-04T22:44:11.344-0300] {logging_mixin.py:188} INFO - [2025-11-04T22:44:11.344-0300] {dag.py:3089} INFO - Sync 1 DAGs
[2025-11-04T22:44:11.355-0300] {logging_mixin.py:188} INFO - [2025-11-04T22:44:11.355-0300] {dag.py:3947} INFO - Setting next_dagrun for example_python_operator to None, run_after=None
[2025-11-04T22:44:11.379-0300] {processor.py:183} INFO - Processing /Users/joaovitor/airflow_env/lib/python3.11/site-packages/airflow/example_dags/example_python_operator.py took 0.190 seconds
[2025-11-04T22:46:29.119-0300] {processor.py:161} INFO - Started process (PID=32831) to work on /Users/joaovitor/airflow_env/lib/python3.11/site-packages/airflow/example_dags/example_python_operator.py
[2025-11-04T22:46:29.120-0300] {processor.py:830} INFO - Processing file /Users/joaovitor/airflow_env/lib/python3.11/site-packages/airflow/example_dags/example_python_operator.py for tasks to queue
[2025-11-04T22:46:29.120-0300] {logging_mixin.py:188} INFO - [2025-11-04T22:46:29.120-0300] {dagbag.py:545} INFO - Filling up the DagBag from /Users/joaovitor/airflow_env/lib/python3.11/site-packages/airflow/example_dags/example_python_operator.py
[2025-11-04T22:46:29.147-0300] {logging_mixin.py:188} INFO - [2025-11-04T22:46:29.147-0300] {example_python_operator.py:93} WARNING - The virtalenv_python example task requires virtualenv, please install it.
[2025-11-04T22:46:29.151-0300] {processor.py:840} INFO - DAG(s) 'example_python_operator' retrieved from /Users/joaovitor/airflow_env/lib/python3.11/site-packages/airflow/example_dags/example_python_operator.py
[2025-11-04T22:46:29.272-0300] {logging_mixin.py:188} INFO - [2025-11-04T22:46:29.271-0300] {dag.py:3089} INFO - Sync 1 DAGs
[2025-11-04T22:46:29.284-0300] {logging_mixin.py:188} INFO - [2025-11-04T22:46:29.284-0300] {dag.py:3947} INFO - Setting next_dagrun for example_python_operator to None, run_after=None
[2025-11-04T22:46:29.308-0300] {processor.py:183} INFO - Processing /Users/joaovitor/airflow_env/lib/python3.11/site-packages/airflow/example_dags/example_python_operator.py took 0.191 seconds
[2025-11-04T22:48:41.185-0300] {processor.py:161} INFO - Started process (PID=32899) to work on /Users/joaovitor/airflow_env/lib/python3.11/site-packages/airflow/example_dags/example_python_operator.py
[2025-11-04T22:48:41.187-0300] {processor.py:830} INFO - Processing file /Users/joaovitor/airflow_env/lib/python3.11/site-packages/airflow/example_dags/example_python_operator.py for tasks to queue
[2025-11-04T22:48:41.188-0300] {logging_mixin.py:188} INFO - [2025-11-04T22:48:41.188-0300] {dagbag.py:545} INFO - Filling up the DagBag from /Users/joaovitor/airflow_env/lib/python3.11/site-packages/airflow/example_dags/example_python_operator.py
[2025-11-04T22:48:41.224-0300] {logging_mixin.py:188} INFO - [2025-11-04T22:48:41.224-0300] {example_python_operator.py:93} WARNING - The virtalenv_python example task requires virtualenv, please install it.
[2025-11-04T22:48:41.228-0300] {processor.py:840} INFO - DAG(s) 'example_python_operator' retrieved from /Users/joaovitor/airflow_env/lib/python3.11/site-packages/airflow/example_dags/example_python_operator.py
[2025-11-04T22:48:41.340-0300] {logging_mixin.py:188} INFO - [2025-11-04T22:48:41.339-0300] {dag.py:3089} INFO - Sync 1 DAGs
[2025-11-04T22:48:41.350-0300] {logging_mixin.py:188} INFO - [2025-11-04T22:48:41.349-0300] {dag.py:3947} INFO - Setting next_dagrun for example_python_operator to None, run_after=None
[2025-11-04T22:48:41.370-0300] {processor.py:183} INFO - Processing /Users/joaovitor/airflow_env/lib/python3.11/site-packages/airflow/example_dags/example_python_operator.py took 0.187 seconds
[2025-11-04T22:50:53.928-0300] {processor.py:161} INFO - Started process (PID=32956) to work on /Users/joaovitor/airflow_env/lib/python3.11/site-packages/airflow/example_dags/example_python_operator.py
[2025-11-04T22:50:53.930-0300] {processor.py:830} INFO - Processing file /Users/joaovitor/airflow_env/lib/python3.11/site-packages/airflow/example_dags/example_python_operator.py for tasks to queue
[2025-11-04T22:50:53.931-0300] {logging_mixin.py:188} INFO - [2025-11-04T22:50:53.931-0300] {dagbag.py:545} INFO - Filling up the DagBag from /Users/joaovitor/airflow_env/lib/python3.11/site-packages/airflow/example_dags/example_python_operator.py
[2025-11-04T22:50:53.959-0300] {logging_mixin.py:188} INFO - [2025-11-04T22:50:53.958-0300] {example_python_operator.py:93} WARNING - The virtalenv_python example task requires virtualenv, please install it.
[2025-11-04T22:50:53.962-0300] {processor.py:840} INFO - DAG(s) 'example_python_operator' retrieved from /Users/joaovitor/airflow_env/lib/python3.11/site-packages/airflow/example_dags/example_python_operator.py
[2025-11-04T22:50:54.091-0300] {logging_mixin.py:188} INFO - [2025-11-04T22:50:54.090-0300] {dag.py:3089} INFO - Sync 1 DAGs
[2025-11-04T22:50:54.101-0300] {logging_mixin.py:188} INFO - [2025-11-04T22:50:54.101-0300] {dag.py:3947} INFO - Setting next_dagrun for example_python_operator to None, run_after=None
[2025-11-04T22:50:54.124-0300] {processor.py:183} INFO - Processing /Users/joaovitor/airflow_env/lib/python3.11/site-packages/airflow/example_dags/example_python_operator.py took 0.199 seconds
[2025-11-04T22:53:16.379-0300] {processor.py:161} INFO - Started process (PID=33012) to work on /Users/joaovitor/airflow_env/lib/python3.11/site-packages/airflow/example_dags/example_python_operator.py
[2025-11-04T22:53:16.381-0300] {processor.py:830} INFO - Processing file /Users/joaovitor/airflow_env/lib/python3.11/site-packages/airflow/example_dags/example_python_operator.py for tasks to queue
[2025-11-04T22:53:16.382-0300] {logging_mixin.py:188} INFO - [2025-11-04T22:53:16.382-0300] {dagbag.py:545} INFO - Filling up the DagBag from /Users/joaovitor/airflow_env/lib/python3.11/site-packages/airflow/example_dags/example_python_operator.py
[2025-11-04T22:53:16.412-0300] {logging_mixin.py:188} INFO - [2025-11-04T22:53:16.412-0300] {example_python_operator.py:93} WARNING - The virtalenv_python example task requires virtualenv, please install it.
[2025-11-04T22:53:16.420-0300] {processor.py:840} INFO - DAG(s) 'example_python_operator' retrieved from /Users/joaovitor/airflow_env/lib/python3.11/site-packages/airflow/example_dags/example_python_operator.py
[2025-11-04T22:53:16.525-0300] {logging_mixin.py:188} INFO - [2025-11-04T22:53:16.524-0300] {dag.py:3089} INFO - Sync 1 DAGs
[2025-11-04T22:53:16.534-0300] {logging_mixin.py:188} INFO - [2025-11-04T22:53:16.534-0300] {dag.py:3947} INFO - Setting next_dagrun for example_python_operator to None, run_after=None
[2025-11-04T22:53:16.558-0300] {processor.py:183} INFO - Processing /Users/joaovitor/airflow_env/lib/python3.11/site-packages/airflow/example_dags/example_python_operator.py took 0.182 seconds
[2025-11-04T22:55:34.728-0300] {processor.py:161} INFO - Started process (PID=33055) to work on /Users/joaovitor/airflow_env/lib/python3.11/site-packages/airflow/example_dags/example_python_operator.py
[2025-11-04T22:55:34.729-0300] {processor.py:830} INFO - Processing file /Users/joaovitor/airflow_env/lib/python3.11/site-packages/airflow/example_dags/example_python_operator.py for tasks to queue
[2025-11-04T22:55:34.729-0300] {logging_mixin.py:188} INFO - [2025-11-04T22:55:34.729-0300] {dagbag.py:545} INFO - Filling up the DagBag from /Users/joaovitor/airflow_env/lib/python3.11/site-packages/airflow/example_dags/example_python_operator.py
[2025-11-04T22:55:34.755-0300] {logging_mixin.py:188} INFO - [2025-11-04T22:55:34.754-0300] {example_python_operator.py:93} WARNING - The virtalenv_python example task requires virtualenv, please install it.
[2025-11-04T22:55:34.759-0300] {processor.py:840} INFO - DAG(s) 'example_python_operator' retrieved from /Users/joaovitor/airflow_env/lib/python3.11/site-packages/airflow/example_dags/example_python_operator.py
[2025-11-04T22:55:34.878-0300] {logging_mixin.py:188} INFO - [2025-11-04T22:55:34.878-0300] {dag.py:3089} INFO - Sync 1 DAGs
[2025-11-04T22:55:34.889-0300] {logging_mixin.py:188} INFO - [2025-11-04T22:55:34.889-0300] {dag.py:3947} INFO - Setting next_dagrun for example_python_operator to None, run_after=None
[2025-11-04T22:55:34.913-0300] {processor.py:183} INFO - Processing /Users/joaovitor/airflow_env/lib/python3.11/site-packages/airflow/example_dags/example_python_operator.py took 0.188 seconds
[2025-11-04T22:57:48.828-0300] {processor.py:161} INFO - Started process (PID=33098) to work on /Users/joaovitor/airflow_env/lib/python3.11/site-packages/airflow/example_dags/example_python_operator.py
[2025-11-04T22:57:48.830-0300] {processor.py:830} INFO - Processing file /Users/joaovitor/airflow_env/lib/python3.11/site-packages/airflow/example_dags/example_python_operator.py for tasks to queue
[2025-11-04T22:57:48.831-0300] {logging_mixin.py:188} INFO - [2025-11-04T22:57:48.831-0300] {dagbag.py:545} INFO - Filling up the DagBag from /Users/joaovitor/airflow_env/lib/python3.11/site-packages/airflow/example_dags/example_python_operator.py
[2025-11-04T22:57:48.858-0300] {logging_mixin.py:188} INFO - [2025-11-04T22:57:48.858-0300] {example_python_operator.py:93} WARNING - The virtalenv_python example task requires virtualenv, please install it.
[2025-11-04T22:57:48.863-0300] {processor.py:840} INFO - DAG(s) 'example_python_operator' retrieved from /Users/joaovitor/airflow_env/lib/python3.11/site-packages/airflow/example_dags/example_python_operator.py
[2025-11-04T22:57:48.984-0300] {logging_mixin.py:188} INFO - [2025-11-04T22:57:48.983-0300] {dag.py:3089} INFO - Sync 1 DAGs
[2025-11-04T22:57:48.993-0300] {logging_mixin.py:188} INFO - [2025-11-04T22:57:48.993-0300] {dag.py:3947} INFO - Setting next_dagrun for example_python_operator to None, run_after=None
[2025-11-04T22:57:49.020-0300] {processor.py:183} INFO - Processing /Users/joaovitor/airflow_env/lib/python3.11/site-packages/airflow/example_dags/example_python_operator.py took 0.196 seconds
[2025-11-04T23:00:08.486-0300] {processor.py:161} INFO - Started process (PID=33145) to work on /Users/joaovitor/airflow_env/lib/python3.11/site-packages/airflow/example_dags/example_python_operator.py
[2025-11-04T23:00:08.489-0300] {processor.py:830} INFO - Processing file /Users/joaovitor/airflow_env/lib/python3.11/site-packages/airflow/example_dags/example_python_operator.py for tasks to queue
[2025-11-04T23:00:08.489-0300] {logging_mixin.py:188} INFO - [2025-11-04T23:00:08.489-0300] {dagbag.py:545} INFO - Filling up the DagBag from /Users/joaovitor/airflow_env/lib/python3.11/site-packages/airflow/example_dags/example_python_operator.py
[2025-11-04T23:00:08.516-0300] {logging_mixin.py:188} INFO - [2025-11-04T23:00:08.516-0300] {example_python_operator.py:93} WARNING - The virtalenv_python example task requires virtualenv, please install it.
[2025-11-04T23:00:08.520-0300] {processor.py:840} INFO - DAG(s) 'example_python_operator' retrieved from /Users/joaovitor/airflow_env/lib/python3.11/site-packages/airflow/example_dags/example_python_operator.py
[2025-11-04T23:00:08.639-0300] {logging_mixin.py:188} INFO - [2025-11-04T23:00:08.639-0300] {dag.py:3089} INFO - Sync 1 DAGs
[2025-11-04T23:00:08.651-0300] {logging_mixin.py:188} INFO - [2025-11-04T23:00:08.651-0300] {dag.py:3947} INFO - Setting next_dagrun for example_python_operator to None, run_after=None
[2025-11-04T23:00:08.672-0300] {processor.py:183} INFO - Processing /Users/joaovitor/airflow_env/lib/python3.11/site-packages/airflow/example_dags/example_python_operator.py took 0.191 seconds
[2025-11-04T23:02:25.734-0300] {processor.py:161} INFO - Started process (PID=33189) to work on /Users/joaovitor/airflow_env/lib/python3.11/site-packages/airflow/example_dags/example_python_operator.py
[2025-11-04T23:02:25.736-0300] {processor.py:830} INFO - Processing file /Users/joaovitor/airflow_env/lib/python3.11/site-packages/airflow/example_dags/example_python_operator.py for tasks to queue
[2025-11-04T23:02:25.737-0300] {logging_mixin.py:188} INFO - [2025-11-04T23:02:25.736-0300] {dagbag.py:545} INFO - Filling up the DagBag from /Users/joaovitor/airflow_env/lib/python3.11/site-packages/airflow/example_dags/example_python_operator.py
[2025-11-04T23:02:25.765-0300] {logging_mixin.py:188} INFO - [2025-11-04T23:02:25.765-0300] {example_python_operator.py:93} WARNING - The virtalenv_python example task requires virtualenv, please install it.
[2025-11-04T23:02:25.769-0300] {processor.py:840} INFO - DAG(s) 'example_python_operator' retrieved from /Users/joaovitor/airflow_env/lib/python3.11/site-packages/airflow/example_dags/example_python_operator.py
[2025-11-04T23:02:25.892-0300] {logging_mixin.py:188} INFO - [2025-11-04T23:02:25.891-0300] {dag.py:3089} INFO - Sync 1 DAGs
[2025-11-04T23:02:25.902-0300] {logging_mixin.py:188} INFO - [2025-11-04T23:02:25.902-0300] {dag.py:3947} INFO - Setting next_dagrun for example_python_operator to None, run_after=None
[2025-11-04T23:02:25.927-0300] {processor.py:183} INFO - Processing /Users/joaovitor/airflow_env/lib/python3.11/site-packages/airflow/example_dags/example_python_operator.py took 0.196 seconds
[2025-11-04T23:04:44.375-0300] {processor.py:161} INFO - Started process (PID=33264) to work on /Users/joaovitor/airflow_env/lib/python3.11/site-packages/airflow/example_dags/example_python_operator.py
[2025-11-04T23:04:44.377-0300] {processor.py:830} INFO - Processing file /Users/joaovitor/airflow_env/lib/python3.11/site-packages/airflow/example_dags/example_python_operator.py for tasks to queue
[2025-11-04T23:04:44.378-0300] {logging_mixin.py:188} INFO - [2025-11-04T23:04:44.378-0300] {dagbag.py:545} INFO - Filling up the DagBag from /Users/joaovitor/airflow_env/lib/python3.11/site-packages/airflow/example_dags/example_python_operator.py
[2025-11-04T23:04:44.407-0300] {logging_mixin.py:188} INFO - [2025-11-04T23:04:44.407-0300] {example_python_operator.py:93} WARNING - The virtalenv_python example task requires virtualenv, please install it.
[2025-11-04T23:04:44.411-0300] {processor.py:840} INFO - DAG(s) 'example_python_operator' retrieved from /Users/joaovitor/airflow_env/lib/python3.11/site-packages/airflow/example_dags/example_python_operator.py
[2025-11-04T23:04:44.534-0300] {logging_mixin.py:188} INFO - [2025-11-04T23:04:44.533-0300] {dag.py:3089} INFO - Sync 1 DAGs
[2025-11-04T23:04:44.544-0300] {logging_mixin.py:188} INFO - [2025-11-04T23:04:44.544-0300] {dag.py:3947} INFO - Setting next_dagrun for example_python_operator to None, run_after=None
[2025-11-04T23:04:44.564-0300] {processor.py:183} INFO - Processing /Users/joaovitor/airflow_env/lib/python3.11/site-packages/airflow/example_dags/example_python_operator.py took 0.196 seconds
