[2025-11-04T21:47:42.532-0300] {processor.py:161} INFO - Started process (PID=31107) to work on /Users/joaovitor/airflow_env/lib/python3.11/site-packages/airflow/example_dags/example_display_name.py
[2025-11-04T21:47:42.533-0300] {processor.py:830} INFO - Processing file /Users/joaovitor/airflow_env/lib/python3.11/site-packages/airflow/example_dags/example_display_name.py for tasks to queue
[2025-11-04T21:47:42.538-0300] {logging_mixin.py:188} INFO - [2025-11-04T21:47:42.534-0300] {dagbag.py:545} INFO - Filling up the DagBag from /Users/joaovitor/airflow_env/lib/python3.11/site-packages/airflow/example_dags/example_display_name.py
[2025-11-04T21:47:42.679-0300] {processor.py:840} INFO - DAG(s) 'example_display_name' retrieved from /Users/joaovitor/airflow_env/lib/python3.11/site-packages/airflow/example_dags/example_display_name.py
[2025-11-04T21:47:43.080-0300] {logging_mixin.py:188} INFO - [2025-11-04T21:47:43.079-0300] {override.py:1858} INFO - Created Permission View: can delete on DAG:example_display_name
[2025-11-04T21:47:43.094-0300] {logging_mixin.py:188} INFO - [2025-11-04T21:47:43.094-0300] {override.py:1858} INFO - Created Permission View: can read on DAG:example_display_name
[2025-11-04T21:47:43.106-0300] {logging_mixin.py:188} INFO - [2025-11-04T21:47:43.105-0300] {override.py:1858} INFO - Created Permission View: can edit on DAG:example_display_name
[2025-11-04T21:47:43.106-0300] {logging_mixin.py:188} INFO - [2025-11-04T21:47:43.106-0300] {dag.py:3089} INFO - Sync 1 DAGs
[2025-11-04T21:47:43.183-0300] {logging_mixin.py:188} INFO - [2025-11-04T21:47:43.182-0300] {dag.py:3111} INFO - Creating ORM DAG for example_display_name
[2025-11-04T21:47:43.183-0300] {logging_mixin.py:188} INFO - [2025-11-04T21:47:43.183-0300] {dag.py:3947} INFO - Setting next_dagrun for example_display_name to None, run_after=None
[2025-11-04T21:47:43.203-0300] {processor.py:183} INFO - Processing /Users/joaovitor/airflow_env/lib/python3.11/site-packages/airflow/example_dags/example_display_name.py took 0.680 seconds
[2025-11-04T21:50:44.161-0300] {processor.py:161} INFO - Started process (PID=31208) to work on /Users/joaovitor/airflow_env/lib/python3.11/site-packages/airflow/example_dags/example_display_name.py
[2025-11-04T21:50:44.163-0300] {processor.py:830} INFO - Processing file /Users/joaovitor/airflow_env/lib/python3.11/site-packages/airflow/example_dags/example_display_name.py for tasks to queue
[2025-11-04T21:50:44.164-0300] {logging_mixin.py:188} INFO - [2025-11-04T21:50:44.164-0300] {dagbag.py:545} INFO - Filling up the DagBag from /Users/joaovitor/airflow_env/lib/python3.11/site-packages/airflow/example_dags/example_display_name.py
[2025-11-04T21:50:44.200-0300] {processor.py:840} INFO - DAG(s) 'example_display_name' retrieved from /Users/joaovitor/airflow_env/lib/python3.11/site-packages/airflow/example_dags/example_display_name.py
[2025-11-04T21:50:44.306-0300] {logging_mixin.py:188} INFO - [2025-11-04T21:50:44.305-0300] {dag.py:3089} INFO - Sync 1 DAGs
[2025-11-04T21:50:44.316-0300] {logging_mixin.py:188} INFO - [2025-11-04T21:50:44.315-0300] {dag.py:3947} INFO - Setting next_dagrun for example_display_name to None, run_after=None
[2025-11-04T21:50:44.338-0300] {processor.py:183} INFO - Processing /Users/joaovitor/airflow_env/lib/python3.11/site-packages/airflow/example_dags/example_display_name.py took 0.179 seconds
[2025-11-04T21:54:34.492-0300] {processor.py:161} INFO - Started process (PID=31291) to work on /Users/joaovitor/airflow_env/lib/python3.11/site-packages/airflow/example_dags/example_display_name.py
[2025-11-04T21:54:34.493-0300] {processor.py:830} INFO - Processing file /Users/joaovitor/airflow_env/lib/python3.11/site-packages/airflow/example_dags/example_display_name.py for tasks to queue
[2025-11-04T21:54:34.495-0300] {logging_mixin.py:188} INFO - [2025-11-04T21:54:34.494-0300] {dagbag.py:545} INFO - Filling up the DagBag from /Users/joaovitor/airflow_env/lib/python3.11/site-packages/airflow/example_dags/example_display_name.py
[2025-11-04T21:54:34.531-0300] {processor.py:840} INFO - DAG(s) 'example_display_name' retrieved from /Users/joaovitor/airflow_env/lib/python3.11/site-packages/airflow/example_dags/example_display_name.py
[2025-11-04T21:54:34.630-0300] {logging_mixin.py:188} INFO - [2025-11-04T21:54:34.629-0300] {dag.py:3089} INFO - Sync 1 DAGs
[2025-11-04T21:54:34.639-0300] {logging_mixin.py:188} INFO - [2025-11-04T21:54:34.639-0300] {dag.py:3947} INFO - Setting next_dagrun for example_display_name to None, run_after=None
[2025-11-04T21:54:34.659-0300] {processor.py:183} INFO - Processing /Users/joaovitor/airflow_env/lib/python3.11/site-packages/airflow/example_dags/example_display_name.py took 0.171 seconds
[2025-11-04T21:58:15.330-0300] {processor.py:161} INFO - Started process (PID=31371) to work on /Users/joaovitor/airflow_env/lib/python3.11/site-packages/airflow/example_dags/example_display_name.py
[2025-11-04T21:58:15.331-0300] {processor.py:830} INFO - Processing file /Users/joaovitor/airflow_env/lib/python3.11/site-packages/airflow/example_dags/example_display_name.py for tasks to queue
[2025-11-04T21:58:15.332-0300] {logging_mixin.py:188} INFO - [2025-11-04T21:58:15.331-0300] {dagbag.py:545} INFO - Filling up the DagBag from /Users/joaovitor/airflow_env/lib/python3.11/site-packages/airflow/example_dags/example_display_name.py
[2025-11-04T21:58:15.368-0300] {processor.py:840} INFO - DAG(s) 'example_display_name' retrieved from /Users/joaovitor/airflow_env/lib/python3.11/site-packages/airflow/example_dags/example_display_name.py
[2025-11-04T21:58:15.467-0300] {logging_mixin.py:188} INFO - [2025-11-04T21:58:15.467-0300] {dag.py:3089} INFO - Sync 1 DAGs
[2025-11-04T21:58:15.476-0300] {logging_mixin.py:188} INFO - [2025-11-04T21:58:15.476-0300] {dag.py:3947} INFO - Setting next_dagrun for example_display_name to None, run_after=None
[2025-11-04T21:58:15.502-0300] {processor.py:183} INFO - Processing /Users/joaovitor/airflow_env/lib/python3.11/site-packages/airflow/example_dags/example_display_name.py took 0.175 seconds
[2025-11-04T22:05:45.587-0300] {processor.py:161} INFO - Started process (PID=31468) to work on /Users/joaovitor/airflow_env/lib/python3.11/site-packages/airflow/example_dags/example_display_name.py
[2025-11-04T22:05:45.588-0300] {processor.py:830} INFO - Processing file /Users/joaovitor/airflow_env/lib/python3.11/site-packages/airflow/example_dags/example_display_name.py for tasks to queue
[2025-11-04T22:05:45.589-0300] {logging_mixin.py:188} INFO - [2025-11-04T22:05:45.589-0300] {dagbag.py:545} INFO - Filling up the DagBag from /Users/joaovitor/airflow_env/lib/python3.11/site-packages/airflow/example_dags/example_display_name.py
[2025-11-04T22:05:45.630-0300] {processor.py:840} INFO - DAG(s) 'example_display_name' retrieved from /Users/joaovitor/airflow_env/lib/python3.11/site-packages/airflow/example_dags/example_display_name.py
[2025-11-04T22:05:45.741-0300] {logging_mixin.py:188} INFO - [2025-11-04T22:05:45.740-0300] {dag.py:3089} INFO - Sync 1 DAGs
[2025-11-04T22:05:45.752-0300] {logging_mixin.py:188} INFO - [2025-11-04T22:05:45.752-0300] {dag.py:3947} INFO - Setting next_dagrun for example_display_name to None, run_after=None
[2025-11-04T22:05:45.774-0300] {processor.py:183} INFO - Processing /Users/joaovitor/airflow_env/lib/python3.11/site-packages/airflow/example_dags/example_display_name.py took 0.189 seconds
[2025-11-04T22:09:34.378-0300] {processor.py:161} INFO - Started process (PID=31568) to work on /Users/joaovitor/airflow_env/lib/python3.11/site-packages/airflow/example_dags/example_display_name.py
[2025-11-04T22:09:34.379-0300] {processor.py:830} INFO - Processing file /Users/joaovitor/airflow_env/lib/python3.11/site-packages/airflow/example_dags/example_display_name.py for tasks to queue
[2025-11-04T22:09:34.380-0300] {logging_mixin.py:188} INFO - [2025-11-04T22:09:34.380-0300] {dagbag.py:545} INFO - Filling up the DagBag from /Users/joaovitor/airflow_env/lib/python3.11/site-packages/airflow/example_dags/example_display_name.py
[2025-11-04T22:09:34.416-0300] {processor.py:840} INFO - DAG(s) 'example_display_name' retrieved from /Users/joaovitor/airflow_env/lib/python3.11/site-packages/airflow/example_dags/example_display_name.py
[2025-11-04T22:09:34.516-0300] {logging_mixin.py:188} INFO - [2025-11-04T22:09:34.515-0300] {dag.py:3089} INFO - Sync 1 DAGs
[2025-11-04T22:09:34.525-0300] {logging_mixin.py:188} INFO - [2025-11-04T22:09:34.525-0300] {dag.py:3947} INFO - Setting next_dagrun for example_display_name to None, run_after=None
[2025-11-04T22:09:34.550-0300] {processor.py:183} INFO - Processing /Users/joaovitor/airflow_env/lib/python3.11/site-packages/airflow/example_dags/example_display_name.py took 0.176 seconds
[2025-11-04T22:13:32.556-0300] {processor.py:161} INFO - Started process (PID=31671) to work on /Users/joaovitor/airflow_env/lib/python3.11/site-packages/airflow/example_dags/example_display_name.py
[2025-11-04T22:13:32.557-0300] {processor.py:830} INFO - Processing file /Users/joaovitor/airflow_env/lib/python3.11/site-packages/airflow/example_dags/example_display_name.py for tasks to queue
[2025-11-04T22:13:32.558-0300] {logging_mixin.py:188} INFO - [2025-11-04T22:13:32.558-0300] {dagbag.py:545} INFO - Filling up the DagBag from /Users/joaovitor/airflow_env/lib/python3.11/site-packages/airflow/example_dags/example_display_name.py
[2025-11-04T22:13:32.611-0300] {processor.py:840} INFO - DAG(s) 'example_display_name' retrieved from /Users/joaovitor/airflow_env/lib/python3.11/site-packages/airflow/example_dags/example_display_name.py
[2025-11-04T22:13:32.746-0300] {logging_mixin.py:188} INFO - [2025-11-04T22:13:32.746-0300] {dag.py:3089} INFO - Sync 1 DAGs
[2025-11-04T22:13:32.759-0300] {logging_mixin.py:188} INFO - [2025-11-04T22:13:32.758-0300] {dag.py:3947} INFO - Setting next_dagrun for example_display_name to None, run_after=None
[2025-11-04T22:13:32.783-0300] {processor.py:183} INFO - Processing /Users/joaovitor/airflow_env/lib/python3.11/site-packages/airflow/example_dags/example_display_name.py took 0.230 seconds
[2025-11-04T22:17:39.762-0300] {processor.py:161} INFO - Started process (PID=31769) to work on /Users/joaovitor/airflow_env/lib/python3.11/site-packages/airflow/example_dags/example_display_name.py
[2025-11-04T22:17:39.763-0300] {processor.py:830} INFO - Processing file /Users/joaovitor/airflow_env/lib/python3.11/site-packages/airflow/example_dags/example_display_name.py for tasks to queue
[2025-11-04T22:17:39.764-0300] {logging_mixin.py:188} INFO - [2025-11-04T22:17:39.764-0300] {dagbag.py:545} INFO - Filling up the DagBag from /Users/joaovitor/airflow_env/lib/python3.11/site-packages/airflow/example_dags/example_display_name.py
[2025-11-04T22:17:39.804-0300] {processor.py:840} INFO - DAG(s) 'example_display_name' retrieved from /Users/joaovitor/airflow_env/lib/python3.11/site-packages/airflow/example_dags/example_display_name.py
[2025-11-04T22:17:39.904-0300] {logging_mixin.py:188} INFO - [2025-11-04T22:17:39.904-0300] {dag.py:3089} INFO - Sync 1 DAGs
[2025-11-04T22:17:39.914-0300] {logging_mixin.py:188} INFO - [2025-11-04T22:17:39.913-0300] {dag.py:3947} INFO - Setting next_dagrun for example_display_name to None, run_after=None
[2025-11-04T22:17:39.934-0300] {processor.py:183} INFO - Processing /Users/joaovitor/airflow_env/lib/python3.11/site-packages/airflow/example_dags/example_display_name.py took 0.175 seconds
[2025-11-04T22:21:44.357-0300] {processor.py:161} INFO - Started process (PID=31916) to work on /Users/joaovitor/airflow_env/lib/python3.11/site-packages/airflow/example_dags/example_display_name.py
[2025-11-04T22:21:44.359-0300] {processor.py:830} INFO - Processing file /Users/joaovitor/airflow_env/lib/python3.11/site-packages/airflow/example_dags/example_display_name.py for tasks to queue
[2025-11-04T22:21:44.361-0300] {logging_mixin.py:188} INFO - [2025-11-04T22:21:44.360-0300] {dagbag.py:545} INFO - Filling up the DagBag from /Users/joaovitor/airflow_env/lib/python3.11/site-packages/airflow/example_dags/example_display_name.py
[2025-11-04T22:21:44.404-0300] {processor.py:840} INFO - DAG(s) 'example_display_name' retrieved from /Users/joaovitor/airflow_env/lib/python3.11/site-packages/airflow/example_dags/example_display_name.py
[2025-11-04T22:21:44.506-0300] {logging_mixin.py:188} INFO - [2025-11-04T22:21:44.506-0300] {dag.py:3089} INFO - Sync 1 DAGs
[2025-11-04T22:21:44.516-0300] {logging_mixin.py:188} INFO - [2025-11-04T22:21:44.515-0300] {dag.py:3947} INFO - Setting next_dagrun for example_display_name to None, run_after=None
[2025-11-04T22:21:44.536-0300] {processor.py:183} INFO - Processing /Users/joaovitor/airflow_env/lib/python3.11/site-packages/airflow/example_dags/example_display_name.py took 0.181 seconds
[2025-11-04T22:25:58.757-0300] {processor.py:161} INFO - Started process (PID=31999) to work on /Users/joaovitor/airflow_env/lib/python3.11/site-packages/airflow/example_dags/example_display_name.py
[2025-11-04T22:25:58.759-0300] {processor.py:830} INFO - Processing file /Users/joaovitor/airflow_env/lib/python3.11/site-packages/airflow/example_dags/example_display_name.py for tasks to queue
[2025-11-04T22:25:58.761-0300] {logging_mixin.py:188} INFO - [2025-11-04T22:25:58.760-0300] {dagbag.py:545} INFO - Filling up the DagBag from /Users/joaovitor/airflow_env/lib/python3.11/site-packages/airflow/example_dags/example_display_name.py
[2025-11-04T22:25:58.806-0300] {processor.py:840} INFO - DAG(s) 'example_display_name' retrieved from /Users/joaovitor/airflow_env/lib/python3.11/site-packages/airflow/example_dags/example_display_name.py
[2025-11-04T22:25:58.933-0300] {logging_mixin.py:188} INFO - [2025-11-04T22:25:58.932-0300] {dag.py:3089} INFO - Sync 1 DAGs
[2025-11-04T22:25:58.945-0300] {logging_mixin.py:188} INFO - [2025-11-04T22:25:58.944-0300] {dag.py:3947} INFO - Setting next_dagrun for example_display_name to None, run_after=None
[2025-11-04T22:25:58.972-0300] {processor.py:183} INFO - Processing /Users/joaovitor/airflow_env/lib/python3.11/site-packages/airflow/example_dags/example_display_name.py took 0.218 seconds
[2025-11-04T22:30:22.722-0300] {processor.py:161} INFO - Started process (PID=32098) to work on /Users/joaovitor/airflow_env/lib/python3.11/site-packages/airflow/example_dags/example_display_name.py
[2025-11-04T22:30:22.725-0300] {processor.py:830} INFO - Processing file /Users/joaovitor/airflow_env/lib/python3.11/site-packages/airflow/example_dags/example_display_name.py for tasks to queue
[2025-11-04T22:30:22.730-0300] {logging_mixin.py:188} INFO - [2025-11-04T22:30:22.729-0300] {dagbag.py:545} INFO - Filling up the DagBag from /Users/joaovitor/airflow_env/lib/python3.11/site-packages/airflow/example_dags/example_display_name.py
[2025-11-04T22:30:22.820-0300] {processor.py:840} INFO - DAG(s) 'example_display_name' retrieved from /Users/joaovitor/airflow_env/lib/python3.11/site-packages/airflow/example_dags/example_display_name.py
[2025-11-04T22:30:23.080-0300] {logging_mixin.py:188} INFO - [2025-11-04T22:30:23.080-0300] {dag.py:3089} INFO - Sync 1 DAGs
[2025-11-04T22:30:23.096-0300] {logging_mixin.py:188} INFO - [2025-11-04T22:30:23.095-0300] {dag.py:3947} INFO - Setting next_dagrun for example_display_name to None, run_after=None
[2025-11-04T22:30:23.128-0300] {processor.py:183} INFO - Processing /Users/joaovitor/airflow_env/lib/python3.11/site-packages/airflow/example_dags/example_display_name.py took 0.410 seconds
[2025-11-04T22:35:29.190-0300] {processor.py:161} INFO - Started process (PID=32409) to work on /Users/joaovitor/airflow_env/lib/python3.11/site-packages/airflow/example_dags/example_display_name.py
[2025-11-04T22:35:29.192-0300] {processor.py:830} INFO - Processing file /Users/joaovitor/airflow_env/lib/python3.11/site-packages/airflow/example_dags/example_display_name.py for tasks to queue
[2025-11-04T22:35:29.193-0300] {logging_mixin.py:188} INFO - [2025-11-04T22:35:29.193-0300] {dagbag.py:545} INFO - Filling up the DagBag from /Users/joaovitor/airflow_env/lib/python3.11/site-packages/airflow/example_dags/example_display_name.py
[2025-11-04T22:35:29.234-0300] {processor.py:840} INFO - DAG(s) 'example_display_name' retrieved from /Users/joaovitor/airflow_env/lib/python3.11/site-packages/airflow/example_dags/example_display_name.py
[2025-11-04T22:35:29.355-0300] {logging_mixin.py:188} INFO - [2025-11-04T22:35:29.355-0300] {dag.py:3089} INFO - Sync 1 DAGs
[2025-11-04T22:35:29.366-0300] {logging_mixin.py:188} INFO - [2025-11-04T22:35:29.366-0300] {dag.py:3947} INFO - Setting next_dagrun for example_display_name to None, run_after=None
[2025-11-04T22:35:29.394-0300] {processor.py:183} INFO - Processing /Users/joaovitor/airflow_env/lib/python3.11/site-packages/airflow/example_dags/example_display_name.py took 0.207 seconds
[2025-11-04T22:40:07.168-0300] {processor.py:161} INFO - Started process (PID=32686) to work on /Users/joaovitor/airflow_env/lib/python3.11/site-packages/airflow/example_dags/example_display_name.py
[2025-11-04T22:40:07.170-0300] {processor.py:830} INFO - Processing file /Users/joaovitor/airflow_env/lib/python3.11/site-packages/airflow/example_dags/example_display_name.py for tasks to queue
[2025-11-04T22:40:07.171-0300] {logging_mixin.py:188} INFO - [2025-11-04T22:40:07.171-0300] {dagbag.py:545} INFO - Filling up the DagBag from /Users/joaovitor/airflow_env/lib/python3.11/site-packages/airflow/example_dags/example_display_name.py
[2025-11-04T22:40:07.215-0300] {processor.py:840} INFO - DAG(s) 'example_display_name' retrieved from /Users/joaovitor/airflow_env/lib/python3.11/site-packages/airflow/example_dags/example_display_name.py
[2025-11-04T22:40:07.423-0300] {logging_mixin.py:188} INFO - [2025-11-04T22:40:07.422-0300] {dag.py:3089} INFO - Sync 1 DAGs
[2025-11-04T22:40:07.498-0300] {logging_mixin.py:188} INFO - [2025-11-04T22:40:07.498-0300] {dag.py:3947} INFO - Setting next_dagrun for example_display_name to None, run_after=None
[2025-11-04T22:40:07.523-0300] {processor.py:183} INFO - Processing /Users/joaovitor/airflow_env/lib/python3.11/site-packages/airflow/example_dags/example_display_name.py took 0.359 seconds
[2025-11-04T22:44:46.144-0300] {processor.py:161} INFO - Started process (PID=32797) to work on /Users/joaovitor/airflow_env/lib/python3.11/site-packages/airflow/example_dags/example_display_name.py
[2025-11-04T22:44:46.146-0300] {processor.py:830} INFO - Processing file /Users/joaovitor/airflow_env/lib/python3.11/site-packages/airflow/example_dags/example_display_name.py for tasks to queue
[2025-11-04T22:44:46.148-0300] {logging_mixin.py:188} INFO - [2025-11-04T22:44:46.147-0300] {dagbag.py:545} INFO - Filling up the DagBag from /Users/joaovitor/airflow_env/lib/python3.11/site-packages/airflow/example_dags/example_display_name.py
[2025-11-04T22:44:46.192-0300] {processor.py:840} INFO - DAG(s) 'example_display_name' retrieved from /Users/joaovitor/airflow_env/lib/python3.11/site-packages/airflow/example_dags/example_display_name.py
[2025-11-04T22:44:46.312-0300] {logging_mixin.py:188} INFO - [2025-11-04T22:44:46.312-0300] {dag.py:3089} INFO - Sync 1 DAGs
[2025-11-04T22:44:46.322-0300] {logging_mixin.py:188} INFO - [2025-11-04T22:44:46.322-0300] {dag.py:3947} INFO - Setting next_dagrun for example_display_name to None, run_after=None
[2025-11-04T22:44:46.347-0300] {processor.py:183} INFO - Processing /Users/joaovitor/airflow_env/lib/python3.11/site-packages/airflow/example_dags/example_display_name.py took 0.205 seconds
[2025-11-04T22:49:13.632-0300] {processor.py:161} INFO - Started process (PID=32910) to work on /Users/joaovitor/airflow_env/lib/python3.11/site-packages/airflow/example_dags/example_display_name.py
[2025-11-04T22:49:13.634-0300] {processor.py:830} INFO - Processing file /Users/joaovitor/airflow_env/lib/python3.11/site-packages/airflow/example_dags/example_display_name.py for tasks to queue
[2025-11-04T22:49:13.636-0300] {logging_mixin.py:188} INFO - [2025-11-04T22:49:13.635-0300] {dagbag.py:545} INFO - Filling up the DagBag from /Users/joaovitor/airflow_env/lib/python3.11/site-packages/airflow/example_dags/example_display_name.py
[2025-11-04T22:49:13.684-0300] {processor.py:840} INFO - DAG(s) 'example_display_name' retrieved from /Users/joaovitor/airflow_env/lib/python3.11/site-packages/airflow/example_dags/example_display_name.py
[2025-11-04T22:49:13.791-0300] {logging_mixin.py:188} INFO - [2025-11-04T22:49:13.790-0300] {dag.py:3089} INFO - Sync 1 DAGs
[2025-11-04T22:49:13.802-0300] {logging_mixin.py:188} INFO - [2025-11-04T22:49:13.802-0300] {dag.py:3947} INFO - Setting next_dagrun for example_display_name to None, run_after=None
[2025-11-04T22:49:13.825-0300] {processor.py:183} INFO - Processing /Users/joaovitor/airflow_env/lib/python3.11/site-packages/airflow/example_dags/example_display_name.py took 0.195 seconds
[2025-11-04T22:53:55.919-0300] {processor.py:161} INFO - Started process (PID=33024) to work on /Users/joaovitor/airflow_env/lib/python3.11/site-packages/airflow/example_dags/example_display_name.py
[2025-11-04T22:53:55.921-0300] {processor.py:830} INFO - Processing file /Users/joaovitor/airflow_env/lib/python3.11/site-packages/airflow/example_dags/example_display_name.py for tasks to queue
[2025-11-04T22:53:55.923-0300] {logging_mixin.py:188} INFO - [2025-11-04T22:53:55.922-0300] {dagbag.py:545} INFO - Filling up the DagBag from /Users/joaovitor/airflow_env/lib/python3.11/site-packages/airflow/example_dags/example_display_name.py
[2025-11-04T22:53:55.968-0300] {processor.py:840} INFO - DAG(s) 'example_display_name' retrieved from /Users/joaovitor/airflow_env/lib/python3.11/site-packages/airflow/example_dags/example_display_name.py
[2025-11-04T22:53:56.086-0300] {logging_mixin.py:188} INFO - [2025-11-04T22:53:56.086-0300] {dag.py:3089} INFO - Sync 1 DAGs
[2025-11-04T22:53:56.098-0300] {logging_mixin.py:188} INFO - [2025-11-04T22:53:56.098-0300] {dag.py:3947} INFO - Setting next_dagrun for example_display_name to None, run_after=None
[2025-11-04T22:53:56.120-0300] {processor.py:183} INFO - Processing /Users/joaovitor/airflow_env/lib/python3.11/site-packages/airflow/example_dags/example_display_name.py took 0.204 seconds
[2025-11-04T22:58:21.805-0300] {processor.py:161} INFO - Started process (PID=33109) to work on /Users/joaovitor/airflow_env/lib/python3.11/site-packages/airflow/example_dags/example_display_name.py
[2025-11-04T22:58:21.807-0300] {processor.py:830} INFO - Processing file /Users/joaovitor/airflow_env/lib/python3.11/site-packages/airflow/example_dags/example_display_name.py for tasks to queue
[2025-11-04T22:58:21.808-0300] {logging_mixin.py:188} INFO - [2025-11-04T22:58:21.807-0300] {dagbag.py:545} INFO - Filling up the DagBag from /Users/joaovitor/airflow_env/lib/python3.11/site-packages/airflow/example_dags/example_display_name.py
[2025-11-04T22:58:21.874-0300] {processor.py:840} INFO - DAG(s) 'example_display_name' retrieved from /Users/joaovitor/airflow_env/lib/python3.11/site-packages/airflow/example_dags/example_display_name.py
[2025-11-04T22:58:22.002-0300] {logging_mixin.py:188} INFO - [2025-11-04T22:58:22.001-0300] {dag.py:3089} INFO - Sync 1 DAGs
[2025-11-04T22:58:22.011-0300] {logging_mixin.py:188} INFO - [2025-11-04T22:58:22.011-0300] {dag.py:3947} INFO - Setting next_dagrun for example_display_name to None, run_after=None
[2025-11-04T22:58:22.034-0300] {processor.py:183} INFO - Processing /Users/joaovitor/airflow_env/lib/python3.11/site-packages/airflow/example_dags/example_display_name.py took 0.235 seconds
[2025-11-04T23:03:07.507-0300] {processor.py:161} INFO - Started process (PID=33202) to work on /Users/joaovitor/airflow_env/lib/python3.11/site-packages/airflow/example_dags/example_display_name.py
[2025-11-04T23:03:07.509-0300] {processor.py:830} INFO - Processing file /Users/joaovitor/airflow_env/lib/python3.11/site-packages/airflow/example_dags/example_display_name.py for tasks to queue
[2025-11-04T23:03:07.510-0300] {logging_mixin.py:188} INFO - [2025-11-04T23:03:07.510-0300] {dagbag.py:545} INFO - Filling up the DagBag from /Users/joaovitor/airflow_env/lib/python3.11/site-packages/airflow/example_dags/example_display_name.py
[2025-11-04T23:03:07.554-0300] {processor.py:840} INFO - DAG(s) 'example_display_name' retrieved from /Users/joaovitor/airflow_env/lib/python3.11/site-packages/airflow/example_dags/example_display_name.py
[2025-11-04T23:03:07.671-0300] {logging_mixin.py:188} INFO - [2025-11-04T23:03:07.671-0300] {dag.py:3089} INFO - Sync 1 DAGs
[2025-11-04T23:03:07.686-0300] {logging_mixin.py:188} INFO - [2025-11-04T23:03:07.685-0300] {dag.py:3947} INFO - Setting next_dagrun for example_display_name to None, run_after=None
[2025-11-04T23:03:07.712-0300] {processor.py:183} INFO - Processing /Users/joaovitor/airflow_env/lib/python3.11/site-packages/airflow/example_dags/example_display_name.py took 0.208 seconds
