[2025-11-04T21:47:46.322-0300] {processor.py:161} INFO - Started process (PID=31108) to work on /Users/joaovitor/airflow_env/lib/python3.11/site-packages/airflow/example_dags/example_datasets.py
[2025-11-04T21:47:46.323-0300] {processor.py:830} INFO - Processing file /Users/joaovitor/airflow_env/lib/python3.11/site-packages/airflow/example_dags/example_datasets.py for tasks to queue
[2025-11-04T21:47:46.324-0300] {logging_mixin.py:188} INFO - [2025-11-04T21:47:46.323-0300] {dagbag.py:545} INFO - Filling up the DagBag from /Users/joaovitor/airflow_env/lib/python3.11/site-packages/airflow/example_dags/example_datasets.py
[2025-11-04T21:47:46.373-0300] {processor.py:840} INFO - DAG(s) 'consume_1_or_both_2_and_3_with_dataset_expressions', 'dataset_consumes_unknown_never_scheduled', 'dataset_produces_2', 'dataset_consumes_1', 'dataset_produces_1', 'consume_1_or_2_with_dataset_expressions', 'dataset_consumes_1_and_2', 'dataset_consumes_1_never_scheduled', 'conditional_dataset_and_time_based_timetable', 'consume_1_and_2_with_dataset_expressions' retrieved from /Users/joaovitor/airflow_env/lib/python3.11/site-packages/airflow/example_dags/example_datasets.py
[2025-11-04T21:47:46.651-0300] {logging_mixin.py:188} INFO - [2025-11-04T21:47:46.650-0300] {override.py:1858} INFO - Created Permission View: can read on DAG:consume_1_or_both_2_and_3_with_dataset_expressions
[2025-11-04T21:47:46.670-0300] {logging_mixin.py:188} INFO - [2025-11-04T21:47:46.670-0300] {override.py:1858} INFO - Created Permission View: can edit on DAG:consume_1_or_both_2_and_3_with_dataset_expressions
[2025-11-04T21:47:46.683-0300] {logging_mixin.py:188} INFO - [2025-11-04T21:47:46.682-0300] {override.py:1858} INFO - Created Permission View: can delete on DAG:consume_1_or_both_2_and_3_with_dataset_expressions
[2025-11-04T21:47:46.729-0300] {logging_mixin.py:188} INFO - [2025-11-04T21:47:46.728-0300] {override.py:1858} INFO - Created Permission View: can read on DAG:dataset_consumes_unknown_never_scheduled
[2025-11-04T21:47:46.748-0300] {logging_mixin.py:188} INFO - [2025-11-04T21:47:46.748-0300] {override.py:1858} INFO - Created Permission View: can edit on DAG:dataset_consumes_unknown_never_scheduled
[2025-11-04T21:47:46.763-0300] {logging_mixin.py:188} INFO - [2025-11-04T21:47:46.762-0300] {override.py:1858} INFO - Created Permission View: can delete on DAG:dataset_consumes_unknown_never_scheduled
[2025-11-04T21:47:46.789-0300] {logging_mixin.py:188} INFO - [2025-11-04T21:47:46.789-0300] {override.py:1858} INFO - Created Permission View: can read on DAG:dataset_produces_2
[2025-11-04T21:47:46.799-0300] {logging_mixin.py:188} INFO - [2025-11-04T21:47:46.799-0300] {override.py:1858} INFO - Created Permission View: can edit on DAG:dataset_produces_2
[2025-11-04T21:47:46.813-0300] {logging_mixin.py:188} INFO - [2025-11-04T21:47:46.813-0300] {override.py:1858} INFO - Created Permission View: can delete on DAG:dataset_produces_2
[2025-11-04T21:47:46.839-0300] {logging_mixin.py:188} INFO - [2025-11-04T21:47:46.839-0300] {override.py:1858} INFO - Created Permission View: can read on DAG:dataset_consumes_1
[2025-11-04T21:47:46.848-0300] {logging_mixin.py:188} INFO - [2025-11-04T21:47:46.847-0300] {override.py:1858} INFO - Created Permission View: can edit on DAG:dataset_consumes_1
[2025-11-04T21:47:46.859-0300] {logging_mixin.py:188} INFO - [2025-11-04T21:47:46.858-0300] {override.py:1858} INFO - Created Permission View: can delete on DAG:dataset_consumes_1
[2025-11-04T21:47:46.880-0300] {logging_mixin.py:188} INFO - [2025-11-04T21:47:46.880-0300] {override.py:1858} INFO - Created Permission View: can read on DAG:dataset_produces_1
[2025-11-04T21:47:46.890-0300] {logging_mixin.py:188} INFO - [2025-11-04T21:47:46.890-0300] {override.py:1858} INFO - Created Permission View: can edit on DAG:dataset_produces_1
[2025-11-04T21:47:46.898-0300] {logging_mixin.py:188} INFO - [2025-11-04T21:47:46.897-0300] {override.py:1858} INFO - Created Permission View: can delete on DAG:dataset_produces_1
[2025-11-04T21:47:46.924-0300] {logging_mixin.py:188} INFO - [2025-11-04T21:47:46.923-0300] {override.py:1858} INFO - Created Permission View: can read on DAG:consume_1_or_2_with_dataset_expressions
[2025-11-04T21:47:46.939-0300] {logging_mixin.py:188} INFO - [2025-11-04T21:47:46.939-0300] {override.py:1858} INFO - Created Permission View: can edit on DAG:consume_1_or_2_with_dataset_expressions
[2025-11-04T21:47:46.948-0300] {logging_mixin.py:188} INFO - [2025-11-04T21:47:46.948-0300] {override.py:1858} INFO - Created Permission View: can delete on DAG:consume_1_or_2_with_dataset_expressions
[2025-11-04T21:47:46.967-0300] {logging_mixin.py:188} INFO - [2025-11-04T21:47:46.967-0300] {override.py:1858} INFO - Created Permission View: can read on DAG:dataset_consumes_1_and_2
[2025-11-04T21:47:46.977-0300] {logging_mixin.py:188} INFO - [2025-11-04T21:47:46.976-0300] {override.py:1858} INFO - Created Permission View: can edit on DAG:dataset_consumes_1_and_2
[2025-11-04T21:47:46.985-0300] {logging_mixin.py:188} INFO - [2025-11-04T21:47:46.985-0300] {override.py:1858} INFO - Created Permission View: can delete on DAG:dataset_consumes_1_and_2
[2025-11-04T21:47:47.003-0300] {logging_mixin.py:188} INFO - [2025-11-04T21:47:47.003-0300] {override.py:1858} INFO - Created Permission View: can read on DAG:dataset_consumes_1_never_scheduled
[2025-11-04T21:47:47.011-0300] {logging_mixin.py:188} INFO - [2025-11-04T21:47:47.011-0300] {override.py:1858} INFO - Created Permission View: can edit on DAG:dataset_consumes_1_never_scheduled
[2025-11-04T21:47:47.020-0300] {logging_mixin.py:188} INFO - [2025-11-04T21:47:47.020-0300] {override.py:1858} INFO - Created Permission View: can delete on DAG:dataset_consumes_1_never_scheduled
[2025-11-04T21:47:47.043-0300] {logging_mixin.py:188} INFO - [2025-11-04T21:47:47.043-0300] {override.py:1858} INFO - Created Permission View: can read on DAG:conditional_dataset_and_time_based_timetable
[2025-11-04T21:47:47.051-0300] {logging_mixin.py:188} INFO - [2025-11-04T21:47:47.051-0300] {override.py:1858} INFO - Created Permission View: can edit on DAG:conditional_dataset_and_time_based_timetable
[2025-11-04T21:47:47.060-0300] {logging_mixin.py:188} INFO - [2025-11-04T21:47:47.060-0300] {override.py:1858} INFO - Created Permission View: can delete on DAG:conditional_dataset_and_time_based_timetable
[2025-11-04T21:47:47.077-0300] {logging_mixin.py:188} INFO - [2025-11-04T21:47:47.077-0300] {override.py:1858} INFO - Created Permission View: can read on DAG:consume_1_and_2_with_dataset_expressions
[2025-11-04T21:47:47.121-0300] {logging_mixin.py:188} INFO - [2025-11-04T21:47:47.121-0300] {override.py:1858} INFO - Created Permission View: can edit on DAG:consume_1_and_2_with_dataset_expressions
[2025-11-04T21:47:47.131-0300] {logging_mixin.py:188} INFO - [2025-11-04T21:47:47.130-0300] {override.py:1858} INFO - Created Permission View: can delete on DAG:consume_1_and_2_with_dataset_expressions
[2025-11-04T21:47:47.131-0300] {logging_mixin.py:188} INFO - [2025-11-04T21:47:47.131-0300] {dag.py:3089} INFO - Sync 10 DAGs
[2025-11-04T21:47:47.148-0300] {logging_mixin.py:188} INFO - [2025-11-04T21:47:47.147-0300] {dag.py:3111} INFO - Creating ORM DAG for dataset_produces_1
[2025-11-04T21:47:47.148-0300] {logging_mixin.py:188} INFO - [2025-11-04T21:47:47.148-0300] {dag.py:3111} INFO - Creating ORM DAG for consume_1_and_2_with_dataset_expressions
[2025-11-04T21:47:47.149-0300] {logging_mixin.py:188} INFO - [2025-11-04T21:47:47.149-0300] {dag.py:3111} INFO - Creating ORM DAG for dataset_consumes_1_and_2
[2025-11-04T21:47:47.150-0300] {logging_mixin.py:188} INFO - [2025-11-04T21:47:47.150-0300] {dag.py:3111} INFO - Creating ORM DAG for dataset_produces_2
[2025-11-04T21:47:47.150-0300] {logging_mixin.py:188} INFO - [2025-11-04T21:47:47.150-0300] {dag.py:3111} INFO - Creating ORM DAG for dataset_consumes_1_never_scheduled
[2025-11-04T21:47:47.151-0300] {logging_mixin.py:188} INFO - [2025-11-04T21:47:47.151-0300] {dag.py:3111} INFO - Creating ORM DAG for conditional_dataset_and_time_based_timetable
[2025-11-04T21:47:47.152-0300] {logging_mixin.py:188} INFO - [2025-11-04T21:47:47.152-0300] {dag.py:3111} INFO - Creating ORM DAG for dataset_consumes_1
[2025-11-04T21:47:47.154-0300] {logging_mixin.py:188} INFO - [2025-11-04T21:47:47.153-0300] {dag.py:3111} INFO - Creating ORM DAG for consume_1_or_2_with_dataset_expressions
[2025-11-04T21:47:47.155-0300] {logging_mixin.py:188} INFO - [2025-11-04T21:47:47.154-0300] {dag.py:3111} INFO - Creating ORM DAG for consume_1_or_both_2_and_3_with_dataset_expressions
[2025-11-04T21:47:47.156-0300] {logging_mixin.py:188} INFO - [2025-11-04T21:47:47.155-0300] {dag.py:3111} INFO - Creating ORM DAG for dataset_consumes_unknown_never_scheduled
[2025-11-04T21:47:47.164-0300] {logging_mixin.py:188} INFO - [2025-11-04T21:47:47.164-0300] {dag.py:3947} INFO - Setting next_dagrun for conditional_dataset_and_time_based_timetable to 2025-10-29 01:00:00+00:00, run_after=2025-10-29 01:00:00+00:00
[2025-11-04T21:47:47.165-0300] {logging_mixin.py:188} INFO - [2025-11-04T21:47:47.165-0300] {dag.py:3947} INFO - Setting next_dagrun for consume_1_and_2_with_dataset_expressions to None, run_after=None
[2025-11-04T21:47:47.165-0300] {logging_mixin.py:188} INFO - [2025-11-04T21:47:47.165-0300] {dag.py:3947} INFO - Setting next_dagrun for consume_1_or_2_with_dataset_expressions to None, run_after=None
[2025-11-04T21:47:47.166-0300] {logging_mixin.py:188} INFO - [2025-11-04T21:47:47.165-0300] {dag.py:3947} INFO - Setting next_dagrun for consume_1_or_both_2_and_3_with_dataset_expressions to None, run_after=None
[2025-11-04T21:47:47.166-0300] {logging_mixin.py:188} INFO - [2025-11-04T21:47:47.166-0300] {dag.py:3947} INFO - Setting next_dagrun for dataset_consumes_1 to None, run_after=None
[2025-11-04T21:47:47.167-0300] {logging_mixin.py:188} INFO - [2025-11-04T21:47:47.166-0300] {dag.py:3947} INFO - Setting next_dagrun for dataset_consumes_1_and_2 to None, run_after=None
[2025-11-04T21:47:47.167-0300] {logging_mixin.py:188} INFO - [2025-11-04T21:47:47.167-0300] {dag.py:3947} INFO - Setting next_dagrun for dataset_consumes_1_never_scheduled to None, run_after=None
[2025-11-04T21:47:47.168-0300] {logging_mixin.py:188} INFO - [2025-11-04T21:47:47.168-0300] {dag.py:3947} INFO - Setting next_dagrun for dataset_consumes_unknown_never_scheduled to None, run_after=None
[2025-11-04T21:47:47.170-0300] {logging_mixin.py:188} INFO - [2025-11-04T21:47:47.169-0300] {dag.py:3947} INFO - Setting next_dagrun for dataset_produces_1 to 2025-11-04 00:00:00+00:00, run_after=2025-11-05 00:00:00+00:00
[2025-11-04T21:47:47.170-0300] {logging_mixin.py:188} INFO - [2025-11-04T21:47:47.170-0300] {dag.py:3947} INFO - Setting next_dagrun for dataset_produces_2 to None, run_after=None
[2025-11-04T21:47:47.264-0300] {processor.py:183} INFO - Processing /Users/joaovitor/airflow_env/lib/python3.11/site-packages/airflow/example_dags/example_datasets.py took 0.945 seconds
[2025-11-04T21:50:47.142-0300] {processor.py:161} INFO - Started process (PID=31209) to work on /Users/joaovitor/airflow_env/lib/python3.11/site-packages/airflow/example_dags/example_datasets.py
[2025-11-04T21:50:47.145-0300] {processor.py:830} INFO - Processing file /Users/joaovitor/airflow_env/lib/python3.11/site-packages/airflow/example_dags/example_datasets.py for tasks to queue
[2025-11-04T21:50:47.146-0300] {logging_mixin.py:188} INFO - [2025-11-04T21:50:47.145-0300] {dagbag.py:545} INFO - Filling up the DagBag from /Users/joaovitor/airflow_env/lib/python3.11/site-packages/airflow/example_dags/example_datasets.py
[2025-11-04T21:50:47.250-0300] {processor.py:840} INFO - DAG(s) 'conditional_dataset_and_time_based_timetable', 'consume_1_and_2_with_dataset_expressions', 'dataset_consumes_1_never_scheduled', 'dataset_consumes_1', 'dataset_consumes_1_and_2', 'dataset_produces_2', 'dataset_consumes_unknown_never_scheduled', 'dataset_produces_1', 'consume_1_or_2_with_dataset_expressions', 'consume_1_or_both_2_and_3_with_dataset_expressions' retrieved from /Users/joaovitor/airflow_env/lib/python3.11/site-packages/airflow/example_dags/example_datasets.py
[2025-11-04T21:50:47.398-0300] {logging_mixin.py:188} INFO - [2025-11-04T21:50:47.398-0300] {dag.py:3089} INFO - Sync 10 DAGs
[2025-11-04T21:50:47.422-0300] {logging_mixin.py:188} INFO - [2025-11-04T21:50:47.422-0300] {dag.py:3947} INFO - Setting next_dagrun for conditional_dataset_and_time_based_timetable to 2025-10-29 01:00:00+00:00, run_after=2025-10-29 01:00:00+00:00
[2025-11-04T21:50:47.426-0300] {logging_mixin.py:188} INFO - [2025-11-04T21:50:47.426-0300] {dag.py:3947} INFO - Setting next_dagrun for consume_1_and_2_with_dataset_expressions to None, run_after=None
[2025-11-04T21:50:47.427-0300] {logging_mixin.py:188} INFO - [2025-11-04T21:50:47.427-0300] {dag.py:3947} INFO - Setting next_dagrun for consume_1_or_2_with_dataset_expressions to None, run_after=None
[2025-11-04T21:50:47.428-0300] {logging_mixin.py:188} INFO - [2025-11-04T21:50:47.428-0300] {dag.py:3947} INFO - Setting next_dagrun for consume_1_or_both_2_and_3_with_dataset_expressions to None, run_after=None
[2025-11-04T21:50:47.429-0300] {logging_mixin.py:188} INFO - [2025-11-04T21:50:47.429-0300] {dag.py:3947} INFO - Setting next_dagrun for dataset_consumes_1 to None, run_after=None
[2025-11-04T21:50:47.430-0300] {logging_mixin.py:188} INFO - [2025-11-04T21:50:47.430-0300] {dag.py:3947} INFO - Setting next_dagrun for dataset_consumes_1_and_2 to None, run_after=None
[2025-11-04T21:50:47.431-0300] {logging_mixin.py:188} INFO - [2025-11-04T21:50:47.431-0300] {dag.py:3947} INFO - Setting next_dagrun for dataset_consumes_1_never_scheduled to None, run_after=None
[2025-11-04T21:50:47.432-0300] {logging_mixin.py:188} INFO - [2025-11-04T21:50:47.432-0300] {dag.py:3947} INFO - Setting next_dagrun for dataset_consumes_unknown_never_scheduled to None, run_after=None
[2025-11-04T21:50:47.434-0300] {logging_mixin.py:188} INFO - [2025-11-04T21:50:47.434-0300] {dag.py:3947} INFO - Setting next_dagrun for dataset_produces_1 to 2025-11-04 00:00:00+00:00, run_after=2025-11-05 00:00:00+00:00
[2025-11-04T21:50:47.435-0300] {logging_mixin.py:188} INFO - [2025-11-04T21:50:47.435-0300] {dag.py:3947} INFO - Setting next_dagrun for dataset_produces_2 to None, run_after=None
[2025-11-04T21:50:47.472-0300] {processor.py:183} INFO - Processing /Users/joaovitor/airflow_env/lib/python3.11/site-packages/airflow/example_dags/example_datasets.py took 0.332 seconds
[2025-11-04T21:54:37.461-0300] {processor.py:161} INFO - Started process (PID=31292) to work on /Users/joaovitor/airflow_env/lib/python3.11/site-packages/airflow/example_dags/example_datasets.py
[2025-11-04T21:54:37.462-0300] {processor.py:830} INFO - Processing file /Users/joaovitor/airflow_env/lib/python3.11/site-packages/airflow/example_dags/example_datasets.py for tasks to queue
[2025-11-04T21:54:37.463-0300] {logging_mixin.py:188} INFO - [2025-11-04T21:54:37.462-0300] {dagbag.py:545} INFO - Filling up the DagBag from /Users/joaovitor/airflow_env/lib/python3.11/site-packages/airflow/example_dags/example_datasets.py
[2025-11-04T21:54:37.511-0300] {processor.py:840} INFO - DAG(s) 'dataset_consumes_unknown_never_scheduled', 'consume_1_or_2_with_dataset_expressions', 'dataset_produces_1', 'consume_1_and_2_with_dataset_expressions', 'dataset_produces_2', 'consume_1_or_both_2_and_3_with_dataset_expressions', 'dataset_consumes_1_and_2', 'conditional_dataset_and_time_based_timetable', 'dataset_consumes_1_never_scheduled', 'dataset_consumes_1' retrieved from /Users/joaovitor/airflow_env/lib/python3.11/site-packages/airflow/example_dags/example_datasets.py
[2025-11-04T21:54:37.636-0300] {logging_mixin.py:188} INFO - [2025-11-04T21:54:37.636-0300] {dag.py:3089} INFO - Sync 10 DAGs
[2025-11-04T21:54:37.657-0300] {logging_mixin.py:188} INFO - [2025-11-04T21:54:37.657-0300] {dag.py:3947} INFO - Setting next_dagrun for conditional_dataset_and_time_based_timetable to 2025-10-29 01:00:00+00:00, run_after=2025-10-29 01:00:00+00:00
[2025-11-04T21:54:37.660-0300] {logging_mixin.py:188} INFO - [2025-11-04T21:54:37.660-0300] {dag.py:3947} INFO - Setting next_dagrun for consume_1_and_2_with_dataset_expressions to None, run_after=None
[2025-11-04T21:54:37.661-0300] {logging_mixin.py:188} INFO - [2025-11-04T21:54:37.661-0300] {dag.py:3947} INFO - Setting next_dagrun for consume_1_or_2_with_dataset_expressions to None, run_after=None
[2025-11-04T21:54:37.662-0300] {logging_mixin.py:188} INFO - [2025-11-04T21:54:37.662-0300] {dag.py:3947} INFO - Setting next_dagrun for consume_1_or_both_2_and_3_with_dataset_expressions to None, run_after=None
[2025-11-04T21:54:37.663-0300] {logging_mixin.py:188} INFO - [2025-11-04T21:54:37.663-0300] {dag.py:3947} INFO - Setting next_dagrun for dataset_consumes_1 to None, run_after=None
[2025-11-04T21:54:37.664-0300] {logging_mixin.py:188} INFO - [2025-11-04T21:54:37.664-0300] {dag.py:3947} INFO - Setting next_dagrun for dataset_consumes_1_and_2 to None, run_after=None
[2025-11-04T21:54:37.665-0300] {logging_mixin.py:188} INFO - [2025-11-04T21:54:37.665-0300] {dag.py:3947} INFO - Setting next_dagrun for dataset_consumes_1_never_scheduled to None, run_after=None
[2025-11-04T21:54:37.666-0300] {logging_mixin.py:188} INFO - [2025-11-04T21:54:37.666-0300] {dag.py:3947} INFO - Setting next_dagrun for dataset_consumes_unknown_never_scheduled to None, run_after=None
[2025-11-04T21:54:37.668-0300] {logging_mixin.py:188} INFO - [2025-11-04T21:54:37.668-0300] {dag.py:3947} INFO - Setting next_dagrun for dataset_produces_1 to 2025-11-04 00:00:00+00:00, run_after=2025-11-05 00:00:00+00:00
[2025-11-04T21:54:37.669-0300] {logging_mixin.py:188} INFO - [2025-11-04T21:54:37.669-0300] {dag.py:3947} INFO - Setting next_dagrun for dataset_produces_2 to None, run_after=None
[2025-11-04T21:54:37.698-0300] {processor.py:183} INFO - Processing /Users/joaovitor/airflow_env/lib/python3.11/site-packages/airflow/example_dags/example_datasets.py took 0.240 seconds
[2025-11-04T21:58:18.372-0300] {processor.py:161} INFO - Started process (PID=31372) to work on /Users/joaovitor/airflow_env/lib/python3.11/site-packages/airflow/example_dags/example_datasets.py
[2025-11-04T21:58:18.373-0300] {processor.py:830} INFO - Processing file /Users/joaovitor/airflow_env/lib/python3.11/site-packages/airflow/example_dags/example_datasets.py for tasks to queue
[2025-11-04T21:58:18.373-0300] {logging_mixin.py:188} INFO - [2025-11-04T21:58:18.373-0300] {dagbag.py:545} INFO - Filling up the DagBag from /Users/joaovitor/airflow_env/lib/python3.11/site-packages/airflow/example_dags/example_datasets.py
[2025-11-04T21:58:18.421-0300] {processor.py:840} INFO - DAG(s) 'dataset_consumes_unknown_never_scheduled', 'dataset_produces_1', 'dataset_consumes_1_and_2', 'consume_1_or_2_with_dataset_expressions', 'consume_1_and_2_with_dataset_expressions', 'dataset_consumes_1_never_scheduled', 'dataset_produces_2', 'consume_1_or_both_2_and_3_with_dataset_expressions', 'dataset_consumes_1', 'conditional_dataset_and_time_based_timetable' retrieved from /Users/joaovitor/airflow_env/lib/python3.11/site-packages/airflow/example_dags/example_datasets.py
[2025-11-04T21:58:18.582-0300] {logging_mixin.py:188} INFO - [2025-11-04T21:58:18.581-0300] {dag.py:3089} INFO - Sync 10 DAGs
[2025-11-04T21:58:18.606-0300] {logging_mixin.py:188} INFO - [2025-11-04T21:58:18.605-0300] {dag.py:3947} INFO - Setting next_dagrun for conditional_dataset_and_time_based_timetable to 2025-10-29 01:00:00+00:00, run_after=2025-10-29 01:00:00+00:00
[2025-11-04T21:58:18.609-0300] {logging_mixin.py:188} INFO - [2025-11-04T21:58:18.609-0300] {dag.py:3947} INFO - Setting next_dagrun for consume_1_and_2_with_dataset_expressions to None, run_after=None
[2025-11-04T21:58:18.610-0300] {logging_mixin.py:188} INFO - [2025-11-04T21:58:18.610-0300] {dag.py:3947} INFO - Setting next_dagrun for consume_1_or_2_with_dataset_expressions to None, run_after=None
[2025-11-04T21:58:18.611-0300] {logging_mixin.py:188} INFO - [2025-11-04T21:58:18.611-0300] {dag.py:3947} INFO - Setting next_dagrun for consume_1_or_both_2_and_3_with_dataset_expressions to None, run_after=None
[2025-11-04T21:58:18.612-0300] {logging_mixin.py:188} INFO - [2025-11-04T21:58:18.612-0300] {dag.py:3947} INFO - Setting next_dagrun for dataset_consumes_1 to None, run_after=None
[2025-11-04T21:58:18.613-0300] {logging_mixin.py:188} INFO - [2025-11-04T21:58:18.613-0300] {dag.py:3947} INFO - Setting next_dagrun for dataset_consumes_1_and_2 to None, run_after=None
[2025-11-04T21:58:18.615-0300] {logging_mixin.py:188} INFO - [2025-11-04T21:58:18.614-0300] {dag.py:3947} INFO - Setting next_dagrun for dataset_consumes_1_never_scheduled to None, run_after=None
[2025-11-04T21:58:18.617-0300] {logging_mixin.py:188} INFO - [2025-11-04T21:58:18.617-0300] {dag.py:3947} INFO - Setting next_dagrun for dataset_consumes_unknown_never_scheduled to None, run_after=None
[2025-11-04T21:58:18.620-0300] {logging_mixin.py:188} INFO - [2025-11-04T21:58:18.620-0300] {dag.py:3947} INFO - Setting next_dagrun for dataset_produces_1 to 2025-11-04 00:00:00+00:00, run_after=2025-11-05 00:00:00+00:00
[2025-11-04T21:58:18.621-0300] {logging_mixin.py:188} INFO - [2025-11-04T21:58:18.621-0300] {dag.py:3947} INFO - Setting next_dagrun for dataset_produces_2 to None, run_after=None
[2025-11-04T21:58:18.655-0300] {processor.py:183} INFO - Processing /Users/joaovitor/airflow_env/lib/python3.11/site-packages/airflow/example_dags/example_datasets.py took 0.286 seconds
[2025-11-04T22:05:48.493-0300] {processor.py:161} INFO - Started process (PID=31469) to work on /Users/joaovitor/airflow_env/lib/python3.11/site-packages/airflow/example_dags/example_datasets.py
[2025-11-04T22:05:48.494-0300] {processor.py:830} INFO - Processing file /Users/joaovitor/airflow_env/lib/python3.11/site-packages/airflow/example_dags/example_datasets.py for tasks to queue
[2025-11-04T22:05:48.495-0300] {logging_mixin.py:188} INFO - [2025-11-04T22:05:48.494-0300] {dagbag.py:545} INFO - Filling up the DagBag from /Users/joaovitor/airflow_env/lib/python3.11/site-packages/airflow/example_dags/example_datasets.py
[2025-11-04T22:05:48.540-0300] {processor.py:840} INFO - DAG(s) 'dataset_produces_1', 'consume_1_and_2_with_dataset_expressions', 'consume_1_or_2_with_dataset_expressions', 'dataset_consumes_1_and_2', 'consume_1_or_both_2_and_3_with_dataset_expressions', 'conditional_dataset_and_time_based_timetable', 'dataset_consumes_1_never_scheduled', 'dataset_consumes_1', 'dataset_produces_2', 'dataset_consumes_unknown_never_scheduled' retrieved from /Users/joaovitor/airflow_env/lib/python3.11/site-packages/airflow/example_dags/example_datasets.py
[2025-11-04T22:05:48.666-0300] {logging_mixin.py:188} INFO - [2025-11-04T22:05:48.666-0300] {dag.py:3089} INFO - Sync 10 DAGs
[2025-11-04T22:05:48.686-0300] {logging_mixin.py:188} INFO - [2025-11-04T22:05:48.686-0300] {dag.py:3947} INFO - Setting next_dagrun for conditional_dataset_and_time_based_timetable to 2025-11-05 01:00:00+00:00, run_after=2025-11-05 01:00:00+00:00
[2025-11-04T22:05:48.690-0300] {logging_mixin.py:188} INFO - [2025-11-04T22:05:48.689-0300] {dag.py:3947} INFO - Setting next_dagrun for consume_1_and_2_with_dataset_expressions to None, run_after=None
[2025-11-04T22:05:48.691-0300] {logging_mixin.py:188} INFO - [2025-11-04T22:05:48.690-0300] {dag.py:3947} INFO - Setting next_dagrun for consume_1_or_2_with_dataset_expressions to None, run_after=None
[2025-11-04T22:05:48.692-0300] {logging_mixin.py:188} INFO - [2025-11-04T22:05:48.691-0300] {dag.py:3947} INFO - Setting next_dagrun for consume_1_or_both_2_and_3_with_dataset_expressions to None, run_after=None
[2025-11-04T22:05:48.693-0300] {logging_mixin.py:188} INFO - [2025-11-04T22:05:48.693-0300] {dag.py:3947} INFO - Setting next_dagrun for dataset_consumes_1 to None, run_after=None
[2025-11-04T22:05:48.694-0300] {logging_mixin.py:188} INFO - [2025-11-04T22:05:48.694-0300] {dag.py:3947} INFO - Setting next_dagrun for dataset_consumes_1_and_2 to None, run_after=None
[2025-11-04T22:05:48.695-0300] {logging_mixin.py:188} INFO - [2025-11-04T22:05:48.695-0300] {dag.py:3947} INFO - Setting next_dagrun for dataset_consumes_1_never_scheduled to None, run_after=None
[2025-11-04T22:05:48.696-0300] {logging_mixin.py:188} INFO - [2025-11-04T22:05:48.695-0300] {dag.py:3947} INFO - Setting next_dagrun for dataset_consumes_unknown_never_scheduled to None, run_after=None
[2025-11-04T22:05:48.698-0300] {logging_mixin.py:188} INFO - [2025-11-04T22:05:48.698-0300] {dag.py:3947} INFO - Setting next_dagrun for dataset_produces_1 to 2025-11-04 00:00:00+00:00, run_after=2025-11-05 00:00:00+00:00
[2025-11-04T22:05:48.699-0300] {logging_mixin.py:188} INFO - [2025-11-04T22:05:48.699-0300] {dag.py:3947} INFO - Setting next_dagrun for dataset_produces_2 to None, run_after=None
[2025-11-04T22:05:48.730-0300] {processor.py:183} INFO - Processing /Users/joaovitor/airflow_env/lib/python3.11/site-packages/airflow/example_dags/example_datasets.py took 0.240 seconds
[2025-11-04T22:09:37.258-0300] {processor.py:161} INFO - Started process (PID=31569) to work on /Users/joaovitor/airflow_env/lib/python3.11/site-packages/airflow/example_dags/example_datasets.py
[2025-11-04T22:09:37.259-0300] {processor.py:830} INFO - Processing file /Users/joaovitor/airflow_env/lib/python3.11/site-packages/airflow/example_dags/example_datasets.py for tasks to queue
[2025-11-04T22:09:37.259-0300] {logging_mixin.py:188} INFO - [2025-11-04T22:09:37.259-0300] {dagbag.py:545} INFO - Filling up the DagBag from /Users/joaovitor/airflow_env/lib/python3.11/site-packages/airflow/example_dags/example_datasets.py
[2025-11-04T22:09:37.301-0300] {processor.py:840} INFO - DAG(s) 'dataset_consumes_unknown_never_scheduled', 'dataset_produces_2', 'dataset_consumes_1_never_scheduled', 'consume_1_or_both_2_and_3_with_dataset_expressions', 'dataset_consumes_1', 'conditional_dataset_and_time_based_timetable', 'dataset_produces_1', 'consume_1_or_2_with_dataset_expressions', 'consume_1_and_2_with_dataset_expressions', 'dataset_consumes_1_and_2' retrieved from /Users/joaovitor/airflow_env/lib/python3.11/site-packages/airflow/example_dags/example_datasets.py
[2025-11-04T22:09:37.424-0300] {logging_mixin.py:188} INFO - [2025-11-04T22:09:37.424-0300] {dag.py:3089} INFO - Sync 10 DAGs
[2025-11-04T22:09:37.445-0300] {logging_mixin.py:188} INFO - [2025-11-04T22:09:37.445-0300] {dag.py:3947} INFO - Setting next_dagrun for conditional_dataset_and_time_based_timetable to 2025-11-05 01:00:00+00:00, run_after=2025-11-05 01:00:00+00:00
[2025-11-04T22:09:37.449-0300] {logging_mixin.py:188} INFO - [2025-11-04T22:09:37.448-0300] {dag.py:3947} INFO - Setting next_dagrun for consume_1_and_2_with_dataset_expressions to None, run_after=None
[2025-11-04T22:09:37.450-0300] {logging_mixin.py:188} INFO - [2025-11-04T22:09:37.449-0300] {dag.py:3947} INFO - Setting next_dagrun for consume_1_or_2_with_dataset_expressions to None, run_after=None
[2025-11-04T22:09:37.451-0300] {logging_mixin.py:188} INFO - [2025-11-04T22:09:37.451-0300] {dag.py:3947} INFO - Setting next_dagrun for consume_1_or_both_2_and_3_with_dataset_expressions to None, run_after=None
[2025-11-04T22:09:37.452-0300] {logging_mixin.py:188} INFO - [2025-11-04T22:09:37.452-0300] {dag.py:3947} INFO - Setting next_dagrun for dataset_consumes_1 to None, run_after=None
[2025-11-04T22:09:37.453-0300] {logging_mixin.py:188} INFO - [2025-11-04T22:09:37.453-0300] {dag.py:3947} INFO - Setting next_dagrun for dataset_consumes_1_and_2 to None, run_after=None
[2025-11-04T22:09:37.454-0300] {logging_mixin.py:188} INFO - [2025-11-04T22:09:37.454-0300] {dag.py:3947} INFO - Setting next_dagrun for dataset_consumes_1_never_scheduled to None, run_after=None
[2025-11-04T22:09:37.455-0300] {logging_mixin.py:188} INFO - [2025-11-04T22:09:37.455-0300] {dag.py:3947} INFO - Setting next_dagrun for dataset_consumes_unknown_never_scheduled to None, run_after=None
[2025-11-04T22:09:37.457-0300] {logging_mixin.py:188} INFO - [2025-11-04T22:09:37.457-0300] {dag.py:3947} INFO - Setting next_dagrun for dataset_produces_1 to 2025-11-04 00:00:00+00:00, run_after=2025-11-05 00:00:00+00:00
[2025-11-04T22:09:37.458-0300] {logging_mixin.py:188} INFO - [2025-11-04T22:09:37.458-0300] {dag.py:3947} INFO - Setting next_dagrun for dataset_produces_2 to None, run_after=None
[2025-11-04T22:09:37.488-0300] {processor.py:183} INFO - Processing /Users/joaovitor/airflow_env/lib/python3.11/site-packages/airflow/example_dags/example_datasets.py took 0.233 seconds
[2025-11-04T22:13:35.288-0300] {processor.py:161} INFO - Started process (PID=31672) to work on /Users/joaovitor/airflow_env/lib/python3.11/site-packages/airflow/example_dags/example_datasets.py
[2025-11-04T22:13:35.289-0300] {processor.py:830} INFO - Processing file /Users/joaovitor/airflow_env/lib/python3.11/site-packages/airflow/example_dags/example_datasets.py for tasks to queue
[2025-11-04T22:13:35.290-0300] {logging_mixin.py:188} INFO - [2025-11-04T22:13:35.290-0300] {dagbag.py:545} INFO - Filling up the DagBag from /Users/joaovitor/airflow_env/lib/python3.11/site-packages/airflow/example_dags/example_datasets.py
[2025-11-04T22:13:35.334-0300] {processor.py:840} INFO - DAG(s) 'conditional_dataset_and_time_based_timetable', 'dataset_consumes_1_and_2', 'dataset_consumes_unknown_never_scheduled', 'dataset_consumes_1_never_scheduled', 'consume_1_and_2_with_dataset_expressions', 'dataset_produces_2', 'consume_1_or_2_with_dataset_expressions', 'dataset_produces_1', 'dataset_consumes_1', 'consume_1_or_both_2_and_3_with_dataset_expressions' retrieved from /Users/joaovitor/airflow_env/lib/python3.11/site-packages/airflow/example_dags/example_datasets.py
[2025-11-04T22:13:35.469-0300] {logging_mixin.py:188} INFO - [2025-11-04T22:13:35.469-0300] {dag.py:3089} INFO - Sync 10 DAGs
[2025-11-04T22:13:35.500-0300] {logging_mixin.py:188} INFO - [2025-11-04T22:13:35.500-0300] {dag.py:3947} INFO - Setting next_dagrun for conditional_dataset_and_time_based_timetable to 2025-11-05 01:00:00+00:00, run_after=2025-11-05 01:00:00+00:00
[2025-11-04T22:13:35.504-0300] {logging_mixin.py:188} INFO - [2025-11-04T22:13:35.503-0300] {dag.py:3947} INFO - Setting next_dagrun for consume_1_and_2_with_dataset_expressions to None, run_after=None
[2025-11-04T22:13:35.505-0300] {logging_mixin.py:188} INFO - [2025-11-04T22:13:35.505-0300] {dag.py:3947} INFO - Setting next_dagrun for consume_1_or_2_with_dataset_expressions to None, run_after=None
[2025-11-04T22:13:35.506-0300] {logging_mixin.py:188} INFO - [2025-11-04T22:13:35.506-0300] {dag.py:3947} INFO - Setting next_dagrun for consume_1_or_both_2_and_3_with_dataset_expressions to None, run_after=None
[2025-11-04T22:13:35.507-0300] {logging_mixin.py:188} INFO - [2025-11-04T22:13:35.507-0300] {dag.py:3947} INFO - Setting next_dagrun for dataset_consumes_1 to None, run_after=None
[2025-11-04T22:13:35.508-0300] {logging_mixin.py:188} INFO - [2025-11-04T22:13:35.508-0300] {dag.py:3947} INFO - Setting next_dagrun for dataset_consumes_1_and_2 to None, run_after=None
[2025-11-04T22:13:35.510-0300] {logging_mixin.py:188} INFO - [2025-11-04T22:13:35.509-0300] {dag.py:3947} INFO - Setting next_dagrun for dataset_consumes_1_never_scheduled to None, run_after=None
[2025-11-04T22:13:35.511-0300] {logging_mixin.py:188} INFO - [2025-11-04T22:13:35.511-0300] {dag.py:3947} INFO - Setting next_dagrun for dataset_consumes_unknown_never_scheduled to None, run_after=None
[2025-11-04T22:13:35.514-0300] {logging_mixin.py:188} INFO - [2025-11-04T22:13:35.514-0300] {dag.py:3947} INFO - Setting next_dagrun for dataset_produces_1 to 2025-11-04 00:00:00+00:00, run_after=2025-11-05 00:00:00+00:00
[2025-11-04T22:13:35.515-0300] {logging_mixin.py:188} INFO - [2025-11-04T22:13:35.515-0300] {dag.py:3947} INFO - Setting next_dagrun for dataset_produces_2 to None, run_after=None
[2025-11-04T22:13:35.556-0300] {processor.py:183} INFO - Processing /Users/joaovitor/airflow_env/lib/python3.11/site-packages/airflow/example_dags/example_datasets.py took 0.271 seconds
[2025-11-04T22:17:42.637-0300] {processor.py:161} INFO - Started process (PID=31770) to work on /Users/joaovitor/airflow_env/lib/python3.11/site-packages/airflow/example_dags/example_datasets.py
[2025-11-04T22:17:42.638-0300] {processor.py:830} INFO - Processing file /Users/joaovitor/airflow_env/lib/python3.11/site-packages/airflow/example_dags/example_datasets.py for tasks to queue
[2025-11-04T22:17:42.639-0300] {logging_mixin.py:188} INFO - [2025-11-04T22:17:42.639-0300] {dagbag.py:545} INFO - Filling up the DagBag from /Users/joaovitor/airflow_env/lib/python3.11/site-packages/airflow/example_dags/example_datasets.py
[2025-11-04T22:17:42.688-0300] {processor.py:840} INFO - DAG(s) 'consume_1_and_2_with_dataset_expressions', 'conditional_dataset_and_time_based_timetable', 'consume_1_or_both_2_and_3_with_dataset_expressions', 'dataset_consumes_unknown_never_scheduled', 'dataset_consumes_1_and_2', 'dataset_produces_1', 'dataset_consumes_1_never_scheduled', 'consume_1_or_2_with_dataset_expressions', 'dataset_produces_2', 'dataset_consumes_1' retrieved from /Users/joaovitor/airflow_env/lib/python3.11/site-packages/airflow/example_dags/example_datasets.py
[2025-11-04T22:17:42.814-0300] {logging_mixin.py:188} INFO - [2025-11-04T22:17:42.814-0300] {dag.py:3089} INFO - Sync 10 DAGs
[2025-11-04T22:17:42.836-0300] {logging_mixin.py:188} INFO - [2025-11-04T22:17:42.836-0300] {dag.py:3947} INFO - Setting next_dagrun for conditional_dataset_and_time_based_timetable to 2025-11-05 01:00:00+00:00, run_after=2025-11-05 01:00:00+00:00
[2025-11-04T22:17:42.839-0300] {logging_mixin.py:188} INFO - [2025-11-04T22:17:42.839-0300] {dag.py:3947} INFO - Setting next_dagrun for consume_1_and_2_with_dataset_expressions to None, run_after=None
[2025-11-04T22:17:42.841-0300] {logging_mixin.py:188} INFO - [2025-11-04T22:17:42.840-0300] {dag.py:3947} INFO - Setting next_dagrun for consume_1_or_2_with_dataset_expressions to None, run_after=None
[2025-11-04T22:17:42.842-0300] {logging_mixin.py:188} INFO - [2025-11-04T22:17:42.841-0300] {dag.py:3947} INFO - Setting next_dagrun for consume_1_or_both_2_and_3_with_dataset_expressions to None, run_after=None
[2025-11-04T22:17:42.843-0300] {logging_mixin.py:188} INFO - [2025-11-04T22:17:42.843-0300] {dag.py:3947} INFO - Setting next_dagrun for dataset_consumes_1 to None, run_after=None
[2025-11-04T22:17:42.844-0300] {logging_mixin.py:188} INFO - [2025-11-04T22:17:42.844-0300] {dag.py:3947} INFO - Setting next_dagrun for dataset_consumes_1_and_2 to None, run_after=None
[2025-11-04T22:17:42.845-0300] {logging_mixin.py:188} INFO - [2025-11-04T22:17:42.845-0300] {dag.py:3947} INFO - Setting next_dagrun for dataset_consumes_1_never_scheduled to None, run_after=None
[2025-11-04T22:17:42.846-0300] {logging_mixin.py:188} INFO - [2025-11-04T22:17:42.846-0300] {dag.py:3947} INFO - Setting next_dagrun for dataset_consumes_unknown_never_scheduled to None, run_after=None
[2025-11-04T22:17:42.848-0300] {logging_mixin.py:188} INFO - [2025-11-04T22:17:42.848-0300] {dag.py:3947} INFO - Setting next_dagrun for dataset_produces_1 to 2025-11-04 00:00:00+00:00, run_after=2025-11-05 00:00:00+00:00
[2025-11-04T22:17:42.849-0300] {logging_mixin.py:188} INFO - [2025-11-04T22:17:42.849-0300] {dag.py:3947} INFO - Setting next_dagrun for dataset_produces_2 to None, run_after=None
[2025-11-04T22:17:42.880-0300] {processor.py:183} INFO - Processing /Users/joaovitor/airflow_env/lib/python3.11/site-packages/airflow/example_dags/example_datasets.py took 0.245 seconds
[2025-11-04T22:21:47.372-0300] {processor.py:161} INFO - Started process (PID=31917) to work on /Users/joaovitor/airflow_env/lib/python3.11/site-packages/airflow/example_dags/example_datasets.py
[2025-11-04T22:21:47.374-0300] {processor.py:830} INFO - Processing file /Users/joaovitor/airflow_env/lib/python3.11/site-packages/airflow/example_dags/example_datasets.py for tasks to queue
[2025-11-04T22:21:47.375-0300] {logging_mixin.py:188} INFO - [2025-11-04T22:21:47.375-0300] {dagbag.py:545} INFO - Filling up the DagBag from /Users/joaovitor/airflow_env/lib/python3.11/site-packages/airflow/example_dags/example_datasets.py
[2025-11-04T22:21:47.477-0300] {processor.py:840} INFO - DAG(s) 'conditional_dataset_and_time_based_timetable', 'dataset_consumes_unknown_never_scheduled', 'dataset_consumes_1', 'dataset_consumes_1_never_scheduled', 'dataset_consumes_1_and_2', 'dataset_produces_1', 'consume_1_or_both_2_and_3_with_dataset_expressions', 'consume_1_and_2_with_dataset_expressions', 'dataset_produces_2', 'consume_1_or_2_with_dataset_expressions' retrieved from /Users/joaovitor/airflow_env/lib/python3.11/site-packages/airflow/example_dags/example_datasets.py
[2025-11-04T22:21:47.601-0300] {logging_mixin.py:188} INFO - [2025-11-04T22:21:47.601-0300] {dag.py:3089} INFO - Sync 10 DAGs
[2025-11-04T22:21:47.621-0300] {logging_mixin.py:188} INFO - [2025-11-04T22:21:47.621-0300] {dag.py:3947} INFO - Setting next_dagrun for conditional_dataset_and_time_based_timetable to 2025-11-05 01:00:00+00:00, run_after=2025-11-05 01:00:00+00:00
[2025-11-04T22:21:47.625-0300] {logging_mixin.py:188} INFO - [2025-11-04T22:21:47.624-0300] {dag.py:3947} INFO - Setting next_dagrun for consume_1_and_2_with_dataset_expressions to None, run_after=None
[2025-11-04T22:21:47.626-0300] {logging_mixin.py:188} INFO - [2025-11-04T22:21:47.626-0300] {dag.py:3947} INFO - Setting next_dagrun for consume_1_or_2_with_dataset_expressions to None, run_after=None
[2025-11-04T22:21:47.627-0300] {logging_mixin.py:188} INFO - [2025-11-04T22:21:47.626-0300] {dag.py:3947} INFO - Setting next_dagrun for consume_1_or_both_2_and_3_with_dataset_expressions to None, run_after=None
[2025-11-04T22:21:47.628-0300] {logging_mixin.py:188} INFO - [2025-11-04T22:21:47.627-0300] {dag.py:3947} INFO - Setting next_dagrun for dataset_consumes_1 to None, run_after=None
[2025-11-04T22:21:47.629-0300] {logging_mixin.py:188} INFO - [2025-11-04T22:21:47.628-0300] {dag.py:3947} INFO - Setting next_dagrun for dataset_consumes_1_and_2 to None, run_after=None
[2025-11-04T22:21:47.630-0300] {logging_mixin.py:188} INFO - [2025-11-04T22:21:47.629-0300] {dag.py:3947} INFO - Setting next_dagrun for dataset_consumes_1_never_scheduled to None, run_after=None
[2025-11-04T22:21:47.630-0300] {logging_mixin.py:188} INFO - [2025-11-04T22:21:47.630-0300] {dag.py:3947} INFO - Setting next_dagrun for dataset_consumes_unknown_never_scheduled to None, run_after=None
[2025-11-04T22:21:47.633-0300] {logging_mixin.py:188} INFO - [2025-11-04T22:21:47.632-0300] {dag.py:3947} INFO - Setting next_dagrun for dataset_produces_1 to 2025-11-04 00:00:00+00:00, run_after=2025-11-05 00:00:00+00:00
[2025-11-04T22:21:47.634-0300] {logging_mixin.py:188} INFO - [2025-11-04T22:21:47.633-0300] {dag.py:3947} INFO - Setting next_dagrun for dataset_produces_2 to None, run_after=None
[2025-11-04T22:21:47.667-0300] {processor.py:183} INFO - Processing /Users/joaovitor/airflow_env/lib/python3.11/site-packages/airflow/example_dags/example_datasets.py took 0.298 seconds
[2025-11-04T22:26:01.949-0300] {processor.py:161} INFO - Started process (PID=32000) to work on /Users/joaovitor/airflow_env/lib/python3.11/site-packages/airflow/example_dags/example_datasets.py
[2025-11-04T22:26:01.950-0300] {processor.py:830} INFO - Processing file /Users/joaovitor/airflow_env/lib/python3.11/site-packages/airflow/example_dags/example_datasets.py for tasks to queue
[2025-11-04T22:26:01.951-0300] {logging_mixin.py:188} INFO - [2025-11-04T22:26:01.951-0300] {dagbag.py:545} INFO - Filling up the DagBag from /Users/joaovitor/airflow_env/lib/python3.11/site-packages/airflow/example_dags/example_datasets.py
[2025-11-04T22:26:02.004-0300] {processor.py:840} INFO - DAG(s) 'dataset_produces_2', 'dataset_produces_1', 'conditional_dataset_and_time_based_timetable', 'dataset_consumes_1_and_2', 'dataset_consumes_1_never_scheduled', 'consume_1_or_2_with_dataset_expressions', 'consume_1_or_both_2_and_3_with_dataset_expressions', 'dataset_consumes_unknown_never_scheduled', 'dataset_consumes_1', 'consume_1_and_2_with_dataset_expressions' retrieved from /Users/joaovitor/airflow_env/lib/python3.11/site-packages/airflow/example_dags/example_datasets.py
[2025-11-04T22:26:02.154-0300] {logging_mixin.py:188} INFO - [2025-11-04T22:26:02.153-0300] {dag.py:3089} INFO - Sync 10 DAGs
[2025-11-04T22:26:02.177-0300] {logging_mixin.py:188} INFO - [2025-11-04T22:26:02.176-0300] {dag.py:3947} INFO - Setting next_dagrun for conditional_dataset_and_time_based_timetable to 2025-11-05 01:00:00+00:00, run_after=2025-11-05 01:00:00+00:00
[2025-11-04T22:26:02.180-0300] {logging_mixin.py:188} INFO - [2025-11-04T22:26:02.180-0300] {dag.py:3947} INFO - Setting next_dagrun for consume_1_and_2_with_dataset_expressions to None, run_after=None
[2025-11-04T22:26:02.181-0300] {logging_mixin.py:188} INFO - [2025-11-04T22:26:02.181-0300] {dag.py:3947} INFO - Setting next_dagrun for consume_1_or_2_with_dataset_expressions to None, run_after=None
[2025-11-04T22:26:02.182-0300] {logging_mixin.py:188} INFO - [2025-11-04T22:26:02.182-0300] {dag.py:3947} INFO - Setting next_dagrun for consume_1_or_both_2_and_3_with_dataset_expressions to None, run_after=None
[2025-11-04T22:26:02.183-0300] {logging_mixin.py:188} INFO - [2025-11-04T22:26:02.183-0300] {dag.py:3947} INFO - Setting next_dagrun for dataset_consumes_1 to None, run_after=None
[2025-11-04T22:26:02.184-0300] {logging_mixin.py:188} INFO - [2025-11-04T22:26:02.184-0300] {dag.py:3947} INFO - Setting next_dagrun for dataset_consumes_1_and_2 to None, run_after=None
[2025-11-04T22:26:02.185-0300] {logging_mixin.py:188} INFO - [2025-11-04T22:26:02.185-0300] {dag.py:3947} INFO - Setting next_dagrun for dataset_consumes_1_never_scheduled to None, run_after=None
[2025-11-04T22:26:02.187-0300] {logging_mixin.py:188} INFO - [2025-11-04T22:26:02.186-0300] {dag.py:3947} INFO - Setting next_dagrun for dataset_consumes_unknown_never_scheduled to None, run_after=None
[2025-11-04T22:26:02.189-0300] {logging_mixin.py:188} INFO - [2025-11-04T22:26:02.189-0300] {dag.py:3947} INFO - Setting next_dagrun for dataset_produces_1 to 2025-11-04 00:00:00+00:00, run_after=2025-11-05 00:00:00+00:00
[2025-11-04T22:26:02.190-0300] {logging_mixin.py:188} INFO - [2025-11-04T22:26:02.190-0300] {dag.py:3947} INFO - Setting next_dagrun for dataset_produces_2 to None, run_after=None
[2025-11-04T22:26:02.222-0300] {processor.py:183} INFO - Processing /Users/joaovitor/airflow_env/lib/python3.11/site-packages/airflow/example_dags/example_datasets.py took 0.276 seconds
[2025-11-04T22:30:26.320-0300] {processor.py:161} INFO - Started process (PID=32103) to work on /Users/joaovitor/airflow_env/lib/python3.11/site-packages/airflow/example_dags/example_datasets.py
[2025-11-04T22:30:26.322-0300] {processor.py:830} INFO - Processing file /Users/joaovitor/airflow_env/lib/python3.11/site-packages/airflow/example_dags/example_datasets.py for tasks to queue
[2025-11-04T22:30:26.323-0300] {logging_mixin.py:188} INFO - [2025-11-04T22:30:26.323-0300] {dagbag.py:545} INFO - Filling up the DagBag from /Users/joaovitor/airflow_env/lib/python3.11/site-packages/airflow/example_dags/example_datasets.py
[2025-11-04T22:30:26.435-0300] {processor.py:840} INFO - DAG(s) 'consume_1_or_both_2_and_3_with_dataset_expressions', 'consume_1_or_2_with_dataset_expressions', 'dataset_consumes_1_never_scheduled', 'dataset_consumes_1_and_2', 'dataset_consumes_unknown_never_scheduled', 'conditional_dataset_and_time_based_timetable', 'dataset_produces_2', 'consume_1_and_2_with_dataset_expressions', 'dataset_consumes_1', 'dataset_produces_1' retrieved from /Users/joaovitor/airflow_env/lib/python3.11/site-packages/airflow/example_dags/example_datasets.py
[2025-11-04T22:30:26.632-0300] {logging_mixin.py:188} INFO - [2025-11-04T22:30:26.631-0300] {dag.py:3089} INFO - Sync 10 DAGs
[2025-11-04T22:30:26.660-0300] {logging_mixin.py:188} INFO - [2025-11-04T22:30:26.659-0300] {dag.py:3947} INFO - Setting next_dagrun for conditional_dataset_and_time_based_timetable to 2025-11-05 01:00:00+00:00, run_after=2025-11-05 01:00:00+00:00
[2025-11-04T22:30:26.665-0300] {logging_mixin.py:188} INFO - [2025-11-04T22:30:26.664-0300] {dag.py:3947} INFO - Setting next_dagrun for consume_1_and_2_with_dataset_expressions to None, run_after=None
[2025-11-04T22:30:26.666-0300] {logging_mixin.py:188} INFO - [2025-11-04T22:30:26.666-0300] {dag.py:3947} INFO - Setting next_dagrun for consume_1_or_2_with_dataset_expressions to None, run_after=None
[2025-11-04T22:30:26.668-0300] {logging_mixin.py:188} INFO - [2025-11-04T22:30:26.667-0300] {dag.py:3947} INFO - Setting next_dagrun for consume_1_or_both_2_and_3_with_dataset_expressions to None, run_after=None
[2025-11-04T22:30:26.669-0300] {logging_mixin.py:188} INFO - [2025-11-04T22:30:26.669-0300] {dag.py:3947} INFO - Setting next_dagrun for dataset_consumes_1 to None, run_after=None
[2025-11-04T22:30:26.672-0300] {logging_mixin.py:188} INFO - [2025-11-04T22:30:26.672-0300] {dag.py:3947} INFO - Setting next_dagrun for dataset_consumes_1_and_2 to None, run_after=None
[2025-11-04T22:30:26.673-0300] {logging_mixin.py:188} INFO - [2025-11-04T22:30:26.673-0300] {dag.py:3947} INFO - Setting next_dagrun for dataset_consumes_1_never_scheduled to None, run_after=None
[2025-11-04T22:30:26.674-0300] {logging_mixin.py:188} INFO - [2025-11-04T22:30:26.674-0300] {dag.py:3947} INFO - Setting next_dagrun for dataset_consumes_unknown_never_scheduled to None, run_after=None
[2025-11-04T22:30:26.677-0300] {logging_mixin.py:188} INFO - [2025-11-04T22:30:26.677-0300] {dag.py:3947} INFO - Setting next_dagrun for dataset_produces_1 to 2025-11-04 00:00:00+00:00, run_after=2025-11-05 00:00:00+00:00
[2025-11-04T22:30:26.679-0300] {logging_mixin.py:188} INFO - [2025-11-04T22:30:26.679-0300] {dag.py:3947} INFO - Setting next_dagrun for dataset_produces_2 to None, run_after=None
[2025-11-04T22:30:26.715-0300] {processor.py:183} INFO - Processing /Users/joaovitor/airflow_env/lib/python3.11/site-packages/airflow/example_dags/example_datasets.py took 0.398 seconds
[2025-11-04T22:35:32.188-0300] {processor.py:161} INFO - Started process (PID=32411) to work on /Users/joaovitor/airflow_env/lib/python3.11/site-packages/airflow/example_dags/example_datasets.py
[2025-11-04T22:35:32.190-0300] {processor.py:830} INFO - Processing file /Users/joaovitor/airflow_env/lib/python3.11/site-packages/airflow/example_dags/example_datasets.py for tasks to queue
[2025-11-04T22:35:32.191-0300] {logging_mixin.py:188} INFO - [2025-11-04T22:35:32.191-0300] {dagbag.py:545} INFO - Filling up the DagBag from /Users/joaovitor/airflow_env/lib/python3.11/site-packages/airflow/example_dags/example_datasets.py
[2025-11-04T22:35:32.300-0300] {processor.py:840} INFO - DAG(s) 'dataset_consumes_1_never_scheduled', 'dataset_produces_1', 'dataset_consumes_1', 'conditional_dataset_and_time_based_timetable', 'consume_1_and_2_with_dataset_expressions', 'consume_1_or_both_2_and_3_with_dataset_expressions', 'dataset_consumes_unknown_never_scheduled', 'dataset_produces_2', 'consume_1_or_2_with_dataset_expressions', 'dataset_consumes_1_and_2' retrieved from /Users/joaovitor/airflow_env/lib/python3.11/site-packages/airflow/example_dags/example_datasets.py
[2025-11-04T22:35:32.433-0300] {logging_mixin.py:188} INFO - [2025-11-04T22:35:32.433-0300] {dag.py:3089} INFO - Sync 10 DAGs
[2025-11-04T22:35:32.459-0300] {logging_mixin.py:188} INFO - [2025-11-04T22:35:32.458-0300] {dag.py:3947} INFO - Setting next_dagrun for conditional_dataset_and_time_based_timetable to 2025-11-05 01:00:00+00:00, run_after=2025-11-05 01:00:00+00:00
[2025-11-04T22:35:32.462-0300] {logging_mixin.py:188} INFO - [2025-11-04T22:35:32.462-0300] {dag.py:3947} INFO - Setting next_dagrun for consume_1_and_2_with_dataset_expressions to None, run_after=None
[2025-11-04T22:35:32.463-0300] {logging_mixin.py:188} INFO - [2025-11-04T22:35:32.463-0300] {dag.py:3947} INFO - Setting next_dagrun for consume_1_or_2_with_dataset_expressions to None, run_after=None
[2025-11-04T22:35:32.464-0300] {logging_mixin.py:188} INFO - [2025-11-04T22:35:32.464-0300] {dag.py:3947} INFO - Setting next_dagrun for consume_1_or_both_2_and_3_with_dataset_expressions to None, run_after=None
[2025-11-04T22:35:32.465-0300] {logging_mixin.py:188} INFO - [2025-11-04T22:35:32.465-0300] {dag.py:3947} INFO - Setting next_dagrun for dataset_consumes_1 to None, run_after=None
[2025-11-04T22:35:32.466-0300] {logging_mixin.py:188} INFO - [2025-11-04T22:35:32.466-0300] {dag.py:3947} INFO - Setting next_dagrun for dataset_consumes_1_and_2 to None, run_after=None
[2025-11-04T22:35:32.467-0300] {logging_mixin.py:188} INFO - [2025-11-04T22:35:32.467-0300] {dag.py:3947} INFO - Setting next_dagrun for dataset_consumes_1_never_scheduled to None, run_after=None
[2025-11-04T22:35:32.468-0300] {logging_mixin.py:188} INFO - [2025-11-04T22:35:32.468-0300] {dag.py:3947} INFO - Setting next_dagrun for dataset_consumes_unknown_never_scheduled to None, run_after=None
[2025-11-04T22:35:32.471-0300] {logging_mixin.py:188} INFO - [2025-11-04T22:35:32.471-0300] {dag.py:3947} INFO - Setting next_dagrun for dataset_produces_1 to 2025-11-04 00:00:00+00:00, run_after=2025-11-05 00:00:00+00:00
[2025-11-04T22:35:32.472-0300] {logging_mixin.py:188} INFO - [2025-11-04T22:35:32.472-0300] {dag.py:3947} INFO - Setting next_dagrun for dataset_produces_2 to None, run_after=None
[2025-11-04T22:35:32.505-0300] {processor.py:183} INFO - Processing /Users/joaovitor/airflow_env/lib/python3.11/site-packages/airflow/example_dags/example_datasets.py took 0.320 seconds
[2025-11-04T22:40:10.537-0300] {processor.py:161} INFO - Started process (PID=32687) to work on /Users/joaovitor/airflow_env/lib/python3.11/site-packages/airflow/example_dags/example_datasets.py
[2025-11-04T22:40:10.539-0300] {processor.py:830} INFO - Processing file /Users/joaovitor/airflow_env/lib/python3.11/site-packages/airflow/example_dags/example_datasets.py for tasks to queue
[2025-11-04T22:40:10.542-0300] {logging_mixin.py:188} INFO - [2025-11-04T22:40:10.541-0300] {dagbag.py:545} INFO - Filling up the DagBag from /Users/joaovitor/airflow_env/lib/python3.11/site-packages/airflow/example_dags/example_datasets.py
[2025-11-04T22:40:10.851-0300] {processor.py:840} INFO - DAG(s) 'dataset_consumes_unknown_never_scheduled', 'dataset_produces_2', 'consume_1_or_2_with_dataset_expressions', 'dataset_consumes_1_and_2', 'dataset_produces_1', 'conditional_dataset_and_time_based_timetable', 'dataset_consumes_1', 'consume_1_or_both_2_and_3_with_dataset_expressions', 'consume_1_and_2_with_dataset_expressions', 'dataset_consumes_1_never_scheduled' retrieved from /Users/joaovitor/airflow_env/lib/python3.11/site-packages/airflow/example_dags/example_datasets.py
[2025-11-04T22:40:11.154-0300] {logging_mixin.py:188} INFO - [2025-11-04T22:40:11.153-0300] {dag.py:3089} INFO - Sync 10 DAGs
[2025-11-04T22:40:11.241-0300] {logging_mixin.py:188} INFO - [2025-11-04T22:40:11.241-0300] {dag.py:3947} INFO - Setting next_dagrun for conditional_dataset_and_time_based_timetable to 2025-11-05 01:00:00+00:00, run_after=2025-11-05 01:00:00+00:00
[2025-11-04T22:40:11.244-0300] {logging_mixin.py:188} INFO - [2025-11-04T22:40:11.243-0300] {dag.py:3947} INFO - Setting next_dagrun for consume_1_and_2_with_dataset_expressions to None, run_after=None
[2025-11-04T22:40:11.245-0300] {logging_mixin.py:188} INFO - [2025-11-04T22:40:11.244-0300] {dag.py:3947} INFO - Setting next_dagrun for consume_1_or_2_with_dataset_expressions to None, run_after=None
[2025-11-04T22:40:11.247-0300] {logging_mixin.py:188} INFO - [2025-11-04T22:40:11.247-0300] {dag.py:3947} INFO - Setting next_dagrun for consume_1_or_both_2_and_3_with_dataset_expressions to None, run_after=None
[2025-11-04T22:40:11.248-0300] {logging_mixin.py:188} INFO - [2025-11-04T22:40:11.248-0300] {dag.py:3947} INFO - Setting next_dagrun for dataset_consumes_1 to None, run_after=None
[2025-11-04T22:40:11.249-0300] {logging_mixin.py:188} INFO - [2025-11-04T22:40:11.249-0300] {dag.py:3947} INFO - Setting next_dagrun for dataset_consumes_1_and_2 to None, run_after=None
[2025-11-04T22:40:11.250-0300] {logging_mixin.py:188} INFO - [2025-11-04T22:40:11.250-0300] {dag.py:3947} INFO - Setting next_dagrun for dataset_consumes_1_never_scheduled to None, run_after=None
[2025-11-04T22:40:11.251-0300] {logging_mixin.py:188} INFO - [2025-11-04T22:40:11.251-0300] {dag.py:3947} INFO - Setting next_dagrun for dataset_consumes_unknown_never_scheduled to None, run_after=None
[2025-11-04T22:40:11.254-0300] {logging_mixin.py:188} INFO - [2025-11-04T22:40:11.253-0300] {dag.py:3947} INFO - Setting next_dagrun for dataset_produces_1 to 2025-11-04 00:00:00+00:00, run_after=2025-11-05 00:00:00+00:00
[2025-11-04T22:40:11.255-0300] {logging_mixin.py:188} INFO - [2025-11-04T22:40:11.254-0300] {dag.py:3947} INFO - Setting next_dagrun for dataset_produces_2 to None, run_after=None
[2025-11-04T22:40:11.291-0300] {processor.py:183} INFO - Processing /Users/joaovitor/airflow_env/lib/python3.11/site-packages/airflow/example_dags/example_datasets.py took 0.758 seconds
[2025-11-04T22:44:49.512-0300] {processor.py:161} INFO - Started process (PID=32798) to work on /Users/joaovitor/airflow_env/lib/python3.11/site-packages/airflow/example_dags/example_datasets.py
[2025-11-04T22:44:49.514-0300] {processor.py:830} INFO - Processing file /Users/joaovitor/airflow_env/lib/python3.11/site-packages/airflow/example_dags/example_datasets.py for tasks to queue
[2025-11-04T22:44:49.515-0300] {logging_mixin.py:188} INFO - [2025-11-04T22:44:49.515-0300] {dagbag.py:545} INFO - Filling up the DagBag from /Users/joaovitor/airflow_env/lib/python3.11/site-packages/airflow/example_dags/example_datasets.py
[2025-11-04T22:44:49.622-0300] {processor.py:840} INFO - DAG(s) 'dataset_consumes_1_and_2', 'dataset_produces_2', 'consume_1_or_both_2_and_3_with_dataset_expressions', 'dataset_consumes_1', 'dataset_consumes_1_never_scheduled', 'consume_1_or_2_with_dataset_expressions', 'dataset_consumes_unknown_never_scheduled', 'consume_1_and_2_with_dataset_expressions', 'dataset_produces_1', 'conditional_dataset_and_time_based_timetable' retrieved from /Users/joaovitor/airflow_env/lib/python3.11/site-packages/airflow/example_dags/example_datasets.py
[2025-11-04T22:44:49.775-0300] {logging_mixin.py:188} INFO - [2025-11-04T22:44:49.775-0300] {dag.py:3089} INFO - Sync 10 DAGs
[2025-11-04T22:44:49.799-0300] {logging_mixin.py:188} INFO - [2025-11-04T22:44:49.798-0300] {dag.py:3947} INFO - Setting next_dagrun for conditional_dataset_and_time_based_timetable to 2025-11-05 01:00:00+00:00, run_after=2025-11-05 01:00:00+00:00
[2025-11-04T22:44:49.802-0300] {logging_mixin.py:188} INFO - [2025-11-04T22:44:49.802-0300] {dag.py:3947} INFO - Setting next_dagrun for consume_1_and_2_with_dataset_expressions to None, run_after=None
[2025-11-04T22:44:49.804-0300] {logging_mixin.py:188} INFO - [2025-11-04T22:44:49.803-0300] {dag.py:3947} INFO - Setting next_dagrun for consume_1_or_2_with_dataset_expressions to None, run_after=None
[2025-11-04T22:44:49.806-0300] {logging_mixin.py:188} INFO - [2025-11-04T22:44:49.805-0300] {dag.py:3947} INFO - Setting next_dagrun for consume_1_or_both_2_and_3_with_dataset_expressions to None, run_after=None
[2025-11-04T22:44:49.807-0300] {logging_mixin.py:188} INFO - [2025-11-04T22:44:49.807-0300] {dag.py:3947} INFO - Setting next_dagrun for dataset_consumes_1 to None, run_after=None
[2025-11-04T22:44:49.808-0300] {logging_mixin.py:188} INFO - [2025-11-04T22:44:49.808-0300] {dag.py:3947} INFO - Setting next_dagrun for dataset_consumes_1_and_2 to None, run_after=None
[2025-11-04T22:44:49.810-0300] {logging_mixin.py:188} INFO - [2025-11-04T22:44:49.809-0300] {dag.py:3947} INFO - Setting next_dagrun for dataset_consumes_1_never_scheduled to None, run_after=None
[2025-11-04T22:44:49.811-0300] {logging_mixin.py:188} INFO - [2025-11-04T22:44:49.810-0300] {dag.py:3947} INFO - Setting next_dagrun for dataset_consumes_unknown_never_scheduled to None, run_after=None
[2025-11-04T22:44:49.813-0300] {logging_mixin.py:188} INFO - [2025-11-04T22:44:49.813-0300] {dag.py:3947} INFO - Setting next_dagrun for dataset_produces_1 to 2025-11-04 00:00:00+00:00, run_after=2025-11-05 00:00:00+00:00
[2025-11-04T22:44:49.814-0300] {logging_mixin.py:188} INFO - [2025-11-04T22:44:49.814-0300] {dag.py:3947} INFO - Setting next_dagrun for dataset_produces_2 to None, run_after=None
[2025-11-04T22:44:49.852-0300] {processor.py:183} INFO - Processing /Users/joaovitor/airflow_env/lib/python3.11/site-packages/airflow/example_dags/example_datasets.py took 0.342 seconds
[2025-11-04T22:49:17.050-0300] {processor.py:161} INFO - Started process (PID=32911) to work on /Users/joaovitor/airflow_env/lib/python3.11/site-packages/airflow/example_dags/example_datasets.py
[2025-11-04T22:49:17.053-0300] {processor.py:830} INFO - Processing file /Users/joaovitor/airflow_env/lib/python3.11/site-packages/airflow/example_dags/example_datasets.py for tasks to queue
[2025-11-04T22:49:17.054-0300] {logging_mixin.py:188} INFO - [2025-11-04T22:49:17.054-0300] {dagbag.py:545} INFO - Filling up the DagBag from /Users/joaovitor/airflow_env/lib/python3.11/site-packages/airflow/example_dags/example_datasets.py
[2025-11-04T22:49:17.157-0300] {processor.py:840} INFO - DAG(s) 'dataset_produces_2', 'dataset_produces_1', 'dataset_consumes_1', 'conditional_dataset_and_time_based_timetable', 'dataset_consumes_1_never_scheduled', 'dataset_consumes_unknown_never_scheduled', 'consume_1_and_2_with_dataset_expressions', 'consume_1_or_both_2_and_3_with_dataset_expressions', 'dataset_consumes_1_and_2', 'consume_1_or_2_with_dataset_expressions' retrieved from /Users/joaovitor/airflow_env/lib/python3.11/site-packages/airflow/example_dags/example_datasets.py
[2025-11-04T22:49:17.343-0300] {logging_mixin.py:188} INFO - [2025-11-04T22:49:17.343-0300] {dag.py:3089} INFO - Sync 10 DAGs
[2025-11-04T22:49:17.375-0300] {logging_mixin.py:188} INFO - [2025-11-04T22:49:17.374-0300] {dag.py:3947} INFO - Setting next_dagrun for conditional_dataset_and_time_based_timetable to 2025-11-05 01:00:00+00:00, run_after=2025-11-05 01:00:00+00:00
[2025-11-04T22:49:17.380-0300] {logging_mixin.py:188} INFO - [2025-11-04T22:49:17.380-0300] {dag.py:3947} INFO - Setting next_dagrun for consume_1_and_2_with_dataset_expressions to None, run_after=None
[2025-11-04T22:49:17.382-0300] {logging_mixin.py:188} INFO - [2025-11-04T22:49:17.382-0300] {dag.py:3947} INFO - Setting next_dagrun for consume_1_or_2_with_dataset_expressions to None, run_after=None
[2025-11-04T22:49:17.384-0300] {logging_mixin.py:188} INFO - [2025-11-04T22:49:17.384-0300] {dag.py:3947} INFO - Setting next_dagrun for consume_1_or_both_2_and_3_with_dataset_expressions to None, run_after=None
[2025-11-04T22:49:17.385-0300] {logging_mixin.py:188} INFO - [2025-11-04T22:49:17.385-0300] {dag.py:3947} INFO - Setting next_dagrun for dataset_consumes_1 to None, run_after=None
[2025-11-04T22:49:17.387-0300] {logging_mixin.py:188} INFO - [2025-11-04T22:49:17.387-0300] {dag.py:3947} INFO - Setting next_dagrun for dataset_consumes_1_and_2 to None, run_after=None
[2025-11-04T22:49:17.389-0300] {logging_mixin.py:188} INFO - [2025-11-04T22:49:17.389-0300] {dag.py:3947} INFO - Setting next_dagrun for dataset_consumes_1_never_scheduled to None, run_after=None
[2025-11-04T22:49:17.391-0300] {logging_mixin.py:188} INFO - [2025-11-04T22:49:17.390-0300] {dag.py:3947} INFO - Setting next_dagrun for dataset_consumes_unknown_never_scheduled to None, run_after=None
[2025-11-04T22:49:17.394-0300] {logging_mixin.py:188} INFO - [2025-11-04T22:49:17.394-0300] {dag.py:3947} INFO - Setting next_dagrun for dataset_produces_1 to 2025-11-04 00:00:00+00:00, run_after=2025-11-05 00:00:00+00:00
[2025-11-04T22:49:17.396-0300] {logging_mixin.py:188} INFO - [2025-11-04T22:49:17.395-0300] {dag.py:3947} INFO - Setting next_dagrun for dataset_produces_2 to None, run_after=None
[2025-11-04T22:49:17.441-0300] {processor.py:183} INFO - Processing /Users/joaovitor/airflow_env/lib/python3.11/site-packages/airflow/example_dags/example_datasets.py took 0.394 seconds
[2025-11-04T22:53:59.085-0300] {processor.py:161} INFO - Started process (PID=33025) to work on /Users/joaovitor/airflow_env/lib/python3.11/site-packages/airflow/example_dags/example_datasets.py
[2025-11-04T22:53:59.087-0300] {processor.py:830} INFO - Processing file /Users/joaovitor/airflow_env/lib/python3.11/site-packages/airflow/example_dags/example_datasets.py for tasks to queue
[2025-11-04T22:53:59.088-0300] {logging_mixin.py:188} INFO - [2025-11-04T22:53:59.088-0300] {dagbag.py:545} INFO - Filling up the DagBag from /Users/joaovitor/airflow_env/lib/python3.11/site-packages/airflow/example_dags/example_datasets.py
[2025-11-04T22:53:59.195-0300] {processor.py:840} INFO - DAG(s) 'dataset_consumes_1_never_scheduled', 'consume_1_and_2_with_dataset_expressions', 'consume_1_or_both_2_and_3_with_dataset_expressions', 'dataset_consumes_unknown_never_scheduled', 'dataset_produces_1', 'dataset_produces_2', 'consume_1_or_2_with_dataset_expressions', 'conditional_dataset_and_time_based_timetable', 'dataset_consumes_1_and_2', 'dataset_consumes_1' retrieved from /Users/joaovitor/airflow_env/lib/python3.11/site-packages/airflow/example_dags/example_datasets.py
[2025-11-04T22:53:59.338-0300] {logging_mixin.py:188} INFO - [2025-11-04T22:53:59.337-0300] {dag.py:3089} INFO - Sync 10 DAGs
[2025-11-04T22:53:59.365-0300] {logging_mixin.py:188} INFO - [2025-11-04T22:53:59.365-0300] {dag.py:3947} INFO - Setting next_dagrun for conditional_dataset_and_time_based_timetable to 2025-11-05 01:00:00+00:00, run_after=2025-11-05 01:00:00+00:00
[2025-11-04T22:53:59.369-0300] {logging_mixin.py:188} INFO - [2025-11-04T22:53:59.369-0300] {dag.py:3947} INFO - Setting next_dagrun for consume_1_and_2_with_dataset_expressions to None, run_after=None
[2025-11-04T22:53:59.370-0300] {logging_mixin.py:188} INFO - [2025-11-04T22:53:59.370-0300] {dag.py:3947} INFO - Setting next_dagrun for consume_1_or_2_with_dataset_expressions to None, run_after=None
[2025-11-04T22:53:59.371-0300] {logging_mixin.py:188} INFO - [2025-11-04T22:53:59.371-0300] {dag.py:3947} INFO - Setting next_dagrun for consume_1_or_both_2_and_3_with_dataset_expressions to None, run_after=None
[2025-11-04T22:53:59.372-0300] {logging_mixin.py:188} INFO - [2025-11-04T22:53:59.372-0300] {dag.py:3947} INFO - Setting next_dagrun for dataset_consumes_1 to None, run_after=None
[2025-11-04T22:53:59.374-0300] {logging_mixin.py:188} INFO - [2025-11-04T22:53:59.373-0300] {dag.py:3947} INFO - Setting next_dagrun for dataset_consumes_1_and_2 to None, run_after=None
[2025-11-04T22:53:59.375-0300] {logging_mixin.py:188} INFO - [2025-11-04T22:53:59.375-0300] {dag.py:3947} INFO - Setting next_dagrun for dataset_consumes_1_never_scheduled to None, run_after=None
[2025-11-04T22:53:59.377-0300] {logging_mixin.py:188} INFO - [2025-11-04T22:53:59.376-0300] {dag.py:3947} INFO - Setting next_dagrun for dataset_consumes_unknown_never_scheduled to None, run_after=None
[2025-11-04T22:53:59.379-0300] {logging_mixin.py:188} INFO - [2025-11-04T22:53:59.379-0300] {dag.py:3947} INFO - Setting next_dagrun for dataset_produces_1 to 2025-11-04 00:00:00+00:00, run_after=2025-11-05 00:00:00+00:00
[2025-11-04T22:53:59.380-0300] {logging_mixin.py:188} INFO - [2025-11-04T22:53:59.380-0300] {dag.py:3947} INFO - Setting next_dagrun for dataset_produces_2 to None, run_after=None
[2025-11-04T22:53:59.417-0300] {processor.py:183} INFO - Processing /Users/joaovitor/airflow_env/lib/python3.11/site-packages/airflow/example_dags/example_datasets.py took 0.334 seconds
[2025-11-04T22:58:25.078-0300] {processor.py:161} INFO - Started process (PID=33110) to work on /Users/joaovitor/airflow_env/lib/python3.11/site-packages/airflow/example_dags/example_datasets.py
[2025-11-04T22:58:25.079-0300] {processor.py:830} INFO - Processing file /Users/joaovitor/airflow_env/lib/python3.11/site-packages/airflow/example_dags/example_datasets.py for tasks to queue
[2025-11-04T22:58:25.080-0300] {logging_mixin.py:188} INFO - [2025-11-04T22:58:25.080-0300] {dagbag.py:545} INFO - Filling up the DagBag from /Users/joaovitor/airflow_env/lib/python3.11/site-packages/airflow/example_dags/example_datasets.py
[2025-11-04T22:58:25.143-0300] {processor.py:840} INFO - DAG(s) 'dataset_consumes_1', 'consume_1_or_both_2_and_3_with_dataset_expressions', 'dataset_consumes_unknown_never_scheduled', 'dataset_consumes_1_never_scheduled', 'dataset_produces_2', 'consume_1_or_2_with_dataset_expressions', 'conditional_dataset_and_time_based_timetable', 'dataset_produces_1', 'consume_1_and_2_with_dataset_expressions', 'dataset_consumes_1_and_2' retrieved from /Users/joaovitor/airflow_env/lib/python3.11/site-packages/airflow/example_dags/example_datasets.py
[2025-11-04T22:58:25.288-0300] {logging_mixin.py:188} INFO - [2025-11-04T22:58:25.288-0300] {dag.py:3089} INFO - Sync 10 DAGs
[2025-11-04T22:58:25.310-0300] {logging_mixin.py:188} INFO - [2025-11-04T22:58:25.310-0300] {dag.py:3947} INFO - Setting next_dagrun for conditional_dataset_and_time_based_timetable to 2025-11-05 01:00:00+00:00, run_after=2025-11-05 01:00:00+00:00
[2025-11-04T22:58:25.314-0300] {logging_mixin.py:188} INFO - [2025-11-04T22:58:25.313-0300] {dag.py:3947} INFO - Setting next_dagrun for consume_1_and_2_with_dataset_expressions to None, run_after=None
[2025-11-04T22:58:25.315-0300] {logging_mixin.py:188} INFO - [2025-11-04T22:58:25.315-0300] {dag.py:3947} INFO - Setting next_dagrun for consume_1_or_2_with_dataset_expressions to None, run_after=None
[2025-11-04T22:58:25.316-0300] {logging_mixin.py:188} INFO - [2025-11-04T22:58:25.316-0300] {dag.py:3947} INFO - Setting next_dagrun for consume_1_or_both_2_and_3_with_dataset_expressions to None, run_after=None
[2025-11-04T22:58:25.319-0300] {logging_mixin.py:188} INFO - [2025-11-04T22:58:25.319-0300] {dag.py:3947} INFO - Setting next_dagrun for dataset_consumes_1 to None, run_after=None
[2025-11-04T22:58:25.321-0300] {logging_mixin.py:188} INFO - [2025-11-04T22:58:25.320-0300] {dag.py:3947} INFO - Setting next_dagrun for dataset_consumes_1_and_2 to None, run_after=None
[2025-11-04T22:58:25.323-0300] {logging_mixin.py:188} INFO - [2025-11-04T22:58:25.322-0300] {dag.py:3947} INFO - Setting next_dagrun for dataset_consumes_1_never_scheduled to None, run_after=None
[2025-11-04T22:58:25.324-0300] {logging_mixin.py:188} INFO - [2025-11-04T22:58:25.324-0300] {dag.py:3947} INFO - Setting next_dagrun for dataset_consumes_unknown_never_scheduled to None, run_after=None
[2025-11-04T22:58:25.327-0300] {logging_mixin.py:188} INFO - [2025-11-04T22:58:25.327-0300] {dag.py:3947} INFO - Setting next_dagrun for dataset_produces_1 to 2025-11-04 00:00:00+00:00, run_after=2025-11-05 00:00:00+00:00
[2025-11-04T22:58:25.329-0300] {logging_mixin.py:188} INFO - [2025-11-04T22:58:25.328-0300] {dag.py:3947} INFO - Setting next_dagrun for dataset_produces_2 to None, run_after=None
[2025-11-04T22:58:25.363-0300] {processor.py:183} INFO - Processing /Users/joaovitor/airflow_env/lib/python3.11/site-packages/airflow/example_dags/example_datasets.py took 0.287 seconds
[2025-11-04T23:03:09.809-0300] {processor.py:161} INFO - Started process (PID=33203) to work on /Users/joaovitor/airflow_env/lib/python3.11/site-packages/airflow/example_dags/example_datasets.py
[2025-11-04T23:03:09.811-0300] {processor.py:830} INFO - Processing file /Users/joaovitor/airflow_env/lib/python3.11/site-packages/airflow/example_dags/example_datasets.py for tasks to queue
[2025-11-04T23:03:09.813-0300] {logging_mixin.py:188} INFO - [2025-11-04T23:03:09.812-0300] {dagbag.py:545} INFO - Filling up the DagBag from /Users/joaovitor/airflow_env/lib/python3.11/site-packages/airflow/example_dags/example_datasets.py
[2025-11-04T23:03:09.932-0300] {processor.py:840} INFO - DAG(s) 'consume_1_or_2_with_dataset_expressions', 'dataset_consumes_1_and_2', 'dataset_consumes_unknown_never_scheduled', 'consume_1_or_both_2_and_3_with_dataset_expressions', 'dataset_consumes_1', 'dataset_consumes_1_never_scheduled', 'consume_1_and_2_with_dataset_expressions', 'conditional_dataset_and_time_based_timetable', 'dataset_produces_2', 'dataset_produces_1' retrieved from /Users/joaovitor/airflow_env/lib/python3.11/site-packages/airflow/example_dags/example_datasets.py
[2025-11-04T23:03:10.076-0300] {logging_mixin.py:188} INFO - [2025-11-04T23:03:10.076-0300] {dag.py:3089} INFO - Sync 10 DAGs
[2025-11-04T23:03:10.104-0300] {logging_mixin.py:188} INFO - [2025-11-04T23:03:10.104-0300] {dag.py:3947} INFO - Setting next_dagrun for conditional_dataset_and_time_based_timetable to 2025-11-05 01:00:00+00:00, run_after=2025-11-05 01:00:00+00:00
[2025-11-04T23:03:10.107-0300] {logging_mixin.py:188} INFO - [2025-11-04T23:03:10.107-0300] {dag.py:3947} INFO - Setting next_dagrun for consume_1_and_2_with_dataset_expressions to None, run_after=None
[2025-11-04T23:03:10.108-0300] {logging_mixin.py:188} INFO - [2025-11-04T23:03:10.108-0300] {dag.py:3947} INFO - Setting next_dagrun for consume_1_or_2_with_dataset_expressions to None, run_after=None
[2025-11-04T23:03:10.110-0300] {logging_mixin.py:188} INFO - [2025-11-04T23:03:10.110-0300] {dag.py:3947} INFO - Setting next_dagrun for consume_1_or_both_2_and_3_with_dataset_expressions to None, run_after=None
[2025-11-04T23:03:10.111-0300] {logging_mixin.py:188} INFO - [2025-11-04T23:03:10.111-0300] {dag.py:3947} INFO - Setting next_dagrun for dataset_consumes_1 to None, run_after=None
[2025-11-04T23:03:10.112-0300] {logging_mixin.py:188} INFO - [2025-11-04T23:03:10.112-0300] {dag.py:3947} INFO - Setting next_dagrun for dataset_consumes_1_and_2 to None, run_after=None
[2025-11-04T23:03:10.114-0300] {logging_mixin.py:188} INFO - [2025-11-04T23:03:10.114-0300] {dag.py:3947} INFO - Setting next_dagrun for dataset_consumes_1_never_scheduled to None, run_after=None
[2025-11-04T23:03:10.115-0300] {logging_mixin.py:188} INFO - [2025-11-04T23:03:10.115-0300] {dag.py:3947} INFO - Setting next_dagrun for dataset_consumes_unknown_never_scheduled to None, run_after=None
[2025-11-04T23:03:10.118-0300] {logging_mixin.py:188} INFO - [2025-11-04T23:03:10.118-0300] {dag.py:3947} INFO - Setting next_dagrun for dataset_produces_1 to 2025-11-04 00:00:00+00:00, run_after=2025-11-05 00:00:00+00:00
[2025-11-04T23:03:10.119-0300] {logging_mixin.py:188} INFO - [2025-11-04T23:03:10.119-0300] {dag.py:3947} INFO - Setting next_dagrun for dataset_produces_2 to None, run_after=None
[2025-11-04T23:03:10.156-0300] {processor.py:183} INFO - Processing /Users/joaovitor/airflow_env/lib/python3.11/site-packages/airflow/example_dags/example_datasets.py took 0.349 seconds
