[2025-11-04T21:46:13.584-0300] {processor.py:161} INFO - Started process (PID=31063) to work on /Users/joaovitor/airflow_env/lib/python3.11/site-packages/airflow/example_dags/example_trigger_controller_dag.py
[2025-11-04T21:46:13.585-0300] {processor.py:830} INFO - Processing file /Users/joaovitor/airflow_env/lib/python3.11/site-packages/airflow/example_dags/example_trigger_controller_dag.py for tasks to queue
[2025-11-04T21:46:13.586-0300] {logging_mixin.py:188} INFO - [2025-11-04T21:46:13.586-0300] {dagbag.py:545} INFO - Filling up the DagBag from /Users/joaovitor/airflow_env/lib/python3.11/site-packages/airflow/example_dags/example_trigger_controller_dag.py
[2025-11-04T21:46:13.599-0300] {processor.py:840} INFO - DAG(s) 'example_trigger_controller_dag' retrieved from /Users/joaovitor/airflow_env/lib/python3.11/site-packages/airflow/example_dags/example_trigger_controller_dag.py
[2025-11-04T21:46:13.817-0300] {logging_mixin.py:188} INFO - [2025-11-04T21:46:13.816-0300] {override.py:1858} INFO - Created Permission View: can delete on DAG:example_trigger_controller_dag
[2025-11-04T21:46:13.828-0300] {logging_mixin.py:188} INFO - [2025-11-04T21:46:13.827-0300] {override.py:1858} INFO - Created Permission View: can edit on DAG:example_trigger_controller_dag
[2025-11-04T21:46:13.835-0300] {logging_mixin.py:188} INFO - [2025-11-04T21:46:13.835-0300] {override.py:1858} INFO - Created Permission View: can read on DAG:example_trigger_controller_dag
[2025-11-04T21:46:13.836-0300] {logging_mixin.py:188} INFO - [2025-11-04T21:46:13.836-0300] {dag.py:3089} INFO - Sync 1 DAGs
[2025-11-04T21:46:13.852-0300] {logging_mixin.py:188} INFO - [2025-11-04T21:46:13.852-0300] {dag.py:3111} INFO - Creating ORM DAG for example_trigger_controller_dag
[2025-11-04T21:46:13.862-0300] {logging_mixin.py:188} INFO - [2025-11-04T21:46:13.862-0300] {dag.py:3947} INFO - Setting next_dagrun for example_trigger_controller_dag to 2021-01-01 00:00:00+00:00, run_after=2021-01-01 00:00:00+00:00
[2025-11-04T21:46:13.882-0300] {processor.py:183} INFO - Processing /Users/joaovitor/airflow_env/lib/python3.11/site-packages/airflow/example_dags/example_trigger_controller_dag.py took 0.300 seconds
[2025-11-04T21:49:15.077-0300] {processor.py:161} INFO - Started process (PID=31155) to work on /Users/joaovitor/airflow_env/lib/python3.11/site-packages/airflow/example_dags/example_trigger_controller_dag.py
[2025-11-04T21:49:15.082-0300] {processor.py:830} INFO - Processing file /Users/joaovitor/airflow_env/lib/python3.11/site-packages/airflow/example_dags/example_trigger_controller_dag.py for tasks to queue
[2025-11-04T21:49:15.083-0300] {logging_mixin.py:188} INFO - [2025-11-04T21:49:15.082-0300] {dagbag.py:545} INFO - Filling up the DagBag from /Users/joaovitor/airflow_env/lib/python3.11/site-packages/airflow/example_dags/example_trigger_controller_dag.py
[2025-11-04T21:49:15.097-0300] {processor.py:840} INFO - DAG(s) 'example_trigger_controller_dag' retrieved from /Users/joaovitor/airflow_env/lib/python3.11/site-packages/airflow/example_dags/example_trigger_controller_dag.py
[2025-11-04T21:49:15.216-0300] {logging_mixin.py:188} INFO - [2025-11-04T21:49:15.215-0300] {dag.py:3089} INFO - Sync 1 DAGs
[2025-11-04T21:49:15.235-0300] {logging_mixin.py:188} INFO - [2025-11-04T21:49:15.234-0300] {dag.py:3947} INFO - Setting next_dagrun for example_trigger_controller_dag to 2021-01-01 00:00:00+00:00, run_after=2021-01-01 00:00:00+00:00
[2025-11-04T21:49:15.260-0300] {processor.py:183} INFO - Processing /Users/joaovitor/airflow_env/lib/python3.11/site-packages/airflow/example_dags/example_trigger_controller_dag.py took 0.187 seconds
[2025-11-04T21:51:34.103-0300] {processor.py:161} INFO - Started process (PID=31225) to work on /Users/joaovitor/airflow_env/lib/python3.11/site-packages/airflow/example_dags/example_trigger_controller_dag.py
[2025-11-04T21:51:34.105-0300] {processor.py:830} INFO - Processing file /Users/joaovitor/airflow_env/lib/python3.11/site-packages/airflow/example_dags/example_trigger_controller_dag.py for tasks to queue
[2025-11-04T21:51:34.106-0300] {logging_mixin.py:188} INFO - [2025-11-04T21:51:34.106-0300] {dagbag.py:545} INFO - Filling up the DagBag from /Users/joaovitor/airflow_env/lib/python3.11/site-packages/airflow/example_dags/example_trigger_controller_dag.py
[2025-11-04T21:51:34.118-0300] {processor.py:840} INFO - DAG(s) 'example_trigger_controller_dag' retrieved from /Users/joaovitor/airflow_env/lib/python3.11/site-packages/airflow/example_dags/example_trigger_controller_dag.py
[2025-11-04T21:51:34.218-0300] {logging_mixin.py:188} INFO - [2025-11-04T21:51:34.217-0300] {dag.py:3089} INFO - Sync 1 DAGs
[2025-11-04T21:51:34.235-0300] {logging_mixin.py:188} INFO - [2025-11-04T21:51:34.235-0300] {dag.py:3947} INFO - Setting next_dagrun for example_trigger_controller_dag to 2021-01-01 00:00:00+00:00, run_after=2021-01-01 00:00:00+00:00
[2025-11-04T21:51:34.257-0300] {processor.py:183} INFO - Processing /Users/joaovitor/airflow_env/lib/python3.11/site-packages/airflow/example_dags/example_trigger_controller_dag.py took 0.156 seconds
[2025-11-04T21:53:29.745-0300] {processor.py:161} INFO - Started process (PID=31267) to work on /Users/joaovitor/airflow_env/lib/python3.11/site-packages/airflow/example_dags/example_trigger_controller_dag.py
[2025-11-04T21:53:29.746-0300] {processor.py:830} INFO - Processing file /Users/joaovitor/airflow_env/lib/python3.11/site-packages/airflow/example_dags/example_trigger_controller_dag.py for tasks to queue
[2025-11-04T21:53:29.746-0300] {logging_mixin.py:188} INFO - [2025-11-04T21:53:29.746-0300] {dagbag.py:545} INFO - Filling up the DagBag from /Users/joaovitor/airflow_env/lib/python3.11/site-packages/airflow/example_dags/example_trigger_controller_dag.py
[2025-11-04T21:53:29.760-0300] {processor.py:840} INFO - DAG(s) 'example_trigger_controller_dag' retrieved from /Users/joaovitor/airflow_env/lib/python3.11/site-packages/airflow/example_dags/example_trigger_controller_dag.py
[2025-11-04T21:53:29.896-0300] {logging_mixin.py:188} INFO - [2025-11-04T21:53:29.895-0300] {dag.py:3089} INFO - Sync 1 DAGs
[2025-11-04T21:53:29.913-0300] {logging_mixin.py:188} INFO - [2025-11-04T21:53:29.913-0300] {dag.py:3947} INFO - Setting next_dagrun for example_trigger_controller_dag to 2021-01-01 00:00:00+00:00, run_after=2021-01-01 00:00:00+00:00
[2025-11-04T21:53:29.939-0300] {processor.py:183} INFO - Processing /Users/joaovitor/airflow_env/lib/python3.11/site-packages/airflow/example_dags/example_trigger_controller_dag.py took 0.196 seconds
[2025-11-04T21:55:23.176-0300] {processor.py:161} INFO - Started process (PID=31309) to work on /Users/joaovitor/airflow_env/lib/python3.11/site-packages/airflow/example_dags/example_trigger_controller_dag.py
[2025-11-04T21:55:23.177-0300] {processor.py:830} INFO - Processing file /Users/joaovitor/airflow_env/lib/python3.11/site-packages/airflow/example_dags/example_trigger_controller_dag.py for tasks to queue
[2025-11-04T21:55:23.177-0300] {logging_mixin.py:188} INFO - [2025-11-04T21:55:23.177-0300] {dagbag.py:545} INFO - Filling up the DagBag from /Users/joaovitor/airflow_env/lib/python3.11/site-packages/airflow/example_dags/example_trigger_controller_dag.py
[2025-11-04T21:55:23.190-0300] {processor.py:840} INFO - DAG(s) 'example_trigger_controller_dag' retrieved from /Users/joaovitor/airflow_env/lib/python3.11/site-packages/airflow/example_dags/example_trigger_controller_dag.py
[2025-11-04T21:55:23.298-0300] {logging_mixin.py:188} INFO - [2025-11-04T21:55:23.296-0300] {dag.py:3089} INFO - Sync 1 DAGs
[2025-11-04T21:55:23.316-0300] {logging_mixin.py:188} INFO - [2025-11-04T21:55:23.316-0300] {dag.py:3947} INFO - Setting next_dagrun for example_trigger_controller_dag to 2021-01-01 00:00:00+00:00, run_after=2021-01-01 00:00:00+00:00
[2025-11-04T21:55:23.344-0300] {processor.py:183} INFO - Processing /Users/joaovitor/airflow_env/lib/python3.11/site-packages/airflow/example_dags/example_trigger_controller_dag.py took 0.171 seconds
[2025-11-04T21:57:13.172-0300] {processor.py:161} INFO - Started process (PID=31349) to work on /Users/joaovitor/airflow_env/lib/python3.11/site-packages/airflow/example_dags/example_trigger_controller_dag.py
[2025-11-04T21:57:13.173-0300] {processor.py:830} INFO - Processing file /Users/joaovitor/airflow_env/lib/python3.11/site-packages/airflow/example_dags/example_trigger_controller_dag.py for tasks to queue
[2025-11-04T21:57:13.174-0300] {logging_mixin.py:188} INFO - [2025-11-04T21:57:13.173-0300] {dagbag.py:545} INFO - Filling up the DagBag from /Users/joaovitor/airflow_env/lib/python3.11/site-packages/airflow/example_dags/example_trigger_controller_dag.py
[2025-11-04T21:57:13.185-0300] {processor.py:840} INFO - DAG(s) 'example_trigger_controller_dag' retrieved from /Users/joaovitor/airflow_env/lib/python3.11/site-packages/airflow/example_dags/example_trigger_controller_dag.py
[2025-11-04T21:57:13.281-0300] {logging_mixin.py:188} INFO - [2025-11-04T21:57:13.281-0300] {dag.py:3089} INFO - Sync 1 DAGs
[2025-11-04T21:57:13.297-0300] {logging_mixin.py:188} INFO - [2025-11-04T21:57:13.297-0300] {dag.py:3947} INFO - Setting next_dagrun for example_trigger_controller_dag to 2021-01-01 00:00:00+00:00, run_after=2021-01-01 00:00:00+00:00
[2025-11-04T21:57:13.319-0300] {processor.py:183} INFO - Processing /Users/joaovitor/airflow_env/lib/python3.11/site-packages/airflow/example_dags/example_trigger_controller_dag.py took 0.149 seconds
[2025-11-04T21:59:04.434-0300] {processor.py:161} INFO - Started process (PID=31388) to work on /Users/joaovitor/airflow_env/lib/python3.11/site-packages/airflow/example_dags/example_trigger_controller_dag.py
[2025-11-04T21:59:04.435-0300] {processor.py:830} INFO - Processing file /Users/joaovitor/airflow_env/lib/python3.11/site-packages/airflow/example_dags/example_trigger_controller_dag.py for tasks to queue
[2025-11-04T21:59:04.435-0300] {logging_mixin.py:188} INFO - [2025-11-04T21:59:04.435-0300] {dagbag.py:545} INFO - Filling up the DagBag from /Users/joaovitor/airflow_env/lib/python3.11/site-packages/airflow/example_dags/example_trigger_controller_dag.py
[2025-11-04T21:59:04.447-0300] {processor.py:840} INFO - DAG(s) 'example_trigger_controller_dag' retrieved from /Users/joaovitor/airflow_env/lib/python3.11/site-packages/airflow/example_dags/example_trigger_controller_dag.py
[2025-11-04T21:59:04.560-0300] {logging_mixin.py:188} INFO - [2025-11-04T21:59:04.559-0300] {dag.py:3089} INFO - Sync 1 DAGs
[2025-11-04T21:59:04.577-0300] {logging_mixin.py:188} INFO - [2025-11-04T21:59:04.577-0300] {dag.py:3947} INFO - Setting next_dagrun for example_trigger_controller_dag to 2021-01-01 00:00:00+00:00, run_after=2021-01-01 00:00:00+00:00
[2025-11-04T21:59:04.601-0300] {processor.py:183} INFO - Processing /Users/joaovitor/airflow_env/lib/python3.11/site-packages/airflow/example_dags/example_trigger_controller_dag.py took 0.170 seconds
[2025-11-04T22:04:36.676-0300] {processor.py:161} INFO - Started process (PID=31428) to work on /Users/joaovitor/airflow_env/lib/python3.11/site-packages/airflow/example_dags/example_trigger_controller_dag.py
[2025-11-04T22:04:36.677-0300] {processor.py:830} INFO - Processing file /Users/joaovitor/airflow_env/lib/python3.11/site-packages/airflow/example_dags/example_trigger_controller_dag.py for tasks to queue
[2025-11-04T22:04:36.678-0300] {logging_mixin.py:188} INFO - [2025-11-04T22:04:36.677-0300] {dagbag.py:545} INFO - Filling up the DagBag from /Users/joaovitor/airflow_env/lib/python3.11/site-packages/airflow/example_dags/example_trigger_controller_dag.py
[2025-11-04T22:04:36.690-0300] {processor.py:840} INFO - DAG(s) 'example_trigger_controller_dag' retrieved from /Users/joaovitor/airflow_env/lib/python3.11/site-packages/airflow/example_dags/example_trigger_controller_dag.py
[2025-11-04T22:04:36.812-0300] {logging_mixin.py:188} INFO - [2025-11-04T22:04:36.812-0300] {dag.py:3089} INFO - Sync 1 DAGs
[2025-11-04T22:04:36.829-0300] {logging_mixin.py:188} INFO - [2025-11-04T22:04:36.829-0300] {dag.py:3947} INFO - Setting next_dagrun for example_trigger_controller_dag to 2021-01-01 00:00:00+00:00, run_after=2021-01-01 00:00:00+00:00
[2025-11-04T22:04:36.852-0300] {processor.py:183} INFO - Processing /Users/joaovitor/airflow_env/lib/python3.11/site-packages/airflow/example_dags/example_trigger_controller_dag.py took 0.179 seconds
[2025-11-04T22:06:34.780-0300] {processor.py:161} INFO - Started process (PID=31502) to work on /Users/joaovitor/airflow_env/lib/python3.11/site-packages/airflow/example_dags/example_trigger_controller_dag.py
[2025-11-04T22:06:34.780-0300] {processor.py:830} INFO - Processing file /Users/joaovitor/airflow_env/lib/python3.11/site-packages/airflow/example_dags/example_trigger_controller_dag.py for tasks to queue
[2025-11-04T22:06:34.781-0300] {logging_mixin.py:188} INFO - [2025-11-04T22:06:34.781-0300] {dagbag.py:545} INFO - Filling up the DagBag from /Users/joaovitor/airflow_env/lib/python3.11/site-packages/airflow/example_dags/example_trigger_controller_dag.py
[2025-11-04T22:06:34.792-0300] {processor.py:840} INFO - DAG(s) 'example_trigger_controller_dag' retrieved from /Users/joaovitor/airflow_env/lib/python3.11/site-packages/airflow/example_dags/example_trigger_controller_dag.py
[2025-11-04T22:06:34.897-0300] {logging_mixin.py:188} INFO - [2025-11-04T22:06:34.897-0300] {dag.py:3089} INFO - Sync 1 DAGs
[2025-11-04T22:06:34.914-0300] {logging_mixin.py:188} INFO - [2025-11-04T22:06:34.913-0300] {dag.py:3947} INFO - Setting next_dagrun for example_trigger_controller_dag to 2021-01-01 00:00:00+00:00, run_after=2021-01-01 00:00:00+00:00
[2025-11-04T22:06:34.942-0300] {processor.py:183} INFO - Processing /Users/joaovitor/airflow_env/lib/python3.11/site-packages/airflow/example_dags/example_trigger_controller_dag.py took 0.165 seconds
[2025-11-04T22:08:30.314-0300] {processor.py:161} INFO - Started process (PID=31545) to work on /Users/joaovitor/airflow_env/lib/python3.11/site-packages/airflow/example_dags/example_trigger_controller_dag.py
[2025-11-04T22:08:30.315-0300] {processor.py:830} INFO - Processing file /Users/joaovitor/airflow_env/lib/python3.11/site-packages/airflow/example_dags/example_trigger_controller_dag.py for tasks to queue
[2025-11-04T22:08:30.315-0300] {logging_mixin.py:188} INFO - [2025-11-04T22:08:30.315-0300] {dagbag.py:545} INFO - Filling up the DagBag from /Users/joaovitor/airflow_env/lib/python3.11/site-packages/airflow/example_dags/example_trigger_controller_dag.py
[2025-11-04T22:08:30.326-0300] {processor.py:840} INFO - DAG(s) 'example_trigger_controller_dag' retrieved from /Users/joaovitor/airflow_env/lib/python3.11/site-packages/airflow/example_dags/example_trigger_controller_dag.py
[2025-11-04T22:08:30.421-0300] {logging_mixin.py:188} INFO - [2025-11-04T22:08:30.421-0300] {dag.py:3089} INFO - Sync 1 DAGs
[2025-11-04T22:08:30.437-0300] {logging_mixin.py:188} INFO - [2025-11-04T22:08:30.436-0300] {dag.py:3947} INFO - Setting next_dagrun for example_trigger_controller_dag to 2021-01-01 00:00:00+00:00, run_after=2021-01-01 00:00:00+00:00
[2025-11-04T22:08:30.458-0300] {processor.py:183} INFO - Processing /Users/joaovitor/airflow_env/lib/python3.11/site-packages/airflow/example_dags/example_trigger_controller_dag.py took 0.147 seconds
[2025-11-04T22:10:22.562-0300] {processor.py:161} INFO - Started process (PID=31592) to work on /Users/joaovitor/airflow_env/lib/python3.11/site-packages/airflow/example_dags/example_trigger_controller_dag.py
[2025-11-04T22:10:22.563-0300] {processor.py:830} INFO - Processing file /Users/joaovitor/airflow_env/lib/python3.11/site-packages/airflow/example_dags/example_trigger_controller_dag.py for tasks to queue
[2025-11-04T22:10:22.564-0300] {logging_mixin.py:188} INFO - [2025-11-04T22:10:22.564-0300] {dagbag.py:545} INFO - Filling up the DagBag from /Users/joaovitor/airflow_env/lib/python3.11/site-packages/airflow/example_dags/example_trigger_controller_dag.py
[2025-11-04T22:10:22.576-0300] {processor.py:840} INFO - DAG(s) 'example_trigger_controller_dag' retrieved from /Users/joaovitor/airflow_env/lib/python3.11/site-packages/airflow/example_dags/example_trigger_controller_dag.py
[2025-11-04T22:10:22.682-0300] {logging_mixin.py:188} INFO - [2025-11-04T22:10:22.682-0300] {dag.py:3089} INFO - Sync 1 DAGs
[2025-11-04T22:10:22.699-0300] {logging_mixin.py:188} INFO - [2025-11-04T22:10:22.699-0300] {dag.py:3947} INFO - Setting next_dagrun for example_trigger_controller_dag to 2021-01-01 00:00:00+00:00, run_after=2021-01-01 00:00:00+00:00
[2025-11-04T22:10:22.722-0300] {processor.py:183} INFO - Processing /Users/joaovitor/airflow_env/lib/python3.11/site-packages/airflow/example_dags/example_trigger_controller_dag.py took 0.162 seconds
[2025-11-04T22:12:21.708-0300] {processor.py:161} INFO - Started process (PID=31637) to work on /Users/joaovitor/airflow_env/lib/python3.11/site-packages/airflow/example_dags/example_trigger_controller_dag.py
[2025-11-04T22:12:21.709-0300] {processor.py:830} INFO - Processing file /Users/joaovitor/airflow_env/lib/python3.11/site-packages/airflow/example_dags/example_trigger_controller_dag.py for tasks to queue
[2025-11-04T22:12:21.710-0300] {logging_mixin.py:188} INFO - [2025-11-04T22:12:21.710-0300] {dagbag.py:545} INFO - Filling up the DagBag from /Users/joaovitor/airflow_env/lib/python3.11/site-packages/airflow/example_dags/example_trigger_controller_dag.py
[2025-11-04T22:12:21.721-0300] {processor.py:840} INFO - DAG(s) 'example_trigger_controller_dag' retrieved from /Users/joaovitor/airflow_env/lib/python3.11/site-packages/airflow/example_dags/example_trigger_controller_dag.py
[2025-11-04T22:12:21.829-0300] {logging_mixin.py:188} INFO - [2025-11-04T22:12:21.829-0300] {dag.py:3089} INFO - Sync 1 DAGs
[2025-11-04T22:12:21.847-0300] {logging_mixin.py:188} INFO - [2025-11-04T22:12:21.847-0300] {dag.py:3947} INFO - Setting next_dagrun for example_trigger_controller_dag to 2021-01-01 00:00:00+00:00, run_after=2021-01-01 00:00:00+00:00
[2025-11-04T22:12:21.871-0300] {processor.py:183} INFO - Processing /Users/joaovitor/airflow_env/lib/python3.11/site-packages/airflow/example_dags/example_trigger_controller_dag.py took 0.167 seconds
[2025-11-04T22:14:22.649-0300] {processor.py:161} INFO - Started process (PID=31688) to work on /Users/joaovitor/airflow_env/lib/python3.11/site-packages/airflow/example_dags/example_trigger_controller_dag.py
[2025-11-04T22:14:22.650-0300] {processor.py:830} INFO - Processing file /Users/joaovitor/airflow_env/lib/python3.11/site-packages/airflow/example_dags/example_trigger_controller_dag.py for tasks to queue
[2025-11-04T22:14:22.651-0300] {logging_mixin.py:188} INFO - [2025-11-04T22:14:22.650-0300] {dagbag.py:545} INFO - Filling up the DagBag from /Users/joaovitor/airflow_env/lib/python3.11/site-packages/airflow/example_dags/example_trigger_controller_dag.py
[2025-11-04T22:14:22.664-0300] {processor.py:840} INFO - DAG(s) 'example_trigger_controller_dag' retrieved from /Users/joaovitor/airflow_env/lib/python3.11/site-packages/airflow/example_dags/example_trigger_controller_dag.py
[2025-11-04T22:14:22.766-0300] {logging_mixin.py:188} INFO - [2025-11-04T22:14:22.766-0300] {dag.py:3089} INFO - Sync 1 DAGs
[2025-11-04T22:14:22.782-0300] {logging_mixin.py:188} INFO - [2025-11-04T22:14:22.781-0300] {dag.py:3947} INFO - Setting next_dagrun for example_trigger_controller_dag to 2021-01-01 00:00:00+00:00, run_after=2021-01-01 00:00:00+00:00
[2025-11-04T22:14:22.806-0300] {processor.py:183} INFO - Processing /Users/joaovitor/airflow_env/lib/python3.11/site-packages/airflow/example_dags/example_trigger_controller_dag.py took 0.161 seconds
[2025-11-04T22:16:32.798-0300] {processor.py:161} INFO - Started process (PID=31746) to work on /Users/joaovitor/airflow_env/lib/python3.11/site-packages/airflow/example_dags/example_trigger_controller_dag.py
[2025-11-04T22:16:32.799-0300] {processor.py:830} INFO - Processing file /Users/joaovitor/airflow_env/lib/python3.11/site-packages/airflow/example_dags/example_trigger_controller_dag.py for tasks to queue
[2025-11-04T22:16:32.800-0300] {logging_mixin.py:188} INFO - [2025-11-04T22:16:32.800-0300] {dagbag.py:545} INFO - Filling up the DagBag from /Users/joaovitor/airflow_env/lib/python3.11/site-packages/airflow/example_dags/example_trigger_controller_dag.py
[2025-11-04T22:16:32.814-0300] {processor.py:840} INFO - DAG(s) 'example_trigger_controller_dag' retrieved from /Users/joaovitor/airflow_env/lib/python3.11/site-packages/airflow/example_dags/example_trigger_controller_dag.py
[2025-11-04T22:16:32.923-0300] {logging_mixin.py:188} INFO - [2025-11-04T22:16:32.923-0300] {dag.py:3089} INFO - Sync 1 DAGs
[2025-11-04T22:16:32.941-0300] {logging_mixin.py:188} INFO - [2025-11-04T22:16:32.941-0300] {dag.py:3947} INFO - Setting next_dagrun for example_trigger_controller_dag to 2021-01-01 00:00:00+00:00, run_after=2021-01-01 00:00:00+00:00
[2025-11-04T22:16:32.972-0300] {processor.py:183} INFO - Processing /Users/joaovitor/airflow_env/lib/python3.11/site-packages/airflow/example_dags/example_trigger_controller_dag.py took 0.176 seconds
[2025-11-04T22:18:28.647-0300] {processor.py:161} INFO - Started process (PID=31787) to work on /Users/joaovitor/airflow_env/lib/python3.11/site-packages/airflow/example_dags/example_trigger_controller_dag.py
[2025-11-04T22:18:28.649-0300] {processor.py:830} INFO - Processing file /Users/joaovitor/airflow_env/lib/python3.11/site-packages/airflow/example_dags/example_trigger_controller_dag.py for tasks to queue
[2025-11-04T22:18:28.650-0300] {logging_mixin.py:188} INFO - [2025-11-04T22:18:28.650-0300] {dagbag.py:545} INFO - Filling up the DagBag from /Users/joaovitor/airflow_env/lib/python3.11/site-packages/airflow/example_dags/example_trigger_controller_dag.py
[2025-11-04T22:18:28.663-0300] {processor.py:840} INFO - DAG(s) 'example_trigger_controller_dag' retrieved from /Users/joaovitor/airflow_env/lib/python3.11/site-packages/airflow/example_dags/example_trigger_controller_dag.py
[2025-11-04T22:18:28.762-0300] {logging_mixin.py:188} INFO - [2025-11-04T22:18:28.762-0300] {dag.py:3089} INFO - Sync 1 DAGs
[2025-11-04T22:18:28.777-0300] {logging_mixin.py:188} INFO - [2025-11-04T22:18:28.777-0300] {dag.py:3947} INFO - Setting next_dagrun for example_trigger_controller_dag to 2021-01-01 00:00:00+00:00, run_after=2021-01-01 00:00:00+00:00
[2025-11-04T22:18:28.805-0300] {processor.py:183} INFO - Processing /Users/joaovitor/airflow_env/lib/python3.11/site-packages/airflow/example_dags/example_trigger_controller_dag.py took 0.160 seconds
[2025-11-04T22:20:32.822-0300] {processor.py:161} INFO - Started process (PID=31834) to work on /Users/joaovitor/airflow_env/lib/python3.11/site-packages/airflow/example_dags/example_trigger_controller_dag.py
[2025-11-04T22:20:32.824-0300] {processor.py:830} INFO - Processing file /Users/joaovitor/airflow_env/lib/python3.11/site-packages/airflow/example_dags/example_trigger_controller_dag.py for tasks to queue
[2025-11-04T22:20:32.825-0300] {logging_mixin.py:188} INFO - [2025-11-04T22:20:32.825-0300] {dagbag.py:545} INFO - Filling up the DagBag from /Users/joaovitor/airflow_env/lib/python3.11/site-packages/airflow/example_dags/example_trigger_controller_dag.py
[2025-11-04T22:20:32.842-0300] {processor.py:840} INFO - DAG(s) 'example_trigger_controller_dag' retrieved from /Users/joaovitor/airflow_env/lib/python3.11/site-packages/airflow/example_dags/example_trigger_controller_dag.py
[2025-11-04T22:20:32.976-0300] {logging_mixin.py:188} INFO - [2025-11-04T22:20:32.975-0300] {dag.py:3089} INFO - Sync 1 DAGs
[2025-11-04T22:20:32.998-0300] {logging_mixin.py:188} INFO - [2025-11-04T22:20:32.998-0300] {dag.py:3947} INFO - Setting next_dagrun for example_trigger_controller_dag to 2021-01-01 00:00:00+00:00, run_after=2021-01-01 00:00:00+00:00
[2025-11-04T22:20:33.025-0300] {processor.py:183} INFO - Processing /Users/joaovitor/airflow_env/lib/python3.11/site-packages/airflow/example_dags/example_trigger_controller_dag.py took 0.206 seconds
[2025-11-04T22:22:40.117-0300] {processor.py:161} INFO - Started process (PID=31933) to work on /Users/joaovitor/airflow_env/lib/python3.11/site-packages/airflow/example_dags/example_trigger_controller_dag.py
[2025-11-04T22:22:40.119-0300] {processor.py:830} INFO - Processing file /Users/joaovitor/airflow_env/lib/python3.11/site-packages/airflow/example_dags/example_trigger_controller_dag.py for tasks to queue
[2025-11-04T22:22:40.120-0300] {logging_mixin.py:188} INFO - [2025-11-04T22:22:40.120-0300] {dagbag.py:545} INFO - Filling up the DagBag from /Users/joaovitor/airflow_env/lib/python3.11/site-packages/airflow/example_dags/example_trigger_controller_dag.py
[2025-11-04T22:22:40.135-0300] {processor.py:840} INFO - DAG(s) 'example_trigger_controller_dag' retrieved from /Users/joaovitor/airflow_env/lib/python3.11/site-packages/airflow/example_dags/example_trigger_controller_dag.py
[2025-11-04T22:22:40.247-0300] {logging_mixin.py:188} INFO - [2025-11-04T22:22:40.246-0300] {dag.py:3089} INFO - Sync 1 DAGs
[2025-11-04T22:22:40.265-0300] {logging_mixin.py:188} INFO - [2025-11-04T22:22:40.264-0300] {dag.py:3947} INFO - Setting next_dagrun for example_trigger_controller_dag to 2021-01-01 00:00:00+00:00, run_after=2021-01-01 00:00:00+00:00
[2025-11-04T22:22:40.287-0300] {processor.py:183} INFO - Processing /Users/joaovitor/airflow_env/lib/python3.11/site-packages/airflow/example_dags/example_trigger_controller_dag.py took 0.173 seconds
[2025-11-04T22:24:45.470-0300] {processor.py:161} INFO - Started process (PID=31974) to work on /Users/joaovitor/airflow_env/lib/python3.11/site-packages/airflow/example_dags/example_trigger_controller_dag.py
[2025-11-04T22:24:45.471-0300] {processor.py:830} INFO - Processing file /Users/joaovitor/airflow_env/lib/python3.11/site-packages/airflow/example_dags/example_trigger_controller_dag.py for tasks to queue
[2025-11-04T22:24:45.472-0300] {logging_mixin.py:188} INFO - [2025-11-04T22:24:45.472-0300] {dagbag.py:545} INFO - Filling up the DagBag from /Users/joaovitor/airflow_env/lib/python3.11/site-packages/airflow/example_dags/example_trigger_controller_dag.py
[2025-11-04T22:24:45.490-0300] {processor.py:840} INFO - DAG(s) 'example_trigger_controller_dag' retrieved from /Users/joaovitor/airflow_env/lib/python3.11/site-packages/airflow/example_dags/example_trigger_controller_dag.py
[2025-11-04T22:24:45.606-0300] {logging_mixin.py:188} INFO - [2025-11-04T22:24:45.605-0300] {dag.py:3089} INFO - Sync 1 DAGs
[2025-11-04T22:24:45.622-0300] {logging_mixin.py:188} INFO - [2025-11-04T22:24:45.622-0300] {dag.py:3947} INFO - Setting next_dagrun for example_trigger_controller_dag to 2021-01-01 00:00:00+00:00, run_after=2021-01-01 00:00:00+00:00
[2025-11-04T22:24:45.645-0300] {processor.py:183} INFO - Processing /Users/joaovitor/airflow_env/lib/python3.11/site-packages/airflow/example_dags/example_trigger_controller_dag.py took 0.180 seconds
[2025-11-04T22:26:51.642-0300] {processor.py:161} INFO - Started process (PID=32016) to work on /Users/joaovitor/airflow_env/lib/python3.11/site-packages/airflow/example_dags/example_trigger_controller_dag.py
[2025-11-04T22:26:51.643-0300] {processor.py:830} INFO - Processing file /Users/joaovitor/airflow_env/lib/python3.11/site-packages/airflow/example_dags/example_trigger_controller_dag.py for tasks to queue
[2025-11-04T22:26:51.644-0300] {logging_mixin.py:188} INFO - [2025-11-04T22:26:51.644-0300] {dagbag.py:545} INFO - Filling up the DagBag from /Users/joaovitor/airflow_env/lib/python3.11/site-packages/airflow/example_dags/example_trigger_controller_dag.py
[2025-11-04T22:26:51.657-0300] {processor.py:840} INFO - DAG(s) 'example_trigger_controller_dag' retrieved from /Users/joaovitor/airflow_env/lib/python3.11/site-packages/airflow/example_dags/example_trigger_controller_dag.py
[2025-11-04T22:26:51.773-0300] {logging_mixin.py:188} INFO - [2025-11-04T22:26:51.773-0300] {dag.py:3089} INFO - Sync 1 DAGs
[2025-11-04T22:26:51.793-0300] {logging_mixin.py:188} INFO - [2025-11-04T22:26:51.792-0300] {dag.py:3947} INFO - Setting next_dagrun for example_trigger_controller_dag to 2021-01-01 00:00:00+00:00, run_after=2021-01-01 00:00:00+00:00
[2025-11-04T22:26:51.822-0300] {processor.py:183} INFO - Processing /Users/joaovitor/airflow_env/lib/python3.11/site-packages/airflow/example_dags/example_trigger_controller_dag.py took 0.183 seconds
[2025-11-04T22:29:01.537-0300] {processor.py:161} INFO - Started process (PID=32058) to work on /Users/joaovitor/airflow_env/lib/python3.11/site-packages/airflow/example_dags/example_trigger_controller_dag.py
[2025-11-04T22:29:01.538-0300] {processor.py:830} INFO - Processing file /Users/joaovitor/airflow_env/lib/python3.11/site-packages/airflow/example_dags/example_trigger_controller_dag.py for tasks to queue
[2025-11-04T22:29:01.539-0300] {logging_mixin.py:188} INFO - [2025-11-04T22:29:01.539-0300] {dagbag.py:545} INFO - Filling up the DagBag from /Users/joaovitor/airflow_env/lib/python3.11/site-packages/airflow/example_dags/example_trigger_controller_dag.py
[2025-11-04T22:29:01.556-0300] {processor.py:840} INFO - DAG(s) 'example_trigger_controller_dag' retrieved from /Users/joaovitor/airflow_env/lib/python3.11/site-packages/airflow/example_dags/example_trigger_controller_dag.py
[2025-11-04T22:29:01.675-0300] {logging_mixin.py:188} INFO - [2025-11-04T22:29:01.673-0300] {dag.py:3089} INFO - Sync 1 DAGs
[2025-11-04T22:29:01.696-0300] {logging_mixin.py:188} INFO - [2025-11-04T22:29:01.696-0300] {dag.py:3947} INFO - Setting next_dagrun for example_trigger_controller_dag to 2021-01-01 00:00:00+00:00, run_after=2021-01-01 00:00:00+00:00
[2025-11-04T22:29:01.721-0300] {processor.py:183} INFO - Processing /Users/joaovitor/airflow_env/lib/python3.11/site-packages/airflow/example_dags/example_trigger_controller_dag.py took 0.187 seconds
[2025-11-04T22:31:23.056-0300] {processor.py:161} INFO - Started process (PID=32153) to work on /Users/joaovitor/airflow_env/lib/python3.11/site-packages/airflow/example_dags/example_trigger_controller_dag.py
[2025-11-04T22:31:23.058-0300] {processor.py:830} INFO - Processing file /Users/joaovitor/airflow_env/lib/python3.11/site-packages/airflow/example_dags/example_trigger_controller_dag.py for tasks to queue
[2025-11-04T22:31:23.059-0300] {logging_mixin.py:188} INFO - [2025-11-04T22:31:23.059-0300] {dagbag.py:545} INFO - Filling up the DagBag from /Users/joaovitor/airflow_env/lib/python3.11/site-packages/airflow/example_dags/example_trigger_controller_dag.py
[2025-11-04T22:31:23.072-0300] {processor.py:840} INFO - DAG(s) 'example_trigger_controller_dag' retrieved from /Users/joaovitor/airflow_env/lib/python3.11/site-packages/airflow/example_dags/example_trigger_controller_dag.py
[2025-11-04T22:31:23.172-0300] {logging_mixin.py:188} INFO - [2025-11-04T22:31:23.172-0300] {dag.py:3089} INFO - Sync 1 DAGs
[2025-11-04T22:31:23.190-0300] {logging_mixin.py:188} INFO - [2025-11-04T22:31:23.189-0300] {dag.py:3947} INFO - Setting next_dagrun for example_trigger_controller_dag to 2021-01-01 00:00:00+00:00, run_after=2021-01-01 00:00:00+00:00
[2025-11-04T22:31:23.214-0300] {processor.py:183} INFO - Processing /Users/joaovitor/airflow_env/lib/python3.11/site-packages/airflow/example_dags/example_trigger_controller_dag.py took 0.161 seconds
[2025-11-04T22:34:09.110-0300] {processor.py:161} INFO - Started process (PID=32328) to work on /Users/joaovitor/airflow_env/lib/python3.11/site-packages/airflow/example_dags/example_trigger_controller_dag.py
[2025-11-04T22:34:09.112-0300] {processor.py:830} INFO - Processing file /Users/joaovitor/airflow_env/lib/python3.11/site-packages/airflow/example_dags/example_trigger_controller_dag.py for tasks to queue
[2025-11-04T22:34:09.113-0300] {logging_mixin.py:188} INFO - [2025-11-04T22:34:09.113-0300] {dagbag.py:545} INFO - Filling up the DagBag from /Users/joaovitor/airflow_env/lib/python3.11/site-packages/airflow/example_dags/example_trigger_controller_dag.py
[2025-11-04T22:34:09.129-0300] {processor.py:840} INFO - DAG(s) 'example_trigger_controller_dag' retrieved from /Users/joaovitor/airflow_env/lib/python3.11/site-packages/airflow/example_dags/example_trigger_controller_dag.py
[2025-11-04T22:34:09.248-0300] {logging_mixin.py:188} INFO - [2025-11-04T22:34:09.247-0300] {dag.py:3089} INFO - Sync 1 DAGs
[2025-11-04T22:34:09.265-0300] {logging_mixin.py:188} INFO - [2025-11-04T22:34:09.265-0300] {dag.py:3947} INFO - Setting next_dagrun for example_trigger_controller_dag to 2021-01-01 00:00:00+00:00, run_after=2021-01-01 00:00:00+00:00
[2025-11-04T22:34:09.290-0300] {processor.py:183} INFO - Processing /Users/joaovitor/airflow_env/lib/python3.11/site-packages/airflow/example_dags/example_trigger_controller_dag.py took 0.183 seconds
[2025-11-04T22:36:18.027-0300] {processor.py:161} INFO - Started process (PID=32427) to work on /Users/joaovitor/airflow_env/lib/python3.11/site-packages/airflow/example_dags/example_trigger_controller_dag.py
[2025-11-04T22:36:18.030-0300] {processor.py:830} INFO - Processing file /Users/joaovitor/airflow_env/lib/python3.11/site-packages/airflow/example_dags/example_trigger_controller_dag.py for tasks to queue
[2025-11-04T22:36:18.032-0300] {logging_mixin.py:188} INFO - [2025-11-04T22:36:18.031-0300] {dagbag.py:545} INFO - Filling up the DagBag from /Users/joaovitor/airflow_env/lib/python3.11/site-packages/airflow/example_dags/example_trigger_controller_dag.py
[2025-11-04T22:36:18.057-0300] {processor.py:840} INFO - DAG(s) 'example_trigger_controller_dag' retrieved from /Users/joaovitor/airflow_env/lib/python3.11/site-packages/airflow/example_dags/example_trigger_controller_dag.py
[2025-11-04T22:36:18.253-0300] {logging_mixin.py:188} INFO - [2025-11-04T22:36:18.253-0300] {dag.py:3089} INFO - Sync 1 DAGs
[2025-11-04T22:36:18.273-0300] {logging_mixin.py:188} INFO - [2025-11-04T22:36:18.272-0300] {dag.py:3947} INFO - Setting next_dagrun for example_trigger_controller_dag to 2021-01-01 00:00:00+00:00, run_after=2021-01-01 00:00:00+00:00
[2025-11-04T22:36:18.306-0300] {processor.py:183} INFO - Processing /Users/joaovitor/airflow_env/lib/python3.11/site-packages/airflow/example_dags/example_trigger_controller_dag.py took 0.284 seconds
[2025-11-04T22:38:43.399-0300] {processor.py:161} INFO - Started process (PID=32660) to work on /Users/joaovitor/airflow_env/lib/python3.11/site-packages/airflow/example_dags/example_trigger_controller_dag.py
[2025-11-04T22:38:43.402-0300] {processor.py:830} INFO - Processing file /Users/joaovitor/airflow_env/lib/python3.11/site-packages/airflow/example_dags/example_trigger_controller_dag.py for tasks to queue
[2025-11-04T22:38:43.403-0300] {logging_mixin.py:188} INFO - [2025-11-04T22:38:43.403-0300] {dagbag.py:545} INFO - Filling up the DagBag from /Users/joaovitor/airflow_env/lib/python3.11/site-packages/airflow/example_dags/example_trigger_controller_dag.py
[2025-11-04T22:38:43.417-0300] {processor.py:840} INFO - DAG(s) 'example_trigger_controller_dag' retrieved from /Users/joaovitor/airflow_env/lib/python3.11/site-packages/airflow/example_dags/example_trigger_controller_dag.py
[2025-11-04T22:38:43.631-0300] {logging_mixin.py:188} INFO - [2025-11-04T22:38:43.631-0300] {dag.py:3089} INFO - Sync 1 DAGs
[2025-11-04T22:38:43.651-0300] {logging_mixin.py:188} INFO - [2025-11-04T22:38:43.650-0300] {dag.py:3947} INFO - Setting next_dagrun for example_trigger_controller_dag to 2021-01-01 00:00:00+00:00, run_after=2021-01-01 00:00:00+00:00
[2025-11-04T22:38:43.675-0300] {processor.py:183} INFO - Processing /Users/joaovitor/airflow_env/lib/python3.11/site-packages/airflow/example_dags/example_trigger_controller_dag.py took 0.278 seconds
[2025-11-04T22:41:04.316-0300] {processor.py:161} INFO - Started process (PID=32706) to work on /Users/joaovitor/airflow_env/lib/python3.11/site-packages/airflow/example_dags/example_trigger_controller_dag.py
[2025-11-04T22:41:04.319-0300] {processor.py:830} INFO - Processing file /Users/joaovitor/airflow_env/lib/python3.11/site-packages/airflow/example_dags/example_trigger_controller_dag.py for tasks to queue
[2025-11-04T22:41:04.320-0300] {logging_mixin.py:188} INFO - [2025-11-04T22:41:04.320-0300] {dagbag.py:545} INFO - Filling up the DagBag from /Users/joaovitor/airflow_env/lib/python3.11/site-packages/airflow/example_dags/example_trigger_controller_dag.py
[2025-11-04T22:41:04.332-0300] {processor.py:840} INFO - DAG(s) 'example_trigger_controller_dag' retrieved from /Users/joaovitor/airflow_env/lib/python3.11/site-packages/airflow/example_dags/example_trigger_controller_dag.py
[2025-11-04T22:41:04.486-0300] {logging_mixin.py:188} INFO - [2025-11-04T22:41:04.483-0300] {dag.py:3089} INFO - Sync 1 DAGs
[2025-11-04T22:41:04.694-0300] {logging_mixin.py:188} INFO - [2025-11-04T22:41:04.694-0300] {dag.py:3947} INFO - Setting next_dagrun for example_trigger_controller_dag to 2021-01-01 00:00:00+00:00, run_after=2021-01-01 00:00:00+00:00
[2025-11-04T22:41:04.716-0300] {processor.py:183} INFO - Processing /Users/joaovitor/airflow_env/lib/python3.11/site-packages/airflow/example_dags/example_trigger_controller_dag.py took 0.402 seconds
[2025-11-04T22:43:28.328-0300] {processor.py:161} INFO - Started process (PID=32773) to work on /Users/joaovitor/airflow_env/lib/python3.11/site-packages/airflow/example_dags/example_trigger_controller_dag.py
[2025-11-04T22:43:28.331-0300] {processor.py:830} INFO - Processing file /Users/joaovitor/airflow_env/lib/python3.11/site-packages/airflow/example_dags/example_trigger_controller_dag.py for tasks to queue
[2025-11-04T22:43:28.333-0300] {logging_mixin.py:188} INFO - [2025-11-04T22:43:28.332-0300] {dagbag.py:545} INFO - Filling up the DagBag from /Users/joaovitor/airflow_env/lib/python3.11/site-packages/airflow/example_dags/example_trigger_controller_dag.py
[2025-11-04T22:43:28.348-0300] {processor.py:840} INFO - DAG(s) 'example_trigger_controller_dag' retrieved from /Users/joaovitor/airflow_env/lib/python3.11/site-packages/airflow/example_dags/example_trigger_controller_dag.py
[2025-11-04T22:43:28.468-0300] {logging_mixin.py:188} INFO - [2025-11-04T22:43:28.468-0300] {dag.py:3089} INFO - Sync 1 DAGs
[2025-11-04T22:43:28.488-0300] {logging_mixin.py:188} INFO - [2025-11-04T22:43:28.487-0300] {dag.py:3947} INFO - Setting next_dagrun for example_trigger_controller_dag to 2021-01-01 00:00:00+00:00, run_after=2021-01-01 00:00:00+00:00
[2025-11-04T22:43:28.523-0300] {processor.py:183} INFO - Processing /Users/joaovitor/airflow_env/lib/python3.11/site-packages/airflow/example_dags/example_trigger_controller_dag.py took 0.198 seconds
[2025-11-04T22:45:46.021-0300] {processor.py:161} INFO - Started process (PID=32817) to work on /Users/joaovitor/airflow_env/lib/python3.11/site-packages/airflow/example_dags/example_trigger_controller_dag.py
[2025-11-04T22:45:46.022-0300] {processor.py:830} INFO - Processing file /Users/joaovitor/airflow_env/lib/python3.11/site-packages/airflow/example_dags/example_trigger_controller_dag.py for tasks to queue
[2025-11-04T22:45:46.023-0300] {logging_mixin.py:188} INFO - [2025-11-04T22:45:46.022-0300] {dagbag.py:545} INFO - Filling up the DagBag from /Users/joaovitor/airflow_env/lib/python3.11/site-packages/airflow/example_dags/example_trigger_controller_dag.py
[2025-11-04T22:45:46.036-0300] {processor.py:840} INFO - DAG(s) 'example_trigger_controller_dag' retrieved from /Users/joaovitor/airflow_env/lib/python3.11/site-packages/airflow/example_dags/example_trigger_controller_dag.py
[2025-11-04T22:45:46.155-0300] {logging_mixin.py:188} INFO - [2025-11-04T22:45:46.154-0300] {dag.py:3089} INFO - Sync 1 DAGs
[2025-11-04T22:45:46.177-0300] {logging_mixin.py:188} INFO - [2025-11-04T22:45:46.176-0300] {dag.py:3947} INFO - Setting next_dagrun for example_trigger_controller_dag to 2021-01-01 00:00:00+00:00, run_after=2021-01-01 00:00:00+00:00
[2025-11-04T22:45:46.198-0300] {processor.py:183} INFO - Processing /Users/joaovitor/airflow_env/lib/python3.11/site-packages/airflow/example_dags/example_trigger_controller_dag.py took 0.180 seconds
[2025-11-04T22:48:01.113-0300] {processor.py:161} INFO - Started process (PID=32874) to work on /Users/joaovitor/airflow_env/lib/python3.11/site-packages/airflow/example_dags/example_trigger_controller_dag.py
[2025-11-04T22:48:01.116-0300] {processor.py:830} INFO - Processing file /Users/joaovitor/airflow_env/lib/python3.11/site-packages/airflow/example_dags/example_trigger_controller_dag.py for tasks to queue
[2025-11-04T22:48:01.117-0300] {logging_mixin.py:188} INFO - [2025-11-04T22:48:01.116-0300] {dagbag.py:545} INFO - Filling up the DagBag from /Users/joaovitor/airflow_env/lib/python3.11/site-packages/airflow/example_dags/example_trigger_controller_dag.py
[2025-11-04T22:48:01.132-0300] {processor.py:840} INFO - DAG(s) 'example_trigger_controller_dag' retrieved from /Users/joaovitor/airflow_env/lib/python3.11/site-packages/airflow/example_dags/example_trigger_controller_dag.py
[2025-11-04T22:48:01.325-0300] {logging_mixin.py:188} INFO - [2025-11-04T22:48:01.325-0300] {dag.py:3089} INFO - Sync 1 DAGs
[2025-11-04T22:48:01.345-0300] {logging_mixin.py:188} INFO - [2025-11-04T22:48:01.344-0300] {dag.py:3947} INFO - Setting next_dagrun for example_trigger_controller_dag to 2021-01-01 00:00:00+00:00, run_after=2021-01-01 00:00:00+00:00
[2025-11-04T22:48:01.366-0300] {processor.py:183} INFO - Processing /Users/joaovitor/airflow_env/lib/python3.11/site-packages/airflow/example_dags/example_trigger_controller_dag.py took 0.256 seconds
[2025-11-04T22:50:12.138-0300] {processor.py:161} INFO - Started process (PID=32942) to work on /Users/joaovitor/airflow_env/lib/python3.11/site-packages/airflow/example_dags/example_trigger_controller_dag.py
[2025-11-04T22:50:12.141-0300] {processor.py:830} INFO - Processing file /Users/joaovitor/airflow_env/lib/python3.11/site-packages/airflow/example_dags/example_trigger_controller_dag.py for tasks to queue
[2025-11-04T22:50:12.142-0300] {logging_mixin.py:188} INFO - [2025-11-04T22:50:12.142-0300] {dagbag.py:545} INFO - Filling up the DagBag from /Users/joaovitor/airflow_env/lib/python3.11/site-packages/airflow/example_dags/example_trigger_controller_dag.py
[2025-11-04T22:50:12.158-0300] {processor.py:840} INFO - DAG(s) 'example_trigger_controller_dag' retrieved from /Users/joaovitor/airflow_env/lib/python3.11/site-packages/airflow/example_dags/example_trigger_controller_dag.py
[2025-11-04T22:50:12.266-0300] {logging_mixin.py:188} INFO - [2025-11-04T22:50:12.266-0300] {dag.py:3089} INFO - Sync 1 DAGs
[2025-11-04T22:50:12.290-0300] {logging_mixin.py:188} INFO - [2025-11-04T22:50:12.290-0300] {dag.py:3947} INFO - Setting next_dagrun for example_trigger_controller_dag to 2021-01-01 00:00:00+00:00, run_after=2021-01-01 00:00:00+00:00
[2025-11-04T22:50:12.313-0300] {processor.py:183} INFO - Processing /Users/joaovitor/airflow_env/lib/python3.11/site-packages/airflow/example_dags/example_trigger_controller_dag.py took 0.180 seconds
[2025-11-04T22:52:32.343-0300] {processor.py:161} INFO - Started process (PID=32988) to work on /Users/joaovitor/airflow_env/lib/python3.11/site-packages/airflow/example_dags/example_trigger_controller_dag.py
[2025-11-04T22:52:32.345-0300] {processor.py:830} INFO - Processing file /Users/joaovitor/airflow_env/lib/python3.11/site-packages/airflow/example_dags/example_trigger_controller_dag.py for tasks to queue
[2025-11-04T22:52:32.346-0300] {logging_mixin.py:188} INFO - [2025-11-04T22:52:32.346-0300] {dagbag.py:545} INFO - Filling up the DagBag from /Users/joaovitor/airflow_env/lib/python3.11/site-packages/airflow/example_dags/example_trigger_controller_dag.py
[2025-11-04T22:52:32.365-0300] {processor.py:840} INFO - DAG(s) 'example_trigger_controller_dag' retrieved from /Users/joaovitor/airflow_env/lib/python3.11/site-packages/airflow/example_dags/example_trigger_controller_dag.py
[2025-11-04T22:52:32.477-0300] {logging_mixin.py:188} INFO - [2025-11-04T22:52:32.476-0300] {dag.py:3089} INFO - Sync 1 DAGs
[2025-11-04T22:52:32.500-0300] {logging_mixin.py:188} INFO - [2025-11-04T22:52:32.500-0300] {dag.py:3947} INFO - Setting next_dagrun for example_trigger_controller_dag to 2021-01-01 00:00:00+00:00, run_after=2021-01-01 00:00:00+00:00
[2025-11-04T22:52:32.522-0300] {processor.py:183} INFO - Processing /Users/joaovitor/airflow_env/lib/python3.11/site-packages/airflow/example_dags/example_trigger_controller_dag.py took 0.182 seconds
[2025-11-04T22:54:54.250-0300] {processor.py:161} INFO - Started process (PID=33042) to work on /Users/joaovitor/airflow_env/lib/python3.11/site-packages/airflow/example_dags/example_trigger_controller_dag.py
[2025-11-04T22:54:54.252-0300] {processor.py:830} INFO - Processing file /Users/joaovitor/airflow_env/lib/python3.11/site-packages/airflow/example_dags/example_trigger_controller_dag.py for tasks to queue
[2025-11-04T22:54:54.254-0300] {logging_mixin.py:188} INFO - [2025-11-04T22:54:54.253-0300] {dagbag.py:545} INFO - Filling up the DagBag from /Users/joaovitor/airflow_env/lib/python3.11/site-packages/airflow/example_dags/example_trigger_controller_dag.py
[2025-11-04T22:54:54.272-0300] {processor.py:840} INFO - DAG(s) 'example_trigger_controller_dag' retrieved from /Users/joaovitor/airflow_env/lib/python3.11/site-packages/airflow/example_dags/example_trigger_controller_dag.py
[2025-11-04T22:54:54.388-0300] {logging_mixin.py:188} INFO - [2025-11-04T22:54:54.387-0300] {dag.py:3089} INFO - Sync 1 DAGs
[2025-11-04T22:54:54.409-0300] {logging_mixin.py:188} INFO - [2025-11-04T22:54:54.409-0300] {dag.py:3947} INFO - Setting next_dagrun for example_trigger_controller_dag to 2021-01-01 00:00:00+00:00, run_after=2021-01-01 00:00:00+00:00
[2025-11-04T22:54:54.433-0300] {processor.py:183} INFO - Processing /Users/joaovitor/airflow_env/lib/python3.11/site-packages/airflow/example_dags/example_trigger_controller_dag.py took 0.189 seconds
[2025-11-04T22:57:05.599-0300] {processor.py:161} INFO - Started process (PID=33085) to work on /Users/joaovitor/airflow_env/lib/python3.11/site-packages/airflow/example_dags/example_trigger_controller_dag.py
[2025-11-04T22:57:05.600-0300] {processor.py:830} INFO - Processing file /Users/joaovitor/airflow_env/lib/python3.11/site-packages/airflow/example_dags/example_trigger_controller_dag.py for tasks to queue
[2025-11-04T22:57:05.600-0300] {logging_mixin.py:188} INFO - [2025-11-04T22:57:05.600-0300] {dagbag.py:545} INFO - Filling up the DagBag from /Users/joaovitor/airflow_env/lib/python3.11/site-packages/airflow/example_dags/example_trigger_controller_dag.py
[2025-11-04T22:57:05.612-0300] {processor.py:840} INFO - DAG(s) 'example_trigger_controller_dag' retrieved from /Users/joaovitor/airflow_env/lib/python3.11/site-packages/airflow/example_dags/example_trigger_controller_dag.py
[2025-11-04T22:57:05.726-0300] {logging_mixin.py:188} INFO - [2025-11-04T22:57:05.725-0300] {dag.py:3089} INFO - Sync 1 DAGs
[2025-11-04T22:57:05.746-0300] {logging_mixin.py:188} INFO - [2025-11-04T22:57:05.746-0300] {dag.py:3947} INFO - Setting next_dagrun for example_trigger_controller_dag to 2021-01-01 00:00:00+00:00, run_after=2021-01-01 00:00:00+00:00
[2025-11-04T22:57:05.776-0300] {processor.py:183} INFO - Processing /Users/joaovitor/airflow_env/lib/python3.11/site-packages/airflow/example_dags/example_trigger_controller_dag.py took 0.180 seconds
[2025-11-04T22:59:23.760-0300] {processor.py:161} INFO - Started process (PID=33129) to work on /Users/joaovitor/airflow_env/lib/python3.11/site-packages/airflow/example_dags/example_trigger_controller_dag.py
[2025-11-04T22:59:23.761-0300] {processor.py:830} INFO - Processing file /Users/joaovitor/airflow_env/lib/python3.11/site-packages/airflow/example_dags/example_trigger_controller_dag.py for tasks to queue
[2025-11-04T22:59:23.763-0300] {logging_mixin.py:188} INFO - [2025-11-04T22:59:23.762-0300] {dagbag.py:545} INFO - Filling up the DagBag from /Users/joaovitor/airflow_env/lib/python3.11/site-packages/airflow/example_dags/example_trigger_controller_dag.py
[2025-11-04T22:59:23.781-0300] {processor.py:840} INFO - DAG(s) 'example_trigger_controller_dag' retrieved from /Users/joaovitor/airflow_env/lib/python3.11/site-packages/airflow/example_dags/example_trigger_controller_dag.py
[2025-11-04T22:59:24.073-0300] {logging_mixin.py:188} INFO - [2025-11-04T22:59:24.073-0300] {dag.py:3089} INFO - Sync 1 DAGs
[2025-11-04T22:59:24.105-0300] {logging_mixin.py:188} INFO - [2025-11-04T22:59:24.105-0300] {dag.py:3947} INFO - Setting next_dagrun for example_trigger_controller_dag to 2021-01-01 00:00:00+00:00, run_after=2021-01-01 00:00:00+00:00
[2025-11-04T22:59:24.137-0300] {processor.py:183} INFO - Processing /Users/joaovitor/airflow_env/lib/python3.11/site-packages/airflow/example_dags/example_trigger_controller_dag.py took 0.382 seconds
[2025-11-04T23:01:45.129-0300] {processor.py:161} INFO - Started process (PID=33176) to work on /Users/joaovitor/airflow_env/lib/python3.11/site-packages/airflow/example_dags/example_trigger_controller_dag.py
[2025-11-04T23:01:45.131-0300] {processor.py:830} INFO - Processing file /Users/joaovitor/airflow_env/lib/python3.11/site-packages/airflow/example_dags/example_trigger_controller_dag.py for tasks to queue
[2025-11-04T23:01:45.132-0300] {logging_mixin.py:188} INFO - [2025-11-04T23:01:45.132-0300] {dagbag.py:545} INFO - Filling up the DagBag from /Users/joaovitor/airflow_env/lib/python3.11/site-packages/airflow/example_dags/example_trigger_controller_dag.py
[2025-11-04T23:01:45.144-0300] {processor.py:840} INFO - DAG(s) 'example_trigger_controller_dag' retrieved from /Users/joaovitor/airflow_env/lib/python3.11/site-packages/airflow/example_dags/example_trigger_controller_dag.py
[2025-11-04T23:01:45.259-0300] {logging_mixin.py:188} INFO - [2025-11-04T23:01:45.259-0300] {dag.py:3089} INFO - Sync 1 DAGs
[2025-11-04T23:01:45.277-0300] {logging_mixin.py:188} INFO - [2025-11-04T23:01:45.277-0300] {dag.py:3947} INFO - Setting next_dagrun for example_trigger_controller_dag to 2021-01-01 00:00:00+00:00, run_after=2021-01-01 00:00:00+00:00
[2025-11-04T23:01:45.301-0300] {processor.py:183} INFO - Processing /Users/joaovitor/airflow_env/lib/python3.11/site-packages/airflow/example_dags/example_trigger_controller_dag.py took 0.175 seconds
[2025-11-04T23:04:05.819-0300] {processor.py:161} INFO - Started process (PID=33247) to work on /Users/joaovitor/airflow_env/lib/python3.11/site-packages/airflow/example_dags/example_trigger_controller_dag.py
[2025-11-04T23:04:05.821-0300] {processor.py:830} INFO - Processing file /Users/joaovitor/airflow_env/lib/python3.11/site-packages/airflow/example_dags/example_trigger_controller_dag.py for tasks to queue
[2025-11-04T23:04:05.822-0300] {logging_mixin.py:188} INFO - [2025-11-04T23:04:05.822-0300] {dagbag.py:545} INFO - Filling up the DagBag from /Users/joaovitor/airflow_env/lib/python3.11/site-packages/airflow/example_dags/example_trigger_controller_dag.py
[2025-11-04T23:04:05.836-0300] {processor.py:840} INFO - DAG(s) 'example_trigger_controller_dag' retrieved from /Users/joaovitor/airflow_env/lib/python3.11/site-packages/airflow/example_dags/example_trigger_controller_dag.py
[2025-11-04T23:04:05.934-0300] {logging_mixin.py:188} INFO - [2025-11-04T23:04:05.933-0300] {dag.py:3089} INFO - Sync 1 DAGs
[2025-11-04T23:04:05.953-0300] {logging_mixin.py:188} INFO - [2025-11-04T23:04:05.953-0300] {dag.py:3947} INFO - Setting next_dagrun for example_trigger_controller_dag to 2021-01-01 00:00:00+00:00, run_after=2021-01-01 00:00:00+00:00
[2025-11-04T23:04:05.973-0300] {processor.py:183} INFO - Processing /Users/joaovitor/airflow_env/lib/python3.11/site-packages/airflow/example_dags/example_trigger_controller_dag.py took 0.156 seconds
