[2025-11-04T21:48:02.627-0300] {processor.py:161} INFO - Started process (PID=31115) to work on /Users/joaovitor/airflow_env/lib/python3.11/site-packages/airflow/example_dags/example_branch_operator_decorator.py
[2025-11-04T21:48:02.628-0300] {processor.py:830} INFO - Processing file /Users/joaovitor/airflow_env/lib/python3.11/site-packages/airflow/example_dags/example_branch_operator_decorator.py for tasks to queue
[2025-11-04T21:48:02.629-0300] {logging_mixin.py:188} INFO - [2025-11-04T21:48:02.629-0300] {dagbag.py:545} INFO - Filling up the DagBag from /Users/joaovitor/airflow_env/lib/python3.11/site-packages/airflow/example_dags/example_branch_operator_decorator.py
[2025-11-04T21:48:02.650-0300] {processor.py:842} WARNING - No viable dags retrieved from /Users/joaovitor/airflow_env/lib/python3.11/site-packages/airflow/example_dags/example_branch_operator_decorator.py
[2025-11-04T21:48:02.792-0300] {processor.py:183} INFO - Processing /Users/joaovitor/airflow_env/lib/python3.11/site-packages/airflow/example_dags/example_branch_operator_decorator.py took 0.168 seconds
[2025-11-04T21:52:33.388-0300] {processor.py:161} INFO - Started process (PID=31246) to work on /Users/joaovitor/airflow_env/lib/python3.11/site-packages/airflow/example_dags/example_branch_operator_decorator.py
[2025-11-04T21:52:33.390-0300] {processor.py:830} INFO - Processing file /Users/joaovitor/airflow_env/lib/python3.11/site-packages/airflow/example_dags/example_branch_operator_decorator.py for tasks to queue
[2025-11-04T21:52:33.391-0300] {logging_mixin.py:188} INFO - [2025-11-04T21:52:33.391-0300] {dagbag.py:545} INFO - Filling up the DagBag from /Users/joaovitor/airflow_env/lib/python3.11/site-packages/airflow/example_dags/example_branch_operator_decorator.py
[2025-11-04T21:52:33.411-0300] {processor.py:842} WARNING - No viable dags retrieved from /Users/joaovitor/airflow_env/lib/python3.11/site-packages/airflow/example_dags/example_branch_operator_decorator.py
[2025-11-04T21:52:33.499-0300] {processor.py:183} INFO - Processing /Users/joaovitor/airflow_env/lib/python3.11/site-packages/airflow/example_dags/example_branch_operator_decorator.py took 0.114 seconds
[2025-11-04T21:56:17.074-0300] {processor.py:161} INFO - Started process (PID=31329) to work on /Users/joaovitor/airflow_env/lib/python3.11/site-packages/airflow/example_dags/example_branch_operator_decorator.py
[2025-11-04T21:56:17.075-0300] {processor.py:830} INFO - Processing file /Users/joaovitor/airflow_env/lib/python3.11/site-packages/airflow/example_dags/example_branch_operator_decorator.py for tasks to queue
[2025-11-04T21:56:17.076-0300] {logging_mixin.py:188} INFO - [2025-11-04T21:56:17.075-0300] {dagbag.py:545} INFO - Filling up the DagBag from /Users/joaovitor/airflow_env/lib/python3.11/site-packages/airflow/example_dags/example_branch_operator_decorator.py
[2025-11-04T21:56:17.098-0300] {processor.py:842} WARNING - No viable dags retrieved from /Users/joaovitor/airflow_env/lib/python3.11/site-packages/airflow/example_dags/example_branch_operator_decorator.py
[2025-11-04T21:56:17.189-0300] {processor.py:183} INFO - Processing /Users/joaovitor/airflow_env/lib/python3.11/site-packages/airflow/example_dags/example_branch_operator_decorator.py took 0.118 seconds
[2025-11-04T22:00:02.237-0300] {processor.py:161} INFO - Started process (PID=31408) to work on /Users/joaovitor/airflow_env/lib/python3.11/site-packages/airflow/example_dags/example_branch_operator_decorator.py
[2025-11-04T22:00:02.238-0300] {processor.py:830} INFO - Processing file /Users/joaovitor/airflow_env/lib/python3.11/site-packages/airflow/example_dags/example_branch_operator_decorator.py for tasks to queue
[2025-11-04T22:00:02.238-0300] {logging_mixin.py:188} INFO - [2025-11-04T22:00:02.238-0300] {dagbag.py:545} INFO - Filling up the DagBag from /Users/joaovitor/airflow_env/lib/python3.11/site-packages/airflow/example_dags/example_branch_operator_decorator.py
[2025-11-04T22:00:02.260-0300] {processor.py:842} WARNING - No viable dags retrieved from /Users/joaovitor/airflow_env/lib/python3.11/site-packages/airflow/example_dags/example_branch_operator_decorator.py
[2025-11-04T22:00:02.349-0300] {processor.py:183} INFO - Processing /Users/joaovitor/airflow_env/lib/python3.11/site-packages/airflow/example_dags/example_branch_operator_decorator.py took 0.115 seconds
[2025-11-04T22:07:34.706-0300] {processor.py:161} INFO - Started process (PID=31525) to work on /Users/joaovitor/airflow_env/lib/python3.11/site-packages/airflow/example_dags/example_branch_operator_decorator.py
[2025-11-04T22:07:34.707-0300] {processor.py:830} INFO - Processing file /Users/joaovitor/airflow_env/lib/python3.11/site-packages/airflow/example_dags/example_branch_operator_decorator.py for tasks to queue
[2025-11-04T22:07:34.708-0300] {logging_mixin.py:188} INFO - [2025-11-04T22:07:34.708-0300] {dagbag.py:545} INFO - Filling up the DagBag from /Users/joaovitor/airflow_env/lib/python3.11/site-packages/airflow/example_dags/example_branch_operator_decorator.py
[2025-11-04T22:07:34.729-0300] {processor.py:842} WARNING - No viable dags retrieved from /Users/joaovitor/airflow_env/lib/python3.11/site-packages/airflow/example_dags/example_branch_operator_decorator.py
[2025-11-04T22:07:34.811-0300] {processor.py:183} INFO - Processing /Users/joaovitor/airflow_env/lib/python3.11/site-packages/airflow/example_dags/example_branch_operator_decorator.py took 0.108 seconds
[2025-11-04T22:11:22.160-0300] {processor.py:161} INFO - Started process (PID=31617) to work on /Users/joaovitor/airflow_env/lib/python3.11/site-packages/airflow/example_dags/example_branch_operator_decorator.py
[2025-11-04T22:11:22.161-0300] {processor.py:830} INFO - Processing file /Users/joaovitor/airflow_env/lib/python3.11/site-packages/airflow/example_dags/example_branch_operator_decorator.py for tasks to queue
[2025-11-04T22:11:22.162-0300] {logging_mixin.py:188} INFO - [2025-11-04T22:11:22.162-0300] {dagbag.py:545} INFO - Filling up the DagBag from /Users/joaovitor/airflow_env/lib/python3.11/site-packages/airflow/example_dags/example_branch_operator_decorator.py
[2025-11-04T22:11:22.183-0300] {processor.py:842} WARNING - No viable dags retrieved from /Users/joaovitor/airflow_env/lib/python3.11/site-packages/airflow/example_dags/example_branch_operator_decorator.py
[2025-11-04T22:11:22.272-0300] {processor.py:183} INFO - Processing /Users/joaovitor/airflow_env/lib/python3.11/site-packages/airflow/example_dags/example_branch_operator_decorator.py took 0.115 seconds
[2025-11-04T22:15:37.682-0300] {processor.py:161} INFO - Started process (PID=31725) to work on /Users/joaovitor/airflow_env/lib/python3.11/site-packages/airflow/example_dags/example_branch_operator_decorator.py
[2025-11-04T22:15:37.683-0300] {processor.py:830} INFO - Processing file /Users/joaovitor/airflow_env/lib/python3.11/site-packages/airflow/example_dags/example_branch_operator_decorator.py for tasks to queue
[2025-11-04T22:15:37.683-0300] {logging_mixin.py:188} INFO - [2025-11-04T22:15:37.683-0300] {dagbag.py:545} INFO - Filling up the DagBag from /Users/joaovitor/airflow_env/lib/python3.11/site-packages/airflow/example_dags/example_branch_operator_decorator.py
[2025-11-04T22:15:37.707-0300] {processor.py:842} WARNING - No viable dags retrieved from /Users/joaovitor/airflow_env/lib/python3.11/site-packages/airflow/example_dags/example_branch_operator_decorator.py
[2025-11-04T22:15:37.799-0300] {processor.py:183} INFO - Processing /Users/joaovitor/airflow_env/lib/python3.11/site-packages/airflow/example_dags/example_branch_operator_decorator.py took 0.120 seconds
[2025-11-04T22:19:33.198-0300] {processor.py:161} INFO - Started process (PID=31814) to work on /Users/joaovitor/airflow_env/lib/python3.11/site-packages/airflow/example_dags/example_branch_operator_decorator.py
[2025-11-04T22:19:33.200-0300] {processor.py:830} INFO - Processing file /Users/joaovitor/airflow_env/lib/python3.11/site-packages/airflow/example_dags/example_branch_operator_decorator.py for tasks to queue
[2025-11-04T22:19:33.201-0300] {logging_mixin.py:188} INFO - [2025-11-04T22:19:33.201-0300] {dagbag.py:545} INFO - Filling up the DagBag from /Users/joaovitor/airflow_env/lib/python3.11/site-packages/airflow/example_dags/example_branch_operator_decorator.py
[2025-11-04T22:19:33.223-0300] {processor.py:842} WARNING - No viable dags retrieved from /Users/joaovitor/airflow_env/lib/python3.11/site-packages/airflow/example_dags/example_branch_operator_decorator.py
[2025-11-04T22:19:33.304-0300] {processor.py:183} INFO - Processing /Users/joaovitor/airflow_env/lib/python3.11/site-packages/airflow/example_dags/example_branch_operator_decorator.py took 0.108 seconds
[2025-11-04T22:23:43.409-0300] {processor.py:161} INFO - Started process (PID=31954) to work on /Users/joaovitor/airflow_env/lib/python3.11/site-packages/airflow/example_dags/example_branch_operator_decorator.py
[2025-11-04T22:23:43.411-0300] {processor.py:830} INFO - Processing file /Users/joaovitor/airflow_env/lib/python3.11/site-packages/airflow/example_dags/example_branch_operator_decorator.py for tasks to queue
[2025-11-04T22:23:43.413-0300] {logging_mixin.py:188} INFO - [2025-11-04T22:23:43.412-0300] {dagbag.py:545} INFO - Filling up the DagBag from /Users/joaovitor/airflow_env/lib/python3.11/site-packages/airflow/example_dags/example_branch_operator_decorator.py
[2025-11-04T22:23:43.439-0300] {processor.py:842} WARNING - No viable dags retrieved from /Users/joaovitor/airflow_env/lib/python3.11/site-packages/airflow/example_dags/example_branch_operator_decorator.py
[2025-11-04T22:23:43.531-0300] {processor.py:183} INFO - Processing /Users/joaovitor/airflow_env/lib/python3.11/site-packages/airflow/example_dags/example_branch_operator_decorator.py took 0.125 seconds
[2025-11-04T22:28:00.109-0300] {processor.py:161} INFO - Started process (PID=32038) to work on /Users/joaovitor/airflow_env/lib/python3.11/site-packages/airflow/example_dags/example_branch_operator_decorator.py
[2025-11-04T22:28:00.110-0300] {processor.py:830} INFO - Processing file /Users/joaovitor/airflow_env/lib/python3.11/site-packages/airflow/example_dags/example_branch_operator_decorator.py for tasks to queue
[2025-11-04T22:28:00.111-0300] {logging_mixin.py:188} INFO - [2025-11-04T22:28:00.111-0300] {dagbag.py:545} INFO - Filling up the DagBag from /Users/joaovitor/airflow_env/lib/python3.11/site-packages/airflow/example_dags/example_branch_operator_decorator.py
[2025-11-04T22:28:00.132-0300] {processor.py:842} WARNING - No viable dags retrieved from /Users/joaovitor/airflow_env/lib/python3.11/site-packages/airflow/example_dags/example_branch_operator_decorator.py
[2025-11-04T22:28:00.230-0300] {processor.py:183} INFO - Processing /Users/joaovitor/airflow_env/lib/python3.11/site-packages/airflow/example_dags/example_branch_operator_decorator.py took 0.123 seconds
[2025-11-04T22:32:53.960-0300] {processor.py:161} INFO - Started process (PID=32226) to work on /Users/joaovitor/airflow_env/lib/python3.11/site-packages/airflow/example_dags/example_branch_operator_decorator.py
[2025-11-04T22:32:53.962-0300] {processor.py:830} INFO - Processing file /Users/joaovitor/airflow_env/lib/python3.11/site-packages/airflow/example_dags/example_branch_operator_decorator.py for tasks to queue
[2025-11-04T22:32:53.963-0300] {logging_mixin.py:188} INFO - [2025-11-04T22:32:53.963-0300] {dagbag.py:545} INFO - Filling up the DagBag from /Users/joaovitor/airflow_env/lib/python3.11/site-packages/airflow/example_dags/example_branch_operator_decorator.py
[2025-11-04T22:32:53.987-0300] {processor.py:842} WARNING - No viable dags retrieved from /Users/joaovitor/airflow_env/lib/python3.11/site-packages/airflow/example_dags/example_branch_operator_decorator.py
[2025-11-04T22:32:54.077-0300] {processor.py:183} INFO - Processing /Users/joaovitor/airflow_env/lib/python3.11/site-packages/airflow/example_dags/example_branch_operator_decorator.py took 0.121 seconds
[2025-11-04T22:37:30.660-0300] {processor.py:161} INFO - Started process (PID=32626) to work on /Users/joaovitor/airflow_env/lib/python3.11/site-packages/airflow/example_dags/example_branch_operator_decorator.py
[2025-11-04T22:37:30.663-0300] {processor.py:830} INFO - Processing file /Users/joaovitor/airflow_env/lib/python3.11/site-packages/airflow/example_dags/example_branch_operator_decorator.py for tasks to queue
[2025-11-04T22:37:30.664-0300] {logging_mixin.py:188} INFO - [2025-11-04T22:37:30.664-0300] {dagbag.py:545} INFO - Filling up the DagBag from /Users/joaovitor/airflow_env/lib/python3.11/site-packages/airflow/example_dags/example_branch_operator_decorator.py
[2025-11-04T22:37:30.707-0300] {processor.py:842} WARNING - No viable dags retrieved from /Users/joaovitor/airflow_env/lib/python3.11/site-packages/airflow/example_dags/example_branch_operator_decorator.py
[2025-11-04T22:37:30.896-0300] {processor.py:183} INFO - Processing /Users/joaovitor/airflow_env/lib/python3.11/site-packages/airflow/example_dags/example_branch_operator_decorator.py took 0.239 seconds
[2025-11-04T22:42:27.223-0300] {processor.py:161} INFO - Started process (PID=32743) to work on /Users/joaovitor/airflow_env/lib/python3.11/site-packages/airflow/example_dags/example_branch_operator_decorator.py
[2025-11-04T22:42:27.226-0300] {processor.py:830} INFO - Processing file /Users/joaovitor/airflow_env/lib/python3.11/site-packages/airflow/example_dags/example_branch_operator_decorator.py for tasks to queue
[2025-11-04T22:42:27.227-0300] {logging_mixin.py:188} INFO - [2025-11-04T22:42:27.226-0300] {dagbag.py:545} INFO - Filling up the DagBag from /Users/joaovitor/airflow_env/lib/python3.11/site-packages/airflow/example_dags/example_branch_operator_decorator.py
[2025-11-04T22:42:27.254-0300] {processor.py:842} WARNING - No viable dags retrieved from /Users/joaovitor/airflow_env/lib/python3.11/site-packages/airflow/example_dags/example_branch_operator_decorator.py
[2025-11-04T22:42:27.353-0300] {processor.py:183} INFO - Processing /Users/joaovitor/airflow_env/lib/python3.11/site-packages/airflow/example_dags/example_branch_operator_decorator.py took 0.132 seconds
[2025-11-04T22:46:56.394-0300] {processor.py:161} INFO - Started process (PID=32847) to work on /Users/joaovitor/airflow_env/lib/python3.11/site-packages/airflow/example_dags/example_branch_operator_decorator.py
[2025-11-04T22:46:56.395-0300] {processor.py:830} INFO - Processing file /Users/joaovitor/airflow_env/lib/python3.11/site-packages/airflow/example_dags/example_branch_operator_decorator.py for tasks to queue
[2025-11-04T22:46:56.396-0300] {logging_mixin.py:188} INFO - [2025-11-04T22:46:56.396-0300] {dagbag.py:545} INFO - Filling up the DagBag from /Users/joaovitor/airflow_env/lib/python3.11/site-packages/airflow/example_dags/example_branch_operator_decorator.py
[2025-11-04T22:46:56.420-0300] {processor.py:842} WARNING - No viable dags retrieved from /Users/joaovitor/airflow_env/lib/python3.11/site-packages/airflow/example_dags/example_branch_operator_decorator.py
[2025-11-04T22:46:56.513-0300] {processor.py:183} INFO - Processing /Users/joaovitor/airflow_env/lib/python3.11/site-packages/airflow/example_dags/example_branch_operator_decorator.py took 0.121 seconds
[2025-11-04T22:51:20.264-0300] {processor.py:161} INFO - Started process (PID=32965) to work on /Users/joaovitor/airflow_env/lib/python3.11/site-packages/airflow/example_dags/example_branch_operator_decorator.py
[2025-11-04T22:51:20.266-0300] {processor.py:830} INFO - Processing file /Users/joaovitor/airflow_env/lib/python3.11/site-packages/airflow/example_dags/example_branch_operator_decorator.py for tasks to queue
[2025-11-04T22:51:20.267-0300] {logging_mixin.py:188} INFO - [2025-11-04T22:51:20.266-0300] {dagbag.py:545} INFO - Filling up the DagBag from /Users/joaovitor/airflow_env/lib/python3.11/site-packages/airflow/example_dags/example_branch_operator_decorator.py
[2025-11-04T22:51:20.293-0300] {processor.py:842} WARNING - No viable dags retrieved from /Users/joaovitor/airflow_env/lib/python3.11/site-packages/airflow/example_dags/example_branch_operator_decorator.py
[2025-11-04T22:51:20.383-0300] {processor.py:183} INFO - Processing /Users/joaovitor/airflow_env/lib/python3.11/site-packages/airflow/example_dags/example_branch_operator_decorator.py took 0.122 seconds
[2025-11-04T22:56:02.533-0300] {processor.py:161} INFO - Started process (PID=33064) to work on /Users/joaovitor/airflow_env/lib/python3.11/site-packages/airflow/example_dags/example_branch_operator_decorator.py
[2025-11-04T22:56:02.535-0300] {processor.py:830} INFO - Processing file /Users/joaovitor/airflow_env/lib/python3.11/site-packages/airflow/example_dags/example_branch_operator_decorator.py for tasks to queue
[2025-11-04T22:56:02.538-0300] {logging_mixin.py:188} INFO - [2025-11-04T22:56:02.537-0300] {dagbag.py:545} INFO - Filling up the DagBag from /Users/joaovitor/airflow_env/lib/python3.11/site-packages/airflow/example_dags/example_branch_operator_decorator.py
[2025-11-04T22:56:02.564-0300] {processor.py:842} WARNING - No viable dags retrieved from /Users/joaovitor/airflow_env/lib/python3.11/site-packages/airflow/example_dags/example_branch_operator_decorator.py
[2025-11-04T22:56:02.657-0300] {processor.py:183} INFO - Processing /Users/joaovitor/airflow_env/lib/python3.11/site-packages/airflow/example_dags/example_branch_operator_decorator.py took 0.127 seconds
[2025-11-04T23:00:35.626-0300] {processor.py:161} INFO - Started process (PID=33154) to work on /Users/joaovitor/airflow_env/lib/python3.11/site-packages/airflow/example_dags/example_branch_operator_decorator.py
[2025-11-04T23:00:35.628-0300] {processor.py:830} INFO - Processing file /Users/joaovitor/airflow_env/lib/python3.11/site-packages/airflow/example_dags/example_branch_operator_decorator.py for tasks to queue
[2025-11-04T23:00:35.629-0300] {logging_mixin.py:188} INFO - [2025-11-04T23:00:35.629-0300] {dagbag.py:545} INFO - Filling up the DagBag from /Users/joaovitor/airflow_env/lib/python3.11/site-packages/airflow/example_dags/example_branch_operator_decorator.py
[2025-11-04T23:00:35.655-0300] {processor.py:842} WARNING - No viable dags retrieved from /Users/joaovitor/airflow_env/lib/python3.11/site-packages/airflow/example_dags/example_branch_operator_decorator.py
[2025-11-04T23:00:35.753-0300] {processor.py:183} INFO - Processing /Users/joaovitor/airflow_env/lib/python3.11/site-packages/airflow/example_dags/example_branch_operator_decorator.py took 0.130 seconds
[2025-11-04T23:05:16.277-0300] {processor.py:161} INFO - Started process (PID=33276) to work on /Users/joaovitor/airflow_env/lib/python3.11/site-packages/airflow/example_dags/example_branch_operator_decorator.py
[2025-11-04T23:05:16.279-0300] {processor.py:830} INFO - Processing file /Users/joaovitor/airflow_env/lib/python3.11/site-packages/airflow/example_dags/example_branch_operator_decorator.py for tasks to queue
[2025-11-04T23:05:16.280-0300] {logging_mixin.py:188} INFO - [2025-11-04T23:05:16.280-0300] {dagbag.py:545} INFO - Filling up the DagBag from /Users/joaovitor/airflow_env/lib/python3.11/site-packages/airflow/example_dags/example_branch_operator_decorator.py
[2025-11-04T23:05:16.302-0300] {processor.py:842} WARNING - No viable dags retrieved from /Users/joaovitor/airflow_env/lib/python3.11/site-packages/airflow/example_dags/example_branch_operator_decorator.py
[2025-11-04T23:05:16.386-0300] {processor.py:183} INFO - Processing /Users/joaovitor/airflow_env/lib/python3.11/site-packages/airflow/example_dags/example_branch_operator_decorator.py took 0.112 seconds
