[2025-11-04T21:46:03.403-0300] {processor.py:161} INFO - Started process (PID=31060) to work on /Users/joaovitor/airflow_env/lib/python3.11/site-packages/airflow/example_dags/example_xcomargs.py
[2025-11-04T21:46:03.404-0300] {processor.py:830} INFO - Processing file /Users/joaovitor/airflow_env/lib/python3.11/site-packages/airflow/example_dags/example_xcomargs.py for tasks to queue
[2025-11-04T21:46:03.404-0300] {logging_mixin.py:188} INFO - [2025-11-04T21:46:03.404-0300] {dagbag.py:545} INFO - Filling up the DagBag from /Users/joaovitor/airflow_env/lib/python3.11/site-packages/airflow/example_dags/example_xcomargs.py
[2025-11-04T21:46:03.448-0300] {processor.py:840} INFO - DAG(s) 'example_xcom_args', 'example_xcom_args_with_operators' retrieved from /Users/joaovitor/airflow_env/lib/python3.11/site-packages/airflow/example_dags/example_xcomargs.py
[2025-11-04T21:46:03.677-0300] {logging_mixin.py:188} INFO - [2025-11-04T21:46:03.675-0300] {override.py:1858} INFO - Created Permission View: can delete on DAG:example_xcom_args
[2025-11-04T21:46:03.698-0300] {logging_mixin.py:188} INFO - [2025-11-04T21:46:03.698-0300] {override.py:1858} INFO - Created Permission View: can read on DAG:example_xcom_args
[2025-11-04T21:46:03.723-0300] {logging_mixin.py:188} INFO - [2025-11-04T21:46:03.723-0300] {override.py:1858} INFO - Created Permission View: can edit on DAG:example_xcom_args
[2025-11-04T21:46:03.742-0300] {logging_mixin.py:188} INFO - [2025-11-04T21:46:03.741-0300] {override.py:1858} INFO - Created Permission View: can delete on DAG:example_xcom_args_with_operators
[2025-11-04T21:46:03.751-0300] {logging_mixin.py:188} INFO - [2025-11-04T21:46:03.750-0300] {override.py:1858} INFO - Created Permission View: can read on DAG:example_xcom_args_with_operators
[2025-11-04T21:46:03.758-0300] {logging_mixin.py:188} INFO - [2025-11-04T21:46:03.757-0300] {override.py:1858} INFO - Created Permission View: can edit on DAG:example_xcom_args_with_operators
[2025-11-04T21:46:03.758-0300] {logging_mixin.py:188} INFO - [2025-11-04T21:46:03.758-0300] {dag.py:3089} INFO - Sync 2 DAGs
[2025-11-04T21:46:03.836-0300] {logging_mixin.py:188} INFO - [2025-11-04T21:46:03.836-0300] {dag.py:3111} INFO - Creating ORM DAG for example_xcom_args
[2025-11-04T21:46:03.837-0300] {logging_mixin.py:188} INFO - [2025-11-04T21:46:03.837-0300] {dag.py:3111} INFO - Creating ORM DAG for example_xcom_args_with_operators
[2025-11-04T21:46:03.837-0300] {logging_mixin.py:188} INFO - [2025-11-04T21:46:03.837-0300] {dag.py:3947} INFO - Setting next_dagrun for example_xcom_args to None, run_after=None
[2025-11-04T21:46:03.838-0300] {logging_mixin.py:188} INFO - [2025-11-04T21:46:03.838-0300] {dag.py:3947} INFO - Setting next_dagrun for example_xcom_args_with_operators to None, run_after=None
[2025-11-04T21:46:03.859-0300] {processor.py:183} INFO - Processing /Users/joaovitor/airflow_env/lib/python3.11/site-packages/airflow/example_dags/example_xcomargs.py took 0.459 seconds
[2025-11-04T21:49:04.082-0300] {processor.py:161} INFO - Started process (PID=31152) to work on /Users/joaovitor/airflow_env/lib/python3.11/site-packages/airflow/example_dags/example_xcomargs.py
[2025-11-04T21:49:04.084-0300] {processor.py:830} INFO - Processing file /Users/joaovitor/airflow_env/lib/python3.11/site-packages/airflow/example_dags/example_xcomargs.py for tasks to queue
[2025-11-04T21:49:04.086-0300] {logging_mixin.py:188} INFO - [2025-11-04T21:49:04.085-0300] {dagbag.py:545} INFO - Filling up the DagBag from /Users/joaovitor/airflow_env/lib/python3.11/site-packages/airflow/example_dags/example_xcomargs.py
[2025-11-04T21:49:04.134-0300] {processor.py:840} INFO - DAG(s) 'example_xcom_args_with_operators', 'example_xcom_args' retrieved from /Users/joaovitor/airflow_env/lib/python3.11/site-packages/airflow/example_dags/example_xcomargs.py
[2025-11-04T21:49:04.254-0300] {logging_mixin.py:188} INFO - [2025-11-04T21:49:04.254-0300] {dag.py:3089} INFO - Sync 2 DAGs
[2025-11-04T21:49:04.266-0300] {logging_mixin.py:188} INFO - [2025-11-04T21:49:04.266-0300] {dag.py:3947} INFO - Setting next_dagrun for example_xcom_args to None, run_after=None
[2025-11-04T21:49:04.269-0300] {logging_mixin.py:188} INFO - [2025-11-04T21:49:04.269-0300] {dag.py:3947} INFO - Setting next_dagrun for example_xcom_args_with_operators to None, run_after=None
[2025-11-04T21:49:04.290-0300] {processor.py:183} INFO - Processing /Users/joaovitor/airflow_env/lib/python3.11/site-packages/airflow/example_dags/example_xcomargs.py took 0.215 seconds
[2025-11-04T21:51:26.108-0300] {processor.py:161} INFO - Started process (PID=31222) to work on /Users/joaovitor/airflow_env/lib/python3.11/site-packages/airflow/example_dags/example_xcomargs.py
[2025-11-04T21:51:26.110-0300] {processor.py:830} INFO - Processing file /Users/joaovitor/airflow_env/lib/python3.11/site-packages/airflow/example_dags/example_xcomargs.py for tasks to queue
[2025-11-04T21:51:26.111-0300] {logging_mixin.py:188} INFO - [2025-11-04T21:51:26.111-0300] {dagbag.py:545} INFO - Filling up the DagBag from /Users/joaovitor/airflow_env/lib/python3.11/site-packages/airflow/example_dags/example_xcomargs.py
[2025-11-04T21:51:26.157-0300] {processor.py:840} INFO - DAG(s) 'example_xcom_args_with_operators', 'example_xcom_args' retrieved from /Users/joaovitor/airflow_env/lib/python3.11/site-packages/airflow/example_dags/example_xcomargs.py
[2025-11-04T21:51:26.273-0300] {logging_mixin.py:188} INFO - [2025-11-04T21:51:26.272-0300] {dag.py:3089} INFO - Sync 2 DAGs
[2025-11-04T21:51:26.283-0300] {logging_mixin.py:188} INFO - [2025-11-04T21:51:26.283-0300] {dag.py:3947} INFO - Setting next_dagrun for example_xcom_args to None, run_after=None
[2025-11-04T21:51:26.287-0300] {logging_mixin.py:188} INFO - [2025-11-04T21:51:26.286-0300] {dag.py:3947} INFO - Setting next_dagrun for example_xcom_args_with_operators to None, run_after=None
[2025-11-04T21:51:26.307-0300] {processor.py:183} INFO - Processing /Users/joaovitor/airflow_env/lib/python3.11/site-packages/airflow/example_dags/example_xcomargs.py took 0.202 seconds
[2025-11-04T21:53:20.646-0300] {processor.py:161} INFO - Started process (PID=31264) to work on /Users/joaovitor/airflow_env/lib/python3.11/site-packages/airflow/example_dags/example_xcomargs.py
[2025-11-04T21:53:20.646-0300] {processor.py:830} INFO - Processing file /Users/joaovitor/airflow_env/lib/python3.11/site-packages/airflow/example_dags/example_xcomargs.py for tasks to queue
[2025-11-04T21:53:20.647-0300] {logging_mixin.py:188} INFO - [2025-11-04T21:53:20.647-0300] {dagbag.py:545} INFO - Filling up the DagBag from /Users/joaovitor/airflow_env/lib/python3.11/site-packages/airflow/example_dags/example_xcomargs.py
[2025-11-04T21:53:20.684-0300] {processor.py:840} INFO - DAG(s) 'example_xcom_args_with_operators', 'example_xcom_args' retrieved from /Users/joaovitor/airflow_env/lib/python3.11/site-packages/airflow/example_dags/example_xcomargs.py
[2025-11-04T21:53:20.793-0300] {logging_mixin.py:188} INFO - [2025-11-04T21:53:20.792-0300] {dag.py:3089} INFO - Sync 2 DAGs
[2025-11-04T21:53:20.802-0300] {logging_mixin.py:188} INFO - [2025-11-04T21:53:20.802-0300] {dag.py:3947} INFO - Setting next_dagrun for example_xcom_args to None, run_after=None
[2025-11-04T21:53:20.805-0300] {logging_mixin.py:188} INFO - [2025-11-04T21:53:20.805-0300] {dag.py:3947} INFO - Setting next_dagrun for example_xcom_args_with_operators to None, run_after=None
[2025-11-04T21:53:20.827-0300] {processor.py:183} INFO - Processing /Users/joaovitor/airflow_env/lib/python3.11/site-packages/airflow/example_dags/example_xcomargs.py took 0.184 seconds
[2025-11-04T21:55:14.354-0300] {processor.py:161} INFO - Started process (PID=31305) to work on /Users/joaovitor/airflow_env/lib/python3.11/site-packages/airflow/example_dags/example_xcomargs.py
[2025-11-04T21:55:14.355-0300] {processor.py:830} INFO - Processing file /Users/joaovitor/airflow_env/lib/python3.11/site-packages/airflow/example_dags/example_xcomargs.py for tasks to queue
[2025-11-04T21:55:14.356-0300] {logging_mixin.py:188} INFO - [2025-11-04T21:55:14.356-0300] {dagbag.py:545} INFO - Filling up the DagBag from /Users/joaovitor/airflow_env/lib/python3.11/site-packages/airflow/example_dags/example_xcomargs.py
[2025-11-04T21:55:14.393-0300] {processor.py:840} INFO - DAG(s) 'example_xcom_args_with_operators', 'example_xcom_args' retrieved from /Users/joaovitor/airflow_env/lib/python3.11/site-packages/airflow/example_dags/example_xcomargs.py
[2025-11-04T21:55:14.499-0300] {logging_mixin.py:188} INFO - [2025-11-04T21:55:14.499-0300] {dag.py:3089} INFO - Sync 2 DAGs
[2025-11-04T21:55:14.509-0300] {logging_mixin.py:188} INFO - [2025-11-04T21:55:14.509-0300] {dag.py:3947} INFO - Setting next_dagrun for example_xcom_args to None, run_after=None
[2025-11-04T21:55:14.512-0300] {logging_mixin.py:188} INFO - [2025-11-04T21:55:14.512-0300] {dag.py:3947} INFO - Setting next_dagrun for example_xcom_args_with_operators to None, run_after=None
[2025-11-04T21:55:14.532-0300] {processor.py:183} INFO - Processing /Users/joaovitor/airflow_env/lib/python3.11/site-packages/airflow/example_dags/example_xcomargs.py took 0.180 seconds
[2025-11-04T21:57:04.982-0300] {processor.py:161} INFO - Started process (PID=31346) to work on /Users/joaovitor/airflow_env/lib/python3.11/site-packages/airflow/example_dags/example_xcomargs.py
[2025-11-04T21:57:04.983-0300] {processor.py:830} INFO - Processing file /Users/joaovitor/airflow_env/lib/python3.11/site-packages/airflow/example_dags/example_xcomargs.py for tasks to queue
[2025-11-04T21:57:04.984-0300] {logging_mixin.py:188} INFO - [2025-11-04T21:57:04.984-0300] {dagbag.py:545} INFO - Filling up the DagBag from /Users/joaovitor/airflow_env/lib/python3.11/site-packages/airflow/example_dags/example_xcomargs.py
[2025-11-04T21:57:05.032-0300] {processor.py:840} INFO - DAG(s) 'example_xcom_args_with_operators', 'example_xcom_args' retrieved from /Users/joaovitor/airflow_env/lib/python3.11/site-packages/airflow/example_dags/example_xcomargs.py
[2025-11-04T21:57:05.167-0300] {logging_mixin.py:188} INFO - [2025-11-04T21:57:05.166-0300] {dag.py:3089} INFO - Sync 2 DAGs
[2025-11-04T21:57:05.180-0300] {logging_mixin.py:188} INFO - [2025-11-04T21:57:05.179-0300] {dag.py:3947} INFO - Setting next_dagrun for example_xcom_args to None, run_after=None
[2025-11-04T21:57:05.183-0300] {logging_mixin.py:188} INFO - [2025-11-04T21:57:05.183-0300] {dag.py:3947} INFO - Setting next_dagrun for example_xcom_args_with_operators to None, run_after=None
[2025-11-04T21:57:05.206-0300] {processor.py:183} INFO - Processing /Users/joaovitor/airflow_env/lib/python3.11/site-packages/airflow/example_dags/example_xcomargs.py took 0.227 seconds
[2025-11-04T21:58:56.065-0300] {processor.py:161} INFO - Started process (PID=31385) to work on /Users/joaovitor/airflow_env/lib/python3.11/site-packages/airflow/example_dags/example_xcomargs.py
[2025-11-04T21:58:56.066-0300] {processor.py:830} INFO - Processing file /Users/joaovitor/airflow_env/lib/python3.11/site-packages/airflow/example_dags/example_xcomargs.py for tasks to queue
[2025-11-04T21:58:56.066-0300] {logging_mixin.py:188} INFO - [2025-11-04T21:58:56.066-0300] {dagbag.py:545} INFO - Filling up the DagBag from /Users/joaovitor/airflow_env/lib/python3.11/site-packages/airflow/example_dags/example_xcomargs.py
[2025-11-04T21:58:56.104-0300] {processor.py:840} INFO - DAG(s) 'example_xcom_args', 'example_xcom_args_with_operators' retrieved from /Users/joaovitor/airflow_env/lib/python3.11/site-packages/airflow/example_dags/example_xcomargs.py
[2025-11-04T21:58:56.208-0300] {logging_mixin.py:188} INFO - [2025-11-04T21:58:56.207-0300] {dag.py:3089} INFO - Sync 2 DAGs
[2025-11-04T21:58:56.217-0300] {logging_mixin.py:188} INFO - [2025-11-04T21:58:56.217-0300] {dag.py:3947} INFO - Setting next_dagrun for example_xcom_args to None, run_after=None
[2025-11-04T21:58:56.220-0300] {logging_mixin.py:188} INFO - [2025-11-04T21:58:56.220-0300] {dag.py:3947} INFO - Setting next_dagrun for example_xcom_args_with_operators to None, run_after=None
[2025-11-04T21:58:56.239-0300] {processor.py:183} INFO - Processing /Users/joaovitor/airflow_env/lib/python3.11/site-packages/airflow/example_dags/example_xcomargs.py took 0.177 seconds
[2025-11-04T22:00:46.869-0300] {processor.py:161} INFO - Started process (PID=31425) to work on /Users/joaovitor/airflow_env/lib/python3.11/site-packages/airflow/example_dags/example_xcomargs.py
[2025-11-04T22:00:46.870-0300] {processor.py:830} INFO - Processing file /Users/joaovitor/airflow_env/lib/python3.11/site-packages/airflow/example_dags/example_xcomargs.py for tasks to queue
[2025-11-04T22:00:46.871-0300] {logging_mixin.py:188} INFO - [2025-11-04T22:00:46.870-0300] {dagbag.py:545} INFO - Filling up the DagBag from /Users/joaovitor/airflow_env/lib/python3.11/site-packages/airflow/example_dags/example_xcomargs.py
[2025-11-04T22:00:46.909-0300] {processor.py:840} INFO - DAG(s) 'example_xcom_args_with_operators', 'example_xcom_args' retrieved from /Users/joaovitor/airflow_env/lib/python3.11/site-packages/airflow/example_dags/example_xcomargs.py
[2025-11-04T22:00:47.012-0300] {logging_mixin.py:188} INFO - [2025-11-04T22:00:47.012-0300] {dag.py:3089} INFO - Sync 2 DAGs
[2025-11-04T22:00:47.021-0300] {logging_mixin.py:188} INFO - [2025-11-04T22:00:47.021-0300] {dag.py:3947} INFO - Setting next_dagrun for example_xcom_args to None, run_after=None
[2025-11-04T22:00:47.024-0300] {logging_mixin.py:188} INFO - [2025-11-04T22:00:47.024-0300] {dag.py:3947} INFO - Setting next_dagrun for example_xcom_args_with_operators to None, run_after=None
[2025-11-04T22:00:47.042-0300] {processor.py:183} INFO - Processing /Users/joaovitor/airflow_env/lib/python3.11/site-packages/airflow/example_dags/example_xcomargs.py took 0.177 seconds
[2025-11-04T22:06:26.521-0300] {processor.py:161} INFO - Started process (PID=31482) to work on /Users/joaovitor/airflow_env/lib/python3.11/site-packages/airflow/example_dags/example_xcomargs.py
[2025-11-04T22:06:26.522-0300] {processor.py:830} INFO - Processing file /Users/joaovitor/airflow_env/lib/python3.11/site-packages/airflow/example_dags/example_xcomargs.py for tasks to queue
[2025-11-04T22:06:26.523-0300] {logging_mixin.py:188} INFO - [2025-11-04T22:06:26.523-0300] {dagbag.py:545} INFO - Filling up the DagBag from /Users/joaovitor/airflow_env/lib/python3.11/site-packages/airflow/example_dags/example_xcomargs.py
[2025-11-04T22:06:26.568-0300] {processor.py:840} INFO - DAG(s) 'example_xcom_args', 'example_xcom_args_with_operators' retrieved from /Users/joaovitor/airflow_env/lib/python3.11/site-packages/airflow/example_dags/example_xcomargs.py
[2025-11-04T22:06:26.682-0300] {logging_mixin.py:188} INFO - [2025-11-04T22:06:26.682-0300] {dag.py:3089} INFO - Sync 2 DAGs
[2025-11-04T22:06:26.692-0300] {logging_mixin.py:188} INFO - [2025-11-04T22:06:26.691-0300] {dag.py:3947} INFO - Setting next_dagrun for example_xcom_args to None, run_after=None
[2025-11-04T22:06:26.696-0300] {logging_mixin.py:188} INFO - [2025-11-04T22:06:26.696-0300] {dag.py:3947} INFO - Setting next_dagrun for example_xcom_args_with_operators to None, run_after=None
[2025-11-04T22:06:26.717-0300] {processor.py:183} INFO - Processing /Users/joaovitor/airflow_env/lib/python3.11/site-packages/airflow/example_dags/example_xcomargs.py took 0.198 seconds
[2025-11-04T22:08:22.296-0300] {processor.py:161} INFO - Started process (PID=31542) to work on /Users/joaovitor/airflow_env/lib/python3.11/site-packages/airflow/example_dags/example_xcomargs.py
[2025-11-04T22:08:22.297-0300] {processor.py:830} INFO - Processing file /Users/joaovitor/airflow_env/lib/python3.11/site-packages/airflow/example_dags/example_xcomargs.py for tasks to queue
[2025-11-04T22:08:22.297-0300] {logging_mixin.py:188} INFO - [2025-11-04T22:08:22.297-0300] {dagbag.py:545} INFO - Filling up the DagBag from /Users/joaovitor/airflow_env/lib/python3.11/site-packages/airflow/example_dags/example_xcomargs.py
[2025-11-04T22:08:22.337-0300] {processor.py:840} INFO - DAG(s) 'example_xcom_args', 'example_xcom_args_with_operators' retrieved from /Users/joaovitor/airflow_env/lib/python3.11/site-packages/airflow/example_dags/example_xcomargs.py
[2025-11-04T22:08:22.441-0300] {logging_mixin.py:188} INFO - [2025-11-04T22:08:22.441-0300] {dag.py:3089} INFO - Sync 2 DAGs
[2025-11-04T22:08:22.450-0300] {logging_mixin.py:188} INFO - [2025-11-04T22:08:22.450-0300] {dag.py:3947} INFO - Setting next_dagrun for example_xcom_args to None, run_after=None
[2025-11-04T22:08:22.453-0300] {logging_mixin.py:188} INFO - [2025-11-04T22:08:22.453-0300] {dag.py:3947} INFO - Setting next_dagrun for example_xcom_args_with_operators to None, run_after=None
[2025-11-04T22:08:22.471-0300] {processor.py:183} INFO - Processing /Users/joaovitor/airflow_env/lib/python3.11/site-packages/airflow/example_dags/example_xcomargs.py took 0.178 seconds
[2025-11-04T22:10:13.096-0300] {processor.py:161} INFO - Started process (PID=31588) to work on /Users/joaovitor/airflow_env/lib/python3.11/site-packages/airflow/example_dags/example_xcomargs.py
[2025-11-04T22:10:13.097-0300] {processor.py:830} INFO - Processing file /Users/joaovitor/airflow_env/lib/python3.11/site-packages/airflow/example_dags/example_xcomargs.py for tasks to queue
[2025-11-04T22:10:13.098-0300] {logging_mixin.py:188} INFO - [2025-11-04T22:10:13.097-0300] {dagbag.py:545} INFO - Filling up the DagBag from /Users/joaovitor/airflow_env/lib/python3.11/site-packages/airflow/example_dags/example_xcomargs.py
[2025-11-04T22:10:13.139-0300] {processor.py:840} INFO - DAG(s) 'example_xcom_args', 'example_xcom_args_with_operators' retrieved from /Users/joaovitor/airflow_env/lib/python3.11/site-packages/airflow/example_dags/example_xcomargs.py
[2025-11-04T22:10:13.276-0300] {logging_mixin.py:188} INFO - [2025-11-04T22:10:13.276-0300] {dag.py:3089} INFO - Sync 2 DAGs
[2025-11-04T22:10:13.297-0300] {logging_mixin.py:188} INFO - [2025-11-04T22:10:13.296-0300] {dag.py:3947} INFO - Setting next_dagrun for example_xcom_args to None, run_after=None
[2025-11-04T22:10:13.303-0300] {logging_mixin.py:188} INFO - [2025-11-04T22:10:13.303-0300] {dag.py:3947} INFO - Setting next_dagrun for example_xcom_args_with_operators to None, run_after=None
[2025-11-04T22:10:13.326-0300] {processor.py:183} INFO - Processing /Users/joaovitor/airflow_env/lib/python3.11/site-packages/airflow/example_dags/example_xcomargs.py took 0.233 seconds
[2025-11-04T22:12:12.582-0300] {processor.py:161} INFO - Started process (PID=31634) to work on /Users/joaovitor/airflow_env/lib/python3.11/site-packages/airflow/example_dags/example_xcomargs.py
[2025-11-04T22:12:12.582-0300] {processor.py:830} INFO - Processing file /Users/joaovitor/airflow_env/lib/python3.11/site-packages/airflow/example_dags/example_xcomargs.py for tasks to queue
[2025-11-04T22:12:12.583-0300] {logging_mixin.py:188} INFO - [2025-11-04T22:12:12.583-0300] {dagbag.py:545} INFO - Filling up the DagBag from /Users/joaovitor/airflow_env/lib/python3.11/site-packages/airflow/example_dags/example_xcomargs.py
[2025-11-04T22:12:12.622-0300] {processor.py:840} INFO - DAG(s) 'example_xcom_args', 'example_xcom_args_with_operators' retrieved from /Users/joaovitor/airflow_env/lib/python3.11/site-packages/airflow/example_dags/example_xcomargs.py
[2025-11-04T22:12:12.741-0300] {logging_mixin.py:188} INFO - [2025-11-04T22:12:12.741-0300] {dag.py:3089} INFO - Sync 2 DAGs
[2025-11-04T22:12:12.752-0300] {logging_mixin.py:188} INFO - [2025-11-04T22:12:12.752-0300] {dag.py:3947} INFO - Setting next_dagrun for example_xcom_args to None, run_after=None
[2025-11-04T22:12:12.757-0300] {logging_mixin.py:188} INFO - [2025-11-04T22:12:12.756-0300] {dag.py:3947} INFO - Setting next_dagrun for example_xcom_args_with_operators to None, run_after=None
[2025-11-04T22:12:12.798-0300] {processor.py:183} INFO - Processing /Users/joaovitor/airflow_env/lib/python3.11/site-packages/airflow/example_dags/example_xcomargs.py took 0.219 seconds
[2025-11-04T22:14:14.295-0300] {processor.py:161} INFO - Started process (PID=31685) to work on /Users/joaovitor/airflow_env/lib/python3.11/site-packages/airflow/example_dags/example_xcomargs.py
[2025-11-04T22:14:14.296-0300] {processor.py:830} INFO - Processing file /Users/joaovitor/airflow_env/lib/python3.11/site-packages/airflow/example_dags/example_xcomargs.py for tasks to queue
[2025-11-04T22:14:14.296-0300] {logging_mixin.py:188} INFO - [2025-11-04T22:14:14.296-0300] {dagbag.py:545} INFO - Filling up the DagBag from /Users/joaovitor/airflow_env/lib/python3.11/site-packages/airflow/example_dags/example_xcomargs.py
[2025-11-04T22:14:14.339-0300] {processor.py:840} INFO - DAG(s) 'example_xcom_args_with_operators', 'example_xcom_args' retrieved from /Users/joaovitor/airflow_env/lib/python3.11/site-packages/airflow/example_dags/example_xcomargs.py
[2025-11-04T22:14:14.460-0300] {logging_mixin.py:188} INFO - [2025-11-04T22:14:14.460-0300] {dag.py:3089} INFO - Sync 2 DAGs
[2025-11-04T22:14:14.472-0300] {logging_mixin.py:188} INFO - [2025-11-04T22:14:14.472-0300] {dag.py:3947} INFO - Setting next_dagrun for example_xcom_args to None, run_after=None
[2025-11-04T22:14:14.475-0300] {logging_mixin.py:188} INFO - [2025-11-04T22:14:14.475-0300] {dag.py:3947} INFO - Setting next_dagrun for example_xcom_args_with_operators to None, run_after=None
[2025-11-04T22:14:14.497-0300] {processor.py:183} INFO - Processing /Users/joaovitor/airflow_env/lib/python3.11/site-packages/airflow/example_dags/example_xcomargs.py took 0.205 seconds
[2025-11-04T22:16:25.768-0300] {processor.py:161} INFO - Started process (PID=31743) to work on /Users/joaovitor/airflow_env/lib/python3.11/site-packages/airflow/example_dags/example_xcomargs.py
[2025-11-04T22:16:25.769-0300] {processor.py:830} INFO - Processing file /Users/joaovitor/airflow_env/lib/python3.11/site-packages/airflow/example_dags/example_xcomargs.py for tasks to queue
[2025-11-04T22:16:25.770-0300] {logging_mixin.py:188} INFO - [2025-11-04T22:16:25.769-0300] {dagbag.py:545} INFO - Filling up the DagBag from /Users/joaovitor/airflow_env/lib/python3.11/site-packages/airflow/example_dags/example_xcomargs.py
[2025-11-04T22:16:25.814-0300] {processor.py:840} INFO - DAG(s) 'example_xcom_args_with_operators', 'example_xcom_args' retrieved from /Users/joaovitor/airflow_env/lib/python3.11/site-packages/airflow/example_dags/example_xcomargs.py
[2025-11-04T22:16:25.929-0300] {logging_mixin.py:188} INFO - [2025-11-04T22:16:25.929-0300] {dag.py:3089} INFO - Sync 2 DAGs
[2025-11-04T22:16:25.938-0300] {logging_mixin.py:188} INFO - [2025-11-04T22:16:25.938-0300] {dag.py:3947} INFO - Setting next_dagrun for example_xcom_args to None, run_after=None
[2025-11-04T22:16:25.942-0300] {logging_mixin.py:188} INFO - [2025-11-04T22:16:25.942-0300] {dag.py:3947} INFO - Setting next_dagrun for example_xcom_args_with_operators to None, run_after=None
[2025-11-04T22:16:25.962-0300] {processor.py:183} INFO - Processing /Users/joaovitor/airflow_env/lib/python3.11/site-packages/airflow/example_dags/example_xcomargs.py took 0.197 seconds
[2025-11-04T22:18:18.576-0300] {processor.py:161} INFO - Started process (PID=31783) to work on /Users/joaovitor/airflow_env/lib/python3.11/site-packages/airflow/example_dags/example_xcomargs.py
[2025-11-04T22:18:18.578-0300] {processor.py:830} INFO - Processing file /Users/joaovitor/airflow_env/lib/python3.11/site-packages/airflow/example_dags/example_xcomargs.py for tasks to queue
[2025-11-04T22:18:18.579-0300] {logging_mixin.py:188} INFO - [2025-11-04T22:18:18.578-0300] {dagbag.py:545} INFO - Filling up the DagBag from /Users/joaovitor/airflow_env/lib/python3.11/site-packages/airflow/example_dags/example_xcomargs.py
[2025-11-04T22:18:18.626-0300] {processor.py:840} INFO - DAG(s) 'example_xcom_args', 'example_xcom_args_with_operators' retrieved from /Users/joaovitor/airflow_env/lib/python3.11/site-packages/airflow/example_dags/example_xcomargs.py
[2025-11-04T22:18:18.764-0300] {logging_mixin.py:188} INFO - [2025-11-04T22:18:18.763-0300] {dag.py:3089} INFO - Sync 2 DAGs
[2025-11-04T22:18:18.777-0300] {logging_mixin.py:188} INFO - [2025-11-04T22:18:18.776-0300] {dag.py:3947} INFO - Setting next_dagrun for example_xcom_args to None, run_after=None
[2025-11-04T22:18:18.780-0300] {logging_mixin.py:188} INFO - [2025-11-04T22:18:18.780-0300] {dag.py:3947} INFO - Setting next_dagrun for example_xcom_args_with_operators to None, run_after=None
[2025-11-04T22:18:18.800-0300] {processor.py:183} INFO - Processing /Users/joaovitor/airflow_env/lib/python3.11/site-packages/airflow/example_dags/example_xcomargs.py took 0.227 seconds
[2025-11-04T22:20:22.946-0300] {processor.py:161} INFO - Started process (PID=31831) to work on /Users/joaovitor/airflow_env/lib/python3.11/site-packages/airflow/example_dags/example_xcomargs.py
[2025-11-04T22:20:22.964-0300] {processor.py:830} INFO - Processing file /Users/joaovitor/airflow_env/lib/python3.11/site-packages/airflow/example_dags/example_xcomargs.py for tasks to queue
[2025-11-04T22:20:22.966-0300] {logging_mixin.py:188} INFO - [2025-11-04T22:20:22.965-0300] {dagbag.py:545} INFO - Filling up the DagBag from /Users/joaovitor/airflow_env/lib/python3.11/site-packages/airflow/example_dags/example_xcomargs.py
[2025-11-04T22:20:23.022-0300] {processor.py:840} INFO - DAG(s) 'example_xcom_args', 'example_xcom_args_with_operators' retrieved from /Users/joaovitor/airflow_env/lib/python3.11/site-packages/airflow/example_dags/example_xcomargs.py
[2025-11-04T22:20:23.205-0300] {logging_mixin.py:188} INFO - [2025-11-04T22:20:23.205-0300] {dag.py:3089} INFO - Sync 2 DAGs
[2025-11-04T22:20:23.217-0300] {logging_mixin.py:188} INFO - [2025-11-04T22:20:23.217-0300] {dag.py:3947} INFO - Setting next_dagrun for example_xcom_args to None, run_after=None
[2025-11-04T22:20:23.221-0300] {logging_mixin.py:188} INFO - [2025-11-04T22:20:23.220-0300] {dag.py:3947} INFO - Setting next_dagrun for example_xcom_args_with_operators to None, run_after=None
[2025-11-04T22:20:23.245-0300] {processor.py:183} INFO - Processing /Users/joaovitor/airflow_env/lib/python3.11/site-packages/airflow/example_dags/example_xcomargs.py took 0.302 seconds
[2025-11-04T22:22:30.787-0300] {processor.py:161} INFO - Started process (PID=31930) to work on /Users/joaovitor/airflow_env/lib/python3.11/site-packages/airflow/example_dags/example_xcomargs.py
[2025-11-04T22:22:30.790-0300] {processor.py:830} INFO - Processing file /Users/joaovitor/airflow_env/lib/python3.11/site-packages/airflow/example_dags/example_xcomargs.py for tasks to queue
[2025-11-04T22:22:30.791-0300] {logging_mixin.py:188} INFO - [2025-11-04T22:22:30.791-0300] {dagbag.py:545} INFO - Filling up the DagBag from /Users/joaovitor/airflow_env/lib/python3.11/site-packages/airflow/example_dags/example_xcomargs.py
[2025-11-04T22:22:30.834-0300] {processor.py:840} INFO - DAG(s) 'example_xcom_args', 'example_xcom_args_with_operators' retrieved from /Users/joaovitor/airflow_env/lib/python3.11/site-packages/airflow/example_dags/example_xcomargs.py
[2025-11-04T22:22:30.961-0300] {logging_mixin.py:188} INFO - [2025-11-04T22:22:30.961-0300] {dag.py:3089} INFO - Sync 2 DAGs
[2025-11-04T22:22:30.971-0300] {logging_mixin.py:188} INFO - [2025-11-04T22:22:30.970-0300] {dag.py:3947} INFO - Setting next_dagrun for example_xcom_args to None, run_after=None
[2025-11-04T22:22:30.976-0300] {logging_mixin.py:188} INFO - [2025-11-04T22:22:30.976-0300] {dag.py:3947} INFO - Setting next_dagrun for example_xcom_args_with_operators to None, run_after=None
[2025-11-04T22:22:31.000-0300] {processor.py:183} INFO - Processing /Users/joaovitor/airflow_env/lib/python3.11/site-packages/airflow/example_dags/example_xcomargs.py took 0.216 seconds
[2025-11-04T22:24:36.459-0300] {processor.py:161} INFO - Started process (PID=31971) to work on /Users/joaovitor/airflow_env/lib/python3.11/site-packages/airflow/example_dags/example_xcomargs.py
[2025-11-04T22:24:36.460-0300] {processor.py:830} INFO - Processing file /Users/joaovitor/airflow_env/lib/python3.11/site-packages/airflow/example_dags/example_xcomargs.py for tasks to queue
[2025-11-04T22:24:36.461-0300] {logging_mixin.py:188} INFO - [2025-11-04T22:24:36.461-0300] {dagbag.py:545} INFO - Filling up the DagBag from /Users/joaovitor/airflow_env/lib/python3.11/site-packages/airflow/example_dags/example_xcomargs.py
[2025-11-04T22:24:36.514-0300] {processor.py:840} INFO - DAG(s) 'example_xcom_args_with_operators', 'example_xcom_args' retrieved from /Users/joaovitor/airflow_env/lib/python3.11/site-packages/airflow/example_dags/example_xcomargs.py
[2025-11-04T22:24:36.655-0300] {logging_mixin.py:188} INFO - [2025-11-04T22:24:36.654-0300] {dag.py:3089} INFO - Sync 2 DAGs
[2025-11-04T22:24:36.669-0300] {logging_mixin.py:188} INFO - [2025-11-04T22:24:36.669-0300] {dag.py:3947} INFO - Setting next_dagrun for example_xcom_args to None, run_after=None
[2025-11-04T22:24:36.673-0300] {logging_mixin.py:188} INFO - [2025-11-04T22:24:36.673-0300] {dag.py:3947} INFO - Setting next_dagrun for example_xcom_args_with_operators to None, run_after=None
[2025-11-04T22:24:36.696-0300] {processor.py:183} INFO - Processing /Users/joaovitor/airflow_env/lib/python3.11/site-packages/airflow/example_dags/example_xcomargs.py took 0.241 seconds
[2025-11-04T22:26:43.199-0300] {processor.py:161} INFO - Started process (PID=32013) to work on /Users/joaovitor/airflow_env/lib/python3.11/site-packages/airflow/example_dags/example_xcomargs.py
[2025-11-04T22:26:43.200-0300] {processor.py:830} INFO - Processing file /Users/joaovitor/airflow_env/lib/python3.11/site-packages/airflow/example_dags/example_xcomargs.py for tasks to queue
[2025-11-04T22:26:43.201-0300] {logging_mixin.py:188} INFO - [2025-11-04T22:26:43.201-0300] {dagbag.py:545} INFO - Filling up the DagBag from /Users/joaovitor/airflow_env/lib/python3.11/site-packages/airflow/example_dags/example_xcomargs.py
[2025-11-04T22:26:43.242-0300] {processor.py:840} INFO - DAG(s) 'example_xcom_args_with_operators', 'example_xcom_args' retrieved from /Users/joaovitor/airflow_env/lib/python3.11/site-packages/airflow/example_dags/example_xcomargs.py
[2025-11-04T22:26:43.363-0300] {logging_mixin.py:188} INFO - [2025-11-04T22:26:43.362-0300] {dag.py:3089} INFO - Sync 2 DAGs
[2025-11-04T22:26:43.373-0300] {logging_mixin.py:188} INFO - [2025-11-04T22:26:43.372-0300] {dag.py:3947} INFO - Setting next_dagrun for example_xcom_args to None, run_after=None
[2025-11-04T22:26:43.376-0300] {logging_mixin.py:188} INFO - [2025-11-04T22:26:43.375-0300] {dag.py:3947} INFO - Setting next_dagrun for example_xcom_args_with_operators to None, run_after=None
[2025-11-04T22:26:43.397-0300] {processor.py:183} INFO - Processing /Users/joaovitor/airflow_env/lib/python3.11/site-packages/airflow/example_dags/example_xcomargs.py took 0.201 seconds
[2025-11-04T22:28:51.708-0300] {processor.py:161} INFO - Started process (PID=32055) to work on /Users/joaovitor/airflow_env/lib/python3.11/site-packages/airflow/example_dags/example_xcomargs.py
[2025-11-04T22:28:51.709-0300] {processor.py:830} INFO - Processing file /Users/joaovitor/airflow_env/lib/python3.11/site-packages/airflow/example_dags/example_xcomargs.py for tasks to queue
[2025-11-04T22:28:51.710-0300] {logging_mixin.py:188} INFO - [2025-11-04T22:28:51.709-0300] {dagbag.py:545} INFO - Filling up the DagBag from /Users/joaovitor/airflow_env/lib/python3.11/site-packages/airflow/example_dags/example_xcomargs.py
[2025-11-04T22:28:51.753-0300] {processor.py:840} INFO - DAG(s) 'example_xcom_args', 'example_xcom_args_with_operators' retrieved from /Users/joaovitor/airflow_env/lib/python3.11/site-packages/airflow/example_dags/example_xcomargs.py
[2025-11-04T22:28:51.875-0300] {logging_mixin.py:188} INFO - [2025-11-04T22:28:51.875-0300] {dag.py:3089} INFO - Sync 2 DAGs
[2025-11-04T22:28:51.885-0300] {logging_mixin.py:188} INFO - [2025-11-04T22:28:51.885-0300] {dag.py:3947} INFO - Setting next_dagrun for example_xcom_args to None, run_after=None
[2025-11-04T22:28:51.888-0300] {logging_mixin.py:188} INFO - [2025-11-04T22:28:51.888-0300] {dag.py:3947} INFO - Setting next_dagrun for example_xcom_args_with_operators to None, run_after=None
[2025-11-04T22:28:51.909-0300] {processor.py:183} INFO - Processing /Users/joaovitor/airflow_env/lib/python3.11/site-packages/airflow/example_dags/example_xcomargs.py took 0.206 seconds
[2025-11-04T22:31:14.068-0300] {processor.py:161} INFO - Started process (PID=32150) to work on /Users/joaovitor/airflow_env/lib/python3.11/site-packages/airflow/example_dags/example_xcomargs.py
[2025-11-04T22:31:14.070-0300] {processor.py:830} INFO - Processing file /Users/joaovitor/airflow_env/lib/python3.11/site-packages/airflow/example_dags/example_xcomargs.py for tasks to queue
[2025-11-04T22:31:14.071-0300] {logging_mixin.py:188} INFO - [2025-11-04T22:31:14.071-0300] {dagbag.py:545} INFO - Filling up the DagBag from /Users/joaovitor/airflow_env/lib/python3.11/site-packages/airflow/example_dags/example_xcomargs.py
[2025-11-04T22:31:14.112-0300] {processor.py:840} INFO - DAG(s) 'example_xcom_args_with_operators', 'example_xcom_args' retrieved from /Users/joaovitor/airflow_env/lib/python3.11/site-packages/airflow/example_dags/example_xcomargs.py
[2025-11-04T22:31:14.225-0300] {logging_mixin.py:188} INFO - [2025-11-04T22:31:14.225-0300] {dag.py:3089} INFO - Sync 2 DAGs
[2025-11-04T22:31:14.236-0300] {logging_mixin.py:188} INFO - [2025-11-04T22:31:14.236-0300] {dag.py:3947} INFO - Setting next_dagrun for example_xcom_args to None, run_after=None
[2025-11-04T22:31:14.240-0300] {logging_mixin.py:188} INFO - [2025-11-04T22:31:14.239-0300] {dag.py:3947} INFO - Setting next_dagrun for example_xcom_args_with_operators to None, run_after=None
[2025-11-04T22:31:14.262-0300] {processor.py:183} INFO - Processing /Users/joaovitor/airflow_env/lib/python3.11/site-packages/airflow/example_dags/example_xcomargs.py took 0.197 seconds
[2025-11-04T22:33:55.203-0300] {processor.py:161} INFO - Started process (PID=32310) to work on /Users/joaovitor/airflow_env/lib/python3.11/site-packages/airflow/example_dags/example_xcomargs.py
[2025-11-04T22:33:55.229-0300] {processor.py:830} INFO - Processing file /Users/joaovitor/airflow_env/lib/python3.11/site-packages/airflow/example_dags/example_xcomargs.py for tasks to queue
[2025-11-04T22:33:55.230-0300] {logging_mixin.py:188} INFO - [2025-11-04T22:33:55.230-0300] {dagbag.py:545} INFO - Filling up the DagBag from /Users/joaovitor/airflow_env/lib/python3.11/site-packages/airflow/example_dags/example_xcomargs.py
[2025-11-04T22:33:55.529-0300] {processor.py:840} INFO - DAG(s) 'example_xcom_args_with_operators', 'example_xcom_args' retrieved from /Users/joaovitor/airflow_env/lib/python3.11/site-packages/airflow/example_dags/example_xcomargs.py
[2025-11-04T22:33:55.971-0300] {logging_mixin.py:188} INFO - [2025-11-04T22:33:55.971-0300] {dag.py:3089} INFO - Sync 2 DAGs
[2025-11-04T22:33:56.031-0300] {logging_mixin.py:188} INFO - [2025-11-04T22:33:56.031-0300] {dag.py:3947} INFO - Setting next_dagrun for example_xcom_args to None, run_after=None
[2025-11-04T22:33:56.081-0300] {logging_mixin.py:188} INFO - [2025-11-04T22:33:56.081-0300] {dag.py:3947} INFO - Setting next_dagrun for example_xcom_args_with_operators to None, run_after=None
[2025-11-04T22:33:56.164-0300] {processor.py:183} INFO - Processing /Users/joaovitor/airflow_env/lib/python3.11/site-packages/airflow/example_dags/example_xcomargs.py took 0.973 seconds
[2025-11-04T22:36:07.852-0300] {processor.py:161} INFO - Started process (PID=32424) to work on /Users/joaovitor/airflow_env/lib/python3.11/site-packages/airflow/example_dags/example_xcomargs.py
[2025-11-04T22:36:07.854-0300] {processor.py:830} INFO - Processing file /Users/joaovitor/airflow_env/lib/python3.11/site-packages/airflow/example_dags/example_xcomargs.py for tasks to queue
[2025-11-04T22:36:07.855-0300] {logging_mixin.py:188} INFO - [2025-11-04T22:36:07.854-0300] {dagbag.py:545} INFO - Filling up the DagBag from /Users/joaovitor/airflow_env/lib/python3.11/site-packages/airflow/example_dags/example_xcomargs.py
[2025-11-04T22:36:07.897-0300] {processor.py:840} INFO - DAG(s) 'example_xcom_args_with_operators', 'example_xcom_args' retrieved from /Users/joaovitor/airflow_env/lib/python3.11/site-packages/airflow/example_dags/example_xcomargs.py
[2025-11-04T22:36:08.002-0300] {logging_mixin.py:188} INFO - [2025-11-04T22:36:08.002-0300] {dag.py:3089} INFO - Sync 2 DAGs
[2025-11-04T22:36:08.011-0300] {logging_mixin.py:188} INFO - [2025-11-04T22:36:08.011-0300] {dag.py:3947} INFO - Setting next_dagrun for example_xcom_args to None, run_after=None
[2025-11-04T22:36:08.015-0300] {logging_mixin.py:188} INFO - [2025-11-04T22:36:08.014-0300] {dag.py:3947} INFO - Setting next_dagrun for example_xcom_args_with_operators to None, run_after=None
[2025-11-04T22:36:08.033-0300] {processor.py:183} INFO - Processing /Users/joaovitor/airflow_env/lib/python3.11/site-packages/airflow/example_dags/example_xcomargs.py took 0.184 seconds
[2025-11-04T22:38:32.043-0300] {processor.py:161} INFO - Started process (PID=32656) to work on /Users/joaovitor/airflow_env/lib/python3.11/site-packages/airflow/example_dags/example_xcomargs.py
[2025-11-04T22:38:32.046-0300] {processor.py:830} INFO - Processing file /Users/joaovitor/airflow_env/lib/python3.11/site-packages/airflow/example_dags/example_xcomargs.py for tasks to queue
[2025-11-04T22:38:32.047-0300] {logging_mixin.py:188} INFO - [2025-11-04T22:38:32.046-0300] {dagbag.py:545} INFO - Filling up the DagBag from /Users/joaovitor/airflow_env/lib/python3.11/site-packages/airflow/example_dags/example_xcomargs.py
[2025-11-04T22:38:32.128-0300] {processor.py:840} INFO - DAG(s) 'example_xcom_args', 'example_xcom_args_with_operators' retrieved from /Users/joaovitor/airflow_env/lib/python3.11/site-packages/airflow/example_dags/example_xcomargs.py
[2025-11-04T22:38:32.384-0300] {logging_mixin.py:188} INFO - [2025-11-04T22:38:32.384-0300] {dag.py:3089} INFO - Sync 2 DAGs
[2025-11-04T22:38:32.708-0300] {logging_mixin.py:188} INFO - [2025-11-04T22:38:32.704-0300] {dag.py:3947} INFO - Setting next_dagrun for example_xcom_args to None, run_after=None
[2025-11-04T22:38:32.747-0300] {logging_mixin.py:188} INFO - [2025-11-04T22:38:32.747-0300] {dag.py:3947} INFO - Setting next_dagrun for example_xcom_args_with_operators to None, run_after=None
[2025-11-04T22:38:32.792-0300] {processor.py:183} INFO - Processing /Users/joaovitor/airflow_env/lib/python3.11/site-packages/airflow/example_dags/example_xcomargs.py took 0.751 seconds
[2025-11-04T22:40:54.431-0300] {processor.py:161} INFO - Started process (PID=32703) to work on /Users/joaovitor/airflow_env/lib/python3.11/site-packages/airflow/example_dags/example_xcomargs.py
[2025-11-04T22:40:54.434-0300] {processor.py:830} INFO - Processing file /Users/joaovitor/airflow_env/lib/python3.11/site-packages/airflow/example_dags/example_xcomargs.py for tasks to queue
[2025-11-04T22:40:54.435-0300] {logging_mixin.py:188} INFO - [2025-11-04T22:40:54.435-0300] {dagbag.py:545} INFO - Filling up the DagBag from /Users/joaovitor/airflow_env/lib/python3.11/site-packages/airflow/example_dags/example_xcomargs.py
[2025-11-04T22:40:54.477-0300] {processor.py:840} INFO - DAG(s) 'example_xcom_args', 'example_xcom_args_with_operators' retrieved from /Users/joaovitor/airflow_env/lib/python3.11/site-packages/airflow/example_dags/example_xcomargs.py
[2025-11-04T22:40:54.620-0300] {logging_mixin.py:188} INFO - [2025-11-04T22:40:54.620-0300] {dag.py:3089} INFO - Sync 2 DAGs
[2025-11-04T22:40:54.631-0300] {logging_mixin.py:188} INFO - [2025-11-04T22:40:54.631-0300] {dag.py:3947} INFO - Setting next_dagrun for example_xcom_args to None, run_after=None
[2025-11-04T22:40:54.638-0300] {logging_mixin.py:188} INFO - [2025-11-04T22:40:54.637-0300] {dag.py:3947} INFO - Setting next_dagrun for example_xcom_args_with_operators to None, run_after=None
[2025-11-04T22:40:54.661-0300] {processor.py:183} INFO - Processing /Users/joaovitor/airflow_env/lib/python3.11/site-packages/airflow/example_dags/example_xcomargs.py took 0.233 seconds
[2025-11-04T22:43:18.526-0300] {processor.py:161} INFO - Started process (PID=32769) to work on /Users/joaovitor/airflow_env/lib/python3.11/site-packages/airflow/example_dags/example_xcomargs.py
[2025-11-04T22:43:18.528-0300] {processor.py:830} INFO - Processing file /Users/joaovitor/airflow_env/lib/python3.11/site-packages/airflow/example_dags/example_xcomargs.py for tasks to queue
[2025-11-04T22:43:18.529-0300] {logging_mixin.py:188} INFO - [2025-11-04T22:43:18.529-0300] {dagbag.py:545} INFO - Filling up the DagBag from /Users/joaovitor/airflow_env/lib/python3.11/site-packages/airflow/example_dags/example_xcomargs.py
[2025-11-04T22:43:18.573-0300] {processor.py:840} INFO - DAG(s) 'example_xcom_args', 'example_xcom_args_with_operators' retrieved from /Users/joaovitor/airflow_env/lib/python3.11/site-packages/airflow/example_dags/example_xcomargs.py
[2025-11-04T22:43:18.693-0300] {logging_mixin.py:188} INFO - [2025-11-04T22:43:18.692-0300] {dag.py:3089} INFO - Sync 2 DAGs
[2025-11-04T22:43:18.704-0300] {logging_mixin.py:188} INFO - [2025-11-04T22:43:18.704-0300] {dag.py:3947} INFO - Setting next_dagrun for example_xcom_args to None, run_after=None
[2025-11-04T22:43:18.707-0300] {logging_mixin.py:188} INFO - [2025-11-04T22:43:18.707-0300] {dag.py:3947} INFO - Setting next_dagrun for example_xcom_args_with_operators to None, run_after=None
[2025-11-04T22:43:18.732-0300] {processor.py:183} INFO - Processing /Users/joaovitor/airflow_env/lib/python3.11/site-packages/airflow/example_dags/example_xcomargs.py took 0.209 seconds
[2025-11-04T22:45:35.036-0300] {processor.py:161} INFO - Started process (PID=32814) to work on /Users/joaovitor/airflow_env/lib/python3.11/site-packages/airflow/example_dags/example_xcomargs.py
[2025-11-04T22:45:35.037-0300] {processor.py:830} INFO - Processing file /Users/joaovitor/airflow_env/lib/python3.11/site-packages/airflow/example_dags/example_xcomargs.py for tasks to queue
[2025-11-04T22:45:35.037-0300] {logging_mixin.py:188} INFO - [2025-11-04T22:45:35.037-0300] {dagbag.py:545} INFO - Filling up the DagBag from /Users/joaovitor/airflow_env/lib/python3.11/site-packages/airflow/example_dags/example_xcomargs.py
[2025-11-04T22:45:35.086-0300] {processor.py:840} INFO - DAG(s) 'example_xcom_args', 'example_xcom_args_with_operators' retrieved from /Users/joaovitor/airflow_env/lib/python3.11/site-packages/airflow/example_dags/example_xcomargs.py
[2025-11-04T22:45:35.216-0300] {logging_mixin.py:188} INFO - [2025-11-04T22:45:35.216-0300] {dag.py:3089} INFO - Sync 2 DAGs
[2025-11-04T22:45:35.228-0300] {logging_mixin.py:188} INFO - [2025-11-04T22:45:35.227-0300] {dag.py:3947} INFO - Setting next_dagrun for example_xcom_args to None, run_after=None
[2025-11-04T22:45:35.231-0300] {logging_mixin.py:188} INFO - [2025-11-04T22:45:35.231-0300] {dag.py:3947} INFO - Setting next_dagrun for example_xcom_args_with_operators to None, run_after=None
[2025-11-04T22:45:35.253-0300] {processor.py:183} INFO - Processing /Users/joaovitor/airflow_env/lib/python3.11/site-packages/airflow/example_dags/example_xcomargs.py took 0.220 seconds
[2025-11-04T22:47:50.632-0300] {processor.py:161} INFO - Started process (PID=32869) to work on /Users/joaovitor/airflow_env/lib/python3.11/site-packages/airflow/example_dags/example_xcomargs.py
[2025-11-04T22:47:50.633-0300] {processor.py:830} INFO - Processing file /Users/joaovitor/airflow_env/lib/python3.11/site-packages/airflow/example_dags/example_xcomargs.py for tasks to queue
[2025-11-04T22:47:50.635-0300] {logging_mixin.py:188} INFO - [2025-11-04T22:47:50.634-0300] {dagbag.py:545} INFO - Filling up the DagBag from /Users/joaovitor/airflow_env/lib/python3.11/site-packages/airflow/example_dags/example_xcomargs.py
[2025-11-04T22:47:50.683-0300] {processor.py:840} INFO - DAG(s) 'example_xcom_args_with_operators', 'example_xcom_args' retrieved from /Users/joaovitor/airflow_env/lib/python3.11/site-packages/airflow/example_dags/example_xcomargs.py
[2025-11-04T22:47:50.803-0300] {logging_mixin.py:188} INFO - [2025-11-04T22:47:50.803-0300] {dag.py:3089} INFO - Sync 2 DAGs
[2025-11-04T22:47:50.813-0300] {logging_mixin.py:188} INFO - [2025-11-04T22:47:50.813-0300] {dag.py:3947} INFO - Setting next_dagrun for example_xcom_args to None, run_after=None
[2025-11-04T22:47:50.816-0300] {logging_mixin.py:188} INFO - [2025-11-04T22:47:50.816-0300] {dag.py:3947} INFO - Setting next_dagrun for example_xcom_args_with_operators to None, run_after=None
[2025-11-04T22:47:50.838-0300] {processor.py:183} INFO - Processing /Users/joaovitor/airflow_env/lib/python3.11/site-packages/airflow/example_dags/example_xcomargs.py took 0.209 seconds
[2025-11-04T22:50:03.072-0300] {processor.py:161} INFO - Started process (PID=32939) to work on /Users/joaovitor/airflow_env/lib/python3.11/site-packages/airflow/example_dags/example_xcomargs.py
[2025-11-04T22:50:03.075-0300] {processor.py:830} INFO - Processing file /Users/joaovitor/airflow_env/lib/python3.11/site-packages/airflow/example_dags/example_xcomargs.py for tasks to queue
[2025-11-04T22:50:03.076-0300] {logging_mixin.py:188} INFO - [2025-11-04T22:50:03.075-0300] {dagbag.py:545} INFO - Filling up the DagBag from /Users/joaovitor/airflow_env/lib/python3.11/site-packages/airflow/example_dags/example_xcomargs.py
[2025-11-04T22:50:03.123-0300] {processor.py:840} INFO - DAG(s) 'example_xcom_args_with_operators', 'example_xcom_args' retrieved from /Users/joaovitor/airflow_env/lib/python3.11/site-packages/airflow/example_dags/example_xcomargs.py
[2025-11-04T22:50:03.244-0300] {logging_mixin.py:188} INFO - [2025-11-04T22:50:03.243-0300] {dag.py:3089} INFO - Sync 2 DAGs
[2025-11-04T22:50:03.254-0300] {logging_mixin.py:188} INFO - [2025-11-04T22:50:03.254-0300] {dag.py:3947} INFO - Setting next_dagrun for example_xcom_args to None, run_after=None
[2025-11-04T22:50:03.257-0300] {logging_mixin.py:188} INFO - [2025-11-04T22:50:03.257-0300] {dag.py:3947} INFO - Setting next_dagrun for example_xcom_args_with_operators to None, run_after=None
[2025-11-04T22:50:03.278-0300] {processor.py:183} INFO - Processing /Users/joaovitor/airflow_env/lib/python3.11/site-packages/airflow/example_dags/example_xcomargs.py took 0.211 seconds
[2025-11-04T22:52:19.471-0300] {processor.py:161} INFO - Started process (PID=32985) to work on /Users/joaovitor/airflow_env/lib/python3.11/site-packages/airflow/example_dags/example_xcomargs.py
[2025-11-04T22:52:19.473-0300] {processor.py:830} INFO - Processing file /Users/joaovitor/airflow_env/lib/python3.11/site-packages/airflow/example_dags/example_xcomargs.py for tasks to queue
[2025-11-04T22:52:19.474-0300] {logging_mixin.py:188} INFO - [2025-11-04T22:52:19.473-0300] {dagbag.py:545} INFO - Filling up the DagBag from /Users/joaovitor/airflow_env/lib/python3.11/site-packages/airflow/example_dags/example_xcomargs.py
[2025-11-04T22:52:19.533-0300] {processor.py:840} INFO - DAG(s) 'example_xcom_args', 'example_xcom_args_with_operators' retrieved from /Users/joaovitor/airflow_env/lib/python3.11/site-packages/airflow/example_dags/example_xcomargs.py
[2025-11-04T22:52:19.718-0300] {logging_mixin.py:188} INFO - [2025-11-04T22:52:19.718-0300] {dag.py:3089} INFO - Sync 2 DAGs
[2025-11-04T22:52:19.730-0300] {logging_mixin.py:188} INFO - [2025-11-04T22:52:19.729-0300] {dag.py:3947} INFO - Setting next_dagrun for example_xcom_args to None, run_after=None
[2025-11-04T22:52:19.736-0300] {logging_mixin.py:188} INFO - [2025-11-04T22:52:19.736-0300] {dag.py:3947} INFO - Setting next_dagrun for example_xcom_args_with_operators to None, run_after=None
[2025-11-04T22:52:19.760-0300] {processor.py:183} INFO - Processing /Users/joaovitor/airflow_env/lib/python3.11/site-packages/airflow/example_dags/example_xcomargs.py took 0.294 seconds
[2025-11-04T22:54:44.981-0300] {processor.py:161} INFO - Started process (PID=33039) to work on /Users/joaovitor/airflow_env/lib/python3.11/site-packages/airflow/example_dags/example_xcomargs.py
[2025-11-04T22:54:44.983-0300] {processor.py:830} INFO - Processing file /Users/joaovitor/airflow_env/lib/python3.11/site-packages/airflow/example_dags/example_xcomargs.py for tasks to queue
[2025-11-04T22:54:44.984-0300] {logging_mixin.py:188} INFO - [2025-11-04T22:54:44.983-0300] {dagbag.py:545} INFO - Filling up the DagBag from /Users/joaovitor/airflow_env/lib/python3.11/site-packages/airflow/example_dags/example_xcomargs.py
[2025-11-04T22:54:45.031-0300] {processor.py:840} INFO - DAG(s) 'example_xcom_args_with_operators', 'example_xcom_args' retrieved from /Users/joaovitor/airflow_env/lib/python3.11/site-packages/airflow/example_dags/example_xcomargs.py
[2025-11-04T22:54:45.152-0300] {logging_mixin.py:188} INFO - [2025-11-04T22:54:45.151-0300] {dag.py:3089} INFO - Sync 2 DAGs
[2025-11-04T22:54:45.163-0300] {logging_mixin.py:188} INFO - [2025-11-04T22:54:45.162-0300] {dag.py:3947} INFO - Setting next_dagrun for example_xcom_args to None, run_after=None
[2025-11-04T22:54:45.166-0300] {logging_mixin.py:188} INFO - [2025-11-04T22:54:45.166-0300] {dag.py:3947} INFO - Setting next_dagrun for example_xcom_args_with_operators to None, run_after=None
[2025-11-04T22:54:45.209-0300] {processor.py:183} INFO - Processing /Users/joaovitor/airflow_env/lib/python3.11/site-packages/airflow/example_dags/example_xcomargs.py took 0.232 seconds
[2025-11-04T22:56:56.490-0300] {processor.py:161} INFO - Started process (PID=33082) to work on /Users/joaovitor/airflow_env/lib/python3.11/site-packages/airflow/example_dags/example_xcomargs.py
[2025-11-04T22:56:56.492-0300] {processor.py:830} INFO - Processing file /Users/joaovitor/airflow_env/lib/python3.11/site-packages/airflow/example_dags/example_xcomargs.py for tasks to queue
[2025-11-04T22:56:56.493-0300] {logging_mixin.py:188} INFO - [2025-11-04T22:56:56.492-0300] {dagbag.py:545} INFO - Filling up the DagBag from /Users/joaovitor/airflow_env/lib/python3.11/site-packages/airflow/example_dags/example_xcomargs.py
[2025-11-04T22:56:56.534-0300] {processor.py:840} INFO - DAG(s) 'example_xcom_args_with_operators', 'example_xcom_args' retrieved from /Users/joaovitor/airflow_env/lib/python3.11/site-packages/airflow/example_dags/example_xcomargs.py
[2025-11-04T22:56:56.656-0300] {logging_mixin.py:188} INFO - [2025-11-04T22:56:56.656-0300] {dag.py:3089} INFO - Sync 2 DAGs
[2025-11-04T22:56:56.668-0300] {logging_mixin.py:188} INFO - [2025-11-04T22:56:56.668-0300] {dag.py:3947} INFO - Setting next_dagrun for example_xcom_args to None, run_after=None
[2025-11-04T22:56:56.672-0300] {logging_mixin.py:188} INFO - [2025-11-04T22:56:56.671-0300] {dag.py:3947} INFO - Setting next_dagrun for example_xcom_args_with_operators to None, run_after=None
[2025-11-04T22:56:56.694-0300] {processor.py:183} INFO - Processing /Users/joaovitor/airflow_env/lib/python3.11/site-packages/airflow/example_dags/example_xcomargs.py took 0.207 seconds
[2025-11-04T22:59:10.687-0300] {processor.py:161} INFO - Started process (PID=33125) to work on /Users/joaovitor/airflow_env/lib/python3.11/site-packages/airflow/example_dags/example_xcomargs.py
[2025-11-04T22:59:10.689-0300] {processor.py:830} INFO - Processing file /Users/joaovitor/airflow_env/lib/python3.11/site-packages/airflow/example_dags/example_xcomargs.py for tasks to queue
[2025-11-04T22:59:10.691-0300] {logging_mixin.py:188} INFO - [2025-11-04T22:59:10.691-0300] {dagbag.py:545} INFO - Filling up the DagBag from /Users/joaovitor/airflow_env/lib/python3.11/site-packages/airflow/example_dags/example_xcomargs.py
[2025-11-04T22:59:10.780-0300] {processor.py:840} INFO - DAG(s) 'example_xcom_args', 'example_xcom_args_with_operators' retrieved from /Users/joaovitor/airflow_env/lib/python3.11/site-packages/airflow/example_dags/example_xcomargs.py
[2025-11-04T22:59:10.959-0300] {logging_mixin.py:188} INFO - [2025-11-04T22:59:10.959-0300] {dag.py:3089} INFO - Sync 2 DAGs
[2025-11-04T22:59:10.979-0300] {logging_mixin.py:188} INFO - [2025-11-04T22:59:10.979-0300] {dag.py:3947} INFO - Setting next_dagrun for example_xcom_args to None, run_after=None
[2025-11-04T22:59:10.983-0300] {logging_mixin.py:188} INFO - [2025-11-04T22:59:10.983-0300] {dag.py:3947} INFO - Setting next_dagrun for example_xcom_args_with_operators to None, run_after=None
[2025-11-04T22:59:11.014-0300] {processor.py:183} INFO - Processing /Users/joaovitor/airflow_env/lib/python3.11/site-packages/airflow/example_dags/example_xcomargs.py took 0.332 seconds
[2025-11-04T23:01:35.401-0300] {processor.py:161} INFO - Started process (PID=33173) to work on /Users/joaovitor/airflow_env/lib/python3.11/site-packages/airflow/example_dags/example_xcomargs.py
[2025-11-04T23:01:35.404-0300] {processor.py:830} INFO - Processing file /Users/joaovitor/airflow_env/lib/python3.11/site-packages/airflow/example_dags/example_xcomargs.py for tasks to queue
[2025-11-04T23:01:35.406-0300] {logging_mixin.py:188} INFO - [2025-11-04T23:01:35.405-0300] {dagbag.py:545} INFO - Filling up the DagBag from /Users/joaovitor/airflow_env/lib/python3.11/site-packages/airflow/example_dags/example_xcomargs.py
[2025-11-04T23:01:35.453-0300] {processor.py:840} INFO - DAG(s) 'example_xcom_args_with_operators', 'example_xcom_args' retrieved from /Users/joaovitor/airflow_env/lib/python3.11/site-packages/airflow/example_dags/example_xcomargs.py
[2025-11-04T23:01:35.572-0300] {logging_mixin.py:188} INFO - [2025-11-04T23:01:35.572-0300] {dag.py:3089} INFO - Sync 2 DAGs
[2025-11-04T23:01:35.582-0300] {logging_mixin.py:188} INFO - [2025-11-04T23:01:35.581-0300] {dag.py:3947} INFO - Setting next_dagrun for example_xcom_args to None, run_after=None
[2025-11-04T23:01:35.586-0300] {logging_mixin.py:188} INFO - [2025-11-04T23:01:35.585-0300] {dag.py:3947} INFO - Setting next_dagrun for example_xcom_args_with_operators to None, run_after=None
[2025-11-04T23:01:35.606-0300] {processor.py:183} INFO - Processing /Users/joaovitor/airflow_env/lib/python3.11/site-packages/airflow/example_dags/example_xcomargs.py took 0.209 seconds
[2025-11-04T23:03:57.152-0300] {processor.py:161} INFO - Started process (PID=33244) to work on /Users/joaovitor/airflow_env/lib/python3.11/site-packages/airflow/example_dags/example_xcomargs.py
[2025-11-04T23:03:57.154-0300] {processor.py:830} INFO - Processing file /Users/joaovitor/airflow_env/lib/python3.11/site-packages/airflow/example_dags/example_xcomargs.py for tasks to queue
[2025-11-04T23:03:57.155-0300] {logging_mixin.py:188} INFO - [2025-11-04T23:03:57.155-0300] {dagbag.py:545} INFO - Filling up the DagBag from /Users/joaovitor/airflow_env/lib/python3.11/site-packages/airflow/example_dags/example_xcomargs.py
[2025-11-04T23:03:57.197-0300] {processor.py:840} INFO - DAG(s) 'example_xcom_args_with_operators', 'example_xcom_args' retrieved from /Users/joaovitor/airflow_env/lib/python3.11/site-packages/airflow/example_dags/example_xcomargs.py
[2025-11-04T23:03:57.311-0300] {logging_mixin.py:188} INFO - [2025-11-04T23:03:57.311-0300] {dag.py:3089} INFO - Sync 2 DAGs
[2025-11-04T23:03:57.322-0300] {logging_mixin.py:188} INFO - [2025-11-04T23:03:57.321-0300] {dag.py:3947} INFO - Setting next_dagrun for example_xcom_args to None, run_after=None
[2025-11-04T23:03:57.325-0300] {logging_mixin.py:188} INFO - [2025-11-04T23:03:57.325-0300] {dag.py:3947} INFO - Setting next_dagrun for example_xcom_args_with_operators to None, run_after=None
[2025-11-04T23:03:57.345-0300] {processor.py:183} INFO - Processing /Users/joaovitor/airflow_env/lib/python3.11/site-packages/airflow/example_dags/example_xcomargs.py took 0.196 seconds
