[2025-11-04T21:46:36.751-0300] {processor.py:161} INFO - Started process (PID=31070) to work on /Users/joaovitor/airflow_env/lib/python3.11/site-packages/airflow/example_dags/example_short_circuit_operator.py
[2025-11-04T21:46:36.752-0300] {processor.py:830} INFO - Processing file /Users/joaovitor/airflow_env/lib/python3.11/site-packages/airflow/example_dags/example_short_circuit_operator.py for tasks to queue
[2025-11-04T21:46:36.753-0300] {logging_mixin.py:188} INFO - [2025-11-04T21:46:36.753-0300] {dagbag.py:545} INFO - Filling up the DagBag from /Users/joaovitor/airflow_env/lib/python3.11/site-packages/airflow/example_dags/example_short_circuit_operator.py
[2025-11-04T21:46:36.787-0300] {processor.py:840} INFO - DAG(s) 'example_short_circuit_operator' retrieved from /Users/joaovitor/airflow_env/lib/python3.11/site-packages/airflow/example_dags/example_short_circuit_operator.py
[2025-11-04T21:46:37.062-0300] {logging_mixin.py:188} INFO - [2025-11-04T21:46:37.060-0300] {override.py:1858} INFO - Created Permission View: can delete on DAG:example_short_circuit_operator
[2025-11-04T21:46:37.083-0300] {logging_mixin.py:188} INFO - [2025-11-04T21:46:37.082-0300] {override.py:1858} INFO - Created Permission View: can read on DAG:example_short_circuit_operator
[2025-11-04T21:46:37.095-0300] {logging_mixin.py:188} INFO - [2025-11-04T21:46:37.095-0300] {override.py:1858} INFO - Created Permission View: can edit on DAG:example_short_circuit_operator
[2025-11-04T21:46:37.097-0300] {logging_mixin.py:188} INFO - [2025-11-04T21:46:37.097-0300] {dag.py:3089} INFO - Sync 1 DAGs
[2025-11-04T21:46:37.112-0300] {logging_mixin.py:188} INFO - [2025-11-04T21:46:37.111-0300] {dag.py:3111} INFO - Creating ORM DAG for example_short_circuit_operator
[2025-11-04T21:46:37.127-0300] {logging_mixin.py:188} INFO - [2025-11-04T21:46:37.127-0300] {dag.py:3947} INFO - Setting next_dagrun for example_short_circuit_operator to 2025-11-04 00:00:00+00:00, run_after=2025-11-05 00:00:00+00:00
[2025-11-04T21:46:37.236-0300] {processor.py:183} INFO - Processing /Users/joaovitor/airflow_env/lib/python3.11/site-packages/airflow/example_dags/example_short_circuit_operator.py took 0.489 seconds
[2025-11-04T21:49:37.772-0300] {processor.py:161} INFO - Started process (PID=31165) to work on /Users/joaovitor/airflow_env/lib/python3.11/site-packages/airflow/example_dags/example_short_circuit_operator.py
[2025-11-04T21:49:37.774-0300] {processor.py:830} INFO - Processing file /Users/joaovitor/airflow_env/lib/python3.11/site-packages/airflow/example_dags/example_short_circuit_operator.py for tasks to queue
[2025-11-04T21:49:37.775-0300] {logging_mixin.py:188} INFO - [2025-11-04T21:49:37.775-0300] {dagbag.py:545} INFO - Filling up the DagBag from /Users/joaovitor/airflow_env/lib/python3.11/site-packages/airflow/example_dags/example_short_circuit_operator.py
[2025-11-04T21:49:37.808-0300] {processor.py:840} INFO - DAG(s) 'example_short_circuit_operator' retrieved from /Users/joaovitor/airflow_env/lib/python3.11/site-packages/airflow/example_dags/example_short_circuit_operator.py
[2025-11-04T21:49:38.060-0300] {logging_mixin.py:188} INFO - [2025-11-04T21:49:38.060-0300] {dag.py:3089} INFO - Sync 1 DAGs
[2025-11-04T21:49:38.090-0300] {logging_mixin.py:188} INFO - [2025-11-04T21:49:38.090-0300] {dag.py:3947} INFO - Setting next_dagrun for example_short_circuit_operator to 2025-11-04 00:00:00+00:00, run_after=2025-11-05 00:00:00+00:00
[2025-11-04T21:49:38.120-0300] {processor.py:183} INFO - Processing /Users/joaovitor/airflow_env/lib/python3.11/site-packages/airflow/example_dags/example_short_circuit_operator.py took 0.352 seconds
[2025-11-04T21:51:53.186-0300] {processor.py:161} INFO - Started process (PID=31232) to work on /Users/joaovitor/airflow_env/lib/python3.11/site-packages/airflow/example_dags/example_short_circuit_operator.py
[2025-11-04T21:51:53.188-0300] {processor.py:830} INFO - Processing file /Users/joaovitor/airflow_env/lib/python3.11/site-packages/airflow/example_dags/example_short_circuit_operator.py for tasks to queue
[2025-11-04T21:51:53.189-0300] {logging_mixin.py:188} INFO - [2025-11-04T21:51:53.188-0300] {dagbag.py:545} INFO - Filling up the DagBag from /Users/joaovitor/airflow_env/lib/python3.11/site-packages/airflow/example_dags/example_short_circuit_operator.py
[2025-11-04T21:51:53.218-0300] {processor.py:840} INFO - DAG(s) 'example_short_circuit_operator' retrieved from /Users/joaovitor/airflow_env/lib/python3.11/site-packages/airflow/example_dags/example_short_circuit_operator.py
[2025-11-04T21:51:53.335-0300] {logging_mixin.py:188} INFO - [2025-11-04T21:51:53.334-0300] {dag.py:3089} INFO - Sync 1 DAGs
[2025-11-04T21:51:53.352-0300] {logging_mixin.py:188} INFO - [2025-11-04T21:51:53.352-0300] {dag.py:3947} INFO - Setting next_dagrun for example_short_circuit_operator to 2025-11-04 00:00:00+00:00, run_after=2025-11-05 00:00:00+00:00
[2025-11-04T21:51:53.373-0300] {processor.py:183} INFO - Processing /Users/joaovitor/airflow_env/lib/python3.11/site-packages/airflow/example_dags/example_short_circuit_operator.py took 0.190 seconds
[2025-11-04T21:53:49.758-0300] {processor.py:161} INFO - Started process (PID=31274) to work on /Users/joaovitor/airflow_env/lib/python3.11/site-packages/airflow/example_dags/example_short_circuit_operator.py
[2025-11-04T21:53:49.759-0300] {processor.py:830} INFO - Processing file /Users/joaovitor/airflow_env/lib/python3.11/site-packages/airflow/example_dags/example_short_circuit_operator.py for tasks to queue
[2025-11-04T21:53:49.760-0300] {logging_mixin.py:188} INFO - [2025-11-04T21:53:49.760-0300] {dagbag.py:545} INFO - Filling up the DagBag from /Users/joaovitor/airflow_env/lib/python3.11/site-packages/airflow/example_dags/example_short_circuit_operator.py
[2025-11-04T21:53:49.796-0300] {processor.py:840} INFO - DAG(s) 'example_short_circuit_operator' retrieved from /Users/joaovitor/airflow_env/lib/python3.11/site-packages/airflow/example_dags/example_short_circuit_operator.py
[2025-11-04T21:53:49.920-0300] {logging_mixin.py:188} INFO - [2025-11-04T21:53:49.919-0300] {dag.py:3089} INFO - Sync 1 DAGs
[2025-11-04T21:53:49.936-0300] {logging_mixin.py:188} INFO - [2025-11-04T21:53:49.936-0300] {dag.py:3947} INFO - Setting next_dagrun for example_short_circuit_operator to 2025-11-04 00:00:00+00:00, run_after=2025-11-05 00:00:00+00:00
[2025-11-04T21:53:49.956-0300] {processor.py:183} INFO - Processing /Users/joaovitor/airflow_env/lib/python3.11/site-packages/airflow/example_dags/example_short_circuit_operator.py took 0.201 seconds
[2025-11-04T21:55:43.237-0300] {processor.py:161} INFO - Started process (PID=31316) to work on /Users/joaovitor/airflow_env/lib/python3.11/site-packages/airflow/example_dags/example_short_circuit_operator.py
[2025-11-04T21:55:43.238-0300] {processor.py:830} INFO - Processing file /Users/joaovitor/airflow_env/lib/python3.11/site-packages/airflow/example_dags/example_short_circuit_operator.py for tasks to queue
[2025-11-04T21:55:43.239-0300] {logging_mixin.py:188} INFO - [2025-11-04T21:55:43.238-0300] {dagbag.py:545} INFO - Filling up the DagBag from /Users/joaovitor/airflow_env/lib/python3.11/site-packages/airflow/example_dags/example_short_circuit_operator.py
[2025-11-04T21:55:43.265-0300] {processor.py:840} INFO - DAG(s) 'example_short_circuit_operator' retrieved from /Users/joaovitor/airflow_env/lib/python3.11/site-packages/airflow/example_dags/example_short_circuit_operator.py
[2025-11-04T21:55:43.369-0300] {logging_mixin.py:188} INFO - [2025-11-04T21:55:43.368-0300] {dag.py:3089} INFO - Sync 1 DAGs
[2025-11-04T21:55:43.385-0300] {logging_mixin.py:188} INFO - [2025-11-04T21:55:43.384-0300] {dag.py:3947} INFO - Setting next_dagrun for example_short_circuit_operator to 2025-11-04 00:00:00+00:00, run_after=2025-11-05 00:00:00+00:00
[2025-11-04T21:55:43.410-0300] {processor.py:183} INFO - Processing /Users/joaovitor/airflow_env/lib/python3.11/site-packages/airflow/example_dags/example_short_circuit_operator.py took 0.176 seconds
[2025-11-04T21:57:33.167-0300] {processor.py:161} INFO - Started process (PID=31356) to work on /Users/joaovitor/airflow_env/lib/python3.11/site-packages/airflow/example_dags/example_short_circuit_operator.py
[2025-11-04T21:57:33.168-0300] {processor.py:830} INFO - Processing file /Users/joaovitor/airflow_env/lib/python3.11/site-packages/airflow/example_dags/example_short_circuit_operator.py for tasks to queue
[2025-11-04T21:57:33.168-0300] {logging_mixin.py:188} INFO - [2025-11-04T21:57:33.168-0300] {dagbag.py:545} INFO - Filling up the DagBag from /Users/joaovitor/airflow_env/lib/python3.11/site-packages/airflow/example_dags/example_short_circuit_operator.py
[2025-11-04T21:57:33.194-0300] {processor.py:840} INFO - DAG(s) 'example_short_circuit_operator' retrieved from /Users/joaovitor/airflow_env/lib/python3.11/site-packages/airflow/example_dags/example_short_circuit_operator.py
[2025-11-04T21:57:33.296-0300] {logging_mixin.py:188} INFO - [2025-11-04T21:57:33.296-0300] {dag.py:3089} INFO - Sync 1 DAGs
[2025-11-04T21:57:33.312-0300] {logging_mixin.py:188} INFO - [2025-11-04T21:57:33.312-0300] {dag.py:3947} INFO - Setting next_dagrun for example_short_circuit_operator to 2025-11-04 00:00:00+00:00, run_after=2025-11-05 00:00:00+00:00
[2025-11-04T21:57:33.332-0300] {processor.py:183} INFO - Processing /Users/joaovitor/airflow_env/lib/python3.11/site-packages/airflow/example_dags/example_short_circuit_operator.py took 0.169 seconds
[2025-11-04T21:59:24.375-0300] {processor.py:161} INFO - Started process (PID=31395) to work on /Users/joaovitor/airflow_env/lib/python3.11/site-packages/airflow/example_dags/example_short_circuit_operator.py
[2025-11-04T21:59:24.376-0300] {processor.py:830} INFO - Processing file /Users/joaovitor/airflow_env/lib/python3.11/site-packages/airflow/example_dags/example_short_circuit_operator.py for tasks to queue
[2025-11-04T21:59:24.377-0300] {logging_mixin.py:188} INFO - [2025-11-04T21:59:24.377-0300] {dagbag.py:545} INFO - Filling up the DagBag from /Users/joaovitor/airflow_env/lib/python3.11/site-packages/airflow/example_dags/example_short_circuit_operator.py
[2025-11-04T21:59:24.407-0300] {processor.py:840} INFO - DAG(s) 'example_short_circuit_operator' retrieved from /Users/joaovitor/airflow_env/lib/python3.11/site-packages/airflow/example_dags/example_short_circuit_operator.py
[2025-11-04T21:59:24.522-0300] {logging_mixin.py:188} INFO - [2025-11-04T21:59:24.521-0300] {dag.py:3089} INFO - Sync 1 DAGs
[2025-11-04T21:59:24.540-0300] {logging_mixin.py:188} INFO - [2025-11-04T21:59:24.540-0300] {dag.py:3947} INFO - Setting next_dagrun for example_short_circuit_operator to 2025-11-04 00:00:00+00:00, run_after=2025-11-05 00:00:00+00:00
[2025-11-04T21:59:24.561-0300] {processor.py:183} INFO - Processing /Users/joaovitor/airflow_env/lib/python3.11/site-packages/airflow/example_dags/example_short_circuit_operator.py took 0.190 seconds
[2025-11-04T22:05:00.274-0300] {processor.py:161} INFO - Started process (PID=31452) to work on /Users/joaovitor/airflow_env/lib/python3.11/site-packages/airflow/example_dags/example_short_circuit_operator.py
[2025-11-04T22:05:00.274-0300] {processor.py:830} INFO - Processing file /Users/joaovitor/airflow_env/lib/python3.11/site-packages/airflow/example_dags/example_short_circuit_operator.py for tasks to queue
[2025-11-04T22:05:00.275-0300] {logging_mixin.py:188} INFO - [2025-11-04T22:05:00.275-0300] {dagbag.py:545} INFO - Filling up the DagBag from /Users/joaovitor/airflow_env/lib/python3.11/site-packages/airflow/example_dags/example_short_circuit_operator.py
[2025-11-04T22:05:00.303-0300] {processor.py:840} INFO - DAG(s) 'example_short_circuit_operator' retrieved from /Users/joaovitor/airflow_env/lib/python3.11/site-packages/airflow/example_dags/example_short_circuit_operator.py
[2025-11-04T22:05:00.408-0300] {logging_mixin.py:188} INFO - [2025-11-04T22:05:00.408-0300] {dag.py:3089} INFO - Sync 1 DAGs
[2025-11-04T22:05:00.425-0300] {logging_mixin.py:188} INFO - [2025-11-04T22:05:00.424-0300] {dag.py:3947} INFO - Setting next_dagrun for example_short_circuit_operator to 2025-11-04 00:00:00+00:00, run_after=2025-11-05 00:00:00+00:00
[2025-11-04T22:05:00.445-0300] {processor.py:183} INFO - Processing /Users/joaovitor/airflow_env/lib/python3.11/site-packages/airflow/example_dags/example_short_circuit_operator.py took 0.175 seconds
[2025-11-04T22:06:54.556-0300] {processor.py:161} INFO - Started process (PID=31511) to work on /Users/joaovitor/airflow_env/lib/python3.11/site-packages/airflow/example_dags/example_short_circuit_operator.py
[2025-11-04T22:06:54.557-0300] {processor.py:830} INFO - Processing file /Users/joaovitor/airflow_env/lib/python3.11/site-packages/airflow/example_dags/example_short_circuit_operator.py for tasks to queue
[2025-11-04T22:06:54.558-0300] {logging_mixin.py:188} INFO - [2025-11-04T22:06:54.557-0300] {dagbag.py:545} INFO - Filling up the DagBag from /Users/joaovitor/airflow_env/lib/python3.11/site-packages/airflow/example_dags/example_short_circuit_operator.py
[2025-11-04T22:06:54.587-0300] {processor.py:840} INFO - DAG(s) 'example_short_circuit_operator' retrieved from /Users/joaovitor/airflow_env/lib/python3.11/site-packages/airflow/example_dags/example_short_circuit_operator.py
[2025-11-04T22:06:54.692-0300] {logging_mixin.py:188} INFO - [2025-11-04T22:06:54.691-0300] {dag.py:3089} INFO - Sync 1 DAGs
[2025-11-04T22:06:54.708-0300] {logging_mixin.py:188} INFO - [2025-11-04T22:06:54.708-0300] {dag.py:3947} INFO - Setting next_dagrun for example_short_circuit_operator to 2025-11-04 00:00:00+00:00, run_after=2025-11-05 00:00:00+00:00
[2025-11-04T22:06:54.729-0300] {processor.py:183} INFO - Processing /Users/joaovitor/airflow_env/lib/python3.11/site-packages/airflow/example_dags/example_short_circuit_operator.py took 0.176 seconds
[2025-11-04T22:08:49.274-0300] {processor.py:161} INFO - Started process (PID=31552) to work on /Users/joaovitor/airflow_env/lib/python3.11/site-packages/airflow/example_dags/example_short_circuit_operator.py
[2025-11-04T22:08:49.275-0300] {processor.py:830} INFO - Processing file /Users/joaovitor/airflow_env/lib/python3.11/site-packages/airflow/example_dags/example_short_circuit_operator.py for tasks to queue
[2025-11-04T22:08:49.276-0300] {logging_mixin.py:188} INFO - [2025-11-04T22:08:49.276-0300] {dagbag.py:545} INFO - Filling up the DagBag from /Users/joaovitor/airflow_env/lib/python3.11/site-packages/airflow/example_dags/example_short_circuit_operator.py
[2025-11-04T22:08:49.304-0300] {processor.py:840} INFO - DAG(s) 'example_short_circuit_operator' retrieved from /Users/joaovitor/airflow_env/lib/python3.11/site-packages/airflow/example_dags/example_short_circuit_operator.py
[2025-11-04T22:08:49.409-0300] {logging_mixin.py:188} INFO - [2025-11-04T22:08:49.408-0300] {dag.py:3089} INFO - Sync 1 DAGs
[2025-11-04T22:08:49.425-0300] {logging_mixin.py:188} INFO - [2025-11-04T22:08:49.425-0300] {dag.py:3947} INFO - Setting next_dagrun for example_short_circuit_operator to 2025-11-04 00:00:00+00:00, run_after=2025-11-05 00:00:00+00:00
[2025-11-04T22:08:49.446-0300] {processor.py:183} INFO - Processing /Users/joaovitor/airflow_env/lib/python3.11/site-packages/airflow/example_dags/example_short_circuit_operator.py took 0.175 seconds
[2025-11-04T22:10:42.594-0300] {processor.py:161} INFO - Started process (PID=31600) to work on /Users/joaovitor/airflow_env/lib/python3.11/site-packages/airflow/example_dags/example_short_circuit_operator.py
[2025-11-04T22:10:42.595-0300] {processor.py:830} INFO - Processing file /Users/joaovitor/airflow_env/lib/python3.11/site-packages/airflow/example_dags/example_short_circuit_operator.py for tasks to queue
[2025-11-04T22:10:42.595-0300] {logging_mixin.py:188} INFO - [2025-11-04T22:10:42.595-0300] {dagbag.py:545} INFO - Filling up the DagBag from /Users/joaovitor/airflow_env/lib/python3.11/site-packages/airflow/example_dags/example_short_circuit_operator.py
[2025-11-04T22:10:42.625-0300] {processor.py:840} INFO - DAG(s) 'example_short_circuit_operator' retrieved from /Users/joaovitor/airflow_env/lib/python3.11/site-packages/airflow/example_dags/example_short_circuit_operator.py
[2025-11-04T22:10:42.756-0300] {logging_mixin.py:188} INFO - [2025-11-04T22:10:42.755-0300] {dag.py:3089} INFO - Sync 1 DAGs
[2025-11-04T22:10:42.774-0300] {logging_mixin.py:188} INFO - [2025-11-04T22:10:42.773-0300] {dag.py:3947} INFO - Setting next_dagrun for example_short_circuit_operator to 2025-11-04 00:00:00+00:00, run_after=2025-11-05 00:00:00+00:00
[2025-11-04T22:10:42.796-0300] {processor.py:183} INFO - Processing /Users/joaovitor/airflow_env/lib/python3.11/site-packages/airflow/example_dags/example_short_circuit_operator.py took 0.205 seconds
[2025-11-04T22:12:42.731-0300] {processor.py:161} INFO - Started process (PID=31644) to work on /Users/joaovitor/airflow_env/lib/python3.11/site-packages/airflow/example_dags/example_short_circuit_operator.py
[2025-11-04T22:12:42.732-0300] {processor.py:830} INFO - Processing file /Users/joaovitor/airflow_env/lib/python3.11/site-packages/airflow/example_dags/example_short_circuit_operator.py for tasks to queue
[2025-11-04T22:12:42.733-0300] {logging_mixin.py:188} INFO - [2025-11-04T22:12:42.733-0300] {dagbag.py:545} INFO - Filling up the DagBag from /Users/joaovitor/airflow_env/lib/python3.11/site-packages/airflow/example_dags/example_short_circuit_operator.py
[2025-11-04T22:12:42.766-0300] {processor.py:840} INFO - DAG(s) 'example_short_circuit_operator' retrieved from /Users/joaovitor/airflow_env/lib/python3.11/site-packages/airflow/example_dags/example_short_circuit_operator.py
[2025-11-04T22:12:42.883-0300] {logging_mixin.py:188} INFO - [2025-11-04T22:12:42.882-0300] {dag.py:3089} INFO - Sync 1 DAGs
[2025-11-04T22:12:42.902-0300] {logging_mixin.py:188} INFO - [2025-11-04T22:12:42.902-0300] {dag.py:3947} INFO - Setting next_dagrun for example_short_circuit_operator to 2025-11-04 00:00:00+00:00, run_after=2025-11-05 00:00:00+00:00
[2025-11-04T22:12:42.923-0300] {processor.py:183} INFO - Processing /Users/joaovitor/airflow_env/lib/python3.11/site-packages/airflow/example_dags/example_short_circuit_operator.py took 0.196 seconds
[2025-11-04T22:14:42.773-0300] {processor.py:161} INFO - Started process (PID=31696) to work on /Users/joaovitor/airflow_env/lib/python3.11/site-packages/airflow/example_dags/example_short_circuit_operator.py
[2025-11-04T22:14:42.774-0300] {processor.py:830} INFO - Processing file /Users/joaovitor/airflow_env/lib/python3.11/site-packages/airflow/example_dags/example_short_circuit_operator.py for tasks to queue
[2025-11-04T22:14:42.775-0300] {logging_mixin.py:188} INFO - [2025-11-04T22:14:42.774-0300] {dagbag.py:545} INFO - Filling up the DagBag from /Users/joaovitor/airflow_env/lib/python3.11/site-packages/airflow/example_dags/example_short_circuit_operator.py
[2025-11-04T22:14:42.806-0300] {processor.py:840} INFO - DAG(s) 'example_short_circuit_operator' retrieved from /Users/joaovitor/airflow_env/lib/python3.11/site-packages/airflow/example_dags/example_short_circuit_operator.py
[2025-11-04T22:14:42.925-0300] {logging_mixin.py:188} INFO - [2025-11-04T22:14:42.925-0300] {dag.py:3089} INFO - Sync 1 DAGs
[2025-11-04T22:14:42.943-0300] {logging_mixin.py:188} INFO - [2025-11-04T22:14:42.942-0300] {dag.py:3947} INFO - Setting next_dagrun for example_short_circuit_operator to 2025-11-04 00:00:00+00:00, run_after=2025-11-05 00:00:00+00:00
[2025-11-04T22:14:42.965-0300] {processor.py:183} INFO - Processing /Users/joaovitor/airflow_env/lib/python3.11/site-packages/airflow/example_dags/example_short_circuit_operator.py took 0.194 seconds
[2025-11-04T22:16:53.642-0300] {processor.py:161} INFO - Started process (PID=31753) to work on /Users/joaovitor/airflow_env/lib/python3.11/site-packages/airflow/example_dags/example_short_circuit_operator.py
[2025-11-04T22:16:53.643-0300] {processor.py:830} INFO - Processing file /Users/joaovitor/airflow_env/lib/python3.11/site-packages/airflow/example_dags/example_short_circuit_operator.py for tasks to queue
[2025-11-04T22:16:53.644-0300] {logging_mixin.py:188} INFO - [2025-11-04T22:16:53.643-0300] {dagbag.py:545} INFO - Filling up the DagBag from /Users/joaovitor/airflow_env/lib/python3.11/site-packages/airflow/example_dags/example_short_circuit_operator.py
[2025-11-04T22:16:53.674-0300] {processor.py:840} INFO - DAG(s) 'example_short_circuit_operator' retrieved from /Users/joaovitor/airflow_env/lib/python3.11/site-packages/airflow/example_dags/example_short_circuit_operator.py
[2025-11-04T22:16:53.780-0300] {logging_mixin.py:188} INFO - [2025-11-04T22:16:53.779-0300] {dag.py:3089} INFO - Sync 1 DAGs
[2025-11-04T22:16:53.796-0300] {logging_mixin.py:188} INFO - [2025-11-04T22:16:53.795-0300] {dag.py:3947} INFO - Setting next_dagrun for example_short_circuit_operator to 2025-11-04 00:00:00+00:00, run_after=2025-11-05 00:00:00+00:00
[2025-11-04T22:16:53.815-0300] {processor.py:183} INFO - Processing /Users/joaovitor/airflow_env/lib/python3.11/site-packages/airflow/example_dags/example_short_circuit_operator.py took 0.176 seconds
[2025-11-04T22:18:51.875-0300] {processor.py:161} INFO - Started process (PID=31801) to work on /Users/joaovitor/airflow_env/lib/python3.11/site-packages/airflow/example_dags/example_short_circuit_operator.py
[2025-11-04T22:18:51.877-0300] {processor.py:830} INFO - Processing file /Users/joaovitor/airflow_env/lib/python3.11/site-packages/airflow/example_dags/example_short_circuit_operator.py for tasks to queue
[2025-11-04T22:18:51.878-0300] {logging_mixin.py:188} INFO - [2025-11-04T22:18:51.878-0300] {dagbag.py:545} INFO - Filling up the DagBag from /Users/joaovitor/airflow_env/lib/python3.11/site-packages/airflow/example_dags/example_short_circuit_operator.py
[2025-11-04T22:18:51.906-0300] {processor.py:840} INFO - DAG(s) 'example_short_circuit_operator' retrieved from /Users/joaovitor/airflow_env/lib/python3.11/site-packages/airflow/example_dags/example_short_circuit_operator.py
[2025-11-04T22:18:52.009-0300] {logging_mixin.py:188} INFO - [2025-11-04T22:18:52.008-0300] {dag.py:3089} INFO - Sync 1 DAGs
[2025-11-04T22:18:52.025-0300] {logging_mixin.py:188} INFO - [2025-11-04T22:18:52.025-0300] {dag.py:3947} INFO - Setting next_dagrun for example_short_circuit_operator to 2025-11-04 00:00:00+00:00, run_after=2025-11-05 00:00:00+00:00
[2025-11-04T22:18:52.044-0300] {processor.py:183} INFO - Processing /Users/joaovitor/airflow_env/lib/python3.11/site-packages/airflow/example_dags/example_short_circuit_operator.py took 0.172 seconds
[2025-11-04T22:20:53.864-0300] {processor.py:161} INFO - Started process (PID=31841) to work on /Users/joaovitor/airflow_env/lib/python3.11/site-packages/airflow/example_dags/example_short_circuit_operator.py
[2025-11-04T22:20:53.866-0300] {processor.py:830} INFO - Processing file /Users/joaovitor/airflow_env/lib/python3.11/site-packages/airflow/example_dags/example_short_circuit_operator.py for tasks to queue
[2025-11-04T22:20:53.867-0300] {logging_mixin.py:188} INFO - [2025-11-04T22:20:53.867-0300] {dagbag.py:545} INFO - Filling up the DagBag from /Users/joaovitor/airflow_env/lib/python3.11/site-packages/airflow/example_dags/example_short_circuit_operator.py
[2025-11-04T22:20:53.897-0300] {processor.py:840} INFO - DAG(s) 'example_short_circuit_operator' retrieved from /Users/joaovitor/airflow_env/lib/python3.11/site-packages/airflow/example_dags/example_short_circuit_operator.py
[2025-11-04T22:20:54.014-0300] {logging_mixin.py:188} INFO - [2025-11-04T22:20:54.014-0300] {dag.py:3089} INFO - Sync 1 DAGs
[2025-11-04T22:20:54.033-0300] {logging_mixin.py:188} INFO - [2025-11-04T22:20:54.033-0300] {dag.py:3947} INFO - Setting next_dagrun for example_short_circuit_operator to 2025-11-04 00:00:00+00:00, run_after=2025-11-05 00:00:00+00:00
[2025-11-04T22:20:54.055-0300] {processor.py:183} INFO - Processing /Users/joaovitor/airflow_env/lib/python3.11/site-packages/airflow/example_dags/example_short_circuit_operator.py took 0.193 seconds
[2025-11-04T22:23:01.135-0300] {processor.py:161} INFO - Started process (PID=31940) to work on /Users/joaovitor/airflow_env/lib/python3.11/site-packages/airflow/example_dags/example_short_circuit_operator.py
[2025-11-04T22:23:01.139-0300] {processor.py:830} INFO - Processing file /Users/joaovitor/airflow_env/lib/python3.11/site-packages/airflow/example_dags/example_short_circuit_operator.py for tasks to queue
[2025-11-04T22:23:01.141-0300] {logging_mixin.py:188} INFO - [2025-11-04T22:23:01.140-0300] {dagbag.py:545} INFO - Filling up the DagBag from /Users/joaovitor/airflow_env/lib/python3.11/site-packages/airflow/example_dags/example_short_circuit_operator.py
[2025-11-04T22:23:01.180-0300] {processor.py:840} INFO - DAG(s) 'example_short_circuit_operator' retrieved from /Users/joaovitor/airflow_env/lib/python3.11/site-packages/airflow/example_dags/example_short_circuit_operator.py
[2025-11-04T22:23:01.306-0300] {logging_mixin.py:188} INFO - [2025-11-04T22:23:01.306-0300] {dag.py:3089} INFO - Sync 1 DAGs
[2025-11-04T22:23:01.324-0300] {logging_mixin.py:188} INFO - [2025-11-04T22:23:01.324-0300] {dag.py:3947} INFO - Setting next_dagrun for example_short_circuit_operator to 2025-11-04 00:00:00+00:00, run_after=2025-11-05 00:00:00+00:00
[2025-11-04T22:23:01.349-0300] {processor.py:183} INFO - Processing /Users/joaovitor/airflow_env/lib/python3.11/site-packages/airflow/example_dags/example_short_circuit_operator.py took 0.219 seconds
[2025-11-04T22:25:06.998-0300] {processor.py:161} INFO - Started process (PID=31981) to work on /Users/joaovitor/airflow_env/lib/python3.11/site-packages/airflow/example_dags/example_short_circuit_operator.py
[2025-11-04T22:25:06.999-0300] {processor.py:830} INFO - Processing file /Users/joaovitor/airflow_env/lib/python3.11/site-packages/airflow/example_dags/example_short_circuit_operator.py for tasks to queue
[2025-11-04T22:25:06.999-0300] {logging_mixin.py:188} INFO - [2025-11-04T22:25:06.999-0300] {dagbag.py:545} INFO - Filling up the DagBag from /Users/joaovitor/airflow_env/lib/python3.11/site-packages/airflow/example_dags/example_short_circuit_operator.py
[2025-11-04T22:25:07.035-0300] {processor.py:840} INFO - DAG(s) 'example_short_circuit_operator' retrieved from /Users/joaovitor/airflow_env/lib/python3.11/site-packages/airflow/example_dags/example_short_circuit_operator.py
[2025-11-04T22:25:07.152-0300] {logging_mixin.py:188} INFO - [2025-11-04T22:25:07.151-0300] {dag.py:3089} INFO - Sync 1 DAGs
[2025-11-04T22:25:07.174-0300] {logging_mixin.py:188} INFO - [2025-11-04T22:25:07.174-0300] {dag.py:3947} INFO - Setting next_dagrun for example_short_circuit_operator to 2025-11-04 00:00:00+00:00, run_after=2025-11-05 00:00:00+00:00
[2025-11-04T22:25:07.198-0300] {processor.py:183} INFO - Processing /Users/joaovitor/airflow_env/lib/python3.11/site-packages/airflow/example_dags/example_short_circuit_operator.py took 0.203 seconds
[2025-11-04T22:27:13.219-0300] {processor.py:161} INFO - Started process (PID=32023) to work on /Users/joaovitor/airflow_env/lib/python3.11/site-packages/airflow/example_dags/example_short_circuit_operator.py
[2025-11-04T22:27:13.220-0300] {processor.py:830} INFO - Processing file /Users/joaovitor/airflow_env/lib/python3.11/site-packages/airflow/example_dags/example_short_circuit_operator.py for tasks to queue
[2025-11-04T22:27:13.221-0300] {logging_mixin.py:188} INFO - [2025-11-04T22:27:13.220-0300] {dagbag.py:545} INFO - Filling up the DagBag from /Users/joaovitor/airflow_env/lib/python3.11/site-packages/airflow/example_dags/example_short_circuit_operator.py
[2025-11-04T22:27:13.251-0300] {processor.py:840} INFO - DAG(s) 'example_short_circuit_operator' retrieved from /Users/joaovitor/airflow_env/lib/python3.11/site-packages/airflow/example_dags/example_short_circuit_operator.py
[2025-11-04T22:27:13.379-0300] {logging_mixin.py:188} INFO - [2025-11-04T22:27:13.378-0300] {dag.py:3089} INFO - Sync 1 DAGs
[2025-11-04T22:27:13.400-0300] {logging_mixin.py:188} INFO - [2025-11-04T22:27:13.399-0300] {dag.py:3947} INFO - Setting next_dagrun for example_short_circuit_operator to 2025-11-04 00:00:00+00:00, run_after=2025-11-05 00:00:00+00:00
[2025-11-04T22:27:13.422-0300] {processor.py:183} INFO - Processing /Users/joaovitor/airflow_env/lib/python3.11/site-packages/airflow/example_dags/example_short_circuit_operator.py took 0.206 seconds
[2025-11-04T22:29:22.652-0300] {processor.py:161} INFO - Started process (PID=32065) to work on /Users/joaovitor/airflow_env/lib/python3.11/site-packages/airflow/example_dags/example_short_circuit_operator.py
[2025-11-04T22:29:22.653-0300] {processor.py:830} INFO - Processing file /Users/joaovitor/airflow_env/lib/python3.11/site-packages/airflow/example_dags/example_short_circuit_operator.py for tasks to queue
[2025-11-04T22:29:22.654-0300] {logging_mixin.py:188} INFO - [2025-11-04T22:29:22.654-0300] {dagbag.py:545} INFO - Filling up the DagBag from /Users/joaovitor/airflow_env/lib/python3.11/site-packages/airflow/example_dags/example_short_circuit_operator.py
[2025-11-04T22:29:22.684-0300] {processor.py:840} INFO - DAG(s) 'example_short_circuit_operator' retrieved from /Users/joaovitor/airflow_env/lib/python3.11/site-packages/airflow/example_dags/example_short_circuit_operator.py
[2025-11-04T22:29:22.800-0300] {logging_mixin.py:188} INFO - [2025-11-04T22:29:22.800-0300] {dag.py:3089} INFO - Sync 1 DAGs
[2025-11-04T22:29:22.819-0300] {logging_mixin.py:188} INFO - [2025-11-04T22:29:22.818-0300] {dag.py:3947} INFO - Setting next_dagrun for example_short_circuit_operator to 2025-11-04 00:00:00+00:00, run_after=2025-11-05 00:00:00+00:00
[2025-11-04T22:29:22.842-0300] {processor.py:183} INFO - Processing /Users/joaovitor/airflow_env/lib/python3.11/site-packages/airflow/example_dags/example_short_circuit_operator.py took 0.193 seconds
[2025-11-04T22:31:44.231-0300] {processor.py:161} INFO - Started process (PID=32160) to work on /Users/joaovitor/airflow_env/lib/python3.11/site-packages/airflow/example_dags/example_short_circuit_operator.py
[2025-11-04T22:31:44.233-0300] {processor.py:830} INFO - Processing file /Users/joaovitor/airflow_env/lib/python3.11/site-packages/airflow/example_dags/example_short_circuit_operator.py for tasks to queue
[2025-11-04T22:31:44.233-0300] {logging_mixin.py:188} INFO - [2025-11-04T22:31:44.233-0300] {dagbag.py:545} INFO - Filling up the DagBag from /Users/joaovitor/airflow_env/lib/python3.11/site-packages/airflow/example_dags/example_short_circuit_operator.py
[2025-11-04T22:31:44.261-0300] {processor.py:840} INFO - DAG(s) 'example_short_circuit_operator' retrieved from /Users/joaovitor/airflow_env/lib/python3.11/site-packages/airflow/example_dags/example_short_circuit_operator.py
[2025-11-04T22:31:44.365-0300] {logging_mixin.py:188} INFO - [2025-11-04T22:31:44.364-0300] {dag.py:3089} INFO - Sync 1 DAGs
[2025-11-04T22:31:44.381-0300] {logging_mixin.py:188} INFO - [2025-11-04T22:31:44.381-0300] {dag.py:3947} INFO - Setting next_dagrun for example_short_circuit_operator to 2025-11-04 00:00:00+00:00, run_after=2025-11-05 00:00:00+00:00
[2025-11-04T22:31:44.401-0300] {processor.py:183} INFO - Processing /Users/joaovitor/airflow_env/lib/python3.11/site-packages/airflow/example_dags/example_short_circuit_operator.py took 0.173 seconds
[2025-11-04T22:34:31.214-0300] {processor.py:161} INFO - Started process (PID=32335) to work on /Users/joaovitor/airflow_env/lib/python3.11/site-packages/airflow/example_dags/example_short_circuit_operator.py
[2025-11-04T22:34:31.217-0300] {processor.py:830} INFO - Processing file /Users/joaovitor/airflow_env/lib/python3.11/site-packages/airflow/example_dags/example_short_circuit_operator.py for tasks to queue
[2025-11-04T22:34:31.218-0300] {logging_mixin.py:188} INFO - [2025-11-04T22:34:31.218-0300] {dagbag.py:545} INFO - Filling up the DagBag from /Users/joaovitor/airflow_env/lib/python3.11/site-packages/airflow/example_dags/example_short_circuit_operator.py
[2025-11-04T22:34:31.247-0300] {processor.py:840} INFO - DAG(s) 'example_short_circuit_operator' retrieved from /Users/joaovitor/airflow_env/lib/python3.11/site-packages/airflow/example_dags/example_short_circuit_operator.py
[2025-11-04T22:34:31.439-0300] {logging_mixin.py:188} INFO - [2025-11-04T22:34:31.438-0300] {dag.py:3089} INFO - Sync 1 DAGs
[2025-11-04T22:34:31.486-0300] {logging_mixin.py:188} INFO - [2025-11-04T22:34:31.485-0300] {dag.py:3947} INFO - Setting next_dagrun for example_short_circuit_operator to 2025-11-04 00:00:00+00:00, run_after=2025-11-05 00:00:00+00:00
[2025-11-04T22:34:31.520-0300] {processor.py:183} INFO - Processing /Users/joaovitor/airflow_env/lib/python3.11/site-packages/airflow/example_dags/example_short_circuit_operator.py took 0.309 seconds
[2025-11-04T22:36:42.247-0300] {processor.py:161} INFO - Started process (PID=32501) to work on /Users/joaovitor/airflow_env/lib/python3.11/site-packages/airflow/example_dags/example_short_circuit_operator.py
[2025-11-04T22:36:42.249-0300] {processor.py:830} INFO - Processing file /Users/joaovitor/airflow_env/lib/python3.11/site-packages/airflow/example_dags/example_short_circuit_operator.py for tasks to queue
[2025-11-04T22:36:42.250-0300] {logging_mixin.py:188} INFO - [2025-11-04T22:36:42.250-0300] {dagbag.py:545} INFO - Filling up the DagBag from /Users/joaovitor/airflow_env/lib/python3.11/site-packages/airflow/example_dags/example_short_circuit_operator.py
[2025-11-04T22:36:42.285-0300] {processor.py:840} INFO - DAG(s) 'example_short_circuit_operator' retrieved from /Users/joaovitor/airflow_env/lib/python3.11/site-packages/airflow/example_dags/example_short_circuit_operator.py
[2025-11-04T22:36:42.408-0300] {logging_mixin.py:188} INFO - [2025-11-04T22:36:42.408-0300] {dag.py:3089} INFO - Sync 1 DAGs
[2025-11-04T22:36:42.426-0300] {logging_mixin.py:188} INFO - [2025-11-04T22:36:42.426-0300] {dag.py:3947} INFO - Setting next_dagrun for example_short_circuit_operator to 2025-11-04 00:00:00+00:00, run_after=2025-11-05 00:00:00+00:00
[2025-11-04T22:36:42.452-0300] {processor.py:183} INFO - Processing /Users/joaovitor/airflow_env/lib/python3.11/site-packages/airflow/example_dags/example_short_circuit_operator.py took 0.209 seconds
[2025-11-04T22:39:07.689-0300] {processor.py:161} INFO - Started process (PID=32667) to work on /Users/joaovitor/airflow_env/lib/python3.11/site-packages/airflow/example_dags/example_short_circuit_operator.py
[2025-11-04T22:39:07.691-0300] {processor.py:830} INFO - Processing file /Users/joaovitor/airflow_env/lib/python3.11/site-packages/airflow/example_dags/example_short_circuit_operator.py for tasks to queue
[2025-11-04T22:39:07.693-0300] {logging_mixin.py:188} INFO - [2025-11-04T22:39:07.692-0300] {dagbag.py:545} INFO - Filling up the DagBag from /Users/joaovitor/airflow_env/lib/python3.11/site-packages/airflow/example_dags/example_short_circuit_operator.py
[2025-11-04T22:39:07.723-0300] {processor.py:840} INFO - DAG(s) 'example_short_circuit_operator' retrieved from /Users/joaovitor/airflow_env/lib/python3.11/site-packages/airflow/example_dags/example_short_circuit_operator.py
[2025-11-04T22:39:07.964-0300] {logging_mixin.py:188} INFO - [2025-11-04T22:39:07.964-0300] {dag.py:3089} INFO - Sync 1 DAGs
[2025-11-04T22:39:08.053-0300] {logging_mixin.py:188} INFO - [2025-11-04T22:39:08.052-0300] {dag.py:3947} INFO - Setting next_dagrun for example_short_circuit_operator to 2025-11-04 00:00:00+00:00, run_after=2025-11-05 00:00:00+00:00
[2025-11-04T22:39:08.078-0300] {processor.py:183} INFO - Processing /Users/joaovitor/airflow_env/lib/python3.11/site-packages/airflow/example_dags/example_short_circuit_operator.py took 0.392 seconds
[2025-11-04T22:41:30.976-0300] {processor.py:161} INFO - Started process (PID=32719) to work on /Users/joaovitor/airflow_env/lib/python3.11/site-packages/airflow/example_dags/example_short_circuit_operator.py
[2025-11-04T22:41:30.978-0300] {processor.py:830} INFO - Processing file /Users/joaovitor/airflow_env/lib/python3.11/site-packages/airflow/example_dags/example_short_circuit_operator.py for tasks to queue
[2025-11-04T22:41:30.979-0300] {logging_mixin.py:188} INFO - [2025-11-04T22:41:30.979-0300] {dagbag.py:545} INFO - Filling up the DagBag from /Users/joaovitor/airflow_env/lib/python3.11/site-packages/airflow/example_dags/example_short_circuit_operator.py
[2025-11-04T22:41:31.023-0300] {processor.py:840} INFO - DAG(s) 'example_short_circuit_operator' retrieved from /Users/joaovitor/airflow_env/lib/python3.11/site-packages/airflow/example_dags/example_short_circuit_operator.py
[2025-11-04T22:41:31.157-0300] {logging_mixin.py:188} INFO - [2025-11-04T22:41:31.157-0300] {dag.py:3089} INFO - Sync 1 DAGs
[2025-11-04T22:41:31.178-0300] {logging_mixin.py:188} INFO - [2025-11-04T22:41:31.178-0300] {dag.py:3947} INFO - Setting next_dagrun for example_short_circuit_operator to 2025-11-04 00:00:00+00:00, run_after=2025-11-05 00:00:00+00:00
[2025-11-04T22:41:31.200-0300] {processor.py:183} INFO - Processing /Users/joaovitor/airflow_env/lib/python3.11/site-packages/airflow/example_dags/example_short_circuit_operator.py took 0.227 seconds
[2025-11-04T22:43:51.695-0300] {processor.py:161} INFO - Started process (PID=32780) to work on /Users/joaovitor/airflow_env/lib/python3.11/site-packages/airflow/example_dags/example_short_circuit_operator.py
[2025-11-04T22:43:51.700-0300] {processor.py:830} INFO - Processing file /Users/joaovitor/airflow_env/lib/python3.11/site-packages/airflow/example_dags/example_short_circuit_operator.py for tasks to queue
[2025-11-04T22:43:51.701-0300] {logging_mixin.py:188} INFO - [2025-11-04T22:43:51.701-0300] {dagbag.py:545} INFO - Filling up the DagBag from /Users/joaovitor/airflow_env/lib/python3.11/site-packages/airflow/example_dags/example_short_circuit_operator.py
[2025-11-04T22:43:51.734-0300] {processor.py:840} INFO - DAG(s) 'example_short_circuit_operator' retrieved from /Users/joaovitor/airflow_env/lib/python3.11/site-packages/airflow/example_dags/example_short_circuit_operator.py
[2025-11-04T22:43:51.857-0300] {logging_mixin.py:188} INFO - [2025-11-04T22:43:51.857-0300] {dag.py:3089} INFO - Sync 1 DAGs
[2025-11-04T22:43:51.875-0300] {logging_mixin.py:188} INFO - [2025-11-04T22:43:51.875-0300] {dag.py:3947} INFO - Setting next_dagrun for example_short_circuit_operator to 2025-11-04 00:00:00+00:00, run_after=2025-11-05 00:00:00+00:00
[2025-11-04T22:43:51.897-0300] {processor.py:183} INFO - Processing /Users/joaovitor/airflow_env/lib/python3.11/site-packages/airflow/example_dags/example_short_circuit_operator.py took 0.205 seconds
[2025-11-04T22:46:11.077-0300] {processor.py:161} INFO - Started process (PID=32825) to work on /Users/joaovitor/airflow_env/lib/python3.11/site-packages/airflow/example_dags/example_short_circuit_operator.py
[2025-11-04T22:46:11.079-0300] {processor.py:830} INFO - Processing file /Users/joaovitor/airflow_env/lib/python3.11/site-packages/airflow/example_dags/example_short_circuit_operator.py for tasks to queue
[2025-11-04T22:46:11.080-0300] {logging_mixin.py:188} INFO - [2025-11-04T22:46:11.080-0300] {dagbag.py:545} INFO - Filling up the DagBag from /Users/joaovitor/airflow_env/lib/python3.11/site-packages/airflow/example_dags/example_short_circuit_operator.py
[2025-11-04T22:46:11.108-0300] {processor.py:840} INFO - DAG(s) 'example_short_circuit_operator' retrieved from /Users/joaovitor/airflow_env/lib/python3.11/site-packages/airflow/example_dags/example_short_circuit_operator.py
[2025-11-04T22:46:11.233-0300] {logging_mixin.py:188} INFO - [2025-11-04T22:46:11.232-0300] {dag.py:3089} INFO - Sync 1 DAGs
[2025-11-04T22:46:11.251-0300] {logging_mixin.py:188} INFO - [2025-11-04T22:46:11.251-0300] {dag.py:3947} INFO - Setting next_dagrun for example_short_circuit_operator to 2025-11-04 00:00:00+00:00, run_after=2025-11-05 00:00:00+00:00
[2025-11-04T22:46:11.272-0300] {processor.py:183} INFO - Processing /Users/joaovitor/airflow_env/lib/python3.11/site-packages/airflow/example_dags/example_short_circuit_operator.py took 0.198 seconds
[2025-11-04T22:48:23.888-0300] {processor.py:161} INFO - Started process (PID=32891) to work on /Users/joaovitor/airflow_env/lib/python3.11/site-packages/airflow/example_dags/example_short_circuit_operator.py
[2025-11-04T22:48:23.890-0300] {processor.py:830} INFO - Processing file /Users/joaovitor/airflow_env/lib/python3.11/site-packages/airflow/example_dags/example_short_circuit_operator.py for tasks to queue
[2025-11-04T22:48:23.891-0300] {logging_mixin.py:188} INFO - [2025-11-04T22:48:23.891-0300] {dagbag.py:545} INFO - Filling up the DagBag from /Users/joaovitor/airflow_env/lib/python3.11/site-packages/airflow/example_dags/example_short_circuit_operator.py
[2025-11-04T22:48:23.919-0300] {processor.py:840} INFO - DAG(s) 'example_short_circuit_operator' retrieved from /Users/joaovitor/airflow_env/lib/python3.11/site-packages/airflow/example_dags/example_short_circuit_operator.py
[2025-11-04T22:48:24.027-0300] {logging_mixin.py:188} INFO - [2025-11-04T22:48:24.027-0300] {dag.py:3089} INFO - Sync 1 DAGs
[2025-11-04T22:48:24.046-0300] {logging_mixin.py:188} INFO - [2025-11-04T22:48:24.046-0300] {dag.py:3947} INFO - Setting next_dagrun for example_short_circuit_operator to 2025-11-04 00:00:00+00:00, run_after=2025-11-05 00:00:00+00:00
[2025-11-04T22:48:24.066-0300] {processor.py:183} INFO - Processing /Users/joaovitor/airflow_env/lib/python3.11/site-packages/airflow/example_dags/example_short_circuit_operator.py took 0.181 seconds
[2025-11-04T22:50:33.288-0300] {processor.py:161} INFO - Started process (PID=32949) to work on /Users/joaovitor/airflow_env/lib/python3.11/site-packages/airflow/example_dags/example_short_circuit_operator.py
[2025-11-04T22:50:33.290-0300] {processor.py:830} INFO - Processing file /Users/joaovitor/airflow_env/lib/python3.11/site-packages/airflow/example_dags/example_short_circuit_operator.py for tasks to queue
[2025-11-04T22:50:33.291-0300] {logging_mixin.py:188} INFO - [2025-11-04T22:50:33.291-0300] {dagbag.py:545} INFO - Filling up the DagBag from /Users/joaovitor/airflow_env/lib/python3.11/site-packages/airflow/example_dags/example_short_circuit_operator.py
[2025-11-04T22:50:33.324-0300] {processor.py:840} INFO - DAG(s) 'example_short_circuit_operator' retrieved from /Users/joaovitor/airflow_env/lib/python3.11/site-packages/airflow/example_dags/example_short_circuit_operator.py
[2025-11-04T22:50:33.446-0300] {logging_mixin.py:188} INFO - [2025-11-04T22:50:33.445-0300] {dag.py:3089} INFO - Sync 1 DAGs
[2025-11-04T22:50:33.464-0300] {logging_mixin.py:188} INFO - [2025-11-04T22:50:33.464-0300] {dag.py:3947} INFO - Setting next_dagrun for example_short_circuit_operator to 2025-11-04 00:00:00+00:00, run_after=2025-11-05 00:00:00+00:00
[2025-11-04T22:50:33.491-0300] {processor.py:183} INFO - Processing /Users/joaovitor/airflow_env/lib/python3.11/site-packages/airflow/example_dags/example_short_circuit_operator.py took 0.208 seconds
[2025-11-04T22:52:55.163-0300] {processor.py:161} INFO - Started process (PID=32998) to work on /Users/joaovitor/airflow_env/lib/python3.11/site-packages/airflow/example_dags/example_short_circuit_operator.py
[2025-11-04T22:52:55.165-0300] {processor.py:830} INFO - Processing file /Users/joaovitor/airflow_env/lib/python3.11/site-packages/airflow/example_dags/example_short_circuit_operator.py for tasks to queue
[2025-11-04T22:52:55.166-0300] {logging_mixin.py:188} INFO - [2025-11-04T22:52:55.166-0300] {dagbag.py:545} INFO - Filling up the DagBag from /Users/joaovitor/airflow_env/lib/python3.11/site-packages/airflow/example_dags/example_short_circuit_operator.py
[2025-11-04T22:52:55.212-0300] {processor.py:840} INFO - DAG(s) 'example_short_circuit_operator' retrieved from /Users/joaovitor/airflow_env/lib/python3.11/site-packages/airflow/example_dags/example_short_circuit_operator.py
[2025-11-04T22:52:55.362-0300] {logging_mixin.py:188} INFO - [2025-11-04T22:52:55.362-0300] {dag.py:3089} INFO - Sync 1 DAGs
[2025-11-04T22:52:55.390-0300] {logging_mixin.py:188} INFO - [2025-11-04T22:52:55.390-0300] {dag.py:3947} INFO - Setting next_dagrun for example_short_circuit_operator to 2025-11-04 00:00:00+00:00, run_after=2025-11-05 00:00:00+00:00
[2025-11-04T22:52:55.441-0300] {processor.py:183} INFO - Processing /Users/joaovitor/airflow_env/lib/python3.11/site-packages/airflow/example_dags/example_short_circuit_operator.py took 0.281 seconds
[2025-11-04T22:55:15.660-0300] {processor.py:161} INFO - Started process (PID=33049) to work on /Users/joaovitor/airflow_env/lib/python3.11/site-packages/airflow/example_dags/example_short_circuit_operator.py
[2025-11-04T22:55:15.662-0300] {processor.py:830} INFO - Processing file /Users/joaovitor/airflow_env/lib/python3.11/site-packages/airflow/example_dags/example_short_circuit_operator.py for tasks to queue
[2025-11-04T22:55:15.663-0300] {logging_mixin.py:188} INFO - [2025-11-04T22:55:15.663-0300] {dagbag.py:545} INFO - Filling up the DagBag from /Users/joaovitor/airflow_env/lib/python3.11/site-packages/airflow/example_dags/example_short_circuit_operator.py
[2025-11-04T22:55:15.699-0300] {processor.py:840} INFO - DAG(s) 'example_short_circuit_operator' retrieved from /Users/joaovitor/airflow_env/lib/python3.11/site-packages/airflow/example_dags/example_short_circuit_operator.py
[2025-11-04T22:55:15.829-0300] {logging_mixin.py:188} INFO - [2025-11-04T22:55:15.828-0300] {dag.py:3089} INFO - Sync 1 DAGs
[2025-11-04T22:55:15.848-0300] {logging_mixin.py:188} INFO - [2025-11-04T22:55:15.847-0300] {dag.py:3947} INFO - Setting next_dagrun for example_short_circuit_operator to 2025-11-04 00:00:00+00:00, run_after=2025-11-05 00:00:00+00:00
[2025-11-04T22:55:15.876-0300] {processor.py:183} INFO - Processing /Users/joaovitor/airflow_env/lib/python3.11/site-packages/airflow/example_dags/example_short_circuit_operator.py took 0.218 seconds
[2025-11-04T22:57:28.127-0300] {processor.py:161} INFO - Started process (PID=33092) to work on /Users/joaovitor/airflow_env/lib/python3.11/site-packages/airflow/example_dags/example_short_circuit_operator.py
[2025-11-04T22:57:28.129-0300] {processor.py:830} INFO - Processing file /Users/joaovitor/airflow_env/lib/python3.11/site-packages/airflow/example_dags/example_short_circuit_operator.py for tasks to queue
[2025-11-04T22:57:28.129-0300] {logging_mixin.py:188} INFO - [2025-11-04T22:57:28.129-0300] {dagbag.py:545} INFO - Filling up the DagBag from /Users/joaovitor/airflow_env/lib/python3.11/site-packages/airflow/example_dags/example_short_circuit_operator.py
[2025-11-04T22:57:28.165-0300] {processor.py:840} INFO - DAG(s) 'example_short_circuit_operator' retrieved from /Users/joaovitor/airflow_env/lib/python3.11/site-packages/airflow/example_dags/example_short_circuit_operator.py
[2025-11-04T22:57:28.341-0300] {logging_mixin.py:188} INFO - [2025-11-04T22:57:28.340-0300] {dag.py:3089} INFO - Sync 1 DAGs
[2025-11-04T22:57:28.367-0300] {logging_mixin.py:188} INFO - [2025-11-04T22:57:28.366-0300] {dag.py:3947} INFO - Setting next_dagrun for example_short_circuit_operator to 2025-11-04 00:00:00+00:00, run_after=2025-11-05 00:00:00+00:00
[2025-11-04T22:57:28.400-0300] {processor.py:183} INFO - Processing /Users/joaovitor/airflow_env/lib/python3.11/site-packages/airflow/example_dags/example_short_circuit_operator.py took 0.277 seconds
[2025-11-04T22:59:47.597-0300] {processor.py:161} INFO - Started process (PID=33139) to work on /Users/joaovitor/airflow_env/lib/python3.11/site-packages/airflow/example_dags/example_short_circuit_operator.py
[2025-11-04T22:59:47.597-0300] {processor.py:830} INFO - Processing file /Users/joaovitor/airflow_env/lib/python3.11/site-packages/airflow/example_dags/example_short_circuit_operator.py for tasks to queue
[2025-11-04T22:59:47.598-0300] {logging_mixin.py:188} INFO - [2025-11-04T22:59:47.598-0300] {dagbag.py:545} INFO - Filling up the DagBag from /Users/joaovitor/airflow_env/lib/python3.11/site-packages/airflow/example_dags/example_short_circuit_operator.py
[2025-11-04T22:59:47.625-0300] {processor.py:840} INFO - DAG(s) 'example_short_circuit_operator' retrieved from /Users/joaovitor/airflow_env/lib/python3.11/site-packages/airflow/example_dags/example_short_circuit_operator.py
[2025-11-04T22:59:47.870-0300] {logging_mixin.py:188} INFO - [2025-11-04T22:59:47.869-0300] {dag.py:3089} INFO - Sync 1 DAGs
[2025-11-04T22:59:47.908-0300] {logging_mixin.py:188} INFO - [2025-11-04T22:59:47.907-0300] {dag.py:3947} INFO - Setting next_dagrun for example_short_circuit_operator to 2025-11-04 00:00:00+00:00, run_after=2025-11-05 00:00:00+00:00
[2025-11-04T22:59:47.942-0300] {processor.py:183} INFO - Processing /Users/joaovitor/airflow_env/lib/python3.11/site-packages/airflow/example_dags/example_short_circuit_operator.py took 0.349 seconds
[2025-11-04T23:02:06.709-0300] {processor.py:161} INFO - Started process (PID=33183) to work on /Users/joaovitor/airflow_env/lib/python3.11/site-packages/airflow/example_dags/example_short_circuit_operator.py
[2025-11-04T23:02:06.711-0300] {processor.py:830} INFO - Processing file /Users/joaovitor/airflow_env/lib/python3.11/site-packages/airflow/example_dags/example_short_circuit_operator.py for tasks to queue
[2025-11-04T23:02:06.712-0300] {logging_mixin.py:188} INFO - [2025-11-04T23:02:06.712-0300] {dagbag.py:545} INFO - Filling up the DagBag from /Users/joaovitor/airflow_env/lib/python3.11/site-packages/airflow/example_dags/example_short_circuit_operator.py
[2025-11-04T23:02:06.749-0300] {processor.py:840} INFO - DAG(s) 'example_short_circuit_operator' retrieved from /Users/joaovitor/airflow_env/lib/python3.11/site-packages/airflow/example_dags/example_short_circuit_operator.py
[2025-11-04T23:02:06.869-0300] {logging_mixin.py:188} INFO - [2025-11-04T23:02:06.868-0300] {dag.py:3089} INFO - Sync 1 DAGs
[2025-11-04T23:02:06.886-0300] {logging_mixin.py:188} INFO - [2025-11-04T23:02:06.885-0300] {dag.py:3947} INFO - Setting next_dagrun for example_short_circuit_operator to 2025-11-04 00:00:00+00:00, run_after=2025-11-05 00:00:00+00:00
[2025-11-04T23:02:06.913-0300] {processor.py:183} INFO - Processing /Users/joaovitor/airflow_env/lib/python3.11/site-packages/airflow/example_dags/example_short_circuit_operator.py took 0.207 seconds
[2025-11-04T23:04:26.179-0300] {processor.py:161} INFO - Started process (PID=33254) to work on /Users/joaovitor/airflow_env/lib/python3.11/site-packages/airflow/example_dags/example_short_circuit_operator.py
[2025-11-04T23:04:26.181-0300] {processor.py:830} INFO - Processing file /Users/joaovitor/airflow_env/lib/python3.11/site-packages/airflow/example_dags/example_short_circuit_operator.py for tasks to queue
[2025-11-04T23:04:26.182-0300] {logging_mixin.py:188} INFO - [2025-11-04T23:04:26.182-0300] {dagbag.py:545} INFO - Filling up the DagBag from /Users/joaovitor/airflow_env/lib/python3.11/site-packages/airflow/example_dags/example_short_circuit_operator.py
[2025-11-04T23:04:26.223-0300] {processor.py:840} INFO - DAG(s) 'example_short_circuit_operator' retrieved from /Users/joaovitor/airflow_env/lib/python3.11/site-packages/airflow/example_dags/example_short_circuit_operator.py
[2025-11-04T23:04:26.380-0300] {logging_mixin.py:188} INFO - [2025-11-04T23:04:26.379-0300] {dag.py:3089} INFO - Sync 1 DAGs
[2025-11-04T23:04:26.412-0300] {logging_mixin.py:188} INFO - [2025-11-04T23:04:26.411-0300] {dag.py:3947} INFO - Setting next_dagrun for example_short_circuit_operator to 2025-11-04 00:00:00+00:00, run_after=2025-11-05 00:00:00+00:00
[2025-11-04T23:04:26.441-0300] {processor.py:183} INFO - Processing /Users/joaovitor/airflow_env/lib/python3.11/site-packages/airflow/example_dags/example_short_circuit_operator.py took 0.266 seconds
