[2025-11-04T21:46:20.088-0300] {processor.py:161} INFO - Started process (PID=31065) to work on /Users/joaovitor/airflow_env/lib/python3.11/site-packages/airflow/example_dags/example_task_group_decorator.py
[2025-11-04T21:46:20.088-0300] {processor.py:830} INFO - Processing file /Users/joaovitor/airflow_env/lib/python3.11/site-packages/airflow/example_dags/example_task_group_decorator.py for tasks to queue
[2025-11-04T21:46:20.089-0300] {logging_mixin.py:188} INFO - [2025-11-04T21:46:20.089-0300] {dagbag.py:545} INFO - Filling up the DagBag from /Users/joaovitor/airflow_env/lib/python3.11/site-packages/airflow/example_dags/example_task_group_decorator.py
[2025-11-04T21:46:20.140-0300] {processor.py:840} INFO - DAG(s) 'example_task_group_decorator' retrieved from /Users/joaovitor/airflow_env/lib/python3.11/site-packages/airflow/example_dags/example_task_group_decorator.py
[2025-11-04T21:46:20.367-0300] {logging_mixin.py:188} INFO - [2025-11-04T21:46:20.366-0300] {override.py:1858} INFO - Created Permission View: can edit on DAG:example_task_group_decorator
[2025-11-04T21:46:20.378-0300] {logging_mixin.py:188} INFO - [2025-11-04T21:46:20.377-0300] {override.py:1858} INFO - Created Permission View: can delete on DAG:example_task_group_decorator
[2025-11-04T21:46:20.386-0300] {logging_mixin.py:188} INFO - [2025-11-04T21:46:20.386-0300] {override.py:1858} INFO - Created Permission View: can read on DAG:example_task_group_decorator
[2025-11-04T21:46:20.387-0300] {logging_mixin.py:188} INFO - [2025-11-04T21:46:20.386-0300] {dag.py:3089} INFO - Sync 1 DAGs
[2025-11-04T21:46:20.466-0300] {logging_mixin.py:188} INFO - [2025-11-04T21:46:20.466-0300] {dag.py:3111} INFO - Creating ORM DAG for example_task_group_decorator
[2025-11-04T21:46:20.474-0300] {logging_mixin.py:188} INFO - [2025-11-04T21:46:20.474-0300] {dag.py:3947} INFO - Setting next_dagrun for example_task_group_decorator to 2025-11-04 00:00:00+00:00, run_after=2025-11-05 00:00:00+00:00
[2025-11-04T21:46:20.495-0300] {processor.py:183} INFO - Processing /Users/joaovitor/airflow_env/lib/python3.11/site-packages/airflow/example_dags/example_task_group_decorator.py took 0.410 seconds
[2025-11-04T21:49:21.556-0300] {processor.py:161} INFO - Started process (PID=31158) to work on /Users/joaovitor/airflow_env/lib/python3.11/site-packages/airflow/example_dags/example_task_group_decorator.py
[2025-11-04T21:49:21.558-0300] {processor.py:830} INFO - Processing file /Users/joaovitor/airflow_env/lib/python3.11/site-packages/airflow/example_dags/example_task_group_decorator.py for tasks to queue
[2025-11-04T21:49:21.559-0300] {logging_mixin.py:188} INFO - [2025-11-04T21:49:21.558-0300] {dagbag.py:545} INFO - Filling up the DagBag from /Users/joaovitor/airflow_env/lib/python3.11/site-packages/airflow/example_dags/example_task_group_decorator.py
[2025-11-04T21:49:21.615-0300] {processor.py:840} INFO - DAG(s) 'example_task_group_decorator' retrieved from /Users/joaovitor/airflow_env/lib/python3.11/site-packages/airflow/example_dags/example_task_group_decorator.py
[2025-11-04T21:49:21.750-0300] {logging_mixin.py:188} INFO - [2025-11-04T21:49:21.750-0300] {dag.py:3089} INFO - Sync 1 DAGs
[2025-11-04T21:49:21.771-0300] {logging_mixin.py:188} INFO - [2025-11-04T21:49:21.771-0300] {dag.py:3947} INFO - Setting next_dagrun for example_task_group_decorator to 2025-11-04 00:00:00+00:00, run_after=2025-11-05 00:00:00+00:00
[2025-11-04T21:49:21.794-0300] {processor.py:183} INFO - Processing /Users/joaovitor/airflow_env/lib/python3.11/site-packages/airflow/example_dags/example_task_group_decorator.py took 0.242 seconds
[2025-11-04T21:51:39.086-0300] {processor.py:161} INFO - Started process (PID=31227) to work on /Users/joaovitor/airflow_env/lib/python3.11/site-packages/airflow/example_dags/example_task_group_decorator.py
[2025-11-04T21:51:39.088-0300] {processor.py:830} INFO - Processing file /Users/joaovitor/airflow_env/lib/python3.11/site-packages/airflow/example_dags/example_task_group_decorator.py for tasks to queue
[2025-11-04T21:51:39.089-0300] {logging_mixin.py:188} INFO - [2025-11-04T21:51:39.089-0300] {dagbag.py:545} INFO - Filling up the DagBag from /Users/joaovitor/airflow_env/lib/python3.11/site-packages/airflow/example_dags/example_task_group_decorator.py
[2025-11-04T21:51:39.133-0300] {processor.py:840} INFO - DAG(s) 'example_task_group_decorator' retrieved from /Users/joaovitor/airflow_env/lib/python3.11/site-packages/airflow/example_dags/example_task_group_decorator.py
[2025-11-04T21:51:39.244-0300] {logging_mixin.py:188} INFO - [2025-11-04T21:51:39.243-0300] {dag.py:3089} INFO - Sync 1 DAGs
[2025-11-04T21:51:39.260-0300] {logging_mixin.py:188} INFO - [2025-11-04T21:51:39.260-0300] {dag.py:3947} INFO - Setting next_dagrun for example_task_group_decorator to 2025-11-04 00:00:00+00:00, run_after=2025-11-05 00:00:00+00:00
[2025-11-04T21:51:39.282-0300] {processor.py:183} INFO - Processing /Users/joaovitor/airflow_env/lib/python3.11/site-packages/airflow/example_dags/example_task_group_decorator.py took 0.198 seconds
[2025-11-04T21:53:35.648-0300] {processor.py:161} INFO - Started process (PID=31269) to work on /Users/joaovitor/airflow_env/lib/python3.11/site-packages/airflow/example_dags/example_task_group_decorator.py
[2025-11-04T21:53:35.649-0300] {processor.py:830} INFO - Processing file /Users/joaovitor/airflow_env/lib/python3.11/site-packages/airflow/example_dags/example_task_group_decorator.py for tasks to queue
[2025-11-04T21:53:35.650-0300] {logging_mixin.py:188} INFO - [2025-11-04T21:53:35.650-0300] {dagbag.py:545} INFO - Filling up the DagBag from /Users/joaovitor/airflow_env/lib/python3.11/site-packages/airflow/example_dags/example_task_group_decorator.py
[2025-11-04T21:53:35.699-0300] {processor.py:840} INFO - DAG(s) 'example_task_group_decorator' retrieved from /Users/joaovitor/airflow_env/lib/python3.11/site-packages/airflow/example_dags/example_task_group_decorator.py
[2025-11-04T21:53:35.829-0300] {logging_mixin.py:188} INFO - [2025-11-04T21:53:35.828-0300] {dag.py:3089} INFO - Sync 1 DAGs
[2025-11-04T21:53:35.847-0300] {logging_mixin.py:188} INFO - [2025-11-04T21:53:35.847-0300] {dag.py:3947} INFO - Setting next_dagrun for example_task_group_decorator to 2025-11-04 00:00:00+00:00, run_after=2025-11-05 00:00:00+00:00
[2025-11-04T21:53:35.871-0300] {processor.py:183} INFO - Processing /Users/joaovitor/airflow_env/lib/python3.11/site-packages/airflow/example_dags/example_task_group_decorator.py took 0.225 seconds
[2025-11-04T21:55:28.367-0300] {processor.py:161} INFO - Started process (PID=31311) to work on /Users/joaovitor/airflow_env/lib/python3.11/site-packages/airflow/example_dags/example_task_group_decorator.py
[2025-11-04T21:55:28.367-0300] {processor.py:830} INFO - Processing file /Users/joaovitor/airflow_env/lib/python3.11/site-packages/airflow/example_dags/example_task_group_decorator.py for tasks to queue
[2025-11-04T21:55:28.368-0300] {logging_mixin.py:188} INFO - [2025-11-04T21:55:28.368-0300] {dagbag.py:545} INFO - Filling up the DagBag from /Users/joaovitor/airflow_env/lib/python3.11/site-packages/airflow/example_dags/example_task_group_decorator.py
[2025-11-04T21:55:28.411-0300] {processor.py:840} INFO - DAG(s) 'example_task_group_decorator' retrieved from /Users/joaovitor/airflow_env/lib/python3.11/site-packages/airflow/example_dags/example_task_group_decorator.py
[2025-11-04T21:55:28.523-0300] {logging_mixin.py:188} INFO - [2025-11-04T21:55:28.523-0300] {dag.py:3089} INFO - Sync 1 DAGs
[2025-11-04T21:55:28.541-0300] {logging_mixin.py:188} INFO - [2025-11-04T21:55:28.541-0300] {dag.py:3947} INFO - Setting next_dagrun for example_task_group_decorator to 2025-11-04 00:00:00+00:00, run_after=2025-11-05 00:00:00+00:00
[2025-11-04T21:55:28.561-0300] {processor.py:183} INFO - Processing /Users/joaovitor/airflow_env/lib/python3.11/site-packages/airflow/example_dags/example_task_group_decorator.py took 0.198 seconds
[2025-11-04T21:57:19.032-0300] {processor.py:161} INFO - Started process (PID=31351) to work on /Users/joaovitor/airflow_env/lib/python3.11/site-packages/airflow/example_dags/example_task_group_decorator.py
[2025-11-04T21:57:19.033-0300] {processor.py:830} INFO - Processing file /Users/joaovitor/airflow_env/lib/python3.11/site-packages/airflow/example_dags/example_task_group_decorator.py for tasks to queue
[2025-11-04T21:57:19.034-0300] {logging_mixin.py:188} INFO - [2025-11-04T21:57:19.034-0300] {dagbag.py:545} INFO - Filling up the DagBag from /Users/joaovitor/airflow_env/lib/python3.11/site-packages/airflow/example_dags/example_task_group_decorator.py
[2025-11-04T21:57:19.077-0300] {processor.py:840} INFO - DAG(s) 'example_task_group_decorator' retrieved from /Users/joaovitor/airflow_env/lib/python3.11/site-packages/airflow/example_dags/example_task_group_decorator.py
[2025-11-04T21:57:19.183-0300] {logging_mixin.py:188} INFO - [2025-11-04T21:57:19.183-0300] {dag.py:3089} INFO - Sync 1 DAGs
[2025-11-04T21:57:19.201-0300] {logging_mixin.py:188} INFO - [2025-11-04T21:57:19.201-0300] {dag.py:3947} INFO - Setting next_dagrun for example_task_group_decorator to 2025-11-04 00:00:00+00:00, run_after=2025-11-05 00:00:00+00:00
[2025-11-04T21:57:19.220-0300] {processor.py:183} INFO - Processing /Users/joaovitor/airflow_env/lib/python3.11/site-packages/airflow/example_dags/example_task_group_decorator.py took 0.191 seconds
[2025-11-04T21:59:10.332-0300] {processor.py:161} INFO - Started process (PID=31390) to work on /Users/joaovitor/airflow_env/lib/python3.11/site-packages/airflow/example_dags/example_task_group_decorator.py
[2025-11-04T21:59:10.333-0300] {processor.py:830} INFO - Processing file /Users/joaovitor/airflow_env/lib/python3.11/site-packages/airflow/example_dags/example_task_group_decorator.py for tasks to queue
[2025-11-04T21:59:10.334-0300] {logging_mixin.py:188} INFO - [2025-11-04T21:59:10.334-0300] {dagbag.py:545} INFO - Filling up the DagBag from /Users/joaovitor/airflow_env/lib/python3.11/site-packages/airflow/example_dags/example_task_group_decorator.py
[2025-11-04T21:59:10.378-0300] {processor.py:840} INFO - DAG(s) 'example_task_group_decorator' retrieved from /Users/joaovitor/airflow_env/lib/python3.11/site-packages/airflow/example_dags/example_task_group_decorator.py
[2025-11-04T21:59:10.483-0300] {logging_mixin.py:188} INFO - [2025-11-04T21:59:10.482-0300] {dag.py:3089} INFO - Sync 1 DAGs
[2025-11-04T21:59:10.501-0300] {logging_mixin.py:188} INFO - [2025-11-04T21:59:10.501-0300] {dag.py:3947} INFO - Setting next_dagrun for example_task_group_decorator to 2025-11-04 00:00:00+00:00, run_after=2025-11-05 00:00:00+00:00
[2025-11-04T21:59:10.524-0300] {processor.py:183} INFO - Processing /Users/joaovitor/airflow_env/lib/python3.11/site-packages/airflow/example_dags/example_task_group_decorator.py took 0.194 seconds
[2025-11-04T22:04:45.333-0300] {processor.py:161} INFO - Started process (PID=31443) to work on /Users/joaovitor/airflow_env/lib/python3.11/site-packages/airflow/example_dags/example_task_group_decorator.py
[2025-11-04T22:04:45.334-0300] {processor.py:830} INFO - Processing file /Users/joaovitor/airflow_env/lib/python3.11/site-packages/airflow/example_dags/example_task_group_decorator.py for tasks to queue
[2025-11-04T22:04:45.335-0300] {logging_mixin.py:188} INFO - [2025-11-04T22:04:45.335-0300] {dagbag.py:545} INFO - Filling up the DagBag from /Users/joaovitor/airflow_env/lib/python3.11/site-packages/airflow/example_dags/example_task_group_decorator.py
[2025-11-04T22:04:45.384-0300] {processor.py:840} INFO - DAG(s) 'example_task_group_decorator' retrieved from /Users/joaovitor/airflow_env/lib/python3.11/site-packages/airflow/example_dags/example_task_group_decorator.py
[2025-11-04T22:04:45.508-0300] {logging_mixin.py:188} INFO - [2025-11-04T22:04:45.508-0300] {dag.py:3089} INFO - Sync 1 DAGs
[2025-11-04T22:04:45.526-0300] {logging_mixin.py:188} INFO - [2025-11-04T22:04:45.526-0300] {dag.py:3947} INFO - Setting next_dagrun for example_task_group_decorator to 2025-11-04 00:00:00+00:00, run_after=2025-11-05 00:00:00+00:00
[2025-11-04T22:04:45.550-0300] {processor.py:183} INFO - Processing /Users/joaovitor/airflow_env/lib/python3.11/site-packages/airflow/example_dags/example_task_group_decorator.py took 0.219 seconds
[2025-11-04T22:06:40.623-0300] {processor.py:161} INFO - Started process (PID=31505) to work on /Users/joaovitor/airflow_env/lib/python3.11/site-packages/airflow/example_dags/example_task_group_decorator.py
[2025-11-04T22:06:40.624-0300] {processor.py:830} INFO - Processing file /Users/joaovitor/airflow_env/lib/python3.11/site-packages/airflow/example_dags/example_task_group_decorator.py for tasks to queue
[2025-11-04T22:06:40.624-0300] {logging_mixin.py:188} INFO - [2025-11-04T22:06:40.624-0300] {dagbag.py:545} INFO - Filling up the DagBag from /Users/joaovitor/airflow_env/lib/python3.11/site-packages/airflow/example_dags/example_task_group_decorator.py
[2025-11-04T22:06:40.668-0300] {processor.py:840} INFO - DAG(s) 'example_task_group_decorator' retrieved from /Users/joaovitor/airflow_env/lib/python3.11/site-packages/airflow/example_dags/example_task_group_decorator.py
[2025-11-04T22:06:40.775-0300] {logging_mixin.py:188} INFO - [2025-11-04T22:06:40.775-0300] {dag.py:3089} INFO - Sync 1 DAGs
[2025-11-04T22:06:40.793-0300] {logging_mixin.py:188} INFO - [2025-11-04T22:06:40.792-0300] {dag.py:3947} INFO - Setting next_dagrun for example_task_group_decorator to 2025-11-04 00:00:00+00:00, run_after=2025-11-05 00:00:00+00:00
[2025-11-04T22:06:40.813-0300] {processor.py:183} INFO - Processing /Users/joaovitor/airflow_env/lib/python3.11/site-packages/airflow/example_dags/example_task_group_decorator.py took 0.193 seconds
[2025-11-04T22:08:35.255-0300] {processor.py:161} INFO - Started process (PID=31547) to work on /Users/joaovitor/airflow_env/lib/python3.11/site-packages/airflow/example_dags/example_task_group_decorator.py
[2025-11-04T22:08:35.256-0300] {processor.py:830} INFO - Processing file /Users/joaovitor/airflow_env/lib/python3.11/site-packages/airflow/example_dags/example_task_group_decorator.py for tasks to queue
[2025-11-04T22:08:35.257-0300] {logging_mixin.py:188} INFO - [2025-11-04T22:08:35.256-0300] {dagbag.py:545} INFO - Filling up the DagBag from /Users/joaovitor/airflow_env/lib/python3.11/site-packages/airflow/example_dags/example_task_group_decorator.py
[2025-11-04T22:08:35.299-0300] {processor.py:840} INFO - DAG(s) 'example_task_group_decorator' retrieved from /Users/joaovitor/airflow_env/lib/python3.11/site-packages/airflow/example_dags/example_task_group_decorator.py
[2025-11-04T22:08:35.405-0300] {logging_mixin.py:188} INFO - [2025-11-04T22:08:35.405-0300] {dag.py:3089} INFO - Sync 1 DAGs
[2025-11-04T22:08:35.421-0300] {logging_mixin.py:188} INFO - [2025-11-04T22:08:35.421-0300] {dag.py:3947} INFO - Setting next_dagrun for example_task_group_decorator to 2025-11-04 00:00:00+00:00, run_after=2025-11-05 00:00:00+00:00
[2025-11-04T22:08:35.440-0300] {processor.py:183} INFO - Processing /Users/joaovitor/airflow_env/lib/python3.11/site-packages/airflow/example_dags/example_task_group_decorator.py took 0.188 seconds
[2025-11-04T22:10:27.764-0300] {processor.py:161} INFO - Started process (PID=31594) to work on /Users/joaovitor/airflow_env/lib/python3.11/site-packages/airflow/example_dags/example_task_group_decorator.py
[2025-11-04T22:10:27.765-0300] {processor.py:830} INFO - Processing file /Users/joaovitor/airflow_env/lib/python3.11/site-packages/airflow/example_dags/example_task_group_decorator.py for tasks to queue
[2025-11-04T22:10:27.766-0300] {logging_mixin.py:188} INFO - [2025-11-04T22:10:27.766-0300] {dagbag.py:545} INFO - Filling up the DagBag from /Users/joaovitor/airflow_env/lib/python3.11/site-packages/airflow/example_dags/example_task_group_decorator.py
[2025-11-04T22:10:27.824-0300] {processor.py:840} INFO - DAG(s) 'example_task_group_decorator' retrieved from /Users/joaovitor/airflow_env/lib/python3.11/site-packages/airflow/example_dags/example_task_group_decorator.py
[2025-11-04T22:10:28.005-0300] {logging_mixin.py:188} INFO - [2025-11-04T22:10:28.004-0300] {dag.py:3089} INFO - Sync 1 DAGs
[2025-11-04T22:10:28.025-0300] {logging_mixin.py:188} INFO - [2025-11-04T22:10:28.024-0300] {dag.py:3947} INFO - Setting next_dagrun for example_task_group_decorator to 2025-11-04 00:00:00+00:00, run_after=2025-11-05 00:00:00+00:00
[2025-11-04T22:10:28.055-0300] {processor.py:183} INFO - Processing /Users/joaovitor/airflow_env/lib/python3.11/site-packages/airflow/example_dags/example_task_group_decorator.py took 0.294 seconds
[2025-11-04T22:12:27.858-0300] {processor.py:161} INFO - Started process (PID=31639) to work on /Users/joaovitor/airflow_env/lib/python3.11/site-packages/airflow/example_dags/example_task_group_decorator.py
[2025-11-04T22:12:27.859-0300] {processor.py:830} INFO - Processing file /Users/joaovitor/airflow_env/lib/python3.11/site-packages/airflow/example_dags/example_task_group_decorator.py for tasks to queue
[2025-11-04T22:12:27.861-0300] {logging_mixin.py:188} INFO - [2025-11-04T22:12:27.860-0300] {dagbag.py:545} INFO - Filling up the DagBag from /Users/joaovitor/airflow_env/lib/python3.11/site-packages/airflow/example_dags/example_task_group_decorator.py
[2025-11-04T22:12:27.913-0300] {processor.py:840} INFO - DAG(s) 'example_task_group_decorator' retrieved from /Users/joaovitor/airflow_env/lib/python3.11/site-packages/airflow/example_dags/example_task_group_decorator.py
[2025-11-04T22:12:28.032-0300] {logging_mixin.py:188} INFO - [2025-11-04T22:12:28.032-0300] {dag.py:3089} INFO - Sync 1 DAGs
[2025-11-04T22:12:28.050-0300] {logging_mixin.py:188} INFO - [2025-11-04T22:12:28.050-0300] {dag.py:3947} INFO - Setting next_dagrun for example_task_group_decorator to 2025-11-04 00:00:00+00:00, run_after=2025-11-05 00:00:00+00:00
[2025-11-04T22:12:28.071-0300] {processor.py:183} INFO - Processing /Users/joaovitor/airflow_env/lib/python3.11/site-packages/airflow/example_dags/example_task_group_decorator.py took 0.216 seconds
[2025-11-04T22:14:28.887-0300] {processor.py:161} INFO - Started process (PID=31690) to work on /Users/joaovitor/airflow_env/lib/python3.11/site-packages/airflow/example_dags/example_task_group_decorator.py
[2025-11-04T22:14:28.889-0300] {processor.py:830} INFO - Processing file /Users/joaovitor/airflow_env/lib/python3.11/site-packages/airflow/example_dags/example_task_group_decorator.py for tasks to queue
[2025-11-04T22:14:28.890-0300] {logging_mixin.py:188} INFO - [2025-11-04T22:14:28.890-0300] {dagbag.py:545} INFO - Filling up the DagBag from /Users/joaovitor/airflow_env/lib/python3.11/site-packages/airflow/example_dags/example_task_group_decorator.py
[2025-11-04T22:14:28.947-0300] {processor.py:840} INFO - DAG(s) 'example_task_group_decorator' retrieved from /Users/joaovitor/airflow_env/lib/python3.11/site-packages/airflow/example_dags/example_task_group_decorator.py
[2025-11-04T22:14:29.061-0300] {logging_mixin.py:188} INFO - [2025-11-04T22:14:29.061-0300] {dag.py:3089} INFO - Sync 1 DAGs
[2025-11-04T22:14:29.077-0300] {logging_mixin.py:188} INFO - [2025-11-04T22:14:29.077-0300] {dag.py:3947} INFO - Setting next_dagrun for example_task_group_decorator to 2025-11-04 00:00:00+00:00, run_after=2025-11-05 00:00:00+00:00
[2025-11-04T22:14:29.098-0300] {processor.py:183} INFO - Processing /Users/joaovitor/airflow_env/lib/python3.11/site-packages/airflow/example_dags/example_task_group_decorator.py took 0.219 seconds
[2025-11-04T22:16:38.868-0300] {processor.py:161} INFO - Started process (PID=31748) to work on /Users/joaovitor/airflow_env/lib/python3.11/site-packages/airflow/example_dags/example_task_group_decorator.py
[2025-11-04T22:16:38.869-0300] {processor.py:830} INFO - Processing file /Users/joaovitor/airflow_env/lib/python3.11/site-packages/airflow/example_dags/example_task_group_decorator.py for tasks to queue
[2025-11-04T22:16:38.869-0300] {logging_mixin.py:188} INFO - [2025-11-04T22:16:38.869-0300] {dagbag.py:545} INFO - Filling up the DagBag from /Users/joaovitor/airflow_env/lib/python3.11/site-packages/airflow/example_dags/example_task_group_decorator.py
[2025-11-04T22:16:38.919-0300] {processor.py:840} INFO - DAG(s) 'example_task_group_decorator' retrieved from /Users/joaovitor/airflow_env/lib/python3.11/site-packages/airflow/example_dags/example_task_group_decorator.py
[2025-11-04T22:16:39.039-0300] {logging_mixin.py:188} INFO - [2025-11-04T22:16:39.039-0300] {dag.py:3089} INFO - Sync 1 DAGs
[2025-11-04T22:16:39.058-0300] {logging_mixin.py:188} INFO - [2025-11-04T22:16:39.058-0300] {dag.py:3947} INFO - Setting next_dagrun for example_task_group_decorator to 2025-11-04 00:00:00+00:00, run_after=2025-11-05 00:00:00+00:00
[2025-11-04T22:16:39.082-0300] {processor.py:183} INFO - Processing /Users/joaovitor/airflow_env/lib/python3.11/site-packages/airflow/example_dags/example_task_group_decorator.py took 0.217 seconds
[2025-11-04T22:18:35.401-0300] {processor.py:161} INFO - Started process (PID=31795) to work on /Users/joaovitor/airflow_env/lib/python3.11/site-packages/airflow/example_dags/example_task_group_decorator.py
[2025-11-04T22:18:35.403-0300] {processor.py:830} INFO - Processing file /Users/joaovitor/airflow_env/lib/python3.11/site-packages/airflow/example_dags/example_task_group_decorator.py for tasks to queue
[2025-11-04T22:18:35.404-0300] {logging_mixin.py:188} INFO - [2025-11-04T22:18:35.404-0300] {dagbag.py:545} INFO - Filling up the DagBag from /Users/joaovitor/airflow_env/lib/python3.11/site-packages/airflow/example_dags/example_task_group_decorator.py
[2025-11-04T22:18:35.452-0300] {processor.py:840} INFO - DAG(s) 'example_task_group_decorator' retrieved from /Users/joaovitor/airflow_env/lib/python3.11/site-packages/airflow/example_dags/example_task_group_decorator.py
[2025-11-04T22:18:35.581-0300] {logging_mixin.py:188} INFO - [2025-11-04T22:18:35.580-0300] {dag.py:3089} INFO - Sync 1 DAGs
[2025-11-04T22:18:35.613-0300] {logging_mixin.py:188} INFO - [2025-11-04T22:18:35.613-0300] {dag.py:3947} INFO - Setting next_dagrun for example_task_group_decorator to 2025-11-04 00:00:00+00:00, run_after=2025-11-05 00:00:00+00:00
[2025-11-04T22:18:35.665-0300] {processor.py:183} INFO - Processing /Users/joaovitor/airflow_env/lib/python3.11/site-packages/airflow/example_dags/example_task_group_decorator.py took 0.267 seconds
[2025-11-04T22:20:38.700-0300] {processor.py:161} INFO - Started process (PID=31836) to work on /Users/joaovitor/airflow_env/lib/python3.11/site-packages/airflow/example_dags/example_task_group_decorator.py
[2025-11-04T22:20:38.702-0300] {processor.py:830} INFO - Processing file /Users/joaovitor/airflow_env/lib/python3.11/site-packages/airflow/example_dags/example_task_group_decorator.py for tasks to queue
[2025-11-04T22:20:38.703-0300] {logging_mixin.py:188} INFO - [2025-11-04T22:20:38.703-0300] {dagbag.py:545} INFO - Filling up the DagBag from /Users/joaovitor/airflow_env/lib/python3.11/site-packages/airflow/example_dags/example_task_group_decorator.py
[2025-11-04T22:20:38.748-0300] {processor.py:840} INFO - DAG(s) 'example_task_group_decorator' retrieved from /Users/joaovitor/airflow_env/lib/python3.11/site-packages/airflow/example_dags/example_task_group_decorator.py
[2025-11-04T22:20:38.861-0300] {logging_mixin.py:188} INFO - [2025-11-04T22:20:38.861-0300] {dag.py:3089} INFO - Sync 1 DAGs
[2025-11-04T22:20:38.880-0300] {logging_mixin.py:188} INFO - [2025-11-04T22:20:38.879-0300] {dag.py:3947} INFO - Setting next_dagrun for example_task_group_decorator to 2025-11-04 00:00:00+00:00, run_after=2025-11-05 00:00:00+00:00
[2025-11-04T22:20:38.900-0300] {processor.py:183} INFO - Processing /Users/joaovitor/airflow_env/lib/python3.11/site-packages/airflow/example_dags/example_task_group_decorator.py took 0.203 seconds
[2025-11-04T22:22:46.303-0300] {processor.py:161} INFO - Started process (PID=31935) to work on /Users/joaovitor/airflow_env/lib/python3.11/site-packages/airflow/example_dags/example_task_group_decorator.py
[2025-11-04T22:22:46.305-0300] {processor.py:830} INFO - Processing file /Users/joaovitor/airflow_env/lib/python3.11/site-packages/airflow/example_dags/example_task_group_decorator.py for tasks to queue
[2025-11-04T22:22:46.306-0300] {logging_mixin.py:188} INFO - [2025-11-04T22:22:46.306-0300] {dagbag.py:545} INFO - Filling up the DagBag from /Users/joaovitor/airflow_env/lib/python3.11/site-packages/airflow/example_dags/example_task_group_decorator.py
[2025-11-04T22:22:46.362-0300] {processor.py:840} INFO - DAG(s) 'example_task_group_decorator' retrieved from /Users/joaovitor/airflow_env/lib/python3.11/site-packages/airflow/example_dags/example_task_group_decorator.py
[2025-11-04T22:22:46.482-0300] {logging_mixin.py:188} INFO - [2025-11-04T22:22:46.482-0300] {dag.py:3089} INFO - Sync 1 DAGs
[2025-11-04T22:22:46.500-0300] {logging_mixin.py:188} INFO - [2025-11-04T22:22:46.500-0300] {dag.py:3947} INFO - Setting next_dagrun for example_task_group_decorator to 2025-11-04 00:00:00+00:00, run_after=2025-11-05 00:00:00+00:00
[2025-11-04T22:22:46.523-0300] {processor.py:183} INFO - Processing /Users/joaovitor/airflow_env/lib/python3.11/site-packages/airflow/example_dags/example_task_group_decorator.py took 0.223 seconds
[2025-11-04T22:24:51.464-0300] {processor.py:161} INFO - Started process (PID=31976) to work on /Users/joaovitor/airflow_env/lib/python3.11/site-packages/airflow/example_dags/example_task_group_decorator.py
[2025-11-04T22:24:51.465-0300] {processor.py:830} INFO - Processing file /Users/joaovitor/airflow_env/lib/python3.11/site-packages/airflow/example_dags/example_task_group_decorator.py for tasks to queue
[2025-11-04T22:24:51.466-0300] {logging_mixin.py:188} INFO - [2025-11-04T22:24:51.466-0300] {dagbag.py:545} INFO - Filling up the DagBag from /Users/joaovitor/airflow_env/lib/python3.11/site-packages/airflow/example_dags/example_task_group_decorator.py
[2025-11-04T22:24:51.515-0300] {processor.py:840} INFO - DAG(s) 'example_task_group_decorator' retrieved from /Users/joaovitor/airflow_env/lib/python3.11/site-packages/airflow/example_dags/example_task_group_decorator.py
[2025-11-04T22:24:51.639-0300] {logging_mixin.py:188} INFO - [2025-11-04T22:24:51.639-0300] {dag.py:3089} INFO - Sync 1 DAGs
[2025-11-04T22:24:51.657-0300] {logging_mixin.py:188} INFO - [2025-11-04T22:24:51.657-0300] {dag.py:3947} INFO - Setting next_dagrun for example_task_group_decorator to 2025-11-04 00:00:00+00:00, run_after=2025-11-05 00:00:00+00:00
[2025-11-04T22:24:51.677-0300] {processor.py:183} INFO - Processing /Users/joaovitor/airflow_env/lib/python3.11/site-packages/airflow/example_dags/example_task_group_decorator.py took 0.216 seconds
[2025-11-04T22:26:58.220-0300] {processor.py:161} INFO - Started process (PID=32018) to work on /Users/joaovitor/airflow_env/lib/python3.11/site-packages/airflow/example_dags/example_task_group_decorator.py
[2025-11-04T22:26:58.221-0300] {processor.py:830} INFO - Processing file /Users/joaovitor/airflow_env/lib/python3.11/site-packages/airflow/example_dags/example_task_group_decorator.py for tasks to queue
[2025-11-04T22:26:58.222-0300] {logging_mixin.py:188} INFO - [2025-11-04T22:26:58.221-0300] {dagbag.py:545} INFO - Filling up the DagBag from /Users/joaovitor/airflow_env/lib/python3.11/site-packages/airflow/example_dags/example_task_group_decorator.py
[2025-11-04T22:26:58.275-0300] {processor.py:840} INFO - DAG(s) 'example_task_group_decorator' retrieved from /Users/joaovitor/airflow_env/lib/python3.11/site-packages/airflow/example_dags/example_task_group_decorator.py
[2025-11-04T22:26:58.394-0300] {logging_mixin.py:188} INFO - [2025-11-04T22:26:58.393-0300] {dag.py:3089} INFO - Sync 1 DAGs
[2025-11-04T22:26:58.412-0300] {logging_mixin.py:188} INFO - [2025-11-04T22:26:58.412-0300] {dag.py:3947} INFO - Setting next_dagrun for example_task_group_decorator to 2025-11-04 00:00:00+00:00, run_after=2025-11-05 00:00:00+00:00
[2025-11-04T22:26:58.436-0300] {processor.py:183} INFO - Processing /Users/joaovitor/airflow_env/lib/python3.11/site-packages/airflow/example_dags/example_task_group_decorator.py took 0.219 seconds
[2025-11-04T22:29:07.175-0300] {processor.py:161} INFO - Started process (PID=32060) to work on /Users/joaovitor/airflow_env/lib/python3.11/site-packages/airflow/example_dags/example_task_group_decorator.py
[2025-11-04T22:29:07.176-0300] {processor.py:830} INFO - Processing file /Users/joaovitor/airflow_env/lib/python3.11/site-packages/airflow/example_dags/example_task_group_decorator.py for tasks to queue
[2025-11-04T22:29:07.177-0300] {logging_mixin.py:188} INFO - [2025-11-04T22:29:07.177-0300] {dagbag.py:545} INFO - Filling up the DagBag from /Users/joaovitor/airflow_env/lib/python3.11/site-packages/airflow/example_dags/example_task_group_decorator.py
[2025-11-04T22:29:07.227-0300] {processor.py:840} INFO - DAG(s) 'example_task_group_decorator' retrieved from /Users/joaovitor/airflow_env/lib/python3.11/site-packages/airflow/example_dags/example_task_group_decorator.py
[2025-11-04T22:29:07.349-0300] {logging_mixin.py:188} INFO - [2025-11-04T22:29:07.348-0300] {dag.py:3089} INFO - Sync 1 DAGs
[2025-11-04T22:29:07.366-0300] {logging_mixin.py:188} INFO - [2025-11-04T22:29:07.365-0300] {dag.py:3947} INFO - Setting next_dagrun for example_task_group_decorator to 2025-11-04 00:00:00+00:00, run_after=2025-11-05 00:00:00+00:00
[2025-11-04T22:29:07.388-0300] {processor.py:183} INFO - Processing /Users/joaovitor/airflow_env/lib/python3.11/site-packages/airflow/example_dags/example_task_group_decorator.py took 0.216 seconds
[2025-11-04T22:31:28.350-0300] {processor.py:161} INFO - Started process (PID=32155) to work on /Users/joaovitor/airflow_env/lib/python3.11/site-packages/airflow/example_dags/example_task_group_decorator.py
[2025-11-04T22:31:28.353-0300] {processor.py:830} INFO - Processing file /Users/joaovitor/airflow_env/lib/python3.11/site-packages/airflow/example_dags/example_task_group_decorator.py for tasks to queue
[2025-11-04T22:31:28.360-0300] {logging_mixin.py:188} INFO - [2025-11-04T22:31:28.358-0300] {dagbag.py:545} INFO - Filling up the DagBag from /Users/joaovitor/airflow_env/lib/python3.11/site-packages/airflow/example_dags/example_task_group_decorator.py
[2025-11-04T22:31:28.413-0300] {processor.py:840} INFO - DAG(s) 'example_task_group_decorator' retrieved from /Users/joaovitor/airflow_env/lib/python3.11/site-packages/airflow/example_dags/example_task_group_decorator.py
[2025-11-04T22:31:28.544-0300] {logging_mixin.py:188} INFO - [2025-11-04T22:31:28.543-0300] {dag.py:3089} INFO - Sync 1 DAGs
[2025-11-04T22:31:28.565-0300] {logging_mixin.py:188} INFO - [2025-11-04T22:31:28.565-0300] {dag.py:3947} INFO - Setting next_dagrun for example_task_group_decorator to 2025-11-04 00:00:00+00:00, run_after=2025-11-05 00:00:00+00:00
[2025-11-04T22:31:28.593-0300] {processor.py:183} INFO - Processing /Users/joaovitor/airflow_env/lib/python3.11/site-packages/airflow/example_dags/example_task_group_decorator.py took 0.248 seconds
[2025-11-04T22:34:16.019-0300] {processor.py:161} INFO - Started process (PID=32330) to work on /Users/joaovitor/airflow_env/lib/python3.11/site-packages/airflow/example_dags/example_task_group_decorator.py
[2025-11-04T22:34:16.021-0300] {processor.py:830} INFO - Processing file /Users/joaovitor/airflow_env/lib/python3.11/site-packages/airflow/example_dags/example_task_group_decorator.py for tasks to queue
[2025-11-04T22:34:16.022-0300] {logging_mixin.py:188} INFO - [2025-11-04T22:34:16.022-0300] {dagbag.py:545} INFO - Filling up the DagBag from /Users/joaovitor/airflow_env/lib/python3.11/site-packages/airflow/example_dags/example_task_group_decorator.py
[2025-11-04T22:34:16.075-0300] {processor.py:840} INFO - DAG(s) 'example_task_group_decorator' retrieved from /Users/joaovitor/airflow_env/lib/python3.11/site-packages/airflow/example_dags/example_task_group_decorator.py
[2025-11-04T22:34:16.253-0300] {logging_mixin.py:188} INFO - [2025-11-04T22:34:16.253-0300] {dag.py:3089} INFO - Sync 1 DAGs
[2025-11-04T22:34:16.274-0300] {logging_mixin.py:188} INFO - [2025-11-04T22:34:16.274-0300] {dag.py:3947} INFO - Setting next_dagrun for example_task_group_decorator to 2025-11-04 00:00:00+00:00, run_after=2025-11-05 00:00:00+00:00
[2025-11-04T22:34:16.296-0300] {processor.py:183} INFO - Processing /Users/joaovitor/airflow_env/lib/python3.11/site-packages/airflow/example_dags/example_task_group_decorator.py took 0.282 seconds
[2025-11-04T22:36:25.405-0300] {processor.py:161} INFO - Started process (PID=32429) to work on /Users/joaovitor/airflow_env/lib/python3.11/site-packages/airflow/example_dags/example_task_group_decorator.py
[2025-11-04T22:36:25.407-0300] {processor.py:830} INFO - Processing file /Users/joaovitor/airflow_env/lib/python3.11/site-packages/airflow/example_dags/example_task_group_decorator.py for tasks to queue
[2025-11-04T22:36:25.408-0300] {logging_mixin.py:188} INFO - [2025-11-04T22:36:25.408-0300] {dagbag.py:545} INFO - Filling up the DagBag from /Users/joaovitor/airflow_env/lib/python3.11/site-packages/airflow/example_dags/example_task_group_decorator.py
[2025-11-04T22:36:25.468-0300] {processor.py:840} INFO - DAG(s) 'example_task_group_decorator' retrieved from /Users/joaovitor/airflow_env/lib/python3.11/site-packages/airflow/example_dags/example_task_group_decorator.py
[2025-11-04T22:36:25.618-0300] {logging_mixin.py:188} INFO - [2025-11-04T22:36:25.618-0300] {dag.py:3089} INFO - Sync 1 DAGs
[2025-11-04T22:36:25.649-0300] {logging_mixin.py:188} INFO - [2025-11-04T22:36:25.649-0300] {dag.py:3947} INFO - Setting next_dagrun for example_task_group_decorator to 2025-11-04 00:00:00+00:00, run_after=2025-11-05 00:00:00+00:00
[2025-11-04T22:36:25.684-0300] {processor.py:183} INFO - Processing /Users/joaovitor/airflow_env/lib/python3.11/site-packages/airflow/example_dags/example_task_group_decorator.py took 0.282 seconds
[2025-11-04T22:38:50.211-0300] {processor.py:161} INFO - Started process (PID=32662) to work on /Users/joaovitor/airflow_env/lib/python3.11/site-packages/airflow/example_dags/example_task_group_decorator.py
[2025-11-04T22:38:50.213-0300] {processor.py:830} INFO - Processing file /Users/joaovitor/airflow_env/lib/python3.11/site-packages/airflow/example_dags/example_task_group_decorator.py for tasks to queue
[2025-11-04T22:38:50.215-0300] {logging_mixin.py:188} INFO - [2025-11-04T22:38:50.214-0300] {dagbag.py:545} INFO - Filling up the DagBag from /Users/joaovitor/airflow_env/lib/python3.11/site-packages/airflow/example_dags/example_task_group_decorator.py
[2025-11-04T22:38:50.265-0300] {processor.py:840} INFO - DAG(s) 'example_task_group_decorator' retrieved from /Users/joaovitor/airflow_env/lib/python3.11/site-packages/airflow/example_dags/example_task_group_decorator.py
[2025-11-04T22:38:50.486-0300] {logging_mixin.py:188} INFO - [2025-11-04T22:38:50.486-0300] {dag.py:3089} INFO - Sync 1 DAGs
[2025-11-04T22:38:50.567-0300] {logging_mixin.py:188} INFO - [2025-11-04T22:38:50.567-0300] {dag.py:3947} INFO - Setting next_dagrun for example_task_group_decorator to 2025-11-04 00:00:00+00:00, run_after=2025-11-05 00:00:00+00:00
[2025-11-04T22:38:50.593-0300] {processor.py:183} INFO - Processing /Users/joaovitor/airflow_env/lib/python3.11/site-packages/airflow/example_dags/example_task_group_decorator.py took 0.385 seconds
[2025-11-04T22:41:11.910-0300] {processor.py:161} INFO - Started process (PID=32709) to work on /Users/joaovitor/airflow_env/lib/python3.11/site-packages/airflow/example_dags/example_task_group_decorator.py
[2025-11-04T22:41:11.912-0300] {processor.py:830} INFO - Processing file /Users/joaovitor/airflow_env/lib/python3.11/site-packages/airflow/example_dags/example_task_group_decorator.py for tasks to queue
[2025-11-04T22:41:11.913-0300] {logging_mixin.py:188} INFO - [2025-11-04T22:41:11.913-0300] {dagbag.py:545} INFO - Filling up the DagBag from /Users/joaovitor/airflow_env/lib/python3.11/site-packages/airflow/example_dags/example_task_group_decorator.py
[2025-11-04T22:41:12.042-0300] {processor.py:840} INFO - DAG(s) 'example_task_group_decorator' retrieved from /Users/joaovitor/airflow_env/lib/python3.11/site-packages/airflow/example_dags/example_task_group_decorator.py
[2025-11-04T22:41:12.205-0300] {logging_mixin.py:188} INFO - [2025-11-04T22:41:12.203-0300] {dag.py:3089} INFO - Sync 1 DAGs
[2025-11-04T22:41:12.237-0300] {logging_mixin.py:188} INFO - [2025-11-04T22:41:12.237-0300] {dag.py:3947} INFO - Setting next_dagrun for example_task_group_decorator to 2025-11-04 00:00:00+00:00, run_after=2025-11-05 00:00:00+00:00
[2025-11-04T22:41:12.264-0300] {processor.py:183} INFO - Processing /Users/joaovitor/airflow_env/lib/python3.11/site-packages/airflow/example_dags/example_task_group_decorator.py took 0.356 seconds
[2025-11-04T22:43:34.986-0300] {processor.py:161} INFO - Started process (PID=32775) to work on /Users/joaovitor/airflow_env/lib/python3.11/site-packages/airflow/example_dags/example_task_group_decorator.py
[2025-11-04T22:43:34.990-0300] {processor.py:830} INFO - Processing file /Users/joaovitor/airflow_env/lib/python3.11/site-packages/airflow/example_dags/example_task_group_decorator.py for tasks to queue
[2025-11-04T22:43:34.991-0300] {logging_mixin.py:188} INFO - [2025-11-04T22:43:34.991-0300] {dagbag.py:545} INFO - Filling up the DagBag from /Users/joaovitor/airflow_env/lib/python3.11/site-packages/airflow/example_dags/example_task_group_decorator.py
[2025-11-04T22:43:35.044-0300] {processor.py:840} INFO - DAG(s) 'example_task_group_decorator' retrieved from /Users/joaovitor/airflow_env/lib/python3.11/site-packages/airflow/example_dags/example_task_group_decorator.py
[2025-11-04T22:43:35.168-0300] {logging_mixin.py:188} INFO - [2025-11-04T22:43:35.168-0300] {dag.py:3089} INFO - Sync 1 DAGs
[2025-11-04T22:43:35.191-0300] {logging_mixin.py:188} INFO - [2025-11-04T22:43:35.191-0300] {dag.py:3947} INFO - Setting next_dagrun for example_task_group_decorator to 2025-11-04 00:00:00+00:00, run_after=2025-11-05 00:00:00+00:00
[2025-11-04T22:43:35.216-0300] {processor.py:183} INFO - Processing /Users/joaovitor/airflow_env/lib/python3.11/site-packages/airflow/example_dags/example_task_group_decorator.py took 0.233 seconds
[2025-11-04T22:45:55.532-0300] {processor.py:161} INFO - Started process (PID=32820) to work on /Users/joaovitor/airflow_env/lib/python3.11/site-packages/airflow/example_dags/example_task_group_decorator.py
[2025-11-04T22:45:55.533-0300] {processor.py:830} INFO - Processing file /Users/joaovitor/airflow_env/lib/python3.11/site-packages/airflow/example_dags/example_task_group_decorator.py for tasks to queue
[2025-11-04T22:45:55.534-0300] {logging_mixin.py:188} INFO - [2025-11-04T22:45:55.534-0300] {dagbag.py:545} INFO - Filling up the DagBag from /Users/joaovitor/airflow_env/lib/python3.11/site-packages/airflow/example_dags/example_task_group_decorator.py
[2025-11-04T22:45:55.585-0300] {processor.py:840} INFO - DAG(s) 'example_task_group_decorator' retrieved from /Users/joaovitor/airflow_env/lib/python3.11/site-packages/airflow/example_dags/example_task_group_decorator.py
[2025-11-04T22:45:55.706-0300] {logging_mixin.py:188} INFO - [2025-11-04T22:45:55.706-0300] {dag.py:3089} INFO - Sync 1 DAGs
[2025-11-04T22:45:55.732-0300] {logging_mixin.py:188} INFO - [2025-11-04T22:45:55.731-0300] {dag.py:3947} INFO - Setting next_dagrun for example_task_group_decorator to 2025-11-04 00:00:00+00:00, run_after=2025-11-05 00:00:00+00:00
[2025-11-04T22:45:55.755-0300] {processor.py:183} INFO - Processing /Users/joaovitor/airflow_env/lib/python3.11/site-packages/airflow/example_dags/example_task_group_decorator.py took 0.225 seconds
[2025-11-04T22:48:08.565-0300] {processor.py:161} INFO - Started process (PID=32883) to work on /Users/joaovitor/airflow_env/lib/python3.11/site-packages/airflow/example_dags/example_task_group_decorator.py
[2025-11-04T22:48:08.567-0300] {processor.py:830} INFO - Processing file /Users/joaovitor/airflow_env/lib/python3.11/site-packages/airflow/example_dags/example_task_group_decorator.py for tasks to queue
[2025-11-04T22:48:08.568-0300] {logging_mixin.py:188} INFO - [2025-11-04T22:48:08.568-0300] {dagbag.py:545} INFO - Filling up the DagBag from /Users/joaovitor/airflow_env/lib/python3.11/site-packages/airflow/example_dags/example_task_group_decorator.py
[2025-11-04T22:48:08.625-0300] {processor.py:840} INFO - DAG(s) 'example_task_group_decorator' retrieved from /Users/joaovitor/airflow_env/lib/python3.11/site-packages/airflow/example_dags/example_task_group_decorator.py
[2025-11-04T22:48:08.762-0300] {logging_mixin.py:188} INFO - [2025-11-04T22:48:08.761-0300] {dag.py:3089} INFO - Sync 1 DAGs
[2025-11-04T22:48:08.782-0300] {logging_mixin.py:188} INFO - [2025-11-04T22:48:08.781-0300] {dag.py:3947} INFO - Setting next_dagrun for example_task_group_decorator to 2025-11-04 00:00:00+00:00, run_after=2025-11-05 00:00:00+00:00
[2025-11-04T22:48:08.806-0300] {processor.py:183} INFO - Processing /Users/joaovitor/airflow_env/lib/python3.11/site-packages/airflow/example_dags/example_task_group_decorator.py took 0.244 seconds
[2025-11-04T22:50:18.756-0300] {processor.py:161} INFO - Started process (PID=32944) to work on /Users/joaovitor/airflow_env/lib/python3.11/site-packages/airflow/example_dags/example_task_group_decorator.py
[2025-11-04T22:50:18.758-0300] {processor.py:830} INFO - Processing file /Users/joaovitor/airflow_env/lib/python3.11/site-packages/airflow/example_dags/example_task_group_decorator.py for tasks to queue
[2025-11-04T22:50:18.759-0300] {logging_mixin.py:188} INFO - [2025-11-04T22:50:18.758-0300] {dagbag.py:545} INFO - Filling up the DagBag from /Users/joaovitor/airflow_env/lib/python3.11/site-packages/airflow/example_dags/example_task_group_decorator.py
[2025-11-04T22:50:18.849-0300] {processor.py:840} INFO - DAG(s) 'example_task_group_decorator' retrieved from /Users/joaovitor/airflow_env/lib/python3.11/site-packages/airflow/example_dags/example_task_group_decorator.py
[2025-11-04T22:50:18.978-0300] {logging_mixin.py:188} INFO - [2025-11-04T22:50:18.978-0300] {dag.py:3089} INFO - Sync 1 DAGs
[2025-11-04T22:50:18.997-0300] {logging_mixin.py:188} INFO - [2025-11-04T22:50:18.997-0300] {dag.py:3947} INFO - Setting next_dagrun for example_task_group_decorator to 2025-11-04 00:00:00+00:00, run_after=2025-11-05 00:00:00+00:00
[2025-11-04T22:50:19.022-0300] {processor.py:183} INFO - Processing /Users/joaovitor/airflow_env/lib/python3.11/site-packages/airflow/example_dags/example_task_group_decorator.py took 0.271 seconds
[2025-11-04T22:52:38.555-0300] {processor.py:161} INFO - Started process (PID=32990) to work on /Users/joaovitor/airflow_env/lib/python3.11/site-packages/airflow/example_dags/example_task_group_decorator.py
[2025-11-04T22:52:38.557-0300] {processor.py:830} INFO - Processing file /Users/joaovitor/airflow_env/lib/python3.11/site-packages/airflow/example_dags/example_task_group_decorator.py for tasks to queue
[2025-11-04T22:52:38.558-0300] {logging_mixin.py:188} INFO - [2025-11-04T22:52:38.558-0300] {dagbag.py:545} INFO - Filling up the DagBag from /Users/joaovitor/airflow_env/lib/python3.11/site-packages/airflow/example_dags/example_task_group_decorator.py
[2025-11-04T22:52:38.608-0300] {processor.py:840} INFO - DAG(s) 'example_task_group_decorator' retrieved from /Users/joaovitor/airflow_env/lib/python3.11/site-packages/airflow/example_dags/example_task_group_decorator.py
[2025-11-04T22:52:38.730-0300] {logging_mixin.py:188} INFO - [2025-11-04T22:52:38.730-0300] {dag.py:3089} INFO - Sync 1 DAGs
[2025-11-04T22:52:38.750-0300] {logging_mixin.py:188} INFO - [2025-11-04T22:52:38.749-0300] {dag.py:3947} INFO - Setting next_dagrun for example_task_group_decorator to 2025-11-04 00:00:00+00:00, run_after=2025-11-05 00:00:00+00:00
[2025-11-04T22:52:38.775-0300] {processor.py:183} INFO - Processing /Users/joaovitor/airflow_env/lib/python3.11/site-packages/airflow/example_dags/example_task_group_decorator.py took 0.223 seconds
[2025-11-04T22:55:00.758-0300] {processor.py:161} INFO - Started process (PID=33044) to work on /Users/joaovitor/airflow_env/lib/python3.11/site-packages/airflow/example_dags/example_task_group_decorator.py
[2025-11-04T22:55:00.760-0300] {processor.py:830} INFO - Processing file /Users/joaovitor/airflow_env/lib/python3.11/site-packages/airflow/example_dags/example_task_group_decorator.py for tasks to queue
[2025-11-04T22:55:00.761-0300] {logging_mixin.py:188} INFO - [2025-11-04T22:55:00.761-0300] {dagbag.py:545} INFO - Filling up the DagBag from /Users/joaovitor/airflow_env/lib/python3.11/site-packages/airflow/example_dags/example_task_group_decorator.py
[2025-11-04T22:55:00.817-0300] {processor.py:840} INFO - DAG(s) 'example_task_group_decorator' retrieved from /Users/joaovitor/airflow_env/lib/python3.11/site-packages/airflow/example_dags/example_task_group_decorator.py
[2025-11-04T22:55:00.951-0300] {logging_mixin.py:188} INFO - [2025-11-04T22:55:00.950-0300] {dag.py:3089} INFO - Sync 1 DAGs
[2025-11-04T22:55:00.968-0300] {logging_mixin.py:188} INFO - [2025-11-04T22:55:00.968-0300] {dag.py:3947} INFO - Setting next_dagrun for example_task_group_decorator to 2025-11-04 00:00:00+00:00, run_after=2025-11-05 00:00:00+00:00
[2025-11-04T22:55:00.991-0300] {processor.py:183} INFO - Processing /Users/joaovitor/airflow_env/lib/python3.11/site-packages/airflow/example_dags/example_task_group_decorator.py took 0.235 seconds
[2025-11-04T22:57:11.864-0300] {processor.py:161} INFO - Started process (PID=33087) to work on /Users/joaovitor/airflow_env/lib/python3.11/site-packages/airflow/example_dags/example_task_group_decorator.py
[2025-11-04T22:57:11.866-0300] {processor.py:830} INFO - Processing file /Users/joaovitor/airflow_env/lib/python3.11/site-packages/airflow/example_dags/example_task_group_decorator.py for tasks to queue
[2025-11-04T22:57:11.866-0300] {logging_mixin.py:188} INFO - [2025-11-04T22:57:11.866-0300] {dagbag.py:545} INFO - Filling up the DagBag from /Users/joaovitor/airflow_env/lib/python3.11/site-packages/airflow/example_dags/example_task_group_decorator.py
[2025-11-04T22:57:11.919-0300] {processor.py:840} INFO - DAG(s) 'example_task_group_decorator' retrieved from /Users/joaovitor/airflow_env/lib/python3.11/site-packages/airflow/example_dags/example_task_group_decorator.py
[2025-11-04T22:57:12.045-0300] {logging_mixin.py:188} INFO - [2025-11-04T22:57:12.044-0300] {dag.py:3089} INFO - Sync 1 DAGs
[2025-11-04T22:57:12.064-0300] {logging_mixin.py:188} INFO - [2025-11-04T22:57:12.064-0300] {dag.py:3947} INFO - Setting next_dagrun for example_task_group_decorator to 2025-11-04 00:00:00+00:00, run_after=2025-11-05 00:00:00+00:00
[2025-11-04T22:57:12.086-0300] {processor.py:183} INFO - Processing /Users/joaovitor/airflow_env/lib/python3.11/site-packages/airflow/example_dags/example_task_group_decorator.py took 0.225 seconds
[2025-11-04T22:59:30.842-0300] {processor.py:161} INFO - Started process (PID=33133) to work on /Users/joaovitor/airflow_env/lib/python3.11/site-packages/airflow/example_dags/example_task_group_decorator.py
[2025-11-04T22:59:30.843-0300] {processor.py:830} INFO - Processing file /Users/joaovitor/airflow_env/lib/python3.11/site-packages/airflow/example_dags/example_task_group_decorator.py for tasks to queue
[2025-11-04T22:59:30.844-0300] {logging_mixin.py:188} INFO - [2025-11-04T22:59:30.843-0300] {dagbag.py:545} INFO - Filling up the DagBag from /Users/joaovitor/airflow_env/lib/python3.11/site-packages/airflow/example_dags/example_task_group_decorator.py
[2025-11-04T22:59:30.888-0300] {processor.py:840} INFO - DAG(s) 'example_task_group_decorator' retrieved from /Users/joaovitor/airflow_env/lib/python3.11/site-packages/airflow/example_dags/example_task_group_decorator.py
[2025-11-04T22:59:31.032-0300] {logging_mixin.py:188} INFO - [2025-11-04T22:59:31.032-0300] {dag.py:3089} INFO - Sync 1 DAGs
[2025-11-04T22:59:31.052-0300] {logging_mixin.py:188} INFO - [2025-11-04T22:59:31.052-0300] {dag.py:3947} INFO - Setting next_dagrun for example_task_group_decorator to 2025-11-04 00:00:00+00:00, run_after=2025-11-05 00:00:00+00:00
[2025-11-04T22:59:31.079-0300] {processor.py:183} INFO - Processing /Users/joaovitor/airflow_env/lib/python3.11/site-packages/airflow/example_dags/example_task_group_decorator.py took 0.240 seconds
[2025-11-04T23:01:50.860-0300] {processor.py:161} INFO - Started process (PID=33178) to work on /Users/joaovitor/airflow_env/lib/python3.11/site-packages/airflow/example_dags/example_task_group_decorator.py
[2025-11-04T23:01:50.862-0300] {processor.py:830} INFO - Processing file /Users/joaovitor/airflow_env/lib/python3.11/site-packages/airflow/example_dags/example_task_group_decorator.py for tasks to queue
[2025-11-04T23:01:50.863-0300] {logging_mixin.py:188} INFO - [2025-11-04T23:01:50.863-0300] {dagbag.py:545} INFO - Filling up the DagBag from /Users/joaovitor/airflow_env/lib/python3.11/site-packages/airflow/example_dags/example_task_group_decorator.py
[2025-11-04T23:01:50.916-0300] {processor.py:840} INFO - DAG(s) 'example_task_group_decorator' retrieved from /Users/joaovitor/airflow_env/lib/python3.11/site-packages/airflow/example_dags/example_task_group_decorator.py
[2025-11-04T23:01:51.042-0300] {logging_mixin.py:188} INFO - [2025-11-04T23:01:51.042-0300] {dag.py:3089} INFO - Sync 1 DAGs
[2025-11-04T23:01:51.062-0300] {logging_mixin.py:188} INFO - [2025-11-04T23:01:51.062-0300] {dag.py:3947} INFO - Setting next_dagrun for example_task_group_decorator to 2025-11-04 00:00:00+00:00, run_after=2025-11-05 00:00:00+00:00
[2025-11-04T23:01:51.087-0300] {processor.py:183} INFO - Processing /Users/joaovitor/airflow_env/lib/python3.11/site-packages/airflow/example_dags/example_task_group_decorator.py took 0.230 seconds
[2025-11-04T23:04:11.642-0300] {processor.py:161} INFO - Started process (PID=33249) to work on /Users/joaovitor/airflow_env/lib/python3.11/site-packages/airflow/example_dags/example_task_group_decorator.py
[2025-11-04T23:04:11.644-0300] {processor.py:830} INFO - Processing file /Users/joaovitor/airflow_env/lib/python3.11/site-packages/airflow/example_dags/example_task_group_decorator.py for tasks to queue
[2025-11-04T23:04:11.645-0300] {logging_mixin.py:188} INFO - [2025-11-04T23:04:11.645-0300] {dagbag.py:545} INFO - Filling up the DagBag from /Users/joaovitor/airflow_env/lib/python3.11/site-packages/airflow/example_dags/example_task_group_decorator.py
[2025-11-04T23:04:11.691-0300] {processor.py:840} INFO - DAG(s) 'example_task_group_decorator' retrieved from /Users/joaovitor/airflow_env/lib/python3.11/site-packages/airflow/example_dags/example_task_group_decorator.py
[2025-11-04T23:04:11.797-0300] {logging_mixin.py:188} INFO - [2025-11-04T23:04:11.797-0300] {dag.py:3089} INFO - Sync 1 DAGs
[2025-11-04T23:04:11.813-0300] {logging_mixin.py:188} INFO - [2025-11-04T23:04:11.813-0300] {dag.py:3947} INFO - Setting next_dagrun for example_task_group_decorator to 2025-11-04 00:00:00+00:00, run_after=2025-11-05 00:00:00+00:00
[2025-11-04T23:04:11.833-0300] {processor.py:183} INFO - Processing /Users/joaovitor/airflow_env/lib/python3.11/site-packages/airflow/example_dags/example_task_group_decorator.py took 0.194 seconds
