[2025-11-04T21:48:20.461-0300] {processor.py:161} INFO - Started process (PID=31121) to work on /Users/joaovitor/airflow_env/lib/python3.11/site-packages/airflow/example_dags/example_bash_operator.py
[2025-11-04T21:48:20.462-0300] {processor.py:830} INFO - Processing file /Users/joaovitor/airflow_env/lib/python3.11/site-packages/airflow/example_dags/example_bash_operator.py for tasks to queue
[2025-11-04T21:48:20.463-0300] {logging_mixin.py:188} INFO - [2025-11-04T21:48:20.463-0300] {dagbag.py:545} INFO - Filling up the DagBag from /Users/joaovitor/airflow_env/lib/python3.11/site-packages/airflow/example_dags/example_bash_operator.py
[2025-11-04T21:48:20.478-0300] {processor.py:840} INFO - DAG(s) 'example_bash_operator' retrieved from /Users/joaovitor/airflow_env/lib/python3.11/site-packages/airflow/example_dags/example_bash_operator.py
[2025-11-04T21:48:20.738-0300] {logging_mixin.py:188} INFO - [2025-11-04T21:48:20.737-0300] {override.py:1858} INFO - Created Permission View: can read on DAG:example_bash_operator
[2025-11-04T21:48:20.754-0300] {logging_mixin.py:188} INFO - [2025-11-04T21:48:20.753-0300] {override.py:1858} INFO - Created Permission View: can delete on DAG:example_bash_operator
[2025-11-04T21:48:20.764-0300] {logging_mixin.py:188} INFO - [2025-11-04T21:48:20.764-0300] {override.py:1858} INFO - Created Permission View: can edit on DAG:example_bash_operator
[2025-11-04T21:48:20.764-0300] {logging_mixin.py:188} INFO - [2025-11-04T21:48:20.764-0300] {dag.py:3089} INFO - Sync 1 DAGs
[2025-11-04T21:48:20.778-0300] {logging_mixin.py:188} INFO - [2025-11-04T21:48:20.778-0300] {dag.py:3111} INFO - Creating ORM DAG for example_bash_operator
[2025-11-04T21:48:20.789-0300] {logging_mixin.py:188} INFO - [2025-11-04T21:48:20.789-0300] {dag.py:3947} INFO - Setting next_dagrun for example_bash_operator to 2025-11-04 00:00:00+00:00, run_after=2025-11-05 00:00:00+00:00
[2025-11-04T21:48:20.813-0300] {processor.py:183} INFO - Processing /Users/joaovitor/airflow_env/lib/python3.11/site-packages/airflow/example_dags/example_bash_operator.py took 0.355 seconds
[2025-11-04T21:52:46.237-0300] {processor.py:161} INFO - Started process (PID=31252) to work on /Users/joaovitor/airflow_env/lib/python3.11/site-packages/airflow/example_dags/example_bash_operator.py
[2025-11-04T21:52:46.239-0300] {processor.py:830} INFO - Processing file /Users/joaovitor/airflow_env/lib/python3.11/site-packages/airflow/example_dags/example_bash_operator.py for tasks to queue
[2025-11-04T21:52:46.240-0300] {logging_mixin.py:188} INFO - [2025-11-04T21:52:46.240-0300] {dagbag.py:545} INFO - Filling up the DagBag from /Users/joaovitor/airflow_env/lib/python3.11/site-packages/airflow/example_dags/example_bash_operator.py
[2025-11-04T21:52:46.252-0300] {processor.py:840} INFO - DAG(s) 'example_bash_operator' retrieved from /Users/joaovitor/airflow_env/lib/python3.11/site-packages/airflow/example_dags/example_bash_operator.py
[2025-11-04T21:52:46.360-0300] {logging_mixin.py:188} INFO - [2025-11-04T21:52:46.360-0300] {dag.py:3089} INFO - Sync 1 DAGs
[2025-11-04T21:52:46.377-0300] {logging_mixin.py:188} INFO - [2025-11-04T21:52:46.377-0300] {dag.py:3947} INFO - Setting next_dagrun for example_bash_operator to 2025-11-04 00:00:00+00:00, run_after=2025-11-05 00:00:00+00:00
[2025-11-04T21:52:46.398-0300] {processor.py:183} INFO - Processing /Users/joaovitor/airflow_env/lib/python3.11/site-packages/airflow/example_dags/example_bash_operator.py took 0.164 seconds
[2025-11-04T21:56:30.031-0300] {processor.py:161} INFO - Started process (PID=31334) to work on /Users/joaovitor/airflow_env/lib/python3.11/site-packages/airflow/example_dags/example_bash_operator.py
[2025-11-04T21:56:30.031-0300] {processor.py:830} INFO - Processing file /Users/joaovitor/airflow_env/lib/python3.11/site-packages/airflow/example_dags/example_bash_operator.py for tasks to queue
[2025-11-04T21:56:30.032-0300] {logging_mixin.py:188} INFO - [2025-11-04T21:56:30.032-0300] {dagbag.py:545} INFO - Filling up the DagBag from /Users/joaovitor/airflow_env/lib/python3.11/site-packages/airflow/example_dags/example_bash_operator.py
[2025-11-04T21:56:30.046-0300] {processor.py:840} INFO - DAG(s) 'example_bash_operator' retrieved from /Users/joaovitor/airflow_env/lib/python3.11/site-packages/airflow/example_dags/example_bash_operator.py
[2025-11-04T21:56:30.170-0300] {logging_mixin.py:188} INFO - [2025-11-04T21:56:30.169-0300] {dag.py:3089} INFO - Sync 1 DAGs
[2025-11-04T21:56:30.190-0300] {logging_mixin.py:188} INFO - [2025-11-04T21:56:30.190-0300] {dag.py:3947} INFO - Setting next_dagrun for example_bash_operator to 2025-11-04 00:00:00+00:00, run_after=2025-11-05 00:00:00+00:00
[2025-11-04T21:56:30.218-0300] {processor.py:183} INFO - Processing /Users/joaovitor/airflow_env/lib/python3.11/site-packages/airflow/example_dags/example_bash_operator.py took 0.190 seconds
[2025-11-04T22:00:16.253-0300] {processor.py:161} INFO - Started process (PID=31413) to work on /Users/joaovitor/airflow_env/lib/python3.11/site-packages/airflow/example_dags/example_bash_operator.py
[2025-11-04T22:00:16.254-0300] {processor.py:830} INFO - Processing file /Users/joaovitor/airflow_env/lib/python3.11/site-packages/airflow/example_dags/example_bash_operator.py for tasks to queue
[2025-11-04T22:00:16.254-0300] {logging_mixin.py:188} INFO - [2025-11-04T22:00:16.254-0300] {dagbag.py:545} INFO - Filling up the DagBag from /Users/joaovitor/airflow_env/lib/python3.11/site-packages/airflow/example_dags/example_bash_operator.py
[2025-11-04T22:00:16.266-0300] {processor.py:840} INFO - DAG(s) 'example_bash_operator' retrieved from /Users/joaovitor/airflow_env/lib/python3.11/site-packages/airflow/example_dags/example_bash_operator.py
[2025-11-04T22:00:16.375-0300] {logging_mixin.py:188} INFO - [2025-11-04T22:00:16.375-0300] {dag.py:3089} INFO - Sync 1 DAGs
[2025-11-04T22:00:16.392-0300] {logging_mixin.py:188} INFO - [2025-11-04T22:00:16.391-0300] {dag.py:3947} INFO - Setting next_dagrun for example_bash_operator to 2025-11-04 00:00:00+00:00, run_after=2025-11-05 00:00:00+00:00
[2025-11-04T22:00:16.413-0300] {processor.py:183} INFO - Processing /Users/joaovitor/airflow_env/lib/python3.11/site-packages/airflow/example_dags/example_bash_operator.py took 0.162 seconds
[2025-11-04T22:07:48.639-0300] {processor.py:161} INFO - Started process (PID=31530) to work on /Users/joaovitor/airflow_env/lib/python3.11/site-packages/airflow/example_dags/example_bash_operator.py
[2025-11-04T22:07:48.639-0300] {processor.py:830} INFO - Processing file /Users/joaovitor/airflow_env/lib/python3.11/site-packages/airflow/example_dags/example_bash_operator.py for tasks to queue
[2025-11-04T22:07:48.640-0300] {logging_mixin.py:188} INFO - [2025-11-04T22:07:48.640-0300] {dagbag.py:545} INFO - Filling up the DagBag from /Users/joaovitor/airflow_env/lib/python3.11/site-packages/airflow/example_dags/example_bash_operator.py
[2025-11-04T22:07:48.653-0300] {processor.py:840} INFO - DAG(s) 'example_bash_operator' retrieved from /Users/joaovitor/airflow_env/lib/python3.11/site-packages/airflow/example_dags/example_bash_operator.py
[2025-11-04T22:07:48.762-0300] {logging_mixin.py:188} INFO - [2025-11-04T22:07:48.762-0300] {dag.py:3089} INFO - Sync 1 DAGs
[2025-11-04T22:07:48.780-0300] {logging_mixin.py:188} INFO - [2025-11-04T22:07:48.779-0300] {dag.py:3947} INFO - Setting next_dagrun for example_bash_operator to 2025-11-04 00:00:00+00:00, run_after=2025-11-05 00:00:00+00:00
[2025-11-04T22:07:48.802-0300] {processor.py:183} INFO - Processing /Users/joaovitor/airflow_env/lib/python3.11/site-packages/airflow/example_dags/example_bash_operator.py took 0.166 seconds
[2025-11-04T22:11:36.774-0300] {processor.py:161} INFO - Started process (PID=31622) to work on /Users/joaovitor/airflow_env/lib/python3.11/site-packages/airflow/example_dags/example_bash_operator.py
[2025-11-04T22:11:36.775-0300] {processor.py:830} INFO - Processing file /Users/joaovitor/airflow_env/lib/python3.11/site-packages/airflow/example_dags/example_bash_operator.py for tasks to queue
[2025-11-04T22:11:36.775-0300] {logging_mixin.py:188} INFO - [2025-11-04T22:11:36.775-0300] {dagbag.py:545} INFO - Filling up the DagBag from /Users/joaovitor/airflow_env/lib/python3.11/site-packages/airflow/example_dags/example_bash_operator.py
[2025-11-04T22:11:36.788-0300] {processor.py:840} INFO - DAG(s) 'example_bash_operator' retrieved from /Users/joaovitor/airflow_env/lib/python3.11/site-packages/airflow/example_dags/example_bash_operator.py
[2025-11-04T22:11:36.908-0300] {logging_mixin.py:188} INFO - [2025-11-04T22:11:36.908-0300] {dag.py:3089} INFO - Sync 1 DAGs
[2025-11-04T22:11:36.926-0300] {logging_mixin.py:188} INFO - [2025-11-04T22:11:36.925-0300] {dag.py:3947} INFO - Setting next_dagrun for example_bash_operator to 2025-11-04 00:00:00+00:00, run_after=2025-11-05 00:00:00+00:00
[2025-11-04T22:11:36.949-0300] {processor.py:183} INFO - Processing /Users/joaovitor/airflow_env/lib/python3.11/site-packages/airflow/example_dags/example_bash_operator.py took 0.178 seconds
[2025-11-04T22:15:50.622-0300] {processor.py:161} INFO - Started process (PID=31731) to work on /Users/joaovitor/airflow_env/lib/python3.11/site-packages/airflow/example_dags/example_bash_operator.py
[2025-11-04T22:15:50.624-0300] {processor.py:830} INFO - Processing file /Users/joaovitor/airflow_env/lib/python3.11/site-packages/airflow/example_dags/example_bash_operator.py for tasks to queue
[2025-11-04T22:15:50.625-0300] {logging_mixin.py:188} INFO - [2025-11-04T22:15:50.625-0300] {dagbag.py:545} INFO - Filling up the DagBag from /Users/joaovitor/airflow_env/lib/python3.11/site-packages/airflow/example_dags/example_bash_operator.py
[2025-11-04T22:15:50.646-0300] {processor.py:840} INFO - DAG(s) 'example_bash_operator' retrieved from /Users/joaovitor/airflow_env/lib/python3.11/site-packages/airflow/example_dags/example_bash_operator.py
[2025-11-04T22:15:50.784-0300] {logging_mixin.py:188} INFO - [2025-11-04T22:15:50.784-0300] {dag.py:3089} INFO - Sync 1 DAGs
[2025-11-04T22:15:50.803-0300] {logging_mixin.py:188} INFO - [2025-11-04T22:15:50.802-0300] {dag.py:3947} INFO - Setting next_dagrun for example_bash_operator to 2025-11-04 00:00:00+00:00, run_after=2025-11-05 00:00:00+00:00
[2025-11-04T22:15:50.828-0300] {processor.py:183} INFO - Processing /Users/joaovitor/airflow_env/lib/python3.11/site-packages/airflow/example_dags/example_bash_operator.py took 0.211 seconds
[2025-11-04T22:19:47.364-0300] {processor.py:161} INFO - Started process (PID=31819) to work on /Users/joaovitor/airflow_env/lib/python3.11/site-packages/airflow/example_dags/example_bash_operator.py
[2025-11-04T22:19:47.366-0300] {processor.py:830} INFO - Processing file /Users/joaovitor/airflow_env/lib/python3.11/site-packages/airflow/example_dags/example_bash_operator.py for tasks to queue
[2025-11-04T22:19:47.367-0300] {logging_mixin.py:188} INFO - [2025-11-04T22:19:47.367-0300] {dagbag.py:545} INFO - Filling up the DagBag from /Users/joaovitor/airflow_env/lib/python3.11/site-packages/airflow/example_dags/example_bash_operator.py
[2025-11-04T22:19:47.384-0300] {processor.py:840} INFO - DAG(s) 'example_bash_operator' retrieved from /Users/joaovitor/airflow_env/lib/python3.11/site-packages/airflow/example_dags/example_bash_operator.py
[2025-11-04T22:19:47.499-0300] {logging_mixin.py:188} INFO - [2025-11-04T22:19:47.499-0300] {dag.py:3089} INFO - Sync 1 DAGs
[2025-11-04T22:19:47.516-0300] {logging_mixin.py:188} INFO - [2025-11-04T22:19:47.516-0300] {dag.py:3947} INFO - Setting next_dagrun for example_bash_operator to 2025-11-04 00:00:00+00:00, run_after=2025-11-05 00:00:00+00:00
[2025-11-04T22:19:47.538-0300] {processor.py:183} INFO - Processing /Users/joaovitor/airflow_env/lib/python3.11/site-packages/airflow/example_dags/example_bash_operator.py took 0.177 seconds
[2025-11-04T22:23:59.241-0300] {processor.py:161} INFO - Started process (PID=31959) to work on /Users/joaovitor/airflow_env/lib/python3.11/site-packages/airflow/example_dags/example_bash_operator.py
[2025-11-04T22:23:59.243-0300] {processor.py:830} INFO - Processing file /Users/joaovitor/airflow_env/lib/python3.11/site-packages/airflow/example_dags/example_bash_operator.py for tasks to queue
[2025-11-04T22:23:59.244-0300] {logging_mixin.py:188} INFO - [2025-11-04T22:23:59.244-0300] {dagbag.py:545} INFO - Filling up the DagBag from /Users/joaovitor/airflow_env/lib/python3.11/site-packages/airflow/example_dags/example_bash_operator.py
[2025-11-04T22:23:59.261-0300] {processor.py:840} INFO - DAG(s) 'example_bash_operator' retrieved from /Users/joaovitor/airflow_env/lib/python3.11/site-packages/airflow/example_dags/example_bash_operator.py
[2025-11-04T22:23:59.391-0300] {logging_mixin.py:188} INFO - [2025-11-04T22:23:59.391-0300] {dag.py:3089} INFO - Sync 1 DAGs
[2025-11-04T22:23:59.410-0300] {logging_mixin.py:188} INFO - [2025-11-04T22:23:59.410-0300] {dag.py:3947} INFO - Setting next_dagrun for example_bash_operator to 2025-11-04 00:00:00+00:00, run_after=2025-11-05 00:00:00+00:00
[2025-11-04T22:23:59.435-0300] {processor.py:183} INFO - Processing /Users/joaovitor/airflow_env/lib/python3.11/site-packages/airflow/example_dags/example_bash_operator.py took 0.197 seconds
[2025-11-04T22:28:15.094-0300] {processor.py:161} INFO - Started process (PID=32043) to work on /Users/joaovitor/airflow_env/lib/python3.11/site-packages/airflow/example_dags/example_bash_operator.py
[2025-11-04T22:28:15.094-0300] {processor.py:830} INFO - Processing file /Users/joaovitor/airflow_env/lib/python3.11/site-packages/airflow/example_dags/example_bash_operator.py for tasks to queue
[2025-11-04T22:28:15.095-0300] {logging_mixin.py:188} INFO - [2025-11-04T22:28:15.095-0300] {dagbag.py:545} INFO - Filling up the DagBag from /Users/joaovitor/airflow_env/lib/python3.11/site-packages/airflow/example_dags/example_bash_operator.py
[2025-11-04T22:28:15.111-0300] {processor.py:840} INFO - DAG(s) 'example_bash_operator' retrieved from /Users/joaovitor/airflow_env/lib/python3.11/site-packages/airflow/example_dags/example_bash_operator.py
[2025-11-04T22:28:15.243-0300] {logging_mixin.py:188} INFO - [2025-11-04T22:28:15.243-0300] {dag.py:3089} INFO - Sync 1 DAGs
[2025-11-04T22:28:15.263-0300] {logging_mixin.py:188} INFO - [2025-11-04T22:28:15.262-0300] {dag.py:3947} INFO - Setting next_dagrun for example_bash_operator to 2025-11-04 00:00:00+00:00, run_after=2025-11-05 00:00:00+00:00
[2025-11-04T22:28:15.291-0300] {processor.py:183} INFO - Processing /Users/joaovitor/airflow_env/lib/python3.11/site-packages/airflow/example_dags/example_bash_operator.py took 0.200 seconds
[2025-11-04T22:33:10.978-0300] {processor.py:161} INFO - Started process (PID=32234) to work on /Users/joaovitor/airflow_env/lib/python3.11/site-packages/airflow/example_dags/example_bash_operator.py
[2025-11-04T22:33:10.981-0300] {processor.py:830} INFO - Processing file /Users/joaovitor/airflow_env/lib/python3.11/site-packages/airflow/example_dags/example_bash_operator.py for tasks to queue
[2025-11-04T22:33:10.982-0300] {logging_mixin.py:188} INFO - [2025-11-04T22:33:10.981-0300] {dagbag.py:545} INFO - Filling up the DagBag from /Users/joaovitor/airflow_env/lib/python3.11/site-packages/airflow/example_dags/example_bash_operator.py
[2025-11-04T22:33:11.002-0300] {processor.py:840} INFO - DAG(s) 'example_bash_operator' retrieved from /Users/joaovitor/airflow_env/lib/python3.11/site-packages/airflow/example_dags/example_bash_operator.py
[2025-11-04T22:33:11.121-0300] {logging_mixin.py:188} INFO - [2025-11-04T22:33:11.121-0300] {dag.py:3089} INFO - Sync 1 DAGs
[2025-11-04T22:33:11.139-0300] {logging_mixin.py:188} INFO - [2025-11-04T22:33:11.139-0300] {dag.py:3947} INFO - Setting next_dagrun for example_bash_operator to 2025-11-04 00:00:00+00:00, run_after=2025-11-05 00:00:00+00:00
[2025-11-04T22:33:11.162-0300] {processor.py:183} INFO - Processing /Users/joaovitor/airflow_env/lib/python3.11/site-packages/airflow/example_dags/example_bash_operator.py took 0.187 seconds
[2025-11-04T22:37:49.686-0300] {processor.py:161} INFO - Started process (PID=32636) to work on /Users/joaovitor/airflow_env/lib/python3.11/site-packages/airflow/example_dags/example_bash_operator.py
[2025-11-04T22:37:49.688-0300] {processor.py:830} INFO - Processing file /Users/joaovitor/airflow_env/lib/python3.11/site-packages/airflow/example_dags/example_bash_operator.py for tasks to queue
[2025-11-04T22:37:49.689-0300] {logging_mixin.py:188} INFO - [2025-11-04T22:37:49.689-0300] {dagbag.py:545} INFO - Filling up the DagBag from /Users/joaovitor/airflow_env/lib/python3.11/site-packages/airflow/example_dags/example_bash_operator.py
[2025-11-04T22:37:49.707-0300] {processor.py:840} INFO - DAG(s) 'example_bash_operator' retrieved from /Users/joaovitor/airflow_env/lib/python3.11/site-packages/airflow/example_dags/example_bash_operator.py
[2025-11-04T22:37:49.922-0300] {logging_mixin.py:188} INFO - [2025-11-04T22:37:49.922-0300] {dag.py:3089} INFO - Sync 1 DAGs
[2025-11-04T22:37:49.942-0300] {logging_mixin.py:188} INFO - [2025-11-04T22:37:49.942-0300] {dag.py:3947} INFO - Setting next_dagrun for example_bash_operator to 2025-11-04 00:00:00+00:00, run_after=2025-11-05 00:00:00+00:00
[2025-11-04T22:37:49.965-0300] {processor.py:183} INFO - Processing /Users/joaovitor/airflow_env/lib/python3.11/site-packages/airflow/example_dags/example_bash_operator.py took 0.282 seconds
[2025-11-04T22:42:42.527-0300] {processor.py:161} INFO - Started process (PID=32748) to work on /Users/joaovitor/airflow_env/lib/python3.11/site-packages/airflow/example_dags/example_bash_operator.py
[2025-11-04T22:42:42.529-0300] {processor.py:830} INFO - Processing file /Users/joaovitor/airflow_env/lib/python3.11/site-packages/airflow/example_dags/example_bash_operator.py for tasks to queue
[2025-11-04T22:42:42.530-0300] {logging_mixin.py:188} INFO - [2025-11-04T22:42:42.530-0300] {dagbag.py:545} INFO - Filling up the DagBag from /Users/joaovitor/airflow_env/lib/python3.11/site-packages/airflow/example_dags/example_bash_operator.py
[2025-11-04T22:42:42.546-0300] {processor.py:840} INFO - DAG(s) 'example_bash_operator' retrieved from /Users/joaovitor/airflow_env/lib/python3.11/site-packages/airflow/example_dags/example_bash_operator.py
[2025-11-04T22:42:42.671-0300] {logging_mixin.py:188} INFO - [2025-11-04T22:42:42.671-0300] {dag.py:3089} INFO - Sync 1 DAGs
[2025-11-04T22:42:42.691-0300] {logging_mixin.py:188} INFO - [2025-11-04T22:42:42.691-0300] {dag.py:3947} INFO - Setting next_dagrun for example_bash_operator to 2025-11-04 00:00:00+00:00, run_after=2025-11-05 00:00:00+00:00
[2025-11-04T22:42:42.719-0300] {processor.py:183} INFO - Processing /Users/joaovitor/airflow_env/lib/python3.11/site-packages/airflow/example_dags/example_bash_operator.py took 0.195 seconds
[2025-11-04T22:47:10.332-0300] {processor.py:161} INFO - Started process (PID=32854) to work on /Users/joaovitor/airflow_env/lib/python3.11/site-packages/airflow/example_dags/example_bash_operator.py
[2025-11-04T22:47:10.333-0300] {processor.py:830} INFO - Processing file /Users/joaovitor/airflow_env/lib/python3.11/site-packages/airflow/example_dags/example_bash_operator.py for tasks to queue
[2025-11-04T22:47:10.334-0300] {logging_mixin.py:188} INFO - [2025-11-04T22:47:10.334-0300] {dagbag.py:545} INFO - Filling up the DagBag from /Users/joaovitor/airflow_env/lib/python3.11/site-packages/airflow/example_dags/example_bash_operator.py
[2025-11-04T22:47:10.349-0300] {processor.py:840} INFO - DAG(s) 'example_bash_operator' retrieved from /Users/joaovitor/airflow_env/lib/python3.11/site-packages/airflow/example_dags/example_bash_operator.py
[2025-11-04T22:47:10.474-0300] {logging_mixin.py:188} INFO - [2025-11-04T22:47:10.473-0300] {dag.py:3089} INFO - Sync 1 DAGs
[2025-11-04T22:47:10.495-0300] {logging_mixin.py:188} INFO - [2025-11-04T22:47:10.495-0300] {dag.py:3947} INFO - Setting next_dagrun for example_bash_operator to 2025-11-04 00:00:00+00:00, run_after=2025-11-05 00:00:00+00:00
[2025-11-04T22:47:10.517-0300] {processor.py:183} INFO - Processing /Users/joaovitor/airflow_env/lib/python3.11/site-packages/airflow/example_dags/example_bash_operator.py took 0.187 seconds
[2025-11-04T22:51:34.651-0300] {processor.py:161} INFO - Started process (PID=32970) to work on /Users/joaovitor/airflow_env/lib/python3.11/site-packages/airflow/example_dags/example_bash_operator.py
[2025-11-04T22:51:34.653-0300] {processor.py:830} INFO - Processing file /Users/joaovitor/airflow_env/lib/python3.11/site-packages/airflow/example_dags/example_bash_operator.py for tasks to queue
[2025-11-04T22:51:34.654-0300] {logging_mixin.py:188} INFO - [2025-11-04T22:51:34.654-0300] {dagbag.py:545} INFO - Filling up the DagBag from /Users/joaovitor/airflow_env/lib/python3.11/site-packages/airflow/example_dags/example_bash_operator.py
[2025-11-04T22:51:34.668-0300] {processor.py:840} INFO - DAG(s) 'example_bash_operator' retrieved from /Users/joaovitor/airflow_env/lib/python3.11/site-packages/airflow/example_dags/example_bash_operator.py
[2025-11-04T22:51:34.799-0300] {logging_mixin.py:188} INFO - [2025-11-04T22:51:34.799-0300] {dag.py:3089} INFO - Sync 1 DAGs
[2025-11-04T22:51:34.827-0300] {logging_mixin.py:188} INFO - [2025-11-04T22:51:34.826-0300] {dag.py:3947} INFO - Setting next_dagrun for example_bash_operator to 2025-11-04 00:00:00+00:00, run_after=2025-11-05 00:00:00+00:00
[2025-11-04T22:51:34.850-0300] {processor.py:183} INFO - Processing /Users/joaovitor/airflow_env/lib/python3.11/site-packages/airflow/example_dags/example_bash_operator.py took 0.202 seconds
[2025-11-04T22:56:17.323-0300] {processor.py:161} INFO - Started process (PID=33069) to work on /Users/joaovitor/airflow_env/lib/python3.11/site-packages/airflow/example_dags/example_bash_operator.py
[2025-11-04T22:56:17.325-0300] {processor.py:830} INFO - Processing file /Users/joaovitor/airflow_env/lib/python3.11/site-packages/airflow/example_dags/example_bash_operator.py for tasks to queue
[2025-11-04T22:56:17.326-0300] {logging_mixin.py:188} INFO - [2025-11-04T22:56:17.325-0300] {dagbag.py:545} INFO - Filling up the DagBag from /Users/joaovitor/airflow_env/lib/python3.11/site-packages/airflow/example_dags/example_bash_operator.py
[2025-11-04T22:56:17.339-0300] {processor.py:840} INFO - DAG(s) 'example_bash_operator' retrieved from /Users/joaovitor/airflow_env/lib/python3.11/site-packages/airflow/example_dags/example_bash_operator.py
[2025-11-04T22:56:17.475-0300] {logging_mixin.py:188} INFO - [2025-11-04T22:56:17.475-0300] {dag.py:3089} INFO - Sync 1 DAGs
[2025-11-04T22:56:17.497-0300] {logging_mixin.py:188} INFO - [2025-11-04T22:56:17.496-0300] {dag.py:3947} INFO - Setting next_dagrun for example_bash_operator to 2025-11-04 00:00:00+00:00, run_after=2025-11-05 00:00:00+00:00
[2025-11-04T22:56:17.520-0300] {processor.py:183} INFO - Processing /Users/joaovitor/airflow_env/lib/python3.11/site-packages/airflow/example_dags/example_bash_operator.py took 0.202 seconds
[2025-11-04T23:00:54.525-0300] {processor.py:161} INFO - Started process (PID=33160) to work on /Users/joaovitor/airflow_env/lib/python3.11/site-packages/airflow/example_dags/example_bash_operator.py
[2025-11-04T23:00:54.527-0300] {processor.py:830} INFO - Processing file /Users/joaovitor/airflow_env/lib/python3.11/site-packages/airflow/example_dags/example_bash_operator.py for tasks to queue
[2025-11-04T23:00:54.528-0300] {logging_mixin.py:188} INFO - [2025-11-04T23:00:54.528-0300] {dagbag.py:545} INFO - Filling up the DagBag from /Users/joaovitor/airflow_env/lib/python3.11/site-packages/airflow/example_dags/example_bash_operator.py
[2025-11-04T23:00:54.697-0300] {processor.py:840} INFO - DAG(s) 'example_bash_operator' retrieved from /Users/joaovitor/airflow_env/lib/python3.11/site-packages/airflow/example_dags/example_bash_operator.py
[2025-11-04T23:00:54.974-0300] {logging_mixin.py:188} INFO - [2025-11-04T23:00:54.974-0300] {dag.py:3089} INFO - Sync 1 DAGs
[2025-11-04T23:00:55.001-0300] {logging_mixin.py:188} INFO - [2025-11-04T23:00:55.000-0300] {dag.py:3947} INFO - Setting next_dagrun for example_bash_operator to 2025-11-04 00:00:00+00:00, run_after=2025-11-05 00:00:00+00:00
[2025-11-04T23:00:55.025-0300] {processor.py:183} INFO - Processing /Users/joaovitor/airflow_env/lib/python3.11/site-packages/airflow/example_dags/example_bash_operator.py took 0.504 seconds
