[2025-11-04T21:48:08.714-0300] {processor.py:161} INFO - Started process (PID=31117) to work on /Users/joaovitor/airflow_env/lib/python3.11/site-packages/airflow/example_dags/example_branch_labels.py
[2025-11-04T21:48:08.715-0300] {processor.py:830} INFO - Processing file /Users/joaovitor/airflow_env/lib/python3.11/site-packages/airflow/example_dags/example_branch_labels.py for tasks to queue
[2025-11-04T21:48:08.715-0300] {logging_mixin.py:188} INFO - [2025-11-04T21:48:08.715-0300] {dagbag.py:545} INFO - Filling up the DagBag from /Users/joaovitor/airflow_env/lib/python3.11/site-packages/airflow/example_dags/example_branch_labels.py
[2025-11-04T21:48:08.724-0300] {processor.py:840} INFO - DAG(s) 'example_branch_labels' retrieved from /Users/joaovitor/airflow_env/lib/python3.11/site-packages/airflow/example_dags/example_branch_labels.py
[2025-11-04T21:48:08.926-0300] {logging_mixin.py:188} INFO - [2025-11-04T21:48:08.925-0300] {override.py:1858} INFO - Created Permission View: can delete on DAG:example_branch_labels
[2025-11-04T21:48:08.937-0300] {logging_mixin.py:188} INFO - [2025-11-04T21:48:08.936-0300] {override.py:1858} INFO - Created Permission View: can edit on DAG:example_branch_labels
[2025-11-04T21:48:08.979-0300] {logging_mixin.py:188} INFO - [2025-11-04T21:48:08.977-0300] {override.py:1858} INFO - Created Permission View: can read on DAG:example_branch_labels
[2025-11-04T21:48:08.980-0300] {logging_mixin.py:188} INFO - [2025-11-04T21:48:08.979-0300] {dag.py:3089} INFO - Sync 1 DAGs
[2025-11-04T21:48:09.000-0300] {logging_mixin.py:188} INFO - [2025-11-04T21:48:09.000-0300] {dag.py:3111} INFO - Creating ORM DAG for example_branch_labels
[2025-11-04T21:48:09.028-0300] {logging_mixin.py:188} INFO - [2025-11-04T21:48:09.027-0300] {dag.py:3947} INFO - Setting next_dagrun for example_branch_labels to 2025-11-04 00:00:00+00:00, run_after=2025-11-05 00:00:00+00:00
[2025-11-04T21:48:09.069-0300] {processor.py:183} INFO - Processing /Users/joaovitor/airflow_env/lib/python3.11/site-packages/airflow/example_dags/example_branch_labels.py took 0.359 seconds
[2025-11-04T21:52:39.167-0300] {processor.py:161} INFO - Started process (PID=31249) to work on /Users/joaovitor/airflow_env/lib/python3.11/site-packages/airflow/example_dags/example_branch_labels.py
[2025-11-04T21:52:39.169-0300] {processor.py:830} INFO - Processing file /Users/joaovitor/airflow_env/lib/python3.11/site-packages/airflow/example_dags/example_branch_labels.py for tasks to queue
[2025-11-04T21:52:39.170-0300] {logging_mixin.py:188} INFO - [2025-11-04T21:52:39.170-0300] {dagbag.py:545} INFO - Filling up the DagBag from /Users/joaovitor/airflow_env/lib/python3.11/site-packages/airflow/example_dags/example_branch_labels.py
[2025-11-04T21:52:39.179-0300] {processor.py:840} INFO - DAG(s) 'example_branch_labels' retrieved from /Users/joaovitor/airflow_env/lib/python3.11/site-packages/airflow/example_dags/example_branch_labels.py
[2025-11-04T21:52:39.303-0300] {logging_mixin.py:188} INFO - [2025-11-04T21:52:39.303-0300] {dag.py:3089} INFO - Sync 1 DAGs
[2025-11-04T21:52:39.320-0300] {logging_mixin.py:188} INFO - [2025-11-04T21:52:39.320-0300] {dag.py:3947} INFO - Setting next_dagrun for example_branch_labels to 2025-11-04 00:00:00+00:00, run_after=2025-11-05 00:00:00+00:00
[2025-11-04T21:52:39.347-0300] {processor.py:183} INFO - Processing /Users/joaovitor/airflow_env/lib/python3.11/site-packages/airflow/example_dags/example_branch_labels.py took 0.183 seconds
[2025-11-04T21:56:21.120-0300] {processor.py:161} INFO - Started process (PID=31331) to work on /Users/joaovitor/airflow_env/lib/python3.11/site-packages/airflow/example_dags/example_branch_labels.py
[2025-11-04T21:56:21.121-0300] {processor.py:830} INFO - Processing file /Users/joaovitor/airflow_env/lib/python3.11/site-packages/airflow/example_dags/example_branch_labels.py for tasks to queue
[2025-11-04T21:56:21.121-0300] {logging_mixin.py:188} INFO - [2025-11-04T21:56:21.121-0300] {dagbag.py:545} INFO - Filling up the DagBag from /Users/joaovitor/airflow_env/lib/python3.11/site-packages/airflow/example_dags/example_branch_labels.py
[2025-11-04T21:56:21.131-0300] {processor.py:840} INFO - DAG(s) 'example_branch_labels' retrieved from /Users/joaovitor/airflow_env/lib/python3.11/site-packages/airflow/example_dags/example_branch_labels.py
[2025-11-04T21:56:21.233-0300] {logging_mixin.py:188} INFO - [2025-11-04T21:56:21.232-0300] {dag.py:3089} INFO - Sync 1 DAGs
[2025-11-04T21:56:21.249-0300] {logging_mixin.py:188} INFO - [2025-11-04T21:56:21.249-0300] {dag.py:3947} INFO - Setting next_dagrun for example_branch_labels to 2025-11-04 00:00:00+00:00, run_after=2025-11-05 00:00:00+00:00
[2025-11-04T21:56:21.276-0300] {processor.py:183} INFO - Processing /Users/joaovitor/airflow_env/lib/python3.11/site-packages/airflow/example_dags/example_branch_labels.py took 0.159 seconds
[2025-11-04T22:00:08.077-0300] {processor.py:161} INFO - Started process (PID=31410) to work on /Users/joaovitor/airflow_env/lib/python3.11/site-packages/airflow/example_dags/example_branch_labels.py
[2025-11-04T22:00:08.078-0300] {processor.py:830} INFO - Processing file /Users/joaovitor/airflow_env/lib/python3.11/site-packages/airflow/example_dags/example_branch_labels.py for tasks to queue
[2025-11-04T22:00:08.079-0300] {logging_mixin.py:188} INFO - [2025-11-04T22:00:08.079-0300] {dagbag.py:545} INFO - Filling up the DagBag from /Users/joaovitor/airflow_env/lib/python3.11/site-packages/airflow/example_dags/example_branch_labels.py
[2025-11-04T22:00:08.088-0300] {processor.py:840} INFO - DAG(s) 'example_branch_labels' retrieved from /Users/joaovitor/airflow_env/lib/python3.11/site-packages/airflow/example_dags/example_branch_labels.py
[2025-11-04T22:00:08.191-0300] {logging_mixin.py:188} INFO - [2025-11-04T22:00:08.191-0300] {dag.py:3089} INFO - Sync 1 DAGs
[2025-11-04T22:00:08.209-0300] {logging_mixin.py:188} INFO - [2025-11-04T22:00:08.208-0300] {dag.py:3947} INFO - Setting next_dagrun for example_branch_labels to 2025-11-04 00:00:00+00:00, run_after=2025-11-05 00:00:00+00:00
[2025-11-04T22:00:08.229-0300] {processor.py:183} INFO - Processing /Users/joaovitor/airflow_env/lib/python3.11/site-packages/airflow/example_dags/example_branch_labels.py took 0.155 seconds
[2025-11-04T22:07:39.620-0300] {processor.py:161} INFO - Started process (PID=31527) to work on /Users/joaovitor/airflow_env/lib/python3.11/site-packages/airflow/example_dags/example_branch_labels.py
[2025-11-04T22:07:39.621-0300] {processor.py:830} INFO - Processing file /Users/joaovitor/airflow_env/lib/python3.11/site-packages/airflow/example_dags/example_branch_labels.py for tasks to queue
[2025-11-04T22:07:39.622-0300] {logging_mixin.py:188} INFO - [2025-11-04T22:07:39.622-0300] {dagbag.py:545} INFO - Filling up the DagBag from /Users/joaovitor/airflow_env/lib/python3.11/site-packages/airflow/example_dags/example_branch_labels.py
[2025-11-04T22:07:39.631-0300] {processor.py:840} INFO - DAG(s) 'example_branch_labels' retrieved from /Users/joaovitor/airflow_env/lib/python3.11/site-packages/airflow/example_dags/example_branch_labels.py
[2025-11-04T22:07:39.745-0300] {logging_mixin.py:188} INFO - [2025-11-04T22:07:39.745-0300] {dag.py:3089} INFO - Sync 1 DAGs
[2025-11-04T22:07:39.764-0300] {logging_mixin.py:188} INFO - [2025-11-04T22:07:39.764-0300] {dag.py:3947} INFO - Setting next_dagrun for example_branch_labels to 2025-11-04 00:00:00+00:00, run_after=2025-11-05 00:00:00+00:00
[2025-11-04T22:07:39.789-0300] {processor.py:183} INFO - Processing /Users/joaovitor/airflow_env/lib/python3.11/site-packages/airflow/example_dags/example_branch_labels.py took 0.173 seconds
[2025-11-04T22:11:27.953-0300] {processor.py:161} INFO - Started process (PID=31619) to work on /Users/joaovitor/airflow_env/lib/python3.11/site-packages/airflow/example_dags/example_branch_labels.py
[2025-11-04T22:11:27.955-0300] {processor.py:830} INFO - Processing file /Users/joaovitor/airflow_env/lib/python3.11/site-packages/airflow/example_dags/example_branch_labels.py for tasks to queue
[2025-11-04T22:11:27.956-0300] {logging_mixin.py:188} INFO - [2025-11-04T22:11:27.956-0300] {dagbag.py:545} INFO - Filling up the DagBag from /Users/joaovitor/airflow_env/lib/python3.11/site-packages/airflow/example_dags/example_branch_labels.py
[2025-11-04T22:11:27.966-0300] {processor.py:840} INFO - DAG(s) 'example_branch_labels' retrieved from /Users/joaovitor/airflow_env/lib/python3.11/site-packages/airflow/example_dags/example_branch_labels.py
[2025-11-04T22:11:28.097-0300] {logging_mixin.py:188} INFO - [2025-11-04T22:11:28.096-0300] {dag.py:3089} INFO - Sync 1 DAGs
[2025-11-04T22:11:28.117-0300] {logging_mixin.py:188} INFO - [2025-11-04T22:11:28.117-0300] {dag.py:3947} INFO - Setting next_dagrun for example_branch_labels to 2025-11-04 00:00:00+00:00, run_after=2025-11-05 00:00:00+00:00
[2025-11-04T22:11:28.139-0300] {processor.py:183} INFO - Processing /Users/joaovitor/airflow_env/lib/python3.11/site-packages/airflow/example_dags/example_branch_labels.py took 0.190 seconds
[2025-11-04T22:15:41.658-0300] {processor.py:161} INFO - Started process (PID=31728) to work on /Users/joaovitor/airflow_env/lib/python3.11/site-packages/airflow/example_dags/example_branch_labels.py
[2025-11-04T22:15:41.659-0300] {processor.py:830} INFO - Processing file /Users/joaovitor/airflow_env/lib/python3.11/site-packages/airflow/example_dags/example_branch_labels.py for tasks to queue
[2025-11-04T22:15:41.659-0300] {logging_mixin.py:188} INFO - [2025-11-04T22:15:41.659-0300] {dagbag.py:545} INFO - Filling up the DagBag from /Users/joaovitor/airflow_env/lib/python3.11/site-packages/airflow/example_dags/example_branch_labels.py
[2025-11-04T22:15:41.668-0300] {processor.py:840} INFO - DAG(s) 'example_branch_labels' retrieved from /Users/joaovitor/airflow_env/lib/python3.11/site-packages/airflow/example_dags/example_branch_labels.py
[2025-11-04T22:15:41.775-0300] {logging_mixin.py:188} INFO - [2025-11-04T22:15:41.775-0300] {dag.py:3089} INFO - Sync 1 DAGs
[2025-11-04T22:15:41.793-0300] {logging_mixin.py:188} INFO - [2025-11-04T22:15:41.793-0300] {dag.py:3947} INFO - Setting next_dagrun for example_branch_labels to 2025-11-04 00:00:00+00:00, run_after=2025-11-05 00:00:00+00:00
[2025-11-04T22:15:41.815-0300] {processor.py:183} INFO - Processing /Users/joaovitor/airflow_env/lib/python3.11/site-packages/airflow/example_dags/example_branch_labels.py took 0.161 seconds
[2025-11-04T22:19:38.731-0300] {processor.py:161} INFO - Started process (PID=31816) to work on /Users/joaovitor/airflow_env/lib/python3.11/site-packages/airflow/example_dags/example_branch_labels.py
[2025-11-04T22:19:38.733-0300] {processor.py:830} INFO - Processing file /Users/joaovitor/airflow_env/lib/python3.11/site-packages/airflow/example_dags/example_branch_labels.py for tasks to queue
[2025-11-04T22:19:38.734-0300] {logging_mixin.py:188} INFO - [2025-11-04T22:19:38.734-0300] {dagbag.py:545} INFO - Filling up the DagBag from /Users/joaovitor/airflow_env/lib/python3.11/site-packages/airflow/example_dags/example_branch_labels.py
[2025-11-04T22:19:38.745-0300] {processor.py:840} INFO - DAG(s) 'example_branch_labels' retrieved from /Users/joaovitor/airflow_env/lib/python3.11/site-packages/airflow/example_dags/example_branch_labels.py
[2025-11-04T22:19:38.851-0300] {logging_mixin.py:188} INFO - [2025-11-04T22:19:38.851-0300] {dag.py:3089} INFO - Sync 1 DAGs
[2025-11-04T22:19:38.869-0300] {logging_mixin.py:188} INFO - [2025-11-04T22:19:38.868-0300] {dag.py:3947} INFO - Setting next_dagrun for example_branch_labels to 2025-11-04 00:00:00+00:00, run_after=2025-11-05 00:00:00+00:00
[2025-11-04T22:19:38.890-0300] {processor.py:183} INFO - Processing /Users/joaovitor/airflow_env/lib/python3.11/site-packages/airflow/example_dags/example_branch_labels.py took 0.162 seconds
[2025-11-04T22:23:49.522-0300] {processor.py:161} INFO - Started process (PID=31956) to work on /Users/joaovitor/airflow_env/lib/python3.11/site-packages/airflow/example_dags/example_branch_labels.py
[2025-11-04T22:23:49.524-0300] {processor.py:830} INFO - Processing file /Users/joaovitor/airflow_env/lib/python3.11/site-packages/airflow/example_dags/example_branch_labels.py for tasks to queue
[2025-11-04T22:23:49.525-0300] {logging_mixin.py:188} INFO - [2025-11-04T22:23:49.525-0300] {dagbag.py:545} INFO - Filling up the DagBag from /Users/joaovitor/airflow_env/lib/python3.11/site-packages/airflow/example_dags/example_branch_labels.py
[2025-11-04T22:23:49.539-0300] {processor.py:840} INFO - DAG(s) 'example_branch_labels' retrieved from /Users/joaovitor/airflow_env/lib/python3.11/site-packages/airflow/example_dags/example_branch_labels.py
[2025-11-04T22:23:49.665-0300] {logging_mixin.py:188} INFO - [2025-11-04T22:23:49.665-0300] {dag.py:3089} INFO - Sync 1 DAGs
[2025-11-04T22:23:49.685-0300] {logging_mixin.py:188} INFO - [2025-11-04T22:23:49.684-0300] {dag.py:3947} INFO - Setting next_dagrun for example_branch_labels to 2025-11-04 00:00:00+00:00, run_after=2025-11-05 00:00:00+00:00
[2025-11-04T22:23:49.709-0300] {processor.py:183} INFO - Processing /Users/joaovitor/airflow_env/lib/python3.11/site-packages/airflow/example_dags/example_branch_labels.py took 0.189 seconds
[2025-11-04T22:28:05.785-0300] {processor.py:161} INFO - Started process (PID=32040) to work on /Users/joaovitor/airflow_env/lib/python3.11/site-packages/airflow/example_dags/example_branch_labels.py
[2025-11-04T22:28:05.786-0300] {processor.py:830} INFO - Processing file /Users/joaovitor/airflow_env/lib/python3.11/site-packages/airflow/example_dags/example_branch_labels.py for tasks to queue
[2025-11-04T22:28:05.789-0300] {logging_mixin.py:188} INFO - [2025-11-04T22:28:05.789-0300] {dagbag.py:545} INFO - Filling up the DagBag from /Users/joaovitor/airflow_env/lib/python3.11/site-packages/airflow/example_dags/example_branch_labels.py
[2025-11-04T22:28:05.799-0300] {processor.py:840} INFO - DAG(s) 'example_branch_labels' retrieved from /Users/joaovitor/airflow_env/lib/python3.11/site-packages/airflow/example_dags/example_branch_labels.py
[2025-11-04T22:28:05.920-0300] {logging_mixin.py:188} INFO - [2025-11-04T22:28:05.920-0300] {dag.py:3089} INFO - Sync 1 DAGs
[2025-11-04T22:28:05.942-0300] {logging_mixin.py:188} INFO - [2025-11-04T22:28:05.941-0300] {dag.py:3947} INFO - Setting next_dagrun for example_branch_labels to 2025-11-04 00:00:00+00:00, run_after=2025-11-05 00:00:00+00:00
[2025-11-04T22:28:05.967-0300] {processor.py:183} INFO - Processing /Users/joaovitor/airflow_env/lib/python3.11/site-packages/airflow/example_dags/example_branch_labels.py took 0.185 seconds
[2025-11-04T22:32:59.855-0300] {processor.py:161} INFO - Started process (PID=32228) to work on /Users/joaovitor/airflow_env/lib/python3.11/site-packages/airflow/example_dags/example_branch_labels.py
[2025-11-04T22:32:59.857-0300] {processor.py:830} INFO - Processing file /Users/joaovitor/airflow_env/lib/python3.11/site-packages/airflow/example_dags/example_branch_labels.py for tasks to queue
[2025-11-04T22:32:59.858-0300] {logging_mixin.py:188} INFO - [2025-11-04T22:32:59.858-0300] {dagbag.py:545} INFO - Filling up the DagBag from /Users/joaovitor/airflow_env/lib/python3.11/site-packages/airflow/example_dags/example_branch_labels.py
[2025-11-04T22:32:59.872-0300] {processor.py:840} INFO - DAG(s) 'example_branch_labels' retrieved from /Users/joaovitor/airflow_env/lib/python3.11/site-packages/airflow/example_dags/example_branch_labels.py
[2025-11-04T22:33:00.007-0300] {logging_mixin.py:188} INFO - [2025-11-04T22:33:00.006-0300] {dag.py:3089} INFO - Sync 1 DAGs
[2025-11-04T22:33:00.029-0300] {logging_mixin.py:188} INFO - [2025-11-04T22:33:00.029-0300] {dag.py:3947} INFO - Setting next_dagrun for example_branch_labels to 2025-11-04 00:00:00+00:00, run_after=2025-11-05 00:00:00+00:00
[2025-11-04T22:33:00.055-0300] {processor.py:183} INFO - Processing /Users/joaovitor/airflow_env/lib/python3.11/site-packages/airflow/example_dags/example_branch_labels.py took 0.203 seconds
[2025-11-04T22:37:39.146-0300] {processor.py:161} INFO - Started process (PID=32630) to work on /Users/joaovitor/airflow_env/lib/python3.11/site-packages/airflow/example_dags/example_branch_labels.py
[2025-11-04T22:37:39.148-0300] {processor.py:830} INFO - Processing file /Users/joaovitor/airflow_env/lib/python3.11/site-packages/airflow/example_dags/example_branch_labels.py for tasks to queue
[2025-11-04T22:37:39.150-0300] {logging_mixin.py:188} INFO - [2025-11-04T22:37:39.149-0300] {dagbag.py:545} INFO - Filling up the DagBag from /Users/joaovitor/airflow_env/lib/python3.11/site-packages/airflow/example_dags/example_branch_labels.py
[2025-11-04T22:37:39.178-0300] {processor.py:840} INFO - DAG(s) 'example_branch_labels' retrieved from /Users/joaovitor/airflow_env/lib/python3.11/site-packages/airflow/example_dags/example_branch_labels.py
[2025-11-04T22:37:39.211-0300] {logging_mixin.py:188} INFO - [2025-11-04T22:37:39.211-0300] {dag.py:3089} INFO - Sync 1 DAGs
[2025-11-04T22:37:39.342-0300] {logging_mixin.py:188} INFO - [2025-11-04T22:37:39.342-0300] {dag.py:3947} INFO - Setting next_dagrun for example_branch_labels to 2025-11-04 00:00:00+00:00, run_after=2025-11-05 00:00:00+00:00
[2025-11-04T22:37:39.371-0300] {processor.py:183} INFO - Processing /Users/joaovitor/airflow_env/lib/python3.11/site-packages/airflow/example_dags/example_branch_labels.py took 0.228 seconds
[2025-11-04T22:42:33.455-0300] {processor.py:161} INFO - Started process (PID=32745) to work on /Users/joaovitor/airflow_env/lib/python3.11/site-packages/airflow/example_dags/example_branch_labels.py
[2025-11-04T22:42:33.456-0300] {processor.py:830} INFO - Processing file /Users/joaovitor/airflow_env/lib/python3.11/site-packages/airflow/example_dags/example_branch_labels.py for tasks to queue
[2025-11-04T22:42:33.458-0300] {logging_mixin.py:188} INFO - [2025-11-04T22:42:33.457-0300] {dagbag.py:545} INFO - Filling up the DagBag from /Users/joaovitor/airflow_env/lib/python3.11/site-packages/airflow/example_dags/example_branch_labels.py
[2025-11-04T22:42:33.469-0300] {processor.py:840} INFO - DAG(s) 'example_branch_labels' retrieved from /Users/joaovitor/airflow_env/lib/python3.11/site-packages/airflow/example_dags/example_branch_labels.py
[2025-11-04T22:42:33.700-0300] {logging_mixin.py:188} INFO - [2025-11-04T22:42:33.700-0300] {dag.py:3089} INFO - Sync 1 DAGs
[2025-11-04T22:42:33.720-0300] {logging_mixin.py:188} INFO - [2025-11-04T22:42:33.720-0300] {dag.py:3947} INFO - Setting next_dagrun for example_branch_labels to 2025-11-04 00:00:00+00:00, run_after=2025-11-05 00:00:00+00:00
[2025-11-04T22:42:33.744-0300] {processor.py:183} INFO - Processing /Users/joaovitor/airflow_env/lib/python3.11/site-packages/airflow/example_dags/example_branch_labels.py took 0.292 seconds
[2025-11-04T22:47:01.300-0300] {processor.py:161} INFO - Started process (PID=32851) to work on /Users/joaovitor/airflow_env/lib/python3.11/site-packages/airflow/example_dags/example_branch_labels.py
[2025-11-04T22:47:01.301-0300] {processor.py:830} INFO - Processing file /Users/joaovitor/airflow_env/lib/python3.11/site-packages/airflow/example_dags/example_branch_labels.py for tasks to queue
[2025-11-04T22:47:01.302-0300] {logging_mixin.py:188} INFO - [2025-11-04T22:47:01.302-0300] {dagbag.py:545} INFO - Filling up the DagBag from /Users/joaovitor/airflow_env/lib/python3.11/site-packages/airflow/example_dags/example_branch_labels.py
[2025-11-04T22:47:01.312-0300] {processor.py:840} INFO - DAG(s) 'example_branch_labels' retrieved from /Users/joaovitor/airflow_env/lib/python3.11/site-packages/airflow/example_dags/example_branch_labels.py
[2025-11-04T22:47:01.420-0300] {logging_mixin.py:188} INFO - [2025-11-04T22:47:01.420-0300] {dag.py:3089} INFO - Sync 1 DAGs
[2025-11-04T22:47:01.438-0300] {logging_mixin.py:188} INFO - [2025-11-04T22:47:01.438-0300] {dag.py:3947} INFO - Setting next_dagrun for example_branch_labels to 2025-11-04 00:00:00+00:00, run_after=2025-11-05 00:00:00+00:00
[2025-11-04T22:47:01.460-0300] {processor.py:183} INFO - Processing /Users/joaovitor/airflow_env/lib/python3.11/site-packages/airflow/example_dags/example_branch_labels.py took 0.163 seconds
[2025-11-04T22:51:26.517-0300] {processor.py:161} INFO - Started process (PID=32967) to work on /Users/joaovitor/airflow_env/lib/python3.11/site-packages/airflow/example_dags/example_branch_labels.py
[2025-11-04T22:51:26.519-0300] {processor.py:830} INFO - Processing file /Users/joaovitor/airflow_env/lib/python3.11/site-packages/airflow/example_dags/example_branch_labels.py for tasks to queue
[2025-11-04T22:51:26.520-0300] {logging_mixin.py:188} INFO - [2025-11-04T22:51:26.520-0300] {dagbag.py:545} INFO - Filling up the DagBag from /Users/joaovitor/airflow_env/lib/python3.11/site-packages/airflow/example_dags/example_branch_labels.py
[2025-11-04T22:51:26.531-0300] {processor.py:840} INFO - DAG(s) 'example_branch_labels' retrieved from /Users/joaovitor/airflow_env/lib/python3.11/site-packages/airflow/example_dags/example_branch_labels.py
[2025-11-04T22:51:26.656-0300] {logging_mixin.py:188} INFO - [2025-11-04T22:51:26.656-0300] {dag.py:3089} INFO - Sync 1 DAGs
[2025-11-04T22:51:26.680-0300] {logging_mixin.py:188} INFO - [2025-11-04T22:51:26.680-0300] {dag.py:3947} INFO - Setting next_dagrun for example_branch_labels to 2025-11-04 00:00:00+00:00, run_after=2025-11-05 00:00:00+00:00
[2025-11-04T22:51:26.705-0300] {processor.py:183} INFO - Processing /Users/joaovitor/airflow_env/lib/python3.11/site-packages/airflow/example_dags/example_branch_labels.py took 0.190 seconds
[2025-11-04T22:56:08.263-0300] {processor.py:161} INFO - Started process (PID=33066) to work on /Users/joaovitor/airflow_env/lib/python3.11/site-packages/airflow/example_dags/example_branch_labels.py
[2025-11-04T22:56:08.265-0300] {processor.py:830} INFO - Processing file /Users/joaovitor/airflow_env/lib/python3.11/site-packages/airflow/example_dags/example_branch_labels.py for tasks to queue
[2025-11-04T22:56:08.266-0300] {logging_mixin.py:188} INFO - [2025-11-04T22:56:08.265-0300] {dagbag.py:545} INFO - Filling up the DagBag from /Users/joaovitor/airflow_env/lib/python3.11/site-packages/airflow/example_dags/example_branch_labels.py
[2025-11-04T22:56:08.277-0300] {processor.py:840} INFO - DAG(s) 'example_branch_labels' retrieved from /Users/joaovitor/airflow_env/lib/python3.11/site-packages/airflow/example_dags/example_branch_labels.py
[2025-11-04T22:56:08.398-0300] {logging_mixin.py:188} INFO - [2025-11-04T22:56:08.397-0300] {dag.py:3089} INFO - Sync 1 DAGs
[2025-11-04T22:56:08.417-0300] {logging_mixin.py:188} INFO - [2025-11-04T22:56:08.417-0300] {dag.py:3947} INFO - Setting next_dagrun for example_branch_labels to 2025-11-04 00:00:00+00:00, run_after=2025-11-05 00:00:00+00:00
[2025-11-04T22:56:08.439-0300] {processor.py:183} INFO - Processing /Users/joaovitor/airflow_env/lib/python3.11/site-packages/airflow/example_dags/example_branch_labels.py took 0.179 seconds
[2025-11-04T23:00:42.367-0300] {processor.py:161} INFO - Started process (PID=33156) to work on /Users/joaovitor/airflow_env/lib/python3.11/site-packages/airflow/example_dags/example_branch_labels.py
[2025-11-04T23:00:42.369-0300] {processor.py:830} INFO - Processing file /Users/joaovitor/airflow_env/lib/python3.11/site-packages/airflow/example_dags/example_branch_labels.py for tasks to queue
[2025-11-04T23:00:42.370-0300] {logging_mixin.py:188} INFO - [2025-11-04T23:00:42.370-0300] {dagbag.py:545} INFO - Filling up the DagBag from /Users/joaovitor/airflow_env/lib/python3.11/site-packages/airflow/example_dags/example_branch_labels.py
[2025-11-04T23:00:42.388-0300] {processor.py:840} INFO - DAG(s) 'example_branch_labels' retrieved from /Users/joaovitor/airflow_env/lib/python3.11/site-packages/airflow/example_dags/example_branch_labels.py
[2025-11-04T23:00:42.649-0300] {logging_mixin.py:188} INFO - [2025-11-04T23:00:42.649-0300] {dag.py:3089} INFO - Sync 1 DAGs
[2025-11-04T23:00:42.669-0300] {logging_mixin.py:188} INFO - [2025-11-04T23:00:42.669-0300] {dag.py:3947} INFO - Setting next_dagrun for example_branch_labels to 2025-11-04 00:00:00+00:00, run_after=2025-11-05 00:00:00+00:00
[2025-11-04T23:00:42.691-0300] {processor.py:183} INFO - Processing /Users/joaovitor/airflow_env/lib/python3.11/site-packages/airflow/example_dags/example_branch_labels.py took 0.327 seconds
