[2025-11-04T21:46:55.010-0300] {processor.py:161} INFO - Started process (PID=31079) to work on /Users/joaovitor/airflow_env/lib/python3.11/site-packages/airflow/example_dags/example_sensor_decorator.py
[2025-11-04T21:46:55.010-0300] {processor.py:830} INFO - Processing file /Users/joaovitor/airflow_env/lib/python3.11/site-packages/airflow/example_dags/example_sensor_decorator.py for tasks to queue
[2025-11-04T21:46:55.011-0300] {logging_mixin.py:188} INFO - [2025-11-04T21:46:55.011-0300] {dagbag.py:545} INFO - Filling up the DagBag from /Users/joaovitor/airflow_env/lib/python3.11/site-packages/airflow/example_dags/example_sensor_decorator.py
[2025-11-04T21:46:55.053-0300] {processor.py:840} INFO - DAG(s) 'example_sensor_decorator' retrieved from /Users/joaovitor/airflow_env/lib/python3.11/site-packages/airflow/example_dags/example_sensor_decorator.py
[2025-11-04T21:46:55.273-0300] {logging_mixin.py:188} INFO - [2025-11-04T21:46:55.272-0300] {override.py:1858} INFO - Created Permission View: can read on DAG:example_sensor_decorator
[2025-11-04T21:46:55.285-0300] {logging_mixin.py:188} INFO - [2025-11-04T21:46:55.285-0300] {override.py:1858} INFO - Created Permission View: can edit on DAG:example_sensor_decorator
[2025-11-04T21:46:55.292-0300] {logging_mixin.py:188} INFO - [2025-11-04T21:46:55.292-0300] {override.py:1858} INFO - Created Permission View: can delete on DAG:example_sensor_decorator
[2025-11-04T21:46:55.293-0300] {logging_mixin.py:188} INFO - [2025-11-04T21:46:55.293-0300] {dag.py:3089} INFO - Sync 1 DAGs
[2025-11-04T21:46:55.366-0300] {logging_mixin.py:188} INFO - [2025-11-04T21:46:55.365-0300] {dag.py:3111} INFO - Creating ORM DAG for example_sensor_decorator
[2025-11-04T21:46:55.366-0300] {logging_mixin.py:188} INFO - [2025-11-04T21:46:55.366-0300] {dag.py:3947} INFO - Setting next_dagrun for example_sensor_decorator to None, run_after=None
[2025-11-04T21:46:55.400-0300] {processor.py:183} INFO - Processing /Users/joaovitor/airflow_env/lib/python3.11/site-packages/airflow/example_dags/example_sensor_decorator.py took 0.394 seconds
[2025-11-04T21:49:57.644-0300] {processor.py:161} INFO - Started process (PID=31194) to work on /Users/joaovitor/airflow_env/lib/python3.11/site-packages/airflow/example_dags/example_sensor_decorator.py
[2025-11-04T21:49:57.646-0300] {processor.py:830} INFO - Processing file /Users/joaovitor/airflow_env/lib/python3.11/site-packages/airflow/example_dags/example_sensor_decorator.py for tasks to queue
[2025-11-04T21:49:57.647-0300] {logging_mixin.py:188} INFO - [2025-11-04T21:49:57.646-0300] {dagbag.py:545} INFO - Filling up the DagBag from /Users/joaovitor/airflow_env/lib/python3.11/site-packages/airflow/example_dags/example_sensor_decorator.py
[2025-11-04T21:49:57.691-0300] {processor.py:840} INFO - DAG(s) 'example_sensor_decorator' retrieved from /Users/joaovitor/airflow_env/lib/python3.11/site-packages/airflow/example_dags/example_sensor_decorator.py
[2025-11-04T21:49:57.823-0300] {logging_mixin.py:188} INFO - [2025-11-04T21:49:57.823-0300] {dag.py:3089} INFO - Sync 1 DAGs
[2025-11-04T21:49:57.833-0300] {logging_mixin.py:188} INFO - [2025-11-04T21:49:57.833-0300] {dag.py:3947} INFO - Setting next_dagrun for example_sensor_decorator to None, run_after=None
[2025-11-04T21:49:57.853-0300] {processor.py:183} INFO - Processing /Users/joaovitor/airflow_env/lib/python3.11/site-packages/airflow/example_dags/example_sensor_decorator.py took 0.212 seconds
[2025-11-04T21:52:07.265-0300] {processor.py:161} INFO - Started process (PID=31237) to work on /Users/joaovitor/airflow_env/lib/python3.11/site-packages/airflow/example_dags/example_sensor_decorator.py
[2025-11-04T21:52:07.267-0300] {processor.py:830} INFO - Processing file /Users/joaovitor/airflow_env/lib/python3.11/site-packages/airflow/example_dags/example_sensor_decorator.py for tasks to queue
[2025-11-04T21:52:07.268-0300] {logging_mixin.py:188} INFO - [2025-11-04T21:52:07.268-0300] {dagbag.py:545} INFO - Filling up the DagBag from /Users/joaovitor/airflow_env/lib/python3.11/site-packages/airflow/example_dags/example_sensor_decorator.py
[2025-11-04T21:52:07.305-0300] {processor.py:840} INFO - DAG(s) 'example_sensor_decorator' retrieved from /Users/joaovitor/airflow_env/lib/python3.11/site-packages/airflow/example_dags/example_sensor_decorator.py
[2025-11-04T21:52:07.414-0300] {logging_mixin.py:188} INFO - [2025-11-04T21:52:07.414-0300] {dag.py:3089} INFO - Sync 1 DAGs
[2025-11-04T21:52:07.424-0300] {logging_mixin.py:188} INFO - [2025-11-04T21:52:07.423-0300] {dag.py:3947} INFO - Setting next_dagrun for example_sensor_decorator to None, run_after=None
[2025-11-04T21:52:07.443-0300] {processor.py:183} INFO - Processing /Users/joaovitor/airflow_env/lib/python3.11/site-packages/airflow/example_dags/example_sensor_decorator.py took 0.181 seconds
[2025-11-04T21:54:03.692-0300] {processor.py:161} INFO - Started process (PID=31279) to work on /Users/joaovitor/airflow_env/lib/python3.11/site-packages/airflow/example_dags/example_sensor_decorator.py
[2025-11-04T21:54:03.693-0300] {processor.py:830} INFO - Processing file /Users/joaovitor/airflow_env/lib/python3.11/site-packages/airflow/example_dags/example_sensor_decorator.py for tasks to queue
[2025-11-04T21:54:03.694-0300] {logging_mixin.py:188} INFO - [2025-11-04T21:54:03.694-0300] {dagbag.py:545} INFO - Filling up the DagBag from /Users/joaovitor/airflow_env/lib/python3.11/site-packages/airflow/example_dags/example_sensor_decorator.py
[2025-11-04T21:54:03.730-0300] {processor.py:840} INFO - DAG(s) 'example_sensor_decorator' retrieved from /Users/joaovitor/airflow_env/lib/python3.11/site-packages/airflow/example_dags/example_sensor_decorator.py
[2025-11-04T21:54:03.851-0300] {logging_mixin.py:188} INFO - [2025-11-04T21:54:03.851-0300] {dag.py:3089} INFO - Sync 1 DAGs
[2025-11-04T21:54:03.861-0300] {logging_mixin.py:188} INFO - [2025-11-04T21:54:03.861-0300] {dag.py:3947} INFO - Setting next_dagrun for example_sensor_decorator to None, run_after=None
[2025-11-04T21:54:03.885-0300] {processor.py:183} INFO - Processing /Users/joaovitor/airflow_env/lib/python3.11/site-packages/airflow/example_dags/example_sensor_decorator.py took 0.195 seconds
[2025-11-04T21:55:57.308-0300] {processor.py:161} INFO - Started process (PID=31321) to work on /Users/joaovitor/airflow_env/lib/python3.11/site-packages/airflow/example_dags/example_sensor_decorator.py
[2025-11-04T21:55:57.309-0300] {processor.py:830} INFO - Processing file /Users/joaovitor/airflow_env/lib/python3.11/site-packages/airflow/example_dags/example_sensor_decorator.py for tasks to queue
[2025-11-04T21:55:57.309-0300] {logging_mixin.py:188} INFO - [2025-11-04T21:55:57.309-0300] {dagbag.py:545} INFO - Filling up the DagBag from /Users/joaovitor/airflow_env/lib/python3.11/site-packages/airflow/example_dags/example_sensor_decorator.py
[2025-11-04T21:55:57.345-0300] {processor.py:840} INFO - DAG(s) 'example_sensor_decorator' retrieved from /Users/joaovitor/airflow_env/lib/python3.11/site-packages/airflow/example_dags/example_sensor_decorator.py
[2025-11-04T21:55:57.453-0300] {logging_mixin.py:188} INFO - [2025-11-04T21:55:57.453-0300] {dag.py:3089} INFO - Sync 1 DAGs
[2025-11-04T21:55:57.463-0300] {logging_mixin.py:188} INFO - [2025-11-04T21:55:57.463-0300] {dag.py:3947} INFO - Setting next_dagrun for example_sensor_decorator to None, run_after=None
[2025-11-04T21:55:57.485-0300] {processor.py:183} INFO - Processing /Users/joaovitor/airflow_env/lib/python3.11/site-packages/airflow/example_dags/example_sensor_decorator.py took 0.180 seconds
[2025-11-04T21:57:48.274-0300] {processor.py:161} INFO - Started process (PID=31361) to work on /Users/joaovitor/airflow_env/lib/python3.11/site-packages/airflow/example_dags/example_sensor_decorator.py
[2025-11-04T21:57:48.275-0300] {processor.py:830} INFO - Processing file /Users/joaovitor/airflow_env/lib/python3.11/site-packages/airflow/example_dags/example_sensor_decorator.py for tasks to queue
[2025-11-04T21:57:48.275-0300] {logging_mixin.py:188} INFO - [2025-11-04T21:57:48.275-0300] {dagbag.py:545} INFO - Filling up the DagBag from /Users/joaovitor/airflow_env/lib/python3.11/site-packages/airflow/example_dags/example_sensor_decorator.py
[2025-11-04T21:57:48.317-0300] {processor.py:840} INFO - DAG(s) 'example_sensor_decorator' retrieved from /Users/joaovitor/airflow_env/lib/python3.11/site-packages/airflow/example_dags/example_sensor_decorator.py
[2025-11-04T21:57:48.442-0300] {logging_mixin.py:188} INFO - [2025-11-04T21:57:48.442-0300] {dag.py:3089} INFO - Sync 1 DAGs
[2025-11-04T21:57:48.453-0300] {logging_mixin.py:188} INFO - [2025-11-04T21:57:48.453-0300] {dag.py:3947} INFO - Setting next_dagrun for example_sensor_decorator to None, run_after=None
[2025-11-04T21:57:48.481-0300] {processor.py:183} INFO - Processing /Users/joaovitor/airflow_env/lib/python3.11/site-packages/airflow/example_dags/example_sensor_decorator.py took 0.210 seconds
[2025-11-04T21:59:39.215-0300] {processor.py:161} INFO - Started process (PID=31400) to work on /Users/joaovitor/airflow_env/lib/python3.11/site-packages/airflow/example_dags/example_sensor_decorator.py
[2025-11-04T21:59:39.216-0300] {processor.py:830} INFO - Processing file /Users/joaovitor/airflow_env/lib/python3.11/site-packages/airflow/example_dags/example_sensor_decorator.py for tasks to queue
[2025-11-04T21:59:39.217-0300] {logging_mixin.py:188} INFO - [2025-11-04T21:59:39.217-0300] {dagbag.py:545} INFO - Filling up the DagBag from /Users/joaovitor/airflow_env/lib/python3.11/site-packages/airflow/example_dags/example_sensor_decorator.py
[2025-11-04T21:59:39.253-0300] {processor.py:840} INFO - DAG(s) 'example_sensor_decorator' retrieved from /Users/joaovitor/airflow_env/lib/python3.11/site-packages/airflow/example_dags/example_sensor_decorator.py
[2025-11-04T21:59:39.364-0300] {logging_mixin.py:188} INFO - [2025-11-04T21:59:39.363-0300] {dag.py:3089} INFO - Sync 1 DAGs
[2025-11-04T21:59:39.373-0300] {logging_mixin.py:188} INFO - [2025-11-04T21:59:39.373-0300] {dag.py:3947} INFO - Setting next_dagrun for example_sensor_decorator to None, run_after=None
[2025-11-04T21:59:39.400-0300] {processor.py:183} INFO - Processing /Users/joaovitor/airflow_env/lib/python3.11/site-packages/airflow/example_dags/example_sensor_decorator.py took 0.187 seconds
[2025-11-04T22:05:15.321-0300] {processor.py:161} INFO - Started process (PID=31457) to work on /Users/joaovitor/airflow_env/lib/python3.11/site-packages/airflow/example_dags/example_sensor_decorator.py
[2025-11-04T22:05:15.323-0300] {processor.py:830} INFO - Processing file /Users/joaovitor/airflow_env/lib/python3.11/site-packages/airflow/example_dags/example_sensor_decorator.py for tasks to queue
[2025-11-04T22:05:15.324-0300] {logging_mixin.py:188} INFO - [2025-11-04T22:05:15.324-0300] {dagbag.py:545} INFO - Filling up the DagBag from /Users/joaovitor/airflow_env/lib/python3.11/site-packages/airflow/example_dags/example_sensor_decorator.py
[2025-11-04T22:05:15.362-0300] {processor.py:840} INFO - DAG(s) 'example_sensor_decorator' retrieved from /Users/joaovitor/airflow_env/lib/python3.11/site-packages/airflow/example_dags/example_sensor_decorator.py
[2025-11-04T22:05:15.482-0300] {logging_mixin.py:188} INFO - [2025-11-04T22:05:15.482-0300] {dag.py:3089} INFO - Sync 1 DAGs
[2025-11-04T22:05:15.493-0300] {logging_mixin.py:188} INFO - [2025-11-04T22:05:15.493-0300] {dag.py:3947} INFO - Setting next_dagrun for example_sensor_decorator to None, run_after=None
[2025-11-04T22:05:15.515-0300] {processor.py:183} INFO - Processing /Users/joaovitor/airflow_env/lib/python3.11/site-packages/airflow/example_dags/example_sensor_decorator.py took 0.196 seconds
[2025-11-04T22:07:08.703-0300] {processor.py:161} INFO - Started process (PID=31516) to work on /Users/joaovitor/airflow_env/lib/python3.11/site-packages/airflow/example_dags/example_sensor_decorator.py
[2025-11-04T22:07:08.704-0300] {processor.py:830} INFO - Processing file /Users/joaovitor/airflow_env/lib/python3.11/site-packages/airflow/example_dags/example_sensor_decorator.py for tasks to queue
[2025-11-04T22:07:08.705-0300] {logging_mixin.py:188} INFO - [2025-11-04T22:07:08.704-0300] {dagbag.py:545} INFO - Filling up the DagBag from /Users/joaovitor/airflow_env/lib/python3.11/site-packages/airflow/example_dags/example_sensor_decorator.py
[2025-11-04T22:07:08.746-0300] {processor.py:840} INFO - DAG(s) 'example_sensor_decorator' retrieved from /Users/joaovitor/airflow_env/lib/python3.11/site-packages/airflow/example_dags/example_sensor_decorator.py
[2025-11-04T22:07:08.893-0300] {logging_mixin.py:188} INFO - [2025-11-04T22:07:08.893-0300] {dag.py:3089} INFO - Sync 1 DAGs
[2025-11-04T22:07:08.907-0300] {logging_mixin.py:188} INFO - [2025-11-04T22:07:08.906-0300] {dag.py:3947} INFO - Setting next_dagrun for example_sensor_decorator to None, run_after=None
[2025-11-04T22:07:08.928-0300] {processor.py:183} INFO - Processing /Users/joaovitor/airflow_env/lib/python3.11/site-packages/airflow/example_dags/example_sensor_decorator.py took 0.228 seconds
[2025-11-04T22:09:03.347-0300] {processor.py:161} INFO - Started process (PID=31557) to work on /Users/joaovitor/airflow_env/lib/python3.11/site-packages/airflow/example_dags/example_sensor_decorator.py
[2025-11-04T22:09:03.348-0300] {processor.py:830} INFO - Processing file /Users/joaovitor/airflow_env/lib/python3.11/site-packages/airflow/example_dags/example_sensor_decorator.py for tasks to queue
[2025-11-04T22:09:03.349-0300] {logging_mixin.py:188} INFO - [2025-11-04T22:09:03.348-0300] {dagbag.py:545} INFO - Filling up the DagBag from /Users/joaovitor/airflow_env/lib/python3.11/site-packages/airflow/example_dags/example_sensor_decorator.py
[2025-11-04T22:09:03.387-0300] {processor.py:840} INFO - DAG(s) 'example_sensor_decorator' retrieved from /Users/joaovitor/airflow_env/lib/python3.11/site-packages/airflow/example_dags/example_sensor_decorator.py
[2025-11-04T22:09:03.511-0300] {logging_mixin.py:188} INFO - [2025-11-04T22:09:03.511-0300] {dag.py:3089} INFO - Sync 1 DAGs
[2025-11-04T22:09:03.521-0300] {logging_mixin.py:188} INFO - [2025-11-04T22:09:03.520-0300] {dag.py:3947} INFO - Setting next_dagrun for example_sensor_decorator to None, run_after=None
[2025-11-04T22:09:03.550-0300] {processor.py:183} INFO - Processing /Users/joaovitor/airflow_env/lib/python3.11/site-packages/airflow/example_dags/example_sensor_decorator.py took 0.206 seconds
[2025-11-04T22:10:57.980-0300] {processor.py:161} INFO - Started process (PID=31606) to work on /Users/joaovitor/airflow_env/lib/python3.11/site-packages/airflow/example_dags/example_sensor_decorator.py
[2025-11-04T22:10:57.981-0300] {processor.py:830} INFO - Processing file /Users/joaovitor/airflow_env/lib/python3.11/site-packages/airflow/example_dags/example_sensor_decorator.py for tasks to queue
[2025-11-04T22:10:57.982-0300] {logging_mixin.py:188} INFO - [2025-11-04T22:10:57.982-0300] {dagbag.py:545} INFO - Filling up the DagBag from /Users/joaovitor/airflow_env/lib/python3.11/site-packages/airflow/example_dags/example_sensor_decorator.py
[2025-11-04T22:10:58.025-0300] {processor.py:840} INFO - DAG(s) 'example_sensor_decorator' retrieved from /Users/joaovitor/airflow_env/lib/python3.11/site-packages/airflow/example_dags/example_sensor_decorator.py
[2025-11-04T22:10:58.209-0300] {logging_mixin.py:188} INFO - [2025-11-04T22:10:58.208-0300] {dag.py:3089} INFO - Sync 1 DAGs
[2025-11-04T22:10:58.218-0300] {logging_mixin.py:188} INFO - [2025-11-04T22:10:58.218-0300] {dag.py:3947} INFO - Setting next_dagrun for example_sensor_decorator to None, run_after=None
[2025-11-04T22:10:58.244-0300] {processor.py:183} INFO - Processing /Users/joaovitor/airflow_env/lib/python3.11/site-packages/airflow/example_dags/example_sensor_decorator.py took 0.268 seconds
[2025-11-04T22:12:57.095-0300] {processor.py:161} INFO - Started process (PID=31658) to work on /Users/joaovitor/airflow_env/lib/python3.11/site-packages/airflow/example_dags/example_sensor_decorator.py
[2025-11-04T22:12:57.097-0300] {processor.py:830} INFO - Processing file /Users/joaovitor/airflow_env/lib/python3.11/site-packages/airflow/example_dags/example_sensor_decorator.py for tasks to queue
[2025-11-04T22:12:57.098-0300] {logging_mixin.py:188} INFO - [2025-11-04T22:12:57.098-0300] {dagbag.py:545} INFO - Filling up the DagBag from /Users/joaovitor/airflow_env/lib/python3.11/site-packages/airflow/example_dags/example_sensor_decorator.py
[2025-11-04T22:12:57.137-0300] {processor.py:840} INFO - DAG(s) 'example_sensor_decorator' retrieved from /Users/joaovitor/airflow_env/lib/python3.11/site-packages/airflow/example_dags/example_sensor_decorator.py
[2025-11-04T22:12:57.264-0300] {logging_mixin.py:188} INFO - [2025-11-04T22:12:57.264-0300] {dag.py:3089} INFO - Sync 1 DAGs
[2025-11-04T22:12:57.273-0300] {logging_mixin.py:188} INFO - [2025-11-04T22:12:57.273-0300] {dag.py:3947} INFO - Setting next_dagrun for example_sensor_decorator to None, run_after=None
[2025-11-04T22:12:57.296-0300] {processor.py:183} INFO - Processing /Users/joaovitor/airflow_env/lib/python3.11/site-packages/airflow/example_dags/example_sensor_decorator.py took 0.204 seconds
[2025-11-04T22:14:58.089-0300] {processor.py:161} INFO - Started process (PID=31701) to work on /Users/joaovitor/airflow_env/lib/python3.11/site-packages/airflow/example_dags/example_sensor_decorator.py
[2025-11-04T22:14:58.090-0300] {processor.py:830} INFO - Processing file /Users/joaovitor/airflow_env/lib/python3.11/site-packages/airflow/example_dags/example_sensor_decorator.py for tasks to queue
[2025-11-04T22:14:58.091-0300] {logging_mixin.py:188} INFO - [2025-11-04T22:14:58.090-0300] {dagbag.py:545} INFO - Filling up the DagBag from /Users/joaovitor/airflow_env/lib/python3.11/site-packages/airflow/example_dags/example_sensor_decorator.py
[2025-11-04T22:14:58.126-0300] {processor.py:840} INFO - DAG(s) 'example_sensor_decorator' retrieved from /Users/joaovitor/airflow_env/lib/python3.11/site-packages/airflow/example_dags/example_sensor_decorator.py
[2025-11-04T22:14:58.234-0300] {logging_mixin.py:188} INFO - [2025-11-04T22:14:58.234-0300] {dag.py:3089} INFO - Sync 1 DAGs
[2025-11-04T22:14:58.244-0300] {logging_mixin.py:188} INFO - [2025-11-04T22:14:58.243-0300] {dag.py:3947} INFO - Setting next_dagrun for example_sensor_decorator to None, run_after=None
[2025-11-04T22:14:58.263-0300] {processor.py:183} INFO - Processing /Users/joaovitor/airflow_env/lib/python3.11/site-packages/airflow/example_dags/example_sensor_decorator.py took 0.177 seconds
[2025-11-04T22:17:08.671-0300] {processor.py:161} INFO - Started process (PID=31758) to work on /Users/joaovitor/airflow_env/lib/python3.11/site-packages/airflow/example_dags/example_sensor_decorator.py
[2025-11-04T22:17:08.672-0300] {processor.py:830} INFO - Processing file /Users/joaovitor/airflow_env/lib/python3.11/site-packages/airflow/example_dags/example_sensor_decorator.py for tasks to queue
[2025-11-04T22:17:08.672-0300] {logging_mixin.py:188} INFO - [2025-11-04T22:17:08.672-0300] {dagbag.py:545} INFO - Filling up the DagBag from /Users/joaovitor/airflow_env/lib/python3.11/site-packages/airflow/example_dags/example_sensor_decorator.py
[2025-11-04T22:17:08.713-0300] {processor.py:840} INFO - DAG(s) 'example_sensor_decorator' retrieved from /Users/joaovitor/airflow_env/lib/python3.11/site-packages/airflow/example_dags/example_sensor_decorator.py
[2025-11-04T22:17:08.838-0300] {logging_mixin.py:188} INFO - [2025-11-04T22:17:08.838-0300] {dag.py:3089} INFO - Sync 1 DAGs
[2025-11-04T22:17:08.850-0300] {logging_mixin.py:188} INFO - [2025-11-04T22:17:08.850-0300] {dag.py:3947} INFO - Setting next_dagrun for example_sensor_decorator to None, run_after=None
[2025-11-04T22:17:08.872-0300] {processor.py:183} INFO - Processing /Users/joaovitor/airflow_env/lib/python3.11/site-packages/airflow/example_dags/example_sensor_decorator.py took 0.204 seconds
[2025-11-04T22:19:10.032-0300] {processor.py:161} INFO - Started process (PID=31806) to work on /Users/joaovitor/airflow_env/lib/python3.11/site-packages/airflow/example_dags/example_sensor_decorator.py
[2025-11-04T22:19:10.034-0300] {processor.py:830} INFO - Processing file /Users/joaovitor/airflow_env/lib/python3.11/site-packages/airflow/example_dags/example_sensor_decorator.py for tasks to queue
[2025-11-04T22:19:10.035-0300] {logging_mixin.py:188} INFO - [2025-11-04T22:19:10.035-0300] {dagbag.py:545} INFO - Filling up the DagBag from /Users/joaovitor/airflow_env/lib/python3.11/site-packages/airflow/example_dags/example_sensor_decorator.py
[2025-11-04T22:19:10.079-0300] {processor.py:840} INFO - DAG(s) 'example_sensor_decorator' retrieved from /Users/joaovitor/airflow_env/lib/python3.11/site-packages/airflow/example_dags/example_sensor_decorator.py
[2025-11-04T22:19:10.192-0300] {logging_mixin.py:188} INFO - [2025-11-04T22:19:10.192-0300] {dag.py:3089} INFO - Sync 1 DAGs
[2025-11-04T22:19:10.201-0300] {logging_mixin.py:188} INFO - [2025-11-04T22:19:10.201-0300] {dag.py:3947} INFO - Setting next_dagrun for example_sensor_decorator to None, run_after=None
[2025-11-04T22:19:10.222-0300] {processor.py:183} INFO - Processing /Users/joaovitor/airflow_env/lib/python3.11/site-packages/airflow/example_dags/example_sensor_decorator.py took 0.195 seconds
[2025-11-04T22:21:08.484-0300] {processor.py:161} INFO - Started process (PID=31869) to work on /Users/joaovitor/airflow_env/lib/python3.11/site-packages/airflow/example_dags/example_sensor_decorator.py
[2025-11-04T22:21:08.487-0300] {processor.py:830} INFO - Processing file /Users/joaovitor/airflow_env/lib/python3.11/site-packages/airflow/example_dags/example_sensor_decorator.py for tasks to queue
[2025-11-04T22:21:08.488-0300] {logging_mixin.py:188} INFO - [2025-11-04T22:21:08.487-0300] {dagbag.py:545} INFO - Filling up the DagBag from /Users/joaovitor/airflow_env/lib/python3.11/site-packages/airflow/example_dags/example_sensor_decorator.py
[2025-11-04T22:21:08.530-0300] {processor.py:840} INFO - DAG(s) 'example_sensor_decorator' retrieved from /Users/joaovitor/airflow_env/lib/python3.11/site-packages/airflow/example_dags/example_sensor_decorator.py
[2025-11-04T22:21:08.649-0300] {logging_mixin.py:188} INFO - [2025-11-04T22:21:08.649-0300] {dag.py:3089} INFO - Sync 1 DAGs
[2025-11-04T22:21:08.659-0300] {logging_mixin.py:188} INFO - [2025-11-04T22:21:08.659-0300] {dag.py:3947} INFO - Setting next_dagrun for example_sensor_decorator to None, run_after=None
[2025-11-04T22:21:08.683-0300] {processor.py:183} INFO - Processing /Users/joaovitor/airflow_env/lib/python3.11/site-packages/airflow/example_dags/example_sensor_decorator.py took 0.202 seconds
[2025-11-04T22:23:16.401-0300] {processor.py:161} INFO - Started process (PID=31945) to work on /Users/joaovitor/airflow_env/lib/python3.11/site-packages/airflow/example_dags/example_sensor_decorator.py
[2025-11-04T22:23:16.403-0300] {processor.py:830} INFO - Processing file /Users/joaovitor/airflow_env/lib/python3.11/site-packages/airflow/example_dags/example_sensor_decorator.py for tasks to queue
[2025-11-04T22:23:16.404-0300] {logging_mixin.py:188} INFO - [2025-11-04T22:23:16.404-0300] {dagbag.py:545} INFO - Filling up the DagBag from /Users/joaovitor/airflow_env/lib/python3.11/site-packages/airflow/example_dags/example_sensor_decorator.py
[2025-11-04T22:23:16.453-0300] {processor.py:840} INFO - DAG(s) 'example_sensor_decorator' retrieved from /Users/joaovitor/airflow_env/lib/python3.11/site-packages/airflow/example_dags/example_sensor_decorator.py
[2025-11-04T22:23:16.617-0300] {logging_mixin.py:188} INFO - [2025-11-04T22:23:16.617-0300] {dag.py:3089} INFO - Sync 1 DAGs
[2025-11-04T22:23:16.630-0300] {logging_mixin.py:188} INFO - [2025-11-04T22:23:16.630-0300] {dag.py:3947} INFO - Setting next_dagrun for example_sensor_decorator to None, run_after=None
[2025-11-04T22:23:16.655-0300] {processor.py:183} INFO - Processing /Users/joaovitor/airflow_env/lib/python3.11/site-packages/airflow/example_dags/example_sensor_decorator.py took 0.258 seconds
[2025-11-04T22:25:22.635-0300] {processor.py:161} INFO - Started process (PID=31986) to work on /Users/joaovitor/airflow_env/lib/python3.11/site-packages/airflow/example_dags/example_sensor_decorator.py
[2025-11-04T22:25:22.637-0300] {processor.py:830} INFO - Processing file /Users/joaovitor/airflow_env/lib/python3.11/site-packages/airflow/example_dags/example_sensor_decorator.py for tasks to queue
[2025-11-04T22:25:22.637-0300] {logging_mixin.py:188} INFO - [2025-11-04T22:25:22.637-0300] {dagbag.py:545} INFO - Filling up the DagBag from /Users/joaovitor/airflow_env/lib/python3.11/site-packages/airflow/example_dags/example_sensor_decorator.py
[2025-11-04T22:25:22.678-0300] {processor.py:840} INFO - DAG(s) 'example_sensor_decorator' retrieved from /Users/joaovitor/airflow_env/lib/python3.11/site-packages/airflow/example_dags/example_sensor_decorator.py
[2025-11-04T22:25:22.809-0300] {logging_mixin.py:188} INFO - [2025-11-04T22:25:22.808-0300] {dag.py:3089} INFO - Sync 1 DAGs
[2025-11-04T22:25:22.818-0300] {logging_mixin.py:188} INFO - [2025-11-04T22:25:22.818-0300] {dag.py:3947} INFO - Setting next_dagrun for example_sensor_decorator to None, run_after=None
[2025-11-04T22:25:22.841-0300] {processor.py:183} INFO - Processing /Users/joaovitor/airflow_env/lib/python3.11/site-packages/airflow/example_dags/example_sensor_decorator.py took 0.210 seconds
[2025-11-04T22:27:28.516-0300] {processor.py:161} INFO - Started process (PID=32028) to work on /Users/joaovitor/airflow_env/lib/python3.11/site-packages/airflow/example_dags/example_sensor_decorator.py
[2025-11-04T22:27:28.518-0300] {processor.py:830} INFO - Processing file /Users/joaovitor/airflow_env/lib/python3.11/site-packages/airflow/example_dags/example_sensor_decorator.py for tasks to queue
[2025-11-04T22:27:28.519-0300] {logging_mixin.py:188} INFO - [2025-11-04T22:27:28.519-0300] {dagbag.py:545} INFO - Filling up the DagBag from /Users/joaovitor/airflow_env/lib/python3.11/site-packages/airflow/example_dags/example_sensor_decorator.py
[2025-11-04T22:27:28.560-0300] {processor.py:840} INFO - DAG(s) 'example_sensor_decorator' retrieved from /Users/joaovitor/airflow_env/lib/python3.11/site-packages/airflow/example_dags/example_sensor_decorator.py
[2025-11-04T22:27:28.687-0300] {logging_mixin.py:188} INFO - [2025-11-04T22:27:28.686-0300] {dag.py:3089} INFO - Sync 1 DAGs
[2025-11-04T22:27:28.697-0300] {logging_mixin.py:188} INFO - [2025-11-04T22:27:28.696-0300] {dag.py:3947} INFO - Setting next_dagrun for example_sensor_decorator to None, run_after=None
[2025-11-04T22:27:28.724-0300] {processor.py:183} INFO - Processing /Users/joaovitor/airflow_env/lib/python3.11/site-packages/airflow/example_dags/example_sensor_decorator.py took 0.211 seconds
[2025-11-04T22:29:37.535-0300] {processor.py:161} INFO - Started process (PID=32070) to work on /Users/joaovitor/airflow_env/lib/python3.11/site-packages/airflow/example_dags/example_sensor_decorator.py
[2025-11-04T22:29:37.536-0300] {processor.py:830} INFO - Processing file /Users/joaovitor/airflow_env/lib/python3.11/site-packages/airflow/example_dags/example_sensor_decorator.py for tasks to queue
[2025-11-04T22:29:37.537-0300] {logging_mixin.py:188} INFO - [2025-11-04T22:29:37.537-0300] {dagbag.py:545} INFO - Filling up the DagBag from /Users/joaovitor/airflow_env/lib/python3.11/site-packages/airflow/example_dags/example_sensor_decorator.py
[2025-11-04T22:29:37.582-0300] {processor.py:840} INFO - DAG(s) 'example_sensor_decorator' retrieved from /Users/joaovitor/airflow_env/lib/python3.11/site-packages/airflow/example_dags/example_sensor_decorator.py
[2025-11-04T22:29:37.705-0300] {logging_mixin.py:188} INFO - [2025-11-04T22:29:37.705-0300] {dag.py:3089} INFO - Sync 1 DAGs
[2025-11-04T22:29:37.717-0300] {logging_mixin.py:188} INFO - [2025-11-04T22:29:37.716-0300] {dag.py:3947} INFO - Setting next_dagrun for example_sensor_decorator to None, run_after=None
[2025-11-04T22:29:37.739-0300] {processor.py:183} INFO - Processing /Users/joaovitor/airflow_env/lib/python3.11/site-packages/airflow/example_dags/example_sensor_decorator.py took 0.207 seconds
[2025-11-04T22:32:07.217-0300] {processor.py:161} INFO - Started process (PID=32190) to work on /Users/joaovitor/airflow_env/lib/python3.11/site-packages/airflow/example_dags/example_sensor_decorator.py
[2025-11-04T22:32:07.220-0300] {processor.py:830} INFO - Processing file /Users/joaovitor/airflow_env/lib/python3.11/site-packages/airflow/example_dags/example_sensor_decorator.py for tasks to queue
[2025-11-04T22:32:07.221-0300] {logging_mixin.py:188} INFO - [2025-11-04T22:32:07.221-0300] {dagbag.py:545} INFO - Filling up the DagBag from /Users/joaovitor/airflow_env/lib/python3.11/site-packages/airflow/example_dags/example_sensor_decorator.py
[2025-11-04T22:32:07.285-0300] {processor.py:840} INFO - DAG(s) 'example_sensor_decorator' retrieved from /Users/joaovitor/airflow_env/lib/python3.11/site-packages/airflow/example_dags/example_sensor_decorator.py
[2025-11-04T22:32:07.638-0300] {logging_mixin.py:188} INFO - [2025-11-04T22:32:07.637-0300] {dag.py:3089} INFO - Sync 1 DAGs
[2025-11-04T22:32:07.666-0300] {logging_mixin.py:188} INFO - [2025-11-04T22:32:07.665-0300] {dag.py:3947} INFO - Setting next_dagrun for example_sensor_decorator to None, run_after=None
[2025-11-04T22:32:07.694-0300] {processor.py:183} INFO - Processing /Users/joaovitor/airflow_env/lib/python3.11/site-packages/airflow/example_dags/example_sensor_decorator.py took 0.481 seconds
[2025-11-04T22:34:50.104-0300] {processor.py:161} INFO - Started process (PID=32342) to work on /Users/joaovitor/airflow_env/lib/python3.11/site-packages/airflow/example_dags/example_sensor_decorator.py
[2025-11-04T22:34:50.106-0300] {processor.py:830} INFO - Processing file /Users/joaovitor/airflow_env/lib/python3.11/site-packages/airflow/example_dags/example_sensor_decorator.py for tasks to queue
[2025-11-04T22:34:50.107-0300] {logging_mixin.py:188} INFO - [2025-11-04T22:34:50.106-0300] {dagbag.py:545} INFO - Filling up the DagBag from /Users/joaovitor/airflow_env/lib/python3.11/site-packages/airflow/example_dags/example_sensor_decorator.py
[2025-11-04T22:34:50.196-0300] {processor.py:840} INFO - DAG(s) 'example_sensor_decorator' retrieved from /Users/joaovitor/airflow_env/lib/python3.11/site-packages/airflow/example_dags/example_sensor_decorator.py
[2025-11-04T22:34:50.311-0300] {logging_mixin.py:188} INFO - [2025-11-04T22:34:50.311-0300] {dag.py:3089} INFO - Sync 1 DAGs
[2025-11-04T22:34:50.321-0300] {logging_mixin.py:188} INFO - [2025-11-04T22:34:50.321-0300] {dag.py:3947} INFO - Setting next_dagrun for example_sensor_decorator to None, run_after=None
[2025-11-04T22:34:50.342-0300] {processor.py:183} INFO - Processing /Users/joaovitor/airflow_env/lib/python3.11/site-packages/airflow/example_dags/example_sensor_decorator.py took 0.242 seconds
[2025-11-04T22:36:56.820-0300] {processor.py:161} INFO - Started process (PID=32557) to work on /Users/joaovitor/airflow_env/lib/python3.11/site-packages/airflow/example_dags/example_sensor_decorator.py
[2025-11-04T22:36:56.822-0300] {processor.py:830} INFO - Processing file /Users/joaovitor/airflow_env/lib/python3.11/site-packages/airflow/example_dags/example_sensor_decorator.py for tasks to queue
[2025-11-04T22:36:56.823-0300] {logging_mixin.py:188} INFO - [2025-11-04T22:36:56.823-0300] {dagbag.py:545} INFO - Filling up the DagBag from /Users/joaovitor/airflow_env/lib/python3.11/site-packages/airflow/example_dags/example_sensor_decorator.py
[2025-11-04T22:36:56.867-0300] {processor.py:840} INFO - DAG(s) 'example_sensor_decorator' retrieved from /Users/joaovitor/airflow_env/lib/python3.11/site-packages/airflow/example_dags/example_sensor_decorator.py
[2025-11-04T22:36:56.990-0300] {logging_mixin.py:188} INFO - [2025-11-04T22:36:56.990-0300] {dag.py:3089} INFO - Sync 1 DAGs
[2025-11-04T22:36:57.001-0300] {logging_mixin.py:188} INFO - [2025-11-04T22:36:57.000-0300] {dag.py:3947} INFO - Setting next_dagrun for example_sensor_decorator to None, run_after=None
[2025-11-04T22:36:57.023-0300] {processor.py:183} INFO - Processing /Users/joaovitor/airflow_env/lib/python3.11/site-packages/airflow/example_dags/example_sensor_decorator.py took 0.206 seconds
[2025-11-04T22:39:23.526-0300] {processor.py:161} INFO - Started process (PID=32672) to work on /Users/joaovitor/airflow_env/lib/python3.11/site-packages/airflow/example_dags/example_sensor_decorator.py
[2025-11-04T22:39:23.528-0300] {processor.py:830} INFO - Processing file /Users/joaovitor/airflow_env/lib/python3.11/site-packages/airflow/example_dags/example_sensor_decorator.py for tasks to queue
[2025-11-04T22:39:23.529-0300] {logging_mixin.py:188} INFO - [2025-11-04T22:39:23.529-0300] {dagbag.py:545} INFO - Filling up the DagBag from /Users/joaovitor/airflow_env/lib/python3.11/site-packages/airflow/example_dags/example_sensor_decorator.py
[2025-11-04T22:39:23.567-0300] {processor.py:840} INFO - DAG(s) 'example_sensor_decorator' retrieved from /Users/joaovitor/airflow_env/lib/python3.11/site-packages/airflow/example_dags/example_sensor_decorator.py
[2025-11-04T22:39:23.785-0300] {logging_mixin.py:188} INFO - [2025-11-04T22:39:23.784-0300] {dag.py:3089} INFO - Sync 1 DAGs
[2025-11-04T22:39:23.862-0300] {logging_mixin.py:188} INFO - [2025-11-04T22:39:23.862-0300] {dag.py:3947} INFO - Setting next_dagrun for example_sensor_decorator to None, run_after=None
[2025-11-04T22:39:23.896-0300] {processor.py:183} INFO - Processing /Users/joaovitor/airflow_env/lib/python3.11/site-packages/airflow/example_dags/example_sensor_decorator.py took 0.373 seconds
[2025-11-04T22:41:53.718-0300] {processor.py:161} INFO - Started process (PID=32733) to work on /Users/joaovitor/airflow_env/lib/python3.11/site-packages/airflow/example_dags/example_sensor_decorator.py
[2025-11-04T22:41:53.724-0300] {processor.py:830} INFO - Processing file /Users/joaovitor/airflow_env/lib/python3.11/site-packages/airflow/example_dags/example_sensor_decorator.py for tasks to queue
[2025-11-04T22:41:53.725-0300] {logging_mixin.py:188} INFO - [2025-11-04T22:41:53.724-0300] {dagbag.py:545} INFO - Filling up the DagBag from /Users/joaovitor/airflow_env/lib/python3.11/site-packages/airflow/example_dags/example_sensor_decorator.py
[2025-11-04T22:41:53.772-0300] {processor.py:840} INFO - DAG(s) 'example_sensor_decorator' retrieved from /Users/joaovitor/airflow_env/lib/python3.11/site-packages/airflow/example_dags/example_sensor_decorator.py
[2025-11-04T22:41:54.008-0300] {logging_mixin.py:188} INFO - [2025-11-04T22:41:54.008-0300] {dag.py:3089} INFO - Sync 1 DAGs
[2025-11-04T22:41:54.018-0300] {logging_mixin.py:188} INFO - [2025-11-04T22:41:54.018-0300] {dag.py:3947} INFO - Setting next_dagrun for example_sensor_decorator to None, run_after=None
[2025-11-04T22:41:54.047-0300] {processor.py:183} INFO - Processing /Users/joaovitor/airflow_env/lib/python3.11/site-packages/airflow/example_dags/example_sensor_decorator.py took 0.332 seconds
[2025-11-04T22:44:08.005-0300] {processor.py:161} INFO - Started process (PID=32785) to work on /Users/joaovitor/airflow_env/lib/python3.11/site-packages/airflow/example_dags/example_sensor_decorator.py
[2025-11-04T22:44:08.006-0300] {processor.py:830} INFO - Processing file /Users/joaovitor/airflow_env/lib/python3.11/site-packages/airflow/example_dags/example_sensor_decorator.py for tasks to queue
[2025-11-04T22:44:08.007-0300] {logging_mixin.py:188} INFO - [2025-11-04T22:44:08.007-0300] {dagbag.py:545} INFO - Filling up the DagBag from /Users/joaovitor/airflow_env/lib/python3.11/site-packages/airflow/example_dags/example_sensor_decorator.py
[2025-11-04T22:44:08.048-0300] {processor.py:840} INFO - DAG(s) 'example_sensor_decorator' retrieved from /Users/joaovitor/airflow_env/lib/python3.11/site-packages/airflow/example_dags/example_sensor_decorator.py
[2025-11-04T22:44:08.181-0300] {logging_mixin.py:188} INFO - [2025-11-04T22:44:08.181-0300] {dag.py:3089} INFO - Sync 1 DAGs
[2025-11-04T22:44:08.193-0300] {logging_mixin.py:188} INFO - [2025-11-04T22:44:08.193-0300] {dag.py:3947} INFO - Setting next_dagrun for example_sensor_decorator to None, run_after=None
[2025-11-04T22:44:08.224-0300] {processor.py:183} INFO - Processing /Users/joaovitor/airflow_env/lib/python3.11/site-packages/airflow/example_dags/example_sensor_decorator.py took 0.222 seconds
[2025-11-04T22:46:25.939-0300] {processor.py:161} INFO - Started process (PID=32830) to work on /Users/joaovitor/airflow_env/lib/python3.11/site-packages/airflow/example_dags/example_sensor_decorator.py
[2025-11-04T22:46:25.940-0300] {processor.py:830} INFO - Processing file /Users/joaovitor/airflow_env/lib/python3.11/site-packages/airflow/example_dags/example_sensor_decorator.py for tasks to queue
[2025-11-04T22:46:25.941-0300] {logging_mixin.py:188} INFO - [2025-11-04T22:46:25.941-0300] {dagbag.py:545} INFO - Filling up the DagBag from /Users/joaovitor/airflow_env/lib/python3.11/site-packages/airflow/example_dags/example_sensor_decorator.py
[2025-11-04T22:46:25.983-0300] {processor.py:840} INFO - DAG(s) 'example_sensor_decorator' retrieved from /Users/joaovitor/airflow_env/lib/python3.11/site-packages/airflow/example_dags/example_sensor_decorator.py
[2025-11-04T22:46:26.113-0300] {logging_mixin.py:188} INFO - [2025-11-04T22:46:26.113-0300] {dag.py:3089} INFO - Sync 1 DAGs
[2025-11-04T22:46:26.123-0300] {logging_mixin.py:188} INFO - [2025-11-04T22:46:26.123-0300] {dag.py:3947} INFO - Setting next_dagrun for example_sensor_decorator to None, run_after=None
[2025-11-04T22:46:26.154-0300] {processor.py:183} INFO - Processing /Users/joaovitor/airflow_env/lib/python3.11/site-packages/airflow/example_dags/example_sensor_decorator.py took 0.218 seconds
[2025-11-04T22:48:38.144-0300] {processor.py:161} INFO - Started process (PID=32897) to work on /Users/joaovitor/airflow_env/lib/python3.11/site-packages/airflow/example_dags/example_sensor_decorator.py
[2025-11-04T22:48:38.146-0300] {processor.py:830} INFO - Processing file /Users/joaovitor/airflow_env/lib/python3.11/site-packages/airflow/example_dags/example_sensor_decorator.py for tasks to queue
[2025-11-04T22:48:38.148-0300] {logging_mixin.py:188} INFO - [2025-11-04T22:48:38.147-0300] {dagbag.py:545} INFO - Filling up the DagBag from /Users/joaovitor/airflow_env/lib/python3.11/site-packages/airflow/example_dags/example_sensor_decorator.py
[2025-11-04T22:48:38.186-0300] {processor.py:840} INFO - DAG(s) 'example_sensor_decorator' retrieved from /Users/joaovitor/airflow_env/lib/python3.11/site-packages/airflow/example_dags/example_sensor_decorator.py
[2025-11-04T22:48:38.295-0300] {logging_mixin.py:188} INFO - [2025-11-04T22:48:38.295-0300] {dag.py:3089} INFO - Sync 1 DAGs
[2025-11-04T22:48:38.304-0300] {logging_mixin.py:188} INFO - [2025-11-04T22:48:38.304-0300] {dag.py:3947} INFO - Setting next_dagrun for example_sensor_decorator to None, run_after=None
[2025-11-04T22:48:38.324-0300] {processor.py:183} INFO - Processing /Users/joaovitor/airflow_env/lib/python3.11/site-packages/airflow/example_dags/example_sensor_decorator.py took 0.182 seconds
[2025-11-04T22:50:50.543-0300] {processor.py:161} INFO - Started process (PID=32955) to work on /Users/joaovitor/airflow_env/lib/python3.11/site-packages/airflow/example_dags/example_sensor_decorator.py
[2025-11-04T22:50:50.546-0300] {processor.py:830} INFO - Processing file /Users/joaovitor/airflow_env/lib/python3.11/site-packages/airflow/example_dags/example_sensor_decorator.py for tasks to queue
[2025-11-04T22:50:50.547-0300] {logging_mixin.py:188} INFO - [2025-11-04T22:50:50.546-0300] {dagbag.py:545} INFO - Filling up the DagBag from /Users/joaovitor/airflow_env/lib/python3.11/site-packages/airflow/example_dags/example_sensor_decorator.py
[2025-11-04T22:50:50.593-0300] {processor.py:840} INFO - DAG(s) 'example_sensor_decorator' retrieved from /Users/joaovitor/airflow_env/lib/python3.11/site-packages/airflow/example_dags/example_sensor_decorator.py
[2025-11-04T22:50:50.721-0300] {logging_mixin.py:188} INFO - [2025-11-04T22:50:50.720-0300] {dag.py:3089} INFO - Sync 1 DAGs
[2025-11-04T22:50:50.732-0300] {logging_mixin.py:188} INFO - [2025-11-04T22:50:50.731-0300] {dag.py:3947} INFO - Setting next_dagrun for example_sensor_decorator to None, run_after=None
[2025-11-04T22:50:50.756-0300] {processor.py:183} INFO - Processing /Users/joaovitor/airflow_env/lib/python3.11/site-packages/airflow/example_dags/example_sensor_decorator.py took 0.218 seconds
[2025-11-04T22:53:12.541-0300] {processor.py:161} INFO - Started process (PID=33009) to work on /Users/joaovitor/airflow_env/lib/python3.11/site-packages/airflow/example_dags/example_sensor_decorator.py
[2025-11-04T22:53:12.543-0300] {processor.py:830} INFO - Processing file /Users/joaovitor/airflow_env/lib/python3.11/site-packages/airflow/example_dags/example_sensor_decorator.py for tasks to queue
[2025-11-04T22:53:12.544-0300] {logging_mixin.py:188} INFO - [2025-11-04T22:53:12.544-0300] {dagbag.py:545} INFO - Filling up the DagBag from /Users/joaovitor/airflow_env/lib/python3.11/site-packages/airflow/example_dags/example_sensor_decorator.py
[2025-11-04T22:53:12.592-0300] {processor.py:840} INFO - DAG(s) 'example_sensor_decorator' retrieved from /Users/joaovitor/airflow_env/lib/python3.11/site-packages/airflow/example_dags/example_sensor_decorator.py
[2025-11-04T22:53:12.718-0300] {logging_mixin.py:188} INFO - [2025-11-04T22:53:12.717-0300] {dag.py:3089} INFO - Sync 1 DAGs
[2025-11-04T22:53:12.730-0300] {logging_mixin.py:188} INFO - [2025-11-04T22:53:12.729-0300] {dag.py:3947} INFO - Setting next_dagrun for example_sensor_decorator to None, run_after=None
[2025-11-04T22:53:12.757-0300] {processor.py:183} INFO - Processing /Users/joaovitor/airflow_env/lib/python3.11/site-packages/airflow/example_dags/example_sensor_decorator.py took 0.219 seconds
[2025-11-04T22:55:31.375-0300] {processor.py:161} INFO - Started process (PID=33054) to work on /Users/joaovitor/airflow_env/lib/python3.11/site-packages/airflow/example_dags/example_sensor_decorator.py
[2025-11-04T22:55:31.376-0300] {processor.py:830} INFO - Processing file /Users/joaovitor/airflow_env/lib/python3.11/site-packages/airflow/example_dags/example_sensor_decorator.py for tasks to queue
[2025-11-04T22:55:31.377-0300] {logging_mixin.py:188} INFO - [2025-11-04T22:55:31.377-0300] {dagbag.py:545} INFO - Filling up the DagBag from /Users/joaovitor/airflow_env/lib/python3.11/site-packages/airflow/example_dags/example_sensor_decorator.py
[2025-11-04T22:55:31.419-0300] {processor.py:840} INFO - DAG(s) 'example_sensor_decorator' retrieved from /Users/joaovitor/airflow_env/lib/python3.11/site-packages/airflow/example_dags/example_sensor_decorator.py
[2025-11-04T22:55:31.553-0300] {logging_mixin.py:188} INFO - [2025-11-04T22:55:31.553-0300] {dag.py:3089} INFO - Sync 1 DAGs
[2025-11-04T22:55:31.563-0300] {logging_mixin.py:188} INFO - [2025-11-04T22:55:31.563-0300] {dag.py:3947} INFO - Setting next_dagrun for example_sensor_decorator to None, run_after=None
[2025-11-04T22:55:31.589-0300] {processor.py:183} INFO - Processing /Users/joaovitor/airflow_env/lib/python3.11/site-packages/airflow/example_dags/example_sensor_decorator.py took 0.216 seconds
[2025-11-04T22:57:45.587-0300] {processor.py:161} INFO - Started process (PID=33097) to work on /Users/joaovitor/airflow_env/lib/python3.11/site-packages/airflow/example_dags/example_sensor_decorator.py
[2025-11-04T22:57:45.588-0300] {processor.py:830} INFO - Processing file /Users/joaovitor/airflow_env/lib/python3.11/site-packages/airflow/example_dags/example_sensor_decorator.py for tasks to queue
[2025-11-04T22:57:45.589-0300] {logging_mixin.py:188} INFO - [2025-11-04T22:57:45.589-0300] {dagbag.py:545} INFO - Filling up the DagBag from /Users/joaovitor/airflow_env/lib/python3.11/site-packages/airflow/example_dags/example_sensor_decorator.py
[2025-11-04T22:57:45.652-0300] {processor.py:840} INFO - DAG(s) 'example_sensor_decorator' retrieved from /Users/joaovitor/airflow_env/lib/python3.11/site-packages/airflow/example_dags/example_sensor_decorator.py
[2025-11-04T22:57:45.788-0300] {logging_mixin.py:188} INFO - [2025-11-04T22:57:45.788-0300] {dag.py:3089} INFO - Sync 1 DAGs
[2025-11-04T22:57:45.799-0300] {logging_mixin.py:188} INFO - [2025-11-04T22:57:45.799-0300] {dag.py:3947} INFO - Setting next_dagrun for example_sensor_decorator to None, run_after=None
[2025-11-04T22:57:45.827-0300] {processor.py:183} INFO - Processing /Users/joaovitor/airflow_env/lib/python3.11/site-packages/airflow/example_dags/example_sensor_decorator.py took 0.248 seconds
[2025-11-04T23:00:05.152-0300] {processor.py:161} INFO - Started process (PID=33144) to work on /Users/joaovitor/airflow_env/lib/python3.11/site-packages/airflow/example_dags/example_sensor_decorator.py
[2025-11-04T23:00:05.154-0300] {processor.py:830} INFO - Processing file /Users/joaovitor/airflow_env/lib/python3.11/site-packages/airflow/example_dags/example_sensor_decorator.py for tasks to queue
[2025-11-04T23:00:05.155-0300] {logging_mixin.py:188} INFO - [2025-11-04T23:00:05.155-0300] {dagbag.py:545} INFO - Filling up the DagBag from /Users/joaovitor/airflow_env/lib/python3.11/site-packages/airflow/example_dags/example_sensor_decorator.py
[2025-11-04T23:00:05.200-0300] {processor.py:840} INFO - DAG(s) 'example_sensor_decorator' retrieved from /Users/joaovitor/airflow_env/lib/python3.11/site-packages/airflow/example_dags/example_sensor_decorator.py
[2025-11-04T23:00:05.329-0300] {logging_mixin.py:188} INFO - [2025-11-04T23:00:05.329-0300] {dag.py:3089} INFO - Sync 1 DAGs
[2025-11-04T23:00:05.339-0300] {logging_mixin.py:188} INFO - [2025-11-04T23:00:05.338-0300] {dag.py:3947} INFO - Setting next_dagrun for example_sensor_decorator to None, run_after=None
[2025-11-04T23:00:05.362-0300] {processor.py:183} INFO - Processing /Users/joaovitor/airflow_env/lib/python3.11/site-packages/airflow/example_dags/example_sensor_decorator.py took 0.214 seconds
[2025-11-04T23:02:22.384-0300] {processor.py:161} INFO - Started process (PID=33188) to work on /Users/joaovitor/airflow_env/lib/python3.11/site-packages/airflow/example_dags/example_sensor_decorator.py
[2025-11-04T23:02:22.386-0300] {processor.py:830} INFO - Processing file /Users/joaovitor/airflow_env/lib/python3.11/site-packages/airflow/example_dags/example_sensor_decorator.py for tasks to queue
[2025-11-04T23:02:22.387-0300] {logging_mixin.py:188} INFO - [2025-11-04T23:02:22.386-0300] {dagbag.py:545} INFO - Filling up the DagBag from /Users/joaovitor/airflow_env/lib/python3.11/site-packages/airflow/example_dags/example_sensor_decorator.py
[2025-11-04T23:02:22.428-0300] {processor.py:840} INFO - DAG(s) 'example_sensor_decorator' retrieved from /Users/joaovitor/airflow_env/lib/python3.11/site-packages/airflow/example_dags/example_sensor_decorator.py
[2025-11-04T23:02:22.563-0300] {logging_mixin.py:188} INFO - [2025-11-04T23:02:22.562-0300] {dag.py:3089} INFO - Sync 1 DAGs
[2025-11-04T23:02:22.573-0300] {logging_mixin.py:188} INFO - [2025-11-04T23:02:22.572-0300] {dag.py:3947} INFO - Setting next_dagrun for example_sensor_decorator to None, run_after=None
[2025-11-04T23:02:22.597-0300] {processor.py:183} INFO - Processing /Users/joaovitor/airflow_env/lib/python3.11/site-packages/airflow/example_dags/example_sensor_decorator.py took 0.216 seconds
[2025-11-04T23:04:41.294-0300] {processor.py:161} INFO - Started process (PID=33262) to work on /Users/joaovitor/airflow_env/lib/python3.11/site-packages/airflow/example_dags/example_sensor_decorator.py
[2025-11-04T23:04:41.296-0300] {processor.py:830} INFO - Processing file /Users/joaovitor/airflow_env/lib/python3.11/site-packages/airflow/example_dags/example_sensor_decorator.py for tasks to queue
[2025-11-04T23:04:41.297-0300] {logging_mixin.py:188} INFO - [2025-11-04T23:04:41.297-0300] {dagbag.py:545} INFO - Filling up the DagBag from /Users/joaovitor/airflow_env/lib/python3.11/site-packages/airflow/example_dags/example_sensor_decorator.py
[2025-11-04T23:04:41.337-0300] {processor.py:840} INFO - DAG(s) 'example_sensor_decorator' retrieved from /Users/joaovitor/airflow_env/lib/python3.11/site-packages/airflow/example_dags/example_sensor_decorator.py
[2025-11-04T23:04:41.468-0300] {logging_mixin.py:188} INFO - [2025-11-04T23:04:41.468-0300] {dag.py:3089} INFO - Sync 1 DAGs
[2025-11-04T23:04:41.479-0300] {logging_mixin.py:188} INFO - [2025-11-04T23:04:41.478-0300] {dag.py:3947} INFO - Setting next_dagrun for example_sensor_decorator to None, run_after=None
[2025-11-04T23:04:41.506-0300] {processor.py:183} INFO - Processing /Users/joaovitor/airflow_env/lib/python3.11/site-packages/airflow/example_dags/example_sensor_decorator.py took 0.215 seconds
