[2025-11-04T21:46:33.292-0300] {processor.py:161} INFO - Started process (PID=31069) to work on /Users/joaovitor/airflow_env/lib/python3.11/site-packages/airflow/example_dags/example_skip_dag.py
[2025-11-04T21:46:33.293-0300] {processor.py:830} INFO - Processing file /Users/joaovitor/airflow_env/lib/python3.11/site-packages/airflow/example_dags/example_skip_dag.py for tasks to queue
[2025-11-04T21:46:33.294-0300] {logging_mixin.py:188} INFO - [2025-11-04T21:46:33.294-0300] {dagbag.py:545} INFO - Filling up the DagBag from /Users/joaovitor/airflow_env/lib/python3.11/site-packages/airflow/example_dags/example_skip_dag.py
[2025-11-04T21:46:33.303-0300] {processor.py:840} INFO - DAG(s) 'example_skip_dag' retrieved from /Users/joaovitor/airflow_env/lib/python3.11/site-packages/airflow/example_dags/example_skip_dag.py
[2025-11-04T21:46:33.531-0300] {logging_mixin.py:188} INFO - [2025-11-04T21:46:33.530-0300] {override.py:1858} INFO - Created Permission View: can edit on DAG:example_skip_dag
[2025-11-04T21:46:33.541-0300] {logging_mixin.py:188} INFO - [2025-11-04T21:46:33.541-0300] {override.py:1858} INFO - Created Permission View: can read on DAG:example_skip_dag
[2025-11-04T21:46:33.550-0300] {logging_mixin.py:188} INFO - [2025-11-04T21:46:33.549-0300] {override.py:1858} INFO - Created Permission View: can delete on DAG:example_skip_dag
[2025-11-04T21:46:33.550-0300] {logging_mixin.py:188} INFO - [2025-11-04T21:46:33.550-0300] {dag.py:3089} INFO - Sync 1 DAGs
[2025-11-04T21:46:33.561-0300] {logging_mixin.py:188} INFO - [2025-11-04T21:46:33.561-0300] {dag.py:3111} INFO - Creating ORM DAG for example_skip_dag
[2025-11-04T21:46:33.570-0300] {logging_mixin.py:188} INFO - [2025-11-04T21:46:33.570-0300] {dag.py:3947} INFO - Setting next_dagrun for example_skip_dag to 2025-11-04 00:00:00+00:00, run_after=2025-11-05 00:00:00+00:00
[2025-11-04T21:46:33.589-0300] {processor.py:183} INFO - Processing /Users/joaovitor/airflow_env/lib/python3.11/site-packages/airflow/example_dags/example_skip_dag.py took 0.300 seconds
[2025-11-04T21:49:34.054-0300] {processor.py:161} INFO - Started process (PID=31164) to work on /Users/joaovitor/airflow_env/lib/python3.11/site-packages/airflow/example_dags/example_skip_dag.py
[2025-11-04T21:49:34.056-0300] {processor.py:830} INFO - Processing file /Users/joaovitor/airflow_env/lib/python3.11/site-packages/airflow/example_dags/example_skip_dag.py for tasks to queue
[2025-11-04T21:49:34.058-0300] {logging_mixin.py:188} INFO - [2025-11-04T21:49:34.057-0300] {dagbag.py:545} INFO - Filling up the DagBag from /Users/joaovitor/airflow_env/lib/python3.11/site-packages/airflow/example_dags/example_skip_dag.py
[2025-11-04T21:49:34.071-0300] {processor.py:840} INFO - DAG(s) 'example_skip_dag' retrieved from /Users/joaovitor/airflow_env/lib/python3.11/site-packages/airflow/example_dags/example_skip_dag.py
[2025-11-04T21:49:34.210-0300] {logging_mixin.py:188} INFO - [2025-11-04T21:49:34.209-0300] {dag.py:3089} INFO - Sync 1 DAGs
[2025-11-04T21:49:34.233-0300] {logging_mixin.py:188} INFO - [2025-11-04T21:49:34.229-0300] {dag.py:3947} INFO - Setting next_dagrun for example_skip_dag to 2025-11-04 00:00:00+00:00, run_after=2025-11-05 00:00:00+00:00
[2025-11-04T21:49:34.268-0300] {processor.py:183} INFO - Processing /Users/joaovitor/airflow_env/lib/python3.11/site-packages/airflow/example_dags/example_skip_dag.py took 0.216 seconds
[2025-11-04T21:51:50.268-0300] {processor.py:161} INFO - Started process (PID=31231) to work on /Users/joaovitor/airflow_env/lib/python3.11/site-packages/airflow/example_dags/example_skip_dag.py
[2025-11-04T21:51:50.271-0300] {processor.py:830} INFO - Processing file /Users/joaovitor/airflow_env/lib/python3.11/site-packages/airflow/example_dags/example_skip_dag.py for tasks to queue
[2025-11-04T21:51:50.271-0300] {logging_mixin.py:188} INFO - [2025-11-04T21:51:50.271-0300] {dagbag.py:545} INFO - Filling up the DagBag from /Users/joaovitor/airflow_env/lib/python3.11/site-packages/airflow/example_dags/example_skip_dag.py
[2025-11-04T21:51:50.280-0300] {processor.py:840} INFO - DAG(s) 'example_skip_dag' retrieved from /Users/joaovitor/airflow_env/lib/python3.11/site-packages/airflow/example_dags/example_skip_dag.py
[2025-11-04T21:51:50.383-0300] {logging_mixin.py:188} INFO - [2025-11-04T21:51:50.383-0300] {dag.py:3089} INFO - Sync 1 DAGs
[2025-11-04T21:51:50.399-0300] {logging_mixin.py:188} INFO - [2025-11-04T21:51:50.399-0300] {dag.py:3947} INFO - Setting next_dagrun for example_skip_dag to 2025-11-04 00:00:00+00:00, run_after=2025-11-05 00:00:00+00:00
[2025-11-04T21:51:50.421-0300] {processor.py:183} INFO - Processing /Users/joaovitor/airflow_env/lib/python3.11/site-packages/airflow/example_dags/example_skip_dag.py took 0.155 seconds
[2025-11-04T21:53:46.775-0300] {processor.py:161} INFO - Started process (PID=31273) to work on /Users/joaovitor/airflow_env/lib/python3.11/site-packages/airflow/example_dags/example_skip_dag.py
[2025-11-04T21:53:46.776-0300] {processor.py:830} INFO - Processing file /Users/joaovitor/airflow_env/lib/python3.11/site-packages/airflow/example_dags/example_skip_dag.py for tasks to queue
[2025-11-04T21:53:46.777-0300] {logging_mixin.py:188} INFO - [2025-11-04T21:53:46.777-0300] {dagbag.py:545} INFO - Filling up the DagBag from /Users/joaovitor/airflow_env/lib/python3.11/site-packages/airflow/example_dags/example_skip_dag.py
[2025-11-04T21:53:46.784-0300] {processor.py:840} INFO - DAG(s) 'example_skip_dag' retrieved from /Users/joaovitor/airflow_env/lib/python3.11/site-packages/airflow/example_dags/example_skip_dag.py
[2025-11-04T21:53:46.907-0300] {logging_mixin.py:188} INFO - [2025-11-04T21:53:46.907-0300] {dag.py:3089} INFO - Sync 1 DAGs
[2025-11-04T21:53:46.925-0300] {logging_mixin.py:188} INFO - [2025-11-04T21:53:46.925-0300] {dag.py:3947} INFO - Setting next_dagrun for example_skip_dag to 2025-11-04 00:00:00+00:00, run_after=2025-11-05 00:00:00+00:00
[2025-11-04T21:53:46.948-0300] {processor.py:183} INFO - Processing /Users/joaovitor/airflow_env/lib/python3.11/site-packages/airflow/example_dags/example_skip_dag.py took 0.176 seconds
[2025-11-04T21:55:40.265-0300] {processor.py:161} INFO - Started process (PID=31315) to work on /Users/joaovitor/airflow_env/lib/python3.11/site-packages/airflow/example_dags/example_skip_dag.py
[2025-11-04T21:55:40.266-0300] {processor.py:830} INFO - Processing file /Users/joaovitor/airflow_env/lib/python3.11/site-packages/airflow/example_dags/example_skip_dag.py for tasks to queue
[2025-11-04T21:55:40.267-0300] {logging_mixin.py:188} INFO - [2025-11-04T21:55:40.267-0300] {dagbag.py:545} INFO - Filling up the DagBag from /Users/joaovitor/airflow_env/lib/python3.11/site-packages/airflow/example_dags/example_skip_dag.py
[2025-11-04T21:55:40.275-0300] {processor.py:840} INFO - DAG(s) 'example_skip_dag' retrieved from /Users/joaovitor/airflow_env/lib/python3.11/site-packages/airflow/example_dags/example_skip_dag.py
[2025-11-04T21:55:40.382-0300] {logging_mixin.py:188} INFO - [2025-11-04T21:55:40.381-0300] {dag.py:3089} INFO - Sync 1 DAGs
[2025-11-04T21:55:40.398-0300] {logging_mixin.py:188} INFO - [2025-11-04T21:55:40.398-0300] {dag.py:3947} INFO - Setting next_dagrun for example_skip_dag to 2025-11-04 00:00:00+00:00, run_after=2025-11-05 00:00:00+00:00
[2025-11-04T21:55:40.420-0300] {processor.py:183} INFO - Processing /Users/joaovitor/airflow_env/lib/python3.11/site-packages/airflow/example_dags/example_skip_dag.py took 0.158 seconds
[2025-11-04T21:57:30.228-0300] {processor.py:161} INFO - Started process (PID=31355) to work on /Users/joaovitor/airflow_env/lib/python3.11/site-packages/airflow/example_dags/example_skip_dag.py
[2025-11-04T21:57:30.229-0300] {processor.py:830} INFO - Processing file /Users/joaovitor/airflow_env/lib/python3.11/site-packages/airflow/example_dags/example_skip_dag.py for tasks to queue
[2025-11-04T21:57:30.230-0300] {logging_mixin.py:188} INFO - [2025-11-04T21:57:30.230-0300] {dagbag.py:545} INFO - Filling up the DagBag from /Users/joaovitor/airflow_env/lib/python3.11/site-packages/airflow/example_dags/example_skip_dag.py
[2025-11-04T21:57:30.241-0300] {processor.py:840} INFO - DAG(s) 'example_skip_dag' retrieved from /Users/joaovitor/airflow_env/lib/python3.11/site-packages/airflow/example_dags/example_skip_dag.py
[2025-11-04T21:57:30.372-0300] {logging_mixin.py:188} INFO - [2025-11-04T21:57:30.371-0300] {dag.py:3089} INFO - Sync 1 DAGs
[2025-11-04T21:57:30.401-0300] {logging_mixin.py:188} INFO - [2025-11-04T21:57:30.401-0300] {dag.py:3947} INFO - Setting next_dagrun for example_skip_dag to 2025-11-04 00:00:00+00:00, run_after=2025-11-05 00:00:00+00:00
[2025-11-04T21:57:30.426-0300] {processor.py:183} INFO - Processing /Users/joaovitor/airflow_env/lib/python3.11/site-packages/airflow/example_dags/example_skip_dag.py took 0.203 seconds
[2025-11-04T21:59:21.360-0300] {processor.py:161} INFO - Started process (PID=31394) to work on /Users/joaovitor/airflow_env/lib/python3.11/site-packages/airflow/example_dags/example_skip_dag.py
[2025-11-04T21:59:21.361-0300] {processor.py:830} INFO - Processing file /Users/joaovitor/airflow_env/lib/python3.11/site-packages/airflow/example_dags/example_skip_dag.py for tasks to queue
[2025-11-04T21:59:21.361-0300] {logging_mixin.py:188} INFO - [2025-11-04T21:59:21.361-0300] {dagbag.py:545} INFO - Filling up the DagBag from /Users/joaovitor/airflow_env/lib/python3.11/site-packages/airflow/example_dags/example_skip_dag.py
[2025-11-04T21:59:21.369-0300] {processor.py:840} INFO - DAG(s) 'example_skip_dag' retrieved from /Users/joaovitor/airflow_env/lib/python3.11/site-packages/airflow/example_dags/example_skip_dag.py
[2025-11-04T21:59:21.473-0300] {logging_mixin.py:188} INFO - [2025-11-04T21:59:21.472-0300] {dag.py:3089} INFO - Sync 1 DAGs
[2025-11-04T21:59:21.492-0300] {logging_mixin.py:188} INFO - [2025-11-04T21:59:21.492-0300] {dag.py:3947} INFO - Setting next_dagrun for example_skip_dag to 2025-11-04 00:00:00+00:00, run_after=2025-11-05 00:00:00+00:00
[2025-11-04T21:59:21.516-0300] {processor.py:183} INFO - Processing /Users/joaovitor/airflow_env/lib/python3.11/site-packages/airflow/example_dags/example_skip_dag.py took 0.159 seconds
[2025-11-04T22:04:57.311-0300] {processor.py:161} INFO - Started process (PID=31451) to work on /Users/joaovitor/airflow_env/lib/python3.11/site-packages/airflow/example_dags/example_skip_dag.py
[2025-11-04T22:04:57.312-0300] {processor.py:830} INFO - Processing file /Users/joaovitor/airflow_env/lib/python3.11/site-packages/airflow/example_dags/example_skip_dag.py for tasks to queue
[2025-11-04T22:04:57.313-0300] {logging_mixin.py:188} INFO - [2025-11-04T22:04:57.312-0300] {dagbag.py:545} INFO - Filling up the DagBag from /Users/joaovitor/airflow_env/lib/python3.11/site-packages/airflow/example_dags/example_skip_dag.py
[2025-11-04T22:04:57.322-0300] {processor.py:840} INFO - DAG(s) 'example_skip_dag' retrieved from /Users/joaovitor/airflow_env/lib/python3.11/site-packages/airflow/example_dags/example_skip_dag.py
[2025-11-04T22:04:57.460-0300] {logging_mixin.py:188} INFO - [2025-11-04T22:04:57.460-0300] {dag.py:3089} INFO - Sync 1 DAGs
[2025-11-04T22:04:57.480-0300] {logging_mixin.py:188} INFO - [2025-11-04T22:04:57.480-0300] {dag.py:3947} INFO - Setting next_dagrun for example_skip_dag to 2025-11-04 00:00:00+00:00, run_after=2025-11-05 00:00:00+00:00
[2025-11-04T22:04:57.505-0300] {processor.py:183} INFO - Processing /Users/joaovitor/airflow_env/lib/python3.11/site-packages/airflow/example_dags/example_skip_dag.py took 0.196 seconds
[2025-11-04T22:06:51.650-0300] {processor.py:161} INFO - Started process (PID=31510) to work on /Users/joaovitor/airflow_env/lib/python3.11/site-packages/airflow/example_dags/example_skip_dag.py
[2025-11-04T22:06:51.651-0300] {processor.py:830} INFO - Processing file /Users/joaovitor/airflow_env/lib/python3.11/site-packages/airflow/example_dags/example_skip_dag.py for tasks to queue
[2025-11-04T22:06:51.652-0300] {logging_mixin.py:188} INFO - [2025-11-04T22:06:51.652-0300] {dagbag.py:545} INFO - Filling up the DagBag from /Users/joaovitor/airflow_env/lib/python3.11/site-packages/airflow/example_dags/example_skip_dag.py
[2025-11-04T22:06:51.660-0300] {processor.py:840} INFO - DAG(s) 'example_skip_dag' retrieved from /Users/joaovitor/airflow_env/lib/python3.11/site-packages/airflow/example_dags/example_skip_dag.py
[2025-11-04T22:06:51.774-0300] {logging_mixin.py:188} INFO - [2025-11-04T22:06:51.773-0300] {dag.py:3089} INFO - Sync 1 DAGs
[2025-11-04T22:06:51.791-0300] {logging_mixin.py:188} INFO - [2025-11-04T22:06:51.791-0300] {dag.py:3947} INFO - Setting next_dagrun for example_skip_dag to 2025-11-04 00:00:00+00:00, run_after=2025-11-05 00:00:00+00:00
[2025-11-04T22:06:51.815-0300] {processor.py:183} INFO - Processing /Users/joaovitor/airflow_env/lib/python3.11/site-packages/airflow/example_dags/example_skip_dag.py took 0.169 seconds
[2025-11-04T22:08:46.355-0300] {processor.py:161} INFO - Started process (PID=31551) to work on /Users/joaovitor/airflow_env/lib/python3.11/site-packages/airflow/example_dags/example_skip_dag.py
[2025-11-04T22:08:46.356-0300] {processor.py:830} INFO - Processing file /Users/joaovitor/airflow_env/lib/python3.11/site-packages/airflow/example_dags/example_skip_dag.py for tasks to queue
[2025-11-04T22:08:46.357-0300] {logging_mixin.py:188} INFO - [2025-11-04T22:08:46.357-0300] {dagbag.py:545} INFO - Filling up the DagBag from /Users/joaovitor/airflow_env/lib/python3.11/site-packages/airflow/example_dags/example_skip_dag.py
[2025-11-04T22:08:46.365-0300] {processor.py:840} INFO - DAG(s) 'example_skip_dag' retrieved from /Users/joaovitor/airflow_env/lib/python3.11/site-packages/airflow/example_dags/example_skip_dag.py
[2025-11-04T22:08:46.470-0300] {logging_mixin.py:188} INFO - [2025-11-04T22:08:46.470-0300] {dag.py:3089} INFO - Sync 1 DAGs
[2025-11-04T22:08:46.487-0300] {logging_mixin.py:188} INFO - [2025-11-04T22:08:46.486-0300] {dag.py:3947} INFO - Setting next_dagrun for example_skip_dag to 2025-11-04 00:00:00+00:00, run_after=2025-11-05 00:00:00+00:00
[2025-11-04T22:08:46.509-0300] {processor.py:183} INFO - Processing /Users/joaovitor/airflow_env/lib/python3.11/site-packages/airflow/example_dags/example_skip_dag.py took 0.156 seconds
[2025-11-04T22:10:40.408-0300] {processor.py:161} INFO - Started process (PID=31599) to work on /Users/joaovitor/airflow_env/lib/python3.11/site-packages/airflow/example_dags/example_skip_dag.py
[2025-11-04T22:10:40.408-0300] {processor.py:830} INFO - Processing file /Users/joaovitor/airflow_env/lib/python3.11/site-packages/airflow/example_dags/example_skip_dag.py for tasks to queue
[2025-11-04T22:10:40.409-0300] {logging_mixin.py:188} INFO - [2025-11-04T22:10:40.409-0300] {dagbag.py:545} INFO - Filling up the DagBag from /Users/joaovitor/airflow_env/lib/python3.11/site-packages/airflow/example_dags/example_skip_dag.py
[2025-11-04T22:10:40.417-0300] {processor.py:840} INFO - DAG(s) 'example_skip_dag' retrieved from /Users/joaovitor/airflow_env/lib/python3.11/site-packages/airflow/example_dags/example_skip_dag.py
[2025-11-04T22:10:40.530-0300] {logging_mixin.py:188} INFO - [2025-11-04T22:10:40.529-0300] {dag.py:3089} INFO - Sync 1 DAGs
[2025-11-04T22:10:40.556-0300] {logging_mixin.py:188} INFO - [2025-11-04T22:10:40.555-0300] {dag.py:3947} INFO - Setting next_dagrun for example_skip_dag to 2025-11-04 00:00:00+00:00, run_after=2025-11-05 00:00:00+00:00
[2025-11-04T22:10:40.580-0300] {processor.py:183} INFO - Processing /Users/joaovitor/airflow_env/lib/python3.11/site-packages/airflow/example_dags/example_skip_dag.py took 0.175 seconds
[2025-11-04T22:12:39.788-0300] {processor.py:161} INFO - Started process (PID=31643) to work on /Users/joaovitor/airflow_env/lib/python3.11/site-packages/airflow/example_dags/example_skip_dag.py
[2025-11-04T22:12:39.789-0300] {processor.py:830} INFO - Processing file /Users/joaovitor/airflow_env/lib/python3.11/site-packages/airflow/example_dags/example_skip_dag.py for tasks to queue
[2025-11-04T22:12:39.789-0300] {logging_mixin.py:188} INFO - [2025-11-04T22:12:39.789-0300] {dagbag.py:545} INFO - Filling up the DagBag from /Users/joaovitor/airflow_env/lib/python3.11/site-packages/airflow/example_dags/example_skip_dag.py
[2025-11-04T22:12:39.799-0300] {processor.py:840} INFO - DAG(s) 'example_skip_dag' retrieved from /Users/joaovitor/airflow_env/lib/python3.11/site-packages/airflow/example_dags/example_skip_dag.py
[2025-11-04T22:12:39.917-0300] {logging_mixin.py:188} INFO - [2025-11-04T22:12:39.917-0300] {dag.py:3089} INFO - Sync 1 DAGs
[2025-11-04T22:12:39.935-0300] {logging_mixin.py:188} INFO - [2025-11-04T22:12:39.934-0300] {dag.py:3947} INFO - Setting next_dagrun for example_skip_dag to 2025-11-04 00:00:00+00:00, run_after=2025-11-05 00:00:00+00:00
[2025-11-04T22:12:39.957-0300] {processor.py:183} INFO - Processing /Users/joaovitor/airflow_env/lib/python3.11/site-packages/airflow/example_dags/example_skip_dag.py took 0.172 seconds
[2025-11-04T22:14:40.796-0300] {processor.py:161} INFO - Started process (PID=31694) to work on /Users/joaovitor/airflow_env/lib/python3.11/site-packages/airflow/example_dags/example_skip_dag.py
[2025-11-04T22:14:40.797-0300] {processor.py:830} INFO - Processing file /Users/joaovitor/airflow_env/lib/python3.11/site-packages/airflow/example_dags/example_skip_dag.py for tasks to queue
[2025-11-04T22:14:40.798-0300] {logging_mixin.py:188} INFO - [2025-11-04T22:14:40.798-0300] {dagbag.py:545} INFO - Filling up the DagBag from /Users/joaovitor/airflow_env/lib/python3.11/site-packages/airflow/example_dags/example_skip_dag.py
[2025-11-04T22:14:40.807-0300] {processor.py:840} INFO - DAG(s) 'example_skip_dag' retrieved from /Users/joaovitor/airflow_env/lib/python3.11/site-packages/airflow/example_dags/example_skip_dag.py
[2025-11-04T22:14:40.924-0300] {logging_mixin.py:188} INFO - [2025-11-04T22:14:40.924-0300] {dag.py:3089} INFO - Sync 1 DAGs
[2025-11-04T22:14:40.941-0300] {logging_mixin.py:188} INFO - [2025-11-04T22:14:40.941-0300] {dag.py:3947} INFO - Setting next_dagrun for example_skip_dag to 2025-11-04 00:00:00+00:00, run_after=2025-11-05 00:00:00+00:00
[2025-11-04T22:14:40.964-0300] {processor.py:183} INFO - Processing /Users/joaovitor/airflow_env/lib/python3.11/site-packages/airflow/example_dags/example_skip_dag.py took 0.171 seconds
[2025-11-04T22:16:50.724-0300] {processor.py:161} INFO - Started process (PID=31752) to work on /Users/joaovitor/airflow_env/lib/python3.11/site-packages/airflow/example_dags/example_skip_dag.py
[2025-11-04T22:16:50.725-0300] {processor.py:830} INFO - Processing file /Users/joaovitor/airflow_env/lib/python3.11/site-packages/airflow/example_dags/example_skip_dag.py for tasks to queue
[2025-11-04T22:16:50.726-0300] {logging_mixin.py:188} INFO - [2025-11-04T22:16:50.726-0300] {dagbag.py:545} INFO - Filling up the DagBag from /Users/joaovitor/airflow_env/lib/python3.11/site-packages/airflow/example_dags/example_skip_dag.py
[2025-11-04T22:16:50.736-0300] {processor.py:840} INFO - DAG(s) 'example_skip_dag' retrieved from /Users/joaovitor/airflow_env/lib/python3.11/site-packages/airflow/example_dags/example_skip_dag.py
[2025-11-04T22:16:50.854-0300] {logging_mixin.py:188} INFO - [2025-11-04T22:16:50.853-0300] {dag.py:3089} INFO - Sync 1 DAGs
[2025-11-04T22:16:50.872-0300] {logging_mixin.py:188} INFO - [2025-11-04T22:16:50.872-0300] {dag.py:3947} INFO - Setting next_dagrun for example_skip_dag to 2025-11-04 00:00:00+00:00, run_after=2025-11-05 00:00:00+00:00
[2025-11-04T22:16:50.899-0300] {processor.py:183} INFO - Processing /Users/joaovitor/airflow_env/lib/python3.11/site-packages/airflow/example_dags/example_skip_dag.py took 0.178 seconds
[2025-11-04T22:18:48.826-0300] {processor.py:161} INFO - Started process (PID=31800) to work on /Users/joaovitor/airflow_env/lib/python3.11/site-packages/airflow/example_dags/example_skip_dag.py
[2025-11-04T22:18:48.828-0300] {processor.py:830} INFO - Processing file /Users/joaovitor/airflow_env/lib/python3.11/site-packages/airflow/example_dags/example_skip_dag.py for tasks to queue
[2025-11-04T22:18:48.829-0300] {logging_mixin.py:188} INFO - [2025-11-04T22:18:48.829-0300] {dagbag.py:545} INFO - Filling up the DagBag from /Users/joaovitor/airflow_env/lib/python3.11/site-packages/airflow/example_dags/example_skip_dag.py
[2025-11-04T22:18:48.840-0300] {processor.py:840} INFO - DAG(s) 'example_skip_dag' retrieved from /Users/joaovitor/airflow_env/lib/python3.11/site-packages/airflow/example_dags/example_skip_dag.py
[2025-11-04T22:18:48.949-0300] {logging_mixin.py:188} INFO - [2025-11-04T22:18:48.948-0300] {dag.py:3089} INFO - Sync 1 DAGs
[2025-11-04T22:18:48.966-0300] {logging_mixin.py:188} INFO - [2025-11-04T22:18:48.965-0300] {dag.py:3947} INFO - Setting next_dagrun for example_skip_dag to 2025-11-04 00:00:00+00:00, run_after=2025-11-05 00:00:00+00:00
[2025-11-04T22:18:48.993-0300] {processor.py:183} INFO - Processing /Users/joaovitor/airflow_env/lib/python3.11/site-packages/airflow/example_dags/example_skip_dag.py took 0.170 seconds
[2025-11-04T22:20:50.725-0300] {processor.py:161} INFO - Started process (PID=31840) to work on /Users/joaovitor/airflow_env/lib/python3.11/site-packages/airflow/example_dags/example_skip_dag.py
[2025-11-04T22:20:50.727-0300] {processor.py:830} INFO - Processing file /Users/joaovitor/airflow_env/lib/python3.11/site-packages/airflow/example_dags/example_skip_dag.py for tasks to queue
[2025-11-04T22:20:50.728-0300] {logging_mixin.py:188} INFO - [2025-11-04T22:20:50.728-0300] {dagbag.py:545} INFO - Filling up the DagBag from /Users/joaovitor/airflow_env/lib/python3.11/site-packages/airflow/example_dags/example_skip_dag.py
[2025-11-04T22:20:50.739-0300] {processor.py:840} INFO - DAG(s) 'example_skip_dag' retrieved from /Users/joaovitor/airflow_env/lib/python3.11/site-packages/airflow/example_dags/example_skip_dag.py
[2025-11-04T22:20:50.877-0300] {logging_mixin.py:188} INFO - [2025-11-04T22:20:50.876-0300] {dag.py:3089} INFO - Sync 1 DAGs
[2025-11-04T22:20:50.896-0300] {logging_mixin.py:188} INFO - [2025-11-04T22:20:50.896-0300] {dag.py:3947} INFO - Setting next_dagrun for example_skip_dag to 2025-11-04 00:00:00+00:00, run_after=2025-11-05 00:00:00+00:00
[2025-11-04T22:20:50.926-0300] {processor.py:183} INFO - Processing /Users/joaovitor/airflow_env/lib/python3.11/site-packages/airflow/example_dags/example_skip_dag.py took 0.206 seconds
[2025-11-04T22:22:58.349-0300] {processor.py:161} INFO - Started process (PID=31939) to work on /Users/joaovitor/airflow_env/lib/python3.11/site-packages/airflow/example_dags/example_skip_dag.py
[2025-11-04T22:22:58.351-0300] {processor.py:830} INFO - Processing file /Users/joaovitor/airflow_env/lib/python3.11/site-packages/airflow/example_dags/example_skip_dag.py for tasks to queue
[2025-11-04T22:22:58.352-0300] {logging_mixin.py:188} INFO - [2025-11-04T22:22:58.352-0300] {dagbag.py:545} INFO - Filling up the DagBag from /Users/joaovitor/airflow_env/lib/python3.11/site-packages/airflow/example_dags/example_skip_dag.py
[2025-11-04T22:22:58.364-0300] {processor.py:840} INFO - DAG(s) 'example_skip_dag' retrieved from /Users/joaovitor/airflow_env/lib/python3.11/site-packages/airflow/example_dags/example_skip_dag.py
[2025-11-04T22:22:58.484-0300] {logging_mixin.py:188} INFO - [2025-11-04T22:22:58.483-0300] {dag.py:3089} INFO - Sync 1 DAGs
[2025-11-04T22:22:58.502-0300] {logging_mixin.py:188} INFO - [2025-11-04T22:22:58.502-0300] {dag.py:3947} INFO - Setting next_dagrun for example_skip_dag to 2025-11-04 00:00:00+00:00, run_after=2025-11-05 00:00:00+00:00
[2025-11-04T22:22:58.526-0300] {processor.py:183} INFO - Processing /Users/joaovitor/airflow_env/lib/python3.11/site-packages/airflow/example_dags/example_skip_dag.py took 0.180 seconds
[2025-11-04T22:25:03.890-0300] {processor.py:161} INFO - Started process (PID=31980) to work on /Users/joaovitor/airflow_env/lib/python3.11/site-packages/airflow/example_dags/example_skip_dag.py
[2025-11-04T22:25:03.891-0300] {processor.py:830} INFO - Processing file /Users/joaovitor/airflow_env/lib/python3.11/site-packages/airflow/example_dags/example_skip_dag.py for tasks to queue
[2025-11-04T22:25:03.892-0300] {logging_mixin.py:188} INFO - [2025-11-04T22:25:03.892-0300] {dagbag.py:545} INFO - Filling up the DagBag from /Users/joaovitor/airflow_env/lib/python3.11/site-packages/airflow/example_dags/example_skip_dag.py
[2025-11-04T22:25:03.899-0300] {processor.py:840} INFO - DAG(s) 'example_skip_dag' retrieved from /Users/joaovitor/airflow_env/lib/python3.11/site-packages/airflow/example_dags/example_skip_dag.py
[2025-11-04T22:25:04.020-0300] {logging_mixin.py:188} INFO - [2025-11-04T22:25:04.018-0300] {dag.py:3089} INFO - Sync 1 DAGs
[2025-11-04T22:25:04.039-0300] {logging_mixin.py:188} INFO - [2025-11-04T22:25:04.039-0300] {dag.py:3947} INFO - Setting next_dagrun for example_skip_dag to 2025-11-04 00:00:00+00:00, run_after=2025-11-05 00:00:00+00:00
[2025-11-04T22:25:04.063-0300] {processor.py:183} INFO - Processing /Users/joaovitor/airflow_env/lib/python3.11/site-packages/airflow/example_dags/example_skip_dag.py took 0.176 seconds
[2025-11-04T22:27:10.487-0300] {processor.py:161} INFO - Started process (PID=32022) to work on /Users/joaovitor/airflow_env/lib/python3.11/site-packages/airflow/example_dags/example_skip_dag.py
[2025-11-04T22:27:10.488-0300] {processor.py:830} INFO - Processing file /Users/joaovitor/airflow_env/lib/python3.11/site-packages/airflow/example_dags/example_skip_dag.py for tasks to queue
[2025-11-04T22:27:10.489-0300] {logging_mixin.py:188} INFO - [2025-11-04T22:27:10.489-0300] {dagbag.py:545} INFO - Filling up the DagBag from /Users/joaovitor/airflow_env/lib/python3.11/site-packages/airflow/example_dags/example_skip_dag.py
[2025-11-04T22:27:10.498-0300] {processor.py:840} INFO - DAG(s) 'example_skip_dag' retrieved from /Users/joaovitor/airflow_env/lib/python3.11/site-packages/airflow/example_dags/example_skip_dag.py
[2025-11-04T22:27:10.616-0300] {logging_mixin.py:188} INFO - [2025-11-04T22:27:10.616-0300] {dag.py:3089} INFO - Sync 1 DAGs
[2025-11-04T22:27:10.635-0300] {logging_mixin.py:188} INFO - [2025-11-04T22:27:10.635-0300] {dag.py:3947} INFO - Setting next_dagrun for example_skip_dag to 2025-11-04 00:00:00+00:00, run_after=2025-11-05 00:00:00+00:00
[2025-11-04T22:27:10.662-0300] {processor.py:183} INFO - Processing /Users/joaovitor/airflow_env/lib/python3.11/site-packages/airflow/example_dags/example_skip_dag.py took 0.178 seconds
[2025-11-04T22:29:19.498-0300] {processor.py:161} INFO - Started process (PID=32064) to work on /Users/joaovitor/airflow_env/lib/python3.11/site-packages/airflow/example_dags/example_skip_dag.py
[2025-11-04T22:29:19.499-0300] {processor.py:830} INFO - Processing file /Users/joaovitor/airflow_env/lib/python3.11/site-packages/airflow/example_dags/example_skip_dag.py for tasks to queue
[2025-11-04T22:29:19.500-0300] {logging_mixin.py:188} INFO - [2025-11-04T22:29:19.499-0300] {dagbag.py:545} INFO - Filling up the DagBag from /Users/joaovitor/airflow_env/lib/python3.11/site-packages/airflow/example_dags/example_skip_dag.py
[2025-11-04T22:29:19.508-0300] {processor.py:840} INFO - DAG(s) 'example_skip_dag' retrieved from /Users/joaovitor/airflow_env/lib/python3.11/site-packages/airflow/example_dags/example_skip_dag.py
[2025-11-04T22:29:19.627-0300] {logging_mixin.py:188} INFO - [2025-11-04T22:29:19.626-0300] {dag.py:3089} INFO - Sync 1 DAGs
[2025-11-04T22:29:19.645-0300] {logging_mixin.py:188} INFO - [2025-11-04T22:29:19.645-0300] {dag.py:3947} INFO - Setting next_dagrun for example_skip_dag to 2025-11-04 00:00:00+00:00, run_after=2025-11-05 00:00:00+00:00
[2025-11-04T22:29:19.669-0300] {processor.py:183} INFO - Processing /Users/joaovitor/airflow_env/lib/python3.11/site-packages/airflow/example_dags/example_skip_dag.py took 0.174 seconds
[2025-11-04T22:31:41.855-0300] {processor.py:161} INFO - Started process (PID=32159) to work on /Users/joaovitor/airflow_env/lib/python3.11/site-packages/airflow/example_dags/example_skip_dag.py
[2025-11-04T22:31:41.857-0300] {processor.py:830} INFO - Processing file /Users/joaovitor/airflow_env/lib/python3.11/site-packages/airflow/example_dags/example_skip_dag.py for tasks to queue
[2025-11-04T22:31:41.858-0300] {logging_mixin.py:188} INFO - [2025-11-04T22:31:41.858-0300] {dagbag.py:545} INFO - Filling up the DagBag from /Users/joaovitor/airflow_env/lib/python3.11/site-packages/airflow/example_dags/example_skip_dag.py
[2025-11-04T22:31:41.867-0300] {processor.py:840} INFO - DAG(s) 'example_skip_dag' retrieved from /Users/joaovitor/airflow_env/lib/python3.11/site-packages/airflow/example_dags/example_skip_dag.py
[2025-11-04T22:31:41.981-0300] {logging_mixin.py:188} INFO - [2025-11-04T22:31:41.980-0300] {dag.py:3089} INFO - Sync 1 DAGs
[2025-11-04T22:31:41.997-0300] {logging_mixin.py:188} INFO - [2025-11-04T22:31:41.997-0300] {dag.py:3947} INFO - Setting next_dagrun for example_skip_dag to 2025-11-04 00:00:00+00:00, run_after=2025-11-05 00:00:00+00:00
[2025-11-04T22:31:42.023-0300] {processor.py:183} INFO - Processing /Users/joaovitor/airflow_env/lib/python3.11/site-packages/airflow/example_dags/example_skip_dag.py took 0.171 seconds
[2025-11-04T22:34:28.141-0300] {processor.py:161} INFO - Started process (PID=32334) to work on /Users/joaovitor/airflow_env/lib/python3.11/site-packages/airflow/example_dags/example_skip_dag.py
[2025-11-04T22:34:28.144-0300] {processor.py:830} INFO - Processing file /Users/joaovitor/airflow_env/lib/python3.11/site-packages/airflow/example_dags/example_skip_dag.py for tasks to queue
[2025-11-04T22:34:28.145-0300] {logging_mixin.py:188} INFO - [2025-11-04T22:34:28.144-0300] {dagbag.py:545} INFO - Filling up the DagBag from /Users/joaovitor/airflow_env/lib/python3.11/site-packages/airflow/example_dags/example_skip_dag.py
[2025-11-04T22:34:28.156-0300] {processor.py:840} INFO - DAG(s) 'example_skip_dag' retrieved from /Users/joaovitor/airflow_env/lib/python3.11/site-packages/airflow/example_dags/example_skip_dag.py
[2025-11-04T22:34:28.277-0300] {logging_mixin.py:188} INFO - [2025-11-04T22:34:28.277-0300] {dag.py:3089} INFO - Sync 1 DAGs
[2025-11-04T22:34:28.294-0300] {logging_mixin.py:188} INFO - [2025-11-04T22:34:28.294-0300] {dag.py:3947} INFO - Setting next_dagrun for example_skip_dag to 2025-11-04 00:00:00+00:00, run_after=2025-11-05 00:00:00+00:00
[2025-11-04T22:34:28.317-0300] {processor.py:183} INFO - Processing /Users/joaovitor/airflow_env/lib/python3.11/site-packages/airflow/example_dags/example_skip_dag.py took 0.178 seconds
[2025-11-04T22:36:38.967-0300] {processor.py:161} INFO - Started process (PID=32498) to work on /Users/joaovitor/airflow_env/lib/python3.11/site-packages/airflow/example_dags/example_skip_dag.py
[2025-11-04T22:36:38.969-0300] {processor.py:830} INFO - Processing file /Users/joaovitor/airflow_env/lib/python3.11/site-packages/airflow/example_dags/example_skip_dag.py for tasks to queue
[2025-11-04T22:36:38.970-0300] {logging_mixin.py:188} INFO - [2025-11-04T22:36:38.970-0300] {dagbag.py:545} INFO - Filling up the DagBag from /Users/joaovitor/airflow_env/lib/python3.11/site-packages/airflow/example_dags/example_skip_dag.py
[2025-11-04T22:36:38.982-0300] {processor.py:840} INFO - DAG(s) 'example_skip_dag' retrieved from /Users/joaovitor/airflow_env/lib/python3.11/site-packages/airflow/example_dags/example_skip_dag.py
[2025-11-04T22:36:39.221-0300] {logging_mixin.py:188} INFO - [2025-11-04T22:36:39.220-0300] {dag.py:3089} INFO - Sync 1 DAGs
[2025-11-04T22:36:39.244-0300] {logging_mixin.py:188} INFO - [2025-11-04T22:36:39.243-0300] {dag.py:3947} INFO - Setting next_dagrun for example_skip_dag to 2025-11-04 00:00:00+00:00, run_after=2025-11-05 00:00:00+00:00
[2025-11-04T22:36:39.277-0300] {processor.py:183} INFO - Processing /Users/joaovitor/airflow_env/lib/python3.11/site-packages/airflow/example_dags/example_skip_dag.py took 0.312 seconds
[2025-11-04T22:39:04.340-0300] {processor.py:161} INFO - Started process (PID=32666) to work on /Users/joaovitor/airflow_env/lib/python3.11/site-packages/airflow/example_dags/example_skip_dag.py
[2025-11-04T22:39:04.342-0300] {processor.py:830} INFO - Processing file /Users/joaovitor/airflow_env/lib/python3.11/site-packages/airflow/example_dags/example_skip_dag.py for tasks to queue
[2025-11-04T22:39:04.343-0300] {logging_mixin.py:188} INFO - [2025-11-04T22:39:04.343-0300] {dagbag.py:545} INFO - Filling up the DagBag from /Users/joaovitor/airflow_env/lib/python3.11/site-packages/airflow/example_dags/example_skip_dag.py
[2025-11-04T22:39:04.354-0300] {processor.py:840} INFO - DAG(s) 'example_skip_dag' retrieved from /Users/joaovitor/airflow_env/lib/python3.11/site-packages/airflow/example_dags/example_skip_dag.py
[2025-11-04T22:39:04.616-0300] {logging_mixin.py:188} INFO - [2025-11-04T22:39:04.615-0300] {dag.py:3089} INFO - Sync 1 DAGs
[2025-11-04T22:39:04.637-0300] {logging_mixin.py:188} INFO - [2025-11-04T22:39:04.636-0300] {dag.py:3947} INFO - Setting next_dagrun for example_skip_dag to 2025-11-04 00:00:00+00:00, run_after=2025-11-05 00:00:00+00:00
[2025-11-04T22:39:04.662-0300] {processor.py:183} INFO - Processing /Users/joaovitor/airflow_env/lib/python3.11/site-packages/airflow/example_dags/example_skip_dag.py took 0.326 seconds
[2025-11-04T22:41:27.500-0300] {processor.py:161} INFO - Started process (PID=32716) to work on /Users/joaovitor/airflow_env/lib/python3.11/site-packages/airflow/example_dags/example_skip_dag.py
[2025-11-04T22:41:27.502-0300] {processor.py:830} INFO - Processing file /Users/joaovitor/airflow_env/lib/python3.11/site-packages/airflow/example_dags/example_skip_dag.py for tasks to queue
[2025-11-04T22:41:27.504-0300] {logging_mixin.py:188} INFO - [2025-11-04T22:41:27.503-0300] {dagbag.py:545} INFO - Filling up the DagBag from /Users/joaovitor/airflow_env/lib/python3.11/site-packages/airflow/example_dags/example_skip_dag.py
[2025-11-04T22:41:27.514-0300] {processor.py:840} INFO - DAG(s) 'example_skip_dag' retrieved from /Users/joaovitor/airflow_env/lib/python3.11/site-packages/airflow/example_dags/example_skip_dag.py
[2025-11-04T22:41:27.646-0300] {logging_mixin.py:188} INFO - [2025-11-04T22:41:27.646-0300] {dag.py:3089} INFO - Sync 1 DAGs
[2025-11-04T22:41:27.669-0300] {logging_mixin.py:188} INFO - [2025-11-04T22:41:27.668-0300] {dag.py:3947} INFO - Setting next_dagrun for example_skip_dag to 2025-11-04 00:00:00+00:00, run_after=2025-11-05 00:00:00+00:00
[2025-11-04T22:41:27.696-0300] {processor.py:183} INFO - Processing /Users/joaovitor/airflow_env/lib/python3.11/site-packages/airflow/example_dags/example_skip_dag.py took 0.198 seconds
[2025-11-04T22:43:48.230-0300] {processor.py:161} INFO - Started process (PID=32779) to work on /Users/joaovitor/airflow_env/lib/python3.11/site-packages/airflow/example_dags/example_skip_dag.py
[2025-11-04T22:43:48.234-0300] {processor.py:830} INFO - Processing file /Users/joaovitor/airflow_env/lib/python3.11/site-packages/airflow/example_dags/example_skip_dag.py for tasks to queue
[2025-11-04T22:43:48.236-0300] {logging_mixin.py:188} INFO - [2025-11-04T22:43:48.235-0300] {dagbag.py:545} INFO - Filling up the DagBag from /Users/joaovitor/airflow_env/lib/python3.11/site-packages/airflow/example_dags/example_skip_dag.py
[2025-11-04T22:43:48.247-0300] {processor.py:840} INFO - DAG(s) 'example_skip_dag' retrieved from /Users/joaovitor/airflow_env/lib/python3.11/site-packages/airflow/example_dags/example_skip_dag.py
[2025-11-04T22:43:48.375-0300] {logging_mixin.py:188} INFO - [2025-11-04T22:43:48.374-0300] {dag.py:3089} INFO - Sync 1 DAGs
[2025-11-04T22:43:48.395-0300] {logging_mixin.py:188} INFO - [2025-11-04T22:43:48.395-0300] {dag.py:3947} INFO - Setting next_dagrun for example_skip_dag to 2025-11-04 00:00:00+00:00, run_after=2025-11-05 00:00:00+00:00
[2025-11-04T22:43:48.420-0300] {processor.py:183} INFO - Processing /Users/joaovitor/airflow_env/lib/python3.11/site-packages/airflow/example_dags/example_skip_dag.py took 0.192 seconds
[2025-11-04T22:46:07.968-0300] {processor.py:161} INFO - Started process (PID=32824) to work on /Users/joaovitor/airflow_env/lib/python3.11/site-packages/airflow/example_dags/example_skip_dag.py
[2025-11-04T22:46:07.969-0300] {processor.py:830} INFO - Processing file /Users/joaovitor/airflow_env/lib/python3.11/site-packages/airflow/example_dags/example_skip_dag.py for tasks to queue
[2025-11-04T22:46:07.969-0300] {logging_mixin.py:188} INFO - [2025-11-04T22:46:07.969-0300] {dagbag.py:545} INFO - Filling up the DagBag from /Users/joaovitor/airflow_env/lib/python3.11/site-packages/airflow/example_dags/example_skip_dag.py
[2025-11-04T22:46:07.981-0300] {processor.py:840} INFO - DAG(s) 'example_skip_dag' retrieved from /Users/joaovitor/airflow_env/lib/python3.11/site-packages/airflow/example_dags/example_skip_dag.py
[2025-11-04T22:46:08.101-0300] {logging_mixin.py:188} INFO - [2025-11-04T22:46:08.100-0300] {dag.py:3089} INFO - Sync 1 DAGs
[2025-11-04T22:46:08.123-0300] {logging_mixin.py:188} INFO - [2025-11-04T22:46:08.122-0300] {dag.py:3947} INFO - Setting next_dagrun for example_skip_dag to 2025-11-04 00:00:00+00:00, run_after=2025-11-05 00:00:00+00:00
[2025-11-04T22:46:08.148-0300] {processor.py:183} INFO - Processing /Users/joaovitor/airflow_env/lib/python3.11/site-packages/airflow/example_dags/example_skip_dag.py took 0.184 seconds
[2025-11-04T22:48:21.112-0300] {processor.py:161} INFO - Started process (PID=32890) to work on /Users/joaovitor/airflow_env/lib/python3.11/site-packages/airflow/example_dags/example_skip_dag.py
[2025-11-04T22:48:21.114-0300] {processor.py:830} INFO - Processing file /Users/joaovitor/airflow_env/lib/python3.11/site-packages/airflow/example_dags/example_skip_dag.py for tasks to queue
[2025-11-04T22:48:21.115-0300] {logging_mixin.py:188} INFO - [2025-11-04T22:48:21.114-0300] {dagbag.py:545} INFO - Filling up the DagBag from /Users/joaovitor/airflow_env/lib/python3.11/site-packages/airflow/example_dags/example_skip_dag.py
[2025-11-04T22:48:21.125-0300] {processor.py:840} INFO - DAG(s) 'example_skip_dag' retrieved from /Users/joaovitor/airflow_env/lib/python3.11/site-packages/airflow/example_dags/example_skip_dag.py
[2025-11-04T22:48:21.228-0300] {logging_mixin.py:188} INFO - [2025-11-04T22:48:21.228-0300] {dag.py:3089} INFO - Sync 1 DAGs
[2025-11-04T22:48:21.246-0300] {logging_mixin.py:188} INFO - [2025-11-04T22:48:21.246-0300] {dag.py:3947} INFO - Setting next_dagrun for example_skip_dag to 2025-11-04 00:00:00+00:00, run_after=2025-11-05 00:00:00+00:00
[2025-11-04T22:48:21.266-0300] {processor.py:183} INFO - Processing /Users/joaovitor/airflow_env/lib/python3.11/site-packages/airflow/example_dags/example_skip_dag.py took 0.157 seconds
[2025-11-04T22:50:31.146-0300] {processor.py:161} INFO - Started process (PID=32948) to work on /Users/joaovitor/airflow_env/lib/python3.11/site-packages/airflow/example_dags/example_skip_dag.py
[2025-11-04T22:50:31.148-0300] {processor.py:830} INFO - Processing file /Users/joaovitor/airflow_env/lib/python3.11/site-packages/airflow/example_dags/example_skip_dag.py for tasks to queue
[2025-11-04T22:50:31.149-0300] {logging_mixin.py:188} INFO - [2025-11-04T22:50:31.148-0300] {dagbag.py:545} INFO - Filling up the DagBag from /Users/joaovitor/airflow_env/lib/python3.11/site-packages/airflow/example_dags/example_skip_dag.py
[2025-11-04T22:50:31.159-0300] {processor.py:840} INFO - DAG(s) 'example_skip_dag' retrieved from /Users/joaovitor/airflow_env/lib/python3.11/site-packages/airflow/example_dags/example_skip_dag.py
[2025-11-04T22:50:31.279-0300] {logging_mixin.py:188} INFO - [2025-11-04T22:50:31.278-0300] {dag.py:3089} INFO - Sync 1 DAGs
[2025-11-04T22:50:31.298-0300] {logging_mixin.py:188} INFO - [2025-11-04T22:50:31.297-0300] {dag.py:3947} INFO - Setting next_dagrun for example_skip_dag to 2025-11-04 00:00:00+00:00, run_after=2025-11-05 00:00:00+00:00
[2025-11-04T22:50:31.321-0300] {processor.py:183} INFO - Processing /Users/joaovitor/airflow_env/lib/python3.11/site-packages/airflow/example_dags/example_skip_dag.py took 0.178 seconds
[2025-11-04T22:52:52.244-0300] {processor.py:161} INFO - Started process (PID=32994) to work on /Users/joaovitor/airflow_env/lib/python3.11/site-packages/airflow/example_dags/example_skip_dag.py
[2025-11-04T22:52:52.246-0300] {processor.py:830} INFO - Processing file /Users/joaovitor/airflow_env/lib/python3.11/site-packages/airflow/example_dags/example_skip_dag.py for tasks to queue
[2025-11-04T22:52:52.247-0300] {logging_mixin.py:188} INFO - [2025-11-04T22:52:52.247-0300] {dagbag.py:545} INFO - Filling up the DagBag from /Users/joaovitor/airflow_env/lib/python3.11/site-packages/airflow/example_dags/example_skip_dag.py
[2025-11-04T22:52:52.259-0300] {processor.py:840} INFO - DAG(s) 'example_skip_dag' retrieved from /Users/joaovitor/airflow_env/lib/python3.11/site-packages/airflow/example_dags/example_skip_dag.py
[2025-11-04T22:52:52.473-0300] {logging_mixin.py:188} INFO - [2025-11-04T22:52:52.473-0300] {dag.py:3089} INFO - Sync 1 DAGs
[2025-11-04T22:52:52.497-0300] {logging_mixin.py:188} INFO - [2025-11-04T22:52:52.497-0300] {dag.py:3947} INFO - Setting next_dagrun for example_skip_dag to 2025-11-04 00:00:00+00:00, run_after=2025-11-05 00:00:00+00:00
[2025-11-04T22:52:52.519-0300] {processor.py:183} INFO - Processing /Users/joaovitor/airflow_env/lib/python3.11/site-packages/airflow/example_dags/example_skip_dag.py took 0.277 seconds
[2025-11-04T22:55:13.265-0300] {processor.py:161} INFO - Started process (PID=33048) to work on /Users/joaovitor/airflow_env/lib/python3.11/site-packages/airflow/example_dags/example_skip_dag.py
[2025-11-04T22:55:13.268-0300] {processor.py:830} INFO - Processing file /Users/joaovitor/airflow_env/lib/python3.11/site-packages/airflow/example_dags/example_skip_dag.py for tasks to queue
[2025-11-04T22:55:13.269-0300] {logging_mixin.py:188} INFO - [2025-11-04T22:55:13.269-0300] {dagbag.py:545} INFO - Filling up the DagBag from /Users/joaovitor/airflow_env/lib/python3.11/site-packages/airflow/example_dags/example_skip_dag.py
[2025-11-04T22:55:13.279-0300] {processor.py:840} INFO - DAG(s) 'example_skip_dag' retrieved from /Users/joaovitor/airflow_env/lib/python3.11/site-packages/airflow/example_dags/example_skip_dag.py
[2025-11-04T22:55:13.403-0300] {logging_mixin.py:188} INFO - [2025-11-04T22:55:13.403-0300] {dag.py:3089} INFO - Sync 1 DAGs
[2025-11-04T22:55:13.424-0300] {logging_mixin.py:188} INFO - [2025-11-04T22:55:13.424-0300] {dag.py:3947} INFO - Setting next_dagrun for example_skip_dag to 2025-11-04 00:00:00+00:00, run_after=2025-11-05 00:00:00+00:00
[2025-11-04T22:55:13.448-0300] {processor.py:183} INFO - Processing /Users/joaovitor/airflow_env/lib/python3.11/site-packages/airflow/example_dags/example_skip_dag.py took 0.186 seconds
[2025-11-04T22:57:24.500-0300] {processor.py:161} INFO - Started process (PID=33091) to work on /Users/joaovitor/airflow_env/lib/python3.11/site-packages/airflow/example_dags/example_skip_dag.py
[2025-11-04T22:57:24.501-0300] {processor.py:830} INFO - Processing file /Users/joaovitor/airflow_env/lib/python3.11/site-packages/airflow/example_dags/example_skip_dag.py for tasks to queue
[2025-11-04T22:57:24.502-0300] {logging_mixin.py:188} INFO - [2025-11-04T22:57:24.501-0300] {dagbag.py:545} INFO - Filling up the DagBag from /Users/joaovitor/airflow_env/lib/python3.11/site-packages/airflow/example_dags/example_skip_dag.py
[2025-11-04T22:57:24.513-0300] {processor.py:840} INFO - DAG(s) 'example_skip_dag' retrieved from /Users/joaovitor/airflow_env/lib/python3.11/site-packages/airflow/example_dags/example_skip_dag.py
[2025-11-04T22:57:24.653-0300] {logging_mixin.py:188} INFO - [2025-11-04T22:57:24.652-0300] {dag.py:3089} INFO - Sync 1 DAGs
[2025-11-04T22:57:24.672-0300] {logging_mixin.py:188} INFO - [2025-11-04T22:57:24.672-0300] {dag.py:3947} INFO - Setting next_dagrun for example_skip_dag to 2025-11-04 00:00:00+00:00, run_after=2025-11-05 00:00:00+00:00
[2025-11-04T22:57:24.699-0300] {processor.py:183} INFO - Processing /Users/joaovitor/airflow_env/lib/python3.11/site-packages/airflow/example_dags/example_skip_dag.py took 0.206 seconds
[2025-11-04T22:59:44.378-0300] {processor.py:161} INFO - Started process (PID=33138) to work on /Users/joaovitor/airflow_env/lib/python3.11/site-packages/airflow/example_dags/example_skip_dag.py
[2025-11-04T22:59:44.379-0300] {processor.py:830} INFO - Processing file /Users/joaovitor/airflow_env/lib/python3.11/site-packages/airflow/example_dags/example_skip_dag.py for tasks to queue
[2025-11-04T22:59:44.380-0300] {logging_mixin.py:188} INFO - [2025-11-04T22:59:44.379-0300] {dagbag.py:545} INFO - Filling up the DagBag from /Users/joaovitor/airflow_env/lib/python3.11/site-packages/airflow/example_dags/example_skip_dag.py
[2025-11-04T22:59:44.387-0300] {processor.py:840} INFO - DAG(s) 'example_skip_dag' retrieved from /Users/joaovitor/airflow_env/lib/python3.11/site-packages/airflow/example_dags/example_skip_dag.py
[2025-11-04T22:59:44.492-0300] {logging_mixin.py:188} INFO - [2025-11-04T22:59:44.491-0300] {dag.py:3089} INFO - Sync 1 DAGs
[2025-11-04T22:59:44.509-0300] {logging_mixin.py:188} INFO - [2025-11-04T22:59:44.509-0300] {dag.py:3947} INFO - Setting next_dagrun for example_skip_dag to 2025-11-04 00:00:00+00:00, run_after=2025-11-05 00:00:00+00:00
[2025-11-04T22:59:44.530-0300] {processor.py:183} INFO - Processing /Users/joaovitor/airflow_env/lib/python3.11/site-packages/airflow/example_dags/example_skip_dag.py took 0.155 seconds
[2025-11-04T23:02:03.281-0300] {processor.py:161} INFO - Started process (PID=33182) to work on /Users/joaovitor/airflow_env/lib/python3.11/site-packages/airflow/example_dags/example_skip_dag.py
[2025-11-04T23:02:03.283-0300] {processor.py:830} INFO - Processing file /Users/joaovitor/airflow_env/lib/python3.11/site-packages/airflow/example_dags/example_skip_dag.py for tasks to queue
[2025-11-04T23:02:03.284-0300] {logging_mixin.py:188} INFO - [2025-11-04T23:02:03.284-0300] {dagbag.py:545} INFO - Filling up the DagBag from /Users/joaovitor/airflow_env/lib/python3.11/site-packages/airflow/example_dags/example_skip_dag.py
[2025-11-04T23:02:03.298-0300] {processor.py:840} INFO - DAG(s) 'example_skip_dag' retrieved from /Users/joaovitor/airflow_env/lib/python3.11/site-packages/airflow/example_dags/example_skip_dag.py
[2025-11-04T23:02:03.414-0300] {logging_mixin.py:188} INFO - [2025-11-04T23:02:03.414-0300] {dag.py:3089} INFO - Sync 1 DAGs
[2025-11-04T23:02:03.439-0300] {logging_mixin.py:188} INFO - [2025-11-04T23:02:03.439-0300] {dag.py:3947} INFO - Setting next_dagrun for example_skip_dag to 2025-11-04 00:00:00+00:00, run_after=2025-11-05 00:00:00+00:00
[2025-11-04T23:02:03.462-0300] {processor.py:183} INFO - Processing /Users/joaovitor/airflow_env/lib/python3.11/site-packages/airflow/example_dags/example_skip_dag.py took 0.183 seconds
[2025-11-04T23:04:23.210-0300] {processor.py:161} INFO - Started process (PID=33253) to work on /Users/joaovitor/airflow_env/lib/python3.11/site-packages/airflow/example_dags/example_skip_dag.py
[2025-11-04T23:04:23.212-0300] {processor.py:830} INFO - Processing file /Users/joaovitor/airflow_env/lib/python3.11/site-packages/airflow/example_dags/example_skip_dag.py for tasks to queue
[2025-11-04T23:04:23.213-0300] {logging_mixin.py:188} INFO - [2025-11-04T23:04:23.213-0300] {dagbag.py:545} INFO - Filling up the DagBag from /Users/joaovitor/airflow_env/lib/python3.11/site-packages/airflow/example_dags/example_skip_dag.py
[2025-11-04T23:04:23.224-0300] {processor.py:840} INFO - DAG(s) 'example_skip_dag' retrieved from /Users/joaovitor/airflow_env/lib/python3.11/site-packages/airflow/example_dags/example_skip_dag.py
[2025-11-04T23:04:23.348-0300] {logging_mixin.py:188} INFO - [2025-11-04T23:04:23.348-0300] {dag.py:3089} INFO - Sync 1 DAGs
[2025-11-04T23:04:23.371-0300] {logging_mixin.py:188} INFO - [2025-11-04T23:04:23.370-0300] {dag.py:3947} INFO - Setting next_dagrun for example_skip_dag to 2025-11-04 00:00:00+00:00, run_after=2025-11-05 00:00:00+00:00
[2025-11-04T23:04:23.395-0300] {processor.py:183} INFO - Processing /Users/joaovitor/airflow_env/lib/python3.11/site-packages/airflow/example_dags/example_skip_dag.py took 0.189 seconds
