[2025-11-04T21:47:01.452-0300] {processor.py:161} INFO - Started process (PID=31084) to work on /Users/joaovitor/airflow_env/lib/python3.11/site-packages/airflow/example_dags/example_python_decorator.py
[2025-11-04T21:47:01.453-0300] {processor.py:830} INFO - Processing file /Users/joaovitor/airflow_env/lib/python3.11/site-packages/airflow/example_dags/example_python_decorator.py for tasks to queue
[2025-11-04T21:47:01.454-0300] {logging_mixin.py:188} INFO - [2025-11-04T21:47:01.453-0300] {dagbag.py:545} INFO - Filling up the DagBag from /Users/joaovitor/airflow_env/lib/python3.11/site-packages/airflow/example_dags/example_python_decorator.py
[2025-11-04T21:47:01.503-0300] {logging_mixin.py:188} INFO - [2025-11-04T21:47:01.502-0300] {example_python_decorator.py:80} WARNING - The virtalenv_python example task requires virtualenv, please install it.
[2025-11-04T21:47:01.505-0300] {processor.py:840} INFO - DAG(s) 'example_python_decorator' retrieved from /Users/joaovitor/airflow_env/lib/python3.11/site-packages/airflow/example_dags/example_python_decorator.py
[2025-11-04T21:47:01.727-0300] {logging_mixin.py:188} INFO - [2025-11-04T21:47:01.726-0300] {override.py:1858} INFO - Created Permission View: can edit on DAG:example_python_decorator
[2025-11-04T21:47:01.739-0300] {logging_mixin.py:188} INFO - [2025-11-04T21:47:01.738-0300] {override.py:1858} INFO - Created Permission View: can delete on DAG:example_python_decorator
[2025-11-04T21:47:01.747-0300] {logging_mixin.py:188} INFO - [2025-11-04T21:47:01.746-0300] {override.py:1858} INFO - Created Permission View: can read on DAG:example_python_decorator
[2025-11-04T21:47:01.749-0300] {logging_mixin.py:188} INFO - [2025-11-04T21:47:01.747-0300] {dag.py:3089} INFO - Sync 1 DAGs
[2025-11-04T21:47:01.829-0300] {logging_mixin.py:188} INFO - [2025-11-04T21:47:01.829-0300] {dag.py:3111} INFO - Creating ORM DAG for example_python_decorator
[2025-11-04T21:47:01.830-0300] {logging_mixin.py:188} INFO - [2025-11-04T21:47:01.829-0300] {dag.py:3947} INFO - Setting next_dagrun for example_python_decorator to None, run_after=None
[2025-11-04T21:47:01.850-0300] {processor.py:183} INFO - Processing /Users/joaovitor/airflow_env/lib/python3.11/site-packages/airflow/example_dags/example_python_decorator.py took 0.402 seconds
[2025-11-04T21:50:03.563-0300] {processor.py:161} INFO - Started process (PID=31196) to work on /Users/joaovitor/airflow_env/lib/python3.11/site-packages/airflow/example_dags/example_python_decorator.py
[2025-11-04T21:50:03.565-0300] {processor.py:830} INFO - Processing file /Users/joaovitor/airflow_env/lib/python3.11/site-packages/airflow/example_dags/example_python_decorator.py for tasks to queue
[2025-11-04T21:50:03.570-0300] {logging_mixin.py:188} INFO - [2025-11-04T21:50:03.570-0300] {dagbag.py:545} INFO - Filling up the DagBag from /Users/joaovitor/airflow_env/lib/python3.11/site-packages/airflow/example_dags/example_python_decorator.py
[2025-11-04T21:50:03.627-0300] {logging_mixin.py:188} INFO - [2025-11-04T21:50:03.626-0300] {example_python_decorator.py:80} WARNING - The virtalenv_python example task requires virtualenv, please install it.
[2025-11-04T21:50:03.636-0300] {processor.py:840} INFO - DAG(s) 'example_python_decorator' retrieved from /Users/joaovitor/airflow_env/lib/python3.11/site-packages/airflow/example_dags/example_python_decorator.py
[2025-11-04T21:50:03.794-0300] {logging_mixin.py:188} INFO - [2025-11-04T21:50:03.794-0300] {dag.py:3089} INFO - Sync 1 DAGs
[2025-11-04T21:50:03.805-0300] {logging_mixin.py:188} INFO - [2025-11-04T21:50:03.805-0300] {dag.py:3947} INFO - Setting next_dagrun for example_python_decorator to None, run_after=None
[2025-11-04T21:50:03.833-0300] {processor.py:183} INFO - Processing /Users/joaovitor/airflow_env/lib/python3.11/site-packages/airflow/example_dags/example_python_decorator.py took 0.275 seconds
[2025-11-04T21:52:13.182-0300] {processor.py:161} INFO - Started process (PID=31239) to work on /Users/joaovitor/airflow_env/lib/python3.11/site-packages/airflow/example_dags/example_python_decorator.py
[2025-11-04T21:52:13.184-0300] {processor.py:830} INFO - Processing file /Users/joaovitor/airflow_env/lib/python3.11/site-packages/airflow/example_dags/example_python_decorator.py for tasks to queue
[2025-11-04T21:52:13.185-0300] {logging_mixin.py:188} INFO - [2025-11-04T21:52:13.185-0300] {dagbag.py:545} INFO - Filling up the DagBag from /Users/joaovitor/airflow_env/lib/python3.11/site-packages/airflow/example_dags/example_python_decorator.py
[2025-11-04T21:52:13.222-0300] {logging_mixin.py:188} INFO - [2025-11-04T21:52:13.222-0300] {example_python_decorator.py:80} WARNING - The virtalenv_python example task requires virtualenv, please install it.
[2025-11-04T21:52:13.224-0300] {processor.py:840} INFO - DAG(s) 'example_python_decorator' retrieved from /Users/joaovitor/airflow_env/lib/python3.11/site-packages/airflow/example_dags/example_python_decorator.py
[2025-11-04T21:52:13.326-0300] {logging_mixin.py:188} INFO - [2025-11-04T21:52:13.326-0300] {dag.py:3089} INFO - Sync 1 DAGs
[2025-11-04T21:52:13.335-0300] {logging_mixin.py:188} INFO - [2025-11-04T21:52:13.335-0300] {dag.py:3947} INFO - Setting next_dagrun for example_python_decorator to None, run_after=None
[2025-11-04T21:52:13.355-0300] {processor.py:183} INFO - Processing /Users/joaovitor/airflow_env/lib/python3.11/site-packages/airflow/example_dags/example_python_decorator.py took 0.175 seconds
[2025-11-04T21:54:09.689-0300] {processor.py:161} INFO - Started process (PID=31282) to work on /Users/joaovitor/airflow_env/lib/python3.11/site-packages/airflow/example_dags/example_python_decorator.py
[2025-11-04T21:54:09.690-0300] {processor.py:830} INFO - Processing file /Users/joaovitor/airflow_env/lib/python3.11/site-packages/airflow/example_dags/example_python_decorator.py for tasks to queue
[2025-11-04T21:54:09.691-0300] {logging_mixin.py:188} INFO - [2025-11-04T21:54:09.691-0300] {dagbag.py:545} INFO - Filling up the DagBag from /Users/joaovitor/airflow_env/lib/python3.11/site-packages/airflow/example_dags/example_python_decorator.py
[2025-11-04T21:54:09.727-0300] {logging_mixin.py:188} INFO - [2025-11-04T21:54:09.727-0300] {example_python_decorator.py:80} WARNING - The virtalenv_python example task requires virtualenv, please install it.
[2025-11-04T21:54:09.729-0300] {processor.py:840} INFO - DAG(s) 'example_python_decorator' retrieved from /Users/joaovitor/airflow_env/lib/python3.11/site-packages/airflow/example_dags/example_python_decorator.py
[2025-11-04T21:54:09.836-0300] {logging_mixin.py:188} INFO - [2025-11-04T21:54:09.836-0300] {dag.py:3089} INFO - Sync 1 DAGs
[2025-11-04T21:54:09.846-0300] {logging_mixin.py:188} INFO - [2025-11-04T21:54:09.846-0300] {dag.py:3947} INFO - Setting next_dagrun for example_python_decorator to None, run_after=None
[2025-11-04T21:54:09.867-0300] {processor.py:183} INFO - Processing /Users/joaovitor/airflow_env/lib/python3.11/site-packages/airflow/example_dags/example_python_decorator.py took 0.180 seconds
[2025-11-04T21:56:02.322-0300] {processor.py:161} INFO - Started process (PID=31323) to work on /Users/joaovitor/airflow_env/lib/python3.11/site-packages/airflow/example_dags/example_python_decorator.py
[2025-11-04T21:56:02.323-0300] {processor.py:830} INFO - Processing file /Users/joaovitor/airflow_env/lib/python3.11/site-packages/airflow/example_dags/example_python_decorator.py for tasks to queue
[2025-11-04T21:56:02.323-0300] {logging_mixin.py:188} INFO - [2025-11-04T21:56:02.323-0300] {dagbag.py:545} INFO - Filling up the DagBag from /Users/joaovitor/airflow_env/lib/python3.11/site-packages/airflow/example_dags/example_python_decorator.py
[2025-11-04T21:56:02.358-0300] {logging_mixin.py:188} INFO - [2025-11-04T21:56:02.358-0300] {example_python_decorator.py:80} WARNING - The virtalenv_python example task requires virtualenv, please install it.
[2025-11-04T21:56:02.361-0300] {processor.py:840} INFO - DAG(s) 'example_python_decorator' retrieved from /Users/joaovitor/airflow_env/lib/python3.11/site-packages/airflow/example_dags/example_python_decorator.py
[2025-11-04T21:56:02.460-0300] {logging_mixin.py:188} INFO - [2025-11-04T21:56:02.460-0300] {dag.py:3089} INFO - Sync 1 DAGs
[2025-11-04T21:56:02.470-0300] {logging_mixin.py:188} INFO - [2025-11-04T21:56:02.469-0300] {dag.py:3947} INFO - Setting next_dagrun for example_python_decorator to None, run_after=None
[2025-11-04T21:56:02.492-0300] {processor.py:183} INFO - Processing /Users/joaovitor/airflow_env/lib/python3.11/site-packages/airflow/example_dags/example_python_decorator.py took 0.173 seconds
[2025-11-04T21:57:54.281-0300] {processor.py:161} INFO - Started process (PID=31363) to work on /Users/joaovitor/airflow_env/lib/python3.11/site-packages/airflow/example_dags/example_python_decorator.py
[2025-11-04T21:57:54.282-0300] {processor.py:830} INFO - Processing file /Users/joaovitor/airflow_env/lib/python3.11/site-packages/airflow/example_dags/example_python_decorator.py for tasks to queue
[2025-11-04T21:57:54.283-0300] {logging_mixin.py:188} INFO - [2025-11-04T21:57:54.283-0300] {dagbag.py:545} INFO - Filling up the DagBag from /Users/joaovitor/airflow_env/lib/python3.11/site-packages/airflow/example_dags/example_python_decorator.py
[2025-11-04T21:57:54.322-0300] {logging_mixin.py:188} INFO - [2025-11-04T21:57:54.322-0300] {example_python_decorator.py:80} WARNING - The virtalenv_python example task requires virtualenv, please install it.
[2025-11-04T21:57:54.324-0300] {processor.py:840} INFO - DAG(s) 'example_python_decorator' retrieved from /Users/joaovitor/airflow_env/lib/python3.11/site-packages/airflow/example_dags/example_python_decorator.py
[2025-11-04T21:57:54.438-0300] {logging_mixin.py:188} INFO - [2025-11-04T21:57:54.437-0300] {dag.py:3089} INFO - Sync 1 DAGs
[2025-11-04T21:57:54.448-0300] {logging_mixin.py:188} INFO - [2025-11-04T21:57:54.448-0300] {dag.py:3947} INFO - Setting next_dagrun for example_python_decorator to None, run_after=None
[2025-11-04T21:57:54.470-0300] {processor.py:183} INFO - Processing /Users/joaovitor/airflow_env/lib/python3.11/site-packages/airflow/example_dags/example_python_decorator.py took 0.193 seconds
[2025-11-04T21:59:45.257-0300] {processor.py:161} INFO - Started process (PID=31402) to work on /Users/joaovitor/airflow_env/lib/python3.11/site-packages/airflow/example_dags/example_python_decorator.py
[2025-11-04T21:59:45.258-0300] {processor.py:830} INFO - Processing file /Users/joaovitor/airflow_env/lib/python3.11/site-packages/airflow/example_dags/example_python_decorator.py for tasks to queue
[2025-11-04T21:59:45.259-0300] {logging_mixin.py:188} INFO - [2025-11-04T21:59:45.258-0300] {dagbag.py:545} INFO - Filling up the DagBag from /Users/joaovitor/airflow_env/lib/python3.11/site-packages/airflow/example_dags/example_python_decorator.py
[2025-11-04T21:59:45.305-0300] {logging_mixin.py:188} INFO - [2025-11-04T21:59:45.304-0300] {example_python_decorator.py:80} WARNING - The virtalenv_python example task requires virtualenv, please install it.
[2025-11-04T21:59:45.307-0300] {processor.py:840} INFO - DAG(s) 'example_python_decorator' retrieved from /Users/joaovitor/airflow_env/lib/python3.11/site-packages/airflow/example_dags/example_python_decorator.py
[2025-11-04T21:59:45.424-0300] {logging_mixin.py:188} INFO - [2025-11-04T21:59:45.423-0300] {dag.py:3089} INFO - Sync 1 DAGs
[2025-11-04T21:59:45.434-0300] {logging_mixin.py:188} INFO - [2025-11-04T21:59:45.434-0300] {dag.py:3947} INFO - Setting next_dagrun for example_python_decorator to None, run_after=None
[2025-11-04T21:59:45.456-0300] {processor.py:183} INFO - Processing /Users/joaovitor/airflow_env/lib/python3.11/site-packages/airflow/example_dags/example_python_decorator.py took 0.203 seconds
[2025-11-04T22:05:20.296-0300] {processor.py:161} INFO - Started process (PID=31459) to work on /Users/joaovitor/airflow_env/lib/python3.11/site-packages/airflow/example_dags/example_python_decorator.py
[2025-11-04T22:05:20.297-0300] {processor.py:830} INFO - Processing file /Users/joaovitor/airflow_env/lib/python3.11/site-packages/airflow/example_dags/example_python_decorator.py for tasks to queue
[2025-11-04T22:05:20.298-0300] {logging_mixin.py:188} INFO - [2025-11-04T22:05:20.298-0300] {dagbag.py:545} INFO - Filling up the DagBag from /Users/joaovitor/airflow_env/lib/python3.11/site-packages/airflow/example_dags/example_python_decorator.py
[2025-11-04T22:05:20.338-0300] {logging_mixin.py:188} INFO - [2025-11-04T22:05:20.338-0300] {example_python_decorator.py:80} WARNING - The virtalenv_python example task requires virtualenv, please install it.
[2025-11-04T22:05:20.342-0300] {processor.py:840} INFO - DAG(s) 'example_python_decorator' retrieved from /Users/joaovitor/airflow_env/lib/python3.11/site-packages/airflow/example_dags/example_python_decorator.py
[2025-11-04T22:05:20.454-0300] {logging_mixin.py:188} INFO - [2025-11-04T22:05:20.453-0300] {dag.py:3089} INFO - Sync 1 DAGs
[2025-11-04T22:05:20.465-0300] {logging_mixin.py:188} INFO - [2025-11-04T22:05:20.465-0300] {dag.py:3947} INFO - Setting next_dagrun for example_python_decorator to None, run_after=None
[2025-11-04T22:05:20.485-0300] {processor.py:183} INFO - Processing /Users/joaovitor/airflow_env/lib/python3.11/site-packages/airflow/example_dags/example_python_decorator.py took 0.192 seconds
[2025-11-04T22:07:14.631-0300] {processor.py:161} INFO - Started process (PID=31518) to work on /Users/joaovitor/airflow_env/lib/python3.11/site-packages/airflow/example_dags/example_python_decorator.py
[2025-11-04T22:07:14.634-0300] {processor.py:830} INFO - Processing file /Users/joaovitor/airflow_env/lib/python3.11/site-packages/airflow/example_dags/example_python_decorator.py for tasks to queue
[2025-11-04T22:07:14.635-0300] {logging_mixin.py:188} INFO - [2025-11-04T22:07:14.635-0300] {dagbag.py:545} INFO - Filling up the DagBag from /Users/joaovitor/airflow_env/lib/python3.11/site-packages/airflow/example_dags/example_python_decorator.py
[2025-11-04T22:07:14.675-0300] {logging_mixin.py:188} INFO - [2025-11-04T22:07:14.674-0300] {example_python_decorator.py:80} WARNING - The virtalenv_python example task requires virtualenv, please install it.
[2025-11-04T22:07:14.677-0300] {processor.py:840} INFO - DAG(s) 'example_python_decorator' retrieved from /Users/joaovitor/airflow_env/lib/python3.11/site-packages/airflow/example_dags/example_python_decorator.py
[2025-11-04T22:07:14.789-0300] {logging_mixin.py:188} INFO - [2025-11-04T22:07:14.789-0300] {dag.py:3089} INFO - Sync 1 DAGs
[2025-11-04T22:07:14.800-0300] {logging_mixin.py:188} INFO - [2025-11-04T22:07:14.800-0300] {dag.py:3947} INFO - Setting next_dagrun for example_python_decorator to None, run_after=None
[2025-11-04T22:07:14.822-0300] {processor.py:183} INFO - Processing /Users/joaovitor/airflow_env/lib/python3.11/site-packages/airflow/example_dags/example_python_decorator.py took 0.193 seconds
[2025-11-04T22:09:09.414-0300] {processor.py:161} INFO - Started process (PID=31559) to work on /Users/joaovitor/airflow_env/lib/python3.11/site-packages/airflow/example_dags/example_python_decorator.py
[2025-11-04T22:09:09.415-0300] {processor.py:830} INFO - Processing file /Users/joaovitor/airflow_env/lib/python3.11/site-packages/airflow/example_dags/example_python_decorator.py for tasks to queue
[2025-11-04T22:09:09.415-0300] {logging_mixin.py:188} INFO - [2025-11-04T22:09:09.415-0300] {dagbag.py:545} INFO - Filling up the DagBag from /Users/joaovitor/airflow_env/lib/python3.11/site-packages/airflow/example_dags/example_python_decorator.py
[2025-11-04T22:09:09.457-0300] {logging_mixin.py:188} INFO - [2025-11-04T22:09:09.457-0300] {example_python_decorator.py:80} WARNING - The virtalenv_python example task requires virtualenv, please install it.
[2025-11-04T22:09:09.461-0300] {processor.py:840} INFO - DAG(s) 'example_python_decorator' retrieved from /Users/joaovitor/airflow_env/lib/python3.11/site-packages/airflow/example_dags/example_python_decorator.py
[2025-11-04T22:09:09.580-0300] {logging_mixin.py:188} INFO - [2025-11-04T22:09:09.579-0300] {dag.py:3089} INFO - Sync 1 DAGs
[2025-11-04T22:09:09.589-0300] {logging_mixin.py:188} INFO - [2025-11-04T22:09:09.589-0300] {dag.py:3947} INFO - Setting next_dagrun for example_python_decorator to None, run_after=None
[2025-11-04T22:09:09.612-0300] {processor.py:183} INFO - Processing /Users/joaovitor/airflow_env/lib/python3.11/site-packages/airflow/example_dags/example_python_decorator.py took 0.201 seconds
[2025-11-04T22:11:03.825-0300] {processor.py:161} INFO - Started process (PID=31610) to work on /Users/joaovitor/airflow_env/lib/python3.11/site-packages/airflow/example_dags/example_python_decorator.py
[2025-11-04T22:11:03.826-0300] {processor.py:830} INFO - Processing file /Users/joaovitor/airflow_env/lib/python3.11/site-packages/airflow/example_dags/example_python_decorator.py for tasks to queue
[2025-11-04T22:11:03.827-0300] {logging_mixin.py:188} INFO - [2025-11-04T22:11:03.827-0300] {dagbag.py:545} INFO - Filling up the DagBag from /Users/joaovitor/airflow_env/lib/python3.11/site-packages/airflow/example_dags/example_python_decorator.py
[2025-11-04T22:11:03.871-0300] {logging_mixin.py:188} INFO - [2025-11-04T22:11:03.871-0300] {example_python_decorator.py:80} WARNING - The virtalenv_python example task requires virtualenv, please install it.
[2025-11-04T22:11:03.873-0300] {processor.py:840} INFO - DAG(s) 'example_python_decorator' retrieved from /Users/joaovitor/airflow_env/lib/python3.11/site-packages/airflow/example_dags/example_python_decorator.py
[2025-11-04T22:11:04.010-0300] {logging_mixin.py:188} INFO - [2025-11-04T22:11:04.009-0300] {dag.py:3089} INFO - Sync 1 DAGs
[2025-11-04T22:11:04.022-0300] {logging_mixin.py:188} INFO - [2025-11-04T22:11:04.022-0300] {dag.py:3947} INFO - Setting next_dagrun for example_python_decorator to None, run_after=None
[2025-11-04T22:11:04.050-0300] {processor.py:183} INFO - Processing /Users/joaovitor/airflow_env/lib/python3.11/site-packages/airflow/example_dags/example_python_decorator.py took 0.228 seconds
[2025-11-04T22:13:03.173-0300] {processor.py:161} INFO - Started process (PID=31661) to work on /Users/joaovitor/airflow_env/lib/python3.11/site-packages/airflow/example_dags/example_python_decorator.py
[2025-11-04T22:13:03.174-0300] {processor.py:830} INFO - Processing file /Users/joaovitor/airflow_env/lib/python3.11/site-packages/airflow/example_dags/example_python_decorator.py for tasks to queue
[2025-11-04T22:13:03.174-0300] {logging_mixin.py:188} INFO - [2025-11-04T22:13:03.174-0300] {dagbag.py:545} INFO - Filling up the DagBag from /Users/joaovitor/airflow_env/lib/python3.11/site-packages/airflow/example_dags/example_python_decorator.py
[2025-11-04T22:13:03.218-0300] {logging_mixin.py:188} INFO - [2025-11-04T22:13:03.217-0300] {example_python_decorator.py:80} WARNING - The virtalenv_python example task requires virtualenv, please install it.
[2025-11-04T22:13:03.220-0300] {processor.py:840} INFO - DAG(s) 'example_python_decorator' retrieved from /Users/joaovitor/airflow_env/lib/python3.11/site-packages/airflow/example_dags/example_python_decorator.py
[2025-11-04T22:13:03.335-0300] {logging_mixin.py:188} INFO - [2025-11-04T22:13:03.335-0300] {dag.py:3089} INFO - Sync 1 DAGs
[2025-11-04T22:13:03.345-0300] {logging_mixin.py:188} INFO - [2025-11-04T22:13:03.344-0300] {dag.py:3947} INFO - Setting next_dagrun for example_python_decorator to None, run_after=None
[2025-11-04T22:13:03.373-0300] {processor.py:183} INFO - Processing /Users/joaovitor/airflow_env/lib/python3.11/site-packages/airflow/example_dags/example_python_decorator.py took 0.203 seconds
[2025-11-04T22:15:03.750-0300] {processor.py:161} INFO - Started process (PID=31703) to work on /Users/joaovitor/airflow_env/lib/python3.11/site-packages/airflow/example_dags/example_python_decorator.py
[2025-11-04T22:15:03.751-0300] {processor.py:830} INFO - Processing file /Users/joaovitor/airflow_env/lib/python3.11/site-packages/airflow/example_dags/example_python_decorator.py for tasks to queue
[2025-11-04T22:15:03.751-0300] {logging_mixin.py:188} INFO - [2025-11-04T22:15:03.751-0300] {dagbag.py:545} INFO - Filling up the DagBag from /Users/joaovitor/airflow_env/lib/python3.11/site-packages/airflow/example_dags/example_python_decorator.py
[2025-11-04T22:15:03.788-0300] {logging_mixin.py:188} INFO - [2025-11-04T22:15:03.788-0300] {example_python_decorator.py:80} WARNING - The virtalenv_python example task requires virtualenv, please install it.
[2025-11-04T22:15:03.791-0300] {processor.py:840} INFO - DAG(s) 'example_python_decorator' retrieved from /Users/joaovitor/airflow_env/lib/python3.11/site-packages/airflow/example_dags/example_python_decorator.py
[2025-11-04T22:15:03.891-0300] {logging_mixin.py:188} INFO - [2025-11-04T22:15:03.891-0300] {dag.py:3089} INFO - Sync 1 DAGs
[2025-11-04T22:15:03.901-0300] {logging_mixin.py:188} INFO - [2025-11-04T22:15:03.900-0300] {dag.py:3947} INFO - Setting next_dagrun for example_python_decorator to None, run_after=None
[2025-11-04T22:15:03.920-0300] {processor.py:183} INFO - Processing /Users/joaovitor/airflow_env/lib/python3.11/site-packages/airflow/example_dags/example_python_decorator.py took 0.173 seconds
[2025-11-04T22:17:14.607-0300] {processor.py:161} INFO - Started process (PID=31760) to work on /Users/joaovitor/airflow_env/lib/python3.11/site-packages/airflow/example_dags/example_python_decorator.py
[2025-11-04T22:17:14.608-0300] {processor.py:830} INFO - Processing file /Users/joaovitor/airflow_env/lib/python3.11/site-packages/airflow/example_dags/example_python_decorator.py for tasks to queue
[2025-11-04T22:17:14.609-0300] {logging_mixin.py:188} INFO - [2025-11-04T22:17:14.608-0300] {dagbag.py:545} INFO - Filling up the DagBag from /Users/joaovitor/airflow_env/lib/python3.11/site-packages/airflow/example_dags/example_python_decorator.py
[2025-11-04T22:17:14.653-0300] {logging_mixin.py:188} INFO - [2025-11-04T22:17:14.649-0300] {example_python_decorator.py:80} WARNING - The virtalenv_python example task requires virtualenv, please install it.
[2025-11-04T22:17:14.655-0300] {processor.py:840} INFO - DAG(s) 'example_python_decorator' retrieved from /Users/joaovitor/airflow_env/lib/python3.11/site-packages/airflow/example_dags/example_python_decorator.py
[2025-11-04T22:17:14.768-0300] {logging_mixin.py:188} INFO - [2025-11-04T22:17:14.768-0300] {dag.py:3089} INFO - Sync 1 DAGs
[2025-11-04T22:17:14.778-0300] {logging_mixin.py:188} INFO - [2025-11-04T22:17:14.777-0300] {dag.py:3947} INFO - Setting next_dagrun for example_python_decorator to None, run_after=None
[2025-11-04T22:17:14.801-0300] {processor.py:183} INFO - Processing /Users/joaovitor/airflow_env/lib/python3.11/site-packages/airflow/example_dags/example_python_decorator.py took 0.197 seconds
[2025-11-04T22:19:16.111-0300] {processor.py:161} INFO - Started process (PID=31808) to work on /Users/joaovitor/airflow_env/lib/python3.11/site-packages/airflow/example_dags/example_python_decorator.py
[2025-11-04T22:19:16.114-0300] {processor.py:830} INFO - Processing file /Users/joaovitor/airflow_env/lib/python3.11/site-packages/airflow/example_dags/example_python_decorator.py for tasks to queue
[2025-11-04T22:19:16.115-0300] {logging_mixin.py:188} INFO - [2025-11-04T22:19:16.114-0300] {dagbag.py:545} INFO - Filling up the DagBag from /Users/joaovitor/airflow_env/lib/python3.11/site-packages/airflow/example_dags/example_python_decorator.py
[2025-11-04T22:19:16.165-0300] {logging_mixin.py:188} INFO - [2025-11-04T22:19:16.164-0300] {example_python_decorator.py:80} WARNING - The virtalenv_python example task requires virtualenv, please install it.
[2025-11-04T22:19:16.167-0300] {processor.py:840} INFO - DAG(s) 'example_python_decorator' retrieved from /Users/joaovitor/airflow_env/lib/python3.11/site-packages/airflow/example_dags/example_python_decorator.py
[2025-11-04T22:19:16.294-0300] {logging_mixin.py:188} INFO - [2025-11-04T22:19:16.294-0300] {dag.py:3089} INFO - Sync 1 DAGs
[2025-11-04T22:19:16.305-0300] {logging_mixin.py:188} INFO - [2025-11-04T22:19:16.304-0300] {dag.py:3947} INFO - Setting next_dagrun for example_python_decorator to None, run_after=None
[2025-11-04T22:19:16.326-0300] {processor.py:183} INFO - Processing /Users/joaovitor/airflow_env/lib/python3.11/site-packages/airflow/example_dags/example_python_decorator.py took 0.219 seconds
[2025-11-04T22:21:14.874-0300] {processor.py:161} INFO - Started process (PID=31875) to work on /Users/joaovitor/airflow_env/lib/python3.11/site-packages/airflow/example_dags/example_python_decorator.py
[2025-11-04T22:21:14.878-0300] {processor.py:830} INFO - Processing file /Users/joaovitor/airflow_env/lib/python3.11/site-packages/airflow/example_dags/example_python_decorator.py for tasks to queue
[2025-11-04T22:21:14.878-0300] {logging_mixin.py:188} INFO - [2025-11-04T22:21:14.878-0300] {dagbag.py:545} INFO - Filling up the DagBag from /Users/joaovitor/airflow_env/lib/python3.11/site-packages/airflow/example_dags/example_python_decorator.py
[2025-11-04T22:21:14.935-0300] {logging_mixin.py:188} INFO - [2025-11-04T22:21:14.934-0300] {example_python_decorator.py:80} WARNING - The virtalenv_python example task requires virtualenv, please install it.
[2025-11-04T22:21:14.937-0300] {processor.py:840} INFO - DAG(s) 'example_python_decorator' retrieved from /Users/joaovitor/airflow_env/lib/python3.11/site-packages/airflow/example_dags/example_python_decorator.py
[2025-11-04T22:21:15.067-0300] {logging_mixin.py:188} INFO - [2025-11-04T22:21:15.067-0300] {dag.py:3089} INFO - Sync 1 DAGs
[2025-11-04T22:21:15.078-0300] {logging_mixin.py:188} INFO - [2025-11-04T22:21:15.078-0300] {dag.py:3947} INFO - Setting next_dagrun for example_python_decorator to None, run_after=None
[2025-11-04T22:21:15.097-0300] {processor.py:183} INFO - Processing /Users/joaovitor/airflow_env/lib/python3.11/site-packages/airflow/example_dags/example_python_decorator.py took 0.226 seconds
[2025-11-04T22:23:22.828-0300] {processor.py:161} INFO - Started process (PID=31947) to work on /Users/joaovitor/airflow_env/lib/python3.11/site-packages/airflow/example_dags/example_python_decorator.py
[2025-11-04T22:23:22.829-0300] {processor.py:830} INFO - Processing file /Users/joaovitor/airflow_env/lib/python3.11/site-packages/airflow/example_dags/example_python_decorator.py for tasks to queue
[2025-11-04T22:23:22.830-0300] {logging_mixin.py:188} INFO - [2025-11-04T22:23:22.830-0300] {dagbag.py:545} INFO - Filling up the DagBag from /Users/joaovitor/airflow_env/lib/python3.11/site-packages/airflow/example_dags/example_python_decorator.py
[2025-11-04T22:23:22.876-0300] {logging_mixin.py:188} INFO - [2025-11-04T22:23:22.875-0300] {example_python_decorator.py:80} WARNING - The virtalenv_python example task requires virtualenv, please install it.
[2025-11-04T22:23:22.881-0300] {processor.py:840} INFO - DAG(s) 'example_python_decorator' retrieved from /Users/joaovitor/airflow_env/lib/python3.11/site-packages/airflow/example_dags/example_python_decorator.py
[2025-11-04T22:23:23.000-0300] {logging_mixin.py:188} INFO - [2025-11-04T22:23:23.000-0300] {dag.py:3089} INFO - Sync 1 DAGs
[2025-11-04T22:23:23.013-0300] {logging_mixin.py:188} INFO - [2025-11-04T22:23:23.013-0300] {dag.py:3947} INFO - Setting next_dagrun for example_python_decorator to None, run_after=None
[2025-11-04T22:23:23.041-0300] {processor.py:183} INFO - Processing /Users/joaovitor/airflow_env/lib/python3.11/site-packages/airflow/example_dags/example_python_decorator.py took 0.218 seconds
[2025-11-04T22:25:28.504-0300] {processor.py:161} INFO - Started process (PID=31988) to work on /Users/joaovitor/airflow_env/lib/python3.11/site-packages/airflow/example_dags/example_python_decorator.py
[2025-11-04T22:25:28.506-0300] {processor.py:830} INFO - Processing file /Users/joaovitor/airflow_env/lib/python3.11/site-packages/airflow/example_dags/example_python_decorator.py for tasks to queue
[2025-11-04T22:25:28.508-0300] {logging_mixin.py:188} INFO - [2025-11-04T22:25:28.507-0300] {dagbag.py:545} INFO - Filling up the DagBag from /Users/joaovitor/airflow_env/lib/python3.11/site-packages/airflow/example_dags/example_python_decorator.py
[2025-11-04T22:25:28.550-0300] {logging_mixin.py:188} INFO - [2025-11-04T22:25:28.550-0300] {example_python_decorator.py:80} WARNING - The virtalenv_python example task requires virtualenv, please install it.
[2025-11-04T22:25:28.553-0300] {processor.py:840} INFO - DAG(s) 'example_python_decorator' retrieved from /Users/joaovitor/airflow_env/lib/python3.11/site-packages/airflow/example_dags/example_python_decorator.py
[2025-11-04T22:25:28.671-0300] {logging_mixin.py:188} INFO - [2025-11-04T22:25:28.670-0300] {dag.py:3089} INFO - Sync 1 DAGs
[2025-11-04T22:25:28.681-0300] {logging_mixin.py:188} INFO - [2025-11-04T22:25:28.681-0300] {dag.py:3947} INFO - Setting next_dagrun for example_python_decorator to None, run_after=None
[2025-11-04T22:25:28.704-0300] {processor.py:183} INFO - Processing /Users/joaovitor/airflow_env/lib/python3.11/site-packages/airflow/example_dags/example_python_decorator.py took 0.203 seconds
[2025-11-04T22:27:34.824-0300] {processor.py:161} INFO - Started process (PID=32030) to work on /Users/joaovitor/airflow_env/lib/python3.11/site-packages/airflow/example_dags/example_python_decorator.py
[2025-11-04T22:27:34.826-0300] {processor.py:830} INFO - Processing file /Users/joaovitor/airflow_env/lib/python3.11/site-packages/airflow/example_dags/example_python_decorator.py for tasks to queue
[2025-11-04T22:27:34.826-0300] {logging_mixin.py:188} INFO - [2025-11-04T22:27:34.826-0300] {dagbag.py:545} INFO - Filling up the DagBag from /Users/joaovitor/airflow_env/lib/python3.11/site-packages/airflow/example_dags/example_python_decorator.py
[2025-11-04T22:27:34.873-0300] {logging_mixin.py:188} INFO - [2025-11-04T22:27:34.873-0300] {example_python_decorator.py:80} WARNING - The virtalenv_python example task requires virtualenv, please install it.
[2025-11-04T22:27:34.876-0300] {processor.py:840} INFO - DAG(s) 'example_python_decorator' retrieved from /Users/joaovitor/airflow_env/lib/python3.11/site-packages/airflow/example_dags/example_python_decorator.py
[2025-11-04T22:27:34.998-0300] {logging_mixin.py:188} INFO - [2025-11-04T22:27:34.998-0300] {dag.py:3089} INFO - Sync 1 DAGs
[2025-11-04T22:27:35.009-0300] {logging_mixin.py:188} INFO - [2025-11-04T22:27:35.008-0300] {dag.py:3947} INFO - Setting next_dagrun for example_python_decorator to None, run_after=None
[2025-11-04T22:27:35.030-0300] {processor.py:183} INFO - Processing /Users/joaovitor/airflow_env/lib/python3.11/site-packages/airflow/example_dags/example_python_decorator.py took 0.209 seconds
[2025-11-04T22:29:43.809-0300] {processor.py:161} INFO - Started process (PID=32072) to work on /Users/joaovitor/airflow_env/lib/python3.11/site-packages/airflow/example_dags/example_python_decorator.py
[2025-11-04T22:29:43.810-0300] {processor.py:830} INFO - Processing file /Users/joaovitor/airflow_env/lib/python3.11/site-packages/airflow/example_dags/example_python_decorator.py for tasks to queue
[2025-11-04T22:29:43.810-0300] {logging_mixin.py:188} INFO - [2025-11-04T22:29:43.810-0300] {dagbag.py:545} INFO - Filling up the DagBag from /Users/joaovitor/airflow_env/lib/python3.11/site-packages/airflow/example_dags/example_python_decorator.py
[2025-11-04T22:29:43.857-0300] {logging_mixin.py:188} INFO - [2025-11-04T22:29:43.856-0300] {example_python_decorator.py:80} WARNING - The virtalenv_python example task requires virtualenv, please install it.
[2025-11-04T22:29:43.859-0300] {processor.py:840} INFO - DAG(s) 'example_python_decorator' retrieved from /Users/joaovitor/airflow_env/lib/python3.11/site-packages/airflow/example_dags/example_python_decorator.py
[2025-11-04T22:29:43.982-0300] {logging_mixin.py:188} INFO - [2025-11-04T22:29:43.982-0300] {dag.py:3089} INFO - Sync 1 DAGs
[2025-11-04T22:29:43.992-0300] {logging_mixin.py:188} INFO - [2025-11-04T22:29:43.992-0300] {dag.py:3947} INFO - Setting next_dagrun for example_python_decorator to None, run_after=None
[2025-11-04T22:29:44.016-0300] {processor.py:183} INFO - Processing /Users/joaovitor/airflow_env/lib/python3.11/site-packages/airflow/example_dags/example_python_decorator.py took 0.210 seconds
[2025-11-04T22:32:16.725-0300] {processor.py:161} INFO - Started process (PID=32208) to work on /Users/joaovitor/airflow_env/lib/python3.11/site-packages/airflow/example_dags/example_python_decorator.py
[2025-11-04T22:32:16.727-0300] {processor.py:830} INFO - Processing file /Users/joaovitor/airflow_env/lib/python3.11/site-packages/airflow/example_dags/example_python_decorator.py for tasks to queue
[2025-11-04T22:32:16.729-0300] {logging_mixin.py:188} INFO - [2025-11-04T22:32:16.728-0300] {dagbag.py:545} INFO - Filling up the DagBag from /Users/joaovitor/airflow_env/lib/python3.11/site-packages/airflow/example_dags/example_python_decorator.py
[2025-11-04T22:32:16.801-0300] {logging_mixin.py:188} INFO - [2025-11-04T22:32:16.800-0300] {example_python_decorator.py:80} WARNING - The virtalenv_python example task requires virtualenv, please install it.
[2025-11-04T22:32:16.807-0300] {processor.py:840} INFO - DAG(s) 'example_python_decorator' retrieved from /Users/joaovitor/airflow_env/lib/python3.11/site-packages/airflow/example_dags/example_python_decorator.py
[2025-11-04T22:32:17.045-0300] {logging_mixin.py:188} INFO - [2025-11-04T22:32:17.044-0300] {dag.py:3089} INFO - Sync 1 DAGs
[2025-11-04T22:32:17.063-0300] {logging_mixin.py:188} INFO - [2025-11-04T22:32:17.063-0300] {dag.py:3947} INFO - Setting next_dagrun for example_python_decorator to None, run_after=None
[2025-11-04T22:32:17.097-0300] {processor.py:183} INFO - Processing /Users/joaovitor/airflow_env/lib/python3.11/site-packages/airflow/example_dags/example_python_decorator.py took 0.378 seconds
[2025-11-04T22:34:56.327-0300] {processor.py:161} INFO - Started process (PID=32344) to work on /Users/joaovitor/airflow_env/lib/python3.11/site-packages/airflow/example_dags/example_python_decorator.py
[2025-11-04T22:34:56.329-0300] {processor.py:830} INFO - Processing file /Users/joaovitor/airflow_env/lib/python3.11/site-packages/airflow/example_dags/example_python_decorator.py for tasks to queue
[2025-11-04T22:34:56.330-0300] {logging_mixin.py:188} INFO - [2025-11-04T22:34:56.330-0300] {dagbag.py:545} INFO - Filling up the DagBag from /Users/joaovitor/airflow_env/lib/python3.11/site-packages/airflow/example_dags/example_python_decorator.py
[2025-11-04T22:34:56.374-0300] {logging_mixin.py:188} INFO - [2025-11-04T22:34:56.374-0300] {example_python_decorator.py:80} WARNING - The virtalenv_python example task requires virtualenv, please install it.
[2025-11-04T22:34:56.378-0300] {processor.py:840} INFO - DAG(s) 'example_python_decorator' retrieved from /Users/joaovitor/airflow_env/lib/python3.11/site-packages/airflow/example_dags/example_python_decorator.py
[2025-11-04T22:34:56.504-0300] {logging_mixin.py:188} INFO - [2025-11-04T22:34:56.504-0300] {dag.py:3089} INFO - Sync 1 DAGs
[2025-11-04T22:34:56.516-0300] {logging_mixin.py:188} INFO - [2025-11-04T22:34:56.515-0300] {dag.py:3947} INFO - Setting next_dagrun for example_python_decorator to None, run_after=None
[2025-11-04T22:34:56.538-0300] {processor.py:183} INFO - Processing /Users/joaovitor/airflow_env/lib/python3.11/site-packages/airflow/example_dags/example_python_decorator.py took 0.215 seconds
[2025-11-04T22:37:03.127-0300] {processor.py:161} INFO - Started process (PID=32561) to work on /Users/joaovitor/airflow_env/lib/python3.11/site-packages/airflow/example_dags/example_python_decorator.py
[2025-11-04T22:37:03.129-0300] {processor.py:830} INFO - Processing file /Users/joaovitor/airflow_env/lib/python3.11/site-packages/airflow/example_dags/example_python_decorator.py for tasks to queue
[2025-11-04T22:37:03.131-0300] {logging_mixin.py:188} INFO - [2025-11-04T22:37:03.130-0300] {dagbag.py:545} INFO - Filling up the DagBag from /Users/joaovitor/airflow_env/lib/python3.11/site-packages/airflow/example_dags/example_python_decorator.py
[2025-11-04T22:37:03.173-0300] {logging_mixin.py:188} INFO - [2025-11-04T22:37:03.173-0300] {example_python_decorator.py:80} WARNING - The virtalenv_python example task requires virtualenv, please install it.
[2025-11-04T22:37:03.176-0300] {processor.py:840} INFO - DAG(s) 'example_python_decorator' retrieved from /Users/joaovitor/airflow_env/lib/python3.11/site-packages/airflow/example_dags/example_python_decorator.py
[2025-11-04T22:37:03.290-0300] {logging_mixin.py:188} INFO - [2025-11-04T22:37:03.290-0300] {dag.py:3089} INFO - Sync 1 DAGs
[2025-11-04T22:37:03.300-0300] {logging_mixin.py:188} INFO - [2025-11-04T22:37:03.300-0300] {dag.py:3947} INFO - Setting next_dagrun for example_python_decorator to None, run_after=None
[2025-11-04T22:37:03.321-0300] {processor.py:183} INFO - Processing /Users/joaovitor/airflow_env/lib/python3.11/site-packages/airflow/example_dags/example_python_decorator.py took 0.197 seconds
[2025-11-04T22:39:31.166-0300] {processor.py:161} INFO - Started process (PID=32675) to work on /Users/joaovitor/airflow_env/lib/python3.11/site-packages/airflow/example_dags/example_python_decorator.py
[2025-11-04T22:39:31.169-0300] {processor.py:830} INFO - Processing file /Users/joaovitor/airflow_env/lib/python3.11/site-packages/airflow/example_dags/example_python_decorator.py for tasks to queue
[2025-11-04T22:39:31.170-0300] {logging_mixin.py:188} INFO - [2025-11-04T22:39:31.170-0300] {dagbag.py:545} INFO - Filling up the DagBag from /Users/joaovitor/airflow_env/lib/python3.11/site-packages/airflow/example_dags/example_python_decorator.py
[2025-11-04T22:39:31.215-0300] {logging_mixin.py:188} INFO - [2025-11-04T22:39:31.215-0300] {example_python_decorator.py:80} WARNING - The virtalenv_python example task requires virtualenv, please install it.
[2025-11-04T22:39:31.217-0300] {processor.py:840} INFO - DAG(s) 'example_python_decorator' retrieved from /Users/joaovitor/airflow_env/lib/python3.11/site-packages/airflow/example_dags/example_python_decorator.py
[2025-11-04T22:39:31.450-0300] {logging_mixin.py:188} INFO - [2025-11-04T22:39:31.450-0300] {dag.py:3089} INFO - Sync 1 DAGs
[2025-11-04T22:39:31.522-0300] {logging_mixin.py:188} INFO - [2025-11-04T22:39:31.522-0300] {dag.py:3947} INFO - Setting next_dagrun for example_python_decorator to None, run_after=None
[2025-11-04T22:39:31.548-0300] {processor.py:183} INFO - Processing /Users/joaovitor/airflow_env/lib/python3.11/site-packages/airflow/example_dags/example_python_decorator.py took 0.386 seconds
[2025-11-04T22:42:00.047-0300] {processor.py:161} INFO - Started process (PID=32735) to work on /Users/joaovitor/airflow_env/lib/python3.11/site-packages/airflow/example_dags/example_python_decorator.py
[2025-11-04T22:42:00.049-0300] {processor.py:830} INFO - Processing file /Users/joaovitor/airflow_env/lib/python3.11/site-packages/airflow/example_dags/example_python_decorator.py for tasks to queue
[2025-11-04T22:42:00.050-0300] {logging_mixin.py:188} INFO - [2025-11-04T22:42:00.050-0300] {dagbag.py:545} INFO - Filling up the DagBag from /Users/joaovitor/airflow_env/lib/python3.11/site-packages/airflow/example_dags/example_python_decorator.py
[2025-11-04T22:42:00.093-0300] {logging_mixin.py:188} INFO - [2025-11-04T22:42:00.093-0300] {example_python_decorator.py:80} WARNING - The virtalenv_python example task requires virtualenv, please install it.
[2025-11-04T22:42:00.095-0300] {processor.py:840} INFO - DAG(s) 'example_python_decorator' retrieved from /Users/joaovitor/airflow_env/lib/python3.11/site-packages/airflow/example_dags/example_python_decorator.py
[2025-11-04T22:42:00.203-0300] {logging_mixin.py:188} INFO - [2025-11-04T22:42:00.203-0300] {dag.py:3089} INFO - Sync 1 DAGs
[2025-11-04T22:42:00.213-0300] {logging_mixin.py:188} INFO - [2025-11-04T22:42:00.212-0300] {dag.py:3947} INFO - Setting next_dagrun for example_python_decorator to None, run_after=None
[2025-11-04T22:42:00.236-0300] {processor.py:183} INFO - Processing /Users/joaovitor/airflow_env/lib/python3.11/site-packages/airflow/example_dags/example_python_decorator.py took 0.191 seconds
[2025-11-04T22:44:14.536-0300] {processor.py:161} INFO - Started process (PID=32787) to work on /Users/joaovitor/airflow_env/lib/python3.11/site-packages/airflow/example_dags/example_python_decorator.py
[2025-11-04T22:44:14.537-0300] {processor.py:830} INFO - Processing file /Users/joaovitor/airflow_env/lib/python3.11/site-packages/airflow/example_dags/example_python_decorator.py for tasks to queue
[2025-11-04T22:44:14.538-0300] {logging_mixin.py:188} INFO - [2025-11-04T22:44:14.538-0300] {dagbag.py:545} INFO - Filling up the DagBag from /Users/joaovitor/airflow_env/lib/python3.11/site-packages/airflow/example_dags/example_python_decorator.py
[2025-11-04T22:44:14.586-0300] {logging_mixin.py:188} INFO - [2025-11-04T22:44:14.585-0300] {example_python_decorator.py:80} WARNING - The virtalenv_python example task requires virtualenv, please install it.
[2025-11-04T22:44:14.588-0300] {processor.py:840} INFO - DAG(s) 'example_python_decorator' retrieved from /Users/joaovitor/airflow_env/lib/python3.11/site-packages/airflow/example_dags/example_python_decorator.py
[2025-11-04T22:44:14.715-0300] {logging_mixin.py:188} INFO - [2025-11-04T22:44:14.714-0300] {dag.py:3089} INFO - Sync 1 DAGs
[2025-11-04T22:44:14.726-0300] {logging_mixin.py:188} INFO - [2025-11-04T22:44:14.726-0300] {dag.py:3947} INFO - Setting next_dagrun for example_python_decorator to None, run_after=None
[2025-11-04T22:44:14.755-0300] {processor.py:183} INFO - Processing /Users/joaovitor/airflow_env/lib/python3.11/site-packages/airflow/example_dags/example_python_decorator.py took 0.224 seconds
[2025-11-04T22:46:32.281-0300] {processor.py:161} INFO - Started process (PID=32832) to work on /Users/joaovitor/airflow_env/lib/python3.11/site-packages/airflow/example_dags/example_python_decorator.py
[2025-11-04T22:46:32.282-0300] {processor.py:830} INFO - Processing file /Users/joaovitor/airflow_env/lib/python3.11/site-packages/airflow/example_dags/example_python_decorator.py for tasks to queue
[2025-11-04T22:46:32.283-0300] {logging_mixin.py:188} INFO - [2025-11-04T22:46:32.283-0300] {dagbag.py:545} INFO - Filling up the DagBag from /Users/joaovitor/airflow_env/lib/python3.11/site-packages/airflow/example_dags/example_python_decorator.py
[2025-11-04T22:46:32.323-0300] {logging_mixin.py:188} INFO - [2025-11-04T22:46:32.323-0300] {example_python_decorator.py:80} WARNING - The virtalenv_python example task requires virtualenv, please install it.
[2025-11-04T22:46:32.325-0300] {processor.py:840} INFO - DAG(s) 'example_python_decorator' retrieved from /Users/joaovitor/airflow_env/lib/python3.11/site-packages/airflow/example_dags/example_python_decorator.py
[2025-11-04T22:46:32.450-0300] {logging_mixin.py:188} INFO - [2025-11-04T22:46:32.449-0300] {dag.py:3089} INFO - Sync 1 DAGs
[2025-11-04T22:46:32.460-0300] {logging_mixin.py:188} INFO - [2025-11-04T22:46:32.459-0300] {dag.py:3947} INFO - Setting next_dagrun for example_python_decorator to None, run_after=None
[2025-11-04T22:46:32.484-0300] {processor.py:183} INFO - Processing /Users/joaovitor/airflow_env/lib/python3.11/site-packages/airflow/example_dags/example_python_decorator.py took 0.207 seconds
[2025-11-04T22:48:44.122-0300] {processor.py:161} INFO - Started process (PID=32900) to work on /Users/joaovitor/airflow_env/lib/python3.11/site-packages/airflow/example_dags/example_python_decorator.py
[2025-11-04T22:48:44.124-0300] {processor.py:830} INFO - Processing file /Users/joaovitor/airflow_env/lib/python3.11/site-packages/airflow/example_dags/example_python_decorator.py for tasks to queue
[2025-11-04T22:48:44.125-0300] {logging_mixin.py:188} INFO - [2025-11-04T22:48:44.125-0300] {dagbag.py:545} INFO - Filling up the DagBag from /Users/joaovitor/airflow_env/lib/python3.11/site-packages/airflow/example_dags/example_python_decorator.py
[2025-11-04T22:48:44.163-0300] {logging_mixin.py:188} INFO - [2025-11-04T22:48:44.163-0300] {example_python_decorator.py:80} WARNING - The virtalenv_python example task requires virtualenv, please install it.
[2025-11-04T22:48:44.166-0300] {processor.py:840} INFO - DAG(s) 'example_python_decorator' retrieved from /Users/joaovitor/airflow_env/lib/python3.11/site-packages/airflow/example_dags/example_python_decorator.py
[2025-11-04T22:48:44.268-0300] {logging_mixin.py:188} INFO - [2025-11-04T22:48:44.268-0300] {dag.py:3089} INFO - Sync 1 DAGs
[2025-11-04T22:48:44.278-0300] {logging_mixin.py:188} INFO - [2025-11-04T22:48:44.278-0300] {dag.py:3947} INFO - Setting next_dagrun for example_python_decorator to None, run_after=None
[2025-11-04T22:48:44.299-0300] {processor.py:183} INFO - Processing /Users/joaovitor/airflow_env/lib/python3.11/site-packages/airflow/example_dags/example_python_decorator.py took 0.180 seconds
[2025-11-04T22:50:56.311-0300] {processor.py:161} INFO - Started process (PID=32957) to work on /Users/joaovitor/airflow_env/lib/python3.11/site-packages/airflow/example_dags/example_python_decorator.py
[2025-11-04T22:50:56.313-0300] {processor.py:830} INFO - Processing file /Users/joaovitor/airflow_env/lib/python3.11/site-packages/airflow/example_dags/example_python_decorator.py for tasks to queue
[2025-11-04T22:50:56.314-0300] {logging_mixin.py:188} INFO - [2025-11-04T22:50:56.314-0300] {dagbag.py:545} INFO - Filling up the DagBag from /Users/joaovitor/airflow_env/lib/python3.11/site-packages/airflow/example_dags/example_python_decorator.py
[2025-11-04T22:50:56.356-0300] {logging_mixin.py:188} INFO - [2025-11-04T22:50:56.356-0300] {example_python_decorator.py:80} WARNING - The virtalenv_python example task requires virtualenv, please install it.
[2025-11-04T22:50:56.359-0300] {processor.py:840} INFO - DAG(s) 'example_python_decorator' retrieved from /Users/joaovitor/airflow_env/lib/python3.11/site-packages/airflow/example_dags/example_python_decorator.py
[2025-11-04T22:50:56.477-0300] {logging_mixin.py:188} INFO - [2025-11-04T22:50:56.476-0300] {dag.py:3089} INFO - Sync 1 DAGs
[2025-11-04T22:50:56.486-0300] {logging_mixin.py:188} INFO - [2025-11-04T22:50:56.486-0300] {dag.py:3947} INFO - Setting next_dagrun for example_python_decorator to None, run_after=None
[2025-11-04T22:50:56.515-0300] {processor.py:183} INFO - Processing /Users/joaovitor/airflow_env/lib/python3.11/site-packages/airflow/example_dags/example_python_decorator.py took 0.207 seconds
[2025-11-04T22:53:19.580-0300] {processor.py:161} INFO - Started process (PID=33013) to work on /Users/joaovitor/airflow_env/lib/python3.11/site-packages/airflow/example_dags/example_python_decorator.py
[2025-11-04T22:53:19.583-0300] {processor.py:830} INFO - Processing file /Users/joaovitor/airflow_env/lib/python3.11/site-packages/airflow/example_dags/example_python_decorator.py for tasks to queue
[2025-11-04T22:53:19.584-0300] {logging_mixin.py:188} INFO - [2025-11-04T22:53:19.584-0300] {dagbag.py:545} INFO - Filling up the DagBag from /Users/joaovitor/airflow_env/lib/python3.11/site-packages/airflow/example_dags/example_python_decorator.py
[2025-11-04T22:53:19.643-0300] {logging_mixin.py:188} INFO - [2025-11-04T22:53:19.643-0300] {example_python_decorator.py:80} WARNING - The virtalenv_python example task requires virtualenv, please install it.
[2025-11-04T22:53:19.646-0300] {processor.py:840} INFO - DAG(s) 'example_python_decorator' retrieved from /Users/joaovitor/airflow_env/lib/python3.11/site-packages/airflow/example_dags/example_python_decorator.py
[2025-11-04T22:53:19.809-0300] {logging_mixin.py:188} INFO - [2025-11-04T22:53:19.808-0300] {dag.py:3089} INFO - Sync 1 DAGs
[2025-11-04T22:53:19.818-0300] {logging_mixin.py:188} INFO - [2025-11-04T22:53:19.818-0300] {dag.py:3947} INFO - Setting next_dagrun for example_python_decorator to None, run_after=None
[2025-11-04T22:53:19.847-0300] {processor.py:183} INFO - Processing /Users/joaovitor/airflow_env/lib/python3.11/site-packages/airflow/example_dags/example_python_decorator.py took 0.270 seconds
[2025-11-04T22:55:37.877-0300] {processor.py:161} INFO - Started process (PID=33056) to work on /Users/joaovitor/airflow_env/lib/python3.11/site-packages/airflow/example_dags/example_python_decorator.py
[2025-11-04T22:55:37.878-0300] {processor.py:830} INFO - Processing file /Users/joaovitor/airflow_env/lib/python3.11/site-packages/airflow/example_dags/example_python_decorator.py for tasks to queue
[2025-11-04T22:55:37.879-0300] {logging_mixin.py:188} INFO - [2025-11-04T22:55:37.879-0300] {dagbag.py:545} INFO - Filling up the DagBag from /Users/joaovitor/airflow_env/lib/python3.11/site-packages/airflow/example_dags/example_python_decorator.py
[2025-11-04T22:55:37.923-0300] {logging_mixin.py:188} INFO - [2025-11-04T22:55:37.923-0300] {example_python_decorator.py:80} WARNING - The virtalenv_python example task requires virtualenv, please install it.
[2025-11-04T22:55:37.925-0300] {processor.py:840} INFO - DAG(s) 'example_python_decorator' retrieved from /Users/joaovitor/airflow_env/lib/python3.11/site-packages/airflow/example_dags/example_python_decorator.py
[2025-11-04T22:55:38.044-0300] {logging_mixin.py:188} INFO - [2025-11-04T22:55:38.044-0300] {dag.py:3089} INFO - Sync 1 DAGs
[2025-11-04T22:55:38.056-0300] {logging_mixin.py:188} INFO - [2025-11-04T22:55:38.055-0300] {dag.py:3947} INFO - Setting next_dagrun for example_python_decorator to None, run_after=None
[2025-11-04T22:55:38.080-0300] {processor.py:183} INFO - Processing /Users/joaovitor/airflow_env/lib/python3.11/site-packages/airflow/example_dags/example_python_decorator.py took 0.205 seconds
[2025-11-04T22:57:51.464-0300] {processor.py:161} INFO - Started process (PID=33099) to work on /Users/joaovitor/airflow_env/lib/python3.11/site-packages/airflow/example_dags/example_python_decorator.py
[2025-11-04T22:57:51.465-0300] {processor.py:830} INFO - Processing file /Users/joaovitor/airflow_env/lib/python3.11/site-packages/airflow/example_dags/example_python_decorator.py for tasks to queue
[2025-11-04T22:57:51.465-0300] {logging_mixin.py:188} INFO - [2025-11-04T22:57:51.465-0300] {dagbag.py:545} INFO - Filling up the DagBag from /Users/joaovitor/airflow_env/lib/python3.11/site-packages/airflow/example_dags/example_python_decorator.py
[2025-11-04T22:57:51.511-0300] {logging_mixin.py:188} INFO - [2025-11-04T22:57:51.510-0300] {example_python_decorator.py:80} WARNING - The virtalenv_python example task requires virtualenv, please install it.
[2025-11-04T22:57:51.514-0300] {processor.py:840} INFO - DAG(s) 'example_python_decorator' retrieved from /Users/joaovitor/airflow_env/lib/python3.11/site-packages/airflow/example_dags/example_python_decorator.py
[2025-11-04T22:57:51.633-0300] {logging_mixin.py:188} INFO - [2025-11-04T22:57:51.633-0300] {dag.py:3089} INFO - Sync 1 DAGs
[2025-11-04T22:57:51.643-0300] {logging_mixin.py:188} INFO - [2025-11-04T22:57:51.642-0300] {dag.py:3947} INFO - Setting next_dagrun for example_python_decorator to None, run_after=None
[2025-11-04T22:57:51.667-0300] {processor.py:183} INFO - Processing /Users/joaovitor/airflow_env/lib/python3.11/site-packages/airflow/example_dags/example_python_decorator.py took 0.207 seconds
[2025-11-04T23:00:12.412-0300] {processor.py:161} INFO - Started process (PID=33146) to work on /Users/joaovitor/airflow_env/lib/python3.11/site-packages/airflow/example_dags/example_python_decorator.py
[2025-11-04T23:00:12.414-0300] {processor.py:830} INFO - Processing file /Users/joaovitor/airflow_env/lib/python3.11/site-packages/airflow/example_dags/example_python_decorator.py for tasks to queue
[2025-11-04T23:00:12.415-0300] {logging_mixin.py:188} INFO - [2025-11-04T23:00:12.415-0300] {dagbag.py:545} INFO - Filling up the DagBag from /Users/joaovitor/airflow_env/lib/python3.11/site-packages/airflow/example_dags/example_python_decorator.py
[2025-11-04T23:00:12.524-0300] {logging_mixin.py:188} INFO - [2025-11-04T23:00:12.524-0300] {example_python_decorator.py:80} WARNING - The virtalenv_python example task requires virtualenv, please install it.
[2025-11-04T23:00:12.527-0300] {processor.py:840} INFO - DAG(s) 'example_python_decorator' retrieved from /Users/joaovitor/airflow_env/lib/python3.11/site-packages/airflow/example_dags/example_python_decorator.py
[2025-11-04T23:00:12.681-0300] {logging_mixin.py:188} INFO - [2025-11-04T23:00:12.678-0300] {dag.py:3089} INFO - Sync 1 DAGs
[2025-11-04T23:00:12.698-0300] {logging_mixin.py:188} INFO - [2025-11-04T23:00:12.697-0300] {dag.py:3947} INFO - Setting next_dagrun for example_python_decorator to None, run_after=None
[2025-11-04T23:00:12.721-0300] {processor.py:183} INFO - Processing /Users/joaovitor/airflow_env/lib/python3.11/site-packages/airflow/example_dags/example_python_decorator.py took 0.315 seconds
[2025-11-04T23:02:29.049-0300] {processor.py:161} INFO - Started process (PID=33190) to work on /Users/joaovitor/airflow_env/lib/python3.11/site-packages/airflow/example_dags/example_python_decorator.py
[2025-11-04T23:02:29.051-0300] {processor.py:830} INFO - Processing file /Users/joaovitor/airflow_env/lib/python3.11/site-packages/airflow/example_dags/example_python_decorator.py for tasks to queue
[2025-11-04T23:02:29.052-0300] {logging_mixin.py:188} INFO - [2025-11-04T23:02:29.051-0300] {dagbag.py:545} INFO - Filling up the DagBag from /Users/joaovitor/airflow_env/lib/python3.11/site-packages/airflow/example_dags/example_python_decorator.py
[2025-11-04T23:02:29.113-0300] {logging_mixin.py:188} INFO - [2025-11-04T23:02:29.113-0300] {example_python_decorator.py:80} WARNING - The virtalenv_python example task requires virtualenv, please install it.
[2025-11-04T23:02:29.116-0300] {processor.py:840} INFO - DAG(s) 'example_python_decorator' retrieved from /Users/joaovitor/airflow_env/lib/python3.11/site-packages/airflow/example_dags/example_python_decorator.py
[2025-11-04T23:02:29.237-0300] {logging_mixin.py:188} INFO - [2025-11-04T23:02:29.237-0300] {dag.py:3089} INFO - Sync 1 DAGs
[2025-11-04T23:02:29.249-0300] {logging_mixin.py:188} INFO - [2025-11-04T23:02:29.248-0300] {dag.py:3947} INFO - Setting next_dagrun for example_python_decorator to None, run_after=None
[2025-11-04T23:02:29.272-0300] {processor.py:183} INFO - Processing /Users/joaovitor/airflow_env/lib/python3.11/site-packages/airflow/example_dags/example_python_decorator.py took 0.226 seconds
[2025-11-04T23:04:48.115-0300] {processor.py:161} INFO - Started process (PID=33268) to work on /Users/joaovitor/airflow_env/lib/python3.11/site-packages/airflow/example_dags/example_python_decorator.py
[2025-11-04T23:04:48.117-0300] {processor.py:830} INFO - Processing file /Users/joaovitor/airflow_env/lib/python3.11/site-packages/airflow/example_dags/example_python_decorator.py for tasks to queue
[2025-11-04T23:04:48.122-0300] {logging_mixin.py:188} INFO - [2025-11-04T23:04:48.122-0300] {dagbag.py:545} INFO - Filling up the DagBag from /Users/joaovitor/airflow_env/lib/python3.11/site-packages/airflow/example_dags/example_python_decorator.py
[2025-11-04T23:04:48.187-0300] {logging_mixin.py:188} INFO - [2025-11-04T23:04:48.187-0300] {example_python_decorator.py:80} WARNING - The virtalenv_python example task requires virtualenv, please install it.
[2025-11-04T23:04:48.193-0300] {processor.py:840} INFO - DAG(s) 'example_python_decorator' retrieved from /Users/joaovitor/airflow_env/lib/python3.11/site-packages/airflow/example_dags/example_python_decorator.py
[2025-11-04T23:04:48.448-0300] {logging_mixin.py:188} INFO - [2025-11-04T23:04:48.447-0300] {dag.py:3089} INFO - Sync 1 DAGs
[2025-11-04T23:04:48.463-0300] {logging_mixin.py:188} INFO - [2025-11-04T23:04:48.463-0300] {dag.py:3947} INFO - Setting next_dagrun for example_python_decorator to None, run_after=None
[2025-11-04T23:04:48.490-0300] {processor.py:183} INFO - Processing /Users/joaovitor/airflow_env/lib/python3.11/site-packages/airflow/example_dags/example_python_decorator.py took 0.378 seconds
