[2025-11-04T21:47:12.155-0300] {processor.py:161} INFO - Started process (PID=31089) to work on /Users/joaovitor/airflow_env/lib/python3.11/site-packages/airflow/example_dags/example_params_trigger_ui.py
[2025-11-04T21:47:12.157-0300] {processor.py:830} INFO - Processing file /Users/joaovitor/airflow_env/lib/python3.11/site-packages/airflow/example_dags/example_params_trigger_ui.py for tasks to queue
[2025-11-04T21:47:12.157-0300] {logging_mixin.py:188} INFO - [2025-11-04T21:47:12.157-0300] {dagbag.py:545} INFO - Filling up the DagBag from /Users/joaovitor/airflow_env/lib/python3.11/site-packages/airflow/example_dags/example_params_trigger_ui.py
[2025-11-04T21:47:12.211-0300] {processor.py:840} INFO - DAG(s) 'example_params_trigger_ui' retrieved from /Users/joaovitor/airflow_env/lib/python3.11/site-packages/airflow/example_dags/example_params_trigger_ui.py
[2025-11-04T21:47:12.495-0300] {logging_mixin.py:188} INFO - [2025-11-04T21:47:12.494-0300] {override.py:1858} INFO - Created Permission View: can edit on DAG:example_params_trigger_ui
[2025-11-04T21:47:12.511-0300] {logging_mixin.py:188} INFO - [2025-11-04T21:47:12.511-0300] {override.py:1858} INFO - Created Permission View: can read on DAG:example_params_trigger_ui
[2025-11-04T21:47:12.522-0300] {logging_mixin.py:188} INFO - [2025-11-04T21:47:12.522-0300] {override.py:1858} INFO - Created Permission View: can delete on DAG:example_params_trigger_ui
[2025-11-04T21:47:12.523-0300] {logging_mixin.py:188} INFO - [2025-11-04T21:47:12.522-0300] {dag.py:3089} INFO - Sync 1 DAGs
[2025-11-04T21:47:12.598-0300] {logging_mixin.py:188} INFO - [2025-11-04T21:47:12.597-0300] {dag.py:3111} INFO - Creating ORM DAG for example_params_trigger_ui
[2025-11-04T21:47:12.598-0300] {logging_mixin.py:188} INFO - [2025-11-04T21:47:12.598-0300] {dag.py:3947} INFO - Setting next_dagrun for example_params_trigger_ui to None, run_after=None
[2025-11-04T21:47:12.624-0300] {processor.py:183} INFO - Processing /Users/joaovitor/airflow_env/lib/python3.11/site-packages/airflow/example_dags/example_params_trigger_ui.py took 0.473 seconds
[2025-11-04T21:50:15.392-0300] {processor.py:161} INFO - Started process (PID=31199) to work on /Users/joaovitor/airflow_env/lib/python3.11/site-packages/airflow/example_dags/example_params_trigger_ui.py
[2025-11-04T21:50:15.394-0300] {processor.py:830} INFO - Processing file /Users/joaovitor/airflow_env/lib/python3.11/site-packages/airflow/example_dags/example_params_trigger_ui.py for tasks to queue
[2025-11-04T21:50:15.395-0300] {logging_mixin.py:188} INFO - [2025-11-04T21:50:15.395-0300] {dagbag.py:545} INFO - Filling up the DagBag from /Users/joaovitor/airflow_env/lib/python3.11/site-packages/airflow/example_dags/example_params_trigger_ui.py
[2025-11-04T21:50:15.455-0300] {processor.py:840} INFO - DAG(s) 'example_params_trigger_ui' retrieved from /Users/joaovitor/airflow_env/lib/python3.11/site-packages/airflow/example_dags/example_params_trigger_ui.py
[2025-11-04T21:50:15.655-0300] {logging_mixin.py:188} INFO - [2025-11-04T21:50:15.650-0300] {dag.py:3089} INFO - Sync 1 DAGs
[2025-11-04T21:50:15.670-0300] {logging_mixin.py:188} INFO - [2025-11-04T21:50:15.667-0300] {dag.py:3947} INFO - Setting next_dagrun for example_params_trigger_ui to None, run_after=None
[2025-11-04T21:50:15.699-0300] {processor.py:183} INFO - Processing /Users/joaovitor/airflow_env/lib/python3.11/site-packages/airflow/example_dags/example_params_trigger_ui.py took 0.310 seconds
[2025-11-04T21:52:22.007-0300] {processor.py:161} INFO - Started process (PID=31242) to work on /Users/joaovitor/airflow_env/lib/python3.11/site-packages/airflow/example_dags/example_params_trigger_ui.py
[2025-11-04T21:52:22.010-0300] {processor.py:830} INFO - Processing file /Users/joaovitor/airflow_env/lib/python3.11/site-packages/airflow/example_dags/example_params_trigger_ui.py for tasks to queue
[2025-11-04T21:52:22.010-0300] {logging_mixin.py:188} INFO - [2025-11-04T21:52:22.010-0300] {dagbag.py:545} INFO - Filling up the DagBag from /Users/joaovitor/airflow_env/lib/python3.11/site-packages/airflow/example_dags/example_params_trigger_ui.py
[2025-11-04T21:52:22.049-0300] {processor.py:840} INFO - DAG(s) 'example_params_trigger_ui' retrieved from /Users/joaovitor/airflow_env/lib/python3.11/site-packages/airflow/example_dags/example_params_trigger_ui.py
[2025-11-04T21:52:22.181-0300] {logging_mixin.py:188} INFO - [2025-11-04T21:52:22.181-0300] {dag.py:3089} INFO - Sync 1 DAGs
[2025-11-04T21:52:22.191-0300] {logging_mixin.py:188} INFO - [2025-11-04T21:52:22.190-0300] {dag.py:3947} INFO - Setting next_dagrun for example_params_trigger_ui to None, run_after=None
[2025-11-04T21:52:22.211-0300] {processor.py:183} INFO - Processing /Users/joaovitor/airflow_env/lib/python3.11/site-packages/airflow/example_dags/example_params_trigger_ui.py took 0.207 seconds
[2025-11-04T21:56:07.259-0300] {processor.py:161} INFO - Started process (PID=31325) to work on /Users/joaovitor/airflow_env/lib/python3.11/site-packages/airflow/example_dags/example_params_trigger_ui.py
[2025-11-04T21:56:07.260-0300] {processor.py:830} INFO - Processing file /Users/joaovitor/airflow_env/lib/python3.11/site-packages/airflow/example_dags/example_params_trigger_ui.py for tasks to queue
[2025-11-04T21:56:07.260-0300] {logging_mixin.py:188} INFO - [2025-11-04T21:56:07.260-0300] {dagbag.py:545} INFO - Filling up the DagBag from /Users/joaovitor/airflow_env/lib/python3.11/site-packages/airflow/example_dags/example_params_trigger_ui.py
[2025-11-04T21:56:07.299-0300] {processor.py:840} INFO - DAG(s) 'example_params_trigger_ui' retrieved from /Users/joaovitor/airflow_env/lib/python3.11/site-packages/airflow/example_dags/example_params_trigger_ui.py
[2025-11-04T21:56:07.432-0300] {logging_mixin.py:188} INFO - [2025-11-04T21:56:07.432-0300] {dag.py:3089} INFO - Sync 1 DAGs
[2025-11-04T21:56:07.442-0300] {logging_mixin.py:188} INFO - [2025-11-04T21:56:07.441-0300] {dag.py:3947} INFO - Setting next_dagrun for example_params_trigger_ui to None, run_after=None
[2025-11-04T21:56:07.462-0300] {processor.py:183} INFO - Processing /Users/joaovitor/airflow_env/lib/python3.11/site-packages/airflow/example_dags/example_params_trigger_ui.py took 0.205 seconds
[2025-11-04T21:59:51.122-0300] {processor.py:161} INFO - Started process (PID=31404) to work on /Users/joaovitor/airflow_env/lib/python3.11/site-packages/airflow/example_dags/example_params_trigger_ui.py
[2025-11-04T21:59:51.123-0300] {processor.py:830} INFO - Processing file /Users/joaovitor/airflow_env/lib/python3.11/site-packages/airflow/example_dags/example_params_trigger_ui.py for tasks to queue
[2025-11-04T21:59:51.123-0300] {logging_mixin.py:188} INFO - [2025-11-04T21:59:51.123-0300] {dagbag.py:545} INFO - Filling up the DagBag from /Users/joaovitor/airflow_env/lib/python3.11/site-packages/airflow/example_dags/example_params_trigger_ui.py
[2025-11-04T21:59:51.162-0300] {processor.py:840} INFO - DAG(s) 'example_params_trigger_ui' retrieved from /Users/joaovitor/airflow_env/lib/python3.11/site-packages/airflow/example_dags/example_params_trigger_ui.py
[2025-11-04T21:59:51.294-0300] {logging_mixin.py:188} INFO - [2025-11-04T21:59:51.294-0300] {dag.py:3089} INFO - Sync 1 DAGs
[2025-11-04T21:59:51.304-0300] {logging_mixin.py:188} INFO - [2025-11-04T21:59:51.304-0300] {dag.py:3947} INFO - Setting next_dagrun for example_params_trigger_ui to None, run_after=None
[2025-11-04T21:59:51.324-0300] {processor.py:183} INFO - Processing /Users/joaovitor/airflow_env/lib/python3.11/site-packages/airflow/example_dags/example_params_trigger_ui.py took 0.205 seconds
[2025-11-04T22:07:22.697-0300] {processor.py:161} INFO - Started process (PID=31521) to work on /Users/joaovitor/airflow_env/lib/python3.11/site-packages/airflow/example_dags/example_params_trigger_ui.py
[2025-11-04T22:07:22.698-0300] {processor.py:830} INFO - Processing file /Users/joaovitor/airflow_env/lib/python3.11/site-packages/airflow/example_dags/example_params_trigger_ui.py for tasks to queue
[2025-11-04T22:07:22.698-0300] {logging_mixin.py:188} INFO - [2025-11-04T22:07:22.698-0300] {dagbag.py:545} INFO - Filling up the DagBag from /Users/joaovitor/airflow_env/lib/python3.11/site-packages/airflow/example_dags/example_params_trigger_ui.py
[2025-11-04T22:07:22.738-0300] {processor.py:840} INFO - DAG(s) 'example_params_trigger_ui' retrieved from /Users/joaovitor/airflow_env/lib/python3.11/site-packages/airflow/example_dags/example_params_trigger_ui.py
[2025-11-04T22:07:22.877-0300] {logging_mixin.py:188} INFO - [2025-11-04T22:07:22.877-0300] {dag.py:3089} INFO - Sync 1 DAGs
[2025-11-04T22:07:22.889-0300] {logging_mixin.py:188} INFO - [2025-11-04T22:07:22.888-0300] {dag.py:3947} INFO - Setting next_dagrun for example_params_trigger_ui to None, run_after=None
[2025-11-04T22:07:22.910-0300] {processor.py:183} INFO - Processing /Users/joaovitor/airflow_env/lib/python3.11/site-packages/airflow/example_dags/example_params_trigger_ui.py took 0.216 seconds
[2025-11-04T22:11:10.212-0300] {processor.py:161} INFO - Started process (PID=31612) to work on /Users/joaovitor/airflow_env/lib/python3.11/site-packages/airflow/example_dags/example_params_trigger_ui.py
[2025-11-04T22:11:10.213-0300] {processor.py:830} INFO - Processing file /Users/joaovitor/airflow_env/lib/python3.11/site-packages/airflow/example_dags/example_params_trigger_ui.py for tasks to queue
[2025-11-04T22:11:10.214-0300] {logging_mixin.py:188} INFO - [2025-11-04T22:11:10.214-0300] {dagbag.py:545} INFO - Filling up the DagBag from /Users/joaovitor/airflow_env/lib/python3.11/site-packages/airflow/example_dags/example_params_trigger_ui.py
[2025-11-04T22:11:10.261-0300] {processor.py:840} INFO - DAG(s) 'example_params_trigger_ui' retrieved from /Users/joaovitor/airflow_env/lib/python3.11/site-packages/airflow/example_dags/example_params_trigger_ui.py
[2025-11-04T22:11:10.405-0300] {logging_mixin.py:188} INFO - [2025-11-04T22:11:10.404-0300] {dag.py:3089} INFO - Sync 1 DAGs
[2025-11-04T22:11:10.415-0300] {logging_mixin.py:188} INFO - [2025-11-04T22:11:10.415-0300] {dag.py:3947} INFO - Setting next_dagrun for example_params_trigger_ui to None, run_after=None
[2025-11-04T22:11:10.436-0300] {processor.py:183} INFO - Processing /Users/joaovitor/airflow_env/lib/python3.11/site-packages/airflow/example_dags/example_params_trigger_ui.py took 0.227 seconds
[2025-11-04T22:13:12.076-0300] {processor.py:161} INFO - Started process (PID=31664) to work on /Users/joaovitor/airflow_env/lib/python3.11/site-packages/airflow/example_dags/example_params_trigger_ui.py
[2025-11-04T22:13:12.077-0300] {processor.py:830} INFO - Processing file /Users/joaovitor/airflow_env/lib/python3.11/site-packages/airflow/example_dags/example_params_trigger_ui.py for tasks to queue
[2025-11-04T22:13:12.078-0300] {logging_mixin.py:188} INFO - [2025-11-04T22:13:12.078-0300] {dagbag.py:545} INFO - Filling up the DagBag from /Users/joaovitor/airflow_env/lib/python3.11/site-packages/airflow/example_dags/example_params_trigger_ui.py
[2025-11-04T22:13:12.123-0300] {processor.py:840} INFO - DAG(s) 'example_params_trigger_ui' retrieved from /Users/joaovitor/airflow_env/lib/python3.11/site-packages/airflow/example_dags/example_params_trigger_ui.py
[2025-11-04T22:13:12.267-0300] {logging_mixin.py:188} INFO - [2025-11-04T22:13:12.267-0300] {dag.py:3089} INFO - Sync 1 DAGs
[2025-11-04T22:13:12.277-0300] {logging_mixin.py:188} INFO - [2025-11-04T22:13:12.277-0300] {dag.py:3947} INFO - Setting next_dagrun for example_params_trigger_ui to None, run_after=None
[2025-11-04T22:13:12.299-0300] {processor.py:183} INFO - Processing /Users/joaovitor/airflow_env/lib/python3.11/site-packages/airflow/example_dags/example_params_trigger_ui.py took 0.225 seconds
[2025-11-04T22:15:25.189-0300] {processor.py:161} INFO - Started process (PID=31706) to work on /Users/joaovitor/airflow_env/lib/python3.11/site-packages/airflow/example_dags/example_params_trigger_ui.py
[2025-11-04T22:15:25.190-0300] {processor.py:830} INFO - Processing file /Users/joaovitor/airflow_env/lib/python3.11/site-packages/airflow/example_dags/example_params_trigger_ui.py for tasks to queue
[2025-11-04T22:15:25.191-0300] {logging_mixin.py:188} INFO - [2025-11-04T22:15:25.191-0300] {dagbag.py:545} INFO - Filling up the DagBag from /Users/joaovitor/airflow_env/lib/python3.11/site-packages/airflow/example_dags/example_params_trigger_ui.py
[2025-11-04T22:15:25.231-0300] {processor.py:840} INFO - DAG(s) 'example_params_trigger_ui' retrieved from /Users/joaovitor/airflow_env/lib/python3.11/site-packages/airflow/example_dags/example_params_trigger_ui.py
[2025-11-04T22:15:25.382-0300] {logging_mixin.py:188} INFO - [2025-11-04T22:15:25.381-0300] {dag.py:3089} INFO - Sync 1 DAGs
[2025-11-04T22:15:25.391-0300] {logging_mixin.py:188} INFO - [2025-11-04T22:15:25.391-0300] {dag.py:3947} INFO - Setting next_dagrun for example_params_trigger_ui to None, run_after=None
[2025-11-04T22:15:25.412-0300] {processor.py:183} INFO - Processing /Users/joaovitor/airflow_env/lib/python3.11/site-packages/airflow/example_dags/example_params_trigger_ui.py took 0.225 seconds
[2025-11-04T22:19:22.291-0300] {processor.py:161} INFO - Started process (PID=31810) to work on /Users/joaovitor/airflow_env/lib/python3.11/site-packages/airflow/example_dags/example_params_trigger_ui.py
[2025-11-04T22:19:22.293-0300] {processor.py:830} INFO - Processing file /Users/joaovitor/airflow_env/lib/python3.11/site-packages/airflow/example_dags/example_params_trigger_ui.py for tasks to queue
[2025-11-04T22:19:22.294-0300] {logging_mixin.py:188} INFO - [2025-11-04T22:19:22.293-0300] {dagbag.py:545} INFO - Filling up the DagBag from /Users/joaovitor/airflow_env/lib/python3.11/site-packages/airflow/example_dags/example_params_trigger_ui.py
[2025-11-04T22:19:22.335-0300] {processor.py:840} INFO - DAG(s) 'example_params_trigger_ui' retrieved from /Users/joaovitor/airflow_env/lib/python3.11/site-packages/airflow/example_dags/example_params_trigger_ui.py
[2025-11-04T22:19:22.468-0300] {logging_mixin.py:188} INFO - [2025-11-04T22:19:22.467-0300] {dag.py:3089} INFO - Sync 1 DAGs
[2025-11-04T22:19:22.479-0300] {logging_mixin.py:188} INFO - [2025-11-04T22:19:22.478-0300] {dag.py:3947} INFO - Setting next_dagrun for example_params_trigger_ui to None, run_after=None
[2025-11-04T22:19:22.500-0300] {processor.py:183} INFO - Processing /Users/joaovitor/airflow_env/lib/python3.11/site-packages/airflow/example_dags/example_params_trigger_ui.py took 0.212 seconds
[2025-11-04T22:23:32.030-0300] {processor.py:161} INFO - Started process (PID=31950) to work on /Users/joaovitor/airflow_env/lib/python3.11/site-packages/airflow/example_dags/example_params_trigger_ui.py
[2025-11-04T22:23:32.033-0300] {processor.py:830} INFO - Processing file /Users/joaovitor/airflow_env/lib/python3.11/site-packages/airflow/example_dags/example_params_trigger_ui.py for tasks to queue
[2025-11-04T22:23:32.034-0300] {logging_mixin.py:188} INFO - [2025-11-04T22:23:32.033-0300] {dagbag.py:545} INFO - Filling up the DagBag from /Users/joaovitor/airflow_env/lib/python3.11/site-packages/airflow/example_dags/example_params_trigger_ui.py
[2025-11-04T22:23:32.078-0300] {processor.py:840} INFO - DAG(s) 'example_params_trigger_ui' retrieved from /Users/joaovitor/airflow_env/lib/python3.11/site-packages/airflow/example_dags/example_params_trigger_ui.py
[2025-11-04T22:23:32.244-0300] {logging_mixin.py:188} INFO - [2025-11-04T22:23:32.243-0300] {dag.py:3089} INFO - Sync 1 DAGs
[2025-11-04T22:23:32.256-0300] {logging_mixin.py:188} INFO - [2025-11-04T22:23:32.255-0300] {dag.py:3947} INFO - Setting next_dagrun for example_params_trigger_ui to None, run_after=None
[2025-11-04T22:23:32.281-0300] {processor.py:183} INFO - Processing /Users/joaovitor/airflow_env/lib/python3.11/site-packages/airflow/example_dags/example_params_trigger_ui.py took 0.255 seconds
[2025-11-04T22:25:36.514-0300] {processor.py:161} INFO - Started process (PID=31992) to work on /Users/joaovitor/airflow_env/lib/python3.11/site-packages/airflow/example_dags/example_params_trigger_ui.py
[2025-11-04T22:25:36.515-0300] {processor.py:830} INFO - Processing file /Users/joaovitor/airflow_env/lib/python3.11/site-packages/airflow/example_dags/example_params_trigger_ui.py for tasks to queue
[2025-11-04T22:25:36.516-0300] {logging_mixin.py:188} INFO - [2025-11-04T22:25:36.516-0300] {dagbag.py:545} INFO - Filling up the DagBag from /Users/joaovitor/airflow_env/lib/python3.11/site-packages/airflow/example_dags/example_params_trigger_ui.py
[2025-11-04T22:25:36.575-0300] {processor.py:840} INFO - DAG(s) 'example_params_trigger_ui' retrieved from /Users/joaovitor/airflow_env/lib/python3.11/site-packages/airflow/example_dags/example_params_trigger_ui.py
[2025-11-04T22:25:36.759-0300] {logging_mixin.py:188} INFO - [2025-11-04T22:25:36.758-0300] {dag.py:3089} INFO - Sync 1 DAGs
[2025-11-04T22:25:36.774-0300] {logging_mixin.py:188} INFO - [2025-11-04T22:25:36.773-0300] {dag.py:3947} INFO - Setting next_dagrun for example_params_trigger_ui to None, run_after=None
[2025-11-04T22:25:36.803-0300] {processor.py:183} INFO - Processing /Users/joaovitor/airflow_env/lib/python3.11/site-packages/airflow/example_dags/example_params_trigger_ui.py took 0.292 seconds
[2025-11-04T22:27:44.656-0300] {processor.py:161} INFO - Started process (PID=32033) to work on /Users/joaovitor/airflow_env/lib/python3.11/site-packages/airflow/example_dags/example_params_trigger_ui.py
[2025-11-04T22:27:44.657-0300] {processor.py:830} INFO - Processing file /Users/joaovitor/airflow_env/lib/python3.11/site-packages/airflow/example_dags/example_params_trigger_ui.py for tasks to queue
[2025-11-04T22:27:44.658-0300] {logging_mixin.py:188} INFO - [2025-11-04T22:27:44.658-0300] {dagbag.py:545} INFO - Filling up the DagBag from /Users/joaovitor/airflow_env/lib/python3.11/site-packages/airflow/example_dags/example_params_trigger_ui.py
[2025-11-04T22:27:44.722-0300] {processor.py:840} INFO - DAG(s) 'example_params_trigger_ui' retrieved from /Users/joaovitor/airflow_env/lib/python3.11/site-packages/airflow/example_dags/example_params_trigger_ui.py
[2025-11-04T22:27:44.960-0300] {logging_mixin.py:188} INFO - [2025-11-04T22:27:44.960-0300] {dag.py:3089} INFO - Sync 1 DAGs
[2025-11-04T22:27:44.972-0300] {logging_mixin.py:188} INFO - [2025-11-04T22:27:44.971-0300] {dag.py:3947} INFO - Setting next_dagrun for example_params_trigger_ui to None, run_after=None
[2025-11-04T22:27:44.993-0300] {processor.py:183} INFO - Processing /Users/joaovitor/airflow_env/lib/python3.11/site-packages/airflow/example_dags/example_params_trigger_ui.py took 0.341 seconds
[2025-11-04T22:29:52.826-0300] {processor.py:161} INFO - Started process (PID=32075) to work on /Users/joaovitor/airflow_env/lib/python3.11/site-packages/airflow/example_dags/example_params_trigger_ui.py
[2025-11-04T22:29:52.828-0300] {processor.py:830} INFO - Processing file /Users/joaovitor/airflow_env/lib/python3.11/site-packages/airflow/example_dags/example_params_trigger_ui.py for tasks to queue
[2025-11-04T22:29:52.829-0300] {logging_mixin.py:188} INFO - [2025-11-04T22:29:52.829-0300] {dagbag.py:545} INFO - Filling up the DagBag from /Users/joaovitor/airflow_env/lib/python3.11/site-packages/airflow/example_dags/example_params_trigger_ui.py
[2025-11-04T22:29:52.873-0300] {processor.py:840} INFO - DAG(s) 'example_params_trigger_ui' retrieved from /Users/joaovitor/airflow_env/lib/python3.11/site-packages/airflow/example_dags/example_params_trigger_ui.py
[2025-11-04T22:29:53.038-0300] {logging_mixin.py:188} INFO - [2025-11-04T22:29:53.037-0300] {dag.py:3089} INFO - Sync 1 DAGs
[2025-11-04T22:29:53.052-0300] {logging_mixin.py:188} INFO - [2025-11-04T22:29:53.051-0300] {dag.py:3947} INFO - Setting next_dagrun for example_params_trigger_ui to None, run_after=None
[2025-11-04T22:29:53.074-0300] {processor.py:183} INFO - Processing /Users/joaovitor/airflow_env/lib/python3.11/site-packages/airflow/example_dags/example_params_trigger_ui.py took 0.251 seconds
[2025-11-04T22:32:30.918-0300] {processor.py:161} INFO - Started process (PID=32219) to work on /Users/joaovitor/airflow_env/lib/python3.11/site-packages/airflow/example_dags/example_params_trigger_ui.py
[2025-11-04T22:32:30.920-0300] {processor.py:830} INFO - Processing file /Users/joaovitor/airflow_env/lib/python3.11/site-packages/airflow/example_dags/example_params_trigger_ui.py for tasks to queue
[2025-11-04T22:32:30.921-0300] {logging_mixin.py:188} INFO - [2025-11-04T22:32:30.921-0300] {dagbag.py:545} INFO - Filling up the DagBag from /Users/joaovitor/airflow_env/lib/python3.11/site-packages/airflow/example_dags/example_params_trigger_ui.py
[2025-11-04T22:32:30.973-0300] {processor.py:840} INFO - DAG(s) 'example_params_trigger_ui' retrieved from /Users/joaovitor/airflow_env/lib/python3.11/site-packages/airflow/example_dags/example_params_trigger_ui.py
[2025-11-04T22:32:31.139-0300] {logging_mixin.py:188} INFO - [2025-11-04T22:32:31.139-0300] {dag.py:3089} INFO - Sync 1 DAGs
[2025-11-04T22:32:31.150-0300] {logging_mixin.py:188} INFO - [2025-11-04T22:32:31.150-0300] {dag.py:3947} INFO - Setting next_dagrun for example_params_trigger_ui to None, run_after=None
[2025-11-04T22:32:31.172-0300] {processor.py:183} INFO - Processing /Users/joaovitor/airflow_env/lib/python3.11/site-packages/airflow/example_dags/example_params_trigger_ui.py took 0.257 seconds
[2025-11-04T22:35:05.419-0300] {processor.py:161} INFO - Started process (PID=32347) to work on /Users/joaovitor/airflow_env/lib/python3.11/site-packages/airflow/example_dags/example_params_trigger_ui.py
[2025-11-04T22:35:05.421-0300] {processor.py:830} INFO - Processing file /Users/joaovitor/airflow_env/lib/python3.11/site-packages/airflow/example_dags/example_params_trigger_ui.py for tasks to queue
[2025-11-04T22:35:05.422-0300] {logging_mixin.py:188} INFO - [2025-11-04T22:35:05.422-0300] {dagbag.py:545} INFO - Filling up the DagBag from /Users/joaovitor/airflow_env/lib/python3.11/site-packages/airflow/example_dags/example_params_trigger_ui.py
[2025-11-04T22:35:05.465-0300] {processor.py:840} INFO - DAG(s) 'example_params_trigger_ui' retrieved from /Users/joaovitor/airflow_env/lib/python3.11/site-packages/airflow/example_dags/example_params_trigger_ui.py
[2025-11-04T22:35:05.601-0300] {logging_mixin.py:188} INFO - [2025-11-04T22:35:05.600-0300] {dag.py:3089} INFO - Sync 1 DAGs
[2025-11-04T22:35:05.613-0300] {logging_mixin.py:188} INFO - [2025-11-04T22:35:05.612-0300] {dag.py:3947} INFO - Setting next_dagrun for example_params_trigger_ui to None, run_after=None
[2025-11-04T22:35:05.640-0300] {processor.py:183} INFO - Processing /Users/joaovitor/airflow_env/lib/python3.11/site-packages/airflow/example_dags/example_params_trigger_ui.py took 0.224 seconds
[2025-11-04T22:37:14.203-0300] {processor.py:161} INFO - Started process (PID=32618) to work on /Users/joaovitor/airflow_env/lib/python3.11/site-packages/airflow/example_dags/example_params_trigger_ui.py
[2025-11-04T22:37:14.206-0300] {processor.py:830} INFO - Processing file /Users/joaovitor/airflow_env/lib/python3.11/site-packages/airflow/example_dags/example_params_trigger_ui.py for tasks to queue
[2025-11-04T22:37:14.207-0300] {logging_mixin.py:188} INFO - [2025-11-04T22:37:14.207-0300] {dagbag.py:545} INFO - Filling up the DagBag from /Users/joaovitor/airflow_env/lib/python3.11/site-packages/airflow/example_dags/example_params_trigger_ui.py
[2025-11-04T22:37:14.270-0300] {processor.py:840} INFO - DAG(s) 'example_params_trigger_ui' retrieved from /Users/joaovitor/airflow_env/lib/python3.11/site-packages/airflow/example_dags/example_params_trigger_ui.py
[2025-11-04T22:37:14.286-0300] {logging_mixin.py:188} INFO - [2025-11-04T22:37:14.286-0300] {dag.py:3089} INFO - Sync 1 DAGs
[2025-11-04T22:37:14.412-0300] {logging_mixin.py:188} INFO - [2025-11-04T22:37:14.412-0300] {dag.py:3947} INFO - Setting next_dagrun for example_params_trigger_ui to None, run_after=None
[2025-11-04T22:37:14.440-0300] {processor.py:183} INFO - Processing /Users/joaovitor/airflow_env/lib/python3.11/site-packages/airflow/example_dags/example_params_trigger_ui.py took 0.239 seconds
[2025-11-04T22:39:41.024-0300] {processor.py:161} INFO - Started process (PID=32678) to work on /Users/joaovitor/airflow_env/lib/python3.11/site-packages/airflow/example_dags/example_params_trigger_ui.py
[2025-11-04T22:39:41.027-0300] {processor.py:830} INFO - Processing file /Users/joaovitor/airflow_env/lib/python3.11/site-packages/airflow/example_dags/example_params_trigger_ui.py for tasks to queue
[2025-11-04T22:39:41.029-0300] {logging_mixin.py:188} INFO - [2025-11-04T22:39:41.029-0300] {dagbag.py:545} INFO - Filling up the DagBag from /Users/joaovitor/airflow_env/lib/python3.11/site-packages/airflow/example_dags/example_params_trigger_ui.py
[2025-11-04T22:39:41.078-0300] {processor.py:840} INFO - DAG(s) 'example_params_trigger_ui' retrieved from /Users/joaovitor/airflow_env/lib/python3.11/site-packages/airflow/example_dags/example_params_trigger_ui.py
[2025-11-04T22:39:41.344-0300] {logging_mixin.py:188} INFO - [2025-11-04T22:39:41.343-0300] {dag.py:3089} INFO - Sync 1 DAGs
[2025-11-04T22:39:41.419-0300] {logging_mixin.py:188} INFO - [2025-11-04T22:39:41.419-0300] {dag.py:3947} INFO - Setting next_dagrun for example_params_trigger_ui to None, run_after=None
[2025-11-04T22:39:41.446-0300] {processor.py:183} INFO - Processing /Users/joaovitor/airflow_env/lib/python3.11/site-packages/airflow/example_dags/example_params_trigger_ui.py took 0.425 seconds
[2025-11-04T22:42:09.180-0300] {processor.py:161} INFO - Started process (PID=32738) to work on /Users/joaovitor/airflow_env/lib/python3.11/site-packages/airflow/example_dags/example_params_trigger_ui.py
[2025-11-04T22:42:09.182-0300] {processor.py:830} INFO - Processing file /Users/joaovitor/airflow_env/lib/python3.11/site-packages/airflow/example_dags/example_params_trigger_ui.py for tasks to queue
[2025-11-04T22:42:09.183-0300] {logging_mixin.py:188} INFO - [2025-11-04T22:42:09.183-0300] {dagbag.py:545} INFO - Filling up the DagBag from /Users/joaovitor/airflow_env/lib/python3.11/site-packages/airflow/example_dags/example_params_trigger_ui.py
[2025-11-04T22:42:09.224-0300] {processor.py:840} INFO - DAG(s) 'example_params_trigger_ui' retrieved from /Users/joaovitor/airflow_env/lib/python3.11/site-packages/airflow/example_dags/example_params_trigger_ui.py
[2025-11-04T22:42:09.384-0300] {logging_mixin.py:188} INFO - [2025-11-04T22:42:09.383-0300] {dag.py:3089} INFO - Sync 1 DAGs
[2025-11-04T22:42:09.575-0300] {logging_mixin.py:188} INFO - [2025-11-04T22:42:09.572-0300] {dag.py:3947} INFO - Setting next_dagrun for example_params_trigger_ui to None, run_after=None
[2025-11-04T22:42:09.715-0300] {processor.py:183} INFO - Processing /Users/joaovitor/airflow_env/lib/python3.11/site-packages/airflow/example_dags/example_params_trigger_ui.py took 0.537 seconds
[2025-11-04T22:44:23.542-0300] {processor.py:161} INFO - Started process (PID=32790) to work on /Users/joaovitor/airflow_env/lib/python3.11/site-packages/airflow/example_dags/example_params_trigger_ui.py
[2025-11-04T22:44:23.543-0300] {processor.py:830} INFO - Processing file /Users/joaovitor/airflow_env/lib/python3.11/site-packages/airflow/example_dags/example_params_trigger_ui.py for tasks to queue
[2025-11-04T22:44:23.544-0300] {logging_mixin.py:188} INFO - [2025-11-04T22:44:23.544-0300] {dagbag.py:545} INFO - Filling up the DagBag from /Users/joaovitor/airflow_env/lib/python3.11/site-packages/airflow/example_dags/example_params_trigger_ui.py
[2025-11-04T22:44:23.590-0300] {processor.py:840} INFO - DAG(s) 'example_params_trigger_ui' retrieved from /Users/joaovitor/airflow_env/lib/python3.11/site-packages/airflow/example_dags/example_params_trigger_ui.py
[2025-11-04T22:44:23.744-0300] {logging_mixin.py:188} INFO - [2025-11-04T22:44:23.744-0300] {dag.py:3089} INFO - Sync 1 DAGs
[2025-11-04T22:44:23.755-0300] {logging_mixin.py:188} INFO - [2025-11-04T22:44:23.755-0300] {dag.py:3947} INFO - Setting next_dagrun for example_params_trigger_ui to None, run_after=None
[2025-11-04T22:44:23.780-0300] {processor.py:183} INFO - Processing /Users/joaovitor/airflow_env/lib/python3.11/site-packages/airflow/example_dags/example_params_trigger_ui.py took 0.241 seconds
[2025-11-04T22:46:41.160-0300] {processor.py:161} INFO - Started process (PID=32835) to work on /Users/joaovitor/airflow_env/lib/python3.11/site-packages/airflow/example_dags/example_params_trigger_ui.py
[2025-11-04T22:46:41.160-0300] {processor.py:830} INFO - Processing file /Users/joaovitor/airflow_env/lib/python3.11/site-packages/airflow/example_dags/example_params_trigger_ui.py for tasks to queue
[2025-11-04T22:46:41.161-0300] {logging_mixin.py:188} INFO - [2025-11-04T22:46:41.161-0300] {dagbag.py:545} INFO - Filling up the DagBag from /Users/joaovitor/airflow_env/lib/python3.11/site-packages/airflow/example_dags/example_params_trigger_ui.py
[2025-11-04T22:46:41.219-0300] {processor.py:840} INFO - DAG(s) 'example_params_trigger_ui' retrieved from /Users/joaovitor/airflow_env/lib/python3.11/site-packages/airflow/example_dags/example_params_trigger_ui.py
[2025-11-04T22:46:41.403-0300] {logging_mixin.py:188} INFO - [2025-11-04T22:46:41.402-0300] {dag.py:3089} INFO - Sync 1 DAGs
[2025-11-04T22:46:41.415-0300] {logging_mixin.py:188} INFO - [2025-11-04T22:46:41.415-0300] {dag.py:3947} INFO - Setting next_dagrun for example_params_trigger_ui to None, run_after=None
[2025-11-04T22:46:41.441-0300] {processor.py:183} INFO - Processing /Users/joaovitor/airflow_env/lib/python3.11/site-packages/airflow/example_dags/example_params_trigger_ui.py took 0.284 seconds
[2025-11-04T22:48:53.903-0300] {processor.py:161} INFO - Started process (PID=32903) to work on /Users/joaovitor/airflow_env/lib/python3.11/site-packages/airflow/example_dags/example_params_trigger_ui.py
[2025-11-04T22:48:53.905-0300] {processor.py:830} INFO - Processing file /Users/joaovitor/airflow_env/lib/python3.11/site-packages/airflow/example_dags/example_params_trigger_ui.py for tasks to queue
[2025-11-04T22:48:53.906-0300] {logging_mixin.py:188} INFO - [2025-11-04T22:48:53.906-0300] {dagbag.py:545} INFO - Filling up the DagBag from /Users/joaovitor/airflow_env/lib/python3.11/site-packages/airflow/example_dags/example_params_trigger_ui.py
[2025-11-04T22:48:53.948-0300] {processor.py:840} INFO - DAG(s) 'example_params_trigger_ui' retrieved from /Users/joaovitor/airflow_env/lib/python3.11/site-packages/airflow/example_dags/example_params_trigger_ui.py
[2025-11-04T22:48:54.099-0300] {logging_mixin.py:188} INFO - [2025-11-04T22:48:54.098-0300] {dag.py:3089} INFO - Sync 1 DAGs
[2025-11-04T22:48:54.110-0300] {logging_mixin.py:188} INFO - [2025-11-04T22:48:54.110-0300] {dag.py:3947} INFO - Setting next_dagrun for example_params_trigger_ui to None, run_after=None
[2025-11-04T22:48:54.134-0300] {processor.py:183} INFO - Processing /Users/joaovitor/airflow_env/lib/python3.11/site-packages/airflow/example_dags/example_params_trigger_ui.py took 0.234 seconds
[2025-11-04T22:51:04.683-0300] {processor.py:161} INFO - Started process (PID=32960) to work on /Users/joaovitor/airflow_env/lib/python3.11/site-packages/airflow/example_dags/example_params_trigger_ui.py
[2025-11-04T22:51:04.686-0300] {processor.py:830} INFO - Processing file /Users/joaovitor/airflow_env/lib/python3.11/site-packages/airflow/example_dags/example_params_trigger_ui.py for tasks to queue
[2025-11-04T22:51:04.686-0300] {logging_mixin.py:188} INFO - [2025-11-04T22:51:04.686-0300] {dagbag.py:545} INFO - Filling up the DagBag from /Users/joaovitor/airflow_env/lib/python3.11/site-packages/airflow/example_dags/example_params_trigger_ui.py
[2025-11-04T22:51:04.733-0300] {processor.py:840} INFO - DAG(s) 'example_params_trigger_ui' retrieved from /Users/joaovitor/airflow_env/lib/python3.11/site-packages/airflow/example_dags/example_params_trigger_ui.py
[2025-11-04T22:51:04.891-0300] {logging_mixin.py:188} INFO - [2025-11-04T22:51:04.891-0300] {dag.py:3089} INFO - Sync 1 DAGs
[2025-11-04T22:51:04.902-0300] {logging_mixin.py:188} INFO - [2025-11-04T22:51:04.901-0300] {dag.py:3947} INFO - Setting next_dagrun for example_params_trigger_ui to None, run_after=None
[2025-11-04T22:51:04.928-0300] {processor.py:183} INFO - Processing /Users/joaovitor/airflow_env/lib/python3.11/site-packages/airflow/example_dags/example_params_trigger_ui.py took 0.248 seconds
[2025-11-04T22:53:30.326-0300] {processor.py:161} INFO - Started process (PID=33016) to work on /Users/joaovitor/airflow_env/lib/python3.11/site-packages/airflow/example_dags/example_params_trigger_ui.py
[2025-11-04T22:53:30.329-0300] {processor.py:830} INFO - Processing file /Users/joaovitor/airflow_env/lib/python3.11/site-packages/airflow/example_dags/example_params_trigger_ui.py for tasks to queue
[2025-11-04T22:53:30.330-0300] {logging_mixin.py:188} INFO - [2025-11-04T22:53:30.329-0300] {dagbag.py:545} INFO - Filling up the DagBag from /Users/joaovitor/airflow_env/lib/python3.11/site-packages/airflow/example_dags/example_params_trigger_ui.py
[2025-11-04T22:53:30.412-0300] {processor.py:840} INFO - DAG(s) 'example_params_trigger_ui' retrieved from /Users/joaovitor/airflow_env/lib/python3.11/site-packages/airflow/example_dags/example_params_trigger_ui.py
[2025-11-04T22:53:30.832-0300] {logging_mixin.py:188} INFO - [2025-11-04T22:53:30.831-0300] {dag.py:3089} INFO - Sync 1 DAGs
[2025-11-04T22:53:30.847-0300] {logging_mixin.py:188} INFO - [2025-11-04T22:53:30.846-0300] {dag.py:3947} INFO - Setting next_dagrun for example_params_trigger_ui to None, run_after=None
[2025-11-04T22:53:30.878-0300] {processor.py:183} INFO - Processing /Users/joaovitor/airflow_env/lib/python3.11/site-packages/airflow/example_dags/example_params_trigger_ui.py took 0.556 seconds
[2025-11-04T22:55:47.115-0300] {processor.py:161} INFO - Started process (PID=33059) to work on /Users/joaovitor/airflow_env/lib/python3.11/site-packages/airflow/example_dags/example_params_trigger_ui.py
[2025-11-04T22:55:47.115-0300] {processor.py:830} INFO - Processing file /Users/joaovitor/airflow_env/lib/python3.11/site-packages/airflow/example_dags/example_params_trigger_ui.py for tasks to queue
[2025-11-04T22:55:47.116-0300] {logging_mixin.py:188} INFO - [2025-11-04T22:55:47.116-0300] {dagbag.py:545} INFO - Filling up the DagBag from /Users/joaovitor/airflow_env/lib/python3.11/site-packages/airflow/example_dags/example_params_trigger_ui.py
[2025-11-04T22:55:47.159-0300] {processor.py:840} INFO - DAG(s) 'example_params_trigger_ui' retrieved from /Users/joaovitor/airflow_env/lib/python3.11/site-packages/airflow/example_dags/example_params_trigger_ui.py
[2025-11-04T22:55:47.311-0300] {logging_mixin.py:188} INFO - [2025-11-04T22:55:47.311-0300] {dag.py:3089} INFO - Sync 1 DAGs
[2025-11-04T22:55:47.323-0300] {logging_mixin.py:188} INFO - [2025-11-04T22:55:47.323-0300] {dag.py:3947} INFO - Setting next_dagrun for example_params_trigger_ui to None, run_after=None
[2025-11-04T22:55:47.349-0300] {processor.py:183} INFO - Processing /Users/joaovitor/airflow_env/lib/python3.11/site-packages/airflow/example_dags/example_params_trigger_ui.py took 0.236 seconds
[2025-11-04T22:58:01.267-0300] {processor.py:161} INFO - Started process (PID=33102) to work on /Users/joaovitor/airflow_env/lib/python3.11/site-packages/airflow/example_dags/example_params_trigger_ui.py
[2025-11-04T22:58:01.268-0300] {processor.py:830} INFO - Processing file /Users/joaovitor/airflow_env/lib/python3.11/site-packages/airflow/example_dags/example_params_trigger_ui.py for tasks to queue
[2025-11-04T22:58:01.269-0300] {logging_mixin.py:188} INFO - [2025-11-04T22:58:01.269-0300] {dagbag.py:545} INFO - Filling up the DagBag from /Users/joaovitor/airflow_env/lib/python3.11/site-packages/airflow/example_dags/example_params_trigger_ui.py
[2025-11-04T22:58:01.313-0300] {processor.py:840} INFO - DAG(s) 'example_params_trigger_ui' retrieved from /Users/joaovitor/airflow_env/lib/python3.11/site-packages/airflow/example_dags/example_params_trigger_ui.py
[2025-11-04T22:58:01.477-0300] {logging_mixin.py:188} INFO - [2025-11-04T22:58:01.476-0300] {dag.py:3089} INFO - Sync 1 DAGs
[2025-11-04T22:58:01.494-0300] {logging_mixin.py:188} INFO - [2025-11-04T22:58:01.494-0300] {dag.py:3947} INFO - Setting next_dagrun for example_params_trigger_ui to None, run_after=None
[2025-11-04T22:58:01.520-0300] {processor.py:183} INFO - Processing /Users/joaovitor/airflow_env/lib/python3.11/site-packages/airflow/example_dags/example_params_trigger_ui.py took 0.256 seconds
[2025-11-04T23:00:23.381-0300] {processor.py:161} INFO - Started process (PID=33150) to work on /Users/joaovitor/airflow_env/lib/python3.11/site-packages/airflow/example_dags/example_params_trigger_ui.py
[2025-11-04T23:00:23.383-0300] {processor.py:830} INFO - Processing file /Users/joaovitor/airflow_env/lib/python3.11/site-packages/airflow/example_dags/example_params_trigger_ui.py for tasks to queue
[2025-11-04T23:00:23.384-0300] {logging_mixin.py:188} INFO - [2025-11-04T23:00:23.383-0300] {dagbag.py:545} INFO - Filling up the DagBag from /Users/joaovitor/airflow_env/lib/python3.11/site-packages/airflow/example_dags/example_params_trigger_ui.py
[2025-11-04T23:00:23.431-0300] {processor.py:840} INFO - DAG(s) 'example_params_trigger_ui' retrieved from /Users/joaovitor/airflow_env/lib/python3.11/site-packages/airflow/example_dags/example_params_trigger_ui.py
[2025-11-04T23:00:23.586-0300] {logging_mixin.py:188} INFO - [2025-11-04T23:00:23.586-0300] {dag.py:3089} INFO - Sync 1 DAGs
[2025-11-04T23:00:23.597-0300] {logging_mixin.py:188} INFO - [2025-11-04T23:00:23.597-0300] {dag.py:3947} INFO - Setting next_dagrun for example_params_trigger_ui to None, run_after=None
[2025-11-04T23:00:23.623-0300] {processor.py:183} INFO - Processing /Users/joaovitor/airflow_env/lib/python3.11/site-packages/airflow/example_dags/example_params_trigger_ui.py took 0.247 seconds
[2025-11-04T23:02:37.888-0300] {processor.py:161} INFO - Started process (PID=33193) to work on /Users/joaovitor/airflow_env/lib/python3.11/site-packages/airflow/example_dags/example_params_trigger_ui.py
[2025-11-04T23:02:37.890-0300] {processor.py:830} INFO - Processing file /Users/joaovitor/airflow_env/lib/python3.11/site-packages/airflow/example_dags/example_params_trigger_ui.py for tasks to queue
[2025-11-04T23:02:37.891-0300] {logging_mixin.py:188} INFO - [2025-11-04T23:02:37.891-0300] {dagbag.py:545} INFO - Filling up the DagBag from /Users/joaovitor/airflow_env/lib/python3.11/site-packages/airflow/example_dags/example_params_trigger_ui.py
[2025-11-04T23:02:37.936-0300] {processor.py:840} INFO - DAG(s) 'example_params_trigger_ui' retrieved from /Users/joaovitor/airflow_env/lib/python3.11/site-packages/airflow/example_dags/example_params_trigger_ui.py
[2025-11-04T23:02:38.094-0300] {logging_mixin.py:188} INFO - [2025-11-04T23:02:38.093-0300] {dag.py:3089} INFO - Sync 1 DAGs
[2025-11-04T23:02:38.104-0300] {logging_mixin.py:188} INFO - [2025-11-04T23:02:38.104-0300] {dag.py:3947} INFO - Setting next_dagrun for example_params_trigger_ui to None, run_after=None
[2025-11-04T23:02:38.129-0300] {processor.py:183} INFO - Processing /Users/joaovitor/airflow_env/lib/python3.11/site-packages/airflow/example_dags/example_params_trigger_ui.py took 0.244 seconds
[2025-11-04T23:04:59.161-0300] {processor.py:161} INFO - Started process (PID=33271) to work on /Users/joaovitor/airflow_env/lib/python3.11/site-packages/airflow/example_dags/example_params_trigger_ui.py
[2025-11-04T23:04:59.163-0300] {processor.py:830} INFO - Processing file /Users/joaovitor/airflow_env/lib/python3.11/site-packages/airflow/example_dags/example_params_trigger_ui.py for tasks to queue
[2025-11-04T23:04:59.164-0300] {logging_mixin.py:188} INFO - [2025-11-04T23:04:59.164-0300] {dagbag.py:545} INFO - Filling up the DagBag from /Users/joaovitor/airflow_env/lib/python3.11/site-packages/airflow/example_dags/example_params_trigger_ui.py
[2025-11-04T23:04:59.217-0300] {processor.py:840} INFO - DAG(s) 'example_params_trigger_ui' retrieved from /Users/joaovitor/airflow_env/lib/python3.11/site-packages/airflow/example_dags/example_params_trigger_ui.py
[2025-11-04T23:04:59.423-0300] {logging_mixin.py:188} INFO - [2025-11-04T23:04:59.423-0300] {dag.py:3089} INFO - Sync 1 DAGs
[2025-11-04T23:04:59.434-0300] {logging_mixin.py:188} INFO - [2025-11-04T23:04:59.434-0300] {dag.py:3947} INFO - Setting next_dagrun for example_params_trigger_ui to None, run_after=None
[2025-11-04T23:04:59.461-0300] {processor.py:183} INFO - Processing /Users/joaovitor/airflow_env/lib/python3.11/site-packages/airflow/example_dags/example_params_trigger_ui.py took 0.309 seconds
