[2025-11-04T21:46:16.817-0300] {processor.py:161} INFO - Started process (PID=31064) to work on /Users/joaovitor/airflow_env/lib/python3.11/site-packages/airflow/example_dags/example_time_delta_sensor_async.py
[2025-11-04T21:46:16.818-0300] {processor.py:830} INFO - Processing file /Users/joaovitor/airflow_env/lib/python3.11/site-packages/airflow/example_dags/example_time_delta_sensor_async.py for tasks to queue
[2025-11-04T21:46:16.819-0300] {logging_mixin.py:188} INFO - [2025-11-04T21:46:16.819-0300] {dagbag.py:545} INFO - Filling up the DagBag from /Users/joaovitor/airflow_env/lib/python3.11/site-packages/airflow/example_dags/example_time_delta_sensor_async.py
[2025-11-04T21:46:16.829-0300] {processor.py:840} INFO - DAG(s) 'example_time_delta_sensor_async' retrieved from /Users/joaovitor/airflow_env/lib/python3.11/site-packages/airflow/example_dags/example_time_delta_sensor_async.py
[2025-11-04T21:46:17.065-0300] {logging_mixin.py:188} INFO - [2025-11-04T21:46:17.064-0300] {override.py:1858} INFO - Created Permission View: can read on DAG:example_time_delta_sensor_async
[2025-11-04T21:46:17.075-0300] {logging_mixin.py:188} INFO - [2025-11-04T21:46:17.075-0300] {override.py:1858} INFO - Created Permission View: can delete on DAG:example_time_delta_sensor_async
[2025-11-04T21:46:17.084-0300] {logging_mixin.py:188} INFO - [2025-11-04T21:46:17.083-0300] {override.py:1858} INFO - Created Permission View: can edit on DAG:example_time_delta_sensor_async
[2025-11-04T21:46:17.084-0300] {logging_mixin.py:188} INFO - [2025-11-04T21:46:17.084-0300] {dag.py:3089} INFO - Sync 1 DAGs
[2025-11-04T21:46:17.096-0300] {logging_mixin.py:188} INFO - [2025-11-04T21:46:17.096-0300] {dag.py:3111} INFO - Creating ORM DAG for example_time_delta_sensor_async
[2025-11-04T21:46:17.097-0300] {logging_mixin.py:188} INFO - [2025-11-04T21:46:17.097-0300] {dag.py:3947} INFO - Setting next_dagrun for example_time_delta_sensor_async to None, run_after=None
[2025-11-04T21:46:17.121-0300] {processor.py:183} INFO - Processing /Users/joaovitor/airflow_env/lib/python3.11/site-packages/airflow/example_dags/example_time_delta_sensor_async.py took 0.306 seconds
[2025-11-04T21:49:18.409-0300] {processor.py:161} INFO - Started process (PID=31156) to work on /Users/joaovitor/airflow_env/lib/python3.11/site-packages/airflow/example_dags/example_time_delta_sensor_async.py
[2025-11-04T21:49:18.412-0300] {processor.py:830} INFO - Processing file /Users/joaovitor/airflow_env/lib/python3.11/site-packages/airflow/example_dags/example_time_delta_sensor_async.py for tasks to queue
[2025-11-04T21:49:18.413-0300] {logging_mixin.py:188} INFO - [2025-11-04T21:49:18.413-0300] {dagbag.py:545} INFO - Filling up the DagBag from /Users/joaovitor/airflow_env/lib/python3.11/site-packages/airflow/example_dags/example_time_delta_sensor_async.py
[2025-11-04T21:49:18.427-0300] {processor.py:840} INFO - DAG(s) 'example_time_delta_sensor_async' retrieved from /Users/joaovitor/airflow_env/lib/python3.11/site-packages/airflow/example_dags/example_time_delta_sensor_async.py
[2025-11-04T21:49:18.569-0300] {logging_mixin.py:188} INFO - [2025-11-04T21:49:18.568-0300] {dag.py:3089} INFO - Sync 1 DAGs
[2025-11-04T21:49:18.579-0300] {logging_mixin.py:188} INFO - [2025-11-04T21:49:18.578-0300] {dag.py:3947} INFO - Setting next_dagrun for example_time_delta_sensor_async to None, run_after=None
[2025-11-04T21:49:18.604-0300] {processor.py:183} INFO - Processing /Users/joaovitor/airflow_env/lib/python3.11/site-packages/airflow/example_dags/example_time_delta_sensor_async.py took 0.198 seconds
[2025-11-04T21:51:36.178-0300] {processor.py:161} INFO - Started process (PID=31226) to work on /Users/joaovitor/airflow_env/lib/python3.11/site-packages/airflow/example_dags/example_time_delta_sensor_async.py
[2025-11-04T21:51:36.180-0300] {processor.py:830} INFO - Processing file /Users/joaovitor/airflow_env/lib/python3.11/site-packages/airflow/example_dags/example_time_delta_sensor_async.py for tasks to queue
[2025-11-04T21:51:36.181-0300] {logging_mixin.py:188} INFO - [2025-11-04T21:51:36.181-0300] {dagbag.py:545} INFO - Filling up the DagBag from /Users/joaovitor/airflow_env/lib/python3.11/site-packages/airflow/example_dags/example_time_delta_sensor_async.py
[2025-11-04T21:51:36.195-0300] {processor.py:840} INFO - DAG(s) 'example_time_delta_sensor_async' retrieved from /Users/joaovitor/airflow_env/lib/python3.11/site-packages/airflow/example_dags/example_time_delta_sensor_async.py
[2025-11-04T21:51:36.317-0300] {logging_mixin.py:188} INFO - [2025-11-04T21:51:36.316-0300] {dag.py:3089} INFO - Sync 1 DAGs
[2025-11-04T21:51:36.328-0300] {logging_mixin.py:188} INFO - [2025-11-04T21:51:36.328-0300] {dag.py:3947} INFO - Setting next_dagrun for example_time_delta_sensor_async to None, run_after=None
[2025-11-04T21:51:36.351-0300] {processor.py:183} INFO - Processing /Users/joaovitor/airflow_env/lib/python3.11/site-packages/airflow/example_dags/example_time_delta_sensor_async.py took 0.178 seconds
[2025-11-04T21:53:32.679-0300] {processor.py:161} INFO - Started process (PID=31268) to work on /Users/joaovitor/airflow_env/lib/python3.11/site-packages/airflow/example_dags/example_time_delta_sensor_async.py
[2025-11-04T21:53:32.680-0300] {processor.py:830} INFO - Processing file /Users/joaovitor/airflow_env/lib/python3.11/site-packages/airflow/example_dags/example_time_delta_sensor_async.py for tasks to queue
[2025-11-04T21:53:32.681-0300] {logging_mixin.py:188} INFO - [2025-11-04T21:53:32.680-0300] {dagbag.py:545} INFO - Filling up the DagBag from /Users/joaovitor/airflow_env/lib/python3.11/site-packages/airflow/example_dags/example_time_delta_sensor_async.py
[2025-11-04T21:53:32.689-0300] {processor.py:840} INFO - DAG(s) 'example_time_delta_sensor_async' retrieved from /Users/joaovitor/airflow_env/lib/python3.11/site-packages/airflow/example_dags/example_time_delta_sensor_async.py
[2025-11-04T21:53:32.797-0300] {logging_mixin.py:188} INFO - [2025-11-04T21:53:32.797-0300] {dag.py:3089} INFO - Sync 1 DAGs
[2025-11-04T21:53:32.807-0300] {logging_mixin.py:188} INFO - [2025-11-04T21:53:32.806-0300] {dag.py:3947} INFO - Setting next_dagrun for example_time_delta_sensor_async to None, run_after=None
[2025-11-04T21:53:32.831-0300] {processor.py:183} INFO - Processing /Users/joaovitor/airflow_env/lib/python3.11/site-packages/airflow/example_dags/example_time_delta_sensor_async.py took 0.156 seconds
[2025-11-04T21:55:26.282-0300] {processor.py:161} INFO - Started process (PID=31310) to work on /Users/joaovitor/airflow_env/lib/python3.11/site-packages/airflow/example_dags/example_time_delta_sensor_async.py
[2025-11-04T21:55:26.283-0300] {processor.py:830} INFO - Processing file /Users/joaovitor/airflow_env/lib/python3.11/site-packages/airflow/example_dags/example_time_delta_sensor_async.py for tasks to queue
[2025-11-04T21:55:26.284-0300] {logging_mixin.py:188} INFO - [2025-11-04T21:55:26.284-0300] {dagbag.py:545} INFO - Filling up the DagBag from /Users/joaovitor/airflow_env/lib/python3.11/site-packages/airflow/example_dags/example_time_delta_sensor_async.py
[2025-11-04T21:55:26.292-0300] {processor.py:840} INFO - DAG(s) 'example_time_delta_sensor_async' retrieved from /Users/joaovitor/airflow_env/lib/python3.11/site-packages/airflow/example_dags/example_time_delta_sensor_async.py
[2025-11-04T21:55:26.402-0300] {logging_mixin.py:188} INFO - [2025-11-04T21:55:26.401-0300] {dag.py:3089} INFO - Sync 1 DAGs
[2025-11-04T21:55:26.411-0300] {logging_mixin.py:188} INFO - [2025-11-04T21:55:26.411-0300] {dag.py:3947} INFO - Setting next_dagrun for example_time_delta_sensor_async to None, run_after=None
[2025-11-04T21:55:26.432-0300] {processor.py:183} INFO - Processing /Users/joaovitor/airflow_env/lib/python3.11/site-packages/airflow/example_dags/example_time_delta_sensor_async.py took 0.153 seconds
[2025-11-04T21:57:16.057-0300] {processor.py:161} INFO - Started process (PID=31350) to work on /Users/joaovitor/airflow_env/lib/python3.11/site-packages/airflow/example_dags/example_time_delta_sensor_async.py
[2025-11-04T21:57:16.058-0300] {processor.py:830} INFO - Processing file /Users/joaovitor/airflow_env/lib/python3.11/site-packages/airflow/example_dags/example_time_delta_sensor_async.py for tasks to queue
[2025-11-04T21:57:16.058-0300] {logging_mixin.py:188} INFO - [2025-11-04T21:57:16.058-0300] {dagbag.py:545} INFO - Filling up the DagBag from /Users/joaovitor/airflow_env/lib/python3.11/site-packages/airflow/example_dags/example_time_delta_sensor_async.py
[2025-11-04T21:57:16.067-0300] {processor.py:840} INFO - DAG(s) 'example_time_delta_sensor_async' retrieved from /Users/joaovitor/airflow_env/lib/python3.11/site-packages/airflow/example_dags/example_time_delta_sensor_async.py
[2025-11-04T21:57:16.179-0300] {logging_mixin.py:188} INFO - [2025-11-04T21:57:16.179-0300] {dag.py:3089} INFO - Sync 1 DAGs
[2025-11-04T21:57:16.188-0300] {logging_mixin.py:188} INFO - [2025-11-04T21:57:16.188-0300] {dag.py:3947} INFO - Setting next_dagrun for example_time_delta_sensor_async to None, run_after=None
[2025-11-04T21:57:16.209-0300] {processor.py:183} INFO - Processing /Users/joaovitor/airflow_env/lib/python3.11/site-packages/airflow/example_dags/example_time_delta_sensor_async.py took 0.155 seconds
[2025-11-04T21:59:07.448-0300] {processor.py:161} INFO - Started process (PID=31389) to work on /Users/joaovitor/airflow_env/lib/python3.11/site-packages/airflow/example_dags/example_time_delta_sensor_async.py
[2025-11-04T21:59:07.449-0300] {processor.py:830} INFO - Processing file /Users/joaovitor/airflow_env/lib/python3.11/site-packages/airflow/example_dags/example_time_delta_sensor_async.py for tasks to queue
[2025-11-04T21:59:07.450-0300] {logging_mixin.py:188} INFO - [2025-11-04T21:59:07.450-0300] {dagbag.py:545} INFO - Filling up the DagBag from /Users/joaovitor/airflow_env/lib/python3.11/site-packages/airflow/example_dags/example_time_delta_sensor_async.py
[2025-11-04T21:59:07.458-0300] {processor.py:840} INFO - DAG(s) 'example_time_delta_sensor_async' retrieved from /Users/joaovitor/airflow_env/lib/python3.11/site-packages/airflow/example_dags/example_time_delta_sensor_async.py
[2025-11-04T21:59:07.574-0300] {logging_mixin.py:188} INFO - [2025-11-04T21:59:07.573-0300] {dag.py:3089} INFO - Sync 1 DAGs
[2025-11-04T21:59:07.583-0300] {logging_mixin.py:188} INFO - [2025-11-04T21:59:07.583-0300] {dag.py:3947} INFO - Setting next_dagrun for example_time_delta_sensor_async to None, run_after=None
[2025-11-04T21:59:07.606-0300] {processor.py:183} INFO - Processing /Users/joaovitor/airflow_env/lib/python3.11/site-packages/airflow/example_dags/example_time_delta_sensor_async.py took 0.160 seconds
[2025-11-04T22:04:42.134-0300] {processor.py:161} INFO - Started process (PID=31441) to work on /Users/joaovitor/airflow_env/lib/python3.11/site-packages/airflow/example_dags/example_time_delta_sensor_async.py
[2025-11-04T22:04:42.135-0300] {processor.py:830} INFO - Processing file /Users/joaovitor/airflow_env/lib/python3.11/site-packages/airflow/example_dags/example_time_delta_sensor_async.py for tasks to queue
[2025-11-04T22:04:42.135-0300] {logging_mixin.py:188} INFO - [2025-11-04T22:04:42.135-0300] {dagbag.py:545} INFO - Filling up the DagBag from /Users/joaovitor/airflow_env/lib/python3.11/site-packages/airflow/example_dags/example_time_delta_sensor_async.py
[2025-11-04T22:04:42.143-0300] {processor.py:840} INFO - DAG(s) 'example_time_delta_sensor_async' retrieved from /Users/joaovitor/airflow_env/lib/python3.11/site-packages/airflow/example_dags/example_time_delta_sensor_async.py
[2025-11-04T22:04:42.259-0300] {logging_mixin.py:188} INFO - [2025-11-04T22:04:42.259-0300] {dag.py:3089} INFO - Sync 1 DAGs
[2025-11-04T22:04:42.268-0300] {logging_mixin.py:188} INFO - [2025-11-04T22:04:42.268-0300] {dag.py:3947} INFO - Setting next_dagrun for example_time_delta_sensor_async to None, run_after=None
[2025-11-04T22:04:42.295-0300] {processor.py:183} INFO - Processing /Users/joaovitor/airflow_env/lib/python3.11/site-packages/airflow/example_dags/example_time_delta_sensor_async.py took 0.164 seconds
[2025-11-04T22:06:37.673-0300] {processor.py:161} INFO - Started process (PID=31504) to work on /Users/joaovitor/airflow_env/lib/python3.11/site-packages/airflow/example_dags/example_time_delta_sensor_async.py
[2025-11-04T22:06:37.674-0300] {processor.py:830} INFO - Processing file /Users/joaovitor/airflow_env/lib/python3.11/site-packages/airflow/example_dags/example_time_delta_sensor_async.py for tasks to queue
[2025-11-04T22:06:37.674-0300] {logging_mixin.py:188} INFO - [2025-11-04T22:06:37.674-0300] {dagbag.py:545} INFO - Filling up the DagBag from /Users/joaovitor/airflow_env/lib/python3.11/site-packages/airflow/example_dags/example_time_delta_sensor_async.py
[2025-11-04T22:06:37.683-0300] {processor.py:840} INFO - DAG(s) 'example_time_delta_sensor_async' retrieved from /Users/joaovitor/airflow_env/lib/python3.11/site-packages/airflow/example_dags/example_time_delta_sensor_async.py
[2025-11-04T22:06:37.796-0300] {logging_mixin.py:188} INFO - [2025-11-04T22:06:37.795-0300] {dag.py:3089} INFO - Sync 1 DAGs
[2025-11-04T22:06:37.805-0300] {logging_mixin.py:188} INFO - [2025-11-04T22:06:37.805-0300] {dag.py:3947} INFO - Setting next_dagrun for example_time_delta_sensor_async to None, run_after=None
[2025-11-04T22:06:37.828-0300] {processor.py:183} INFO - Processing /Users/joaovitor/airflow_env/lib/python3.11/site-packages/airflow/example_dags/example_time_delta_sensor_async.py took 0.158 seconds
[2025-11-04T22:08:33.265-0300] {processor.py:161} INFO - Started process (PID=31546) to work on /Users/joaovitor/airflow_env/lib/python3.11/site-packages/airflow/example_dags/example_time_delta_sensor_async.py
[2025-11-04T22:08:33.266-0300] {processor.py:830} INFO - Processing file /Users/joaovitor/airflow_env/lib/python3.11/site-packages/airflow/example_dags/example_time_delta_sensor_async.py for tasks to queue
[2025-11-04T22:08:33.266-0300] {logging_mixin.py:188} INFO - [2025-11-04T22:08:33.266-0300] {dagbag.py:545} INFO - Filling up the DagBag from /Users/joaovitor/airflow_env/lib/python3.11/site-packages/airflow/example_dags/example_time_delta_sensor_async.py
[2025-11-04T22:08:33.276-0300] {processor.py:840} INFO - DAG(s) 'example_time_delta_sensor_async' retrieved from /Users/joaovitor/airflow_env/lib/python3.11/site-packages/airflow/example_dags/example_time_delta_sensor_async.py
[2025-11-04T22:08:33.400-0300] {logging_mixin.py:188} INFO - [2025-11-04T22:08:33.399-0300] {dag.py:3089} INFO - Sync 1 DAGs
[2025-11-04T22:08:33.411-0300] {logging_mixin.py:188} INFO - [2025-11-04T22:08:33.411-0300] {dag.py:3947} INFO - Setting next_dagrun for example_time_delta_sensor_async to None, run_after=None
[2025-11-04T22:08:33.434-0300] {processor.py:183} INFO - Processing /Users/joaovitor/airflow_env/lib/python3.11/site-packages/airflow/example_dags/example_time_delta_sensor_async.py took 0.171 seconds
[2025-11-04T22:10:25.467-0300] {processor.py:161} INFO - Started process (PID=31593) to work on /Users/joaovitor/airflow_env/lib/python3.11/site-packages/airflow/example_dags/example_time_delta_sensor_async.py
[2025-11-04T22:10:25.468-0300] {processor.py:830} INFO - Processing file /Users/joaovitor/airflow_env/lib/python3.11/site-packages/airflow/example_dags/example_time_delta_sensor_async.py for tasks to queue
[2025-11-04T22:10:25.468-0300] {logging_mixin.py:188} INFO - [2025-11-04T22:10:25.468-0300] {dagbag.py:545} INFO - Filling up the DagBag from /Users/joaovitor/airflow_env/lib/python3.11/site-packages/airflow/example_dags/example_time_delta_sensor_async.py
[2025-11-04T22:10:25.478-0300] {processor.py:840} INFO - DAG(s) 'example_time_delta_sensor_async' retrieved from /Users/joaovitor/airflow_env/lib/python3.11/site-packages/airflow/example_dags/example_time_delta_sensor_async.py
[2025-11-04T22:10:25.611-0300] {logging_mixin.py:188} INFO - [2025-11-04T22:10:25.611-0300] {dag.py:3089} INFO - Sync 1 DAGs
[2025-11-04T22:10:25.622-0300] {logging_mixin.py:188} INFO - [2025-11-04T22:10:25.621-0300] {dag.py:3947} INFO - Setting next_dagrun for example_time_delta_sensor_async to None, run_after=None
[2025-11-04T22:10:25.646-0300] {processor.py:183} INFO - Processing /Users/joaovitor/airflow_env/lib/python3.11/site-packages/airflow/example_dags/example_time_delta_sensor_async.py took 0.182 seconds
[2025-11-04T22:12:24.791-0300] {processor.py:161} INFO - Started process (PID=31638) to work on /Users/joaovitor/airflow_env/lib/python3.11/site-packages/airflow/example_dags/example_time_delta_sensor_async.py
[2025-11-04T22:12:24.792-0300] {processor.py:830} INFO - Processing file /Users/joaovitor/airflow_env/lib/python3.11/site-packages/airflow/example_dags/example_time_delta_sensor_async.py for tasks to queue
[2025-11-04T22:12:24.793-0300] {logging_mixin.py:188} INFO - [2025-11-04T22:12:24.792-0300] {dagbag.py:545} INFO - Filling up the DagBag from /Users/joaovitor/airflow_env/lib/python3.11/site-packages/airflow/example_dags/example_time_delta_sensor_async.py
[2025-11-04T22:12:24.802-0300] {processor.py:840} INFO - DAG(s) 'example_time_delta_sensor_async' retrieved from /Users/joaovitor/airflow_env/lib/python3.11/site-packages/airflow/example_dags/example_time_delta_sensor_async.py
[2025-11-04T22:12:24.935-0300] {logging_mixin.py:188} INFO - [2025-11-04T22:12:24.934-0300] {dag.py:3089} INFO - Sync 1 DAGs
[2025-11-04T22:12:24.952-0300] {logging_mixin.py:188} INFO - [2025-11-04T22:12:24.952-0300] {dag.py:3947} INFO - Setting next_dagrun for example_time_delta_sensor_async to None, run_after=None
[2025-11-04T22:12:24.976-0300] {processor.py:183} INFO - Processing /Users/joaovitor/airflow_env/lib/python3.11/site-packages/airflow/example_dags/example_time_delta_sensor_async.py took 0.189 seconds
[2025-11-04T22:14:25.779-0300] {processor.py:161} INFO - Started process (PID=31689) to work on /Users/joaovitor/airflow_env/lib/python3.11/site-packages/airflow/example_dags/example_time_delta_sensor_async.py
[2025-11-04T22:14:25.780-0300] {processor.py:830} INFO - Processing file /Users/joaovitor/airflow_env/lib/python3.11/site-packages/airflow/example_dags/example_time_delta_sensor_async.py for tasks to queue
[2025-11-04T22:14:25.781-0300] {logging_mixin.py:188} INFO - [2025-11-04T22:14:25.780-0300] {dagbag.py:545} INFO - Filling up the DagBag from /Users/joaovitor/airflow_env/lib/python3.11/site-packages/airflow/example_dags/example_time_delta_sensor_async.py
[2025-11-04T22:14:25.790-0300] {processor.py:840} INFO - DAG(s) 'example_time_delta_sensor_async' retrieved from /Users/joaovitor/airflow_env/lib/python3.11/site-packages/airflow/example_dags/example_time_delta_sensor_async.py
[2025-11-04T22:14:25.915-0300] {logging_mixin.py:188} INFO - [2025-11-04T22:14:25.914-0300] {dag.py:3089} INFO - Sync 1 DAGs
[2025-11-04T22:14:25.925-0300] {logging_mixin.py:188} INFO - [2025-11-04T22:14:25.924-0300] {dag.py:3947} INFO - Setting next_dagrun for example_time_delta_sensor_async to None, run_after=None
[2025-11-04T22:14:25.948-0300] {processor.py:183} INFO - Processing /Users/joaovitor/airflow_env/lib/python3.11/site-packages/airflow/example_dags/example_time_delta_sensor_async.py took 0.171 seconds
[2025-11-04T22:16:35.829-0300] {processor.py:161} INFO - Started process (PID=31747) to work on /Users/joaovitor/airflow_env/lib/python3.11/site-packages/airflow/example_dags/example_time_delta_sensor_async.py
[2025-11-04T22:16:35.830-0300] {processor.py:830} INFO - Processing file /Users/joaovitor/airflow_env/lib/python3.11/site-packages/airflow/example_dags/example_time_delta_sensor_async.py for tasks to queue
[2025-11-04T22:16:35.830-0300] {logging_mixin.py:188} INFO - [2025-11-04T22:16:35.830-0300] {dagbag.py:545} INFO - Filling up the DagBag from /Users/joaovitor/airflow_env/lib/python3.11/site-packages/airflow/example_dags/example_time_delta_sensor_async.py
[2025-11-04T22:16:35.839-0300] {processor.py:840} INFO - DAG(s) 'example_time_delta_sensor_async' retrieved from /Users/joaovitor/airflow_env/lib/python3.11/site-packages/airflow/example_dags/example_time_delta_sensor_async.py
[2025-11-04T22:16:35.964-0300] {logging_mixin.py:188} INFO - [2025-11-04T22:16:35.963-0300] {dag.py:3089} INFO - Sync 1 DAGs
[2025-11-04T22:16:35.974-0300] {logging_mixin.py:188} INFO - [2025-11-04T22:16:35.974-0300] {dag.py:3947} INFO - Setting next_dagrun for example_time_delta_sensor_async to None, run_after=None
[2025-11-04T22:16:35.997-0300] {processor.py:183} INFO - Processing /Users/joaovitor/airflow_env/lib/python3.11/site-packages/airflow/example_dags/example_time_delta_sensor_async.py took 0.172 seconds
[2025-11-04T22:18:32.157-0300] {processor.py:161} INFO - Started process (PID=31794) to work on /Users/joaovitor/airflow_env/lib/python3.11/site-packages/airflow/example_dags/example_time_delta_sensor_async.py
[2025-11-04T22:18:32.159-0300] {processor.py:830} INFO - Processing file /Users/joaovitor/airflow_env/lib/python3.11/site-packages/airflow/example_dags/example_time_delta_sensor_async.py for tasks to queue
[2025-11-04T22:18:32.160-0300] {logging_mixin.py:188} INFO - [2025-11-04T22:18:32.160-0300] {dagbag.py:545} INFO - Filling up the DagBag from /Users/joaovitor/airflow_env/lib/python3.11/site-packages/airflow/example_dags/example_time_delta_sensor_async.py
[2025-11-04T22:18:32.173-0300] {processor.py:840} INFO - DAG(s) 'example_time_delta_sensor_async' retrieved from /Users/joaovitor/airflow_env/lib/python3.11/site-packages/airflow/example_dags/example_time_delta_sensor_async.py
[2025-11-04T22:18:32.318-0300] {logging_mixin.py:188} INFO - [2025-11-04T22:18:32.318-0300] {dag.py:3089} INFO - Sync 1 DAGs
[2025-11-04T22:18:32.333-0300] {logging_mixin.py:188} INFO - [2025-11-04T22:18:32.333-0300] {dag.py:3947} INFO - Setting next_dagrun for example_time_delta_sensor_async to None, run_after=None
[2025-11-04T22:18:32.360-0300] {processor.py:183} INFO - Processing /Users/joaovitor/airflow_env/lib/python3.11/site-packages/airflow/example_dags/example_time_delta_sensor_async.py took 0.207 seconds
[2025-11-04T22:20:35.840-0300] {processor.py:161} INFO - Started process (PID=31835) to work on /Users/joaovitor/airflow_env/lib/python3.11/site-packages/airflow/example_dags/example_time_delta_sensor_async.py
[2025-11-04T22:20:35.842-0300] {processor.py:830} INFO - Processing file /Users/joaovitor/airflow_env/lib/python3.11/site-packages/airflow/example_dags/example_time_delta_sensor_async.py for tasks to queue
[2025-11-04T22:20:35.843-0300] {logging_mixin.py:188} INFO - [2025-11-04T22:20:35.843-0300] {dagbag.py:545} INFO - Filling up the DagBag from /Users/joaovitor/airflow_env/lib/python3.11/site-packages/airflow/example_dags/example_time_delta_sensor_async.py
[2025-11-04T22:20:35.856-0300] {processor.py:840} INFO - DAG(s) 'example_time_delta_sensor_async' retrieved from /Users/joaovitor/airflow_env/lib/python3.11/site-packages/airflow/example_dags/example_time_delta_sensor_async.py
[2025-11-04T22:20:35.981-0300] {logging_mixin.py:188} INFO - [2025-11-04T22:20:35.980-0300] {dag.py:3089} INFO - Sync 1 DAGs
[2025-11-04T22:20:35.991-0300] {logging_mixin.py:188} INFO - [2025-11-04T22:20:35.991-0300] {dag.py:3947} INFO - Setting next_dagrun for example_time_delta_sensor_async to None, run_after=None
[2025-11-04T22:20:36.016-0300] {processor.py:183} INFO - Processing /Users/joaovitor/airflow_env/lib/python3.11/site-packages/airflow/example_dags/example_time_delta_sensor_async.py took 0.179 seconds
[2025-11-04T22:22:43.202-0300] {processor.py:161} INFO - Started process (PID=31934) to work on /Users/joaovitor/airflow_env/lib/python3.11/site-packages/airflow/example_dags/example_time_delta_sensor_async.py
[2025-11-04T22:22:43.204-0300] {processor.py:830} INFO - Processing file /Users/joaovitor/airflow_env/lib/python3.11/site-packages/airflow/example_dags/example_time_delta_sensor_async.py for tasks to queue
[2025-11-04T22:22:43.205-0300] {logging_mixin.py:188} INFO - [2025-11-04T22:22:43.205-0300] {dagbag.py:545} INFO - Filling up the DagBag from /Users/joaovitor/airflow_env/lib/python3.11/site-packages/airflow/example_dags/example_time_delta_sensor_async.py
[2025-11-04T22:22:43.219-0300] {processor.py:840} INFO - DAG(s) 'example_time_delta_sensor_async' retrieved from /Users/joaovitor/airflow_env/lib/python3.11/site-packages/airflow/example_dags/example_time_delta_sensor_async.py
[2025-11-04T22:22:43.343-0300] {logging_mixin.py:188} INFO - [2025-11-04T22:22:43.343-0300] {dag.py:3089} INFO - Sync 1 DAGs
[2025-11-04T22:22:43.354-0300] {logging_mixin.py:188} INFO - [2025-11-04T22:22:43.354-0300] {dag.py:3947} INFO - Setting next_dagrun for example_time_delta_sensor_async to None, run_after=None
[2025-11-04T22:22:43.378-0300] {processor.py:183} INFO - Processing /Users/joaovitor/airflow_env/lib/python3.11/site-packages/airflow/example_dags/example_time_delta_sensor_async.py took 0.179 seconds
[2025-11-04T22:24:48.576-0300] {processor.py:161} INFO - Started process (PID=31975) to work on /Users/joaovitor/airflow_env/lib/python3.11/site-packages/airflow/example_dags/example_time_delta_sensor_async.py
[2025-11-04T22:24:48.577-0300] {processor.py:830} INFO - Processing file /Users/joaovitor/airflow_env/lib/python3.11/site-packages/airflow/example_dags/example_time_delta_sensor_async.py for tasks to queue
[2025-11-04T22:24:48.577-0300] {logging_mixin.py:188} INFO - [2025-11-04T22:24:48.577-0300] {dagbag.py:545} INFO - Filling up the DagBag from /Users/joaovitor/airflow_env/lib/python3.11/site-packages/airflow/example_dags/example_time_delta_sensor_async.py
[2025-11-04T22:24:48.586-0300] {processor.py:840} INFO - DAG(s) 'example_time_delta_sensor_async' retrieved from /Users/joaovitor/airflow_env/lib/python3.11/site-packages/airflow/example_dags/example_time_delta_sensor_async.py
[2025-11-04T22:24:48.721-0300] {logging_mixin.py:188} INFO - [2025-11-04T22:24:48.720-0300] {dag.py:3089} INFO - Sync 1 DAGs
[2025-11-04T22:24:48.731-0300] {logging_mixin.py:188} INFO - [2025-11-04T22:24:48.731-0300] {dag.py:3947} INFO - Setting next_dagrun for example_time_delta_sensor_async to None, run_after=None
[2025-11-04T22:24:48.756-0300] {processor.py:183} INFO - Processing /Users/joaovitor/airflow_env/lib/python3.11/site-packages/airflow/example_dags/example_time_delta_sensor_async.py took 0.183 seconds
[2025-11-04T22:26:54.723-0300] {processor.py:161} INFO - Started process (PID=32017) to work on /Users/joaovitor/airflow_env/lib/python3.11/site-packages/airflow/example_dags/example_time_delta_sensor_async.py
[2025-11-04T22:26:54.724-0300] {processor.py:830} INFO - Processing file /Users/joaovitor/airflow_env/lib/python3.11/site-packages/airflow/example_dags/example_time_delta_sensor_async.py for tasks to queue
[2025-11-04T22:26:54.725-0300] {logging_mixin.py:188} INFO - [2025-11-04T22:26:54.724-0300] {dagbag.py:545} INFO - Filling up the DagBag from /Users/joaovitor/airflow_env/lib/python3.11/site-packages/airflow/example_dags/example_time_delta_sensor_async.py
[2025-11-04T22:26:54.735-0300] {processor.py:840} INFO - DAG(s) 'example_time_delta_sensor_async' retrieved from /Users/joaovitor/airflow_env/lib/python3.11/site-packages/airflow/example_dags/example_time_delta_sensor_async.py
[2025-11-04T22:26:54.864-0300] {logging_mixin.py:188} INFO - [2025-11-04T22:26:54.863-0300] {dag.py:3089} INFO - Sync 1 DAGs
[2025-11-04T22:26:54.874-0300] {logging_mixin.py:188} INFO - [2025-11-04T22:26:54.874-0300] {dag.py:3947} INFO - Setting next_dagrun for example_time_delta_sensor_async to None, run_after=None
[2025-11-04T22:26:54.901-0300] {processor.py:183} INFO - Processing /Users/joaovitor/airflow_env/lib/python3.11/site-packages/airflow/example_dags/example_time_delta_sensor_async.py took 0.181 seconds
[2025-11-04T22:29:04.033-0300] {processor.py:161} INFO - Started process (PID=32059) to work on /Users/joaovitor/airflow_env/lib/python3.11/site-packages/airflow/example_dags/example_time_delta_sensor_async.py
[2025-11-04T22:29:04.034-0300] {processor.py:830} INFO - Processing file /Users/joaovitor/airflow_env/lib/python3.11/site-packages/airflow/example_dags/example_time_delta_sensor_async.py for tasks to queue
[2025-11-04T22:29:04.035-0300] {logging_mixin.py:188} INFO - [2025-11-04T22:29:04.034-0300] {dagbag.py:545} INFO - Filling up the DagBag from /Users/joaovitor/airflow_env/lib/python3.11/site-packages/airflow/example_dags/example_time_delta_sensor_async.py
[2025-11-04T22:29:04.044-0300] {processor.py:840} INFO - DAG(s) 'example_time_delta_sensor_async' retrieved from /Users/joaovitor/airflow_env/lib/python3.11/site-packages/airflow/example_dags/example_time_delta_sensor_async.py
[2025-11-04T22:29:04.175-0300] {logging_mixin.py:188} INFO - [2025-11-04T22:29:04.174-0300] {dag.py:3089} INFO - Sync 1 DAGs
[2025-11-04T22:29:04.185-0300] {logging_mixin.py:188} INFO - [2025-11-04T22:29:04.185-0300] {dag.py:3947} INFO - Setting next_dagrun for example_time_delta_sensor_async to None, run_after=None
[2025-11-04T22:29:04.213-0300] {processor.py:183} INFO - Processing /Users/joaovitor/airflow_env/lib/python3.11/site-packages/airflow/example_dags/example_time_delta_sensor_async.py took 0.183 seconds
[2025-11-04T22:31:25.213-0300] {processor.py:161} INFO - Started process (PID=32154) to work on /Users/joaovitor/airflow_env/lib/python3.11/site-packages/airflow/example_dags/example_time_delta_sensor_async.py
[2025-11-04T22:31:25.216-0300] {processor.py:830} INFO - Processing file /Users/joaovitor/airflow_env/lib/python3.11/site-packages/airflow/example_dags/example_time_delta_sensor_async.py for tasks to queue
[2025-11-04T22:31:25.217-0300] {logging_mixin.py:188} INFO - [2025-11-04T22:31:25.216-0300] {dagbag.py:545} INFO - Filling up the DagBag from /Users/joaovitor/airflow_env/lib/python3.11/site-packages/airflow/example_dags/example_time_delta_sensor_async.py
[2025-11-04T22:31:25.230-0300] {processor.py:840} INFO - DAG(s) 'example_time_delta_sensor_async' retrieved from /Users/joaovitor/airflow_env/lib/python3.11/site-packages/airflow/example_dags/example_time_delta_sensor_async.py
[2025-11-04T22:31:25.355-0300] {logging_mixin.py:188} INFO - [2025-11-04T22:31:25.355-0300] {dag.py:3089} INFO - Sync 1 DAGs
[2025-11-04T22:31:25.366-0300] {logging_mixin.py:188} INFO - [2025-11-04T22:31:25.365-0300] {dag.py:3947} INFO - Setting next_dagrun for example_time_delta_sensor_async to None, run_after=None
[2025-11-04T22:31:25.390-0300] {processor.py:183} INFO - Processing /Users/joaovitor/airflow_env/lib/python3.11/site-packages/airflow/example_dags/example_time_delta_sensor_async.py took 0.180 seconds
[2025-11-04T22:34:12.661-0300] {processor.py:161} INFO - Started process (PID=32329) to work on /Users/joaovitor/airflow_env/lib/python3.11/site-packages/airflow/example_dags/example_time_delta_sensor_async.py
[2025-11-04T22:34:12.664-0300] {processor.py:830} INFO - Processing file /Users/joaovitor/airflow_env/lib/python3.11/site-packages/airflow/example_dags/example_time_delta_sensor_async.py for tasks to queue
[2025-11-04T22:34:12.665-0300] {logging_mixin.py:188} INFO - [2025-11-04T22:34:12.664-0300] {dagbag.py:545} INFO - Filling up the DagBag from /Users/joaovitor/airflow_env/lib/python3.11/site-packages/airflow/example_dags/example_time_delta_sensor_async.py
[2025-11-04T22:34:12.678-0300] {processor.py:840} INFO - DAG(s) 'example_time_delta_sensor_async' retrieved from /Users/joaovitor/airflow_env/lib/python3.11/site-packages/airflow/example_dags/example_time_delta_sensor_async.py
[2025-11-04T22:34:12.794-0300] {logging_mixin.py:188} INFO - [2025-11-04T22:34:12.793-0300] {dag.py:3089} INFO - Sync 1 DAGs
[2025-11-04T22:34:12.803-0300] {logging_mixin.py:188} INFO - [2025-11-04T22:34:12.803-0300] {dag.py:3947} INFO - Setting next_dagrun for example_time_delta_sensor_async to None, run_after=None
[2025-11-04T22:34:12.825-0300] {processor.py:183} INFO - Processing /Users/joaovitor/airflow_env/lib/python3.11/site-packages/airflow/example_dags/example_time_delta_sensor_async.py took 0.166 seconds
[2025-11-04T22:36:21.613-0300] {processor.py:161} INFO - Started process (PID=32428) to work on /Users/joaovitor/airflow_env/lib/python3.11/site-packages/airflow/example_dags/example_time_delta_sensor_async.py
[2025-11-04T22:36:21.615-0300] {processor.py:830} INFO - Processing file /Users/joaovitor/airflow_env/lib/python3.11/site-packages/airflow/example_dags/example_time_delta_sensor_async.py for tasks to queue
[2025-11-04T22:36:21.616-0300] {logging_mixin.py:188} INFO - [2025-11-04T22:36:21.616-0300] {dagbag.py:545} INFO - Filling up the DagBag from /Users/joaovitor/airflow_env/lib/python3.11/site-packages/airflow/example_dags/example_time_delta_sensor_async.py
[2025-11-04T22:36:21.630-0300] {processor.py:840} INFO - DAG(s) 'example_time_delta_sensor_async' retrieved from /Users/joaovitor/airflow_env/lib/python3.11/site-packages/airflow/example_dags/example_time_delta_sensor_async.py
[2025-11-04T22:36:21.825-0300] {logging_mixin.py:188} INFO - [2025-11-04T22:36:21.824-0300] {dag.py:3089} INFO - Sync 1 DAGs
[2025-11-04T22:36:21.838-0300] {logging_mixin.py:188} INFO - [2025-11-04T22:36:21.838-0300] {dag.py:3947} INFO - Setting next_dagrun for example_time_delta_sensor_async to None, run_after=None
[2025-11-04T22:36:21.867-0300] {processor.py:183} INFO - Processing /Users/joaovitor/airflow_env/lib/python3.11/site-packages/airflow/example_dags/example_time_delta_sensor_async.py took 0.259 seconds
[2025-11-04T22:38:46.699-0300] {processor.py:161} INFO - Started process (PID=32661) to work on /Users/joaovitor/airflow_env/lib/python3.11/site-packages/airflow/example_dags/example_time_delta_sensor_async.py
[2025-11-04T22:38:46.701-0300] {processor.py:830} INFO - Processing file /Users/joaovitor/airflow_env/lib/python3.11/site-packages/airflow/example_dags/example_time_delta_sensor_async.py for tasks to queue
[2025-11-04T22:38:46.702-0300] {logging_mixin.py:188} INFO - [2025-11-04T22:38:46.702-0300] {dagbag.py:545} INFO - Filling up the DagBag from /Users/joaovitor/airflow_env/lib/python3.11/site-packages/airflow/example_dags/example_time_delta_sensor_async.py
[2025-11-04T22:38:46.720-0300] {processor.py:840} INFO - DAG(s) 'example_time_delta_sensor_async' retrieved from /Users/joaovitor/airflow_env/lib/python3.11/site-packages/airflow/example_dags/example_time_delta_sensor_async.py
[2025-11-04T22:38:46.951-0300] {logging_mixin.py:188} INFO - [2025-11-04T22:38:46.950-0300] {dag.py:3089} INFO - Sync 1 DAGs
[2025-11-04T22:38:46.962-0300] {logging_mixin.py:188} INFO - [2025-11-04T22:38:46.962-0300] {dag.py:3947} INFO - Setting next_dagrun for example_time_delta_sensor_async to None, run_after=None
[2025-11-04T22:38:46.987-0300] {processor.py:183} INFO - Processing /Users/joaovitor/airflow_env/lib/python3.11/site-packages/airflow/example_dags/example_time_delta_sensor_async.py took 0.291 seconds
[2025-11-04T22:41:08.095-0300] {processor.py:161} INFO - Started process (PID=32707) to work on /Users/joaovitor/airflow_env/lib/python3.11/site-packages/airflow/example_dags/example_time_delta_sensor_async.py
[2025-11-04T22:41:08.096-0300] {processor.py:830} INFO - Processing file /Users/joaovitor/airflow_env/lib/python3.11/site-packages/airflow/example_dags/example_time_delta_sensor_async.py for tasks to queue
[2025-11-04T22:41:08.098-0300] {logging_mixin.py:188} INFO - [2025-11-04T22:41:08.097-0300] {dagbag.py:545} INFO - Filling up the DagBag from /Users/joaovitor/airflow_env/lib/python3.11/site-packages/airflow/example_dags/example_time_delta_sensor_async.py
[2025-11-04T22:41:08.116-0300] {processor.py:840} INFO - DAG(s) 'example_time_delta_sensor_async' retrieved from /Users/joaovitor/airflow_env/lib/python3.11/site-packages/airflow/example_dags/example_time_delta_sensor_async.py
[2025-11-04T22:41:08.272-0300] {logging_mixin.py:188} INFO - [2025-11-04T22:41:08.271-0300] {dag.py:3089} INFO - Sync 1 DAGs
[2025-11-04T22:41:08.283-0300] {logging_mixin.py:188} INFO - [2025-11-04T22:41:08.283-0300] {dag.py:3947} INFO - Setting next_dagrun for example_time_delta_sensor_async to None, run_after=None
[2025-11-04T22:41:08.308-0300] {processor.py:183} INFO - Processing /Users/joaovitor/airflow_env/lib/python3.11/site-packages/airflow/example_dags/example_time_delta_sensor_async.py took 0.216 seconds
[2025-11-04T22:43:31.539-0300] {processor.py:161} INFO - Started process (PID=32774) to work on /Users/joaovitor/airflow_env/lib/python3.11/site-packages/airflow/example_dags/example_time_delta_sensor_async.py
[2025-11-04T22:43:31.541-0300] {processor.py:830} INFO - Processing file /Users/joaovitor/airflow_env/lib/python3.11/site-packages/airflow/example_dags/example_time_delta_sensor_async.py for tasks to queue
[2025-11-04T22:43:31.542-0300] {logging_mixin.py:188} INFO - [2025-11-04T22:43:31.542-0300] {dagbag.py:545} INFO - Filling up the DagBag from /Users/joaovitor/airflow_env/lib/python3.11/site-packages/airflow/example_dags/example_time_delta_sensor_async.py
[2025-11-04T22:43:31.552-0300] {processor.py:840} INFO - DAG(s) 'example_time_delta_sensor_async' retrieved from /Users/joaovitor/airflow_env/lib/python3.11/site-packages/airflow/example_dags/example_time_delta_sensor_async.py
[2025-11-04T22:43:31.673-0300] {logging_mixin.py:188} INFO - [2025-11-04T22:43:31.673-0300] {dag.py:3089} INFO - Sync 1 DAGs
[2025-11-04T22:43:31.684-0300] {logging_mixin.py:188} INFO - [2025-11-04T22:43:31.684-0300] {dag.py:3947} INFO - Setting next_dagrun for example_time_delta_sensor_async to None, run_after=None
[2025-11-04T22:43:31.705-0300] {processor.py:183} INFO - Processing /Users/joaovitor/airflow_env/lib/python3.11/site-packages/airflow/example_dags/example_time_delta_sensor_async.py took 0.169 seconds
[2025-11-04T22:45:49.351-0300] {processor.py:161} INFO - Started process (PID=32818) to work on /Users/joaovitor/airflow_env/lib/python3.11/site-packages/airflow/example_dags/example_time_delta_sensor_async.py
[2025-11-04T22:45:49.352-0300] {processor.py:830} INFO - Processing file /Users/joaovitor/airflow_env/lib/python3.11/site-packages/airflow/example_dags/example_time_delta_sensor_async.py for tasks to queue
[2025-11-04T22:45:49.353-0300] {logging_mixin.py:188} INFO - [2025-11-04T22:45:49.353-0300] {dagbag.py:545} INFO - Filling up the DagBag from /Users/joaovitor/airflow_env/lib/python3.11/site-packages/airflow/example_dags/example_time_delta_sensor_async.py
[2025-11-04T22:45:49.364-0300] {processor.py:840} INFO - DAG(s) 'example_time_delta_sensor_async' retrieved from /Users/joaovitor/airflow_env/lib/python3.11/site-packages/airflow/example_dags/example_time_delta_sensor_async.py
[2025-11-04T22:45:49.494-0300] {logging_mixin.py:188} INFO - [2025-11-04T22:45:49.494-0300] {dag.py:3089} INFO - Sync 1 DAGs
[2025-11-04T22:45:49.505-0300] {logging_mixin.py:188} INFO - [2025-11-04T22:45:49.504-0300] {dag.py:3947} INFO - Setting next_dagrun for example_time_delta_sensor_async to None, run_after=None
[2025-11-04T22:45:49.528-0300] {processor.py:183} INFO - Processing /Users/joaovitor/airflow_env/lib/python3.11/site-packages/airflow/example_dags/example_time_delta_sensor_async.py took 0.179 seconds
[2025-11-04T22:48:05.264-0300] {processor.py:161} INFO - Started process (PID=32878) to work on /Users/joaovitor/airflow_env/lib/python3.11/site-packages/airflow/example_dags/example_time_delta_sensor_async.py
[2025-11-04T22:48:05.266-0300] {processor.py:830} INFO - Processing file /Users/joaovitor/airflow_env/lib/python3.11/site-packages/airflow/example_dags/example_time_delta_sensor_async.py for tasks to queue
[2025-11-04T22:48:05.267-0300] {logging_mixin.py:188} INFO - [2025-11-04T22:48:05.267-0300] {dagbag.py:545} INFO - Filling up the DagBag from /Users/joaovitor/airflow_env/lib/python3.11/site-packages/airflow/example_dags/example_time_delta_sensor_async.py
[2025-11-04T22:48:05.284-0300] {processor.py:840} INFO - DAG(s) 'example_time_delta_sensor_async' retrieved from /Users/joaovitor/airflow_env/lib/python3.11/site-packages/airflow/example_dags/example_time_delta_sensor_async.py
[2025-11-04T22:48:05.406-0300] {logging_mixin.py:188} INFO - [2025-11-04T22:48:05.406-0300] {dag.py:3089} INFO - Sync 1 DAGs
[2025-11-04T22:48:05.418-0300] {logging_mixin.py:188} INFO - [2025-11-04T22:48:05.418-0300] {dag.py:3947} INFO - Setting next_dagrun for example_time_delta_sensor_async to None, run_after=None
[2025-11-04T22:48:05.439-0300] {processor.py:183} INFO - Processing /Users/joaovitor/airflow_env/lib/python3.11/site-packages/airflow/example_dags/example_time_delta_sensor_async.py took 0.178 seconds
[2025-11-04T22:50:15.447-0300] {processor.py:161} INFO - Started process (PID=32943) to work on /Users/joaovitor/airflow_env/lib/python3.11/site-packages/airflow/example_dags/example_time_delta_sensor_async.py
[2025-11-04T22:50:15.449-0300] {processor.py:830} INFO - Processing file /Users/joaovitor/airflow_env/lib/python3.11/site-packages/airflow/example_dags/example_time_delta_sensor_async.py for tasks to queue
[2025-11-04T22:50:15.450-0300] {logging_mixin.py:188} INFO - [2025-11-04T22:50:15.450-0300] {dagbag.py:545} INFO - Filling up the DagBag from /Users/joaovitor/airflow_env/lib/python3.11/site-packages/airflow/example_dags/example_time_delta_sensor_async.py
[2025-11-04T22:50:15.464-0300] {processor.py:840} INFO - DAG(s) 'example_time_delta_sensor_async' retrieved from /Users/joaovitor/airflow_env/lib/python3.11/site-packages/airflow/example_dags/example_time_delta_sensor_async.py
[2025-11-04T22:50:15.591-0300] {logging_mixin.py:188} INFO - [2025-11-04T22:50:15.591-0300] {dag.py:3089} INFO - Sync 1 DAGs
[2025-11-04T22:50:15.604-0300] {logging_mixin.py:188} INFO - [2025-11-04T22:50:15.604-0300] {dag.py:3947} INFO - Setting next_dagrun for example_time_delta_sensor_async to None, run_after=None
[2025-11-04T22:50:15.628-0300] {processor.py:183} INFO - Processing /Users/joaovitor/airflow_env/lib/python3.11/site-packages/airflow/example_dags/example_time_delta_sensor_async.py took 0.184 seconds
[2025-11-04T22:52:35.399-0300] {processor.py:161} INFO - Started process (PID=32989) to work on /Users/joaovitor/airflow_env/lib/python3.11/site-packages/airflow/example_dags/example_time_delta_sensor_async.py
[2025-11-04T22:52:35.402-0300] {processor.py:830} INFO - Processing file /Users/joaovitor/airflow_env/lib/python3.11/site-packages/airflow/example_dags/example_time_delta_sensor_async.py for tasks to queue
[2025-11-04T22:52:35.403-0300] {logging_mixin.py:188} INFO - [2025-11-04T22:52:35.402-0300] {dagbag.py:545} INFO - Filling up the DagBag from /Users/joaovitor/airflow_env/lib/python3.11/site-packages/airflow/example_dags/example_time_delta_sensor_async.py
[2025-11-04T22:52:35.421-0300] {processor.py:840} INFO - DAG(s) 'example_time_delta_sensor_async' retrieved from /Users/joaovitor/airflow_env/lib/python3.11/site-packages/airflow/example_dags/example_time_delta_sensor_async.py
[2025-11-04T22:52:35.548-0300] {logging_mixin.py:188} INFO - [2025-11-04T22:52:35.547-0300] {dag.py:3089} INFO - Sync 1 DAGs
[2025-11-04T22:52:35.564-0300] {logging_mixin.py:188} INFO - [2025-11-04T22:52:35.564-0300] {dag.py:3947} INFO - Setting next_dagrun for example_time_delta_sensor_async to None, run_after=None
[2025-11-04T22:52:35.588-0300] {processor.py:183} INFO - Processing /Users/joaovitor/airflow_env/lib/python3.11/site-packages/airflow/example_dags/example_time_delta_sensor_async.py took 0.192 seconds
[2025-11-04T22:54:57.624-0300] {processor.py:161} INFO - Started process (PID=33043) to work on /Users/joaovitor/airflow_env/lib/python3.11/site-packages/airflow/example_dags/example_time_delta_sensor_async.py
[2025-11-04T22:54:57.626-0300] {processor.py:830} INFO - Processing file /Users/joaovitor/airflow_env/lib/python3.11/site-packages/airflow/example_dags/example_time_delta_sensor_async.py for tasks to queue
[2025-11-04T22:54:57.627-0300] {logging_mixin.py:188} INFO - [2025-11-04T22:54:57.627-0300] {dagbag.py:545} INFO - Filling up the DagBag from /Users/joaovitor/airflow_env/lib/python3.11/site-packages/airflow/example_dags/example_time_delta_sensor_async.py
[2025-11-04T22:54:57.638-0300] {processor.py:840} INFO - DAG(s) 'example_time_delta_sensor_async' retrieved from /Users/joaovitor/airflow_env/lib/python3.11/site-packages/airflow/example_dags/example_time_delta_sensor_async.py
[2025-11-04T22:54:57.771-0300] {logging_mixin.py:188} INFO - [2025-11-04T22:54:57.771-0300] {dag.py:3089} INFO - Sync 1 DAGs
[2025-11-04T22:54:57.785-0300] {logging_mixin.py:188} INFO - [2025-11-04T22:54:57.784-0300] {dag.py:3947} INFO - Setting next_dagrun for example_time_delta_sensor_async to None, run_after=None
[2025-11-04T22:54:57.806-0300] {processor.py:183} INFO - Processing /Users/joaovitor/airflow_env/lib/python3.11/site-packages/airflow/example_dags/example_time_delta_sensor_async.py took 0.194 seconds
[2025-11-04T22:57:08.734-0300] {processor.py:161} INFO - Started process (PID=33086) to work on /Users/joaovitor/airflow_env/lib/python3.11/site-packages/airflow/example_dags/example_time_delta_sensor_async.py
[2025-11-04T22:57:08.735-0300] {processor.py:830} INFO - Processing file /Users/joaovitor/airflow_env/lib/python3.11/site-packages/airflow/example_dags/example_time_delta_sensor_async.py for tasks to queue
[2025-11-04T22:57:08.735-0300] {logging_mixin.py:188} INFO - [2025-11-04T22:57:08.735-0300] {dagbag.py:545} INFO - Filling up the DagBag from /Users/joaovitor/airflow_env/lib/python3.11/site-packages/airflow/example_dags/example_time_delta_sensor_async.py
[2025-11-04T22:57:08.744-0300] {processor.py:840} INFO - DAG(s) 'example_time_delta_sensor_async' retrieved from /Users/joaovitor/airflow_env/lib/python3.11/site-packages/airflow/example_dags/example_time_delta_sensor_async.py
[2025-11-04T22:57:08.873-0300] {logging_mixin.py:188} INFO - [2025-11-04T22:57:08.872-0300] {dag.py:3089} INFO - Sync 1 DAGs
[2025-11-04T22:57:08.885-0300] {logging_mixin.py:188} INFO - [2025-11-04T22:57:08.885-0300] {dag.py:3947} INFO - Setting next_dagrun for example_time_delta_sensor_async to None, run_after=None
[2025-11-04T22:57:08.907-0300] {processor.py:183} INFO - Processing /Users/joaovitor/airflow_env/lib/python3.11/site-packages/airflow/example_dags/example_time_delta_sensor_async.py took 0.176 seconds
[2025-11-04T22:59:27.596-0300] {processor.py:161} INFO - Started process (PID=33132) to work on /Users/joaovitor/airflow_env/lib/python3.11/site-packages/airflow/example_dags/example_time_delta_sensor_async.py
[2025-11-04T22:59:27.597-0300] {processor.py:830} INFO - Processing file /Users/joaovitor/airflow_env/lib/python3.11/site-packages/airflow/example_dags/example_time_delta_sensor_async.py for tasks to queue
[2025-11-04T22:59:27.597-0300] {logging_mixin.py:188} INFO - [2025-11-04T22:59:27.597-0300] {dagbag.py:545} INFO - Filling up the DagBag from /Users/joaovitor/airflow_env/lib/python3.11/site-packages/airflow/example_dags/example_time_delta_sensor_async.py
[2025-11-04T22:59:27.606-0300] {processor.py:840} INFO - DAG(s) 'example_time_delta_sensor_async' retrieved from /Users/joaovitor/airflow_env/lib/python3.11/site-packages/airflow/example_dags/example_time_delta_sensor_async.py
[2025-11-04T22:59:27.722-0300] {logging_mixin.py:188} INFO - [2025-11-04T22:59:27.721-0300] {dag.py:3089} INFO - Sync 1 DAGs
[2025-11-04T22:59:27.732-0300] {logging_mixin.py:188} INFO - [2025-11-04T22:59:27.732-0300] {dag.py:3947} INFO - Setting next_dagrun for example_time_delta_sensor_async to None, run_after=None
[2025-11-04T22:59:27.758-0300] {processor.py:183} INFO - Processing /Users/joaovitor/airflow_env/lib/python3.11/site-packages/airflow/example_dags/example_time_delta_sensor_async.py took 0.164 seconds
[2025-11-04T23:01:47.739-0300] {processor.py:161} INFO - Started process (PID=33177) to work on /Users/joaovitor/airflow_env/lib/python3.11/site-packages/airflow/example_dags/example_time_delta_sensor_async.py
[2025-11-04T23:01:47.741-0300] {processor.py:830} INFO - Processing file /Users/joaovitor/airflow_env/lib/python3.11/site-packages/airflow/example_dags/example_time_delta_sensor_async.py for tasks to queue
[2025-11-04T23:01:47.742-0300] {logging_mixin.py:188} INFO - [2025-11-04T23:01:47.742-0300] {dagbag.py:545} INFO - Filling up the DagBag from /Users/joaovitor/airflow_env/lib/python3.11/site-packages/airflow/example_dags/example_time_delta_sensor_async.py
[2025-11-04T23:01:47.756-0300] {processor.py:840} INFO - DAG(s) 'example_time_delta_sensor_async' retrieved from /Users/joaovitor/airflow_env/lib/python3.11/site-packages/airflow/example_dags/example_time_delta_sensor_async.py
[2025-11-04T23:01:47.885-0300] {logging_mixin.py:188} INFO - [2025-11-04T23:01:47.885-0300] {dag.py:3089} INFO - Sync 1 DAGs
[2025-11-04T23:01:47.899-0300] {logging_mixin.py:188} INFO - [2025-11-04T23:01:47.898-0300] {dag.py:3947} INFO - Setting next_dagrun for example_time_delta_sensor_async to None, run_after=None
[2025-11-04T23:01:47.923-0300] {processor.py:183} INFO - Processing /Users/joaovitor/airflow_env/lib/python3.11/site-packages/airflow/example_dags/example_time_delta_sensor_async.py took 0.188 seconds
[2025-11-04T23:04:08.782-0300] {processor.py:161} INFO - Started process (PID=33248) to work on /Users/joaovitor/airflow_env/lib/python3.11/site-packages/airflow/example_dags/example_time_delta_sensor_async.py
[2025-11-04T23:04:08.784-0300] {processor.py:830} INFO - Processing file /Users/joaovitor/airflow_env/lib/python3.11/site-packages/airflow/example_dags/example_time_delta_sensor_async.py for tasks to queue
[2025-11-04T23:04:08.785-0300] {logging_mixin.py:188} INFO - [2025-11-04T23:04:08.785-0300] {dagbag.py:545} INFO - Filling up the DagBag from /Users/joaovitor/airflow_env/lib/python3.11/site-packages/airflow/example_dags/example_time_delta_sensor_async.py
[2025-11-04T23:04:08.799-0300] {processor.py:840} INFO - DAG(s) 'example_time_delta_sensor_async' retrieved from /Users/joaovitor/airflow_env/lib/python3.11/site-packages/airflow/example_dags/example_time_delta_sensor_async.py
[2025-11-04T23:04:08.908-0300] {logging_mixin.py:188} INFO - [2025-11-04T23:04:08.908-0300] {dag.py:3089} INFO - Sync 1 DAGs
[2025-11-04T23:04:08.919-0300] {logging_mixin.py:188} INFO - [2025-11-04T23:04:08.919-0300] {dag.py:3947} INFO - Setting next_dagrun for example_time_delta_sensor_async to None, run_after=None
[2025-11-04T23:04:08.939-0300] {processor.py:183} INFO - Processing /Users/joaovitor/airflow_env/lib/python3.11/site-packages/airflow/example_dags/example_time_delta_sensor_async.py took 0.160 seconds
