[2025-11-04T21:48:24.350-0300] {processor.py:161} INFO - Started process (PID=31126) to work on /Users/joaovitor/airflow_env/lib/python3.11/site-packages/airflow/example_dags/example_bash_decorator.py
[2025-11-04T21:48:24.350-0300] {processor.py:830} INFO - Processing file /Users/joaovitor/airflow_env/lib/python3.11/site-packages/airflow/example_dags/example_bash_decorator.py for tasks to queue
[2025-11-04T21:48:24.351-0300] {logging_mixin.py:188} INFO - [2025-11-04T21:48:24.351-0300] {dagbag.py:545} INFO - Filling up the DagBag from /Users/joaovitor/airflow_env/lib/python3.11/site-packages/airflow/example_dags/example_bash_decorator.py
[2025-11-04T21:48:24.411-0300] {processor.py:840} INFO - DAG(s) 'example_bash_decorator' retrieved from /Users/joaovitor/airflow_env/lib/python3.11/site-packages/airflow/example_dags/example_bash_decorator.py
[2025-11-04T21:48:24.627-0300] {logging_mixin.py:188} INFO - [2025-11-04T21:48:24.626-0300] {override.py:1858} INFO - Created Permission View: can delete on DAG:example_bash_decorator
[2025-11-04T21:48:24.637-0300] {logging_mixin.py:188} INFO - [2025-11-04T21:48:24.637-0300] {override.py:1858} INFO - Created Permission View: can read on DAG:example_bash_decorator
[2025-11-04T21:48:24.645-0300] {logging_mixin.py:188} INFO - [2025-11-04T21:48:24.645-0300] {override.py:1858} INFO - Created Permission View: can edit on DAG:example_bash_decorator
[2025-11-04T21:48:24.646-0300] {logging_mixin.py:188} INFO - [2025-11-04T21:48:24.646-0300] {dag.py:3089} INFO - Sync 1 DAGs
[2025-11-04T21:48:24.716-0300] {logging_mixin.py:188} INFO - [2025-11-04T21:48:24.716-0300] {dag.py:3111} INFO - Creating ORM DAG for example_bash_decorator
[2025-11-04T21:48:24.717-0300] {logging_mixin.py:188} INFO - [2025-11-04T21:48:24.717-0300] {dag.py:3947} INFO - Setting next_dagrun for example_bash_decorator to None, run_after=None
[2025-11-04T21:48:24.737-0300] {processor.py:183} INFO - Processing /Users/joaovitor/airflow_env/lib/python3.11/site-packages/airflow/example_dags/example_bash_decorator.py took 0.390 seconds
[2025-11-04T21:52:49.252-0300] {processor.py:161} INFO - Started process (PID=31253) to work on /Users/joaovitor/airflow_env/lib/python3.11/site-packages/airflow/example_dags/example_bash_decorator.py
[2025-11-04T21:52:49.255-0300] {processor.py:830} INFO - Processing file /Users/joaovitor/airflow_env/lib/python3.11/site-packages/airflow/example_dags/example_bash_decorator.py for tasks to queue
[2025-11-04T21:52:49.256-0300] {logging_mixin.py:188} INFO - [2025-11-04T21:52:49.255-0300] {dagbag.py:545} INFO - Filling up the DagBag from /Users/joaovitor/airflow_env/lib/python3.11/site-packages/airflow/example_dags/example_bash_decorator.py
[2025-11-04T21:52:49.302-0300] {processor.py:840} INFO - DAG(s) 'example_bash_decorator' retrieved from /Users/joaovitor/airflow_env/lib/python3.11/site-packages/airflow/example_dags/example_bash_decorator.py
[2025-11-04T21:52:49.492-0300] {logging_mixin.py:188} INFO - [2025-11-04T21:52:49.492-0300] {dag.py:3089} INFO - Sync 1 DAGs
[2025-11-04T21:52:49.559-0300] {logging_mixin.py:188} INFO - [2025-11-04T21:52:49.559-0300] {dag.py:3947} INFO - Setting next_dagrun for example_bash_decorator to None, run_after=None
[2025-11-04T21:52:49.580-0300] {processor.py:183} INFO - Processing /Users/joaovitor/airflow_env/lib/python3.11/site-packages/airflow/example_dags/example_bash_decorator.py took 0.330 seconds
[2025-11-04T21:56:32.994-0300] {processor.py:161} INFO - Started process (PID=31335) to work on /Users/joaovitor/airflow_env/lib/python3.11/site-packages/airflow/example_dags/example_bash_decorator.py
[2025-11-04T21:56:32.995-0300] {processor.py:830} INFO - Processing file /Users/joaovitor/airflow_env/lib/python3.11/site-packages/airflow/example_dags/example_bash_decorator.py for tasks to queue
[2025-11-04T21:56:32.996-0300] {logging_mixin.py:188} INFO - [2025-11-04T21:56:32.996-0300] {dagbag.py:545} INFO - Filling up the DagBag from /Users/joaovitor/airflow_env/lib/python3.11/site-packages/airflow/example_dags/example_bash_decorator.py
[2025-11-04T21:56:33.039-0300] {processor.py:840} INFO - DAG(s) 'example_bash_decorator' retrieved from /Users/joaovitor/airflow_env/lib/python3.11/site-packages/airflow/example_dags/example_bash_decorator.py
[2025-11-04T21:56:33.228-0300] {logging_mixin.py:188} INFO - [2025-11-04T21:56:33.227-0300] {dag.py:3089} INFO - Sync 1 DAGs
[2025-11-04T21:56:33.293-0300] {logging_mixin.py:188} INFO - [2025-11-04T21:56:33.293-0300] {dag.py:3947} INFO - Setting next_dagrun for example_bash_decorator to None, run_after=None
[2025-11-04T21:56:33.313-0300] {processor.py:183} INFO - Processing /Users/joaovitor/airflow_env/lib/python3.11/site-packages/airflow/example_dags/example_bash_decorator.py took 0.321 seconds
[2025-11-04T22:00:19.254-0300] {processor.py:161} INFO - Started process (PID=31414) to work on /Users/joaovitor/airflow_env/lib/python3.11/site-packages/airflow/example_dags/example_bash_decorator.py
[2025-11-04T22:00:19.255-0300] {processor.py:830} INFO - Processing file /Users/joaovitor/airflow_env/lib/python3.11/site-packages/airflow/example_dags/example_bash_decorator.py for tasks to queue
[2025-11-04T22:00:19.256-0300] {logging_mixin.py:188} INFO - [2025-11-04T22:00:19.256-0300] {dagbag.py:545} INFO - Filling up the DagBag from /Users/joaovitor/airflow_env/lib/python3.11/site-packages/airflow/example_dags/example_bash_decorator.py
[2025-11-04T22:00:19.299-0300] {processor.py:840} INFO - DAG(s) 'example_bash_decorator' retrieved from /Users/joaovitor/airflow_env/lib/python3.11/site-packages/airflow/example_dags/example_bash_decorator.py
[2025-11-04T22:00:19.487-0300] {logging_mixin.py:188} INFO - [2025-11-04T22:00:19.487-0300] {dag.py:3089} INFO - Sync 1 DAGs
[2025-11-04T22:00:19.558-0300] {logging_mixin.py:188} INFO - [2025-11-04T22:00:19.558-0300] {dag.py:3947} INFO - Setting next_dagrun for example_bash_decorator to None, run_after=None
[2025-11-04T22:00:19.579-0300] {processor.py:183} INFO - Processing /Users/joaovitor/airflow_env/lib/python3.11/site-packages/airflow/example_dags/example_bash_decorator.py took 0.328 seconds
[2025-11-04T22:07:51.649-0300] {processor.py:161} INFO - Started process (PID=31531) to work on /Users/joaovitor/airflow_env/lib/python3.11/site-packages/airflow/example_dags/example_bash_decorator.py
[2025-11-04T22:07:51.650-0300] {processor.py:830} INFO - Processing file /Users/joaovitor/airflow_env/lib/python3.11/site-packages/airflow/example_dags/example_bash_decorator.py for tasks to queue
[2025-11-04T22:07:51.650-0300] {logging_mixin.py:188} INFO - [2025-11-04T22:07:51.650-0300] {dagbag.py:545} INFO - Filling up the DagBag from /Users/joaovitor/airflow_env/lib/python3.11/site-packages/airflow/example_dags/example_bash_decorator.py
[2025-11-04T22:07:51.697-0300] {processor.py:840} INFO - DAG(s) 'example_bash_decorator' retrieved from /Users/joaovitor/airflow_env/lib/python3.11/site-packages/airflow/example_dags/example_bash_decorator.py
[2025-11-04T22:07:51.909-0300] {logging_mixin.py:188} INFO - [2025-11-04T22:07:51.908-0300] {dag.py:3089} INFO - Sync 1 DAGs
[2025-11-04T22:07:51.980-0300] {logging_mixin.py:188} INFO - [2025-11-04T22:07:51.980-0300] {dag.py:3947} INFO - Setting next_dagrun for example_bash_decorator to None, run_after=None
[2025-11-04T22:07:52.004-0300] {processor.py:183} INFO - Processing /Users/joaovitor/airflow_env/lib/python3.11/site-packages/airflow/example_dags/example_bash_decorator.py took 0.358 seconds
[2025-11-04T22:11:39.843-0300] {processor.py:161} INFO - Started process (PID=31623) to work on /Users/joaovitor/airflow_env/lib/python3.11/site-packages/airflow/example_dags/example_bash_decorator.py
[2025-11-04T22:11:39.844-0300] {processor.py:830} INFO - Processing file /Users/joaovitor/airflow_env/lib/python3.11/site-packages/airflow/example_dags/example_bash_decorator.py for tasks to queue
[2025-11-04T22:11:39.845-0300] {logging_mixin.py:188} INFO - [2025-11-04T22:11:39.844-0300] {dagbag.py:545} INFO - Filling up the DagBag from /Users/joaovitor/airflow_env/lib/python3.11/site-packages/airflow/example_dags/example_bash_decorator.py
[2025-11-04T22:11:39.896-0300] {processor.py:840} INFO - DAG(s) 'example_bash_decorator' retrieved from /Users/joaovitor/airflow_env/lib/python3.11/site-packages/airflow/example_dags/example_bash_decorator.py
[2025-11-04T22:11:40.110-0300] {logging_mixin.py:188} INFO - [2025-11-04T22:11:40.109-0300] {dag.py:3089} INFO - Sync 1 DAGs
[2025-11-04T22:11:40.178-0300] {logging_mixin.py:188} INFO - [2025-11-04T22:11:40.178-0300] {dag.py:3947} INFO - Setting next_dagrun for example_bash_decorator to None, run_after=None
[2025-11-04T22:11:40.199-0300] {processor.py:183} INFO - Processing /Users/joaovitor/airflow_env/lib/python3.11/site-packages/airflow/example_dags/example_bash_decorator.py took 0.359 seconds
[2025-11-04T22:15:53.533-0300] {processor.py:161} INFO - Started process (PID=31732) to work on /Users/joaovitor/airflow_env/lib/python3.11/site-packages/airflow/example_dags/example_bash_decorator.py
[2025-11-04T22:15:53.534-0300] {processor.py:830} INFO - Processing file /Users/joaovitor/airflow_env/lib/python3.11/site-packages/airflow/example_dags/example_bash_decorator.py for tasks to queue
[2025-11-04T22:15:53.535-0300] {logging_mixin.py:188} INFO - [2025-11-04T22:15:53.535-0300] {dagbag.py:545} INFO - Filling up the DagBag from /Users/joaovitor/airflow_env/lib/python3.11/site-packages/airflow/example_dags/example_bash_decorator.py
[2025-11-04T22:15:53.578-0300] {processor.py:840} INFO - DAG(s) 'example_bash_decorator' retrieved from /Users/joaovitor/airflow_env/lib/python3.11/site-packages/airflow/example_dags/example_bash_decorator.py
[2025-11-04T22:15:53.771-0300] {logging_mixin.py:188} INFO - [2025-11-04T22:15:53.771-0300] {dag.py:3089} INFO - Sync 1 DAGs
[2025-11-04T22:15:53.840-0300] {logging_mixin.py:188} INFO - [2025-11-04T22:15:53.840-0300] {dag.py:3947} INFO - Setting next_dagrun for example_bash_decorator to None, run_after=None
[2025-11-04T22:15:53.860-0300] {processor.py:183} INFO - Processing /Users/joaovitor/airflow_env/lib/python3.11/site-packages/airflow/example_dags/example_bash_decorator.py took 0.329 seconds
[2025-11-04T22:19:50.164-0300] {processor.py:161} INFO - Started process (PID=31820) to work on /Users/joaovitor/airflow_env/lib/python3.11/site-packages/airflow/example_dags/example_bash_decorator.py
[2025-11-04T22:19:50.166-0300] {processor.py:830} INFO - Processing file /Users/joaovitor/airflow_env/lib/python3.11/site-packages/airflow/example_dags/example_bash_decorator.py for tasks to queue
[2025-11-04T22:19:50.167-0300] {logging_mixin.py:188} INFO - [2025-11-04T22:19:50.166-0300] {dagbag.py:545} INFO - Filling up the DagBag from /Users/joaovitor/airflow_env/lib/python3.11/site-packages/airflow/example_dags/example_bash_decorator.py
[2025-11-04T22:19:50.213-0300] {processor.py:840} INFO - DAG(s) 'example_bash_decorator' retrieved from /Users/joaovitor/airflow_env/lib/python3.11/site-packages/airflow/example_dags/example_bash_decorator.py
[2025-11-04T22:19:50.634-0300] {logging_mixin.py:188} INFO - [2025-11-04T22:19:50.633-0300] {dag.py:3089} INFO - Sync 1 DAGs
[2025-11-04T22:19:50.713-0300] {logging_mixin.py:188} INFO - [2025-11-04T22:19:50.713-0300] {dag.py:3947} INFO - Setting next_dagrun for example_bash_decorator to None, run_after=None
[2025-11-04T22:19:50.734-0300] {processor.py:183} INFO - Processing /Users/joaovitor/airflow_env/lib/python3.11/site-packages/airflow/example_dags/example_bash_decorator.py took 0.573 seconds
[2025-11-04T22:24:01.752-0300] {processor.py:161} INFO - Started process (PID=31960) to work on /Users/joaovitor/airflow_env/lib/python3.11/site-packages/airflow/example_dags/example_bash_decorator.py
[2025-11-04T22:24:01.754-0300] {processor.py:830} INFO - Processing file /Users/joaovitor/airflow_env/lib/python3.11/site-packages/airflow/example_dags/example_bash_decorator.py for tasks to queue
[2025-11-04T22:24:01.755-0300] {logging_mixin.py:188} INFO - [2025-11-04T22:24:01.755-0300] {dagbag.py:545} INFO - Filling up the DagBag from /Users/joaovitor/airflow_env/lib/python3.11/site-packages/airflow/example_dags/example_bash_decorator.py
[2025-11-04T22:24:01.813-0300] {processor.py:840} INFO - DAG(s) 'example_bash_decorator' retrieved from /Users/joaovitor/airflow_env/lib/python3.11/site-packages/airflow/example_dags/example_bash_decorator.py
[2025-11-04T22:24:02.041-0300] {logging_mixin.py:188} INFO - [2025-11-04T22:24:02.041-0300] {dag.py:3089} INFO - Sync 1 DAGs
[2025-11-04T22:24:02.120-0300] {logging_mixin.py:188} INFO - [2025-11-04T22:24:02.120-0300] {dag.py:3947} INFO - Setting next_dagrun for example_bash_decorator to None, run_after=None
[2025-11-04T22:24:02.145-0300] {processor.py:183} INFO - Processing /Users/joaovitor/airflow_env/lib/python3.11/site-packages/airflow/example_dags/example_bash_decorator.py took 0.397 seconds
[2025-11-04T22:28:18.380-0300] {processor.py:161} INFO - Started process (PID=32044) to work on /Users/joaovitor/airflow_env/lib/python3.11/site-packages/airflow/example_dags/example_bash_decorator.py
[2025-11-04T22:28:18.381-0300] {processor.py:830} INFO - Processing file /Users/joaovitor/airflow_env/lib/python3.11/site-packages/airflow/example_dags/example_bash_decorator.py for tasks to queue
[2025-11-04T22:28:18.382-0300] {logging_mixin.py:188} INFO - [2025-11-04T22:28:18.382-0300] {dagbag.py:545} INFO - Filling up the DagBag from /Users/joaovitor/airflow_env/lib/python3.11/site-packages/airflow/example_dags/example_bash_decorator.py
[2025-11-04T22:28:18.428-0300] {processor.py:840} INFO - DAG(s) 'example_bash_decorator' retrieved from /Users/joaovitor/airflow_env/lib/python3.11/site-packages/airflow/example_dags/example_bash_decorator.py
[2025-11-04T22:28:18.647-0300] {logging_mixin.py:188} INFO - [2025-11-04T22:28:18.646-0300] {dag.py:3089} INFO - Sync 1 DAGs
[2025-11-04T22:28:18.719-0300] {logging_mixin.py:188} INFO - [2025-11-04T22:28:18.719-0300] {dag.py:3947} INFO - Setting next_dagrun for example_bash_decorator to None, run_after=None
[2025-11-04T22:28:18.746-0300] {processor.py:183} INFO - Processing /Users/joaovitor/airflow_env/lib/python3.11/site-packages/airflow/example_dags/example_bash_decorator.py took 0.368 seconds
[2025-11-04T22:33:14.438-0300] {processor.py:161} INFO - Started process (PID=32235) to work on /Users/joaovitor/airflow_env/lib/python3.11/site-packages/airflow/example_dags/example_bash_decorator.py
[2025-11-04T22:33:14.440-0300] {processor.py:830} INFO - Processing file /Users/joaovitor/airflow_env/lib/python3.11/site-packages/airflow/example_dags/example_bash_decorator.py for tasks to queue
[2025-11-04T22:33:14.442-0300] {logging_mixin.py:188} INFO - [2025-11-04T22:33:14.441-0300] {dagbag.py:545} INFO - Filling up the DagBag from /Users/joaovitor/airflow_env/lib/python3.11/site-packages/airflow/example_dags/example_bash_decorator.py
[2025-11-04T22:33:14.524-0300] {processor.py:840} INFO - DAG(s) 'example_bash_decorator' retrieved from /Users/joaovitor/airflow_env/lib/python3.11/site-packages/airflow/example_dags/example_bash_decorator.py
[2025-11-04T22:33:15.001-0300] {logging_mixin.py:188} INFO - [2025-11-04T22:33:15.001-0300] {dag.py:3089} INFO - Sync 1 DAGs
[2025-11-04T22:33:15.085-0300] {logging_mixin.py:188} INFO - [2025-11-04T22:33:15.085-0300] {dag.py:3947} INFO - Setting next_dagrun for example_bash_decorator to None, run_after=None
[2025-11-04T22:33:15.120-0300] {processor.py:183} INFO - Processing /Users/joaovitor/airflow_env/lib/python3.11/site-packages/airflow/example_dags/example_bash_decorator.py took 0.687 seconds
[2025-11-04T22:37:51.937-0300] {processor.py:161} INFO - Started process (PID=32637) to work on /Users/joaovitor/airflow_env/lib/python3.11/site-packages/airflow/example_dags/example_bash_decorator.py
[2025-11-04T22:37:51.939-0300] {processor.py:830} INFO - Processing file /Users/joaovitor/airflow_env/lib/python3.11/site-packages/airflow/example_dags/example_bash_decorator.py for tasks to queue
[2025-11-04T22:37:51.940-0300] {logging_mixin.py:188} INFO - [2025-11-04T22:37:51.940-0300] {dagbag.py:545} INFO - Filling up the DagBag from /Users/joaovitor/airflow_env/lib/python3.11/site-packages/airflow/example_dags/example_bash_decorator.py
[2025-11-04T22:37:52.015-0300] {processor.py:840} INFO - DAG(s) 'example_bash_decorator' retrieved from /Users/joaovitor/airflow_env/lib/python3.11/site-packages/airflow/example_dags/example_bash_decorator.py
[2025-11-04T22:37:52.218-0300] {logging_mixin.py:188} INFO - [2025-11-04T22:37:52.218-0300] {dag.py:3089} INFO - Sync 1 DAGs
[2025-11-04T22:37:52.287-0300] {logging_mixin.py:188} INFO - [2025-11-04T22:37:52.287-0300] {dag.py:3947} INFO - Setting next_dagrun for example_bash_decorator to None, run_after=None
[2025-11-04T22:37:52.308-0300] {processor.py:183} INFO - Processing /Users/joaovitor/airflow_env/lib/python3.11/site-packages/airflow/example_dags/example_bash_decorator.py took 0.375 seconds
[2025-11-04T22:42:45.845-0300] {processor.py:161} INFO - Started process (PID=32750) to work on /Users/joaovitor/airflow_env/lib/python3.11/site-packages/airflow/example_dags/example_bash_decorator.py
[2025-11-04T22:42:45.847-0300] {processor.py:830} INFO - Processing file /Users/joaovitor/airflow_env/lib/python3.11/site-packages/airflow/example_dags/example_bash_decorator.py for tasks to queue
[2025-11-04T22:42:45.848-0300] {logging_mixin.py:188} INFO - [2025-11-04T22:42:45.848-0300] {dagbag.py:545} INFO - Filling up the DagBag from /Users/joaovitor/airflow_env/lib/python3.11/site-packages/airflow/example_dags/example_bash_decorator.py
[2025-11-04T22:42:45.899-0300] {processor.py:840} INFO - DAG(s) 'example_bash_decorator' retrieved from /Users/joaovitor/airflow_env/lib/python3.11/site-packages/airflow/example_dags/example_bash_decorator.py
[2025-11-04T22:42:46.128-0300] {logging_mixin.py:188} INFO - [2025-11-04T22:42:46.127-0300] {dag.py:3089} INFO - Sync 1 DAGs
[2025-11-04T22:42:46.205-0300] {logging_mixin.py:188} INFO - [2025-11-04T22:42:46.205-0300] {dag.py:3947} INFO - Setting next_dagrun for example_bash_decorator to None, run_after=None
[2025-11-04T22:42:46.229-0300] {processor.py:183} INFO - Processing /Users/joaovitor/airflow_env/lib/python3.11/site-packages/airflow/example_dags/example_bash_decorator.py took 0.388 seconds
[2025-11-04T22:47:13.320-0300] {processor.py:161} INFO - Started process (PID=32856) to work on /Users/joaovitor/airflow_env/lib/python3.11/site-packages/airflow/example_dags/example_bash_decorator.py
[2025-11-04T22:47:13.320-0300] {processor.py:830} INFO - Processing file /Users/joaovitor/airflow_env/lib/python3.11/site-packages/airflow/example_dags/example_bash_decorator.py for tasks to queue
[2025-11-04T22:47:13.321-0300] {logging_mixin.py:188} INFO - [2025-11-04T22:47:13.321-0300] {dagbag.py:545} INFO - Filling up the DagBag from /Users/joaovitor/airflow_env/lib/python3.11/site-packages/airflow/example_dags/example_bash_decorator.py
[2025-11-04T22:47:13.373-0300] {processor.py:840} INFO - DAG(s) 'example_bash_decorator' retrieved from /Users/joaovitor/airflow_env/lib/python3.11/site-packages/airflow/example_dags/example_bash_decorator.py
[2025-11-04T22:47:13.604-0300] {logging_mixin.py:188} INFO - [2025-11-04T22:47:13.604-0300] {dag.py:3089} INFO - Sync 1 DAGs
[2025-11-04T22:47:13.673-0300] {logging_mixin.py:188} INFO - [2025-11-04T22:47:13.672-0300] {dag.py:3947} INFO - Setting next_dagrun for example_bash_decorator to None, run_after=None
[2025-11-04T22:47:13.695-0300] {processor.py:183} INFO - Processing /Users/joaovitor/airflow_env/lib/python3.11/site-packages/airflow/example_dags/example_bash_decorator.py took 0.378 seconds
[2025-11-04T22:51:37.951-0300] {processor.py:161} INFO - Started process (PID=32971) to work on /Users/joaovitor/airflow_env/lib/python3.11/site-packages/airflow/example_dags/example_bash_decorator.py
[2025-11-04T22:51:37.953-0300] {processor.py:830} INFO - Processing file /Users/joaovitor/airflow_env/lib/python3.11/site-packages/airflow/example_dags/example_bash_decorator.py for tasks to queue
[2025-11-04T22:51:37.954-0300] {logging_mixin.py:188} INFO - [2025-11-04T22:51:37.954-0300] {dagbag.py:545} INFO - Filling up the DagBag from /Users/joaovitor/airflow_env/lib/python3.11/site-packages/airflow/example_dags/example_bash_decorator.py
[2025-11-04T22:51:38.003-0300] {processor.py:840} INFO - DAG(s) 'example_bash_decorator' retrieved from /Users/joaovitor/airflow_env/lib/python3.11/site-packages/airflow/example_dags/example_bash_decorator.py
[2025-11-04T22:51:38.442-0300] {logging_mixin.py:188} INFO - [2025-11-04T22:51:38.442-0300] {dag.py:3089} INFO - Sync 1 DAGs
[2025-11-04T22:51:38.513-0300] {logging_mixin.py:188} INFO - [2025-11-04T22:51:38.513-0300] {dag.py:3947} INFO - Setting next_dagrun for example_bash_decorator to None, run_after=None
[2025-11-04T22:51:38.536-0300] {processor.py:183} INFO - Processing /Users/joaovitor/airflow_env/lib/python3.11/site-packages/airflow/example_dags/example_bash_decorator.py took 0.587 seconds
[2025-11-04T22:56:20.477-0300] {processor.py:161} INFO - Started process (PID=33070) to work on /Users/joaovitor/airflow_env/lib/python3.11/site-packages/airflow/example_dags/example_bash_decorator.py
[2025-11-04T22:56:20.479-0300] {processor.py:830} INFO - Processing file /Users/joaovitor/airflow_env/lib/python3.11/site-packages/airflow/example_dags/example_bash_decorator.py for tasks to queue
[2025-11-04T22:56:20.480-0300] {logging_mixin.py:188} INFO - [2025-11-04T22:56:20.480-0300] {dagbag.py:545} INFO - Filling up the DagBag from /Users/joaovitor/airflow_env/lib/python3.11/site-packages/airflow/example_dags/example_bash_decorator.py
[2025-11-04T22:56:20.530-0300] {processor.py:840} INFO - DAG(s) 'example_bash_decorator' retrieved from /Users/joaovitor/airflow_env/lib/python3.11/site-packages/airflow/example_dags/example_bash_decorator.py
[2025-11-04T22:56:20.748-0300] {logging_mixin.py:188} INFO - [2025-11-04T22:56:20.748-0300] {dag.py:3089} INFO - Sync 1 DAGs
[2025-11-04T22:56:20.825-0300] {logging_mixin.py:188} INFO - [2025-11-04T22:56:20.825-0300] {dag.py:3947} INFO - Setting next_dagrun for example_bash_decorator to None, run_after=None
[2025-11-04T22:56:20.847-0300] {processor.py:183} INFO - Processing /Users/joaovitor/airflow_env/lib/python3.11/site-packages/airflow/example_dags/example_bash_decorator.py took 0.373 seconds
[2025-11-04T23:00:58.429-0300] {processor.py:161} INFO - Started process (PID=33161) to work on /Users/joaovitor/airflow_env/lib/python3.11/site-packages/airflow/example_dags/example_bash_decorator.py
[2025-11-04T23:00:58.432-0300] {processor.py:830} INFO - Processing file /Users/joaovitor/airflow_env/lib/python3.11/site-packages/airflow/example_dags/example_bash_decorator.py for tasks to queue
[2025-11-04T23:00:58.435-0300] {logging_mixin.py:188} INFO - [2025-11-04T23:00:58.434-0300] {dagbag.py:545} INFO - Filling up the DagBag from /Users/joaovitor/airflow_env/lib/python3.11/site-packages/airflow/example_dags/example_bash_decorator.py
[2025-11-04T23:00:58.543-0300] {processor.py:840} INFO - DAG(s) 'example_bash_decorator' retrieved from /Users/joaovitor/airflow_env/lib/python3.11/site-packages/airflow/example_dags/example_bash_decorator.py
[2025-11-04T23:00:58.988-0300] {logging_mixin.py:188} INFO - [2025-11-04T23:00:58.988-0300] {dag.py:3089} INFO - Sync 1 DAGs
[2025-11-04T23:00:59.064-0300] {logging_mixin.py:188} INFO - [2025-11-04T23:00:59.063-0300] {dag.py:3947} INFO - Setting next_dagrun for example_bash_decorator to None, run_after=None
[2025-11-04T23:00:59.091-0300] {processor.py:183} INFO - Processing /Users/joaovitor/airflow_env/lib/python3.11/site-packages/airflow/example_dags/example_bash_decorator.py took 0.665 seconds
