[2025-11-04T21:46:23.838-0300] {processor.py:161} INFO - Started process (PID=31066) to work on /Users/joaovitor/airflow_env/lib/python3.11/site-packages/airflow/example_dags/example_task_group.py
[2025-11-04T21:46:23.839-0300] {processor.py:830} INFO - Processing file /Users/joaovitor/airflow_env/lib/python3.11/site-packages/airflow/example_dags/example_task_group.py for tasks to queue
[2025-11-04T21:46:23.839-0300] {logging_mixin.py:188} INFO - [2025-11-04T21:46:23.839-0300] {dagbag.py:545} INFO - Filling up the DagBag from /Users/joaovitor/airflow_env/lib/python3.11/site-packages/airflow/example_dags/example_task_group.py
[2025-11-04T21:46:23.854-0300] {processor.py:840} INFO - DAG(s) 'example_task_group' retrieved from /Users/joaovitor/airflow_env/lib/python3.11/site-packages/airflow/example_dags/example_task_group.py
[2025-11-04T21:46:24.242-0300] {logging_mixin.py:188} INFO - [2025-11-04T21:46:24.242-0300] {override.py:1858} INFO - Created Permission View: can read on DAG:example_task_group
[2025-11-04T21:46:24.256-0300] {logging_mixin.py:188} INFO - [2025-11-04T21:46:24.256-0300] {override.py:1858} INFO - Created Permission View: can edit on DAG:example_task_group
[2025-11-04T21:46:24.265-0300] {logging_mixin.py:188} INFO - [2025-11-04T21:46:24.265-0300] {override.py:1858} INFO - Created Permission View: can delete on DAG:example_task_group
[2025-11-04T21:46:24.266-0300] {logging_mixin.py:188} INFO - [2025-11-04T21:46:24.266-0300] {dag.py:3089} INFO - Sync 1 DAGs
[2025-11-04T21:46:24.276-0300] {logging_mixin.py:188} INFO - [2025-11-04T21:46:24.276-0300] {dag.py:3111} INFO - Creating ORM DAG for example_task_group
[2025-11-04T21:46:24.287-0300] {logging_mixin.py:188} INFO - [2025-11-04T21:46:24.287-0300] {dag.py:3947} INFO - Setting next_dagrun for example_task_group to 2025-11-04 00:00:00+00:00, run_after=2025-11-05 00:00:00+00:00
[2025-11-04T21:46:24.307-0300] {processor.py:183} INFO - Processing /Users/joaovitor/airflow_env/lib/python3.11/site-packages/airflow/example_dags/example_task_group.py took 0.472 seconds
[2025-11-04T21:49:24.888-0300] {processor.py:161} INFO - Started process (PID=31161) to work on /Users/joaovitor/airflow_env/lib/python3.11/site-packages/airflow/example_dags/example_task_group.py
[2025-11-04T21:49:24.890-0300] {processor.py:830} INFO - Processing file /Users/joaovitor/airflow_env/lib/python3.11/site-packages/airflow/example_dags/example_task_group.py for tasks to queue
[2025-11-04T21:49:24.891-0300] {logging_mixin.py:188} INFO - [2025-11-04T21:49:24.891-0300] {dagbag.py:545} INFO - Filling up the DagBag from /Users/joaovitor/airflow_env/lib/python3.11/site-packages/airflow/example_dags/example_task_group.py
[2025-11-04T21:49:24.907-0300] {processor.py:840} INFO - DAG(s) 'example_task_group' retrieved from /Users/joaovitor/airflow_env/lib/python3.11/site-packages/airflow/example_dags/example_task_group.py
[2025-11-04T21:49:25.026-0300] {logging_mixin.py:188} INFO - [2025-11-04T21:49:25.026-0300] {dag.py:3089} INFO - Sync 1 DAGs
[2025-11-04T21:49:25.049-0300] {logging_mixin.py:188} INFO - [2025-11-04T21:49:25.049-0300] {dag.py:3947} INFO - Setting next_dagrun for example_task_group to 2025-11-04 00:00:00+00:00, run_after=2025-11-05 00:00:00+00:00
[2025-11-04T21:49:25.072-0300] {processor.py:183} INFO - Processing /Users/joaovitor/airflow_env/lib/python3.11/site-packages/airflow/example_dags/example_task_group.py took 0.187 seconds
[2025-11-04T21:51:41.397-0300] {processor.py:161} INFO - Started process (PID=31228) to work on /Users/joaovitor/airflow_env/lib/python3.11/site-packages/airflow/example_dags/example_task_group.py
[2025-11-04T21:51:41.399-0300] {processor.py:830} INFO - Processing file /Users/joaovitor/airflow_env/lib/python3.11/site-packages/airflow/example_dags/example_task_group.py for tasks to queue
[2025-11-04T21:51:41.400-0300] {logging_mixin.py:188} INFO - [2025-11-04T21:51:41.400-0300] {dagbag.py:545} INFO - Filling up the DagBag from /Users/joaovitor/airflow_env/lib/python3.11/site-packages/airflow/example_dags/example_task_group.py
[2025-11-04T21:51:41.413-0300] {processor.py:840} INFO - DAG(s) 'example_task_group' retrieved from /Users/joaovitor/airflow_env/lib/python3.11/site-packages/airflow/example_dags/example_task_group.py
[2025-11-04T21:51:41.534-0300] {logging_mixin.py:188} INFO - [2025-11-04T21:51:41.534-0300] {dag.py:3089} INFO - Sync 1 DAGs
[2025-11-04T21:51:41.552-0300] {logging_mixin.py:188} INFO - [2025-11-04T21:51:41.552-0300] {dag.py:3947} INFO - Setting next_dagrun for example_task_group to 2025-11-04 00:00:00+00:00, run_after=2025-11-05 00:00:00+00:00
[2025-11-04T21:51:41.575-0300] {processor.py:183} INFO - Processing /Users/joaovitor/airflow_env/lib/python3.11/site-packages/airflow/example_dags/example_task_group.py took 0.180 seconds
[2025-11-04T21:53:38.614-0300] {processor.py:161} INFO - Started process (PID=31270) to work on /Users/joaovitor/airflow_env/lib/python3.11/site-packages/airflow/example_dags/example_task_group.py
[2025-11-04T21:53:38.615-0300] {processor.py:830} INFO - Processing file /Users/joaovitor/airflow_env/lib/python3.11/site-packages/airflow/example_dags/example_task_group.py for tasks to queue
[2025-11-04T21:53:38.616-0300] {logging_mixin.py:188} INFO - [2025-11-04T21:53:38.615-0300] {dagbag.py:545} INFO - Filling up the DagBag from /Users/joaovitor/airflow_env/lib/python3.11/site-packages/airflow/example_dags/example_task_group.py
[2025-11-04T21:53:38.625-0300] {processor.py:840} INFO - DAG(s) 'example_task_group' retrieved from /Users/joaovitor/airflow_env/lib/python3.11/site-packages/airflow/example_dags/example_task_group.py
[2025-11-04T21:53:38.730-0300] {logging_mixin.py:188} INFO - [2025-11-04T21:53:38.730-0300] {dag.py:3089} INFO - Sync 1 DAGs
[2025-11-04T21:53:38.746-0300] {logging_mixin.py:188} INFO - [2025-11-04T21:53:38.746-0300] {dag.py:3947} INFO - Setting next_dagrun for example_task_group to 2025-11-04 00:00:00+00:00, run_after=2025-11-05 00:00:00+00:00
[2025-11-04T21:53:38.769-0300] {processor.py:183} INFO - Processing /Users/joaovitor/airflow_env/lib/python3.11/site-packages/airflow/example_dags/example_task_group.py took 0.158 seconds
[2025-11-04T21:55:31.391-0300] {processor.py:161} INFO - Started process (PID=31312) to work on /Users/joaovitor/airflow_env/lib/python3.11/site-packages/airflow/example_dags/example_task_group.py
[2025-11-04T21:55:31.392-0300] {processor.py:830} INFO - Processing file /Users/joaovitor/airflow_env/lib/python3.11/site-packages/airflow/example_dags/example_task_group.py for tasks to queue
[2025-11-04T21:55:31.393-0300] {logging_mixin.py:188} INFO - [2025-11-04T21:55:31.393-0300] {dagbag.py:545} INFO - Filling up the DagBag from /Users/joaovitor/airflow_env/lib/python3.11/site-packages/airflow/example_dags/example_task_group.py
[2025-11-04T21:55:31.402-0300] {processor.py:840} INFO - DAG(s) 'example_task_group' retrieved from /Users/joaovitor/airflow_env/lib/python3.11/site-packages/airflow/example_dags/example_task_group.py
[2025-11-04T21:55:31.513-0300] {logging_mixin.py:188} INFO - [2025-11-04T21:55:31.512-0300] {dag.py:3089} INFO - Sync 1 DAGs
[2025-11-04T21:55:31.530-0300] {logging_mixin.py:188} INFO - [2025-11-04T21:55:31.530-0300] {dag.py:3947} INFO - Setting next_dagrun for example_task_group to 2025-11-04 00:00:00+00:00, run_after=2025-11-05 00:00:00+00:00
[2025-11-04T21:55:31.558-0300] {processor.py:183} INFO - Processing /Users/joaovitor/airflow_env/lib/python3.11/site-packages/airflow/example_dags/example_task_group.py took 0.170 seconds
[2025-11-04T21:57:21.940-0300] {processor.py:161} INFO - Started process (PID=31352) to work on /Users/joaovitor/airflow_env/lib/python3.11/site-packages/airflow/example_dags/example_task_group.py
[2025-11-04T21:57:21.941-0300] {processor.py:830} INFO - Processing file /Users/joaovitor/airflow_env/lib/python3.11/site-packages/airflow/example_dags/example_task_group.py for tasks to queue
[2025-11-04T21:57:21.942-0300] {logging_mixin.py:188} INFO - [2025-11-04T21:57:21.942-0300] {dagbag.py:545} INFO - Filling up the DagBag from /Users/joaovitor/airflow_env/lib/python3.11/site-packages/airflow/example_dags/example_task_group.py
[2025-11-04T21:57:21.951-0300] {processor.py:840} INFO - DAG(s) 'example_task_group' retrieved from /Users/joaovitor/airflow_env/lib/python3.11/site-packages/airflow/example_dags/example_task_group.py
[2025-11-04T21:57:22.058-0300] {logging_mixin.py:188} INFO - [2025-11-04T21:57:22.058-0300] {dag.py:3089} INFO - Sync 1 DAGs
[2025-11-04T21:57:22.075-0300] {logging_mixin.py:188} INFO - [2025-11-04T21:57:22.074-0300] {dag.py:3947} INFO - Setting next_dagrun for example_task_group to 2025-11-04 00:00:00+00:00, run_after=2025-11-05 00:00:00+00:00
[2025-11-04T21:57:22.097-0300] {processor.py:183} INFO - Processing /Users/joaovitor/airflow_env/lib/python3.11/site-packages/airflow/example_dags/example_task_group.py took 0.160 seconds
[2025-11-04T21:59:13.332-0300] {processor.py:161} INFO - Started process (PID=31391) to work on /Users/joaovitor/airflow_env/lib/python3.11/site-packages/airflow/example_dags/example_task_group.py
[2025-11-04T21:59:13.333-0300] {processor.py:830} INFO - Processing file /Users/joaovitor/airflow_env/lib/python3.11/site-packages/airflow/example_dags/example_task_group.py for tasks to queue
[2025-11-04T21:59:13.333-0300] {logging_mixin.py:188} INFO - [2025-11-04T21:59:13.333-0300] {dagbag.py:545} INFO - Filling up the DagBag from /Users/joaovitor/airflow_env/lib/python3.11/site-packages/airflow/example_dags/example_task_group.py
[2025-11-04T21:59:13.343-0300] {processor.py:840} INFO - DAG(s) 'example_task_group' retrieved from /Users/joaovitor/airflow_env/lib/python3.11/site-packages/airflow/example_dags/example_task_group.py
[2025-11-04T21:59:13.447-0300] {logging_mixin.py:188} INFO - [2025-11-04T21:59:13.447-0300] {dag.py:3089} INFO - Sync 1 DAGs
[2025-11-04T21:59:13.464-0300] {logging_mixin.py:188} INFO - [2025-11-04T21:59:13.463-0300] {dag.py:3947} INFO - Setting next_dagrun for example_task_group to 2025-11-04 00:00:00+00:00, run_after=2025-11-05 00:00:00+00:00
[2025-11-04T21:59:13.487-0300] {processor.py:183} INFO - Processing /Users/joaovitor/airflow_env/lib/python3.11/site-packages/airflow/example_dags/example_task_group.py took 0.158 seconds
[2025-11-04T22:04:48.315-0300] {processor.py:161} INFO - Started process (PID=31445) to work on /Users/joaovitor/airflow_env/lib/python3.11/site-packages/airflow/example_dags/example_task_group.py
[2025-11-04T22:04:48.316-0300] {processor.py:830} INFO - Processing file /Users/joaovitor/airflow_env/lib/python3.11/site-packages/airflow/example_dags/example_task_group.py for tasks to queue
[2025-11-04T22:04:48.317-0300] {logging_mixin.py:188} INFO - [2025-11-04T22:04:48.317-0300] {dagbag.py:545} INFO - Filling up the DagBag from /Users/joaovitor/airflow_env/lib/python3.11/site-packages/airflow/example_dags/example_task_group.py
[2025-11-04T22:04:48.326-0300] {processor.py:840} INFO - DAG(s) 'example_task_group' retrieved from /Users/joaovitor/airflow_env/lib/python3.11/site-packages/airflow/example_dags/example_task_group.py
[2025-11-04T22:04:48.452-0300] {logging_mixin.py:188} INFO - [2025-11-04T22:04:48.451-0300] {dag.py:3089} INFO - Sync 1 DAGs
[2025-11-04T22:04:48.468-0300] {logging_mixin.py:188} INFO - [2025-11-04T22:04:48.468-0300] {dag.py:3947} INFO - Setting next_dagrun for example_task_group to 2025-11-04 00:00:00+00:00, run_after=2025-11-05 00:00:00+00:00
[2025-11-04T22:04:48.490-0300] {processor.py:183} INFO - Processing /Users/joaovitor/airflow_env/lib/python3.11/site-packages/airflow/example_dags/example_task_group.py took 0.178 seconds
[2025-11-04T22:06:43.559-0300] {processor.py:161} INFO - Started process (PID=31507) to work on /Users/joaovitor/airflow_env/lib/python3.11/site-packages/airflow/example_dags/example_task_group.py
[2025-11-04T22:06:43.560-0300] {processor.py:830} INFO - Processing file /Users/joaovitor/airflow_env/lib/python3.11/site-packages/airflow/example_dags/example_task_group.py for tasks to queue
[2025-11-04T22:06:43.561-0300] {logging_mixin.py:188} INFO - [2025-11-04T22:06:43.560-0300] {dagbag.py:545} INFO - Filling up the DagBag from /Users/joaovitor/airflow_env/lib/python3.11/site-packages/airflow/example_dags/example_task_group.py
[2025-11-04T22:06:43.573-0300] {processor.py:840} INFO - DAG(s) 'example_task_group' retrieved from /Users/joaovitor/airflow_env/lib/python3.11/site-packages/airflow/example_dags/example_task_group.py
[2025-11-04T22:06:43.692-0300] {logging_mixin.py:188} INFO - [2025-11-04T22:06:43.691-0300] {dag.py:3089} INFO - Sync 1 DAGs
[2025-11-04T22:06:43.710-0300] {logging_mixin.py:188} INFO - [2025-11-04T22:06:43.710-0300] {dag.py:3947} INFO - Setting next_dagrun for example_task_group to 2025-11-04 00:00:00+00:00, run_after=2025-11-05 00:00:00+00:00
[2025-11-04T22:06:43.732-0300] {processor.py:183} INFO - Processing /Users/joaovitor/airflow_env/lib/python3.11/site-packages/airflow/example_dags/example_task_group.py took 0.177 seconds
[2025-11-04T22:08:38.233-0300] {processor.py:161} INFO - Started process (PID=31548) to work on /Users/joaovitor/airflow_env/lib/python3.11/site-packages/airflow/example_dags/example_task_group.py
[2025-11-04T22:08:38.234-0300] {processor.py:830} INFO - Processing file /Users/joaovitor/airflow_env/lib/python3.11/site-packages/airflow/example_dags/example_task_group.py for tasks to queue
[2025-11-04T22:08:38.235-0300] {logging_mixin.py:188} INFO - [2025-11-04T22:08:38.235-0300] {dagbag.py:545} INFO - Filling up the DagBag from /Users/joaovitor/airflow_env/lib/python3.11/site-packages/airflow/example_dags/example_task_group.py
[2025-11-04T22:08:38.246-0300] {processor.py:840} INFO - DAG(s) 'example_task_group' retrieved from /Users/joaovitor/airflow_env/lib/python3.11/site-packages/airflow/example_dags/example_task_group.py
[2025-11-04T22:08:38.361-0300] {logging_mixin.py:188} INFO - [2025-11-04T22:08:38.361-0300] {dag.py:3089} INFO - Sync 1 DAGs
[2025-11-04T22:08:38.379-0300] {logging_mixin.py:188} INFO - [2025-11-04T22:08:38.379-0300] {dag.py:3947} INFO - Setting next_dagrun for example_task_group to 2025-11-04 00:00:00+00:00, run_after=2025-11-05 00:00:00+00:00
[2025-11-04T22:08:38.402-0300] {processor.py:183} INFO - Processing /Users/joaovitor/airflow_env/lib/python3.11/site-packages/airflow/example_dags/example_task_group.py took 0.171 seconds
[2025-11-04T22:10:30.955-0300] {processor.py:161} INFO - Started process (PID=31596) to work on /Users/joaovitor/airflow_env/lib/python3.11/site-packages/airflow/example_dags/example_task_group.py
[2025-11-04T22:10:30.956-0300] {processor.py:830} INFO - Processing file /Users/joaovitor/airflow_env/lib/python3.11/site-packages/airflow/example_dags/example_task_group.py for tasks to queue
[2025-11-04T22:10:30.957-0300] {logging_mixin.py:188} INFO - [2025-11-04T22:10:30.957-0300] {dagbag.py:545} INFO - Filling up the DagBag from /Users/joaovitor/airflow_env/lib/python3.11/site-packages/airflow/example_dags/example_task_group.py
[2025-11-04T22:10:30.966-0300] {processor.py:840} INFO - DAG(s) 'example_task_group' retrieved from /Users/joaovitor/airflow_env/lib/python3.11/site-packages/airflow/example_dags/example_task_group.py
[2025-11-04T22:10:31.081-0300] {logging_mixin.py:188} INFO - [2025-11-04T22:10:31.081-0300] {dag.py:3089} INFO - Sync 1 DAGs
[2025-11-04T22:10:31.099-0300] {logging_mixin.py:188} INFO - [2025-11-04T22:10:31.099-0300] {dag.py:3947} INFO - Setting next_dagrun for example_task_group to 2025-11-04 00:00:00+00:00, run_after=2025-11-05 00:00:00+00:00
[2025-11-04T22:10:31.127-0300] {processor.py:183} INFO - Processing /Users/joaovitor/airflow_env/lib/python3.11/site-packages/airflow/example_dags/example_task_group.py took 0.175 seconds
[2025-11-04T22:12:30.804-0300] {processor.py:161} INFO - Started process (PID=31640) to work on /Users/joaovitor/airflow_env/lib/python3.11/site-packages/airflow/example_dags/example_task_group.py
[2025-11-04T22:12:30.805-0300] {processor.py:830} INFO - Processing file /Users/joaovitor/airflow_env/lib/python3.11/site-packages/airflow/example_dags/example_task_group.py for tasks to queue
[2025-11-04T22:12:30.806-0300] {logging_mixin.py:188} INFO - [2025-11-04T22:12:30.806-0300] {dagbag.py:545} INFO - Filling up the DagBag from /Users/joaovitor/airflow_env/lib/python3.11/site-packages/airflow/example_dags/example_task_group.py
[2025-11-04T22:12:30.815-0300] {processor.py:840} INFO - DAG(s) 'example_task_group' retrieved from /Users/joaovitor/airflow_env/lib/python3.11/site-packages/airflow/example_dags/example_task_group.py
[2025-11-04T22:12:30.923-0300] {logging_mixin.py:188} INFO - [2025-11-04T22:12:30.923-0300] {dag.py:3089} INFO - Sync 1 DAGs
[2025-11-04T22:12:30.940-0300] {logging_mixin.py:188} INFO - [2025-11-04T22:12:30.940-0300] {dag.py:3947} INFO - Setting next_dagrun for example_task_group to 2025-11-04 00:00:00+00:00, run_after=2025-11-05 00:00:00+00:00
[2025-11-04T22:12:30.962-0300] {processor.py:183} INFO - Processing /Users/joaovitor/airflow_env/lib/python3.11/site-packages/airflow/example_dags/example_task_group.py took 0.160 seconds
[2025-11-04T22:14:31.542-0300] {processor.py:161} INFO - Started process (PID=31691) to work on /Users/joaovitor/airflow_env/lib/python3.11/site-packages/airflow/example_dags/example_task_group.py
[2025-11-04T22:14:31.543-0300] {processor.py:830} INFO - Processing file /Users/joaovitor/airflow_env/lib/python3.11/site-packages/airflow/example_dags/example_task_group.py for tasks to queue
[2025-11-04T22:14:31.544-0300] {logging_mixin.py:188} INFO - [2025-11-04T22:14:31.544-0300] {dagbag.py:545} INFO - Filling up the DagBag from /Users/joaovitor/airflow_env/lib/python3.11/site-packages/airflow/example_dags/example_task_group.py
[2025-11-04T22:14:31.556-0300] {processor.py:840} INFO - DAG(s) 'example_task_group' retrieved from /Users/joaovitor/airflow_env/lib/python3.11/site-packages/airflow/example_dags/example_task_group.py
[2025-11-04T22:14:31.669-0300] {logging_mixin.py:188} INFO - [2025-11-04T22:14:31.669-0300] {dag.py:3089} INFO - Sync 1 DAGs
[2025-11-04T22:14:31.685-0300] {logging_mixin.py:188} INFO - [2025-11-04T22:14:31.685-0300] {dag.py:3947} INFO - Setting next_dagrun for example_task_group to 2025-11-04 00:00:00+00:00, run_after=2025-11-05 00:00:00+00:00
[2025-11-04T22:14:31.709-0300] {processor.py:183} INFO - Processing /Users/joaovitor/airflow_env/lib/python3.11/site-packages/airflow/example_dags/example_task_group.py took 0.173 seconds
[2025-11-04T22:16:41.861-0300] {processor.py:161} INFO - Started process (PID=31749) to work on /Users/joaovitor/airflow_env/lib/python3.11/site-packages/airflow/example_dags/example_task_group.py
[2025-11-04T22:16:41.862-0300] {processor.py:830} INFO - Processing file /Users/joaovitor/airflow_env/lib/python3.11/site-packages/airflow/example_dags/example_task_group.py for tasks to queue
[2025-11-04T22:16:41.863-0300] {logging_mixin.py:188} INFO - [2025-11-04T22:16:41.863-0300] {dagbag.py:545} INFO - Filling up the DagBag from /Users/joaovitor/airflow_env/lib/python3.11/site-packages/airflow/example_dags/example_task_group.py
[2025-11-04T22:16:41.872-0300] {processor.py:840} INFO - DAG(s) 'example_task_group' retrieved from /Users/joaovitor/airflow_env/lib/python3.11/site-packages/airflow/example_dags/example_task_group.py
[2025-11-04T22:16:41.977-0300] {logging_mixin.py:188} INFO - [2025-11-04T22:16:41.977-0300] {dag.py:3089} INFO - Sync 1 DAGs
[2025-11-04T22:16:41.994-0300] {logging_mixin.py:188} INFO - [2025-11-04T22:16:41.994-0300] {dag.py:3947} INFO - Setting next_dagrun for example_task_group to 2025-11-04 00:00:00+00:00, run_after=2025-11-05 00:00:00+00:00
[2025-11-04T22:16:42.016-0300] {processor.py:183} INFO - Processing /Users/joaovitor/airflow_env/lib/python3.11/site-packages/airflow/example_dags/example_task_group.py took 0.158 seconds
[2025-11-04T22:18:38.763-0300] {processor.py:161} INFO - Started process (PID=31797) to work on /Users/joaovitor/airflow_env/lib/python3.11/site-packages/airflow/example_dags/example_task_group.py
[2025-11-04T22:18:38.765-0300] {processor.py:830} INFO - Processing file /Users/joaovitor/airflow_env/lib/python3.11/site-packages/airflow/example_dags/example_task_group.py for tasks to queue
[2025-11-04T22:18:38.766-0300] {logging_mixin.py:188} INFO - [2025-11-04T22:18:38.766-0300] {dagbag.py:545} INFO - Filling up the DagBag from /Users/joaovitor/airflow_env/lib/python3.11/site-packages/airflow/example_dags/example_task_group.py
[2025-11-04T22:18:38.779-0300] {processor.py:840} INFO - DAG(s) 'example_task_group' retrieved from /Users/joaovitor/airflow_env/lib/python3.11/site-packages/airflow/example_dags/example_task_group.py
[2025-11-04T22:18:38.891-0300] {logging_mixin.py:188} INFO - [2025-11-04T22:18:38.891-0300] {dag.py:3089} INFO - Sync 1 DAGs
[2025-11-04T22:18:38.909-0300] {logging_mixin.py:188} INFO - [2025-11-04T22:18:38.909-0300] {dag.py:3947} INFO - Setting next_dagrun for example_task_group to 2025-11-04 00:00:00+00:00, run_after=2025-11-05 00:00:00+00:00
[2025-11-04T22:18:38.931-0300] {processor.py:183} INFO - Processing /Users/joaovitor/airflow_env/lib/python3.11/site-packages/airflow/example_dags/example_task_group.py took 0.171 seconds
[2025-11-04T22:20:41.861-0300] {processor.py:161} INFO - Started process (PID=31837) to work on /Users/joaovitor/airflow_env/lib/python3.11/site-packages/airflow/example_dags/example_task_group.py
[2025-11-04T22:20:41.863-0300] {processor.py:830} INFO - Processing file /Users/joaovitor/airflow_env/lib/python3.11/site-packages/airflow/example_dags/example_task_group.py for tasks to queue
[2025-11-04T22:20:41.864-0300] {logging_mixin.py:188} INFO - [2025-11-04T22:20:41.864-0300] {dagbag.py:545} INFO - Filling up the DagBag from /Users/joaovitor/airflow_env/lib/python3.11/site-packages/airflow/example_dags/example_task_group.py
[2025-11-04T22:20:41.873-0300] {processor.py:840} INFO - DAG(s) 'example_task_group' retrieved from /Users/joaovitor/airflow_env/lib/python3.11/site-packages/airflow/example_dags/example_task_group.py
[2025-11-04T22:20:41.976-0300] {logging_mixin.py:188} INFO - [2025-11-04T22:20:41.976-0300] {dag.py:3089} INFO - Sync 1 DAGs
[2025-11-04T22:20:41.993-0300] {logging_mixin.py:188} INFO - [2025-11-04T22:20:41.992-0300] {dag.py:3947} INFO - Setting next_dagrun for example_task_group to 2025-11-04 00:00:00+00:00, run_after=2025-11-05 00:00:00+00:00
[2025-11-04T22:20:42.015-0300] {processor.py:183} INFO - Processing /Users/joaovitor/airflow_env/lib/python3.11/site-packages/airflow/example_dags/example_task_group.py took 0.157 seconds
[2025-11-04T22:22:49.004-0300] {processor.py:161} INFO - Started process (PID=31936) to work on /Users/joaovitor/airflow_env/lib/python3.11/site-packages/airflow/example_dags/example_task_group.py
[2025-11-04T22:22:49.007-0300] {processor.py:830} INFO - Processing file /Users/joaovitor/airflow_env/lib/python3.11/site-packages/airflow/example_dags/example_task_group.py for tasks to queue
[2025-11-04T22:22:49.008-0300] {logging_mixin.py:188} INFO - [2025-11-04T22:22:49.007-0300] {dagbag.py:545} INFO - Filling up the DagBag from /Users/joaovitor/airflow_env/lib/python3.11/site-packages/airflow/example_dags/example_task_group.py
[2025-11-04T22:22:49.019-0300] {processor.py:840} INFO - DAG(s) 'example_task_group' retrieved from /Users/joaovitor/airflow_env/lib/python3.11/site-packages/airflow/example_dags/example_task_group.py
[2025-11-04T22:22:49.141-0300] {logging_mixin.py:188} INFO - [2025-11-04T22:22:49.141-0300] {dag.py:3089} INFO - Sync 1 DAGs
[2025-11-04T22:22:49.160-0300] {logging_mixin.py:188} INFO - [2025-11-04T22:22:49.160-0300] {dag.py:3947} INFO - Setting next_dagrun for example_task_group to 2025-11-04 00:00:00+00:00, run_after=2025-11-05 00:00:00+00:00
[2025-11-04T22:22:49.184-0300] {processor.py:183} INFO - Processing /Users/joaovitor/airflow_env/lib/python3.11/site-packages/airflow/example_dags/example_task_group.py took 0.183 seconds
[2025-11-04T22:24:54.640-0300] {processor.py:161} INFO - Started process (PID=31977) to work on /Users/joaovitor/airflow_env/lib/python3.11/site-packages/airflow/example_dags/example_task_group.py
[2025-11-04T22:24:54.641-0300] {processor.py:830} INFO - Processing file /Users/joaovitor/airflow_env/lib/python3.11/site-packages/airflow/example_dags/example_task_group.py for tasks to queue
[2025-11-04T22:24:54.641-0300] {logging_mixin.py:188} INFO - [2025-11-04T22:24:54.641-0300] {dagbag.py:545} INFO - Filling up the DagBag from /Users/joaovitor/airflow_env/lib/python3.11/site-packages/airflow/example_dags/example_task_group.py
[2025-11-04T22:24:54.651-0300] {processor.py:840} INFO - DAG(s) 'example_task_group' retrieved from /Users/joaovitor/airflow_env/lib/python3.11/site-packages/airflow/example_dags/example_task_group.py
[2025-11-04T22:24:54.775-0300] {logging_mixin.py:188} INFO - [2025-11-04T22:24:54.775-0300] {dag.py:3089} INFO - Sync 1 DAGs
[2025-11-04T22:24:54.799-0300] {logging_mixin.py:188} INFO - [2025-11-04T22:24:54.799-0300] {dag.py:3947} INFO - Setting next_dagrun for example_task_group to 2025-11-04 00:00:00+00:00, run_after=2025-11-05 00:00:00+00:00
[2025-11-04T22:24:54.825-0300] {processor.py:183} INFO - Processing /Users/joaovitor/airflow_env/lib/python3.11/site-packages/airflow/example_dags/example_task_group.py took 0.189 seconds
[2025-11-04T22:27:01.015-0300] {processor.py:161} INFO - Started process (PID=32019) to work on /Users/joaovitor/airflow_env/lib/python3.11/site-packages/airflow/example_dags/example_task_group.py
[2025-11-04T22:27:01.016-0300] {processor.py:830} INFO - Processing file /Users/joaovitor/airflow_env/lib/python3.11/site-packages/airflow/example_dags/example_task_group.py for tasks to queue
[2025-11-04T22:27:01.016-0300] {logging_mixin.py:188} INFO - [2025-11-04T22:27:01.016-0300] {dagbag.py:545} INFO - Filling up the DagBag from /Users/joaovitor/airflow_env/lib/python3.11/site-packages/airflow/example_dags/example_task_group.py
[2025-11-04T22:27:01.025-0300] {processor.py:840} INFO - DAG(s) 'example_task_group' retrieved from /Users/joaovitor/airflow_env/lib/python3.11/site-packages/airflow/example_dags/example_task_group.py
[2025-11-04T22:27:01.174-0300] {logging_mixin.py:188} INFO - [2025-11-04T22:27:01.174-0300] {dag.py:3089} INFO - Sync 1 DAGs
[2025-11-04T22:27:01.194-0300] {logging_mixin.py:188} INFO - [2025-11-04T22:27:01.194-0300] {dag.py:3947} INFO - Setting next_dagrun for example_task_group to 2025-11-04 00:00:00+00:00, run_after=2025-11-05 00:00:00+00:00
[2025-11-04T22:27:01.220-0300] {processor.py:183} INFO - Processing /Users/joaovitor/airflow_env/lib/python3.11/site-packages/airflow/example_dags/example_task_group.py took 0.209 seconds
[2025-11-04T22:29:10.499-0300] {processor.py:161} INFO - Started process (PID=32061) to work on /Users/joaovitor/airflow_env/lib/python3.11/site-packages/airflow/example_dags/example_task_group.py
[2025-11-04T22:29:10.499-0300] {processor.py:830} INFO - Processing file /Users/joaovitor/airflow_env/lib/python3.11/site-packages/airflow/example_dags/example_task_group.py for tasks to queue
[2025-11-04T22:29:10.500-0300] {logging_mixin.py:188} INFO - [2025-11-04T22:29:10.500-0300] {dagbag.py:545} INFO - Filling up the DagBag from /Users/joaovitor/airflow_env/lib/python3.11/site-packages/airflow/example_dags/example_task_group.py
[2025-11-04T22:29:10.511-0300] {processor.py:840} INFO - DAG(s) 'example_task_group' retrieved from /Users/joaovitor/airflow_env/lib/python3.11/site-packages/airflow/example_dags/example_task_group.py
[2025-11-04T22:29:10.631-0300] {logging_mixin.py:188} INFO - [2025-11-04T22:29:10.630-0300] {dag.py:3089} INFO - Sync 1 DAGs
[2025-11-04T22:29:10.649-0300] {logging_mixin.py:188} INFO - [2025-11-04T22:29:10.649-0300] {dag.py:3947} INFO - Setting next_dagrun for example_task_group to 2025-11-04 00:00:00+00:00, run_after=2025-11-05 00:00:00+00:00
[2025-11-04T22:29:10.672-0300] {processor.py:183} INFO - Processing /Users/joaovitor/airflow_env/lib/python3.11/site-packages/airflow/example_dags/example_task_group.py took 0.176 seconds
[2025-11-04T22:31:31.609-0300] {processor.py:161} INFO - Started process (PID=32156) to work on /Users/joaovitor/airflow_env/lib/python3.11/site-packages/airflow/example_dags/example_task_group.py
[2025-11-04T22:31:31.611-0300] {processor.py:830} INFO - Processing file /Users/joaovitor/airflow_env/lib/python3.11/site-packages/airflow/example_dags/example_task_group.py for tasks to queue
[2025-11-04T22:31:31.612-0300] {logging_mixin.py:188} INFO - [2025-11-04T22:31:31.612-0300] {dagbag.py:545} INFO - Filling up the DagBag from /Users/joaovitor/airflow_env/lib/python3.11/site-packages/airflow/example_dags/example_task_group.py
[2025-11-04T22:31:31.677-0300] {processor.py:840} INFO - DAG(s) 'example_task_group' retrieved from /Users/joaovitor/airflow_env/lib/python3.11/site-packages/airflow/example_dags/example_task_group.py
[2025-11-04T22:31:32.094-0300] {logging_mixin.py:188} INFO - [2025-11-04T22:31:32.093-0300] {dag.py:3089} INFO - Sync 1 DAGs
[2025-11-04T22:31:32.134-0300] {logging_mixin.py:188} INFO - [2025-11-04T22:31:32.133-0300] {dag.py:3947} INFO - Setting next_dagrun for example_task_group to 2025-11-04 00:00:00+00:00, run_after=2025-11-05 00:00:00+00:00
[2025-11-04T22:31:32.175-0300] {processor.py:183} INFO - Processing /Users/joaovitor/airflow_env/lib/python3.11/site-packages/airflow/example_dags/example_task_group.py took 0.569 seconds
[2025-11-04T22:34:19.195-0300] {processor.py:161} INFO - Started process (PID=32331) to work on /Users/joaovitor/airflow_env/lib/python3.11/site-packages/airflow/example_dags/example_task_group.py
[2025-11-04T22:34:19.197-0300] {processor.py:830} INFO - Processing file /Users/joaovitor/airflow_env/lib/python3.11/site-packages/airflow/example_dags/example_task_group.py for tasks to queue
[2025-11-04T22:34:19.198-0300] {logging_mixin.py:188} INFO - [2025-11-04T22:34:19.198-0300] {dagbag.py:545} INFO - Filling up the DagBag from /Users/joaovitor/airflow_env/lib/python3.11/site-packages/airflow/example_dags/example_task_group.py
[2025-11-04T22:34:19.208-0300] {processor.py:840} INFO - DAG(s) 'example_task_group' retrieved from /Users/joaovitor/airflow_env/lib/python3.11/site-packages/airflow/example_dags/example_task_group.py
[2025-11-04T22:34:19.330-0300] {logging_mixin.py:188} INFO - [2025-11-04T22:34:19.330-0300] {dag.py:3089} INFO - Sync 1 DAGs
[2025-11-04T22:34:19.347-0300] {logging_mixin.py:188} INFO - [2025-11-04T22:34:19.346-0300] {dag.py:3947} INFO - Setting next_dagrun for example_task_group to 2025-11-04 00:00:00+00:00, run_after=2025-11-05 00:00:00+00:00
[2025-11-04T22:34:19.378-0300] {processor.py:183} INFO - Processing /Users/joaovitor/airflow_env/lib/python3.11/site-packages/airflow/example_dags/example_task_group.py took 0.187 seconds
[2025-11-04T22:36:29.187-0300] {processor.py:161} INFO - Started process (PID=32430) to work on /Users/joaovitor/airflow_env/lib/python3.11/site-packages/airflow/example_dags/example_task_group.py
[2025-11-04T22:36:29.189-0300] {processor.py:830} INFO - Processing file /Users/joaovitor/airflow_env/lib/python3.11/site-packages/airflow/example_dags/example_task_group.py for tasks to queue
[2025-11-04T22:36:29.190-0300] {logging_mixin.py:188} INFO - [2025-11-04T22:36:29.189-0300] {dagbag.py:545} INFO - Filling up the DagBag from /Users/joaovitor/airflow_env/lib/python3.11/site-packages/airflow/example_dags/example_task_group.py
[2025-11-04T22:36:29.206-0300] {processor.py:840} INFO - DAG(s) 'example_task_group' retrieved from /Users/joaovitor/airflow_env/lib/python3.11/site-packages/airflow/example_dags/example_task_group.py
[2025-11-04T22:36:29.350-0300] {logging_mixin.py:188} INFO - [2025-11-04T22:36:29.350-0300] {dag.py:3089} INFO - Sync 1 DAGs
[2025-11-04T22:36:29.371-0300] {logging_mixin.py:188} INFO - [2025-11-04T22:36:29.371-0300] {dag.py:3947} INFO - Setting next_dagrun for example_task_group to 2025-11-04 00:00:00+00:00, run_after=2025-11-05 00:00:00+00:00
[2025-11-04T22:36:29.403-0300] {processor.py:183} INFO - Processing /Users/joaovitor/airflow_env/lib/python3.11/site-packages/airflow/example_dags/example_task_group.py took 0.219 seconds
[2025-11-04T22:38:53.586-0300] {processor.py:161} INFO - Started process (PID=32663) to work on /Users/joaovitor/airflow_env/lib/python3.11/site-packages/airflow/example_dags/example_task_group.py
[2025-11-04T22:38:53.588-0300] {processor.py:830} INFO - Processing file /Users/joaovitor/airflow_env/lib/python3.11/site-packages/airflow/example_dags/example_task_group.py for tasks to queue
[2025-11-04T22:38:53.590-0300] {logging_mixin.py:188} INFO - [2025-11-04T22:38:53.589-0300] {dagbag.py:545} INFO - Filling up the DagBag from /Users/joaovitor/airflow_env/lib/python3.11/site-packages/airflow/example_dags/example_task_group.py
[2025-11-04T22:38:53.602-0300] {processor.py:840} INFO - DAG(s) 'example_task_group' retrieved from /Users/joaovitor/airflow_env/lib/python3.11/site-packages/airflow/example_dags/example_task_group.py
[2025-11-04T22:38:53.820-0300] {logging_mixin.py:188} INFO - [2025-11-04T22:38:53.820-0300] {dag.py:3089} INFO - Sync 1 DAGs
[2025-11-04T22:38:53.839-0300] {logging_mixin.py:188} INFO - [2025-11-04T22:38:53.838-0300] {dag.py:3947} INFO - Setting next_dagrun for example_task_group to 2025-11-04 00:00:00+00:00, run_after=2025-11-05 00:00:00+00:00
[2025-11-04T22:38:53.864-0300] {processor.py:183} INFO - Processing /Users/joaovitor/airflow_env/lib/python3.11/site-packages/airflow/example_dags/example_task_group.py took 0.281 seconds
[2025-11-04T22:41:15.742-0300] {processor.py:161} INFO - Started process (PID=32710) to work on /Users/joaovitor/airflow_env/lib/python3.11/site-packages/airflow/example_dags/example_task_group.py
[2025-11-04T22:41:15.744-0300] {processor.py:830} INFO - Processing file /Users/joaovitor/airflow_env/lib/python3.11/site-packages/airflow/example_dags/example_task_group.py for tasks to queue
[2025-11-04T22:41:15.745-0300] {logging_mixin.py:188} INFO - [2025-11-04T22:41:15.745-0300] {dagbag.py:545} INFO - Filling up the DagBag from /Users/joaovitor/airflow_env/lib/python3.11/site-packages/airflow/example_dags/example_task_group.py
[2025-11-04T22:41:15.761-0300] {processor.py:840} INFO - DAG(s) 'example_task_group' retrieved from /Users/joaovitor/airflow_env/lib/python3.11/site-packages/airflow/example_dags/example_task_group.py
[2025-11-04T22:41:16.016-0300] {logging_mixin.py:188} INFO - [2025-11-04T22:41:16.015-0300] {dag.py:3089} INFO - Sync 1 DAGs
[2025-11-04T22:41:16.048-0300] {logging_mixin.py:188} INFO - [2025-11-04T22:41:16.048-0300] {dag.py:3947} INFO - Setting next_dagrun for example_task_group to 2025-11-04 00:00:00+00:00, run_after=2025-11-05 00:00:00+00:00
[2025-11-04T22:41:16.081-0300] {processor.py:183} INFO - Processing /Users/joaovitor/airflow_env/lib/python3.11/site-packages/airflow/example_dags/example_task_group.py took 0.341 seconds
[2025-11-04T22:43:38.185-0300] {processor.py:161} INFO - Started process (PID=32776) to work on /Users/joaovitor/airflow_env/lib/python3.11/site-packages/airflow/example_dags/example_task_group.py
[2025-11-04T22:43:38.187-0300] {processor.py:830} INFO - Processing file /Users/joaovitor/airflow_env/lib/python3.11/site-packages/airflow/example_dags/example_task_group.py for tasks to queue
[2025-11-04T22:43:38.188-0300] {logging_mixin.py:188} INFO - [2025-11-04T22:43:38.187-0300] {dagbag.py:545} INFO - Filling up the DagBag from /Users/joaovitor/airflow_env/lib/python3.11/site-packages/airflow/example_dags/example_task_group.py
[2025-11-04T22:43:38.201-0300] {processor.py:840} INFO - DAG(s) 'example_task_group' retrieved from /Users/joaovitor/airflow_env/lib/python3.11/site-packages/airflow/example_dags/example_task_group.py
[2025-11-04T22:43:38.401-0300] {logging_mixin.py:188} INFO - [2025-11-04T22:43:38.400-0300] {dag.py:3089} INFO - Sync 1 DAGs
[2025-11-04T22:43:38.439-0300] {logging_mixin.py:188} INFO - [2025-11-04T22:43:38.438-0300] {dag.py:3947} INFO - Setting next_dagrun for example_task_group to 2025-11-04 00:00:00+00:00, run_after=2025-11-05 00:00:00+00:00
[2025-11-04T22:43:38.525-0300] {processor.py:183} INFO - Processing /Users/joaovitor/airflow_env/lib/python3.11/site-packages/airflow/example_dags/example_task_group.py took 0.343 seconds
[2025-11-04T22:45:58.755-0300] {processor.py:161} INFO - Started process (PID=32821) to work on /Users/joaovitor/airflow_env/lib/python3.11/site-packages/airflow/example_dags/example_task_group.py
[2025-11-04T22:45:58.756-0300] {processor.py:830} INFO - Processing file /Users/joaovitor/airflow_env/lib/python3.11/site-packages/airflow/example_dags/example_task_group.py for tasks to queue
[2025-11-04T22:45:58.756-0300] {logging_mixin.py:188} INFO - [2025-11-04T22:45:58.756-0300] {dagbag.py:545} INFO - Filling up the DagBag from /Users/joaovitor/airflow_env/lib/python3.11/site-packages/airflow/example_dags/example_task_group.py
[2025-11-04T22:45:58.768-0300] {processor.py:840} INFO - DAG(s) 'example_task_group' retrieved from /Users/joaovitor/airflow_env/lib/python3.11/site-packages/airflow/example_dags/example_task_group.py
[2025-11-04T22:45:58.891-0300] {logging_mixin.py:188} INFO - [2025-11-04T22:45:58.891-0300] {dag.py:3089} INFO - Sync 1 DAGs
[2025-11-04T22:45:58.915-0300] {logging_mixin.py:188} INFO - [2025-11-04T22:45:58.915-0300] {dag.py:3947} INFO - Setting next_dagrun for example_task_group to 2025-11-04 00:00:00+00:00, run_after=2025-11-05 00:00:00+00:00
[2025-11-04T22:45:58.939-0300] {processor.py:183} INFO - Processing /Users/joaovitor/airflow_env/lib/python3.11/site-packages/airflow/example_dags/example_task_group.py took 0.186 seconds
[2025-11-04T22:48:11.849-0300] {processor.py:161} INFO - Started process (PID=32885) to work on /Users/joaovitor/airflow_env/lib/python3.11/site-packages/airflow/example_dags/example_task_group.py
[2025-11-04T22:48:11.851-0300] {processor.py:830} INFO - Processing file /Users/joaovitor/airflow_env/lib/python3.11/site-packages/airflow/example_dags/example_task_group.py for tasks to queue
[2025-11-04T22:48:11.852-0300] {logging_mixin.py:188} INFO - [2025-11-04T22:48:11.852-0300] {dagbag.py:545} INFO - Filling up the DagBag from /Users/joaovitor/airflow_env/lib/python3.11/site-packages/airflow/example_dags/example_task_group.py
[2025-11-04T22:48:11.864-0300] {processor.py:840} INFO - DAG(s) 'example_task_group' retrieved from /Users/joaovitor/airflow_env/lib/python3.11/site-packages/airflow/example_dags/example_task_group.py
[2025-11-04T22:48:11.991-0300] {logging_mixin.py:188} INFO - [2025-11-04T22:48:11.991-0300] {dag.py:3089} INFO - Sync 1 DAGs
[2025-11-04T22:48:12.027-0300] {logging_mixin.py:188} INFO - [2025-11-04T22:48:12.026-0300] {dag.py:3947} INFO - Setting next_dagrun for example_task_group to 2025-11-04 00:00:00+00:00, run_after=2025-11-05 00:00:00+00:00
[2025-11-04T22:48:12.065-0300] {processor.py:183} INFO - Processing /Users/joaovitor/airflow_env/lib/python3.11/site-packages/airflow/example_dags/example_task_group.py took 0.218 seconds
[2025-11-04T22:50:21.149-0300] {processor.py:161} INFO - Started process (PID=32945) to work on /Users/joaovitor/airflow_env/lib/python3.11/site-packages/airflow/example_dags/example_task_group.py
[2025-11-04T22:50:21.151-0300] {processor.py:830} INFO - Processing file /Users/joaovitor/airflow_env/lib/python3.11/site-packages/airflow/example_dags/example_task_group.py for tasks to queue
[2025-11-04T22:50:21.153-0300] {logging_mixin.py:188} INFO - [2025-11-04T22:50:21.153-0300] {dagbag.py:545} INFO - Filling up the DagBag from /Users/joaovitor/airflow_env/lib/python3.11/site-packages/airflow/example_dags/example_task_group.py
[2025-11-04T22:50:21.165-0300] {processor.py:840} INFO - DAG(s) 'example_task_group' retrieved from /Users/joaovitor/airflow_env/lib/python3.11/site-packages/airflow/example_dags/example_task_group.py
[2025-11-04T22:50:21.292-0300] {logging_mixin.py:188} INFO - [2025-11-04T22:50:21.291-0300] {dag.py:3089} INFO - Sync 1 DAGs
[2025-11-04T22:50:21.311-0300] {logging_mixin.py:188} INFO - [2025-11-04T22:50:21.311-0300] {dag.py:3947} INFO - Setting next_dagrun for example_task_group to 2025-11-04 00:00:00+00:00, run_after=2025-11-05 00:00:00+00:00
[2025-11-04T22:50:21.333-0300] {processor.py:183} INFO - Processing /Users/joaovitor/airflow_env/lib/python3.11/site-packages/airflow/example_dags/example_task_group.py took 0.186 seconds
[2025-11-04T22:52:41.759-0300] {processor.py:161} INFO - Started process (PID=32991) to work on /Users/joaovitor/airflow_env/lib/python3.11/site-packages/airflow/example_dags/example_task_group.py
[2025-11-04T22:52:41.762-0300] {processor.py:830} INFO - Processing file /Users/joaovitor/airflow_env/lib/python3.11/site-packages/airflow/example_dags/example_task_group.py for tasks to queue
[2025-11-04T22:52:41.763-0300] {logging_mixin.py:188} INFO - [2025-11-04T22:52:41.762-0300] {dagbag.py:545} INFO - Filling up the DagBag from /Users/joaovitor/airflow_env/lib/python3.11/site-packages/airflow/example_dags/example_task_group.py
[2025-11-04T22:52:41.775-0300] {processor.py:840} INFO - DAG(s) 'example_task_group' retrieved from /Users/joaovitor/airflow_env/lib/python3.11/site-packages/airflow/example_dags/example_task_group.py
[2025-11-04T22:52:41.902-0300] {logging_mixin.py:188} INFO - [2025-11-04T22:52:41.901-0300] {dag.py:3089} INFO - Sync 1 DAGs
[2025-11-04T22:52:41.921-0300] {logging_mixin.py:188} INFO - [2025-11-04T22:52:41.921-0300] {dag.py:3947} INFO - Setting next_dagrun for example_task_group to 2025-11-04 00:00:00+00:00, run_after=2025-11-05 00:00:00+00:00
[2025-11-04T22:52:41.942-0300] {processor.py:183} INFO - Processing /Users/joaovitor/airflow_env/lib/python3.11/site-packages/airflow/example_dags/example_task_group.py took 0.185 seconds
[2025-11-04T22:55:03.218-0300] {processor.py:161} INFO - Started process (PID=33045) to work on /Users/joaovitor/airflow_env/lib/python3.11/site-packages/airflow/example_dags/example_task_group.py
[2025-11-04T22:55:03.220-0300] {processor.py:830} INFO - Processing file /Users/joaovitor/airflow_env/lib/python3.11/site-packages/airflow/example_dags/example_task_group.py for tasks to queue
[2025-11-04T22:55:03.221-0300] {logging_mixin.py:188} INFO - [2025-11-04T22:55:03.221-0300] {dagbag.py:545} INFO - Filling up the DagBag from /Users/joaovitor/airflow_env/lib/python3.11/site-packages/airflow/example_dags/example_task_group.py
[2025-11-04T22:55:03.233-0300] {processor.py:840} INFO - DAG(s) 'example_task_group' retrieved from /Users/joaovitor/airflow_env/lib/python3.11/site-packages/airflow/example_dags/example_task_group.py
[2025-11-04T22:55:03.595-0300] {logging_mixin.py:188} INFO - [2025-11-04T22:55:03.591-0300] {dag.py:3089} INFO - Sync 1 DAGs
[2025-11-04T22:55:03.646-0300] {logging_mixin.py:188} INFO - [2025-11-04T22:55:03.646-0300] {dag.py:3947} INFO - Setting next_dagrun for example_task_group to 2025-11-04 00:00:00+00:00, run_after=2025-11-05 00:00:00+00:00
[2025-11-04T22:55:03.677-0300] {processor.py:183} INFO - Processing /Users/joaovitor/airflow_env/lib/python3.11/site-packages/airflow/example_dags/example_task_group.py took 0.461 seconds
[2025-11-04T22:57:15.104-0300] {processor.py:161} INFO - Started process (PID=33088) to work on /Users/joaovitor/airflow_env/lib/python3.11/site-packages/airflow/example_dags/example_task_group.py
[2025-11-04T22:57:15.105-0300] {processor.py:830} INFO - Processing file /Users/joaovitor/airflow_env/lib/python3.11/site-packages/airflow/example_dags/example_task_group.py for tasks to queue
[2025-11-04T22:57:15.106-0300] {logging_mixin.py:188} INFO - [2025-11-04T22:57:15.106-0300] {dagbag.py:545} INFO - Filling up the DagBag from /Users/joaovitor/airflow_env/lib/python3.11/site-packages/airflow/example_dags/example_task_group.py
[2025-11-04T22:57:15.117-0300] {processor.py:840} INFO - DAG(s) 'example_task_group' retrieved from /Users/joaovitor/airflow_env/lib/python3.11/site-packages/airflow/example_dags/example_task_group.py
[2025-11-04T22:57:15.246-0300] {logging_mixin.py:188} INFO - [2025-11-04T22:57:15.246-0300] {dag.py:3089} INFO - Sync 1 DAGs
[2025-11-04T22:57:15.267-0300] {logging_mixin.py:188} INFO - [2025-11-04T22:57:15.266-0300] {dag.py:3947} INFO - Setting next_dagrun for example_task_group to 2025-11-04 00:00:00+00:00, run_after=2025-11-05 00:00:00+00:00
[2025-11-04T22:57:15.289-0300] {processor.py:183} INFO - Processing /Users/joaovitor/airflow_env/lib/python3.11/site-packages/airflow/example_dags/example_task_group.py took 0.188 seconds
[2025-11-04T22:59:34.175-0300] {processor.py:161} INFO - Started process (PID=33134) to work on /Users/joaovitor/airflow_env/lib/python3.11/site-packages/airflow/example_dags/example_task_group.py
[2025-11-04T22:59:34.176-0300] {processor.py:830} INFO - Processing file /Users/joaovitor/airflow_env/lib/python3.11/site-packages/airflow/example_dags/example_task_group.py for tasks to queue
[2025-11-04T22:59:34.176-0300] {logging_mixin.py:188} INFO - [2025-11-04T22:59:34.176-0300] {dagbag.py:545} INFO - Filling up the DagBag from /Users/joaovitor/airflow_env/lib/python3.11/site-packages/airflow/example_dags/example_task_group.py
[2025-11-04T22:59:34.187-0300] {processor.py:840} INFO - DAG(s) 'example_task_group' retrieved from /Users/joaovitor/airflow_env/lib/python3.11/site-packages/airflow/example_dags/example_task_group.py
[2025-11-04T22:59:34.300-0300] {logging_mixin.py:188} INFO - [2025-11-04T22:59:34.300-0300] {dag.py:3089} INFO - Sync 1 DAGs
[2025-11-04T22:59:34.317-0300] {logging_mixin.py:188} INFO - [2025-11-04T22:59:34.317-0300] {dag.py:3947} INFO - Setting next_dagrun for example_task_group to 2025-11-04 00:00:00+00:00, run_after=2025-11-05 00:00:00+00:00
[2025-11-04T22:59:34.338-0300] {processor.py:183} INFO - Processing /Users/joaovitor/airflow_env/lib/python3.11/site-packages/airflow/example_dags/example_task_group.py took 0.166 seconds
[2025-11-04T23:01:54.390-0300] {processor.py:161} INFO - Started process (PID=33179) to work on /Users/joaovitor/airflow_env/lib/python3.11/site-packages/airflow/example_dags/example_task_group.py
[2025-11-04T23:01:54.392-0300] {processor.py:830} INFO - Processing file /Users/joaovitor/airflow_env/lib/python3.11/site-packages/airflow/example_dags/example_task_group.py for tasks to queue
[2025-11-04T23:01:54.393-0300] {logging_mixin.py:188} INFO - [2025-11-04T23:01:54.393-0300] {dagbag.py:545} INFO - Filling up the DagBag from /Users/joaovitor/airflow_env/lib/python3.11/site-packages/airflow/example_dags/example_task_group.py
[2025-11-04T23:01:54.404-0300] {processor.py:840} INFO - DAG(s) 'example_task_group' retrieved from /Users/joaovitor/airflow_env/lib/python3.11/site-packages/airflow/example_dags/example_task_group.py
[2025-11-04T23:01:54.523-0300] {logging_mixin.py:188} INFO - [2025-11-04T23:01:54.523-0300] {dag.py:3089} INFO - Sync 1 DAGs
[2025-11-04T23:01:54.545-0300] {logging_mixin.py:188} INFO - [2025-11-04T23:01:54.545-0300] {dag.py:3947} INFO - Setting next_dagrun for example_task_group to 2025-11-04 00:00:00+00:00, run_after=2025-11-05 00:00:00+00:00
[2025-11-04T23:01:54.567-0300] {processor.py:183} INFO - Processing /Users/joaovitor/airflow_env/lib/python3.11/site-packages/airflow/example_dags/example_task_group.py took 0.180 seconds
[2025-11-04T23:04:14.732-0300] {processor.py:161} INFO - Started process (PID=33250) to work on /Users/joaovitor/airflow_env/lib/python3.11/site-packages/airflow/example_dags/example_task_group.py
[2025-11-04T23:04:14.734-0300] {processor.py:830} INFO - Processing file /Users/joaovitor/airflow_env/lib/python3.11/site-packages/airflow/example_dags/example_task_group.py for tasks to queue
[2025-11-04T23:04:14.735-0300] {logging_mixin.py:188} INFO - [2025-11-04T23:04:14.735-0300] {dagbag.py:545} INFO - Filling up the DagBag from /Users/joaovitor/airflow_env/lib/python3.11/site-packages/airflow/example_dags/example_task_group.py
[2025-11-04T23:04:14.746-0300] {processor.py:840} INFO - DAG(s) 'example_task_group' retrieved from /Users/joaovitor/airflow_env/lib/python3.11/site-packages/airflow/example_dags/example_task_group.py
[2025-11-04T23:04:14.851-0300] {logging_mixin.py:188} INFO - [2025-11-04T23:04:14.850-0300] {dag.py:3089} INFO - Sync 1 DAGs
[2025-11-04T23:04:14.869-0300] {logging_mixin.py:188} INFO - [2025-11-04T23:04:14.868-0300] {dag.py:3947} INFO - Setting next_dagrun for example_task_group to 2025-11-04 00:00:00+00:00, run_after=2025-11-05 00:00:00+00:00
[2025-11-04T23:04:14.889-0300] {processor.py:183} INFO - Processing /Users/joaovitor/airflow_env/lib/python3.11/site-packages/airflow/example_dags/example_task_group.py took 0.160 seconds
