[2025-11-04T21:47:21.785-0300] {processor.py:161} INFO - Started process (PID=31094) to work on /Users/joaovitor/airflow_env/lib/python3.11/site-packages/airflow/example_dags/example_latest_only_with_trigger.py
[2025-11-04T21:47:21.786-0300] {processor.py:830} INFO - Processing file /Users/joaovitor/airflow_env/lib/python3.11/site-packages/airflow/example_dags/example_latest_only_with_trigger.py for tasks to queue
[2025-11-04T21:47:21.786-0300] {logging_mixin.py:188} INFO - [2025-11-04T21:47:21.786-0300] {dagbag.py:545} INFO - Filling up the DagBag from /Users/joaovitor/airflow_env/lib/python3.11/site-packages/airflow/example_dags/example_latest_only_with_trigger.py
[2025-11-04T21:47:21.795-0300] {processor.py:840} INFO - DAG(s) 'latest_only_with_trigger' retrieved from /Users/joaovitor/airflow_env/lib/python3.11/site-packages/airflow/example_dags/example_latest_only_with_trigger.py
[2025-11-04T21:47:22.139-0300] {logging_mixin.py:188} INFO - [2025-11-04T21:47:22.138-0300] {override.py:1858} INFO - Created Permission View: can read on DAG:latest_only_with_trigger
[2025-11-04T21:47:22.160-0300] {logging_mixin.py:188} INFO - [2025-11-04T21:47:22.159-0300] {override.py:1858} INFO - Created Permission View: can edit on DAG:latest_only_with_trigger
[2025-11-04T21:47:22.168-0300] {logging_mixin.py:188} INFO - [2025-11-04T21:47:22.167-0300] {override.py:1858} INFO - Created Permission View: can delete on DAG:latest_only_with_trigger
[2025-11-04T21:47:22.168-0300] {logging_mixin.py:188} INFO - [2025-11-04T21:47:22.168-0300] {dag.py:3089} INFO - Sync 1 DAGs
[2025-11-04T21:47:22.183-0300] {logging_mixin.py:188} INFO - [2025-11-04T21:47:22.182-0300] {dag.py:3111} INFO - Creating ORM DAG for latest_only_with_trigger
[2025-11-04T21:47:22.196-0300] {logging_mixin.py:188} INFO - [2025-11-04T21:47:22.196-0300] {dag.py:3947} INFO - Setting next_dagrun for latest_only_with_trigger to 2025-11-04 20:00:00+00:00, run_after=2025-11-05 00:00:00+00:00
[2025-11-04T21:47:22.226-0300] {processor.py:183} INFO - Processing /Users/joaovitor/airflow_env/lib/python3.11/site-packages/airflow/example_dags/example_latest_only_with_trigger.py took 0.445 seconds
[2025-11-04T21:50:27.294-0300] {processor.py:161} INFO - Started process (PID=31202) to work on /Users/joaovitor/airflow_env/lib/python3.11/site-packages/airflow/example_dags/example_latest_only_with_trigger.py
[2025-11-04T21:50:27.296-0300] {processor.py:830} INFO - Processing file /Users/joaovitor/airflow_env/lib/python3.11/site-packages/airflow/example_dags/example_latest_only_with_trigger.py for tasks to queue
[2025-11-04T21:50:27.297-0300] {logging_mixin.py:188} INFO - [2025-11-04T21:50:27.297-0300] {dagbag.py:545} INFO - Filling up the DagBag from /Users/joaovitor/airflow_env/lib/python3.11/site-packages/airflow/example_dags/example_latest_only_with_trigger.py
[2025-11-04T21:50:27.309-0300] {processor.py:840} INFO - DAG(s) 'latest_only_with_trigger' retrieved from /Users/joaovitor/airflow_env/lib/python3.11/site-packages/airflow/example_dags/example_latest_only_with_trigger.py
[2025-11-04T21:50:27.414-0300] {logging_mixin.py:188} INFO - [2025-11-04T21:50:27.414-0300] {dag.py:3089} INFO - Sync 1 DAGs
[2025-11-04T21:50:27.432-0300] {logging_mixin.py:188} INFO - [2025-11-04T21:50:27.432-0300] {dag.py:3947} INFO - Setting next_dagrun for latest_only_with_trigger to 2025-11-04 20:00:00+00:00, run_after=2025-11-05 00:00:00+00:00
[2025-11-04T21:50:27.455-0300] {processor.py:183} INFO - Processing /Users/joaovitor/airflow_env/lib/python3.11/site-packages/airflow/example_dags/example_latest_only_with_trigger.py took 0.164 seconds
[2025-11-04T21:54:18.669-0300] {processor.py:161} INFO - Started process (PID=31285) to work on /Users/joaovitor/airflow_env/lib/python3.11/site-packages/airflow/example_dags/example_latest_only_with_trigger.py
[2025-11-04T21:54:18.670-0300] {processor.py:830} INFO - Processing file /Users/joaovitor/airflow_env/lib/python3.11/site-packages/airflow/example_dags/example_latest_only_with_trigger.py for tasks to queue
[2025-11-04T21:54:18.670-0300] {logging_mixin.py:188} INFO - [2025-11-04T21:54:18.670-0300] {dagbag.py:545} INFO - Filling up the DagBag from /Users/joaovitor/airflow_env/lib/python3.11/site-packages/airflow/example_dags/example_latest_only_with_trigger.py
[2025-11-04T21:54:18.680-0300] {processor.py:840} INFO - DAG(s) 'latest_only_with_trigger' retrieved from /Users/joaovitor/airflow_env/lib/python3.11/site-packages/airflow/example_dags/example_latest_only_with_trigger.py
[2025-11-04T21:54:18.796-0300] {logging_mixin.py:188} INFO - [2025-11-04T21:54:18.796-0300] {dag.py:3089} INFO - Sync 1 DAGs
[2025-11-04T21:54:18.812-0300] {logging_mixin.py:188} INFO - [2025-11-04T21:54:18.812-0300] {dag.py:3947} INFO - Setting next_dagrun for latest_only_with_trigger to 2025-11-04 20:00:00+00:00, run_after=2025-11-05 00:00:00+00:00
[2025-11-04T21:54:18.837-0300] {processor.py:183} INFO - Processing /Users/joaovitor/airflow_env/lib/python3.11/site-packages/airflow/example_dags/example_latest_only_with_trigger.py took 0.170 seconds
[2025-11-04T21:57:59.182-0300] {processor.py:161} INFO - Started process (PID=31365) to work on /Users/joaovitor/airflow_env/lib/python3.11/site-packages/airflow/example_dags/example_latest_only_with_trigger.py
[2025-11-04T21:57:59.183-0300] {processor.py:830} INFO - Processing file /Users/joaovitor/airflow_env/lib/python3.11/site-packages/airflow/example_dags/example_latest_only_with_trigger.py for tasks to queue
[2025-11-04T21:57:59.184-0300] {logging_mixin.py:188} INFO - [2025-11-04T21:57:59.184-0300] {dagbag.py:545} INFO - Filling up the DagBag from /Users/joaovitor/airflow_env/lib/python3.11/site-packages/airflow/example_dags/example_latest_only_with_trigger.py
[2025-11-04T21:57:59.192-0300] {processor.py:840} INFO - DAG(s) 'latest_only_with_trigger' retrieved from /Users/joaovitor/airflow_env/lib/python3.11/site-packages/airflow/example_dags/example_latest_only_with_trigger.py
[2025-11-04T21:57:59.309-0300] {logging_mixin.py:188} INFO - [2025-11-04T21:57:59.308-0300] {dag.py:3089} INFO - Sync 1 DAGs
[2025-11-04T21:57:59.326-0300] {logging_mixin.py:188} INFO - [2025-11-04T21:57:59.326-0300] {dag.py:3947} INFO - Setting next_dagrun for latest_only_with_trigger to 2025-11-04 20:00:00+00:00, run_after=2025-11-05 00:00:00+00:00
[2025-11-04T21:57:59.356-0300] {processor.py:183} INFO - Processing /Users/joaovitor/airflow_env/lib/python3.11/site-packages/airflow/example_dags/example_latest_only_with_trigger.py took 0.179 seconds
[2025-11-04T22:05:28.476-0300] {processor.py:161} INFO - Started process (PID=31462) to work on /Users/joaovitor/airflow_env/lib/python3.11/site-packages/airflow/example_dags/example_latest_only_with_trigger.py
[2025-11-04T22:05:28.477-0300] {processor.py:830} INFO - Processing file /Users/joaovitor/airflow_env/lib/python3.11/site-packages/airflow/example_dags/example_latest_only_with_trigger.py for tasks to queue
[2025-11-04T22:05:28.478-0300] {logging_mixin.py:188} INFO - [2025-11-04T22:05:28.477-0300] {dagbag.py:545} INFO - Filling up the DagBag from /Users/joaovitor/airflow_env/lib/python3.11/site-packages/airflow/example_dags/example_latest_only_with_trigger.py
[2025-11-04T22:05:28.486-0300] {processor.py:840} INFO - DAG(s) 'latest_only_with_trigger' retrieved from /Users/joaovitor/airflow_env/lib/python3.11/site-packages/airflow/example_dags/example_latest_only_with_trigger.py
[2025-11-04T22:05:28.596-0300] {logging_mixin.py:188} INFO - [2025-11-04T22:05:28.596-0300] {dag.py:3089} INFO - Sync 1 DAGs
[2025-11-04T22:05:28.613-0300] {logging_mixin.py:188} INFO - [2025-11-04T22:05:28.613-0300] {dag.py:3947} INFO - Setting next_dagrun for latest_only_with_trigger to 2025-11-04 20:00:00+00:00, run_after=2025-11-05 00:00:00+00:00
[2025-11-04T22:05:28.634-0300] {processor.py:183} INFO - Processing /Users/joaovitor/airflow_env/lib/python3.11/site-packages/airflow/example_dags/example_latest_only_with_trigger.py took 0.161 seconds
[2025-11-04T22:09:18.378-0300] {processor.py:161} INFO - Started process (PID=31562) to work on /Users/joaovitor/airflow_env/lib/python3.11/site-packages/airflow/example_dags/example_latest_only_with_trigger.py
[2025-11-04T22:09:18.379-0300] {processor.py:830} INFO - Processing file /Users/joaovitor/airflow_env/lib/python3.11/site-packages/airflow/example_dags/example_latest_only_with_trigger.py for tasks to queue
[2025-11-04T22:09:18.379-0300] {logging_mixin.py:188} INFO - [2025-11-04T22:09:18.379-0300] {dagbag.py:545} INFO - Filling up the DagBag from /Users/joaovitor/airflow_env/lib/python3.11/site-packages/airflow/example_dags/example_latest_only_with_trigger.py
[2025-11-04T22:09:18.388-0300] {processor.py:840} INFO - DAG(s) 'latest_only_with_trigger' retrieved from /Users/joaovitor/airflow_env/lib/python3.11/site-packages/airflow/example_dags/example_latest_only_with_trigger.py
[2025-11-04T22:09:18.493-0300] {logging_mixin.py:188} INFO - [2025-11-04T22:09:18.492-0300] {dag.py:3089} INFO - Sync 1 DAGs
[2025-11-04T22:09:18.509-0300] {logging_mixin.py:188} INFO - [2025-11-04T22:09:18.509-0300] {dag.py:3947} INFO - Setting next_dagrun for latest_only_with_trigger to 2025-11-04 20:00:00+00:00, run_after=2025-11-05 00:00:00+00:00
[2025-11-04T22:09:18.531-0300] {processor.py:183} INFO - Processing /Users/joaovitor/airflow_env/lib/python3.11/site-packages/airflow/example_dags/example_latest_only_with_trigger.py took 0.157 seconds
[2025-11-04T22:13:15.272-0300] {processor.py:161} INFO - Started process (PID=31665) to work on /Users/joaovitor/airflow_env/lib/python3.11/site-packages/airflow/example_dags/example_latest_only_with_trigger.py
[2025-11-04T22:13:15.273-0300] {processor.py:830} INFO - Processing file /Users/joaovitor/airflow_env/lib/python3.11/site-packages/airflow/example_dags/example_latest_only_with_trigger.py for tasks to queue
[2025-11-04T22:13:15.273-0300] {logging_mixin.py:188} INFO - [2025-11-04T22:13:15.273-0300] {dagbag.py:545} INFO - Filling up the DagBag from /Users/joaovitor/airflow_env/lib/python3.11/site-packages/airflow/example_dags/example_latest_only_with_trigger.py
[2025-11-04T22:13:15.284-0300] {processor.py:840} INFO - DAG(s) 'latest_only_with_trigger' retrieved from /Users/joaovitor/airflow_env/lib/python3.11/site-packages/airflow/example_dags/example_latest_only_with_trigger.py
[2025-11-04T22:13:15.408-0300] {logging_mixin.py:188} INFO - [2025-11-04T22:13:15.407-0300] {dag.py:3089} INFO - Sync 1 DAGs
[2025-11-04T22:13:15.426-0300] {logging_mixin.py:188} INFO - [2025-11-04T22:13:15.425-0300] {dag.py:3947} INFO - Setting next_dagrun for latest_only_with_trigger to 2025-11-04 20:00:00+00:00, run_after=2025-11-05 00:00:00+00:00
[2025-11-04T22:13:15.452-0300] {processor.py:183} INFO - Processing /Users/joaovitor/airflow_env/lib/python3.11/site-packages/airflow/example_dags/example_latest_only_with_trigger.py took 0.183 seconds
[2025-11-04T22:17:22.705-0300] {processor.py:161} INFO - Started process (PID=31763) to work on /Users/joaovitor/airflow_env/lib/python3.11/site-packages/airflow/example_dags/example_latest_only_with_trigger.py
[2025-11-04T22:17:22.706-0300] {processor.py:830} INFO - Processing file /Users/joaovitor/airflow_env/lib/python3.11/site-packages/airflow/example_dags/example_latest_only_with_trigger.py for tasks to queue
[2025-11-04T22:17:22.706-0300] {logging_mixin.py:188} INFO - [2025-11-04T22:17:22.706-0300] {dagbag.py:545} INFO - Filling up the DagBag from /Users/joaovitor/airflow_env/lib/python3.11/site-packages/airflow/example_dags/example_latest_only_with_trigger.py
[2025-11-04T22:17:22.715-0300] {processor.py:840} INFO - DAG(s) 'latest_only_with_trigger' retrieved from /Users/joaovitor/airflow_env/lib/python3.11/site-packages/airflow/example_dags/example_latest_only_with_trigger.py
[2025-11-04T22:17:22.820-0300] {logging_mixin.py:188} INFO - [2025-11-04T22:17:22.820-0300] {dag.py:3089} INFO - Sync 1 DAGs
[2025-11-04T22:17:22.837-0300] {logging_mixin.py:188} INFO - [2025-11-04T22:17:22.837-0300] {dag.py:3947} INFO - Setting next_dagrun for latest_only_with_trigger to 2025-11-04 20:00:00+00:00, run_after=2025-11-05 00:00:00+00:00
[2025-11-04T22:17:22.859-0300] {processor.py:183} INFO - Processing /Users/joaovitor/airflow_env/lib/python3.11/site-packages/airflow/example_dags/example_latest_only_with_trigger.py took 0.157 seconds
[2025-11-04T22:21:27.439-0300] {processor.py:161} INFO - Started process (PID=31887) to work on /Users/joaovitor/airflow_env/lib/python3.11/site-packages/airflow/example_dags/example_latest_only_with_trigger.py
[2025-11-04T22:21:27.442-0300] {processor.py:830} INFO - Processing file /Users/joaovitor/airflow_env/lib/python3.11/site-packages/airflow/example_dags/example_latest_only_with_trigger.py for tasks to queue
[2025-11-04T22:21:27.443-0300] {logging_mixin.py:188} INFO - [2025-11-04T22:21:27.443-0300] {dagbag.py:545} INFO - Filling up the DagBag from /Users/joaovitor/airflow_env/lib/python3.11/site-packages/airflow/example_dags/example_latest_only_with_trigger.py
[2025-11-04T22:21:27.457-0300] {processor.py:840} INFO - DAG(s) 'latest_only_with_trigger' retrieved from /Users/joaovitor/airflow_env/lib/python3.11/site-packages/airflow/example_dags/example_latest_only_with_trigger.py
[2025-11-04T22:21:27.586-0300] {logging_mixin.py:188} INFO - [2025-11-04T22:21:27.586-0300] {dag.py:3089} INFO - Sync 1 DAGs
[2025-11-04T22:21:27.608-0300] {logging_mixin.py:188} INFO - [2025-11-04T22:21:27.607-0300] {dag.py:3947} INFO - Setting next_dagrun for latest_only_with_trigger to 2025-11-04 20:00:00+00:00, run_after=2025-11-05 00:00:00+00:00
[2025-11-04T22:21:27.633-0300] {processor.py:183} INFO - Processing /Users/joaovitor/airflow_env/lib/python3.11/site-packages/airflow/example_dags/example_latest_only_with_trigger.py took 0.196 seconds
[2025-11-04T22:25:39.933-0300] {processor.py:161} INFO - Started process (PID=31993) to work on /Users/joaovitor/airflow_env/lib/python3.11/site-packages/airflow/example_dags/example_latest_only_with_trigger.py
[2025-11-04T22:25:39.934-0300] {processor.py:830} INFO - Processing file /Users/joaovitor/airflow_env/lib/python3.11/site-packages/airflow/example_dags/example_latest_only_with_trigger.py for tasks to queue
[2025-11-04T22:25:39.935-0300] {logging_mixin.py:188} INFO - [2025-11-04T22:25:39.935-0300] {dagbag.py:545} INFO - Filling up the DagBag from /Users/joaovitor/airflow_env/lib/python3.11/site-packages/airflow/example_dags/example_latest_only_with_trigger.py
[2025-11-04T22:25:39.944-0300] {processor.py:840} INFO - DAG(s) 'latest_only_with_trigger' retrieved from /Users/joaovitor/airflow_env/lib/python3.11/site-packages/airflow/example_dags/example_latest_only_with_trigger.py
[2025-11-04T22:25:40.063-0300] {logging_mixin.py:188} INFO - [2025-11-04T22:25:40.063-0300] {dag.py:3089} INFO - Sync 1 DAGs
[2025-11-04T22:25:40.081-0300] {logging_mixin.py:188} INFO - [2025-11-04T22:25:40.080-0300] {dag.py:3947} INFO - Setting next_dagrun for latest_only_with_trigger to 2025-11-04 20:00:00+00:00, run_after=2025-11-05 00:00:00+00:00
[2025-11-04T22:25:40.104-0300] {processor.py:183} INFO - Processing /Users/joaovitor/airflow_env/lib/python3.11/site-packages/airflow/example_dags/example_latest_only_with_trigger.py took 0.174 seconds
[2025-11-04T22:27:53.425-0300] {processor.py:161} INFO - Started process (PID=32036) to work on /Users/joaovitor/airflow_env/lib/python3.11/site-packages/airflow/example_dags/example_latest_only_with_trigger.py
[2025-11-04T22:27:53.426-0300] {processor.py:830} INFO - Processing file /Users/joaovitor/airflow_env/lib/python3.11/site-packages/airflow/example_dags/example_latest_only_with_trigger.py for tasks to queue
[2025-11-04T22:27:53.427-0300] {logging_mixin.py:188} INFO - [2025-11-04T22:27:53.426-0300] {dagbag.py:545} INFO - Filling up the DagBag from /Users/joaovitor/airflow_env/lib/python3.11/site-packages/airflow/example_dags/example_latest_only_with_trigger.py
[2025-11-04T22:27:53.436-0300] {processor.py:840} INFO - DAG(s) 'latest_only_with_trigger' retrieved from /Users/joaovitor/airflow_env/lib/python3.11/site-packages/airflow/example_dags/example_latest_only_with_trigger.py
[2025-11-04T22:27:53.561-0300] {logging_mixin.py:188} INFO - [2025-11-04T22:27:53.560-0300] {dag.py:3089} INFO - Sync 1 DAGs
[2025-11-04T22:27:53.580-0300] {logging_mixin.py:188} INFO - [2025-11-04T22:27:53.580-0300] {dag.py:3947} INFO - Setting next_dagrun for latest_only_with_trigger to 2025-11-04 20:00:00+00:00, run_after=2025-11-05 00:00:00+00:00
[2025-11-04T22:27:53.607-0300] {processor.py:183} INFO - Processing /Users/joaovitor/airflow_env/lib/python3.11/site-packages/airflow/example_dags/example_latest_only_with_trigger.py took 0.185 seconds
[2025-11-04T22:32:41.173-0300] {processor.py:161} INFO - Started process (PID=32222) to work on /Users/joaovitor/airflow_env/lib/python3.11/site-packages/airflow/example_dags/example_latest_only_with_trigger.py
[2025-11-04T22:32:41.175-0300] {processor.py:830} INFO - Processing file /Users/joaovitor/airflow_env/lib/python3.11/site-packages/airflow/example_dags/example_latest_only_with_trigger.py for tasks to queue
[2025-11-04T22:32:41.176-0300] {logging_mixin.py:188} INFO - [2025-11-04T22:32:41.176-0300] {dagbag.py:545} INFO - Filling up the DagBag from /Users/joaovitor/airflow_env/lib/python3.11/site-packages/airflow/example_dags/example_latest_only_with_trigger.py
[2025-11-04T22:32:41.187-0300] {processor.py:840} INFO - DAG(s) 'latest_only_with_trigger' retrieved from /Users/joaovitor/airflow_env/lib/python3.11/site-packages/airflow/example_dags/example_latest_only_with_trigger.py
[2025-11-04T22:32:41.311-0300] {logging_mixin.py:188} INFO - [2025-11-04T22:32:41.311-0300] {dag.py:3089} INFO - Sync 1 DAGs
[2025-11-04T22:32:41.333-0300] {logging_mixin.py:188} INFO - [2025-11-04T22:32:41.333-0300] {dag.py:3947} INFO - Setting next_dagrun for latest_only_with_trigger to 2025-11-04 20:00:00+00:00, run_after=2025-11-05 00:00:00+00:00
[2025-11-04T22:32:41.359-0300] {processor.py:183} INFO - Processing /Users/joaovitor/airflow_env/lib/python3.11/site-packages/airflow/example_dags/example_latest_only_with_trigger.py took 0.189 seconds
[2025-11-04T22:35:14.227-0300] {processor.py:161} INFO - Started process (PID=32350) to work on /Users/joaovitor/airflow_env/lib/python3.11/site-packages/airflow/example_dags/example_latest_only_with_trigger.py
[2025-11-04T22:35:14.229-0300] {processor.py:830} INFO - Processing file /Users/joaovitor/airflow_env/lib/python3.11/site-packages/airflow/example_dags/example_latest_only_with_trigger.py for tasks to queue
[2025-11-04T22:35:14.230-0300] {logging_mixin.py:188} INFO - [2025-11-04T22:35:14.230-0300] {dagbag.py:545} INFO - Filling up the DagBag from /Users/joaovitor/airflow_env/lib/python3.11/site-packages/airflow/example_dags/example_latest_only_with_trigger.py
[2025-11-04T22:35:14.242-0300] {processor.py:840} INFO - DAG(s) 'latest_only_with_trigger' retrieved from /Users/joaovitor/airflow_env/lib/python3.11/site-packages/airflow/example_dags/example_latest_only_with_trigger.py
[2025-11-04T22:35:14.349-0300] {logging_mixin.py:188} INFO - [2025-11-04T22:35:14.348-0300] {dag.py:3089} INFO - Sync 1 DAGs
[2025-11-04T22:35:14.365-0300] {logging_mixin.py:188} INFO - [2025-11-04T22:35:14.365-0300] {dag.py:3947} INFO - Setting next_dagrun for latest_only_with_trigger to 2025-11-04 20:00:00+00:00, run_after=2025-11-05 00:00:00+00:00
[2025-11-04T22:35:14.389-0300] {processor.py:183} INFO - Processing /Users/joaovitor/airflow_env/lib/python3.11/site-packages/airflow/example_dags/example_latest_only_with_trigger.py took 0.165 seconds
[2025-11-04T22:39:51.116-0300] {processor.py:161} INFO - Started process (PID=32681) to work on /Users/joaovitor/airflow_env/lib/python3.11/site-packages/airflow/example_dags/example_latest_only_with_trigger.py
[2025-11-04T22:39:51.117-0300] {processor.py:830} INFO - Processing file /Users/joaovitor/airflow_env/lib/python3.11/site-packages/airflow/example_dags/example_latest_only_with_trigger.py for tasks to queue
[2025-11-04T22:39:51.118-0300] {logging_mixin.py:188} INFO - [2025-11-04T22:39:51.118-0300] {dagbag.py:545} INFO - Filling up the DagBag from /Users/joaovitor/airflow_env/lib/python3.11/site-packages/airflow/example_dags/example_latest_only_with_trigger.py
[2025-11-04T22:39:51.132-0300] {processor.py:840} INFO - DAG(s) 'latest_only_with_trigger' retrieved from /Users/joaovitor/airflow_env/lib/python3.11/site-packages/airflow/example_dags/example_latest_only_with_trigger.py
[2025-11-04T22:39:51.350-0300] {logging_mixin.py:188} INFO - [2025-11-04T22:39:51.350-0300] {dag.py:3089} INFO - Sync 1 DAGs
[2025-11-04T22:39:51.369-0300] {logging_mixin.py:188} INFO - [2025-11-04T22:39:51.369-0300] {dag.py:3947} INFO - Setting next_dagrun for latest_only_with_trigger to 2025-11-04 20:00:00+00:00, run_after=2025-11-05 00:00:00+00:00
[2025-11-04T22:39:51.391-0300] {processor.py:183} INFO - Processing /Users/joaovitor/airflow_env/lib/python3.11/site-packages/airflow/example_dags/example_latest_only_with_trigger.py took 0.280 seconds
[2025-11-04T22:44:29.992-0300] {processor.py:161} INFO - Started process (PID=32792) to work on /Users/joaovitor/airflow_env/lib/python3.11/site-packages/airflow/example_dags/example_latest_only_with_trigger.py
[2025-11-04T22:44:29.994-0300] {processor.py:830} INFO - Processing file /Users/joaovitor/airflow_env/lib/python3.11/site-packages/airflow/example_dags/example_latest_only_with_trigger.py for tasks to queue
[2025-11-04T22:44:29.995-0300] {logging_mixin.py:188} INFO - [2025-11-04T22:44:29.995-0300] {dagbag.py:545} INFO - Filling up the DagBag from /Users/joaovitor/airflow_env/lib/python3.11/site-packages/airflow/example_dags/example_latest_only_with_trigger.py
[2025-11-04T22:44:30.010-0300] {processor.py:840} INFO - DAG(s) 'latest_only_with_trigger' retrieved from /Users/joaovitor/airflow_env/lib/python3.11/site-packages/airflow/example_dags/example_latest_only_with_trigger.py
[2025-11-04T22:44:30.140-0300] {logging_mixin.py:188} INFO - [2025-11-04T22:44:30.139-0300] {dag.py:3089} INFO - Sync 1 DAGs
[2025-11-04T22:44:30.161-0300] {logging_mixin.py:188} INFO - [2025-11-04T22:44:30.160-0300] {dag.py:3947} INFO - Setting next_dagrun for latest_only_with_trigger to 2025-11-04 20:00:00+00:00, run_after=2025-11-05 00:00:00+00:00
[2025-11-04T22:44:30.184-0300] {processor.py:183} INFO - Processing /Users/joaovitor/airflow_env/lib/python3.11/site-packages/airflow/example_dags/example_latest_only_with_trigger.py took 0.195 seconds
[2025-11-04T22:48:59.231-0300] {processor.py:161} INFO - Started process (PID=32905) to work on /Users/joaovitor/airflow_env/lib/python3.11/site-packages/airflow/example_dags/example_latest_only_with_trigger.py
[2025-11-04T22:48:59.233-0300] {processor.py:830} INFO - Processing file /Users/joaovitor/airflow_env/lib/python3.11/site-packages/airflow/example_dags/example_latest_only_with_trigger.py for tasks to queue
[2025-11-04T22:48:59.234-0300] {logging_mixin.py:188} INFO - [2025-11-04T22:48:59.234-0300] {dagbag.py:545} INFO - Filling up the DagBag from /Users/joaovitor/airflow_env/lib/python3.11/site-packages/airflow/example_dags/example_latest_only_with_trigger.py
[2025-11-04T22:48:59.245-0300] {processor.py:840} INFO - DAG(s) 'latest_only_with_trigger' retrieved from /Users/joaovitor/airflow_env/lib/python3.11/site-packages/airflow/example_dags/example_latest_only_with_trigger.py
[2025-11-04T22:48:59.351-0300] {logging_mixin.py:188} INFO - [2025-11-04T22:48:59.350-0300] {dag.py:3089} INFO - Sync 1 DAGs
[2025-11-04T22:48:59.369-0300] {logging_mixin.py:188} INFO - [2025-11-04T22:48:59.369-0300] {dag.py:3947} INFO - Setting next_dagrun for latest_only_with_trigger to 2025-11-04 20:00:00+00:00, run_after=2025-11-05 00:00:00+00:00
[2025-11-04T22:48:59.390-0300] {processor.py:183} INFO - Processing /Users/joaovitor/airflow_env/lib/python3.11/site-packages/airflow/example_dags/example_latest_only_with_trigger.py took 0.162 seconds
[2025-11-04T22:53:38.519-0300] {processor.py:161} INFO - Started process (PID=33019) to work on /Users/joaovitor/airflow_env/lib/python3.11/site-packages/airflow/example_dags/example_latest_only_with_trigger.py
[2025-11-04T22:53:38.521-0300] {processor.py:830} INFO - Processing file /Users/joaovitor/airflow_env/lib/python3.11/site-packages/airflow/example_dags/example_latest_only_with_trigger.py for tasks to queue
[2025-11-04T22:53:38.523-0300] {logging_mixin.py:188} INFO - [2025-11-04T22:53:38.522-0300] {dagbag.py:545} INFO - Filling up the DagBag from /Users/joaovitor/airflow_env/lib/python3.11/site-packages/airflow/example_dags/example_latest_only_with_trigger.py
[2025-11-04T22:53:38.544-0300] {processor.py:840} INFO - DAG(s) 'latest_only_with_trigger' retrieved from /Users/joaovitor/airflow_env/lib/python3.11/site-packages/airflow/example_dags/example_latest_only_with_trigger.py
[2025-11-04T22:53:38.707-0300] {logging_mixin.py:188} INFO - [2025-11-04T22:53:38.707-0300] {dag.py:3089} INFO - Sync 1 DAGs
[2025-11-04T22:53:38.737-0300] {logging_mixin.py:188} INFO - [2025-11-04T22:53:38.737-0300] {dag.py:3947} INFO - Setting next_dagrun for latest_only_with_trigger to 2025-11-04 20:00:00+00:00, run_after=2025-11-05 00:00:00+00:00
[2025-11-04T22:53:38.790-0300] {processor.py:183} INFO - Processing /Users/joaovitor/airflow_env/lib/python3.11/site-packages/airflow/example_dags/example_latest_only_with_trigger.py took 0.278 seconds
[2025-11-04T22:58:06.992-0300] {processor.py:161} INFO - Started process (PID=33104) to work on /Users/joaovitor/airflow_env/lib/python3.11/site-packages/airflow/example_dags/example_latest_only_with_trigger.py
[2025-11-04T22:58:06.993-0300] {processor.py:830} INFO - Processing file /Users/joaovitor/airflow_env/lib/python3.11/site-packages/airflow/example_dags/example_latest_only_with_trigger.py for tasks to queue
[2025-11-04T22:58:06.994-0300] {logging_mixin.py:188} INFO - [2025-11-04T22:58:06.994-0300] {dagbag.py:545} INFO - Filling up the DagBag from /Users/joaovitor/airflow_env/lib/python3.11/site-packages/airflow/example_dags/example_latest_only_with_trigger.py
[2025-11-04T22:58:07.004-0300] {processor.py:840} INFO - DAG(s) 'latest_only_with_trigger' retrieved from /Users/joaovitor/airflow_env/lib/python3.11/site-packages/airflow/example_dags/example_latest_only_with_trigger.py
[2025-11-04T22:58:07.131-0300] {logging_mixin.py:188} INFO - [2025-11-04T22:58:07.130-0300] {dag.py:3089} INFO - Sync 1 DAGs
[2025-11-04T22:58:07.151-0300] {logging_mixin.py:188} INFO - [2025-11-04T22:58:07.150-0300] {dag.py:3947} INFO - Setting next_dagrun for latest_only_with_trigger to 2025-11-04 20:00:00+00:00, run_after=2025-11-05 00:00:00+00:00
[2025-11-04T22:58:07.174-0300] {processor.py:183} INFO - Processing /Users/joaovitor/airflow_env/lib/python3.11/site-packages/airflow/example_dags/example_latest_only_with_trigger.py took 0.185 seconds
[2025-11-04T23:02:46.881-0300] {processor.py:161} INFO - Started process (PID=33196) to work on /Users/joaovitor/airflow_env/lib/python3.11/site-packages/airflow/example_dags/example_latest_only_with_trigger.py
[2025-11-04T23:02:46.884-0300] {processor.py:830} INFO - Processing file /Users/joaovitor/airflow_env/lib/python3.11/site-packages/airflow/example_dags/example_latest_only_with_trigger.py for tasks to queue
[2025-11-04T23:02:46.884-0300] {logging_mixin.py:188} INFO - [2025-11-04T23:02:46.884-0300] {dagbag.py:545} INFO - Filling up the DagBag from /Users/joaovitor/airflow_env/lib/python3.11/site-packages/airflow/example_dags/example_latest_only_with_trigger.py
[2025-11-04T23:02:46.897-0300] {processor.py:840} INFO - DAG(s) 'latest_only_with_trigger' retrieved from /Users/joaovitor/airflow_env/lib/python3.11/site-packages/airflow/example_dags/example_latest_only_with_trigger.py
[2025-11-04T23:02:47.016-0300] {logging_mixin.py:188} INFO - [2025-11-04T23:02:47.016-0300] {dag.py:3089} INFO - Sync 1 DAGs
[2025-11-04T23:02:47.036-0300] {logging_mixin.py:188} INFO - [2025-11-04T23:02:47.036-0300] {dag.py:3947} INFO - Setting next_dagrun for latest_only_with_trigger to 2025-11-04 20:00:00+00:00, run_after=2025-11-05 00:00:00+00:00
[2025-11-04T23:02:47.059-0300] {processor.py:183} INFO - Processing /Users/joaovitor/airflow_env/lib/python3.11/site-packages/airflow/example_dags/example_latest_only_with_trigger.py took 0.180 seconds
[2025-11-04T23:05:09.322-0300] {processor.py:161} INFO - Started process (PID=33274) to work on /Users/joaovitor/airflow_env/lib/python3.11/site-packages/airflow/example_dags/example_latest_only_with_trigger.py
[2025-11-04T23:05:09.324-0300] {processor.py:830} INFO - Processing file /Users/joaovitor/airflow_env/lib/python3.11/site-packages/airflow/example_dags/example_latest_only_with_trigger.py for tasks to queue
[2025-11-04T23:05:09.325-0300] {logging_mixin.py:188} INFO - [2025-11-04T23:05:09.325-0300] {dagbag.py:545} INFO - Filling up the DagBag from /Users/joaovitor/airflow_env/lib/python3.11/site-packages/airflow/example_dags/example_latest_only_with_trigger.py
[2025-11-04T23:05:09.339-0300] {processor.py:840} INFO - DAG(s) 'latest_only_with_trigger' retrieved from /Users/joaovitor/airflow_env/lib/python3.11/site-packages/airflow/example_dags/example_latest_only_with_trigger.py
[2025-11-04T23:05:09.443-0300] {logging_mixin.py:188} INFO - [2025-11-04T23:05:09.443-0300] {dag.py:3089} INFO - Sync 1 DAGs
[2025-11-04T23:05:09.462-0300] {logging_mixin.py:188} INFO - [2025-11-04T23:05:09.461-0300] {dag.py:3947} INFO - Setting next_dagrun for latest_only_with_trigger to 2025-11-04 20:00:00+00:00, run_after=2025-11-05 00:00:00+00:00
[2025-11-04T23:05:09.483-0300] {processor.py:183} INFO - Processing /Users/joaovitor/airflow_env/lib/python3.11/site-packages/airflow/example_dags/example_latest_only_with_trigger.py took 0.164 seconds
