[2025-11-04T21:48:16.058-0300] {processor.py:161} INFO - Started process (PID=31120) to work on /Users/joaovitor/airflow_env/lib/python3.11/site-packages/airflow/example_dags/example_branch_datetime_operator.py
[2025-11-04T21:48:16.059-0300] {processor.py:830} INFO - Processing file /Users/joaovitor/airflow_env/lib/python3.11/site-packages/airflow/example_dags/example_branch_datetime_operator.py for tasks to queue
[2025-11-04T21:48:16.060-0300] {logging_mixin.py:188} INFO - [2025-11-04T21:48:16.060-0300] {dagbag.py:545} INFO - Filling up the DagBag from /Users/joaovitor/airflow_env/lib/python3.11/site-packages/airflow/example_dags/example_branch_datetime_operator.py
[2025-11-04T21:48:16.073-0300] {processor.py:840} INFO - DAG(s) 'example_branch_datetime_operator_3', 'example_branch_datetime_operator_2', 'example_branch_datetime_operator' retrieved from /Users/joaovitor/airflow_env/lib/python3.11/site-packages/airflow/example_dags/example_branch_datetime_operator.py
[2025-11-04T21:48:16.333-0300] {logging_mixin.py:188} INFO - [2025-11-04T21:48:16.332-0300] {override.py:1858} INFO - Created Permission View: can delete on DAG:example_branch_datetime_operator_3
[2025-11-04T21:48:16.349-0300] {logging_mixin.py:188} INFO - [2025-11-04T21:48:16.349-0300] {override.py:1858} INFO - Created Permission View: can edit on DAG:example_branch_datetime_operator_3
[2025-11-04T21:48:16.360-0300] {logging_mixin.py:188} INFO - [2025-11-04T21:48:16.359-0300] {override.py:1858} INFO - Created Permission View: can read on DAG:example_branch_datetime_operator_3
[2025-11-04T21:48:16.378-0300] {logging_mixin.py:188} INFO - [2025-11-04T21:48:16.378-0300] {override.py:1858} INFO - Created Permission View: can delete on DAG:example_branch_datetime_operator_2
[2025-11-04T21:48:16.387-0300] {logging_mixin.py:188} INFO - [2025-11-04T21:48:16.386-0300] {override.py:1858} INFO - Created Permission View: can edit on DAG:example_branch_datetime_operator_2
[2025-11-04T21:48:16.397-0300] {logging_mixin.py:188} INFO - [2025-11-04T21:48:16.397-0300] {override.py:1858} INFO - Created Permission View: can read on DAG:example_branch_datetime_operator_2
[2025-11-04T21:48:16.420-0300] {logging_mixin.py:188} INFO - [2025-11-04T21:48:16.420-0300] {override.py:1858} INFO - Created Permission View: can delete on DAG:example_branch_datetime_operator
[2025-11-04T21:48:16.432-0300] {logging_mixin.py:188} INFO - [2025-11-04T21:48:16.431-0300] {override.py:1858} INFO - Created Permission View: can edit on DAG:example_branch_datetime_operator
[2025-11-04T21:48:16.442-0300] {logging_mixin.py:188} INFO - [2025-11-04T21:48:16.442-0300] {override.py:1858} INFO - Created Permission View: can read on DAG:example_branch_datetime_operator
[2025-11-04T21:48:16.443-0300] {logging_mixin.py:188} INFO - [2025-11-04T21:48:16.442-0300] {dag.py:3089} INFO - Sync 3 DAGs
[2025-11-04T21:48:16.458-0300] {logging_mixin.py:188} INFO - [2025-11-04T21:48:16.458-0300] {dag.py:3111} INFO - Creating ORM DAG for example_branch_datetime_operator_3
[2025-11-04T21:48:16.459-0300] {logging_mixin.py:188} INFO - [2025-11-04T21:48:16.459-0300] {dag.py:3111} INFO - Creating ORM DAG for example_branch_datetime_operator
[2025-11-04T21:48:16.460-0300] {logging_mixin.py:188} INFO - [2025-11-04T21:48:16.460-0300] {dag.py:3111} INFO - Creating ORM DAG for example_branch_datetime_operator_2
[2025-11-04T21:48:16.476-0300] {logging_mixin.py:188} INFO - [2025-11-04T21:48:16.476-0300] {dag.py:3947} INFO - Setting next_dagrun for example_branch_datetime_operator to 2025-11-04 00:00:00+00:00, run_after=2025-11-05 00:00:00+00:00
[2025-11-04T21:48:16.478-0300] {logging_mixin.py:188} INFO - [2025-11-04T21:48:16.478-0300] {dag.py:3947} INFO - Setting next_dagrun for example_branch_datetime_operator_2 to 2025-11-04 00:00:00+00:00, run_after=2025-11-05 00:00:00+00:00
[2025-11-04T21:48:16.483-0300] {logging_mixin.py:188} INFO - [2025-11-04T21:48:16.483-0300] {dag.py:3947} INFO - Setting next_dagrun for example_branch_datetime_operator_3 to 2025-11-04 00:00:00+00:00, run_after=2025-11-05 00:00:00+00:00
[2025-11-04T21:48:16.560-0300] {processor.py:183} INFO - Processing /Users/joaovitor/airflow_env/lib/python3.11/site-packages/airflow/example_dags/example_branch_datetime_operator.py took 0.505 seconds
[2025-11-04T21:52:43.380-0300] {processor.py:161} INFO - Started process (PID=31251) to work on /Users/joaovitor/airflow_env/lib/python3.11/site-packages/airflow/example_dags/example_branch_datetime_operator.py
[2025-11-04T21:52:43.382-0300] {processor.py:830} INFO - Processing file /Users/joaovitor/airflow_env/lib/python3.11/site-packages/airflow/example_dags/example_branch_datetime_operator.py for tasks to queue
[2025-11-04T21:52:43.383-0300] {logging_mixin.py:188} INFO - [2025-11-04T21:52:43.383-0300] {dagbag.py:545} INFO - Filling up the DagBag from /Users/joaovitor/airflow_env/lib/python3.11/site-packages/airflow/example_dags/example_branch_datetime_operator.py
[2025-11-04T21:52:43.399-0300] {processor.py:840} INFO - DAG(s) 'example_branch_datetime_operator_3', 'example_branch_datetime_operator_2', 'example_branch_datetime_operator' retrieved from /Users/joaovitor/airflow_env/lib/python3.11/site-packages/airflow/example_dags/example_branch_datetime_operator.py
[2025-11-04T21:52:43.510-0300] {logging_mixin.py:188} INFO - [2025-11-04T21:52:43.510-0300] {dag.py:3089} INFO - Sync 3 DAGs
[2025-11-04T21:52:43.528-0300] {logging_mixin.py:188} INFO - [2025-11-04T21:52:43.528-0300] {dag.py:3947} INFO - Setting next_dagrun for example_branch_datetime_operator to 2025-11-04 00:00:00+00:00, run_after=2025-11-05 00:00:00+00:00
[2025-11-04T21:52:43.534-0300] {logging_mixin.py:188} INFO - [2025-11-04T21:52:43.534-0300] {dag.py:3947} INFO - Setting next_dagrun for example_branch_datetime_operator_2 to 2025-11-04 00:00:00+00:00, run_after=2025-11-05 00:00:00+00:00
[2025-11-04T21:52:43.537-0300] {logging_mixin.py:188} INFO - [2025-11-04T21:52:43.537-0300] {dag.py:3947} INFO - Setting next_dagrun for example_branch_datetime_operator_3 to 2025-11-04 00:00:00+00:00, run_after=2025-11-05 00:00:00+00:00
[2025-11-04T21:52:43.555-0300] {processor.py:183} INFO - Processing /Users/joaovitor/airflow_env/lib/python3.11/site-packages/airflow/example_dags/example_branch_datetime_operator.py took 0.178 seconds
[2025-11-04T21:56:27.025-0300] {processor.py:161} INFO - Started process (PID=31333) to work on /Users/joaovitor/airflow_env/lib/python3.11/site-packages/airflow/example_dags/example_branch_datetime_operator.py
[2025-11-04T21:56:27.026-0300] {processor.py:830} INFO - Processing file /Users/joaovitor/airflow_env/lib/python3.11/site-packages/airflow/example_dags/example_branch_datetime_operator.py for tasks to queue
[2025-11-04T21:56:27.027-0300] {logging_mixin.py:188} INFO - [2025-11-04T21:56:27.027-0300] {dagbag.py:545} INFO - Filling up the DagBag from /Users/joaovitor/airflow_env/lib/python3.11/site-packages/airflow/example_dags/example_branch_datetime_operator.py
[2025-11-04T21:56:27.040-0300] {processor.py:840} INFO - DAG(s) 'example_branch_datetime_operator_3', 'example_branch_datetime_operator_2', 'example_branch_datetime_operator' retrieved from /Users/joaovitor/airflow_env/lib/python3.11/site-packages/airflow/example_dags/example_branch_datetime_operator.py
[2025-11-04T21:56:27.148-0300] {logging_mixin.py:188} INFO - [2025-11-04T21:56:27.148-0300] {dag.py:3089} INFO - Sync 3 DAGs
[2025-11-04T21:56:27.166-0300] {logging_mixin.py:188} INFO - [2025-11-04T21:56:27.166-0300] {dag.py:3947} INFO - Setting next_dagrun for example_branch_datetime_operator to 2025-11-04 00:00:00+00:00, run_after=2025-11-05 00:00:00+00:00
[2025-11-04T21:56:27.173-0300] {logging_mixin.py:188} INFO - [2025-11-04T21:56:27.173-0300] {dag.py:3947} INFO - Setting next_dagrun for example_branch_datetime_operator_2 to 2025-11-04 00:00:00+00:00, run_after=2025-11-05 00:00:00+00:00
[2025-11-04T21:56:27.175-0300] {logging_mixin.py:188} INFO - [2025-11-04T21:56:27.175-0300] {dag.py:3947} INFO - Setting next_dagrun for example_branch_datetime_operator_3 to 2025-11-04 00:00:00+00:00, run_after=2025-11-05 00:00:00+00:00
[2025-11-04T21:56:27.199-0300] {processor.py:183} INFO - Processing /Users/joaovitor/airflow_env/lib/python3.11/site-packages/airflow/example_dags/example_branch_datetime_operator.py took 0.177 seconds
[2025-11-04T22:00:13.367-0300] {processor.py:161} INFO - Started process (PID=31412) to work on /Users/joaovitor/airflow_env/lib/python3.11/site-packages/airflow/example_dags/example_branch_datetime_operator.py
[2025-11-04T22:00:13.368-0300] {processor.py:830} INFO - Processing file /Users/joaovitor/airflow_env/lib/python3.11/site-packages/airflow/example_dags/example_branch_datetime_operator.py for tasks to queue
[2025-11-04T22:00:13.369-0300] {logging_mixin.py:188} INFO - [2025-11-04T22:00:13.369-0300] {dagbag.py:545} INFO - Filling up the DagBag from /Users/joaovitor/airflow_env/lib/python3.11/site-packages/airflow/example_dags/example_branch_datetime_operator.py
[2025-11-04T22:00:13.382-0300] {processor.py:840} INFO - DAG(s) 'example_branch_datetime_operator', 'example_branch_datetime_operator_2', 'example_branch_datetime_operator_3' retrieved from /Users/joaovitor/airflow_env/lib/python3.11/site-packages/airflow/example_dags/example_branch_datetime_operator.py
[2025-11-04T22:00:13.495-0300] {logging_mixin.py:188} INFO - [2025-11-04T22:00:13.495-0300] {dag.py:3089} INFO - Sync 3 DAGs
[2025-11-04T22:00:13.515-0300] {logging_mixin.py:188} INFO - [2025-11-04T22:00:13.515-0300] {dag.py:3947} INFO - Setting next_dagrun for example_branch_datetime_operator to 2025-11-04 00:00:00+00:00, run_after=2025-11-05 00:00:00+00:00
[2025-11-04T22:00:13.522-0300] {logging_mixin.py:188} INFO - [2025-11-04T22:00:13.521-0300] {dag.py:3947} INFO - Setting next_dagrun for example_branch_datetime_operator_2 to 2025-11-04 00:00:00+00:00, run_after=2025-11-05 00:00:00+00:00
[2025-11-04T22:00:13.524-0300] {logging_mixin.py:188} INFO - [2025-11-04T22:00:13.524-0300] {dag.py:3947} INFO - Setting next_dagrun for example_branch_datetime_operator_3 to 2025-11-04 00:00:00+00:00, run_after=2025-11-05 00:00:00+00:00
[2025-11-04T22:00:13.543-0300] {processor.py:183} INFO - Processing /Users/joaovitor/airflow_env/lib/python3.11/site-packages/airflow/example_dags/example_branch_datetime_operator.py took 0.179 seconds
[2025-11-04T22:07:45.706-0300] {processor.py:161} INFO - Started process (PID=31529) to work on /Users/joaovitor/airflow_env/lib/python3.11/site-packages/airflow/example_dags/example_branch_datetime_operator.py
[2025-11-04T22:07:45.707-0300] {processor.py:830} INFO - Processing file /Users/joaovitor/airflow_env/lib/python3.11/site-packages/airflow/example_dags/example_branch_datetime_operator.py for tasks to queue
[2025-11-04T22:07:45.708-0300] {logging_mixin.py:188} INFO - [2025-11-04T22:07:45.708-0300] {dagbag.py:545} INFO - Filling up the DagBag from /Users/joaovitor/airflow_env/lib/python3.11/site-packages/airflow/example_dags/example_branch_datetime_operator.py
[2025-11-04T22:07:45.723-0300] {processor.py:840} INFO - DAG(s) 'example_branch_datetime_operator_3', 'example_branch_datetime_operator_2', 'example_branch_datetime_operator' retrieved from /Users/joaovitor/airflow_env/lib/python3.11/site-packages/airflow/example_dags/example_branch_datetime_operator.py
[2025-11-04T22:07:45.844-0300] {logging_mixin.py:188} INFO - [2025-11-04T22:07:45.843-0300] {dag.py:3089} INFO - Sync 3 DAGs
[2025-11-04T22:07:45.863-0300] {logging_mixin.py:188} INFO - [2025-11-04T22:07:45.862-0300] {dag.py:3947} INFO - Setting next_dagrun for example_branch_datetime_operator to 2025-11-04 00:00:00+00:00, run_after=2025-11-05 00:00:00+00:00
[2025-11-04T22:07:45.870-0300] {logging_mixin.py:188} INFO - [2025-11-04T22:07:45.870-0300] {dag.py:3947} INFO - Setting next_dagrun for example_branch_datetime_operator_2 to 2025-11-04 00:00:00+00:00, run_after=2025-11-05 00:00:00+00:00
[2025-11-04T22:07:45.872-0300] {logging_mixin.py:188} INFO - [2025-11-04T22:07:45.872-0300] {dag.py:3947} INFO - Setting next_dagrun for example_branch_datetime_operator_3 to 2025-11-04 00:00:00+00:00, run_after=2025-11-05 00:00:00+00:00
[2025-11-04T22:07:45.901-0300] {processor.py:183} INFO - Processing /Users/joaovitor/airflow_env/lib/python3.11/site-packages/airflow/example_dags/example_branch_datetime_operator.py took 0.198 seconds
[2025-11-04T22:11:34.076-0300] {processor.py:161} INFO - Started process (PID=31621) to work on /Users/joaovitor/airflow_env/lib/python3.11/site-packages/airflow/example_dags/example_branch_datetime_operator.py
[2025-11-04T22:11:34.077-0300] {processor.py:830} INFO - Processing file /Users/joaovitor/airflow_env/lib/python3.11/site-packages/airflow/example_dags/example_branch_datetime_operator.py for tasks to queue
[2025-11-04T22:11:34.078-0300] {logging_mixin.py:188} INFO - [2025-11-04T22:11:34.077-0300] {dagbag.py:545} INFO - Filling up the DagBag from /Users/joaovitor/airflow_env/lib/python3.11/site-packages/airflow/example_dags/example_branch_datetime_operator.py
[2025-11-04T22:11:34.098-0300] {processor.py:840} INFO - DAG(s) 'example_branch_datetime_operator_3', 'example_branch_datetime_operator_2', 'example_branch_datetime_operator' retrieved from /Users/joaovitor/airflow_env/lib/python3.11/site-packages/airflow/example_dags/example_branch_datetime_operator.py
[2025-11-04T22:11:34.217-0300] {logging_mixin.py:188} INFO - [2025-11-04T22:11:34.217-0300] {dag.py:3089} INFO - Sync 3 DAGs
[2025-11-04T22:11:34.236-0300] {logging_mixin.py:188} INFO - [2025-11-04T22:11:34.235-0300] {dag.py:3947} INFO - Setting next_dagrun for example_branch_datetime_operator to 2025-11-04 00:00:00+00:00, run_after=2025-11-05 00:00:00+00:00
[2025-11-04T22:11:34.242-0300] {logging_mixin.py:188} INFO - [2025-11-04T22:11:34.242-0300] {dag.py:3947} INFO - Setting next_dagrun for example_branch_datetime_operator_2 to 2025-11-04 00:00:00+00:00, run_after=2025-11-05 00:00:00+00:00
[2025-11-04T22:11:34.245-0300] {logging_mixin.py:188} INFO - [2025-11-04T22:11:34.245-0300] {dag.py:3947} INFO - Setting next_dagrun for example_branch_datetime_operator_3 to 2025-11-04 00:00:00+00:00, run_after=2025-11-05 00:00:00+00:00
[2025-11-04T22:11:34.265-0300] {processor.py:183} INFO - Processing /Users/joaovitor/airflow_env/lib/python3.11/site-packages/airflow/example_dags/example_branch_datetime_operator.py took 0.191 seconds
[2025-11-04T22:15:47.560-0300] {processor.py:161} INFO - Started process (PID=31730) to work on /Users/joaovitor/airflow_env/lib/python3.11/site-packages/airflow/example_dags/example_branch_datetime_operator.py
[2025-11-04T22:15:47.561-0300] {processor.py:830} INFO - Processing file /Users/joaovitor/airflow_env/lib/python3.11/site-packages/airflow/example_dags/example_branch_datetime_operator.py for tasks to queue
[2025-11-04T22:15:47.562-0300] {logging_mixin.py:188} INFO - [2025-11-04T22:15:47.562-0300] {dagbag.py:545} INFO - Filling up the DagBag from /Users/joaovitor/airflow_env/lib/python3.11/site-packages/airflow/example_dags/example_branch_datetime_operator.py
[2025-11-04T22:15:47.575-0300] {processor.py:840} INFO - DAG(s) 'example_branch_datetime_operator_2', 'example_branch_datetime_operator', 'example_branch_datetime_operator_3' retrieved from /Users/joaovitor/airflow_env/lib/python3.11/site-packages/airflow/example_dags/example_branch_datetime_operator.py
[2025-11-04T22:15:47.693-0300] {logging_mixin.py:188} INFO - [2025-11-04T22:15:47.693-0300] {dag.py:3089} INFO - Sync 3 DAGs
[2025-11-04T22:15:47.711-0300] {logging_mixin.py:188} INFO - [2025-11-04T22:15:47.711-0300] {dag.py:3947} INFO - Setting next_dagrun for example_branch_datetime_operator to 2025-11-04 00:00:00+00:00, run_after=2025-11-05 00:00:00+00:00
[2025-11-04T22:15:47.718-0300] {logging_mixin.py:188} INFO - [2025-11-04T22:15:47.717-0300] {dag.py:3947} INFO - Setting next_dagrun for example_branch_datetime_operator_2 to 2025-11-04 00:00:00+00:00, run_after=2025-11-05 00:00:00+00:00
[2025-11-04T22:15:47.720-0300] {logging_mixin.py:188} INFO - [2025-11-04T22:15:47.720-0300] {dag.py:3947} INFO - Setting next_dagrun for example_branch_datetime_operator_3 to 2025-11-04 00:00:00+00:00, run_after=2025-11-05 00:00:00+00:00
[2025-11-04T22:15:47.738-0300] {processor.py:183} INFO - Processing /Users/joaovitor/airflow_env/lib/python3.11/site-packages/airflow/example_dags/example_branch_datetime_operator.py took 0.180 seconds
[2025-11-04T22:19:44.470-0300] {processor.py:161} INFO - Started process (PID=31818) to work on /Users/joaovitor/airflow_env/lib/python3.11/site-packages/airflow/example_dags/example_branch_datetime_operator.py
[2025-11-04T22:19:44.471-0300] {processor.py:830} INFO - Processing file /Users/joaovitor/airflow_env/lib/python3.11/site-packages/airflow/example_dags/example_branch_datetime_operator.py for tasks to queue
[2025-11-04T22:19:44.471-0300] {logging_mixin.py:188} INFO - [2025-11-04T22:19:44.471-0300] {dagbag.py:545} INFO - Filling up the DagBag from /Users/joaovitor/airflow_env/lib/python3.11/site-packages/airflow/example_dags/example_branch_datetime_operator.py
[2025-11-04T22:19:44.491-0300] {processor.py:840} INFO - DAG(s) 'example_branch_datetime_operator_3', 'example_branch_datetime_operator', 'example_branch_datetime_operator_2' retrieved from /Users/joaovitor/airflow_env/lib/python3.11/site-packages/airflow/example_dags/example_branch_datetime_operator.py
[2025-11-04T22:19:44.599-0300] {logging_mixin.py:188} INFO - [2025-11-04T22:19:44.599-0300] {dag.py:3089} INFO - Sync 3 DAGs
[2025-11-04T22:19:44.617-0300] {logging_mixin.py:188} INFO - [2025-11-04T22:19:44.617-0300] {dag.py:3947} INFO - Setting next_dagrun for example_branch_datetime_operator to 2025-11-04 00:00:00+00:00, run_after=2025-11-05 00:00:00+00:00
[2025-11-04T22:19:44.623-0300] {logging_mixin.py:188} INFO - [2025-11-04T22:19:44.622-0300] {dag.py:3947} INFO - Setting next_dagrun for example_branch_datetime_operator_2 to 2025-11-04 00:00:00+00:00, run_after=2025-11-05 00:00:00+00:00
[2025-11-04T22:19:44.625-0300] {logging_mixin.py:188} INFO - [2025-11-04T22:19:44.625-0300] {dag.py:3947} INFO - Setting next_dagrun for example_branch_datetime_operator_3 to 2025-11-04 00:00:00+00:00, run_after=2025-11-05 00:00:00+00:00
[2025-11-04T22:19:44.643-0300] {processor.py:183} INFO - Processing /Users/joaovitor/airflow_env/lib/python3.11/site-packages/airflow/example_dags/example_branch_datetime_operator.py took 0.175 seconds
[2025-11-04T22:23:55.869-0300] {processor.py:161} INFO - Started process (PID=31958) to work on /Users/joaovitor/airflow_env/lib/python3.11/site-packages/airflow/example_dags/example_branch_datetime_operator.py
[2025-11-04T22:23:55.871-0300] {processor.py:830} INFO - Processing file /Users/joaovitor/airflow_env/lib/python3.11/site-packages/airflow/example_dags/example_branch_datetime_operator.py for tasks to queue
[2025-11-04T22:23:55.872-0300] {logging_mixin.py:188} INFO - [2025-11-04T22:23:55.872-0300] {dagbag.py:545} INFO - Filling up the DagBag from /Users/joaovitor/airflow_env/lib/python3.11/site-packages/airflow/example_dags/example_branch_datetime_operator.py
[2025-11-04T22:23:55.893-0300] {processor.py:840} INFO - DAG(s) 'example_branch_datetime_operator', 'example_branch_datetime_operator_2', 'example_branch_datetime_operator_3' retrieved from /Users/joaovitor/airflow_env/lib/python3.11/site-packages/airflow/example_dags/example_branch_datetime_operator.py
[2025-11-04T22:23:56.047-0300] {logging_mixin.py:188} INFO - [2025-11-04T22:23:56.046-0300] {dag.py:3089} INFO - Sync 3 DAGs
[2025-11-04T22:23:56.071-0300] {logging_mixin.py:188} INFO - [2025-11-04T22:23:56.071-0300] {dag.py:3947} INFO - Setting next_dagrun for example_branch_datetime_operator to 2025-11-04 00:00:00+00:00, run_after=2025-11-05 00:00:00+00:00
[2025-11-04T22:23:56.078-0300] {logging_mixin.py:188} INFO - [2025-11-04T22:23:56.078-0300] {dag.py:3947} INFO - Setting next_dagrun for example_branch_datetime_operator_2 to 2025-11-04 00:00:00+00:00, run_after=2025-11-05 00:00:00+00:00
[2025-11-04T22:23:56.085-0300] {logging_mixin.py:188} INFO - [2025-11-04T22:23:56.085-0300] {dag.py:3947} INFO - Setting next_dagrun for example_branch_datetime_operator_3 to 2025-11-04 00:00:00+00:00, run_after=2025-11-05 00:00:00+00:00
[2025-11-04T22:23:56.118-0300] {processor.py:183} INFO - Processing /Users/joaovitor/airflow_env/lib/python3.11/site-packages/airflow/example_dags/example_branch_datetime_operator.py took 0.254 seconds
[2025-11-04T22:28:12.230-0300] {processor.py:161} INFO - Started process (PID=32042) to work on /Users/joaovitor/airflow_env/lib/python3.11/site-packages/airflow/example_dags/example_branch_datetime_operator.py
[2025-11-04T22:28:12.231-0300] {processor.py:830} INFO - Processing file /Users/joaovitor/airflow_env/lib/python3.11/site-packages/airflow/example_dags/example_branch_datetime_operator.py for tasks to queue
[2025-11-04T22:28:12.232-0300] {logging_mixin.py:188} INFO - [2025-11-04T22:28:12.232-0300] {dagbag.py:545} INFO - Filling up the DagBag from /Users/joaovitor/airflow_env/lib/python3.11/site-packages/airflow/example_dags/example_branch_datetime_operator.py
[2025-11-04T22:28:12.248-0300] {processor.py:840} INFO - DAG(s) 'example_branch_datetime_operator_2', 'example_branch_datetime_operator_3', 'example_branch_datetime_operator' retrieved from /Users/joaovitor/airflow_env/lib/python3.11/site-packages/airflow/example_dags/example_branch_datetime_operator.py
[2025-11-04T22:28:12.373-0300] {logging_mixin.py:188} INFO - [2025-11-04T22:28:12.373-0300] {dag.py:3089} INFO - Sync 3 DAGs
[2025-11-04T22:28:12.393-0300] {logging_mixin.py:188} INFO - [2025-11-04T22:28:12.393-0300] {dag.py:3947} INFO - Setting next_dagrun for example_branch_datetime_operator to 2025-11-04 00:00:00+00:00, run_after=2025-11-05 00:00:00+00:00
[2025-11-04T22:28:12.399-0300] {logging_mixin.py:188} INFO - [2025-11-04T22:28:12.399-0300] {dag.py:3947} INFO - Setting next_dagrun for example_branch_datetime_operator_2 to 2025-11-04 00:00:00+00:00, run_after=2025-11-05 00:00:00+00:00
[2025-11-04T22:28:12.402-0300] {logging_mixin.py:188} INFO - [2025-11-04T22:28:12.402-0300] {dag.py:3947} INFO - Setting next_dagrun for example_branch_datetime_operator_3 to 2025-11-04 00:00:00+00:00, run_after=2025-11-05 00:00:00+00:00
[2025-11-04T22:28:12.423-0300] {processor.py:183} INFO - Processing /Users/joaovitor/airflow_env/lib/python3.11/site-packages/airflow/example_dags/example_branch_datetime_operator.py took 0.196 seconds
[2025-11-04T22:33:07.212-0300] {processor.py:161} INFO - Started process (PID=32233) to work on /Users/joaovitor/airflow_env/lib/python3.11/site-packages/airflow/example_dags/example_branch_datetime_operator.py
[2025-11-04T22:33:07.215-0300] {processor.py:830} INFO - Processing file /Users/joaovitor/airflow_env/lib/python3.11/site-packages/airflow/example_dags/example_branch_datetime_operator.py for tasks to queue
[2025-11-04T22:33:07.215-0300] {logging_mixin.py:188} INFO - [2025-11-04T22:33:07.215-0300] {dagbag.py:545} INFO - Filling up the DagBag from /Users/joaovitor/airflow_env/lib/python3.11/site-packages/airflow/example_dags/example_branch_datetime_operator.py
[2025-11-04T22:33:07.240-0300] {processor.py:840} INFO - DAG(s) 'example_branch_datetime_operator_2', 'example_branch_datetime_operator', 'example_branch_datetime_operator_3' retrieved from /Users/joaovitor/airflow_env/lib/python3.11/site-packages/airflow/example_dags/example_branch_datetime_operator.py
[2025-11-04T22:33:07.384-0300] {logging_mixin.py:188} INFO - [2025-11-04T22:33:07.383-0300] {dag.py:3089} INFO - Sync 3 DAGs
[2025-11-04T22:33:07.404-0300] {logging_mixin.py:188} INFO - [2025-11-04T22:33:07.404-0300] {dag.py:3947} INFO - Setting next_dagrun for example_branch_datetime_operator to 2025-11-04 00:00:00+00:00, run_after=2025-11-05 00:00:00+00:00
[2025-11-04T22:33:07.412-0300] {logging_mixin.py:188} INFO - [2025-11-04T22:33:07.412-0300] {dag.py:3947} INFO - Setting next_dagrun for example_branch_datetime_operator_2 to 2025-11-04 00:00:00+00:00, run_after=2025-11-05 00:00:00+00:00
[2025-11-04T22:33:07.416-0300] {logging_mixin.py:188} INFO - [2025-11-04T22:33:07.416-0300] {dag.py:3947} INFO - Setting next_dagrun for example_branch_datetime_operator_3 to 2025-11-04 00:00:00+00:00, run_after=2025-11-05 00:00:00+00:00
[2025-11-04T22:33:07.439-0300] {processor.py:183} INFO - Processing /Users/joaovitor/airflow_env/lib/python3.11/site-packages/airflow/example_dags/example_branch_datetime_operator.py took 0.232 seconds
[2025-11-04T22:37:46.374-0300] {processor.py:161} INFO - Started process (PID=32635) to work on /Users/joaovitor/airflow_env/lib/python3.11/site-packages/airflow/example_dags/example_branch_datetime_operator.py
[2025-11-04T22:37:46.377-0300] {processor.py:830} INFO - Processing file /Users/joaovitor/airflow_env/lib/python3.11/site-packages/airflow/example_dags/example_branch_datetime_operator.py for tasks to queue
[2025-11-04T22:37:46.378-0300] {logging_mixin.py:188} INFO - [2025-11-04T22:37:46.377-0300] {dagbag.py:545} INFO - Filling up the DagBag from /Users/joaovitor/airflow_env/lib/python3.11/site-packages/airflow/example_dags/example_branch_datetime_operator.py
[2025-11-04T22:37:46.394-0300] {processor.py:840} INFO - DAG(s) 'example_branch_datetime_operator_3', 'example_branch_datetime_operator_2', 'example_branch_datetime_operator' retrieved from /Users/joaovitor/airflow_env/lib/python3.11/site-packages/airflow/example_dags/example_branch_datetime_operator.py
[2025-11-04T22:37:46.667-0300] {logging_mixin.py:188} INFO - [2025-11-04T22:37:46.666-0300] {dag.py:3089} INFO - Sync 3 DAGs
[2025-11-04T22:37:46.695-0300] {logging_mixin.py:188} INFO - [2025-11-04T22:37:46.695-0300] {dag.py:3947} INFO - Setting next_dagrun for example_branch_datetime_operator to 2025-11-04 00:00:00+00:00, run_after=2025-11-05 00:00:00+00:00
[2025-11-04T22:37:46.702-0300] {logging_mixin.py:188} INFO - [2025-11-04T22:37:46.699-0300] {dag.py:3947} INFO - Setting next_dagrun for example_branch_datetime_operator_2 to 2025-11-04 00:00:00+00:00, run_after=2025-11-05 00:00:00+00:00
[2025-11-04T22:37:46.706-0300] {logging_mixin.py:188} INFO - [2025-11-04T22:37:46.706-0300] {dag.py:3947} INFO - Setting next_dagrun for example_branch_datetime_operator_3 to 2025-11-04 00:00:00+00:00, run_after=2025-11-05 00:00:00+00:00
[2025-11-04T22:37:46.731-0300] {processor.py:183} INFO - Processing /Users/joaovitor/airflow_env/lib/python3.11/site-packages/airflow/example_dags/example_branch_datetime_operator.py took 0.360 seconds
[2025-11-04T22:42:39.345-0300] {processor.py:161} INFO - Started process (PID=32747) to work on /Users/joaovitor/airflow_env/lib/python3.11/site-packages/airflow/example_dags/example_branch_datetime_operator.py
[2025-11-04T22:42:39.347-0300] {processor.py:830} INFO - Processing file /Users/joaovitor/airflow_env/lib/python3.11/site-packages/airflow/example_dags/example_branch_datetime_operator.py for tasks to queue
[2025-11-04T22:42:39.348-0300] {logging_mixin.py:188} INFO - [2025-11-04T22:42:39.348-0300] {dagbag.py:545} INFO - Filling up the DagBag from /Users/joaovitor/airflow_env/lib/python3.11/site-packages/airflow/example_dags/example_branch_datetime_operator.py
[2025-11-04T22:42:39.369-0300] {processor.py:840} INFO - DAG(s) 'example_branch_datetime_operator_3', 'example_branch_datetime_operator_2', 'example_branch_datetime_operator' retrieved from /Users/joaovitor/airflow_env/lib/python3.11/site-packages/airflow/example_dags/example_branch_datetime_operator.py
[2025-11-04T22:42:39.507-0300] {logging_mixin.py:188} INFO - [2025-11-04T22:42:39.507-0300] {dag.py:3089} INFO - Sync 3 DAGs
[2025-11-04T22:42:39.537-0300] {logging_mixin.py:188} INFO - [2025-11-04T22:42:39.536-0300] {dag.py:3947} INFO - Setting next_dagrun for example_branch_datetime_operator to 2025-11-04 00:00:00+00:00, run_after=2025-11-05 00:00:00+00:00
[2025-11-04T22:42:39.542-0300] {logging_mixin.py:188} INFO - [2025-11-04T22:42:39.541-0300] {dag.py:3947} INFO - Setting next_dagrun for example_branch_datetime_operator_2 to 2025-11-04 00:00:00+00:00, run_after=2025-11-05 00:00:00+00:00
[2025-11-04T22:42:39.546-0300] {logging_mixin.py:188} INFO - [2025-11-04T22:42:39.546-0300] {dag.py:3947} INFO - Setting next_dagrun for example_branch_datetime_operator_3 to 2025-11-04 00:00:00+00:00, run_after=2025-11-05 00:00:00+00:00
[2025-11-04T22:42:39.571-0300] {processor.py:183} INFO - Processing /Users/joaovitor/airflow_env/lib/python3.11/site-packages/airflow/example_dags/example_branch_datetime_operator.py took 0.230 seconds
[2025-11-04T22:47:07.302-0300] {processor.py:161} INFO - Started process (PID=32853) to work on /Users/joaovitor/airflow_env/lib/python3.11/site-packages/airflow/example_dags/example_branch_datetime_operator.py
[2025-11-04T22:47:07.303-0300] {processor.py:830} INFO - Processing file /Users/joaovitor/airflow_env/lib/python3.11/site-packages/airflow/example_dags/example_branch_datetime_operator.py for tasks to queue
[2025-11-04T22:47:07.304-0300] {logging_mixin.py:188} INFO - [2025-11-04T22:47:07.304-0300] {dagbag.py:545} INFO - Filling up the DagBag from /Users/joaovitor/airflow_env/lib/python3.11/site-packages/airflow/example_dags/example_branch_datetime_operator.py
[2025-11-04T22:47:07.320-0300] {processor.py:840} INFO - DAG(s) 'example_branch_datetime_operator_2', 'example_branch_datetime_operator_3', 'example_branch_datetime_operator' retrieved from /Users/joaovitor/airflow_env/lib/python3.11/site-packages/airflow/example_dags/example_branch_datetime_operator.py
[2025-11-04T22:47:07.440-0300] {logging_mixin.py:188} INFO - [2025-11-04T22:47:07.439-0300] {dag.py:3089} INFO - Sync 3 DAGs
[2025-11-04T22:47:07.460-0300] {logging_mixin.py:188} INFO - [2025-11-04T22:47:07.460-0300] {dag.py:3947} INFO - Setting next_dagrun for example_branch_datetime_operator to 2025-11-04 00:00:00+00:00, run_after=2025-11-05 00:00:00+00:00
[2025-11-04T22:47:07.466-0300] {logging_mixin.py:188} INFO - [2025-11-04T22:47:07.465-0300] {dag.py:3947} INFO - Setting next_dagrun for example_branch_datetime_operator_2 to 2025-11-04 00:00:00+00:00, run_after=2025-11-05 00:00:00+00:00
[2025-11-04T22:47:07.468-0300] {logging_mixin.py:188} INFO - [2025-11-04T22:47:07.468-0300] {dag.py:3947} INFO - Setting next_dagrun for example_branch_datetime_operator_3 to 2025-11-04 00:00:00+00:00, run_after=2025-11-05 00:00:00+00:00
[2025-11-04T22:47:07.489-0300] {processor.py:183} INFO - Processing /Users/joaovitor/airflow_env/lib/python3.11/site-packages/airflow/example_dags/example_branch_datetime_operator.py took 0.189 seconds
[2025-11-04T22:51:32.454-0300] {processor.py:161} INFO - Started process (PID=32969) to work on /Users/joaovitor/airflow_env/lib/python3.11/site-packages/airflow/example_dags/example_branch_datetime_operator.py
[2025-11-04T22:51:32.456-0300] {processor.py:830} INFO - Processing file /Users/joaovitor/airflow_env/lib/python3.11/site-packages/airflow/example_dags/example_branch_datetime_operator.py for tasks to queue
[2025-11-04T22:51:32.457-0300] {logging_mixin.py:188} INFO - [2025-11-04T22:51:32.457-0300] {dagbag.py:545} INFO - Filling up the DagBag from /Users/joaovitor/airflow_env/lib/python3.11/site-packages/airflow/example_dags/example_branch_datetime_operator.py
[2025-11-04T22:51:32.472-0300] {processor.py:840} INFO - DAG(s) 'example_branch_datetime_operator', 'example_branch_datetime_operator_2', 'example_branch_datetime_operator_3' retrieved from /Users/joaovitor/airflow_env/lib/python3.11/site-packages/airflow/example_dags/example_branch_datetime_operator.py
[2025-11-04T22:51:32.603-0300] {logging_mixin.py:188} INFO - [2025-11-04T22:51:32.602-0300] {dag.py:3089} INFO - Sync 3 DAGs
[2025-11-04T22:51:32.628-0300] {logging_mixin.py:188} INFO - [2025-11-04T22:51:32.628-0300] {dag.py:3947} INFO - Setting next_dagrun for example_branch_datetime_operator to 2025-11-04 00:00:00+00:00, run_after=2025-11-05 00:00:00+00:00
[2025-11-04T22:51:32.633-0300] {logging_mixin.py:188} INFO - [2025-11-04T22:51:32.633-0300] {dag.py:3947} INFO - Setting next_dagrun for example_branch_datetime_operator_2 to 2025-11-04 00:00:00+00:00, run_after=2025-11-05 00:00:00+00:00
[2025-11-04T22:51:32.636-0300] {logging_mixin.py:188} INFO - [2025-11-04T22:51:32.635-0300] {dag.py:3947} INFO - Setting next_dagrun for example_branch_datetime_operator_3 to 2025-11-04 00:00:00+00:00, run_after=2025-11-05 00:00:00+00:00
[2025-11-04T22:51:32.656-0300] {processor.py:183} INFO - Processing /Users/joaovitor/airflow_env/lib/python3.11/site-packages/airflow/example_dags/example_branch_datetime_operator.py took 0.205 seconds
[2025-11-04T22:56:14.525-0300] {processor.py:161} INFO - Started process (PID=33068) to work on /Users/joaovitor/airflow_env/lib/python3.11/site-packages/airflow/example_dags/example_branch_datetime_operator.py
[2025-11-04T22:56:14.527-0300] {processor.py:830} INFO - Processing file /Users/joaovitor/airflow_env/lib/python3.11/site-packages/airflow/example_dags/example_branch_datetime_operator.py for tasks to queue
[2025-11-04T22:56:14.528-0300] {logging_mixin.py:188} INFO - [2025-11-04T22:56:14.528-0300] {dagbag.py:545} INFO - Filling up the DagBag from /Users/joaovitor/airflow_env/lib/python3.11/site-packages/airflow/example_dags/example_branch_datetime_operator.py
[2025-11-04T22:56:14.546-0300] {processor.py:840} INFO - DAG(s) 'example_branch_datetime_operator_3', 'example_branch_datetime_operator', 'example_branch_datetime_operator_2' retrieved from /Users/joaovitor/airflow_env/lib/python3.11/site-packages/airflow/example_dags/example_branch_datetime_operator.py
[2025-11-04T22:56:14.671-0300] {logging_mixin.py:188} INFO - [2025-11-04T22:56:14.671-0300] {dag.py:3089} INFO - Sync 3 DAGs
[2025-11-04T22:56:14.694-0300] {logging_mixin.py:188} INFO - [2025-11-04T22:56:14.694-0300] {dag.py:3947} INFO - Setting next_dagrun for example_branch_datetime_operator to 2025-11-04 00:00:00+00:00, run_after=2025-11-05 00:00:00+00:00
[2025-11-04T22:56:14.699-0300] {logging_mixin.py:188} INFO - [2025-11-04T22:56:14.699-0300] {dag.py:3947} INFO - Setting next_dagrun for example_branch_datetime_operator_2 to 2025-11-04 00:00:00+00:00, run_after=2025-11-05 00:00:00+00:00
[2025-11-04T22:56:14.701-0300] {logging_mixin.py:188} INFO - [2025-11-04T22:56:14.701-0300] {dag.py:3947} INFO - Setting next_dagrun for example_branch_datetime_operator_3 to 2025-11-04 00:00:00+00:00, run_after=2025-11-05 00:00:00+00:00
[2025-11-04T22:56:14.723-0300] {processor.py:183} INFO - Processing /Users/joaovitor/airflow_env/lib/python3.11/site-packages/airflow/example_dags/example_branch_datetime_operator.py took 0.200 seconds
[2025-11-04T23:00:51.145-0300] {processor.py:161} INFO - Started process (PID=33159) to work on /Users/joaovitor/airflow_env/lib/python3.11/site-packages/airflow/example_dags/example_branch_datetime_operator.py
[2025-11-04T23:00:51.148-0300] {processor.py:830} INFO - Processing file /Users/joaovitor/airflow_env/lib/python3.11/site-packages/airflow/example_dags/example_branch_datetime_operator.py for tasks to queue
[2025-11-04T23:00:51.149-0300] {logging_mixin.py:188} INFO - [2025-11-04T23:00:51.148-0300] {dagbag.py:545} INFO - Filling up the DagBag from /Users/joaovitor/airflow_env/lib/python3.11/site-packages/airflow/example_dags/example_branch_datetime_operator.py
[2025-11-04T23:00:51.171-0300] {processor.py:840} INFO - DAG(s) 'example_branch_datetime_operator', 'example_branch_datetime_operator_3', 'example_branch_datetime_operator_2' retrieved from /Users/joaovitor/airflow_env/lib/python3.11/site-packages/airflow/example_dags/example_branch_datetime_operator.py
[2025-11-04T23:00:51.359-0300] {logging_mixin.py:188} INFO - [2025-11-04T23:00:51.359-0300] {dag.py:3089} INFO - Sync 3 DAGs
[2025-11-04T23:00:51.393-0300] {logging_mixin.py:188} INFO - [2025-11-04T23:00:51.393-0300] {dag.py:3947} INFO - Setting next_dagrun for example_branch_datetime_operator to 2025-11-04 00:00:00+00:00, run_after=2025-11-05 00:00:00+00:00
[2025-11-04T23:00:51.401-0300] {logging_mixin.py:188} INFO - [2025-11-04T23:00:51.401-0300] {dag.py:3947} INFO - Setting next_dagrun for example_branch_datetime_operator_2 to 2025-11-04 00:00:00+00:00, run_after=2025-11-05 00:00:00+00:00
[2025-11-04T23:00:51.404-0300] {logging_mixin.py:188} INFO - [2025-11-04T23:00:51.404-0300] {dag.py:3947} INFO - Setting next_dagrun for example_branch_datetime_operator_3 to 2025-11-04 00:00:00+00:00, run_after=2025-11-05 00:00:00+00:00
[2025-11-04T23:00:51.434-0300] {processor.py:183} INFO - Processing /Users/joaovitor/airflow_env/lib/python3.11/site-packages/airflow/example_dags/example_branch_datetime_operator.py took 0.293 seconds
