[2025-11-04T21:48:05.781-0300] {processor.py:161} INFO - Started process (PID=31116) to work on /Users/joaovitor/airflow_env/lib/python3.11/site-packages/airflow/example_dags/example_branch_operator.py
[2025-11-04T21:48:05.782-0300] {processor.py:830} INFO - Processing file /Users/joaovitor/airflow_env/lib/python3.11/site-packages/airflow/example_dags/example_branch_operator.py for tasks to queue
[2025-11-04T21:48:05.783-0300] {logging_mixin.py:188} INFO - [2025-11-04T21:48:05.783-0300] {dagbag.py:545} INFO - Filling up the DagBag from /Users/joaovitor/airflow_env/lib/python3.11/site-packages/airflow/example_dags/example_branch_operator.py
[2025-11-04T21:48:05.806-0300] {processor.py:842} WARNING - No viable dags retrieved from /Users/joaovitor/airflow_env/lib/python3.11/site-packages/airflow/example_dags/example_branch_operator.py
[2025-11-04T21:48:05.891-0300] {processor.py:183} INFO - Processing /Users/joaovitor/airflow_env/lib/python3.11/site-packages/airflow/example_dags/example_branch_operator.py took 0.113 seconds
[2025-11-04T21:52:36.342-0300] {processor.py:161} INFO - Started process (PID=31247) to work on /Users/joaovitor/airflow_env/lib/python3.11/site-packages/airflow/example_dags/example_branch_operator.py
[2025-11-04T21:52:36.344-0300] {processor.py:830} INFO - Processing file /Users/joaovitor/airflow_env/lib/python3.11/site-packages/airflow/example_dags/example_branch_operator.py for tasks to queue
[2025-11-04T21:52:36.345-0300] {logging_mixin.py:188} INFO - [2025-11-04T21:52:36.345-0300] {dagbag.py:545} INFO - Filling up the DagBag from /Users/joaovitor/airflow_env/lib/python3.11/site-packages/airflow/example_dags/example_branch_operator.py
[2025-11-04T21:52:36.368-0300] {processor.py:842} WARNING - No viable dags retrieved from /Users/joaovitor/airflow_env/lib/python3.11/site-packages/airflow/example_dags/example_branch_operator.py
[2025-11-04T21:52:36.458-0300] {processor.py:183} INFO - Processing /Users/joaovitor/airflow_env/lib/python3.11/site-packages/airflow/example_dags/example_branch_operator.py took 0.118 seconds
[2025-11-04T21:56:19.293-0300] {processor.py:161} INFO - Started process (PID=31330) to work on /Users/joaovitor/airflow_env/lib/python3.11/site-packages/airflow/example_dags/example_branch_operator.py
[2025-11-04T21:56:19.294-0300] {processor.py:830} INFO - Processing file /Users/joaovitor/airflow_env/lib/python3.11/site-packages/airflow/example_dags/example_branch_operator.py for tasks to queue
[2025-11-04T21:56:19.295-0300] {logging_mixin.py:188} INFO - [2025-11-04T21:56:19.295-0300] {dagbag.py:545} INFO - Filling up the DagBag from /Users/joaovitor/airflow_env/lib/python3.11/site-packages/airflow/example_dags/example_branch_operator.py
[2025-11-04T21:56:19.315-0300] {processor.py:842} WARNING - No viable dags retrieved from /Users/joaovitor/airflow_env/lib/python3.11/site-packages/airflow/example_dags/example_branch_operator.py
[2025-11-04T21:56:19.395-0300] {processor.py:183} INFO - Processing /Users/joaovitor/airflow_env/lib/python3.11/site-packages/airflow/example_dags/example_branch_operator.py took 0.104 seconds
[2025-11-04T22:00:05.201-0300] {processor.py:161} INFO - Started process (PID=31409) to work on /Users/joaovitor/airflow_env/lib/python3.11/site-packages/airflow/example_dags/example_branch_operator.py
[2025-11-04T22:00:05.202-0300] {processor.py:830} INFO - Processing file /Users/joaovitor/airflow_env/lib/python3.11/site-packages/airflow/example_dags/example_branch_operator.py for tasks to queue
[2025-11-04T22:00:05.203-0300] {logging_mixin.py:188} INFO - [2025-11-04T22:00:05.203-0300] {dagbag.py:545} INFO - Filling up the DagBag from /Users/joaovitor/airflow_env/lib/python3.11/site-packages/airflow/example_dags/example_branch_operator.py
[2025-11-04T22:00:05.229-0300] {processor.py:842} WARNING - No viable dags retrieved from /Users/joaovitor/airflow_env/lib/python3.11/site-packages/airflow/example_dags/example_branch_operator.py
[2025-11-04T22:00:05.334-0300] {processor.py:183} INFO - Processing /Users/joaovitor/airflow_env/lib/python3.11/site-packages/airflow/example_dags/example_branch_operator.py took 0.136 seconds
[2025-11-04T22:07:36.658-0300] {processor.py:161} INFO - Started process (PID=31526) to work on /Users/joaovitor/airflow_env/lib/python3.11/site-packages/airflow/example_dags/example_branch_operator.py
[2025-11-04T22:07:36.659-0300] {processor.py:830} INFO - Processing file /Users/joaovitor/airflow_env/lib/python3.11/site-packages/airflow/example_dags/example_branch_operator.py for tasks to queue
[2025-11-04T22:07:36.660-0300] {logging_mixin.py:188} INFO - [2025-11-04T22:07:36.660-0300] {dagbag.py:545} INFO - Filling up the DagBag from /Users/joaovitor/airflow_env/lib/python3.11/site-packages/airflow/example_dags/example_branch_operator.py
[2025-11-04T22:07:36.680-0300] {processor.py:842} WARNING - No viable dags retrieved from /Users/joaovitor/airflow_env/lib/python3.11/site-packages/airflow/example_dags/example_branch_operator.py
[2025-11-04T22:07:36.760-0300] {processor.py:183} INFO - Processing /Users/joaovitor/airflow_env/lib/python3.11/site-packages/airflow/example_dags/example_branch_operator.py took 0.105 seconds
[2025-11-04T22:11:24.867-0300] {processor.py:161} INFO - Started process (PID=31618) to work on /Users/joaovitor/airflow_env/lib/python3.11/site-packages/airflow/example_dags/example_branch_operator.py
[2025-11-04T22:11:24.868-0300] {processor.py:830} INFO - Processing file /Users/joaovitor/airflow_env/lib/python3.11/site-packages/airflow/example_dags/example_branch_operator.py for tasks to queue
[2025-11-04T22:11:24.868-0300] {logging_mixin.py:188} INFO - [2025-11-04T22:11:24.868-0300] {dagbag.py:545} INFO - Filling up the DagBag from /Users/joaovitor/airflow_env/lib/python3.11/site-packages/airflow/example_dags/example_branch_operator.py
[2025-11-04T22:11:24.902-0300] {processor.py:842} WARNING - No viable dags retrieved from /Users/joaovitor/airflow_env/lib/python3.11/site-packages/airflow/example_dags/example_branch_operator.py
[2025-11-04T22:11:25.002-0300] {processor.py:183} INFO - Processing /Users/joaovitor/airflow_env/lib/python3.11/site-packages/airflow/example_dags/example_branch_operator.py took 0.138 seconds
[2025-11-04T22:15:39.727-0300] {processor.py:161} INFO - Started process (PID=31727) to work on /Users/joaovitor/airflow_env/lib/python3.11/site-packages/airflow/example_dags/example_branch_operator.py
[2025-11-04T22:15:39.728-0300] {processor.py:830} INFO - Processing file /Users/joaovitor/airflow_env/lib/python3.11/site-packages/airflow/example_dags/example_branch_operator.py for tasks to queue
[2025-11-04T22:15:39.729-0300] {logging_mixin.py:188} INFO - [2025-11-04T22:15:39.729-0300] {dagbag.py:545} INFO - Filling up the DagBag from /Users/joaovitor/airflow_env/lib/python3.11/site-packages/airflow/example_dags/example_branch_operator.py
[2025-11-04T22:15:39.750-0300] {processor.py:842} WARNING - No viable dags retrieved from /Users/joaovitor/airflow_env/lib/python3.11/site-packages/airflow/example_dags/example_branch_operator.py
[2025-11-04T22:15:39.833-0300] {processor.py:183} INFO - Processing /Users/joaovitor/airflow_env/lib/python3.11/site-packages/airflow/example_dags/example_branch_operator.py took 0.108 seconds
[2025-11-04T22:19:36.265-0300] {processor.py:161} INFO - Started process (PID=31815) to work on /Users/joaovitor/airflow_env/lib/python3.11/site-packages/airflow/example_dags/example_branch_operator.py
[2025-11-04T22:19:36.267-0300] {processor.py:830} INFO - Processing file /Users/joaovitor/airflow_env/lib/python3.11/site-packages/airflow/example_dags/example_branch_operator.py for tasks to queue
[2025-11-04T22:19:36.268-0300] {logging_mixin.py:188} INFO - [2025-11-04T22:19:36.268-0300] {dagbag.py:545} INFO - Filling up the DagBag from /Users/joaovitor/airflow_env/lib/python3.11/site-packages/airflow/example_dags/example_branch_operator.py
[2025-11-04T22:19:36.294-0300] {processor.py:842} WARNING - No viable dags retrieved from /Users/joaovitor/airflow_env/lib/python3.11/site-packages/airflow/example_dags/example_branch_operator.py
[2025-11-04T22:19:36.394-0300] {processor.py:183} INFO - Processing /Users/joaovitor/airflow_env/lib/python3.11/site-packages/airflow/example_dags/example_branch_operator.py took 0.131 seconds
[2025-11-04T22:23:46.455-0300] {processor.py:161} INFO - Started process (PID=31955) to work on /Users/joaovitor/airflow_env/lib/python3.11/site-packages/airflow/example_dags/example_branch_operator.py
[2025-11-04T22:23:46.457-0300] {processor.py:830} INFO - Processing file /Users/joaovitor/airflow_env/lib/python3.11/site-packages/airflow/example_dags/example_branch_operator.py for tasks to queue
[2025-11-04T22:23:46.458-0300] {logging_mixin.py:188} INFO - [2025-11-04T22:23:46.457-0300] {dagbag.py:545} INFO - Filling up the DagBag from /Users/joaovitor/airflow_env/lib/python3.11/site-packages/airflow/example_dags/example_branch_operator.py
[2025-11-04T22:23:46.482-0300] {processor.py:842} WARNING - No viable dags retrieved from /Users/joaovitor/airflow_env/lib/python3.11/site-packages/airflow/example_dags/example_branch_operator.py
[2025-11-04T22:23:46.574-0300] {processor.py:183} INFO - Processing /Users/joaovitor/airflow_env/lib/python3.11/site-packages/airflow/example_dags/example_branch_operator.py took 0.122 seconds
[2025-11-04T22:28:02.629-0300] {processor.py:161} INFO - Started process (PID=32039) to work on /Users/joaovitor/airflow_env/lib/python3.11/site-packages/airflow/example_dags/example_branch_operator.py
[2025-11-04T22:28:02.632-0300] {processor.py:830} INFO - Processing file /Users/joaovitor/airflow_env/lib/python3.11/site-packages/airflow/example_dags/example_branch_operator.py for tasks to queue
[2025-11-04T22:28:02.635-0300] {logging_mixin.py:188} INFO - [2025-11-04T22:28:02.634-0300] {dagbag.py:545} INFO - Filling up the DagBag from /Users/joaovitor/airflow_env/lib/python3.11/site-packages/airflow/example_dags/example_branch_operator.py
[2025-11-04T22:28:02.665-0300] {processor.py:842} WARNING - No viable dags retrieved from /Users/joaovitor/airflow_env/lib/python3.11/site-packages/airflow/example_dags/example_branch_operator.py
[2025-11-04T22:28:02.809-0300] {processor.py:183} INFO - Processing /Users/joaovitor/airflow_env/lib/python3.11/site-packages/airflow/example_dags/example_branch_operator.py took 0.184 seconds
[2025-11-04T22:32:56.674-0300] {processor.py:161} INFO - Started process (PID=32227) to work on /Users/joaovitor/airflow_env/lib/python3.11/site-packages/airflow/example_dags/example_branch_operator.py
[2025-11-04T22:32:56.676-0300] {processor.py:830} INFO - Processing file /Users/joaovitor/airflow_env/lib/python3.11/site-packages/airflow/example_dags/example_branch_operator.py for tasks to queue
[2025-11-04T22:32:56.678-0300] {logging_mixin.py:188} INFO - [2025-11-04T22:32:56.677-0300] {dagbag.py:545} INFO - Filling up the DagBag from /Users/joaovitor/airflow_env/lib/python3.11/site-packages/airflow/example_dags/example_branch_operator.py
[2025-11-04T22:32:56.703-0300] {processor.py:842} WARNING - No viable dags retrieved from /Users/joaovitor/airflow_env/lib/python3.11/site-packages/airflow/example_dags/example_branch_operator.py
[2025-11-04T22:32:56.817-0300] {processor.py:183} INFO - Processing /Users/joaovitor/airflow_env/lib/python3.11/site-packages/airflow/example_dags/example_branch_operator.py took 0.146 seconds
[2025-11-04T22:37:34.398-0300] {processor.py:161} INFO - Started process (PID=32629) to work on /Users/joaovitor/airflow_env/lib/python3.11/site-packages/airflow/example_dags/example_branch_operator.py
[2025-11-04T22:37:34.401-0300] {processor.py:830} INFO - Processing file /Users/joaovitor/airflow_env/lib/python3.11/site-packages/airflow/example_dags/example_branch_operator.py for tasks to queue
[2025-11-04T22:37:34.402-0300] {logging_mixin.py:188} INFO - [2025-11-04T22:37:34.401-0300] {dagbag.py:545} INFO - Filling up the DagBag from /Users/joaovitor/airflow_env/lib/python3.11/site-packages/airflow/example_dags/example_branch_operator.py
[2025-11-04T22:37:34.428-0300] {processor.py:842} WARNING - No viable dags retrieved from /Users/joaovitor/airflow_env/lib/python3.11/site-packages/airflow/example_dags/example_branch_operator.py
[2025-11-04T22:37:34.521-0300] {processor.py:183} INFO - Processing /Users/joaovitor/airflow_env/lib/python3.11/site-packages/airflow/example_dags/example_branch_operator.py took 0.126 seconds
[2025-11-04T22:42:30.447-0300] {processor.py:161} INFO - Started process (PID=32744) to work on /Users/joaovitor/airflow_env/lib/python3.11/site-packages/airflow/example_dags/example_branch_operator.py
[2025-11-04T22:42:30.449-0300] {processor.py:830} INFO - Processing file /Users/joaovitor/airflow_env/lib/python3.11/site-packages/airflow/example_dags/example_branch_operator.py for tasks to queue
[2025-11-04T22:42:30.450-0300] {logging_mixin.py:188} INFO - [2025-11-04T22:42:30.450-0300] {dagbag.py:545} INFO - Filling up the DagBag from /Users/joaovitor/airflow_env/lib/python3.11/site-packages/airflow/example_dags/example_branch_operator.py
[2025-11-04T22:42:30.503-0300] {processor.py:842} WARNING - No viable dags retrieved from /Users/joaovitor/airflow_env/lib/python3.11/site-packages/airflow/example_dags/example_branch_operator.py
[2025-11-04T22:42:30.600-0300] {processor.py:183} INFO - Processing /Users/joaovitor/airflow_env/lib/python3.11/site-packages/airflow/example_dags/example_branch_operator.py took 0.160 seconds
[2025-11-04T22:46:58.378-0300] {processor.py:161} INFO - Started process (PID=32848) to work on /Users/joaovitor/airflow_env/lib/python3.11/site-packages/airflow/example_dags/example_branch_operator.py
[2025-11-04T22:46:58.379-0300] {processor.py:830} INFO - Processing file /Users/joaovitor/airflow_env/lib/python3.11/site-packages/airflow/example_dags/example_branch_operator.py for tasks to queue
[2025-11-04T22:46:58.380-0300] {logging_mixin.py:188} INFO - [2025-11-04T22:46:58.380-0300] {dagbag.py:545} INFO - Filling up the DagBag from /Users/joaovitor/airflow_env/lib/python3.11/site-packages/airflow/example_dags/example_branch_operator.py
[2025-11-04T22:46:58.403-0300] {processor.py:842} WARNING - No viable dags retrieved from /Users/joaovitor/airflow_env/lib/python3.11/site-packages/airflow/example_dags/example_branch_operator.py
[2025-11-04T22:46:58.492-0300] {processor.py:183} INFO - Processing /Users/joaovitor/airflow_env/lib/python3.11/site-packages/airflow/example_dags/example_branch_operator.py took 0.117 seconds
[2025-11-04T22:51:23.391-0300] {processor.py:161} INFO - Started process (PID=32966) to work on /Users/joaovitor/airflow_env/lib/python3.11/site-packages/airflow/example_dags/example_branch_operator.py
[2025-11-04T22:51:23.394-0300] {processor.py:830} INFO - Processing file /Users/joaovitor/airflow_env/lib/python3.11/site-packages/airflow/example_dags/example_branch_operator.py for tasks to queue
[2025-11-04T22:51:23.395-0300] {logging_mixin.py:188} INFO - [2025-11-04T22:51:23.395-0300] {dagbag.py:545} INFO - Filling up the DagBag from /Users/joaovitor/airflow_env/lib/python3.11/site-packages/airflow/example_dags/example_branch_operator.py
[2025-11-04T22:51:23.420-0300] {processor.py:842} WARNING - No viable dags retrieved from /Users/joaovitor/airflow_env/lib/python3.11/site-packages/airflow/example_dags/example_branch_operator.py
[2025-11-04T22:51:23.518-0300] {processor.py:183} INFO - Processing /Users/joaovitor/airflow_env/lib/python3.11/site-packages/airflow/example_dags/example_branch_operator.py took 0.130 seconds
[2025-11-04T22:56:05.197-0300] {processor.py:161} INFO - Started process (PID=33065) to work on /Users/joaovitor/airflow_env/lib/python3.11/site-packages/airflow/example_dags/example_branch_operator.py
[2025-11-04T22:56:05.199-0300] {processor.py:830} INFO - Processing file /Users/joaovitor/airflow_env/lib/python3.11/site-packages/airflow/example_dags/example_branch_operator.py for tasks to queue
[2025-11-04T22:56:05.200-0300] {logging_mixin.py:188} INFO - [2025-11-04T22:56:05.200-0300] {dagbag.py:545} INFO - Filling up the DagBag from /Users/joaovitor/airflow_env/lib/python3.11/site-packages/airflow/example_dags/example_branch_operator.py
[2025-11-04T22:56:05.224-0300] {processor.py:842} WARNING - No viable dags retrieved from /Users/joaovitor/airflow_env/lib/python3.11/site-packages/airflow/example_dags/example_branch_operator.py
[2025-11-04T22:56:05.319-0300] {processor.py:183} INFO - Processing /Users/joaovitor/airflow_env/lib/python3.11/site-packages/airflow/example_dags/example_branch_operator.py took 0.125 seconds
[2025-11-04T23:00:39.032-0300] {processor.py:161} INFO - Started process (PID=33155) to work on /Users/joaovitor/airflow_env/lib/python3.11/site-packages/airflow/example_dags/example_branch_operator.py
[2025-11-04T23:00:39.034-0300] {processor.py:830} INFO - Processing file /Users/joaovitor/airflow_env/lib/python3.11/site-packages/airflow/example_dags/example_branch_operator.py for tasks to queue
[2025-11-04T23:00:39.036-0300] {logging_mixin.py:188} INFO - [2025-11-04T23:00:39.035-0300] {dagbag.py:545} INFO - Filling up the DagBag from /Users/joaovitor/airflow_env/lib/python3.11/site-packages/airflow/example_dags/example_branch_operator.py
[2025-11-04T23:00:39.059-0300] {processor.py:842} WARNING - No viable dags retrieved from /Users/joaovitor/airflow_env/lib/python3.11/site-packages/airflow/example_dags/example_branch_operator.py
[2025-11-04T23:00:39.162-0300] {processor.py:183} INFO - Processing /Users/joaovitor/airflow_env/lib/python3.11/site-packages/airflow/example_dags/example_branch_operator.py took 0.135 seconds
