[2025-11-04T21:46:51.466-0300] {processor.py:161} INFO - Started process (PID=31074) to work on /Users/joaovitor/airflow_env/lib/python3.11/site-packages/airflow/example_dags/example_sensors.py
[2025-11-04T21:46:51.467-0300] {processor.py:830} INFO - Processing file /Users/joaovitor/airflow_env/lib/python3.11/site-packages/airflow/example_dags/example_sensors.py for tasks to queue
[2025-11-04T21:46:51.468-0300] {logging_mixin.py:188} INFO - [2025-11-04T21:46:51.467-0300] {dagbag.py:545} INFO - Filling up the DagBag from /Users/joaovitor/airflow_env/lib/python3.11/site-packages/airflow/example_dags/example_sensors.py
[2025-11-04T21:46:51.484-0300] {processor.py:840} INFO - DAG(s) 'example_sensors' retrieved from /Users/joaovitor/airflow_env/lib/python3.11/site-packages/airflow/example_dags/example_sensors.py
[2025-11-04T21:46:51.700-0300] {logging_mixin.py:188} INFO - [2025-11-04T21:46:51.700-0300] {override.py:1858} INFO - Created Permission View: can read on DAG:example_sensors
[2025-11-04T21:46:51.712-0300] {logging_mixin.py:188} INFO - [2025-11-04T21:46:51.712-0300] {override.py:1858} INFO - Created Permission View: can delete on DAG:example_sensors
[2025-11-04T21:46:51.725-0300] {logging_mixin.py:188} INFO - [2025-11-04T21:46:51.724-0300] {override.py:1858} INFO - Created Permission View: can edit on DAG:example_sensors
[2025-11-04T21:46:51.726-0300] {logging_mixin.py:188} INFO - [2025-11-04T21:46:51.725-0300] {dag.py:3089} INFO - Sync 1 DAGs
[2025-11-04T21:46:51.738-0300] {logging_mixin.py:188} INFO - [2025-11-04T21:46:51.738-0300] {dag.py:3111} INFO - Creating ORM DAG for example_sensors
[2025-11-04T21:46:51.739-0300] {logging_mixin.py:188} INFO - [2025-11-04T21:46:51.738-0300] {dag.py:3947} INFO - Setting next_dagrun for example_sensors to None, run_after=None
[2025-11-04T21:46:51.763-0300] {processor.py:183} INFO - Processing /Users/joaovitor/airflow_env/lib/python3.11/site-packages/airflow/example_dags/example_sensors.py took 0.300 seconds
[2025-11-04T21:49:54.560-0300] {processor.py:161} INFO - Started process (PID=31193) to work on /Users/joaovitor/airflow_env/lib/python3.11/site-packages/airflow/example_dags/example_sensors.py
[2025-11-04T21:49:54.562-0300] {processor.py:830} INFO - Processing file /Users/joaovitor/airflow_env/lib/python3.11/site-packages/airflow/example_dags/example_sensors.py for tasks to queue
[2025-11-04T21:49:54.563-0300] {logging_mixin.py:188} INFO - [2025-11-04T21:49:54.563-0300] {dagbag.py:545} INFO - Filling up the DagBag from /Users/joaovitor/airflow_env/lib/python3.11/site-packages/airflow/example_dags/example_sensors.py
[2025-11-04T21:49:54.592-0300] {processor.py:840} INFO - DAG(s) 'example_sensors' retrieved from /Users/joaovitor/airflow_env/lib/python3.11/site-packages/airflow/example_dags/example_sensors.py
[2025-11-04T21:49:54.720-0300] {logging_mixin.py:188} INFO - [2025-11-04T21:49:54.720-0300] {dag.py:3089} INFO - Sync 1 DAGs
[2025-11-04T21:49:54.733-0300] {logging_mixin.py:188} INFO - [2025-11-04T21:49:54.732-0300] {dag.py:3947} INFO - Setting next_dagrun for example_sensors to None, run_after=None
[2025-11-04T21:49:54.757-0300] {processor.py:183} INFO - Processing /Users/joaovitor/airflow_env/lib/python3.11/site-packages/airflow/example_dags/example_sensors.py took 0.199 seconds
[2025-11-04T21:52:04.996-0300] {processor.py:161} INFO - Started process (PID=31236) to work on /Users/joaovitor/airflow_env/lib/python3.11/site-packages/airflow/example_dags/example_sensors.py
[2025-11-04T21:52:04.999-0300] {processor.py:830} INFO - Processing file /Users/joaovitor/airflow_env/lib/python3.11/site-packages/airflow/example_dags/example_sensors.py for tasks to queue
[2025-11-04T21:52:04.999-0300] {logging_mixin.py:188} INFO - [2025-11-04T21:52:04.999-0300] {dagbag.py:545} INFO - Filling up the DagBag from /Users/joaovitor/airflow_env/lib/python3.11/site-packages/airflow/example_dags/example_sensors.py
[2025-11-04T21:52:05.024-0300] {processor.py:840} INFO - DAG(s) 'example_sensors' retrieved from /Users/joaovitor/airflow_env/lib/python3.11/site-packages/airflow/example_dags/example_sensors.py
[2025-11-04T21:52:05.173-0300] {logging_mixin.py:188} INFO - [2025-11-04T21:52:05.172-0300] {dag.py:3089} INFO - Sync 1 DAGs
[2025-11-04T21:52:05.186-0300] {logging_mixin.py:188} INFO - [2025-11-04T21:52:05.186-0300] {dag.py:3947} INFO - Setting next_dagrun for example_sensors to None, run_after=None
[2025-11-04T21:52:05.211-0300] {processor.py:183} INFO - Processing /Users/joaovitor/airflow_env/lib/python3.11/site-packages/airflow/example_dags/example_sensors.py took 0.219 seconds
[2025-11-04T21:54:01.575-0300] {processor.py:161} INFO - Started process (PID=31278) to work on /Users/joaovitor/airflow_env/lib/python3.11/site-packages/airflow/example_dags/example_sensors.py
[2025-11-04T21:54:01.575-0300] {processor.py:830} INFO - Processing file /Users/joaovitor/airflow_env/lib/python3.11/site-packages/airflow/example_dags/example_sensors.py for tasks to queue
[2025-11-04T21:54:01.576-0300] {logging_mixin.py:188} INFO - [2025-11-04T21:54:01.576-0300] {dagbag.py:545} INFO - Filling up the DagBag from /Users/joaovitor/airflow_env/lib/python3.11/site-packages/airflow/example_dags/example_sensors.py
[2025-11-04T21:54:01.591-0300] {processor.py:840} INFO - DAG(s) 'example_sensors' retrieved from /Users/joaovitor/airflow_env/lib/python3.11/site-packages/airflow/example_dags/example_sensors.py
[2025-11-04T21:54:01.709-0300] {logging_mixin.py:188} INFO - [2025-11-04T21:54:01.709-0300] {dag.py:3089} INFO - Sync 1 DAGs
[2025-11-04T21:54:01.720-0300] {logging_mixin.py:188} INFO - [2025-11-04T21:54:01.719-0300] {dag.py:3947} INFO - Setting next_dagrun for example_sensors to None, run_after=None
[2025-11-04T21:54:01.740-0300] {processor.py:183} INFO - Processing /Users/joaovitor/airflow_env/lib/python3.11/site-packages/airflow/example_dags/example_sensors.py took 0.168 seconds
[2025-11-04T21:55:54.425-0300] {processor.py:161} INFO - Started process (PID=31320) to work on /Users/joaovitor/airflow_env/lib/python3.11/site-packages/airflow/example_dags/example_sensors.py
[2025-11-04T21:55:54.426-0300] {processor.py:830} INFO - Processing file /Users/joaovitor/airflow_env/lib/python3.11/site-packages/airflow/example_dags/example_sensors.py for tasks to queue
[2025-11-04T21:55:54.426-0300] {logging_mixin.py:188} INFO - [2025-11-04T21:55:54.426-0300] {dagbag.py:545} INFO - Filling up the DagBag from /Users/joaovitor/airflow_env/lib/python3.11/site-packages/airflow/example_dags/example_sensors.py
[2025-11-04T21:55:54.443-0300] {processor.py:840} INFO - DAG(s) 'example_sensors' retrieved from /Users/joaovitor/airflow_env/lib/python3.11/site-packages/airflow/example_dags/example_sensors.py
[2025-11-04T21:55:54.576-0300] {logging_mixin.py:188} INFO - [2025-11-04T21:55:54.576-0300] {dag.py:3089} INFO - Sync 1 DAGs
[2025-11-04T21:55:54.590-0300] {logging_mixin.py:188} INFO - [2025-11-04T21:55:54.590-0300] {dag.py:3947} INFO - Setting next_dagrun for example_sensors to None, run_after=None
[2025-11-04T21:55:54.611-0300] {processor.py:183} INFO - Processing /Users/joaovitor/airflow_env/lib/python3.11/site-packages/airflow/example_dags/example_sensors.py took 0.189 seconds
[2025-11-04T21:57:45.159-0300] {processor.py:161} INFO - Started process (PID=31360) to work on /Users/joaovitor/airflow_env/lib/python3.11/site-packages/airflow/example_dags/example_sensors.py
[2025-11-04T21:57:45.160-0300] {processor.py:830} INFO - Processing file /Users/joaovitor/airflow_env/lib/python3.11/site-packages/airflow/example_dags/example_sensors.py for tasks to queue
[2025-11-04T21:57:45.160-0300] {logging_mixin.py:188} INFO - [2025-11-04T21:57:45.160-0300] {dagbag.py:545} INFO - Filling up the DagBag from /Users/joaovitor/airflow_env/lib/python3.11/site-packages/airflow/example_dags/example_sensors.py
[2025-11-04T21:57:45.178-0300] {processor.py:840} INFO - DAG(s) 'example_sensors' retrieved from /Users/joaovitor/airflow_env/lib/python3.11/site-packages/airflow/example_dags/example_sensors.py
[2025-11-04T21:57:45.346-0300] {logging_mixin.py:188} INFO - [2025-11-04T21:57:45.346-0300] {dag.py:3089} INFO - Sync 1 DAGs
[2025-11-04T21:57:45.359-0300] {logging_mixin.py:188} INFO - [2025-11-04T21:57:45.358-0300] {dag.py:3947} INFO - Setting next_dagrun for example_sensors to None, run_after=None
[2025-11-04T21:57:45.381-0300] {processor.py:183} INFO - Processing /Users/joaovitor/airflow_env/lib/python3.11/site-packages/airflow/example_dags/example_sensors.py took 0.226 seconds
[2025-11-04T21:59:36.374-0300] {processor.py:161} INFO - Started process (PID=31399) to work on /Users/joaovitor/airflow_env/lib/python3.11/site-packages/airflow/example_dags/example_sensors.py
[2025-11-04T21:59:36.375-0300] {processor.py:830} INFO - Processing file /Users/joaovitor/airflow_env/lib/python3.11/site-packages/airflow/example_dags/example_sensors.py for tasks to queue
[2025-11-04T21:59:36.376-0300] {logging_mixin.py:188} INFO - [2025-11-04T21:59:36.376-0300] {dagbag.py:545} INFO - Filling up the DagBag from /Users/joaovitor/airflow_env/lib/python3.11/site-packages/airflow/example_dags/example_sensors.py
[2025-11-04T21:59:36.393-0300] {processor.py:840} INFO - DAG(s) 'example_sensors' retrieved from /Users/joaovitor/airflow_env/lib/python3.11/site-packages/airflow/example_dags/example_sensors.py
[2025-11-04T21:59:36.530-0300] {logging_mixin.py:188} INFO - [2025-11-04T21:59:36.529-0300] {dag.py:3089} INFO - Sync 1 DAGs
[2025-11-04T21:59:36.543-0300] {logging_mixin.py:188} INFO - [2025-11-04T21:59:36.542-0300] {dag.py:3947} INFO - Setting next_dagrun for example_sensors to None, run_after=None
[2025-11-04T21:59:36.565-0300] {processor.py:183} INFO - Processing /Users/joaovitor/airflow_env/lib/python3.11/site-packages/airflow/example_dags/example_sensors.py took 0.195 seconds
[2025-11-04T22:05:12.315-0300] {processor.py:161} INFO - Started process (PID=31456) to work on /Users/joaovitor/airflow_env/lib/python3.11/site-packages/airflow/example_dags/example_sensors.py
[2025-11-04T22:05:12.316-0300] {processor.py:830} INFO - Processing file /Users/joaovitor/airflow_env/lib/python3.11/site-packages/airflow/example_dags/example_sensors.py for tasks to queue
[2025-11-04T22:05:12.317-0300] {logging_mixin.py:188} INFO - [2025-11-04T22:05:12.317-0300] {dagbag.py:545} INFO - Filling up the DagBag from /Users/joaovitor/airflow_env/lib/python3.11/site-packages/airflow/example_dags/example_sensors.py
[2025-11-04T22:05:12.332-0300] {processor.py:840} INFO - DAG(s) 'example_sensors' retrieved from /Users/joaovitor/airflow_env/lib/python3.11/site-packages/airflow/example_dags/example_sensors.py
[2025-11-04T22:05:12.448-0300] {logging_mixin.py:188} INFO - [2025-11-04T22:05:12.448-0300] {dag.py:3089} INFO - Sync 1 DAGs
[2025-11-04T22:05:12.459-0300] {logging_mixin.py:188} INFO - [2025-11-04T22:05:12.459-0300] {dag.py:3947} INFO - Setting next_dagrun for example_sensors to None, run_after=None
[2025-11-04T22:05:12.479-0300] {processor.py:183} INFO - Processing /Users/joaovitor/airflow_env/lib/python3.11/site-packages/airflow/example_dags/example_sensors.py took 0.167 seconds
[2025-11-04T22:07:05.716-0300] {processor.py:161} INFO - Started process (PID=31515) to work on /Users/joaovitor/airflow_env/lib/python3.11/site-packages/airflow/example_dags/example_sensors.py
[2025-11-04T22:07:05.717-0300] {processor.py:830} INFO - Processing file /Users/joaovitor/airflow_env/lib/python3.11/site-packages/airflow/example_dags/example_sensors.py for tasks to queue
[2025-11-04T22:07:05.717-0300] {logging_mixin.py:188} INFO - [2025-11-04T22:07:05.717-0300] {dagbag.py:545} INFO - Filling up the DagBag from /Users/joaovitor/airflow_env/lib/python3.11/site-packages/airflow/example_dags/example_sensors.py
[2025-11-04T22:07:05.732-0300] {processor.py:840} INFO - DAG(s) 'example_sensors' retrieved from /Users/joaovitor/airflow_env/lib/python3.11/site-packages/airflow/example_dags/example_sensors.py
[2025-11-04T22:07:05.853-0300] {logging_mixin.py:188} INFO - [2025-11-04T22:07:05.852-0300] {dag.py:3089} INFO - Sync 1 DAGs
[2025-11-04T22:07:05.863-0300] {logging_mixin.py:188} INFO - [2025-11-04T22:07:05.863-0300] {dag.py:3947} INFO - Setting next_dagrun for example_sensors to None, run_after=None
[2025-11-04T22:07:05.888-0300] {processor.py:183} INFO - Processing /Users/joaovitor/airflow_env/lib/python3.11/site-packages/airflow/example_dags/example_sensors.py took 0.176 seconds
[2025-11-04T22:09:01.168-0300] {processor.py:161} INFO - Started process (PID=31556) to work on /Users/joaovitor/airflow_env/lib/python3.11/site-packages/airflow/example_dags/example_sensors.py
[2025-11-04T22:09:01.169-0300] {processor.py:830} INFO - Processing file /Users/joaovitor/airflow_env/lib/python3.11/site-packages/airflow/example_dags/example_sensors.py for tasks to queue
[2025-11-04T22:09:01.170-0300] {logging_mixin.py:188} INFO - [2025-11-04T22:09:01.169-0300] {dagbag.py:545} INFO - Filling up the DagBag from /Users/joaovitor/airflow_env/lib/python3.11/site-packages/airflow/example_dags/example_sensors.py
[2025-11-04T22:09:01.185-0300] {processor.py:840} INFO - DAG(s) 'example_sensors' retrieved from /Users/joaovitor/airflow_env/lib/python3.11/site-packages/airflow/example_dags/example_sensors.py
[2025-11-04T22:09:01.302-0300] {logging_mixin.py:188} INFO - [2025-11-04T22:09:01.301-0300] {dag.py:3089} INFO - Sync 1 DAGs
[2025-11-04T22:09:01.312-0300] {logging_mixin.py:188} INFO - [2025-11-04T22:09:01.312-0300] {dag.py:3947} INFO - Setting next_dagrun for example_sensors to None, run_after=None
[2025-11-04T22:09:01.333-0300] {processor.py:183} INFO - Processing /Users/joaovitor/airflow_env/lib/python3.11/site-packages/airflow/example_dags/example_sensors.py took 0.168 seconds
[2025-11-04T22:10:54.818-0300] {processor.py:161} INFO - Started process (PID=31605) to work on /Users/joaovitor/airflow_env/lib/python3.11/site-packages/airflow/example_dags/example_sensors.py
[2025-11-04T22:10:54.819-0300] {processor.py:830} INFO - Processing file /Users/joaovitor/airflow_env/lib/python3.11/site-packages/airflow/example_dags/example_sensors.py for tasks to queue
[2025-11-04T22:10:54.819-0300] {logging_mixin.py:188} INFO - [2025-11-04T22:10:54.819-0300] {dagbag.py:545} INFO - Filling up the DagBag from /Users/joaovitor/airflow_env/lib/python3.11/site-packages/airflow/example_dags/example_sensors.py
[2025-11-04T22:10:54.836-0300] {processor.py:840} INFO - DAG(s) 'example_sensors' retrieved from /Users/joaovitor/airflow_env/lib/python3.11/site-packages/airflow/example_dags/example_sensors.py
[2025-11-04T22:10:54.960-0300] {logging_mixin.py:188} INFO - [2025-11-04T22:10:54.959-0300] {dag.py:3089} INFO - Sync 1 DAGs
[2025-11-04T22:10:54.970-0300] {logging_mixin.py:188} INFO - [2025-11-04T22:10:54.970-0300] {dag.py:3947} INFO - Setting next_dagrun for example_sensors to None, run_after=None
[2025-11-04T22:10:54.996-0300] {processor.py:183} INFO - Processing /Users/joaovitor/airflow_env/lib/python3.11/site-packages/airflow/example_dags/example_sensors.py took 0.181 seconds
[2025-11-04T22:12:54.063-0300] {processor.py:161} INFO - Started process (PID=31648) to work on /Users/joaovitor/airflow_env/lib/python3.11/site-packages/airflow/example_dags/example_sensors.py
[2025-11-04T22:12:54.065-0300] {processor.py:830} INFO - Processing file /Users/joaovitor/airflow_env/lib/python3.11/site-packages/airflow/example_dags/example_sensors.py for tasks to queue
[2025-11-04T22:12:54.065-0300] {logging_mixin.py:188} INFO - [2025-11-04T22:12:54.065-0300] {dagbag.py:545} INFO - Filling up the DagBag from /Users/joaovitor/airflow_env/lib/python3.11/site-packages/airflow/example_dags/example_sensors.py
[2025-11-04T22:12:54.082-0300] {processor.py:840} INFO - DAG(s) 'example_sensors' retrieved from /Users/joaovitor/airflow_env/lib/python3.11/site-packages/airflow/example_dags/example_sensors.py
[2025-11-04T22:12:54.207-0300] {logging_mixin.py:188} INFO - [2025-11-04T22:12:54.206-0300] {dag.py:3089} INFO - Sync 1 DAGs
[2025-11-04T22:12:54.218-0300] {logging_mixin.py:188} INFO - [2025-11-04T22:12:54.218-0300] {dag.py:3947} INFO - Setting next_dagrun for example_sensors to None, run_after=None
[2025-11-04T22:12:54.238-0300] {processor.py:183} INFO - Processing /Users/joaovitor/airflow_env/lib/python3.11/site-packages/airflow/example_dags/example_sensors.py took 0.178 seconds
[2025-11-04T22:14:55.267-0300] {processor.py:161} INFO - Started process (PID=31700) to work on /Users/joaovitor/airflow_env/lib/python3.11/site-packages/airflow/example_dags/example_sensors.py
[2025-11-04T22:14:55.268-0300] {processor.py:830} INFO - Processing file /Users/joaovitor/airflow_env/lib/python3.11/site-packages/airflow/example_dags/example_sensors.py for tasks to queue
[2025-11-04T22:14:55.269-0300] {logging_mixin.py:188} INFO - [2025-11-04T22:14:55.268-0300] {dagbag.py:545} INFO - Filling up the DagBag from /Users/joaovitor/airflow_env/lib/python3.11/site-packages/airflow/example_dags/example_sensors.py
[2025-11-04T22:14:55.284-0300] {processor.py:840} INFO - DAG(s) 'example_sensors' retrieved from /Users/joaovitor/airflow_env/lib/python3.11/site-packages/airflow/example_dags/example_sensors.py
[2025-11-04T22:14:55.407-0300] {logging_mixin.py:188} INFO - [2025-11-04T22:14:55.407-0300] {dag.py:3089} INFO - Sync 1 DAGs
[2025-11-04T22:14:55.417-0300] {logging_mixin.py:188} INFO - [2025-11-04T22:14:55.417-0300] {dag.py:3947} INFO - Setting next_dagrun for example_sensors to None, run_after=None
[2025-11-04T22:14:55.436-0300] {processor.py:183} INFO - Processing /Users/joaovitor/airflow_env/lib/python3.11/site-packages/airflow/example_dags/example_sensors.py took 0.172 seconds
[2025-11-04T22:17:05.657-0300] {processor.py:161} INFO - Started process (PID=31757) to work on /Users/joaovitor/airflow_env/lib/python3.11/site-packages/airflow/example_dags/example_sensors.py
[2025-11-04T22:17:05.658-0300] {processor.py:830} INFO - Processing file /Users/joaovitor/airflow_env/lib/python3.11/site-packages/airflow/example_dags/example_sensors.py for tasks to queue
[2025-11-04T22:17:05.659-0300] {logging_mixin.py:188} INFO - [2025-11-04T22:17:05.659-0300] {dagbag.py:545} INFO - Filling up the DagBag from /Users/joaovitor/airflow_env/lib/python3.11/site-packages/airflow/example_dags/example_sensors.py
[2025-11-04T22:17:05.681-0300] {processor.py:840} INFO - DAG(s) 'example_sensors' retrieved from /Users/joaovitor/airflow_env/lib/python3.11/site-packages/airflow/example_dags/example_sensors.py
[2025-11-04T22:17:05.799-0300] {logging_mixin.py:188} INFO - [2025-11-04T22:17:05.799-0300] {dag.py:3089} INFO - Sync 1 DAGs
[2025-11-04T22:17:05.810-0300] {logging_mixin.py:188} INFO - [2025-11-04T22:17:05.810-0300] {dag.py:3947} INFO - Setting next_dagrun for example_sensors to None, run_after=None
[2025-11-04T22:17:05.831-0300] {processor.py:183} INFO - Processing /Users/joaovitor/airflow_env/lib/python3.11/site-packages/airflow/example_dags/example_sensors.py took 0.177 seconds
[2025-11-04T22:19:06.568-0300] {processor.py:161} INFO - Started process (PID=31805) to work on /Users/joaovitor/airflow_env/lib/python3.11/site-packages/airflow/example_dags/example_sensors.py
[2025-11-04T22:19:06.571-0300] {processor.py:830} INFO - Processing file /Users/joaovitor/airflow_env/lib/python3.11/site-packages/airflow/example_dags/example_sensors.py for tasks to queue
[2025-11-04T22:19:06.572-0300] {logging_mixin.py:188} INFO - [2025-11-04T22:19:06.572-0300] {dagbag.py:545} INFO - Filling up the DagBag from /Users/joaovitor/airflow_env/lib/python3.11/site-packages/airflow/example_dags/example_sensors.py
[2025-11-04T22:19:06.636-0300] {processor.py:840} INFO - DAG(s) 'example_sensors' retrieved from /Users/joaovitor/airflow_env/lib/python3.11/site-packages/airflow/example_dags/example_sensors.py
[2025-11-04T22:19:06.933-0300] {logging_mixin.py:188} INFO - [2025-11-04T22:19:06.932-0300] {dag.py:3089} INFO - Sync 1 DAGs
[2025-11-04T22:19:06.948-0300] {logging_mixin.py:188} INFO - [2025-11-04T22:19:06.948-0300] {dag.py:3947} INFO - Setting next_dagrun for example_sensors to None, run_after=None
[2025-11-04T22:19:06.986-0300] {processor.py:183} INFO - Processing /Users/joaovitor/airflow_env/lib/python3.11/site-packages/airflow/example_dags/example_sensors.py took 0.421 seconds
[2025-11-04T22:21:05.471-0300] {processor.py:161} INFO - Started process (PID=31867) to work on /Users/joaovitor/airflow_env/lib/python3.11/site-packages/airflow/example_dags/example_sensors.py
[2025-11-04T22:21:05.473-0300] {processor.py:830} INFO - Processing file /Users/joaovitor/airflow_env/lib/python3.11/site-packages/airflow/example_dags/example_sensors.py for tasks to queue
[2025-11-04T22:21:05.474-0300] {logging_mixin.py:188} INFO - [2025-11-04T22:21:05.474-0300] {dagbag.py:545} INFO - Filling up the DagBag from /Users/joaovitor/airflow_env/lib/python3.11/site-packages/airflow/example_dags/example_sensors.py
[2025-11-04T22:21:05.507-0300] {processor.py:840} INFO - DAG(s) 'example_sensors' retrieved from /Users/joaovitor/airflow_env/lib/python3.11/site-packages/airflow/example_dags/example_sensors.py
[2025-11-04T22:21:05.626-0300] {logging_mixin.py:188} INFO - [2025-11-04T22:21:05.625-0300] {dag.py:3089} INFO - Sync 1 DAGs
[2025-11-04T22:21:05.637-0300] {logging_mixin.py:188} INFO - [2025-11-04T22:21:05.636-0300] {dag.py:3947} INFO - Setting next_dagrun for example_sensors to None, run_after=None
[2025-11-04T22:21:05.664-0300] {processor.py:183} INFO - Processing /Users/joaovitor/airflow_env/lib/python3.11/site-packages/airflow/example_dags/example_sensors.py took 0.196 seconds
[2025-11-04T22:23:13.117-0300] {processor.py:161} INFO - Started process (PID=31944) to work on /Users/joaovitor/airflow_env/lib/python3.11/site-packages/airflow/example_dags/example_sensors.py
[2025-11-04T22:23:13.119-0300] {processor.py:830} INFO - Processing file /Users/joaovitor/airflow_env/lib/python3.11/site-packages/airflow/example_dags/example_sensors.py for tasks to queue
[2025-11-04T22:23:13.120-0300] {logging_mixin.py:188} INFO - [2025-11-04T22:23:13.120-0300] {dagbag.py:545} INFO - Filling up the DagBag from /Users/joaovitor/airflow_env/lib/python3.11/site-packages/airflow/example_dags/example_sensors.py
[2025-11-04T22:23:13.150-0300] {processor.py:840} INFO - DAG(s) 'example_sensors' retrieved from /Users/joaovitor/airflow_env/lib/python3.11/site-packages/airflow/example_dags/example_sensors.py
[2025-11-04T22:23:13.288-0300] {logging_mixin.py:188} INFO - [2025-11-04T22:23:13.288-0300] {dag.py:3089} INFO - Sync 1 DAGs
[2025-11-04T22:23:13.301-0300] {logging_mixin.py:188} INFO - [2025-11-04T22:23:13.301-0300] {dag.py:3947} INFO - Setting next_dagrun for example_sensors to None, run_after=None
[2025-11-04T22:23:13.324-0300] {processor.py:183} INFO - Processing /Users/joaovitor/airflow_env/lib/python3.11/site-packages/airflow/example_dags/example_sensors.py took 0.210 seconds
[2025-11-04T22:25:19.496-0300] {processor.py:161} INFO - Started process (PID=31985) to work on /Users/joaovitor/airflow_env/lib/python3.11/site-packages/airflow/example_dags/example_sensors.py
[2025-11-04T22:25:19.497-0300] {processor.py:830} INFO - Processing file /Users/joaovitor/airflow_env/lib/python3.11/site-packages/airflow/example_dags/example_sensors.py for tasks to queue
[2025-11-04T22:25:19.497-0300] {logging_mixin.py:188} INFO - [2025-11-04T22:25:19.497-0300] {dagbag.py:545} INFO - Filling up the DagBag from /Users/joaovitor/airflow_env/lib/python3.11/site-packages/airflow/example_dags/example_sensors.py
[2025-11-04T22:25:19.515-0300] {processor.py:840} INFO - DAG(s) 'example_sensors' retrieved from /Users/joaovitor/airflow_env/lib/python3.11/site-packages/airflow/example_dags/example_sensors.py
[2025-11-04T22:25:19.650-0300] {logging_mixin.py:188} INFO - [2025-11-04T22:25:19.650-0300] {dag.py:3089} INFO - Sync 1 DAGs
[2025-11-04T22:25:19.662-0300] {logging_mixin.py:188} INFO - [2025-11-04T22:25:19.662-0300] {dag.py:3947} INFO - Setting next_dagrun for example_sensors to None, run_after=None
[2025-11-04T22:25:19.684-0300] {processor.py:183} INFO - Processing /Users/joaovitor/airflow_env/lib/python3.11/site-packages/airflow/example_dags/example_sensors.py took 0.190 seconds
[2025-11-04T22:27:25.398-0300] {processor.py:161} INFO - Started process (PID=32027) to work on /Users/joaovitor/airflow_env/lib/python3.11/site-packages/airflow/example_dags/example_sensors.py
[2025-11-04T22:27:25.399-0300] {processor.py:830} INFO - Processing file /Users/joaovitor/airflow_env/lib/python3.11/site-packages/airflow/example_dags/example_sensors.py for tasks to queue
[2025-11-04T22:27:25.400-0300] {logging_mixin.py:188} INFO - [2025-11-04T22:27:25.400-0300] {dagbag.py:545} INFO - Filling up the DagBag from /Users/joaovitor/airflow_env/lib/python3.11/site-packages/airflow/example_dags/example_sensors.py
[2025-11-04T22:27:25.417-0300] {processor.py:840} INFO - DAG(s) 'example_sensors' retrieved from /Users/joaovitor/airflow_env/lib/python3.11/site-packages/airflow/example_dags/example_sensors.py
[2025-11-04T22:27:25.554-0300] {logging_mixin.py:188} INFO - [2025-11-04T22:27:25.553-0300] {dag.py:3089} INFO - Sync 1 DAGs
[2025-11-04T22:27:25.566-0300] {logging_mixin.py:188} INFO - [2025-11-04T22:27:25.566-0300] {dag.py:3947} INFO - Setting next_dagrun for example_sensors to None, run_after=None
[2025-11-04T22:27:25.591-0300] {processor.py:183} INFO - Processing /Users/joaovitor/airflow_env/lib/python3.11/site-packages/airflow/example_dags/example_sensors.py took 0.196 seconds
[2025-11-04T22:29:34.171-0300] {processor.py:161} INFO - Started process (PID=32069) to work on /Users/joaovitor/airflow_env/lib/python3.11/site-packages/airflow/example_dags/example_sensors.py
[2025-11-04T22:29:34.172-0300] {processor.py:830} INFO - Processing file /Users/joaovitor/airflow_env/lib/python3.11/site-packages/airflow/example_dags/example_sensors.py for tasks to queue
[2025-11-04T22:29:34.172-0300] {logging_mixin.py:188} INFO - [2025-11-04T22:29:34.172-0300] {dagbag.py:545} INFO - Filling up the DagBag from /Users/joaovitor/airflow_env/lib/python3.11/site-packages/airflow/example_dags/example_sensors.py
[2025-11-04T22:29:34.189-0300] {processor.py:840} INFO - DAG(s) 'example_sensors' retrieved from /Users/joaovitor/airflow_env/lib/python3.11/site-packages/airflow/example_dags/example_sensors.py
[2025-11-04T22:29:34.325-0300] {logging_mixin.py:188} INFO - [2025-11-04T22:29:34.325-0300] {dag.py:3089} INFO - Sync 1 DAGs
[2025-11-04T22:29:34.337-0300] {logging_mixin.py:188} INFO - [2025-11-04T22:29:34.337-0300] {dag.py:3947} INFO - Setting next_dagrun for example_sensors to None, run_after=None
[2025-11-04T22:29:34.361-0300] {processor.py:183} INFO - Processing /Users/joaovitor/airflow_env/lib/python3.11/site-packages/airflow/example_dags/example_sensors.py took 0.193 seconds
[2025-11-04T22:32:02.698-0300] {processor.py:161} INFO - Started process (PID=32187) to work on /Users/joaovitor/airflow_env/lib/python3.11/site-packages/airflow/example_dags/example_sensors.py
[2025-11-04T22:32:02.701-0300] {processor.py:830} INFO - Processing file /Users/joaovitor/airflow_env/lib/python3.11/site-packages/airflow/example_dags/example_sensors.py for tasks to queue
[2025-11-04T22:32:02.702-0300] {logging_mixin.py:188} INFO - [2025-11-04T22:32:02.702-0300] {dagbag.py:545} INFO - Filling up the DagBag from /Users/joaovitor/airflow_env/lib/python3.11/site-packages/airflow/example_dags/example_sensors.py
[2025-11-04T22:32:02.742-0300] {processor.py:840} INFO - DAG(s) 'example_sensors' retrieved from /Users/joaovitor/airflow_env/lib/python3.11/site-packages/airflow/example_dags/example_sensors.py
[2025-11-04T22:32:02.999-0300] {logging_mixin.py:188} INFO - [2025-11-04T22:32:02.998-0300] {dag.py:3089} INFO - Sync 1 DAGs
[2025-11-04T22:32:03.019-0300] {logging_mixin.py:188} INFO - [2025-11-04T22:32:03.019-0300] {dag.py:3947} INFO - Setting next_dagrun for example_sensors to None, run_after=None
[2025-11-04T22:32:03.050-0300] {processor.py:183} INFO - Processing /Users/joaovitor/airflow_env/lib/python3.11/site-packages/airflow/example_dags/example_sensors.py took 0.356 seconds
[2025-11-04T22:34:46.899-0300] {processor.py:161} INFO - Started process (PID=32341) to work on /Users/joaovitor/airflow_env/lib/python3.11/site-packages/airflow/example_dags/example_sensors.py
[2025-11-04T22:34:46.902-0300] {processor.py:830} INFO - Processing file /Users/joaovitor/airflow_env/lib/python3.11/site-packages/airflow/example_dags/example_sensors.py for tasks to queue
[2025-11-04T22:34:46.903-0300] {logging_mixin.py:188} INFO - [2025-11-04T22:34:46.902-0300] {dagbag.py:545} INFO - Filling up the DagBag from /Users/joaovitor/airflow_env/lib/python3.11/site-packages/airflow/example_dags/example_sensors.py
[2025-11-04T22:34:46.941-0300] {processor.py:840} INFO - DAG(s) 'example_sensors' retrieved from /Users/joaovitor/airflow_env/lib/python3.11/site-packages/airflow/example_dags/example_sensors.py
[2025-11-04T22:34:47.128-0300] {logging_mixin.py:188} INFO - [2025-11-04T22:34:47.128-0300] {dag.py:3089} INFO - Sync 1 DAGs
[2025-11-04T22:34:47.146-0300] {logging_mixin.py:188} INFO - [2025-11-04T22:34:47.146-0300] {dag.py:3947} INFO - Setting next_dagrun for example_sensors to None, run_after=None
[2025-11-04T22:34:47.181-0300] {processor.py:183} INFO - Processing /Users/joaovitor/airflow_env/lib/python3.11/site-packages/airflow/example_dags/example_sensors.py took 0.289 seconds
[2025-11-04T22:36:54.168-0300] {processor.py:161} INFO - Started process (PID=32507) to work on /Users/joaovitor/airflow_env/lib/python3.11/site-packages/airflow/example_dags/example_sensors.py
[2025-11-04T22:36:54.170-0300] {processor.py:830} INFO - Processing file /Users/joaovitor/airflow_env/lib/python3.11/site-packages/airflow/example_dags/example_sensors.py for tasks to queue
[2025-11-04T22:36:54.171-0300] {logging_mixin.py:188} INFO - [2025-11-04T22:36:54.170-0300] {dagbag.py:545} INFO - Filling up the DagBag from /Users/joaovitor/airflow_env/lib/python3.11/site-packages/airflow/example_dags/example_sensors.py
[2025-11-04T22:36:54.204-0300] {processor.py:840} INFO - DAG(s) 'example_sensors' retrieved from /Users/joaovitor/airflow_env/lib/python3.11/site-packages/airflow/example_dags/example_sensors.py
[2025-11-04T22:36:54.321-0300] {logging_mixin.py:188} INFO - [2025-11-04T22:36:54.321-0300] {dag.py:3089} INFO - Sync 1 DAGs
[2025-11-04T22:36:54.331-0300] {logging_mixin.py:188} INFO - [2025-11-04T22:36:54.331-0300] {dag.py:3947} INFO - Setting next_dagrun for example_sensors to None, run_after=None
[2025-11-04T22:36:54.357-0300] {processor.py:183} INFO - Processing /Users/joaovitor/airflow_env/lib/python3.11/site-packages/airflow/example_dags/example_sensors.py took 0.192 seconds
[2025-11-04T22:39:19.613-0300] {processor.py:161} INFO - Started process (PID=32671) to work on /Users/joaovitor/airflow_env/lib/python3.11/site-packages/airflow/example_dags/example_sensors.py
[2025-11-04T22:39:19.615-0300] {processor.py:830} INFO - Processing file /Users/joaovitor/airflow_env/lib/python3.11/site-packages/airflow/example_dags/example_sensors.py for tasks to queue
[2025-11-04T22:39:19.616-0300] {logging_mixin.py:188} INFO - [2025-11-04T22:39:19.615-0300] {dagbag.py:545} INFO - Filling up the DagBag from /Users/joaovitor/airflow_env/lib/python3.11/site-packages/airflow/example_dags/example_sensors.py
[2025-11-04T22:39:19.654-0300] {processor.py:840} INFO - DAG(s) 'example_sensors' retrieved from /Users/joaovitor/airflow_env/lib/python3.11/site-packages/airflow/example_dags/example_sensors.py
[2025-11-04T22:39:19.873-0300] {logging_mixin.py:188} INFO - [2025-11-04T22:39:19.873-0300] {dag.py:3089} INFO - Sync 1 DAGs
[2025-11-04T22:39:19.882-0300] {logging_mixin.py:188} INFO - [2025-11-04T22:39:19.882-0300] {dag.py:3947} INFO - Setting next_dagrun for example_sensors to None, run_after=None
[2025-11-04T22:39:19.906-0300] {processor.py:183} INFO - Processing /Users/joaovitor/airflow_env/lib/python3.11/site-packages/airflow/example_dags/example_sensors.py took 0.296 seconds
[2025-11-04T22:41:49.329-0300] {processor.py:161} INFO - Started process (PID=32731) to work on /Users/joaovitor/airflow_env/lib/python3.11/site-packages/airflow/example_dags/example_sensors.py
[2025-11-04T22:41:49.331-0300] {processor.py:830} INFO - Processing file /Users/joaovitor/airflow_env/lib/python3.11/site-packages/airflow/example_dags/example_sensors.py for tasks to queue
[2025-11-04T22:41:49.333-0300] {logging_mixin.py:188} INFO - [2025-11-04T22:41:49.332-0300] {dagbag.py:545} INFO - Filling up the DagBag from /Users/joaovitor/airflow_env/lib/python3.11/site-packages/airflow/example_dags/example_sensors.py
[2025-11-04T22:41:49.386-0300] {processor.py:840} INFO - DAG(s) 'example_sensors' retrieved from /Users/joaovitor/airflow_env/lib/python3.11/site-packages/airflow/example_dags/example_sensors.py
[2025-11-04T22:41:49.625-0300] {logging_mixin.py:188} INFO - [2025-11-04T22:41:49.625-0300] {dag.py:3089} INFO - Sync 1 DAGs
[2025-11-04T22:41:49.646-0300] {logging_mixin.py:188} INFO - [2025-11-04T22:41:49.645-0300] {dag.py:3947} INFO - Setting next_dagrun for example_sensors to None, run_after=None
[2025-11-04T22:41:49.681-0300] {processor.py:183} INFO - Processing /Users/joaovitor/airflow_env/lib/python3.11/site-packages/airflow/example_dags/example_sensors.py took 0.363 seconds
[2025-11-04T22:44:04.616-0300] {processor.py:161} INFO - Started process (PID=32784) to work on /Users/joaovitor/airflow_env/lib/python3.11/site-packages/airflow/example_dags/example_sensors.py
[2025-11-04T22:44:04.617-0300] {processor.py:830} INFO - Processing file /Users/joaovitor/airflow_env/lib/python3.11/site-packages/airflow/example_dags/example_sensors.py for tasks to queue
[2025-11-04T22:44:04.619-0300] {logging_mixin.py:188} INFO - [2025-11-04T22:44:04.619-0300] {dagbag.py:545} INFO - Filling up the DagBag from /Users/joaovitor/airflow_env/lib/python3.11/site-packages/airflow/example_dags/example_sensors.py
[2025-11-04T22:44:04.636-0300] {processor.py:840} INFO - DAG(s) 'example_sensors' retrieved from /Users/joaovitor/airflow_env/lib/python3.11/site-packages/airflow/example_dags/example_sensors.py
[2025-11-04T22:44:04.778-0300] {logging_mixin.py:188} INFO - [2025-11-04T22:44:04.778-0300] {dag.py:3089} INFO - Sync 1 DAGs
[2025-11-04T22:44:04.790-0300] {logging_mixin.py:188} INFO - [2025-11-04T22:44:04.790-0300] {dag.py:3947} INFO - Setting next_dagrun for example_sensors to None, run_after=None
[2025-11-04T22:44:04.812-0300] {processor.py:183} INFO - Processing /Users/joaovitor/airflow_env/lib/python3.11/site-packages/airflow/example_dags/example_sensors.py took 0.200 seconds
[2025-11-04T22:46:23.219-0300] {processor.py:161} INFO - Started process (PID=32829) to work on /Users/joaovitor/airflow_env/lib/python3.11/site-packages/airflow/example_dags/example_sensors.py
[2025-11-04T22:46:23.220-0300] {processor.py:830} INFO - Processing file /Users/joaovitor/airflow_env/lib/python3.11/site-packages/airflow/example_dags/example_sensors.py for tasks to queue
[2025-11-04T22:46:23.221-0300] {logging_mixin.py:188} INFO - [2025-11-04T22:46:23.221-0300] {dagbag.py:545} INFO - Filling up the DagBag from /Users/joaovitor/airflow_env/lib/python3.11/site-packages/airflow/example_dags/example_sensors.py
[2025-11-04T22:46:23.239-0300] {processor.py:840} INFO - DAG(s) 'example_sensors' retrieved from /Users/joaovitor/airflow_env/lib/python3.11/site-packages/airflow/example_dags/example_sensors.py
[2025-11-04T22:46:23.375-0300] {logging_mixin.py:188} INFO - [2025-11-04T22:46:23.375-0300] {dag.py:3089} INFO - Sync 1 DAGs
[2025-11-04T22:46:23.389-0300] {logging_mixin.py:188} INFO - [2025-11-04T22:46:23.389-0300] {dag.py:3947} INFO - Setting next_dagrun for example_sensors to None, run_after=None
[2025-11-04T22:46:23.413-0300] {processor.py:183} INFO - Processing /Users/joaovitor/airflow_env/lib/python3.11/site-packages/airflow/example_dags/example_sensors.py took 0.196 seconds
[2025-11-04T22:48:35.193-0300] {processor.py:161} INFO - Started process (PID=32895) to work on /Users/joaovitor/airflow_env/lib/python3.11/site-packages/airflow/example_dags/example_sensors.py
[2025-11-04T22:48:35.195-0300] {processor.py:830} INFO - Processing file /Users/joaovitor/airflow_env/lib/python3.11/site-packages/airflow/example_dags/example_sensors.py for tasks to queue
[2025-11-04T22:48:35.196-0300] {logging_mixin.py:188} INFO - [2025-11-04T22:48:35.196-0300] {dagbag.py:545} INFO - Filling up the DagBag from /Users/joaovitor/airflow_env/lib/python3.11/site-packages/airflow/example_dags/example_sensors.py
[2025-11-04T22:48:35.224-0300] {processor.py:840} INFO - DAG(s) 'example_sensors' retrieved from /Users/joaovitor/airflow_env/lib/python3.11/site-packages/airflow/example_dags/example_sensors.py
[2025-11-04T22:48:35.383-0300] {logging_mixin.py:188} INFO - [2025-11-04T22:48:35.383-0300] {dag.py:3089} INFO - Sync 1 DAGs
[2025-11-04T22:48:35.394-0300] {logging_mixin.py:188} INFO - [2025-11-04T22:48:35.394-0300] {dag.py:3947} INFO - Setting next_dagrun for example_sensors to None, run_after=None
[2025-11-04T22:48:35.414-0300] {processor.py:183} INFO - Processing /Users/joaovitor/airflow_env/lib/python3.11/site-packages/airflow/example_dags/example_sensors.py took 0.224 seconds
[2025-11-04T22:50:47.308-0300] {processor.py:161} INFO - Started process (PID=32954) to work on /Users/joaovitor/airflow_env/lib/python3.11/site-packages/airflow/example_dags/example_sensors.py
[2025-11-04T22:50:47.310-0300] {processor.py:830} INFO - Processing file /Users/joaovitor/airflow_env/lib/python3.11/site-packages/airflow/example_dags/example_sensors.py for tasks to queue
[2025-11-04T22:50:47.311-0300] {logging_mixin.py:188} INFO - [2025-11-04T22:50:47.311-0300] {dagbag.py:545} INFO - Filling up the DagBag from /Users/joaovitor/airflow_env/lib/python3.11/site-packages/airflow/example_dags/example_sensors.py
[2025-11-04T22:50:47.349-0300] {processor.py:840} INFO - DAG(s) 'example_sensors' retrieved from /Users/joaovitor/airflow_env/lib/python3.11/site-packages/airflow/example_dags/example_sensors.py
[2025-11-04T22:50:47.485-0300] {logging_mixin.py:188} INFO - [2025-11-04T22:50:47.484-0300] {dag.py:3089} INFO - Sync 1 DAGs
[2025-11-04T22:50:47.497-0300] {logging_mixin.py:188} INFO - [2025-11-04T22:50:47.497-0300] {dag.py:3947} INFO - Setting next_dagrun for example_sensors to None, run_after=None
[2025-11-04T22:50:47.519-0300] {processor.py:183} INFO - Processing /Users/joaovitor/airflow_env/lib/python3.11/site-packages/airflow/example_dags/example_sensors.py took 0.215 seconds
[2025-11-04T22:53:09.668-0300] {processor.py:161} INFO - Started process (PID=33008) to work on /Users/joaovitor/airflow_env/lib/python3.11/site-packages/airflow/example_dags/example_sensors.py
[2025-11-04T22:53:09.670-0300] {processor.py:830} INFO - Processing file /Users/joaovitor/airflow_env/lib/python3.11/site-packages/airflow/example_dags/example_sensors.py for tasks to queue
[2025-11-04T22:53:09.671-0300] {logging_mixin.py:188} INFO - [2025-11-04T22:53:09.671-0300] {dagbag.py:545} INFO - Filling up the DagBag from /Users/joaovitor/airflow_env/lib/python3.11/site-packages/airflow/example_dags/example_sensors.py
[2025-11-04T22:53:09.700-0300] {processor.py:840} INFO - DAG(s) 'example_sensors' retrieved from /Users/joaovitor/airflow_env/lib/python3.11/site-packages/airflow/example_dags/example_sensors.py
[2025-11-04T22:53:09.816-0300] {logging_mixin.py:188} INFO - [2025-11-04T22:53:09.816-0300] {dag.py:3089} INFO - Sync 1 DAGs
[2025-11-04T22:53:09.826-0300] {logging_mixin.py:188} INFO - [2025-11-04T22:53:09.826-0300] {dag.py:3947} INFO - Setting next_dagrun for example_sensors to None, run_after=None
[2025-11-04T22:53:09.846-0300] {processor.py:183} INFO - Processing /Users/joaovitor/airflow_env/lib/python3.11/site-packages/airflow/example_dags/example_sensors.py took 0.181 seconds
[2025-11-04T22:55:28.204-0300] {processor.py:161} INFO - Started process (PID=33053) to work on /Users/joaovitor/airflow_env/lib/python3.11/site-packages/airflow/example_dags/example_sensors.py
[2025-11-04T22:55:28.205-0300] {processor.py:830} INFO - Processing file /Users/joaovitor/airflow_env/lib/python3.11/site-packages/airflow/example_dags/example_sensors.py for tasks to queue
[2025-11-04T22:55:28.206-0300] {logging_mixin.py:188} INFO - [2025-11-04T22:55:28.205-0300] {dagbag.py:545} INFO - Filling up the DagBag from /Users/joaovitor/airflow_env/lib/python3.11/site-packages/airflow/example_dags/example_sensors.py
[2025-11-04T22:55:28.223-0300] {processor.py:840} INFO - DAG(s) 'example_sensors' retrieved from /Users/joaovitor/airflow_env/lib/python3.11/site-packages/airflow/example_dags/example_sensors.py
[2025-11-04T22:55:28.361-0300] {logging_mixin.py:188} INFO - [2025-11-04T22:55:28.361-0300] {dag.py:3089} INFO - Sync 1 DAGs
[2025-11-04T22:55:28.375-0300] {logging_mixin.py:188} INFO - [2025-11-04T22:55:28.374-0300] {dag.py:3947} INFO - Setting next_dagrun for example_sensors to None, run_after=None
[2025-11-04T22:55:28.398-0300] {processor.py:183} INFO - Processing /Users/joaovitor/airflow_env/lib/python3.11/site-packages/airflow/example_dags/example_sensors.py took 0.199 seconds
[2025-11-04T22:57:42.290-0300] {processor.py:161} INFO - Started process (PID=33096) to work on /Users/joaovitor/airflow_env/lib/python3.11/site-packages/airflow/example_dags/example_sensors.py
[2025-11-04T22:57:42.291-0300] {processor.py:830} INFO - Processing file /Users/joaovitor/airflow_env/lib/python3.11/site-packages/airflow/example_dags/example_sensors.py for tasks to queue
[2025-11-04T22:57:42.292-0300] {logging_mixin.py:188} INFO - [2025-11-04T22:57:42.292-0300] {dagbag.py:545} INFO - Filling up the DagBag from /Users/joaovitor/airflow_env/lib/python3.11/site-packages/airflow/example_dags/example_sensors.py
[2025-11-04T22:57:42.310-0300] {processor.py:840} INFO - DAG(s) 'example_sensors' retrieved from /Users/joaovitor/airflow_env/lib/python3.11/site-packages/airflow/example_dags/example_sensors.py
[2025-11-04T22:57:42.450-0300] {logging_mixin.py:188} INFO - [2025-11-04T22:57:42.450-0300] {dag.py:3089} INFO - Sync 1 DAGs
[2025-11-04T22:57:42.461-0300] {logging_mixin.py:188} INFO - [2025-11-04T22:57:42.461-0300] {dag.py:3947} INFO - Setting next_dagrun for example_sensors to None, run_after=None
[2025-11-04T22:57:42.486-0300] {processor.py:183} INFO - Processing /Users/joaovitor/airflow_env/lib/python3.11/site-packages/airflow/example_dags/example_sensors.py took 0.199 seconds
[2025-11-04T23:00:01.742-0300] {processor.py:161} INFO - Started process (PID=33143) to work on /Users/joaovitor/airflow_env/lib/python3.11/site-packages/airflow/example_dags/example_sensors.py
[2025-11-04T23:00:01.744-0300] {processor.py:830} INFO - Processing file /Users/joaovitor/airflow_env/lib/python3.11/site-packages/airflow/example_dags/example_sensors.py for tasks to queue
[2025-11-04T23:00:01.746-0300] {logging_mixin.py:188} INFO - [2025-11-04T23:00:01.745-0300] {dagbag.py:545} INFO - Filling up the DagBag from /Users/joaovitor/airflow_env/lib/python3.11/site-packages/airflow/example_dags/example_sensors.py
[2025-11-04T23:00:01.789-0300] {processor.py:840} INFO - DAG(s) 'example_sensors' retrieved from /Users/joaovitor/airflow_env/lib/python3.11/site-packages/airflow/example_dags/example_sensors.py
[2025-11-04T23:00:02.104-0300] {logging_mixin.py:188} INFO - [2025-11-04T23:00:02.104-0300] {dag.py:3089} INFO - Sync 1 DAGs
[2025-11-04T23:00:02.119-0300] {logging_mixin.py:188} INFO - [2025-11-04T23:00:02.118-0300] {dag.py:3947} INFO - Setting next_dagrun for example_sensors to None, run_after=None
[2025-11-04T23:00:02.140-0300] {processor.py:183} INFO - Processing /Users/joaovitor/airflow_env/lib/python3.11/site-packages/airflow/example_dags/example_sensors.py took 0.401 seconds
[2025-11-04T23:02:19.781-0300] {processor.py:161} INFO - Started process (PID=33187) to work on /Users/joaovitor/airflow_env/lib/python3.11/site-packages/airflow/example_dags/example_sensors.py
[2025-11-04T23:02:19.784-0300] {processor.py:830} INFO - Processing file /Users/joaovitor/airflow_env/lib/python3.11/site-packages/airflow/example_dags/example_sensors.py for tasks to queue
[2025-11-04T23:02:19.785-0300] {logging_mixin.py:188} INFO - [2025-11-04T23:02:19.784-0300] {dagbag.py:545} INFO - Filling up the DagBag from /Users/joaovitor/airflow_env/lib/python3.11/site-packages/airflow/example_dags/example_sensors.py
[2025-11-04T23:02:19.821-0300] {processor.py:840} INFO - DAG(s) 'example_sensors' retrieved from /Users/joaovitor/airflow_env/lib/python3.11/site-packages/airflow/example_dags/example_sensors.py
[2025-11-04T23:02:19.961-0300] {logging_mixin.py:188} INFO - [2025-11-04T23:02:19.961-0300] {dag.py:3089} INFO - Sync 1 DAGs
[2025-11-04T23:02:19.973-0300] {logging_mixin.py:188} INFO - [2025-11-04T23:02:19.973-0300] {dag.py:3947} INFO - Setting next_dagrun for example_sensors to None, run_after=None
[2025-11-04T23:02:19.997-0300] {processor.py:183} INFO - Processing /Users/joaovitor/airflow_env/lib/python3.11/site-packages/airflow/example_dags/example_sensors.py took 0.218 seconds
[2025-11-04T23:04:39.075-0300] {processor.py:161} INFO - Started process (PID=33261) to work on /Users/joaovitor/airflow_env/lib/python3.11/site-packages/airflow/example_dags/example_sensors.py
[2025-11-04T23:04:39.077-0300] {processor.py:830} INFO - Processing file /Users/joaovitor/airflow_env/lib/python3.11/site-packages/airflow/example_dags/example_sensors.py for tasks to queue
[2025-11-04T23:04:39.078-0300] {logging_mixin.py:188} INFO - [2025-11-04T23:04:39.078-0300] {dagbag.py:545} INFO - Filling up the DagBag from /Users/joaovitor/airflow_env/lib/python3.11/site-packages/airflow/example_dags/example_sensors.py
[2025-11-04T23:04:39.112-0300] {processor.py:840} INFO - DAG(s) 'example_sensors' retrieved from /Users/joaovitor/airflow_env/lib/python3.11/site-packages/airflow/example_dags/example_sensors.py
[2025-11-04T23:04:39.248-0300] {logging_mixin.py:188} INFO - [2025-11-04T23:04:39.247-0300] {dag.py:3089} INFO - Sync 1 DAGs
[2025-11-04T23:04:39.263-0300] {logging_mixin.py:188} INFO - [2025-11-04T23:04:39.263-0300] {dag.py:3947} INFO - Setting next_dagrun for example_sensors to None, run_after=None
[2025-11-04T23:04:39.284-0300] {processor.py:183} INFO - Processing /Users/joaovitor/airflow_env/lib/python3.11/site-packages/airflow/example_dags/example_sensors.py took 0.212 seconds
