[2025-11-04T21:48:12.639-0300] {processor.py:161} INFO - Started process (PID=31119) to work on /Users/joaovitor/airflow_env/lib/python3.11/site-packages/airflow/example_dags/example_branch_day_of_week_operator.py
[2025-11-04T21:48:12.642-0300] {processor.py:830} INFO - Processing file /Users/joaovitor/airflow_env/lib/python3.11/site-packages/airflow/example_dags/example_branch_day_of_week_operator.py for tasks to queue
[2025-11-04T21:48:12.642-0300] {logging_mixin.py:188} INFO - [2025-11-04T21:48:12.642-0300] {dagbag.py:545} INFO - Filling up the DagBag from /Users/joaovitor/airflow_env/lib/python3.11/site-packages/airflow/example_dags/example_branch_day_of_week_operator.py
[2025-11-04T21:48:12.654-0300] {processor.py:840} INFO - DAG(s) 'example_weekday_branch_operator' retrieved from /Users/joaovitor/airflow_env/lib/python3.11/site-packages/airflow/example_dags/example_branch_day_of_week_operator.py
[2025-11-04T21:48:12.902-0300] {logging_mixin.py:188} INFO - [2025-11-04T21:48:12.901-0300] {override.py:1858} INFO - Created Permission View: can read on DAG:example_weekday_branch_operator
[2025-11-04T21:48:12.917-0300] {logging_mixin.py:188} INFO - [2025-11-04T21:48:12.917-0300] {override.py:1858} INFO - Created Permission View: can edit on DAG:example_weekday_branch_operator
[2025-11-04T21:48:12.927-0300] {logging_mixin.py:188} INFO - [2025-11-04T21:48:12.926-0300] {override.py:1858} INFO - Created Permission View: can delete on DAG:example_weekday_branch_operator
[2025-11-04T21:48:12.927-0300] {logging_mixin.py:188} INFO - [2025-11-04T21:48:12.927-0300] {dag.py:3089} INFO - Sync 1 DAGs
[2025-11-04T21:48:12.961-0300] {logging_mixin.py:188} INFO - [2025-11-04T21:48:12.961-0300] {dag.py:3111} INFO - Creating ORM DAG for example_weekday_branch_operator
[2025-11-04T21:48:12.982-0300] {logging_mixin.py:188} INFO - [2025-11-04T21:48:12.982-0300] {dag.py:3947} INFO - Setting next_dagrun for example_weekday_branch_operator to 2025-11-04 00:00:00+00:00, run_after=2025-11-05 00:00:00+00:00
[2025-11-04T21:48:13.018-0300] {processor.py:183} INFO - Processing /Users/joaovitor/airflow_env/lib/python3.11/site-packages/airflow/example_dags/example_branch_day_of_week_operator.py took 0.383 seconds
[2025-11-04T21:52:41.297-0300] {processor.py:161} INFO - Started process (PID=31250) to work on /Users/joaovitor/airflow_env/lib/python3.11/site-packages/airflow/example_dags/example_branch_day_of_week_operator.py
[2025-11-04T21:52:41.299-0300] {processor.py:830} INFO - Processing file /Users/joaovitor/airflow_env/lib/python3.11/site-packages/airflow/example_dags/example_branch_day_of_week_operator.py for tasks to queue
[2025-11-04T21:52:41.300-0300] {logging_mixin.py:188} INFO - [2025-11-04T21:52:41.300-0300] {dagbag.py:545} INFO - Filling up the DagBag from /Users/joaovitor/airflow_env/lib/python3.11/site-packages/airflow/example_dags/example_branch_day_of_week_operator.py
[2025-11-04T21:52:41.312-0300] {processor.py:840} INFO - DAG(s) 'example_weekday_branch_operator' retrieved from /Users/joaovitor/airflow_env/lib/python3.11/site-packages/airflow/example_dags/example_branch_day_of_week_operator.py
[2025-11-04T21:52:41.426-0300] {logging_mixin.py:188} INFO - [2025-11-04T21:52:41.426-0300] {dag.py:3089} INFO - Sync 1 DAGs
[2025-11-04T21:52:41.445-0300] {logging_mixin.py:188} INFO - [2025-11-04T21:52:41.445-0300] {dag.py:3947} INFO - Setting next_dagrun for example_weekday_branch_operator to 2025-11-04 00:00:00+00:00, run_after=2025-11-05 00:00:00+00:00
[2025-11-04T21:52:41.475-0300] {processor.py:183} INFO - Processing /Users/joaovitor/airflow_env/lib/python3.11/site-packages/airflow/example_dags/example_branch_day_of_week_operator.py took 0.181 seconds
[2025-11-04T21:56:24.082-0300] {processor.py:161} INFO - Started process (PID=31332) to work on /Users/joaovitor/airflow_env/lib/python3.11/site-packages/airflow/example_dags/example_branch_day_of_week_operator.py
[2025-11-04T21:56:24.083-0300] {processor.py:830} INFO - Processing file /Users/joaovitor/airflow_env/lib/python3.11/site-packages/airflow/example_dags/example_branch_day_of_week_operator.py for tasks to queue
[2025-11-04T21:56:24.084-0300] {logging_mixin.py:188} INFO - [2025-11-04T21:56:24.084-0300] {dagbag.py:545} INFO - Filling up the DagBag from /Users/joaovitor/airflow_env/lib/python3.11/site-packages/airflow/example_dags/example_branch_day_of_week_operator.py
[2025-11-04T21:56:24.096-0300] {processor.py:840} INFO - DAG(s) 'example_weekday_branch_operator' retrieved from /Users/joaovitor/airflow_env/lib/python3.11/site-packages/airflow/example_dags/example_branch_day_of_week_operator.py
[2025-11-04T21:56:24.212-0300] {logging_mixin.py:188} INFO - [2025-11-04T21:56:24.211-0300] {dag.py:3089} INFO - Sync 1 DAGs
[2025-11-04T21:56:24.230-0300] {logging_mixin.py:188} INFO - [2025-11-04T21:56:24.230-0300] {dag.py:3947} INFO - Setting next_dagrun for example_weekday_branch_operator to 2025-11-04 00:00:00+00:00, run_after=2025-11-05 00:00:00+00:00
[2025-11-04T21:56:24.252-0300] {processor.py:183} INFO - Processing /Users/joaovitor/airflow_env/lib/python3.11/site-packages/airflow/example_dags/example_branch_day_of_week_operator.py took 0.173 seconds
[2025-11-04T22:00:10.386-0300] {processor.py:161} INFO - Started process (PID=31411) to work on /Users/joaovitor/airflow_env/lib/python3.11/site-packages/airflow/example_dags/example_branch_day_of_week_operator.py
[2025-11-04T22:00:10.387-0300] {processor.py:830} INFO - Processing file /Users/joaovitor/airflow_env/lib/python3.11/site-packages/airflow/example_dags/example_branch_day_of_week_operator.py for tasks to queue
[2025-11-04T22:00:10.388-0300] {logging_mixin.py:188} INFO - [2025-11-04T22:00:10.388-0300] {dagbag.py:545} INFO - Filling up the DagBag from /Users/joaovitor/airflow_env/lib/python3.11/site-packages/airflow/example_dags/example_branch_day_of_week_operator.py
[2025-11-04T22:00:10.398-0300] {processor.py:840} INFO - DAG(s) 'example_weekday_branch_operator' retrieved from /Users/joaovitor/airflow_env/lib/python3.11/site-packages/airflow/example_dags/example_branch_day_of_week_operator.py
[2025-11-04T22:00:10.504-0300] {logging_mixin.py:188} INFO - [2025-11-04T22:00:10.503-0300] {dag.py:3089} INFO - Sync 1 DAGs
[2025-11-04T22:00:10.522-0300] {logging_mixin.py:188} INFO - [2025-11-04T22:00:10.522-0300] {dag.py:3947} INFO - Setting next_dagrun for example_weekday_branch_operator to 2025-11-04 00:00:00+00:00, run_after=2025-11-05 00:00:00+00:00
[2025-11-04T22:00:10.551-0300] {processor.py:183} INFO - Processing /Users/joaovitor/airflow_env/lib/python3.11/site-packages/airflow/example_dags/example_branch_day_of_week_operator.py took 0.167 seconds
[2025-11-04T22:07:42.538-0300] {processor.py:161} INFO - Started process (PID=31528) to work on /Users/joaovitor/airflow_env/lib/python3.11/site-packages/airflow/example_dags/example_branch_day_of_week_operator.py
[2025-11-04T22:07:42.539-0300] {processor.py:830} INFO - Processing file /Users/joaovitor/airflow_env/lib/python3.11/site-packages/airflow/example_dags/example_branch_day_of_week_operator.py for tasks to queue
[2025-11-04T22:07:42.540-0300] {logging_mixin.py:188} INFO - [2025-11-04T22:07:42.540-0300] {dagbag.py:545} INFO - Filling up the DagBag from /Users/joaovitor/airflow_env/lib/python3.11/site-packages/airflow/example_dags/example_branch_day_of_week_operator.py
[2025-11-04T22:07:42.551-0300] {processor.py:840} INFO - DAG(s) 'example_weekday_branch_operator' retrieved from /Users/joaovitor/airflow_env/lib/python3.11/site-packages/airflow/example_dags/example_branch_day_of_week_operator.py
[2025-11-04T22:07:42.657-0300] {logging_mixin.py:188} INFO - [2025-11-04T22:07:42.656-0300] {dag.py:3089} INFO - Sync 1 DAGs
[2025-11-04T22:07:42.674-0300] {logging_mixin.py:188} INFO - [2025-11-04T22:07:42.674-0300] {dag.py:3947} INFO - Setting next_dagrun for example_weekday_branch_operator to 2025-11-04 00:00:00+00:00, run_after=2025-11-05 00:00:00+00:00
[2025-11-04T22:07:42.704-0300] {processor.py:183} INFO - Processing /Users/joaovitor/airflow_env/lib/python3.11/site-packages/airflow/example_dags/example_branch_day_of_week_operator.py took 0.175 seconds
[2025-11-04T22:11:30.947-0300] {processor.py:161} INFO - Started process (PID=31620) to work on /Users/joaovitor/airflow_env/lib/python3.11/site-packages/airflow/example_dags/example_branch_day_of_week_operator.py
[2025-11-04T22:11:30.948-0300] {processor.py:830} INFO - Processing file /Users/joaovitor/airflow_env/lib/python3.11/site-packages/airflow/example_dags/example_branch_day_of_week_operator.py for tasks to queue
[2025-11-04T22:11:30.949-0300] {logging_mixin.py:188} INFO - [2025-11-04T22:11:30.949-0300] {dagbag.py:545} INFO - Filling up the DagBag from /Users/joaovitor/airflow_env/lib/python3.11/site-packages/airflow/example_dags/example_branch_day_of_week_operator.py
[2025-11-04T22:11:30.961-0300] {processor.py:840} INFO - DAG(s) 'example_weekday_branch_operator' retrieved from /Users/joaovitor/airflow_env/lib/python3.11/site-packages/airflow/example_dags/example_branch_day_of_week_operator.py
[2025-11-04T22:11:31.074-0300] {logging_mixin.py:188} INFO - [2025-11-04T22:11:31.073-0300] {dag.py:3089} INFO - Sync 1 DAGs
[2025-11-04T22:11:31.092-0300] {logging_mixin.py:188} INFO - [2025-11-04T22:11:31.092-0300] {dag.py:3947} INFO - Setting next_dagrun for example_weekday_branch_operator to 2025-11-04 00:00:00+00:00, run_after=2025-11-05 00:00:00+00:00
[2025-11-04T22:11:31.115-0300] {processor.py:183} INFO - Processing /Users/joaovitor/airflow_env/lib/python3.11/site-packages/airflow/example_dags/example_branch_day_of_week_operator.py took 0.171 seconds
[2025-11-04T22:15:44.620-0300] {processor.py:161} INFO - Started process (PID=31729) to work on /Users/joaovitor/airflow_env/lib/python3.11/site-packages/airflow/example_dags/example_branch_day_of_week_operator.py
[2025-11-04T22:15:44.622-0300] {processor.py:830} INFO - Processing file /Users/joaovitor/airflow_env/lib/python3.11/site-packages/airflow/example_dags/example_branch_day_of_week_operator.py for tasks to queue
[2025-11-04T22:15:44.622-0300] {logging_mixin.py:188} INFO - [2025-11-04T22:15:44.622-0300] {dagbag.py:545} INFO - Filling up the DagBag from /Users/joaovitor/airflow_env/lib/python3.11/site-packages/airflow/example_dags/example_branch_day_of_week_operator.py
[2025-11-04T22:15:44.633-0300] {processor.py:840} INFO - DAG(s) 'example_weekday_branch_operator' retrieved from /Users/joaovitor/airflow_env/lib/python3.11/site-packages/airflow/example_dags/example_branch_day_of_week_operator.py
[2025-11-04T22:15:44.754-0300] {logging_mixin.py:188} INFO - [2025-11-04T22:15:44.754-0300] {dag.py:3089} INFO - Sync 1 DAGs
[2025-11-04T22:15:44.774-0300] {logging_mixin.py:188} INFO - [2025-11-04T22:15:44.773-0300] {dag.py:3947} INFO - Setting next_dagrun for example_weekday_branch_operator to 2025-11-04 00:00:00+00:00, run_after=2025-11-05 00:00:00+00:00
[2025-11-04T22:15:44.797-0300] {processor.py:183} INFO - Processing /Users/joaovitor/airflow_env/lib/python3.11/site-packages/airflow/example_dags/example_branch_day_of_week_operator.py took 0.180 seconds
[2025-11-04T22:19:41.601-0300] {processor.py:161} INFO - Started process (PID=31817) to work on /Users/joaovitor/airflow_env/lib/python3.11/site-packages/airflow/example_dags/example_branch_day_of_week_operator.py
[2025-11-04T22:19:41.603-0300] {processor.py:830} INFO - Processing file /Users/joaovitor/airflow_env/lib/python3.11/site-packages/airflow/example_dags/example_branch_day_of_week_operator.py for tasks to queue
[2025-11-04T22:19:41.605-0300] {logging_mixin.py:188} INFO - [2025-11-04T22:19:41.604-0300] {dagbag.py:545} INFO - Filling up the DagBag from /Users/joaovitor/airflow_env/lib/python3.11/site-packages/airflow/example_dags/example_branch_day_of_week_operator.py
[2025-11-04T22:19:41.624-0300] {processor.py:840} INFO - DAG(s) 'example_weekday_branch_operator' retrieved from /Users/joaovitor/airflow_env/lib/python3.11/site-packages/airflow/example_dags/example_branch_day_of_week_operator.py
[2025-11-04T22:19:41.728-0300] {logging_mixin.py:188} INFO - [2025-11-04T22:19:41.727-0300] {dag.py:3089} INFO - Sync 1 DAGs
[2025-11-04T22:19:41.746-0300] {logging_mixin.py:188} INFO - [2025-11-04T22:19:41.746-0300] {dag.py:3947} INFO - Setting next_dagrun for example_weekday_branch_operator to 2025-11-04 00:00:00+00:00, run_after=2025-11-05 00:00:00+00:00
[2025-11-04T22:19:41.769-0300] {processor.py:183} INFO - Processing /Users/joaovitor/airflow_env/lib/python3.11/site-packages/airflow/example_dags/example_branch_day_of_week_operator.py took 0.170 seconds
[2025-11-04T22:23:52.675-0300] {processor.py:161} INFO - Started process (PID=31957) to work on /Users/joaovitor/airflow_env/lib/python3.11/site-packages/airflow/example_dags/example_branch_day_of_week_operator.py
[2025-11-04T22:23:52.677-0300] {processor.py:830} INFO - Processing file /Users/joaovitor/airflow_env/lib/python3.11/site-packages/airflow/example_dags/example_branch_day_of_week_operator.py for tasks to queue
[2025-11-04T22:23:52.678-0300] {logging_mixin.py:188} INFO - [2025-11-04T22:23:52.678-0300] {dagbag.py:545} INFO - Filling up the DagBag from /Users/joaovitor/airflow_env/lib/python3.11/site-packages/airflow/example_dags/example_branch_day_of_week_operator.py
[2025-11-04T22:23:52.692-0300] {processor.py:840} INFO - DAG(s) 'example_weekday_branch_operator' retrieved from /Users/joaovitor/airflow_env/lib/python3.11/site-packages/airflow/example_dags/example_branch_day_of_week_operator.py
[2025-11-04T22:23:52.817-0300] {logging_mixin.py:188} INFO - [2025-11-04T22:23:52.816-0300] {dag.py:3089} INFO - Sync 1 DAGs
[2025-11-04T22:23:52.839-0300] {logging_mixin.py:188} INFO - [2025-11-04T22:23:52.838-0300] {dag.py:3947} INFO - Setting next_dagrun for example_weekday_branch_operator to 2025-11-04 00:00:00+00:00, run_after=2025-11-05 00:00:00+00:00
[2025-11-04T22:23:52.868-0300] {processor.py:183} INFO - Processing /Users/joaovitor/airflow_env/lib/python3.11/site-packages/airflow/example_dags/example_branch_day_of_week_operator.py took 0.196 seconds
[2025-11-04T22:28:09.073-0300] {processor.py:161} INFO - Started process (PID=32041) to work on /Users/joaovitor/airflow_env/lib/python3.11/site-packages/airflow/example_dags/example_branch_day_of_week_operator.py
[2025-11-04T22:28:09.074-0300] {processor.py:830} INFO - Processing file /Users/joaovitor/airflow_env/lib/python3.11/site-packages/airflow/example_dags/example_branch_day_of_week_operator.py for tasks to queue
[2025-11-04T22:28:09.074-0300] {logging_mixin.py:188} INFO - [2025-11-04T22:28:09.074-0300] {dagbag.py:545} INFO - Filling up the DagBag from /Users/joaovitor/airflow_env/lib/python3.11/site-packages/airflow/example_dags/example_branch_day_of_week_operator.py
[2025-11-04T22:28:09.087-0300] {processor.py:840} INFO - DAG(s) 'example_weekday_branch_operator' retrieved from /Users/joaovitor/airflow_env/lib/python3.11/site-packages/airflow/example_dags/example_branch_day_of_week_operator.py
[2025-11-04T22:28:09.208-0300] {logging_mixin.py:188} INFO - [2025-11-04T22:28:09.208-0300] {dag.py:3089} INFO - Sync 1 DAGs
[2025-11-04T22:28:09.228-0300] {logging_mixin.py:188} INFO - [2025-11-04T22:28:09.227-0300] {dag.py:3947} INFO - Setting next_dagrun for example_weekday_branch_operator to 2025-11-04 00:00:00+00:00, run_after=2025-11-05 00:00:00+00:00
[2025-11-04T22:28:09.253-0300] {processor.py:183} INFO - Processing /Users/joaovitor/airflow_env/lib/python3.11/site-packages/airflow/example_dags/example_branch_day_of_week_operator.py took 0.184 seconds
[2025-11-04T22:33:03.655-0300] {processor.py:161} INFO - Started process (PID=32229) to work on /Users/joaovitor/airflow_env/lib/python3.11/site-packages/airflow/example_dags/example_branch_day_of_week_operator.py
[2025-11-04T22:33:03.657-0300] {processor.py:830} INFO - Processing file /Users/joaovitor/airflow_env/lib/python3.11/site-packages/airflow/example_dags/example_branch_day_of_week_operator.py for tasks to queue
[2025-11-04T22:33:03.658-0300] {logging_mixin.py:188} INFO - [2025-11-04T22:33:03.658-0300] {dagbag.py:545} INFO - Filling up the DagBag from /Users/joaovitor/airflow_env/lib/python3.11/site-packages/airflow/example_dags/example_branch_day_of_week_operator.py
[2025-11-04T22:33:03.691-0300] {processor.py:840} INFO - DAG(s) 'example_weekday_branch_operator' retrieved from /Users/joaovitor/airflow_env/lib/python3.11/site-packages/airflow/example_dags/example_branch_day_of_week_operator.py
[2025-11-04T22:33:03.905-0300] {logging_mixin.py:188} INFO - [2025-11-04T22:33:03.904-0300] {dag.py:3089} INFO - Sync 1 DAGs
[2025-11-04T22:33:03.922-0300] {logging_mixin.py:188} INFO - [2025-11-04T22:33:03.921-0300] {dag.py:3947} INFO - Setting next_dagrun for example_weekday_branch_operator to 2025-11-04 00:00:00+00:00, run_after=2025-11-05 00:00:00+00:00
[2025-11-04T22:33:03.945-0300] {processor.py:183} INFO - Processing /Users/joaovitor/airflow_env/lib/python3.11/site-packages/airflow/example_dags/example_branch_day_of_week_operator.py took 0.293 seconds
[2025-11-04T22:37:42.497-0300] {processor.py:161} INFO - Started process (PID=32634) to work on /Users/joaovitor/airflow_env/lib/python3.11/site-packages/airflow/example_dags/example_branch_day_of_week_operator.py
[2025-11-04T22:37:42.499-0300] {processor.py:830} INFO - Processing file /Users/joaovitor/airflow_env/lib/python3.11/site-packages/airflow/example_dags/example_branch_day_of_week_operator.py for tasks to queue
[2025-11-04T22:37:42.504-0300] {logging_mixin.py:188} INFO - [2025-11-04T22:37:42.503-0300] {dagbag.py:545} INFO - Filling up the DagBag from /Users/joaovitor/airflow_env/lib/python3.11/site-packages/airflow/example_dags/example_branch_day_of_week_operator.py
[2025-11-04T22:37:42.655-0300] {processor.py:840} INFO - DAG(s) 'example_weekday_branch_operator' retrieved from /Users/joaovitor/airflow_env/lib/python3.11/site-packages/airflow/example_dags/example_branch_day_of_week_operator.py
[2025-11-04T22:37:43.138-0300] {logging_mixin.py:188} INFO - [2025-11-04T22:37:43.137-0300] {dag.py:3089} INFO - Sync 1 DAGs
[2025-11-04T22:37:43.158-0300] {logging_mixin.py:188} INFO - [2025-11-04T22:37:43.158-0300] {dag.py:3947} INFO - Setting next_dagrun for example_weekday_branch_operator to 2025-11-04 00:00:00+00:00, run_after=2025-11-05 00:00:00+00:00
[2025-11-04T22:37:43.180-0300] {processor.py:183} INFO - Processing /Users/joaovitor/airflow_env/lib/python3.11/site-packages/airflow/example_dags/example_branch_day_of_week_operator.py took 0.688 seconds
[2025-11-04T22:42:36.182-0300] {processor.py:161} INFO - Started process (PID=32746) to work on /Users/joaovitor/airflow_env/lib/python3.11/site-packages/airflow/example_dags/example_branch_day_of_week_operator.py
[2025-11-04T22:42:36.184-0300] {processor.py:830} INFO - Processing file /Users/joaovitor/airflow_env/lib/python3.11/site-packages/airflow/example_dags/example_branch_day_of_week_operator.py for tasks to queue
[2025-11-04T22:42:36.186-0300] {logging_mixin.py:188} INFO - [2025-11-04T22:42:36.186-0300] {dagbag.py:545} INFO - Filling up the DagBag from /Users/joaovitor/airflow_env/lib/python3.11/site-packages/airflow/example_dags/example_branch_day_of_week_operator.py
[2025-11-04T22:42:36.201-0300] {processor.py:840} INFO - DAG(s) 'example_weekday_branch_operator' retrieved from /Users/joaovitor/airflow_env/lib/python3.11/site-packages/airflow/example_dags/example_branch_day_of_week_operator.py
[2025-11-04T22:42:36.319-0300] {logging_mixin.py:188} INFO - [2025-11-04T22:42:36.318-0300] {dag.py:3089} INFO - Sync 1 DAGs
[2025-11-04T22:42:36.346-0300] {logging_mixin.py:188} INFO - [2025-11-04T22:42:36.345-0300] {dag.py:3947} INFO - Setting next_dagrun for example_weekday_branch_operator to 2025-11-04 00:00:00+00:00, run_after=2025-11-05 00:00:00+00:00
[2025-11-04T22:42:36.368-0300] {processor.py:183} INFO - Processing /Users/joaovitor/airflow_env/lib/python3.11/site-packages/airflow/example_dags/example_branch_day_of_week_operator.py took 0.189 seconds
[2025-11-04T22:47:04.328-0300] {processor.py:161} INFO - Started process (PID=32852) to work on /Users/joaovitor/airflow_env/lib/python3.11/site-packages/airflow/example_dags/example_branch_day_of_week_operator.py
[2025-11-04T22:47:04.329-0300] {processor.py:830} INFO - Processing file /Users/joaovitor/airflow_env/lib/python3.11/site-packages/airflow/example_dags/example_branch_day_of_week_operator.py for tasks to queue
[2025-11-04T22:47:04.330-0300] {logging_mixin.py:188} INFO - [2025-11-04T22:47:04.329-0300] {dagbag.py:545} INFO - Filling up the DagBag from /Users/joaovitor/airflow_env/lib/python3.11/site-packages/airflow/example_dags/example_branch_day_of_week_operator.py
[2025-11-04T22:47:04.343-0300] {processor.py:840} INFO - DAG(s) 'example_weekday_branch_operator' retrieved from /Users/joaovitor/airflow_env/lib/python3.11/site-packages/airflow/example_dags/example_branch_day_of_week_operator.py
[2025-11-04T22:47:04.457-0300] {logging_mixin.py:188} INFO - [2025-11-04T22:47:04.457-0300] {dag.py:3089} INFO - Sync 1 DAGs
[2025-11-04T22:47:04.476-0300] {logging_mixin.py:188} INFO - [2025-11-04T22:47:04.476-0300] {dag.py:3947} INFO - Setting next_dagrun for example_weekday_branch_operator to 2025-11-04 00:00:00+00:00, run_after=2025-11-05 00:00:00+00:00
[2025-11-04T22:47:04.498-0300] {processor.py:183} INFO - Processing /Users/joaovitor/airflow_env/lib/python3.11/site-packages/airflow/example_dags/example_branch_day_of_week_operator.py took 0.172 seconds
[2025-11-04T22:51:29.683-0300] {processor.py:161} INFO - Started process (PID=32968) to work on /Users/joaovitor/airflow_env/lib/python3.11/site-packages/airflow/example_dags/example_branch_day_of_week_operator.py
[2025-11-04T22:51:29.685-0300] {processor.py:830} INFO - Processing file /Users/joaovitor/airflow_env/lib/python3.11/site-packages/airflow/example_dags/example_branch_day_of_week_operator.py for tasks to queue
[2025-11-04T22:51:29.686-0300] {logging_mixin.py:188} INFO - [2025-11-04T22:51:29.686-0300] {dagbag.py:545} INFO - Filling up the DagBag from /Users/joaovitor/airflow_env/lib/python3.11/site-packages/airflow/example_dags/example_branch_day_of_week_operator.py
[2025-11-04T22:51:29.700-0300] {processor.py:840} INFO - DAG(s) 'example_weekday_branch_operator' retrieved from /Users/joaovitor/airflow_env/lib/python3.11/site-packages/airflow/example_dags/example_branch_day_of_week_operator.py
[2025-11-04T22:51:29.828-0300] {logging_mixin.py:188} INFO - [2025-11-04T22:51:29.828-0300] {dag.py:3089} INFO - Sync 1 DAGs
[2025-11-04T22:51:29.853-0300] {logging_mixin.py:188} INFO - [2025-11-04T22:51:29.853-0300] {dag.py:3947} INFO - Setting next_dagrun for example_weekday_branch_operator to 2025-11-04 00:00:00+00:00, run_after=2025-11-05 00:00:00+00:00
[2025-11-04T22:51:29.878-0300] {processor.py:183} INFO - Processing /Users/joaovitor/airflow_env/lib/python3.11/site-packages/airflow/example_dags/example_branch_day_of_week_operator.py took 0.198 seconds
[2025-11-04T22:56:11.385-0300] {processor.py:161} INFO - Started process (PID=33067) to work on /Users/joaovitor/airflow_env/lib/python3.11/site-packages/airflow/example_dags/example_branch_day_of_week_operator.py
[2025-11-04T22:56:11.387-0300] {processor.py:830} INFO - Processing file /Users/joaovitor/airflow_env/lib/python3.11/site-packages/airflow/example_dags/example_branch_day_of_week_operator.py for tasks to queue
[2025-11-04T22:56:11.388-0300] {logging_mixin.py:188} INFO - [2025-11-04T22:56:11.388-0300] {dagbag.py:545} INFO - Filling up the DagBag from /Users/joaovitor/airflow_env/lib/python3.11/site-packages/airflow/example_dags/example_branch_day_of_week_operator.py
[2025-11-04T22:56:11.402-0300] {processor.py:840} INFO - DAG(s) 'example_weekday_branch_operator' retrieved from /Users/joaovitor/airflow_env/lib/python3.11/site-packages/airflow/example_dags/example_branch_day_of_week_operator.py
[2025-11-04T22:56:11.525-0300] {logging_mixin.py:188} INFO - [2025-11-04T22:56:11.525-0300] {dag.py:3089} INFO - Sync 1 DAGs
[2025-11-04T22:56:11.545-0300] {logging_mixin.py:188} INFO - [2025-11-04T22:56:11.545-0300] {dag.py:3947} INFO - Setting next_dagrun for example_weekday_branch_operator to 2025-11-04 00:00:00+00:00, run_after=2025-11-05 00:00:00+00:00
[2025-11-04T22:56:11.566-0300] {processor.py:183} INFO - Processing /Users/joaovitor/airflow_env/lib/python3.11/site-packages/airflow/example_dags/example_branch_day_of_week_operator.py took 0.185 seconds
[2025-11-04T23:00:46.951-0300] {processor.py:161} INFO - Started process (PID=33158) to work on /Users/joaovitor/airflow_env/lib/python3.11/site-packages/airflow/example_dags/example_branch_day_of_week_operator.py
[2025-11-04T23:00:46.953-0300] {processor.py:830} INFO - Processing file /Users/joaovitor/airflow_env/lib/python3.11/site-packages/airflow/example_dags/example_branch_day_of_week_operator.py for tasks to queue
[2025-11-04T23:00:46.954-0300] {logging_mixin.py:188} INFO - [2025-11-04T23:00:46.953-0300] {dagbag.py:545} INFO - Filling up the DagBag from /Users/joaovitor/airflow_env/lib/python3.11/site-packages/airflow/example_dags/example_branch_day_of_week_operator.py
[2025-11-04T23:00:46.972-0300] {processor.py:840} INFO - DAG(s) 'example_weekday_branch_operator' retrieved from /Users/joaovitor/airflow_env/lib/python3.11/site-packages/airflow/example_dags/example_branch_day_of_week_operator.py
[2025-11-04T23:00:47.138-0300] {logging_mixin.py:188} INFO - [2025-11-04T23:00:47.138-0300] {dag.py:3089} INFO - Sync 1 DAGs
[2025-11-04T23:00:47.164-0300] {logging_mixin.py:188} INFO - [2025-11-04T23:00:47.164-0300] {dag.py:3947} INFO - Setting next_dagrun for example_weekday_branch_operator to 2025-11-04 00:00:00+00:00, run_after=2025-11-05 00:00:00+00:00
[2025-11-04T23:00:47.191-0300] {processor.py:183} INFO - Processing /Users/joaovitor/airflow_env/lib/python3.11/site-packages/airflow/example_dags/example_branch_day_of_week_operator.py took 0.244 seconds
