[2025-11-04T21:47:28.465-0300] {processor.py:161} INFO - Started process (PID=31099) to work on /Users/joaovitor/airflow_env/lib/python3.11/site-packages/airflow/example_dags/example_kubernetes_executor.py
[2025-11-04T21:47:28.466-0300] {processor.py:830} INFO - Processing file /Users/joaovitor/airflow_env/lib/python3.11/site-packages/airflow/example_dags/example_kubernetes_executor.py for tasks to queue
[2025-11-04T21:47:28.467-0300] {logging_mixin.py:188} INFO - [2025-11-04T21:47:28.467-0300] {dagbag.py:545} INFO - Filling up the DagBag from /Users/joaovitor/airflow_env/lib/python3.11/site-packages/airflow/example_dags/example_kubernetes_executor.py
[2025-11-04T21:47:28.525-0300] {logging_mixin.py:188} INFO - [2025-11-04T21:47:28.524-0300] {example_kubernetes_executor.py:39} WARNING - The example_kubernetes_executor example DAG requires the kubernetes provider. Please install it with: pip install apache-airflow[cncf.kubernetes]
[2025-11-04T21:47:28.525-0300] {processor.py:842} WARNING - No viable dags retrieved from /Users/joaovitor/airflow_env/lib/python3.11/site-packages/airflow/example_dags/example_kubernetes_executor.py
[2025-11-04T21:47:28.613-0300] {processor.py:183} INFO - Processing /Users/joaovitor/airflow_env/lib/python3.11/site-packages/airflow/example_dags/example_kubernetes_executor.py took 0.152 seconds
[2025-11-04T21:50:33.228-0300] {processor.py:161} INFO - Started process (PID=31204) to work on /Users/joaovitor/airflow_env/lib/python3.11/site-packages/airflow/example_dags/example_kubernetes_executor.py
[2025-11-04T21:50:33.230-0300] {processor.py:830} INFO - Processing file /Users/joaovitor/airflow_env/lib/python3.11/site-packages/airflow/example_dags/example_kubernetes_executor.py for tasks to queue
[2025-11-04T21:50:33.231-0300] {logging_mixin.py:188} INFO - [2025-11-04T21:50:33.231-0300] {dagbag.py:545} INFO - Filling up the DagBag from /Users/joaovitor/airflow_env/lib/python3.11/site-packages/airflow/example_dags/example_kubernetes_executor.py
[2025-11-04T21:50:33.264-0300] {logging_mixin.py:188} INFO - [2025-11-04T21:50:33.264-0300] {example_kubernetes_executor.py:39} WARNING - The example_kubernetes_executor example DAG requires the kubernetes provider. Please install it with: pip install apache-airflow[cncf.kubernetes]
[2025-11-04T21:50:33.264-0300] {processor.py:842} WARNING - No viable dags retrieved from /Users/joaovitor/airflow_env/lib/python3.11/site-packages/airflow/example_dags/example_kubernetes_executor.py
[2025-11-04T21:50:33.345-0300] {processor.py:183} INFO - Processing /Users/joaovitor/airflow_env/lib/python3.11/site-packages/airflow/example_dags/example_kubernetes_executor.py took 0.120 seconds
[2025-11-04T21:54:23.560-0300] {processor.py:161} INFO - Started process (PID=31287) to work on /Users/joaovitor/airflow_env/lib/python3.11/site-packages/airflow/example_dags/example_kubernetes_executor.py
[2025-11-04T21:54:23.561-0300] {processor.py:830} INFO - Processing file /Users/joaovitor/airflow_env/lib/python3.11/site-packages/airflow/example_dags/example_kubernetes_executor.py for tasks to queue
[2025-11-04T21:54:23.562-0300] {logging_mixin.py:188} INFO - [2025-11-04T21:54:23.562-0300] {dagbag.py:545} INFO - Filling up the DagBag from /Users/joaovitor/airflow_env/lib/python3.11/site-packages/airflow/example_dags/example_kubernetes_executor.py
[2025-11-04T21:54:23.599-0300] {logging_mixin.py:188} INFO - [2025-11-04T21:54:23.598-0300] {example_kubernetes_executor.py:39} WARNING - The example_kubernetes_executor example DAG requires the kubernetes provider. Please install it with: pip install apache-airflow[cncf.kubernetes]
[2025-11-04T21:54:23.599-0300] {processor.py:842} WARNING - No viable dags retrieved from /Users/joaovitor/airflow_env/lib/python3.11/site-packages/airflow/example_dags/example_kubernetes_executor.py
[2025-11-04T21:54:23.690-0300] {processor.py:183} INFO - Processing /Users/joaovitor/airflow_env/lib/python3.11/site-packages/airflow/example_dags/example_kubernetes_executor.py took 0.134 seconds
[2025-11-04T21:58:04.111-0300] {processor.py:161} INFO - Started process (PID=31367) to work on /Users/joaovitor/airflow_env/lib/python3.11/site-packages/airflow/example_dags/example_kubernetes_executor.py
[2025-11-04T21:58:04.112-0300] {processor.py:830} INFO - Processing file /Users/joaovitor/airflow_env/lib/python3.11/site-packages/airflow/example_dags/example_kubernetes_executor.py for tasks to queue
[2025-11-04T21:58:04.113-0300] {logging_mixin.py:188} INFO - [2025-11-04T21:58:04.113-0300] {dagbag.py:545} INFO - Filling up the DagBag from /Users/joaovitor/airflow_env/lib/python3.11/site-packages/airflow/example_dags/example_kubernetes_executor.py
[2025-11-04T21:58:04.147-0300] {logging_mixin.py:188} INFO - [2025-11-04T21:58:04.147-0300] {example_kubernetes_executor.py:39} WARNING - The example_kubernetes_executor example DAG requires the kubernetes provider. Please install it with: pip install apache-airflow[cncf.kubernetes]
[2025-11-04T21:58:04.147-0300] {processor.py:842} WARNING - No viable dags retrieved from /Users/joaovitor/airflow_env/lib/python3.11/site-packages/airflow/example_dags/example_kubernetes_executor.py
[2025-11-04T21:58:04.227-0300] {processor.py:183} INFO - Processing /Users/joaovitor/airflow_env/lib/python3.11/site-packages/airflow/example_dags/example_kubernetes_executor.py took 0.119 seconds
[2025-11-04T22:05:34.371-0300] {processor.py:161} INFO - Started process (PID=31464) to work on /Users/joaovitor/airflow_env/lib/python3.11/site-packages/airflow/example_dags/example_kubernetes_executor.py
[2025-11-04T22:05:34.372-0300] {processor.py:830} INFO - Processing file /Users/joaovitor/airflow_env/lib/python3.11/site-packages/airflow/example_dags/example_kubernetes_executor.py for tasks to queue
[2025-11-04T22:05:34.373-0300] {logging_mixin.py:188} INFO - [2025-11-04T22:05:34.372-0300] {dagbag.py:545} INFO - Filling up the DagBag from /Users/joaovitor/airflow_env/lib/python3.11/site-packages/airflow/example_dags/example_kubernetes_executor.py
[2025-11-04T22:05:34.407-0300] {logging_mixin.py:188} INFO - [2025-11-04T22:05:34.406-0300] {example_kubernetes_executor.py:39} WARNING - The example_kubernetes_executor example DAG requires the kubernetes provider. Please install it with: pip install apache-airflow[cncf.kubernetes]
[2025-11-04T22:05:34.407-0300] {processor.py:842} WARNING - No viable dags retrieved from /Users/joaovitor/airflow_env/lib/python3.11/site-packages/airflow/example_dags/example_kubernetes_executor.py
[2025-11-04T22:05:34.488-0300] {processor.py:183} INFO - Processing /Users/joaovitor/airflow_env/lib/python3.11/site-packages/airflow/example_dags/example_kubernetes_executor.py took 0.120 seconds
[2025-11-04T22:09:22.440-0300] {processor.py:161} INFO - Started process (PID=31564) to work on /Users/joaovitor/airflow_env/lib/python3.11/site-packages/airflow/example_dags/example_kubernetes_executor.py
[2025-11-04T22:09:22.441-0300] {processor.py:830} INFO - Processing file /Users/joaovitor/airflow_env/lib/python3.11/site-packages/airflow/example_dags/example_kubernetes_executor.py for tasks to queue
[2025-11-04T22:09:22.442-0300] {logging_mixin.py:188} INFO - [2025-11-04T22:09:22.441-0300] {dagbag.py:545} INFO - Filling up the DagBag from /Users/joaovitor/airflow_env/lib/python3.11/site-packages/airflow/example_dags/example_kubernetes_executor.py
[2025-11-04T22:09:22.474-0300] {logging_mixin.py:188} INFO - [2025-11-04T22:09:22.474-0300] {example_kubernetes_executor.py:39} WARNING - The example_kubernetes_executor example DAG requires the kubernetes provider. Please install it with: pip install apache-airflow[cncf.kubernetes]
[2025-11-04T22:09:22.475-0300] {processor.py:842} WARNING - No viable dags retrieved from /Users/joaovitor/airflow_env/lib/python3.11/site-packages/airflow/example_dags/example_kubernetes_executor.py
[2025-11-04T22:09:22.561-0300] {processor.py:183} INFO - Processing /Users/joaovitor/airflow_env/lib/python3.11/site-packages/airflow/example_dags/example_kubernetes_executor.py took 0.123 seconds
[2025-11-04T22:13:20.954-0300] {processor.py:161} INFO - Started process (PID=31667) to work on /Users/joaovitor/airflow_env/lib/python3.11/site-packages/airflow/example_dags/example_kubernetes_executor.py
[2025-11-04T22:13:20.955-0300] {processor.py:830} INFO - Processing file /Users/joaovitor/airflow_env/lib/python3.11/site-packages/airflow/example_dags/example_kubernetes_executor.py for tasks to queue
[2025-11-04T22:13:20.956-0300] {logging_mixin.py:188} INFO - [2025-11-04T22:13:20.955-0300] {dagbag.py:545} INFO - Filling up the DagBag from /Users/joaovitor/airflow_env/lib/python3.11/site-packages/airflow/example_dags/example_kubernetes_executor.py
[2025-11-04T22:13:20.995-0300] {logging_mixin.py:188} INFO - [2025-11-04T22:13:20.994-0300] {example_kubernetes_executor.py:39} WARNING - The example_kubernetes_executor example DAG requires the kubernetes provider. Please install it with: pip install apache-airflow[cncf.kubernetes]
[2025-11-04T22:13:20.995-0300] {processor.py:842} WARNING - No viable dags retrieved from /Users/joaovitor/airflow_env/lib/python3.11/site-packages/airflow/example_dags/example_kubernetes_executor.py
[2025-11-04T22:13:21.093-0300] {processor.py:183} INFO - Processing /Users/joaovitor/airflow_env/lib/python3.11/site-packages/airflow/example_dags/example_kubernetes_executor.py took 0.142 seconds
[2025-11-04T22:17:28.583-0300] {processor.py:161} INFO - Started process (PID=31765) to work on /Users/joaovitor/airflow_env/lib/python3.11/site-packages/airflow/example_dags/example_kubernetes_executor.py
[2025-11-04T22:17:28.584-0300] {processor.py:830} INFO - Processing file /Users/joaovitor/airflow_env/lib/python3.11/site-packages/airflow/example_dags/example_kubernetes_executor.py for tasks to queue
[2025-11-04T22:17:28.585-0300] {logging_mixin.py:188} INFO - [2025-11-04T22:17:28.585-0300] {dagbag.py:545} INFO - Filling up the DagBag from /Users/joaovitor/airflow_env/lib/python3.11/site-packages/airflow/example_dags/example_kubernetes_executor.py
[2025-11-04T22:17:28.619-0300] {logging_mixin.py:188} INFO - [2025-11-04T22:17:28.619-0300] {example_kubernetes_executor.py:39} WARNING - The example_kubernetes_executor example DAG requires the kubernetes provider. Please install it with: pip install apache-airflow[cncf.kubernetes]
[2025-11-04T22:17:28.619-0300] {processor.py:842} WARNING - No viable dags retrieved from /Users/joaovitor/airflow_env/lib/python3.11/site-packages/airflow/example_dags/example_kubernetes_executor.py
[2025-11-04T22:17:28.708-0300] {processor.py:183} INFO - Processing /Users/joaovitor/airflow_env/lib/python3.11/site-packages/airflow/example_dags/example_kubernetes_executor.py took 0.128 seconds
[2025-11-04T22:21:33.271-0300] {processor.py:161} INFO - Started process (PID=31897) to work on /Users/joaovitor/airflow_env/lib/python3.11/site-packages/airflow/example_dags/example_kubernetes_executor.py
[2025-11-04T22:21:33.273-0300] {processor.py:830} INFO - Processing file /Users/joaovitor/airflow_env/lib/python3.11/site-packages/airflow/example_dags/example_kubernetes_executor.py for tasks to queue
[2025-11-04T22:21:33.274-0300] {logging_mixin.py:188} INFO - [2025-11-04T22:21:33.274-0300] {dagbag.py:545} INFO - Filling up the DagBag from /Users/joaovitor/airflow_env/lib/python3.11/site-packages/airflow/example_dags/example_kubernetes_executor.py
[2025-11-04T22:21:33.316-0300] {logging_mixin.py:188} INFO - [2025-11-04T22:21:33.316-0300] {example_kubernetes_executor.py:39} WARNING - The example_kubernetes_executor example DAG requires the kubernetes provider. Please install it with: pip install apache-airflow[cncf.kubernetes]
[2025-11-04T22:21:33.317-0300] {processor.py:842} WARNING - No viable dags retrieved from /Users/joaovitor/airflow_env/lib/python3.11/site-packages/airflow/example_dags/example_kubernetes_executor.py
[2025-11-04T22:21:33.409-0300] {processor.py:183} INFO - Processing /Users/joaovitor/airflow_env/lib/python3.11/site-packages/airflow/example_dags/example_kubernetes_executor.py took 0.141 seconds
[2025-11-04T22:25:45.768-0300] {processor.py:161} INFO - Started process (PID=31995) to work on /Users/joaovitor/airflow_env/lib/python3.11/site-packages/airflow/example_dags/example_kubernetes_executor.py
[2025-11-04T22:25:45.770-0300] {processor.py:830} INFO - Processing file /Users/joaovitor/airflow_env/lib/python3.11/site-packages/airflow/example_dags/example_kubernetes_executor.py for tasks to queue
[2025-11-04T22:25:45.771-0300] {logging_mixin.py:188} INFO - [2025-11-04T22:25:45.770-0300] {dagbag.py:545} INFO - Filling up the DagBag from /Users/joaovitor/airflow_env/lib/python3.11/site-packages/airflow/example_dags/example_kubernetes_executor.py
[2025-11-04T22:25:45.810-0300] {logging_mixin.py:188} INFO - [2025-11-04T22:25:45.809-0300] {example_kubernetes_executor.py:39} WARNING - The example_kubernetes_executor example DAG requires the kubernetes provider. Please install it with: pip install apache-airflow[cncf.kubernetes]
[2025-11-04T22:25:45.810-0300] {processor.py:842} WARNING - No viable dags retrieved from /Users/joaovitor/airflow_env/lib/python3.11/site-packages/airflow/example_dags/example_kubernetes_executor.py
[2025-11-04T22:25:45.908-0300] {processor.py:183} INFO - Processing /Users/joaovitor/airflow_env/lib/python3.11/site-packages/airflow/example_dags/example_kubernetes_executor.py took 0.143 seconds
[2025-11-04T22:30:03.177-0300] {processor.py:161} INFO - Started process (PID=32079) to work on /Users/joaovitor/airflow_env/lib/python3.11/site-packages/airflow/example_dags/example_kubernetes_executor.py
[2025-11-04T22:30:03.178-0300] {processor.py:830} INFO - Processing file /Users/joaovitor/airflow_env/lib/python3.11/site-packages/airflow/example_dags/example_kubernetes_executor.py for tasks to queue
[2025-11-04T22:30:03.181-0300] {logging_mixin.py:188} INFO - [2025-11-04T22:30:03.179-0300] {dagbag.py:545} INFO - Filling up the DagBag from /Users/joaovitor/airflow_env/lib/python3.11/site-packages/airflow/example_dags/example_kubernetes_executor.py
[2025-11-04T22:30:03.219-0300] {logging_mixin.py:188} INFO - [2025-11-04T22:30:03.219-0300] {example_kubernetes_executor.py:39} WARNING - The example_kubernetes_executor example DAG requires the kubernetes provider. Please install it with: pip install apache-airflow[cncf.kubernetes]
[2025-11-04T22:30:03.219-0300] {processor.py:842} WARNING - No viable dags retrieved from /Users/joaovitor/airflow_env/lib/python3.11/site-packages/airflow/example_dags/example_kubernetes_executor.py
[2025-11-04T22:30:03.317-0300] {processor.py:183} INFO - Processing /Users/joaovitor/airflow_env/lib/python3.11/site-packages/airflow/example_dags/example_kubernetes_executor.py took 0.143 seconds
[2025-11-04T22:32:47.670-0300] {processor.py:161} INFO - Started process (PID=32224) to work on /Users/joaovitor/airflow_env/lib/python3.11/site-packages/airflow/example_dags/example_kubernetes_executor.py
[2025-11-04T22:32:47.672-0300] {processor.py:830} INFO - Processing file /Users/joaovitor/airflow_env/lib/python3.11/site-packages/airflow/example_dags/example_kubernetes_executor.py for tasks to queue
[2025-11-04T22:32:47.673-0300] {logging_mixin.py:188} INFO - [2025-11-04T22:32:47.673-0300] {dagbag.py:545} INFO - Filling up the DagBag from /Users/joaovitor/airflow_env/lib/python3.11/site-packages/airflow/example_dags/example_kubernetes_executor.py
[2025-11-04T22:32:47.722-0300] {logging_mixin.py:188} INFO - [2025-11-04T22:32:47.722-0300] {example_kubernetes_executor.py:39} WARNING - The example_kubernetes_executor example DAG requires the kubernetes provider. Please install it with: pip install apache-airflow[cncf.kubernetes]
[2025-11-04T22:32:47.723-0300] {processor.py:842} WARNING - No viable dags retrieved from /Users/joaovitor/airflow_env/lib/python3.11/site-packages/airflow/example_dags/example_kubernetes_executor.py
[2025-11-04T22:32:47.820-0300] {processor.py:183} INFO - Processing /Users/joaovitor/airflow_env/lib/python3.11/site-packages/airflow/example_dags/example_kubernetes_executor.py took 0.153 seconds
[2025-11-04T22:37:23.354-0300] {processor.py:161} INFO - Started process (PID=32623) to work on /Users/joaovitor/airflow_env/lib/python3.11/site-packages/airflow/example_dags/example_kubernetes_executor.py
[2025-11-04T22:37:23.359-0300] {processor.py:830} INFO - Processing file /Users/joaovitor/airflow_env/lib/python3.11/site-packages/airflow/example_dags/example_kubernetes_executor.py for tasks to queue
[2025-11-04T22:37:23.360-0300] {logging_mixin.py:188} INFO - [2025-11-04T22:37:23.360-0300] {dagbag.py:545} INFO - Filling up the DagBag from /Users/joaovitor/airflow_env/lib/python3.11/site-packages/airflow/example_dags/example_kubernetes_executor.py
[2025-11-04T22:37:23.536-0300] {logging_mixin.py:188} INFO - [2025-11-04T22:37:23.536-0300] {example_kubernetes_executor.py:39} WARNING - The example_kubernetes_executor example DAG requires the kubernetes provider. Please install it with: pip install apache-airflow[cncf.kubernetes]
[2025-11-04T22:37:23.539-0300] {processor.py:842} WARNING - No viable dags retrieved from /Users/joaovitor/airflow_env/lib/python3.11/site-packages/airflow/example_dags/example_kubernetes_executor.py
[2025-11-04T22:37:23.811-0300] {processor.py:183} INFO - Processing /Users/joaovitor/airflow_env/lib/python3.11/site-packages/airflow/example_dags/example_kubernetes_executor.py took 0.463 seconds
[2025-11-04T22:42:20.301-0300] {processor.py:161} INFO - Started process (PID=32741) to work on /Users/joaovitor/airflow_env/lib/python3.11/site-packages/airflow/example_dags/example_kubernetes_executor.py
[2025-11-04T22:42:20.303-0300] {processor.py:830} INFO - Processing file /Users/joaovitor/airflow_env/lib/python3.11/site-packages/airflow/example_dags/example_kubernetes_executor.py for tasks to queue
[2025-11-04T22:42:20.304-0300] {logging_mixin.py:188} INFO - [2025-11-04T22:42:20.304-0300] {dagbag.py:545} INFO - Filling up the DagBag from /Users/joaovitor/airflow_env/lib/python3.11/site-packages/airflow/example_dags/example_kubernetes_executor.py
[2025-11-04T22:42:20.380-0300] {logging_mixin.py:188} INFO - [2025-11-04T22:42:20.380-0300] {example_kubernetes_executor.py:39} WARNING - The example_kubernetes_executor example DAG requires the kubernetes provider. Please install it with: pip install apache-airflow[cncf.kubernetes]
[2025-11-04T22:42:20.380-0300] {processor.py:842} WARNING - No viable dags retrieved from /Users/joaovitor/airflow_env/lib/python3.11/site-packages/airflow/example_dags/example_kubernetes_executor.py
[2025-11-04T22:42:20.517-0300] {processor.py:183} INFO - Processing /Users/joaovitor/airflow_env/lib/python3.11/site-packages/airflow/example_dags/example_kubernetes_executor.py took 0.220 seconds
[2025-11-04T22:46:50.257-0300] {processor.py:161} INFO - Started process (PID=32840) to work on /Users/joaovitor/airflow_env/lib/python3.11/site-packages/airflow/example_dags/example_kubernetes_executor.py
[2025-11-04T22:46:50.258-0300] {processor.py:830} INFO - Processing file /Users/joaovitor/airflow_env/lib/python3.11/site-packages/airflow/example_dags/example_kubernetes_executor.py for tasks to queue
[2025-11-04T22:46:50.259-0300] {logging_mixin.py:188} INFO - [2025-11-04T22:46:50.259-0300] {dagbag.py:545} INFO - Filling up the DagBag from /Users/joaovitor/airflow_env/lib/python3.11/site-packages/airflow/example_dags/example_kubernetes_executor.py
[2025-11-04T22:46:50.297-0300] {logging_mixin.py:188} INFO - [2025-11-04T22:46:50.297-0300] {example_kubernetes_executor.py:39} WARNING - The example_kubernetes_executor example DAG requires the kubernetes provider. Please install it with: pip install apache-airflow[cncf.kubernetes]
[2025-11-04T22:46:50.297-0300] {processor.py:842} WARNING - No viable dags retrieved from /Users/joaovitor/airflow_env/lib/python3.11/site-packages/airflow/example_dags/example_kubernetes_executor.py
[2025-11-04T22:46:50.378-0300] {processor.py:183} INFO - Processing /Users/joaovitor/airflow_env/lib/python3.11/site-packages/airflow/example_dags/example_kubernetes_executor.py took 0.124 seconds
[2025-11-04T22:51:14.362-0300] {processor.py:161} INFO - Started process (PID=32963) to work on /Users/joaovitor/airflow_env/lib/python3.11/site-packages/airflow/example_dags/example_kubernetes_executor.py
[2025-11-04T22:51:14.364-0300] {processor.py:830} INFO - Processing file /Users/joaovitor/airflow_env/lib/python3.11/site-packages/airflow/example_dags/example_kubernetes_executor.py for tasks to queue
[2025-11-04T22:51:14.365-0300] {logging_mixin.py:188} INFO - [2025-11-04T22:51:14.365-0300] {dagbag.py:545} INFO - Filling up the DagBag from /Users/joaovitor/airflow_env/lib/python3.11/site-packages/airflow/example_dags/example_kubernetes_executor.py
[2025-11-04T22:51:14.404-0300] {logging_mixin.py:188} INFO - [2025-11-04T22:51:14.403-0300] {example_kubernetes_executor.py:39} WARNING - The example_kubernetes_executor example DAG requires the kubernetes provider. Please install it with: pip install apache-airflow[cncf.kubernetes]
[2025-11-04T22:51:14.404-0300] {processor.py:842} WARNING - No viable dags retrieved from /Users/joaovitor/airflow_env/lib/python3.11/site-packages/airflow/example_dags/example_kubernetes_executor.py
[2025-11-04T22:51:14.500-0300] {processor.py:183} INFO - Processing /Users/joaovitor/airflow_env/lib/python3.11/site-packages/airflow/example_dags/example_kubernetes_executor.py took 0.141 seconds
[2025-11-04T22:55:56.183-0300] {processor.py:161} INFO - Started process (PID=33062) to work on /Users/joaovitor/airflow_env/lib/python3.11/site-packages/airflow/example_dags/example_kubernetes_executor.py
[2025-11-04T22:55:56.185-0300] {processor.py:830} INFO - Processing file /Users/joaovitor/airflow_env/lib/python3.11/site-packages/airflow/example_dags/example_kubernetes_executor.py for tasks to queue
[2025-11-04T22:55:56.186-0300] {logging_mixin.py:188} INFO - [2025-11-04T22:55:56.186-0300] {dagbag.py:545} INFO - Filling up the DagBag from /Users/joaovitor/airflow_env/lib/python3.11/site-packages/airflow/example_dags/example_kubernetes_executor.py
[2025-11-04T22:55:56.225-0300] {logging_mixin.py:188} INFO - [2025-11-04T22:55:56.225-0300] {example_kubernetes_executor.py:39} WARNING - The example_kubernetes_executor example DAG requires the kubernetes provider. Please install it with: pip install apache-airflow[cncf.kubernetes]
[2025-11-04T22:55:56.225-0300] {processor.py:842} WARNING - No viable dags retrieved from /Users/joaovitor/airflow_env/lib/python3.11/site-packages/airflow/example_dags/example_kubernetes_executor.py
[2025-11-04T22:55:56.323-0300] {processor.py:183} INFO - Processing /Users/joaovitor/airflow_env/lib/python3.11/site-packages/airflow/example_dags/example_kubernetes_executor.py took 0.143 seconds
[2025-11-04T23:00:30.030-0300] {processor.py:161} INFO - Started process (PID=33152) to work on /Users/joaovitor/airflow_env/lib/python3.11/site-packages/airflow/example_dags/example_kubernetes_executor.py
[2025-11-04T23:00:30.032-0300] {processor.py:830} INFO - Processing file /Users/joaovitor/airflow_env/lib/python3.11/site-packages/airflow/example_dags/example_kubernetes_executor.py for tasks to queue
[2025-11-04T23:00:30.033-0300] {logging_mixin.py:188} INFO - [2025-11-04T23:00:30.033-0300] {dagbag.py:545} INFO - Filling up the DagBag from /Users/joaovitor/airflow_env/lib/python3.11/site-packages/airflow/example_dags/example_kubernetes_executor.py
[2025-11-04T23:00:30.073-0300] {logging_mixin.py:188} INFO - [2025-11-04T23:00:30.073-0300] {example_kubernetes_executor.py:39} WARNING - The example_kubernetes_executor example DAG requires the kubernetes provider. Please install it with: pip install apache-airflow[cncf.kubernetes]
[2025-11-04T23:00:30.074-0300] {processor.py:842} WARNING - No viable dags retrieved from /Users/joaovitor/airflow_env/lib/python3.11/site-packages/airflow/example_dags/example_kubernetes_executor.py
[2025-11-04T23:00:30.174-0300] {processor.py:183} INFO - Processing /Users/joaovitor/airflow_env/lib/python3.11/site-packages/airflow/example_dags/example_kubernetes_executor.py took 0.149 seconds
[2025-11-04T23:02:53.504-0300] {processor.py:161} INFO - Started process (PID=33198) to work on /Users/joaovitor/airflow_env/lib/python3.11/site-packages/airflow/example_dags/example_kubernetes_executor.py
[2025-11-04T23:02:53.507-0300] {processor.py:830} INFO - Processing file /Users/joaovitor/airflow_env/lib/python3.11/site-packages/airflow/example_dags/example_kubernetes_executor.py for tasks to queue
[2025-11-04T23:02:53.508-0300] {logging_mixin.py:188} INFO - [2025-11-04T23:02:53.508-0300] {dagbag.py:545} INFO - Filling up the DagBag from /Users/joaovitor/airflow_env/lib/python3.11/site-packages/airflow/example_dags/example_kubernetes_executor.py
[2025-11-04T23:02:53.578-0300] {logging_mixin.py:188} INFO - [2025-11-04T23:02:53.578-0300] {example_kubernetes_executor.py:39} WARNING - The example_kubernetes_executor example DAG requires the kubernetes provider. Please install it with: pip install apache-airflow[cncf.kubernetes]
[2025-11-04T23:02:53.583-0300] {processor.py:842} WARNING - No viable dags retrieved from /Users/joaovitor/airflow_env/lib/python3.11/site-packages/airflow/example_dags/example_kubernetes_executor.py
[2025-11-04T23:02:53.795-0300] {processor.py:183} INFO - Processing /Users/joaovitor/airflow_env/lib/python3.11/site-packages/airflow/example_dags/example_kubernetes_executor.py took 0.297 seconds
