[2025-11-04T21:47:37.104-0300] {processor.py:161} INFO - Started process (PID=31102) to work on /Users/joaovitor/airflow_env/lib/python3.11/site-packages/airflow/example_dags/example_dynamic_task_mapping_with_no_taskflow_operators.py
[2025-11-04T21:47:37.105-0300] {processor.py:830} INFO - Processing file /Users/joaovitor/airflow_env/lib/python3.11/site-packages/airflow/example_dags/example_dynamic_task_mapping_with_no_taskflow_operators.py for tasks to queue
[2025-11-04T21:47:37.106-0300] {logging_mixin.py:188} INFO - [2025-11-04T21:47:37.105-0300] {dagbag.py:545} INFO - Filling up the DagBag from /Users/joaovitor/airflow_env/lib/python3.11/site-packages/airflow/example_dags/example_dynamic_task_mapping_with_no_taskflow_operators.py
[2025-11-04T21:47:37.113-0300] {processor.py:840} INFO - DAG(s) 'example_dynamic_task_mapping_with_no_taskflow_operators' retrieved from /Users/joaovitor/airflow_env/lib/python3.11/site-packages/airflow/example_dags/example_dynamic_task_mapping_with_no_taskflow_operators.py
[2025-11-04T21:47:37.341-0300] {logging_mixin.py:188} INFO - [2025-11-04T21:47:37.340-0300] {override.py:1858} INFO - Created Permission View: can delete on DAG:example_dynamic_task_mapping_with_no_taskflow_operators
[2025-11-04T21:47:37.353-0300] {logging_mixin.py:188} INFO - [2025-11-04T21:47:37.352-0300] {override.py:1858} INFO - Created Permission View: can edit on DAG:example_dynamic_task_mapping_with_no_taskflow_operators
[2025-11-04T21:47:37.361-0300] {logging_mixin.py:188} INFO - [2025-11-04T21:47:37.361-0300] {override.py:1858} INFO - Created Permission View: can read on DAG:example_dynamic_task_mapping_with_no_taskflow_operators
[2025-11-04T21:47:37.362-0300] {logging_mixin.py:188} INFO - [2025-11-04T21:47:37.362-0300] {dag.py:3089} INFO - Sync 1 DAGs
[2025-11-04T21:47:37.373-0300] {logging_mixin.py:188} INFO - [2025-11-04T21:47:37.373-0300] {dag.py:3111} INFO - Creating ORM DAG for example_dynamic_task_mapping_with_no_taskflow_operators
[2025-11-04T21:47:37.381-0300] {logging_mixin.py:188} INFO - [2025-11-04T21:47:37.381-0300] {dag.py:3947} INFO - Setting next_dagrun for example_dynamic_task_mapping_with_no_taskflow_operators to 2025-11-04 00:00:00+00:00, run_after=2025-11-05 00:00:00+00:00
[2025-11-04T21:47:37.399-0300] {processor.py:183} INFO - Processing /Users/joaovitor/airflow_env/lib/python3.11/site-packages/airflow/example_dags/example_dynamic_task_mapping_with_no_taskflow_operators.py took 0.299 seconds
[2025-11-04T21:50:39.122-0300] {processor.py:161} INFO - Started process (PID=31206) to work on /Users/joaovitor/airflow_env/lib/python3.11/site-packages/airflow/example_dags/example_dynamic_task_mapping_with_no_taskflow_operators.py
[2025-11-04T21:50:39.124-0300] {processor.py:830} INFO - Processing file /Users/joaovitor/airflow_env/lib/python3.11/site-packages/airflow/example_dags/example_dynamic_task_mapping_with_no_taskflow_operators.py for tasks to queue
[2025-11-04T21:50:39.125-0300] {logging_mixin.py:188} INFO - [2025-11-04T21:50:39.124-0300] {dagbag.py:545} INFO - Filling up the DagBag from /Users/joaovitor/airflow_env/lib/python3.11/site-packages/airflow/example_dags/example_dynamic_task_mapping_with_no_taskflow_operators.py
[2025-11-04T21:50:39.132-0300] {processor.py:840} INFO - DAG(s) 'example_dynamic_task_mapping_with_no_taskflow_operators' retrieved from /Users/joaovitor/airflow_env/lib/python3.11/site-packages/airflow/example_dags/example_dynamic_task_mapping_with_no_taskflow_operators.py
[2025-11-04T21:50:39.251-0300] {logging_mixin.py:188} INFO - [2025-11-04T21:50:39.251-0300] {dag.py:3089} INFO - Sync 1 DAGs
[2025-11-04T21:50:39.270-0300] {logging_mixin.py:188} INFO - [2025-11-04T21:50:39.269-0300] {dag.py:3947} INFO - Setting next_dagrun for example_dynamic_task_mapping_with_no_taskflow_operators to 2025-11-04 00:00:00+00:00, run_after=2025-11-05 00:00:00+00:00
[2025-11-04T21:50:39.295-0300] {processor.py:183} INFO - Processing /Users/joaovitor/airflow_env/lib/python3.11/site-packages/airflow/example_dags/example_dynamic_task_mapping_with_no_taskflow_operators.py took 0.176 seconds
[2025-11-04T21:54:28.634-0300] {processor.py:161} INFO - Started process (PID=31289) to work on /Users/joaovitor/airflow_env/lib/python3.11/site-packages/airflow/example_dags/example_dynamic_task_mapping_with_no_taskflow_operators.py
[2025-11-04T21:54:28.635-0300] {processor.py:830} INFO - Processing file /Users/joaovitor/airflow_env/lib/python3.11/site-packages/airflow/example_dags/example_dynamic_task_mapping_with_no_taskflow_operators.py for tasks to queue
[2025-11-04T21:54:28.636-0300] {logging_mixin.py:188} INFO - [2025-11-04T21:54:28.635-0300] {dagbag.py:545} INFO - Filling up the DagBag from /Users/joaovitor/airflow_env/lib/python3.11/site-packages/airflow/example_dags/example_dynamic_task_mapping_with_no_taskflow_operators.py
[2025-11-04T21:54:28.643-0300] {processor.py:840} INFO - DAG(s) 'example_dynamic_task_mapping_with_no_taskflow_operators' retrieved from /Users/joaovitor/airflow_env/lib/python3.11/site-packages/airflow/example_dags/example_dynamic_task_mapping_with_no_taskflow_operators.py
[2025-11-04T21:54:28.756-0300] {logging_mixin.py:188} INFO - [2025-11-04T21:54:28.756-0300] {dag.py:3089} INFO - Sync 1 DAGs
[2025-11-04T21:54:28.774-0300] {logging_mixin.py:188} INFO - [2025-11-04T21:54:28.773-0300] {dag.py:3947} INFO - Setting next_dagrun for example_dynamic_task_mapping_with_no_taskflow_operators to 2025-11-04 00:00:00+00:00, run_after=2025-11-05 00:00:00+00:00
[2025-11-04T21:54:28.797-0300] {processor.py:183} INFO - Processing /Users/joaovitor/airflow_env/lib/python3.11/site-packages/airflow/example_dags/example_dynamic_task_mapping_with_no_taskflow_operators.py took 0.166 seconds
[2025-11-04T21:58:09.382-0300] {processor.py:161} INFO - Started process (PID=31369) to work on /Users/joaovitor/airflow_env/lib/python3.11/site-packages/airflow/example_dags/example_dynamic_task_mapping_with_no_taskflow_operators.py
[2025-11-04T21:58:09.383-0300] {processor.py:830} INFO - Processing file /Users/joaovitor/airflow_env/lib/python3.11/site-packages/airflow/example_dags/example_dynamic_task_mapping_with_no_taskflow_operators.py for tasks to queue
[2025-11-04T21:58:09.383-0300] {logging_mixin.py:188} INFO - [2025-11-04T21:58:09.383-0300] {dagbag.py:545} INFO - Filling up the DagBag from /Users/joaovitor/airflow_env/lib/python3.11/site-packages/airflow/example_dags/example_dynamic_task_mapping_with_no_taskflow_operators.py
[2025-11-04T21:58:09.390-0300] {processor.py:840} INFO - DAG(s) 'example_dynamic_task_mapping_with_no_taskflow_operators' retrieved from /Users/joaovitor/airflow_env/lib/python3.11/site-packages/airflow/example_dags/example_dynamic_task_mapping_with_no_taskflow_operators.py
[2025-11-04T21:58:09.496-0300] {logging_mixin.py:188} INFO - [2025-11-04T21:58:09.495-0300] {dag.py:3089} INFO - Sync 1 DAGs
[2025-11-04T21:58:09.514-0300] {logging_mixin.py:188} INFO - [2025-11-04T21:58:09.513-0300] {dag.py:3947} INFO - Setting next_dagrun for example_dynamic_task_mapping_with_no_taskflow_operators to 2025-11-04 00:00:00+00:00, run_after=2025-11-05 00:00:00+00:00
[2025-11-04T21:58:09.537-0300] {processor.py:183} INFO - Processing /Users/joaovitor/airflow_env/lib/python3.11/site-packages/airflow/example_dags/example_dynamic_task_mapping_with_no_taskflow_operators.py took 0.158 seconds
[2025-11-04T22:05:40.489-0300] {processor.py:161} INFO - Started process (PID=31466) to work on /Users/joaovitor/airflow_env/lib/python3.11/site-packages/airflow/example_dags/example_dynamic_task_mapping_with_no_taskflow_operators.py
[2025-11-04T22:05:40.490-0300] {processor.py:830} INFO - Processing file /Users/joaovitor/airflow_env/lib/python3.11/site-packages/airflow/example_dags/example_dynamic_task_mapping_with_no_taskflow_operators.py for tasks to queue
[2025-11-04T22:05:40.491-0300] {logging_mixin.py:188} INFO - [2025-11-04T22:05:40.490-0300] {dagbag.py:545} INFO - Filling up the DagBag from /Users/joaovitor/airflow_env/lib/python3.11/site-packages/airflow/example_dags/example_dynamic_task_mapping_with_no_taskflow_operators.py
[2025-11-04T22:05:40.498-0300] {processor.py:840} INFO - DAG(s) 'example_dynamic_task_mapping_with_no_taskflow_operators' retrieved from /Users/joaovitor/airflow_env/lib/python3.11/site-packages/airflow/example_dags/example_dynamic_task_mapping_with_no_taskflow_operators.py
[2025-11-04T22:05:40.606-0300] {logging_mixin.py:188} INFO - [2025-11-04T22:05:40.606-0300] {dag.py:3089} INFO - Sync 1 DAGs
[2025-11-04T22:05:40.623-0300] {logging_mixin.py:188} INFO - [2025-11-04T22:05:40.622-0300] {dag.py:3947} INFO - Setting next_dagrun for example_dynamic_task_mapping_with_no_taskflow_operators to 2025-11-04 00:00:00+00:00, run_after=2025-11-05 00:00:00+00:00
[2025-11-04T22:05:40.644-0300] {processor.py:183} INFO - Processing /Users/joaovitor/airflow_env/lib/python3.11/site-packages/airflow/example_dags/example_dynamic_task_mapping_with_no_taskflow_operators.py took 0.158 seconds
[2025-11-04T22:09:28.473-0300] {processor.py:161} INFO - Started process (PID=31566) to work on /Users/joaovitor/airflow_env/lib/python3.11/site-packages/airflow/example_dags/example_dynamic_task_mapping_with_no_taskflow_operators.py
[2025-11-04T22:09:28.474-0300] {processor.py:830} INFO - Processing file /Users/joaovitor/airflow_env/lib/python3.11/site-packages/airflow/example_dags/example_dynamic_task_mapping_with_no_taskflow_operators.py for tasks to queue
[2025-11-04T22:09:28.475-0300] {logging_mixin.py:188} INFO - [2025-11-04T22:09:28.475-0300] {dagbag.py:545} INFO - Filling up the DagBag from /Users/joaovitor/airflow_env/lib/python3.11/site-packages/airflow/example_dags/example_dynamic_task_mapping_with_no_taskflow_operators.py
[2025-11-04T22:09:28.482-0300] {processor.py:840} INFO - DAG(s) 'example_dynamic_task_mapping_with_no_taskflow_operators' retrieved from /Users/joaovitor/airflow_env/lib/python3.11/site-packages/airflow/example_dags/example_dynamic_task_mapping_with_no_taskflow_operators.py
[2025-11-04T22:09:28.591-0300] {logging_mixin.py:188} INFO - [2025-11-04T22:09:28.591-0300] {dag.py:3089} INFO - Sync 1 DAGs
[2025-11-04T22:09:28.607-0300] {logging_mixin.py:188} INFO - [2025-11-04T22:09:28.607-0300] {dag.py:3947} INFO - Setting next_dagrun for example_dynamic_task_mapping_with_no_taskflow_operators to 2025-11-04 00:00:00+00:00, run_after=2025-11-05 00:00:00+00:00
[2025-11-04T22:09:28.629-0300] {processor.py:183} INFO - Processing /Users/joaovitor/airflow_env/lib/python3.11/site-packages/airflow/example_dags/example_dynamic_task_mapping_with_no_taskflow_operators.py took 0.159 seconds
[2025-11-04T22:13:26.405-0300] {processor.py:161} INFO - Started process (PID=31669) to work on /Users/joaovitor/airflow_env/lib/python3.11/site-packages/airflow/example_dags/example_dynamic_task_mapping_with_no_taskflow_operators.py
[2025-11-04T22:13:26.406-0300] {processor.py:830} INFO - Processing file /Users/joaovitor/airflow_env/lib/python3.11/site-packages/airflow/example_dags/example_dynamic_task_mapping_with_no_taskflow_operators.py for tasks to queue
[2025-11-04T22:13:26.406-0300] {logging_mixin.py:188} INFO - [2025-11-04T22:13:26.406-0300] {dagbag.py:545} INFO - Filling up the DagBag from /Users/joaovitor/airflow_env/lib/python3.11/site-packages/airflow/example_dags/example_dynamic_task_mapping_with_no_taskflow_operators.py
[2025-11-04T22:13:26.416-0300] {processor.py:840} INFO - DAG(s) 'example_dynamic_task_mapping_with_no_taskflow_operators' retrieved from /Users/joaovitor/airflow_env/lib/python3.11/site-packages/airflow/example_dags/example_dynamic_task_mapping_with_no_taskflow_operators.py
[2025-11-04T22:13:26.542-0300] {logging_mixin.py:188} INFO - [2025-11-04T22:13:26.541-0300] {dag.py:3089} INFO - Sync 1 DAGs
[2025-11-04T22:13:26.569-0300] {logging_mixin.py:188} INFO - [2025-11-04T22:13:26.568-0300] {dag.py:3947} INFO - Setting next_dagrun for example_dynamic_task_mapping_with_no_taskflow_operators to 2025-11-04 00:00:00+00:00, run_after=2025-11-05 00:00:00+00:00
[2025-11-04T22:13:26.592-0300] {processor.py:183} INFO - Processing /Users/joaovitor/airflow_env/lib/python3.11/site-packages/airflow/example_dags/example_dynamic_task_mapping_with_no_taskflow_operators.py took 0.191 seconds
[2025-11-04T22:17:34.362-0300] {processor.py:161} INFO - Started process (PID=31767) to work on /Users/joaovitor/airflow_env/lib/python3.11/site-packages/airflow/example_dags/example_dynamic_task_mapping_with_no_taskflow_operators.py
[2025-11-04T22:17:34.363-0300] {processor.py:830} INFO - Processing file /Users/joaovitor/airflow_env/lib/python3.11/site-packages/airflow/example_dags/example_dynamic_task_mapping_with_no_taskflow_operators.py for tasks to queue
[2025-11-04T22:17:34.364-0300] {logging_mixin.py:188} INFO - [2025-11-04T22:17:34.364-0300] {dagbag.py:545} INFO - Filling up the DagBag from /Users/joaovitor/airflow_env/lib/python3.11/site-packages/airflow/example_dags/example_dynamic_task_mapping_with_no_taskflow_operators.py
[2025-11-04T22:17:34.371-0300] {processor.py:840} INFO - DAG(s) 'example_dynamic_task_mapping_with_no_taskflow_operators' retrieved from /Users/joaovitor/airflow_env/lib/python3.11/site-packages/airflow/example_dags/example_dynamic_task_mapping_with_no_taskflow_operators.py
[2025-11-04T22:17:34.474-0300] {logging_mixin.py:188} INFO - [2025-11-04T22:17:34.473-0300] {dag.py:3089} INFO - Sync 1 DAGs
[2025-11-04T22:17:34.490-0300] {logging_mixin.py:188} INFO - [2025-11-04T22:17:34.490-0300] {dag.py:3947} INFO - Setting next_dagrun for example_dynamic_task_mapping_with_no_taskflow_operators to 2025-11-04 00:00:00+00:00, run_after=2025-11-05 00:00:00+00:00
[2025-11-04T22:17:34.511-0300] {processor.py:183} INFO - Processing /Users/joaovitor/airflow_env/lib/python3.11/site-packages/airflow/example_dags/example_dynamic_task_mapping_with_no_taskflow_operators.py took 0.152 seconds
[2025-11-04T22:21:39.080-0300] {processor.py:161} INFO - Started process (PID=31900) to work on /Users/joaovitor/airflow_env/lib/python3.11/site-packages/airflow/example_dags/example_dynamic_task_mapping_with_no_taskflow_operators.py
[2025-11-04T22:21:39.082-0300] {processor.py:830} INFO - Processing file /Users/joaovitor/airflow_env/lib/python3.11/site-packages/airflow/example_dags/example_dynamic_task_mapping_with_no_taskflow_operators.py for tasks to queue
[2025-11-04T22:21:39.083-0300] {logging_mixin.py:188} INFO - [2025-11-04T22:21:39.083-0300] {dagbag.py:545} INFO - Filling up the DagBag from /Users/joaovitor/airflow_env/lib/python3.11/site-packages/airflow/example_dags/example_dynamic_task_mapping_with_no_taskflow_operators.py
[2025-11-04T22:21:39.092-0300] {processor.py:840} INFO - DAG(s) 'example_dynamic_task_mapping_with_no_taskflow_operators' retrieved from /Users/joaovitor/airflow_env/lib/python3.11/site-packages/airflow/example_dags/example_dynamic_task_mapping_with_no_taskflow_operators.py
[2025-11-04T22:21:39.196-0300] {logging_mixin.py:188} INFO - [2025-11-04T22:21:39.195-0300] {dag.py:3089} INFO - Sync 1 DAGs
[2025-11-04T22:21:39.212-0300] {logging_mixin.py:188} INFO - [2025-11-04T22:21:39.212-0300] {dag.py:3947} INFO - Setting next_dagrun for example_dynamic_task_mapping_with_no_taskflow_operators to 2025-11-04 00:00:00+00:00, run_after=2025-11-05 00:00:00+00:00
[2025-11-04T22:21:39.232-0300] {processor.py:183} INFO - Processing /Users/joaovitor/airflow_env/lib/python3.11/site-packages/airflow/example_dags/example_dynamic_task_mapping_with_no_taskflow_operators.py took 0.155 seconds
[2025-11-04T22:25:52.140-0300] {processor.py:161} INFO - Started process (PID=31997) to work on /Users/joaovitor/airflow_env/lib/python3.11/site-packages/airflow/example_dags/example_dynamic_task_mapping_with_no_taskflow_operators.py
[2025-11-04T22:25:52.142-0300] {processor.py:830} INFO - Processing file /Users/joaovitor/airflow_env/lib/python3.11/site-packages/airflow/example_dags/example_dynamic_task_mapping_with_no_taskflow_operators.py for tasks to queue
[2025-11-04T22:25:52.143-0300] {logging_mixin.py:188} INFO - [2025-11-04T22:25:52.143-0300] {dagbag.py:545} INFO - Filling up the DagBag from /Users/joaovitor/airflow_env/lib/python3.11/site-packages/airflow/example_dags/example_dynamic_task_mapping_with_no_taskflow_operators.py
[2025-11-04T22:25:52.150-0300] {processor.py:840} INFO - DAG(s) 'example_dynamic_task_mapping_with_no_taskflow_operators' retrieved from /Users/joaovitor/airflow_env/lib/python3.11/site-packages/airflow/example_dags/example_dynamic_task_mapping_with_no_taskflow_operators.py
[2025-11-04T22:25:52.267-0300] {logging_mixin.py:188} INFO - [2025-11-04T22:25:52.266-0300] {dag.py:3089} INFO - Sync 1 DAGs
[2025-11-04T22:25:52.285-0300] {logging_mixin.py:188} INFO - [2025-11-04T22:25:52.285-0300] {dag.py:3947} INFO - Setting next_dagrun for example_dynamic_task_mapping_with_no_taskflow_operators to 2025-11-04 00:00:00+00:00, run_after=2025-11-05 00:00:00+00:00
[2025-11-04T22:25:52.311-0300] {processor.py:183} INFO - Processing /Users/joaovitor/airflow_env/lib/python3.11/site-packages/airflow/example_dags/example_dynamic_task_mapping_with_no_taskflow_operators.py took 0.174 seconds
[2025-11-04T22:30:11.322-0300] {processor.py:161} INFO - Started process (PID=32081) to work on /Users/joaovitor/airflow_env/lib/python3.11/site-packages/airflow/example_dags/example_dynamic_task_mapping_with_no_taskflow_operators.py
[2025-11-04T22:30:11.326-0300] {processor.py:830} INFO - Processing file /Users/joaovitor/airflow_env/lib/python3.11/site-packages/airflow/example_dags/example_dynamic_task_mapping_with_no_taskflow_operators.py for tasks to queue
[2025-11-04T22:30:11.332-0300] {logging_mixin.py:188} INFO - [2025-11-04T22:30:11.330-0300] {dagbag.py:545} INFO - Filling up the DagBag from /Users/joaovitor/airflow_env/lib/python3.11/site-packages/airflow/example_dags/example_dynamic_task_mapping_with_no_taskflow_operators.py
[2025-11-04T22:30:11.439-0300] {processor.py:840} INFO - DAG(s) 'example_dynamic_task_mapping_with_no_taskflow_operators' retrieved from /Users/joaovitor/airflow_env/lib/python3.11/site-packages/airflow/example_dags/example_dynamic_task_mapping_with_no_taskflow_operators.py
[2025-11-04T22:30:11.698-0300] {logging_mixin.py:188} INFO - [2025-11-04T22:30:11.694-0300] {dag.py:3089} INFO - Sync 1 DAGs
[2025-11-04T22:30:11.743-0300] {logging_mixin.py:188} INFO - [2025-11-04T22:30:11.742-0300] {dag.py:3947} INFO - Setting next_dagrun for example_dynamic_task_mapping_with_no_taskflow_operators to 2025-11-04 00:00:00+00:00, run_after=2025-11-05 00:00:00+00:00
[2025-11-04T22:30:11.774-0300] {processor.py:183} INFO - Processing /Users/joaovitor/airflow_env/lib/python3.11/site-packages/airflow/example_dags/example_dynamic_task_mapping_with_no_taskflow_operators.py took 0.460 seconds
[2025-11-04T22:35:23.044-0300] {processor.py:161} INFO - Started process (PID=32403) to work on /Users/joaovitor/airflow_env/lib/python3.11/site-packages/airflow/example_dags/example_dynamic_task_mapping_with_no_taskflow_operators.py
[2025-11-04T22:35:23.046-0300] {processor.py:830} INFO - Processing file /Users/joaovitor/airflow_env/lib/python3.11/site-packages/airflow/example_dags/example_dynamic_task_mapping_with_no_taskflow_operators.py for tasks to queue
[2025-11-04T22:35:23.048-0300] {logging_mixin.py:188} INFO - [2025-11-04T22:35:23.047-0300] {dagbag.py:545} INFO - Filling up the DagBag from /Users/joaovitor/airflow_env/lib/python3.11/site-packages/airflow/example_dags/example_dynamic_task_mapping_with_no_taskflow_operators.py
[2025-11-04T22:35:23.058-0300] {processor.py:840} INFO - DAG(s) 'example_dynamic_task_mapping_with_no_taskflow_operators' retrieved from /Users/joaovitor/airflow_env/lib/python3.11/site-packages/airflow/example_dags/example_dynamic_task_mapping_with_no_taskflow_operators.py
[2025-11-04T22:35:23.174-0300] {logging_mixin.py:188} INFO - [2025-11-04T22:35:23.173-0300] {dag.py:3089} INFO - Sync 1 DAGs
[2025-11-04T22:35:23.192-0300] {logging_mixin.py:188} INFO - [2025-11-04T22:35:23.192-0300] {dag.py:3947} INFO - Setting next_dagrun for example_dynamic_task_mapping_with_no_taskflow_operators to 2025-11-04 00:00:00+00:00, run_after=2025-11-05 00:00:00+00:00
[2025-11-04T22:35:23.216-0300] {processor.py:183} INFO - Processing /Users/joaovitor/airflow_env/lib/python3.11/site-packages/airflow/example_dags/example_dynamic_task_mapping_with_no_taskflow_operators.py took 0.175 seconds
[2025-11-04T22:40:00.518-0300] {processor.py:161} INFO - Started process (PID=32684) to work on /Users/joaovitor/airflow_env/lib/python3.11/site-packages/airflow/example_dags/example_dynamic_task_mapping_with_no_taskflow_operators.py
[2025-11-04T22:40:00.520-0300] {processor.py:830} INFO - Processing file /Users/joaovitor/airflow_env/lib/python3.11/site-packages/airflow/example_dags/example_dynamic_task_mapping_with_no_taskflow_operators.py for tasks to queue
[2025-11-04T22:40:00.521-0300] {logging_mixin.py:188} INFO - [2025-11-04T22:40:00.521-0300] {dagbag.py:545} INFO - Filling up the DagBag from /Users/joaovitor/airflow_env/lib/python3.11/site-packages/airflow/example_dags/example_dynamic_task_mapping_with_no_taskflow_operators.py
[2025-11-04T22:40:00.533-0300] {processor.py:840} INFO - DAG(s) 'example_dynamic_task_mapping_with_no_taskflow_operators' retrieved from /Users/joaovitor/airflow_env/lib/python3.11/site-packages/airflow/example_dags/example_dynamic_task_mapping_with_no_taskflow_operators.py
[2025-11-04T22:40:00.779-0300] {logging_mixin.py:188} INFO - [2025-11-04T22:40:00.778-0300] {dag.py:3089} INFO - Sync 1 DAGs
[2025-11-04T22:40:00.797-0300] {logging_mixin.py:188} INFO - [2025-11-04T22:40:00.796-0300] {dag.py:3947} INFO - Setting next_dagrun for example_dynamic_task_mapping_with_no_taskflow_operators to 2025-11-04 00:00:00+00:00, run_after=2025-11-05 00:00:00+00:00
[2025-11-04T22:40:00.821-0300] {processor.py:183} INFO - Processing /Users/joaovitor/airflow_env/lib/python3.11/site-packages/airflow/example_dags/example_dynamic_task_mapping_with_no_taskflow_operators.py took 0.306 seconds
[2025-11-04T22:44:39.516-0300] {processor.py:161} INFO - Started process (PID=32795) to work on /Users/joaovitor/airflow_env/lib/python3.11/site-packages/airflow/example_dags/example_dynamic_task_mapping_with_no_taskflow_operators.py
[2025-11-04T22:44:39.519-0300] {processor.py:830} INFO - Processing file /Users/joaovitor/airflow_env/lib/python3.11/site-packages/airflow/example_dags/example_dynamic_task_mapping_with_no_taskflow_operators.py for tasks to queue
[2025-11-04T22:44:39.520-0300] {logging_mixin.py:188} INFO - [2025-11-04T22:44:39.520-0300] {dagbag.py:545} INFO - Filling up the DagBag from /Users/joaovitor/airflow_env/lib/python3.11/site-packages/airflow/example_dags/example_dynamic_task_mapping_with_no_taskflow_operators.py
[2025-11-04T22:44:39.530-0300] {processor.py:840} INFO - DAG(s) 'example_dynamic_task_mapping_with_no_taskflow_operators' retrieved from /Users/joaovitor/airflow_env/lib/python3.11/site-packages/airflow/example_dags/example_dynamic_task_mapping_with_no_taskflow_operators.py
[2025-11-04T22:44:39.671-0300] {logging_mixin.py:188} INFO - [2025-11-04T22:44:39.668-0300] {dag.py:3089} INFO - Sync 1 DAGs
[2025-11-04T22:44:39.695-0300] {logging_mixin.py:188} INFO - [2025-11-04T22:44:39.695-0300] {dag.py:3947} INFO - Setting next_dagrun for example_dynamic_task_mapping_with_no_taskflow_operators to 2025-11-04 00:00:00+00:00, run_after=2025-11-05 00:00:00+00:00
[2025-11-04T22:44:39.718-0300] {processor.py:183} INFO - Processing /Users/joaovitor/airflow_env/lib/python3.11/site-packages/airflow/example_dags/example_dynamic_task_mapping_with_no_taskflow_operators.py took 0.205 seconds
[2025-11-04T22:49:07.545-0300] {processor.py:161} INFO - Started process (PID=32908) to work on /Users/joaovitor/airflow_env/lib/python3.11/site-packages/airflow/example_dags/example_dynamic_task_mapping_with_no_taskflow_operators.py
[2025-11-04T22:49:07.547-0300] {processor.py:830} INFO - Processing file /Users/joaovitor/airflow_env/lib/python3.11/site-packages/airflow/example_dags/example_dynamic_task_mapping_with_no_taskflow_operators.py for tasks to queue
[2025-11-04T22:49:07.548-0300] {logging_mixin.py:188} INFO - [2025-11-04T22:49:07.548-0300] {dagbag.py:545} INFO - Filling up the DagBag from /Users/joaovitor/airflow_env/lib/python3.11/site-packages/airflow/example_dags/example_dynamic_task_mapping_with_no_taskflow_operators.py
[2025-11-04T22:49:07.558-0300] {processor.py:840} INFO - DAG(s) 'example_dynamic_task_mapping_with_no_taskflow_operators' retrieved from /Users/joaovitor/airflow_env/lib/python3.11/site-packages/airflow/example_dags/example_dynamic_task_mapping_with_no_taskflow_operators.py
[2025-11-04T22:49:07.677-0300] {logging_mixin.py:188} INFO - [2025-11-04T22:49:07.677-0300] {dag.py:3089} INFO - Sync 1 DAGs
[2025-11-04T22:49:07.695-0300] {logging_mixin.py:188} INFO - [2025-11-04T22:49:07.695-0300] {dag.py:3947} INFO - Setting next_dagrun for example_dynamic_task_mapping_with_no_taskflow_operators to 2025-11-04 00:00:00+00:00, run_after=2025-11-05 00:00:00+00:00
[2025-11-04T22:49:07.717-0300] {processor.py:183} INFO - Processing /Users/joaovitor/airflow_env/lib/python3.11/site-packages/airflow/example_dags/example_dynamic_task_mapping_with_no_taskflow_operators.py took 0.176 seconds
[2025-11-04T22:53:49.449-0300] {processor.py:161} INFO - Started process (PID=33022) to work on /Users/joaovitor/airflow_env/lib/python3.11/site-packages/airflow/example_dags/example_dynamic_task_mapping_with_no_taskflow_operators.py
[2025-11-04T22:53:49.451-0300] {processor.py:830} INFO - Processing file /Users/joaovitor/airflow_env/lib/python3.11/site-packages/airflow/example_dags/example_dynamic_task_mapping_with_no_taskflow_operators.py for tasks to queue
[2025-11-04T22:53:49.452-0300] {logging_mixin.py:188} INFO - [2025-11-04T22:53:49.452-0300] {dagbag.py:545} INFO - Filling up the DagBag from /Users/joaovitor/airflow_env/lib/python3.11/site-packages/airflow/example_dags/example_dynamic_task_mapping_with_no_taskflow_operators.py
[2025-11-04T22:53:49.463-0300] {processor.py:840} INFO - DAG(s) 'example_dynamic_task_mapping_with_no_taskflow_operators' retrieved from /Users/joaovitor/airflow_env/lib/python3.11/site-packages/airflow/example_dags/example_dynamic_task_mapping_with_no_taskflow_operators.py
[2025-11-04T22:53:49.582-0300] {logging_mixin.py:188} INFO - [2025-11-04T22:53:49.582-0300] {dag.py:3089} INFO - Sync 1 DAGs
[2025-11-04T22:53:49.601-0300] {logging_mixin.py:188} INFO - [2025-11-04T22:53:49.601-0300] {dag.py:3947} INFO - Setting next_dagrun for example_dynamic_task_mapping_with_no_taskflow_operators to 2025-11-04 00:00:00+00:00, run_after=2025-11-05 00:00:00+00:00
[2025-11-04T22:53:49.627-0300] {processor.py:183} INFO - Processing /Users/joaovitor/airflow_env/lib/python3.11/site-packages/airflow/example_dags/example_dynamic_task_mapping_with_no_taskflow_operators.py took 0.181 seconds
[2025-11-04T22:58:16.310-0300] {processor.py:161} INFO - Started process (PID=33107) to work on /Users/joaovitor/airflow_env/lib/python3.11/site-packages/airflow/example_dags/example_dynamic_task_mapping_with_no_taskflow_operators.py
[2025-11-04T22:58:16.311-0300] {processor.py:830} INFO - Processing file /Users/joaovitor/airflow_env/lib/python3.11/site-packages/airflow/example_dags/example_dynamic_task_mapping_with_no_taskflow_operators.py for tasks to queue
[2025-11-04T22:58:16.311-0300] {logging_mixin.py:188} INFO - [2025-11-04T22:58:16.311-0300] {dagbag.py:545} INFO - Filling up the DagBag from /Users/joaovitor/airflow_env/lib/python3.11/site-packages/airflow/example_dags/example_dynamic_task_mapping_with_no_taskflow_operators.py
[2025-11-04T22:58:16.321-0300] {processor.py:840} INFO - DAG(s) 'example_dynamic_task_mapping_with_no_taskflow_operators' retrieved from /Users/joaovitor/airflow_env/lib/python3.11/site-packages/airflow/example_dags/example_dynamic_task_mapping_with_no_taskflow_operators.py
[2025-11-04T22:58:16.444-0300] {logging_mixin.py:188} INFO - [2025-11-04T22:58:16.444-0300] {dag.py:3089} INFO - Sync 1 DAGs
[2025-11-04T22:58:16.463-0300] {logging_mixin.py:188} INFO - [2025-11-04T22:58:16.463-0300] {dag.py:3947} INFO - Setting next_dagrun for example_dynamic_task_mapping_with_no_taskflow_operators to 2025-11-04 00:00:00+00:00, run_after=2025-11-05 00:00:00+00:00
[2025-11-04T22:58:16.493-0300] {processor.py:183} INFO - Processing /Users/joaovitor/airflow_env/lib/python3.11/site-packages/airflow/example_dags/example_dynamic_task_mapping_with_no_taskflow_operators.py took 0.186 seconds
[2025-11-04T23:03:01.034-0300] {processor.py:161} INFO - Started process (PID=33200) to work on /Users/joaovitor/airflow_env/lib/python3.11/site-packages/airflow/example_dags/example_dynamic_task_mapping_with_no_taskflow_operators.py
[2025-11-04T23:03:01.036-0300] {processor.py:830} INFO - Processing file /Users/joaovitor/airflow_env/lib/python3.11/site-packages/airflow/example_dags/example_dynamic_task_mapping_with_no_taskflow_operators.py for tasks to queue
[2025-11-04T23:03:01.037-0300] {logging_mixin.py:188} INFO - [2025-11-04T23:03:01.037-0300] {dagbag.py:545} INFO - Filling up the DagBag from /Users/joaovitor/airflow_env/lib/python3.11/site-packages/airflow/example_dags/example_dynamic_task_mapping_with_no_taskflow_operators.py
[2025-11-04T23:03:01.046-0300] {processor.py:840} INFO - DAG(s) 'example_dynamic_task_mapping_with_no_taskflow_operators' retrieved from /Users/joaovitor/airflow_env/lib/python3.11/site-packages/airflow/example_dags/example_dynamic_task_mapping_with_no_taskflow_operators.py
[2025-11-04T23:03:01.163-0300] {logging_mixin.py:188} INFO - [2025-11-04T23:03:01.163-0300] {dag.py:3089} INFO - Sync 1 DAGs
[2025-11-04T23:03:01.183-0300] {logging_mixin.py:188} INFO - [2025-11-04T23:03:01.182-0300] {dag.py:3947} INFO - Setting next_dagrun for example_dynamic_task_mapping_with_no_taskflow_operators to 2025-11-04 00:00:00+00:00, run_after=2025-11-05 00:00:00+00:00
[2025-11-04T23:03:01.204-0300] {processor.py:183} INFO - Processing /Users/joaovitor/airflow_env/lib/python3.11/site-packages/airflow/example_dags/example_dynamic_task_mapping_with_no_taskflow_operators.py took 0.173 seconds
