[2025-11-04T21:47:31.436-0300] {processor.py:161} INFO - Started process (PID=31100) to work on /Users/joaovitor/airflow_env/lib/python3.11/site-packages/airflow/example_dags/example_external_task_marker_dag.py
[2025-11-04T21:47:31.437-0300] {processor.py:830} INFO - Processing file /Users/joaovitor/airflow_env/lib/python3.11/site-packages/airflow/example_dags/example_external_task_marker_dag.py for tasks to queue
[2025-11-04T21:47:31.438-0300] {logging_mixin.py:188} INFO - [2025-11-04T21:47:31.437-0300] {dagbag.py:545} INFO - Filling up the DagBag from /Users/joaovitor/airflow_env/lib/python3.11/site-packages/airflow/example_dags/example_external_task_marker_dag.py
[2025-11-04T21:47:31.452-0300] {processor.py:840} INFO - DAG(s) 'example_external_task_marker_child', 'example_external_task_marker_parent' retrieved from /Users/joaovitor/airflow_env/lib/python3.11/site-packages/airflow/example_dags/example_external_task_marker_dag.py
[2025-11-04T21:47:31.840-0300] {logging_mixin.py:188} INFO - [2025-11-04T21:47:31.839-0300] {override.py:1858} INFO - Created Permission View: can edit on DAG:example_external_task_marker_child
[2025-11-04T21:47:31.866-0300] {logging_mixin.py:188} INFO - [2025-11-04T21:47:31.864-0300] {override.py:1858} INFO - Created Permission View: can delete on DAG:example_external_task_marker_child
[2025-11-04T21:47:31.883-0300] {logging_mixin.py:188} INFO - [2025-11-04T21:47:31.882-0300] {override.py:1858} INFO - Created Permission View: can read on DAG:example_external_task_marker_child
[2025-11-04T21:47:31.903-0300] {logging_mixin.py:188} INFO - [2025-11-04T21:47:31.902-0300] {override.py:1858} INFO - Created Permission View: can edit on DAG:example_external_task_marker_parent
[2025-11-04T21:47:31.912-0300] {logging_mixin.py:188} INFO - [2025-11-04T21:47:31.911-0300] {override.py:1858} INFO - Created Permission View: can delete on DAG:example_external_task_marker_parent
[2025-11-04T21:47:31.921-0300] {logging_mixin.py:188} INFO - [2025-11-04T21:47:31.920-0300] {override.py:1858} INFO - Created Permission View: can read on DAG:example_external_task_marker_parent
[2025-11-04T21:47:31.921-0300] {logging_mixin.py:188} INFO - [2025-11-04T21:47:31.921-0300] {dag.py:3089} INFO - Sync 2 DAGs
[2025-11-04T21:47:31.932-0300] {logging_mixin.py:188} INFO - [2025-11-04T21:47:31.931-0300] {dag.py:3111} INFO - Creating ORM DAG for example_external_task_marker_parent
[2025-11-04T21:47:31.932-0300] {logging_mixin.py:188} INFO - [2025-11-04T21:47:31.932-0300] {dag.py:3111} INFO - Creating ORM DAG for example_external_task_marker_child
[2025-11-04T21:47:31.933-0300] {logging_mixin.py:188} INFO - [2025-11-04T21:47:31.933-0300] {dag.py:3947} INFO - Setting next_dagrun for example_external_task_marker_child to None, run_after=None
[2025-11-04T21:47:31.933-0300] {logging_mixin.py:188} INFO - [2025-11-04T21:47:31.933-0300] {dag.py:3947} INFO - Setting next_dagrun for example_external_task_marker_parent to None, run_after=None
[2025-11-04T21:47:31.994-0300] {processor.py:183} INFO - Processing /Users/joaovitor/airflow_env/lib/python3.11/site-packages/airflow/example_dags/example_external_task_marker_dag.py took 0.562 seconds
[2025-11-04T21:50:36.218-0300] {processor.py:161} INFO - Started process (PID=31205) to work on /Users/joaovitor/airflow_env/lib/python3.11/site-packages/airflow/example_dags/example_external_task_marker_dag.py
[2025-11-04T21:50:36.221-0300] {processor.py:830} INFO - Processing file /Users/joaovitor/airflow_env/lib/python3.11/site-packages/airflow/example_dags/example_external_task_marker_dag.py for tasks to queue
[2025-11-04T21:50:36.222-0300] {logging_mixin.py:188} INFO - [2025-11-04T21:50:36.221-0300] {dagbag.py:545} INFO - Filling up the DagBag from /Users/joaovitor/airflow_env/lib/python3.11/site-packages/airflow/example_dags/example_external_task_marker_dag.py
[2025-11-04T21:50:36.235-0300] {processor.py:840} INFO - DAG(s) 'example_external_task_marker_parent', 'example_external_task_marker_child' retrieved from /Users/joaovitor/airflow_env/lib/python3.11/site-packages/airflow/example_dags/example_external_task_marker_dag.py
[2025-11-04T21:50:36.359-0300] {logging_mixin.py:188} INFO - [2025-11-04T21:50:36.359-0300] {dag.py:3089} INFO - Sync 2 DAGs
[2025-11-04T21:50:36.369-0300] {logging_mixin.py:188} INFO - [2025-11-04T21:50:36.369-0300] {dag.py:3947} INFO - Setting next_dagrun for example_external_task_marker_child to None, run_after=None
[2025-11-04T21:50:36.374-0300] {logging_mixin.py:188} INFO - [2025-11-04T21:50:36.374-0300] {dag.py:3947} INFO - Setting next_dagrun for example_external_task_marker_parent to None, run_after=None
[2025-11-04T21:50:36.394-0300] {processor.py:183} INFO - Processing /Users/joaovitor/airflow_env/lib/python3.11/site-packages/airflow/example_dags/example_external_task_marker_dag.py took 0.179 seconds
[2025-11-04T21:54:25.746-0300] {processor.py:161} INFO - Started process (PID=31288) to work on /Users/joaovitor/airflow_env/lib/python3.11/site-packages/airflow/example_dags/example_external_task_marker_dag.py
[2025-11-04T21:54:25.747-0300] {processor.py:830} INFO - Processing file /Users/joaovitor/airflow_env/lib/python3.11/site-packages/airflow/example_dags/example_external_task_marker_dag.py for tasks to queue
[2025-11-04T21:54:25.748-0300] {logging_mixin.py:188} INFO - [2025-11-04T21:54:25.748-0300] {dagbag.py:545} INFO - Filling up the DagBag from /Users/joaovitor/airflow_env/lib/python3.11/site-packages/airflow/example_dags/example_external_task_marker_dag.py
[2025-11-04T21:54:25.764-0300] {processor.py:840} INFO - DAG(s) 'example_external_task_marker_parent', 'example_external_task_marker_child' retrieved from /Users/joaovitor/airflow_env/lib/python3.11/site-packages/airflow/example_dags/example_external_task_marker_dag.py
[2025-11-04T21:54:25.891-0300] {logging_mixin.py:188} INFO - [2025-11-04T21:54:25.890-0300] {dag.py:3089} INFO - Sync 2 DAGs
[2025-11-04T21:54:25.901-0300] {logging_mixin.py:188} INFO - [2025-11-04T21:54:25.901-0300] {dag.py:3947} INFO - Setting next_dagrun for example_external_task_marker_child to None, run_after=None
[2025-11-04T21:54:25.904-0300] {logging_mixin.py:188} INFO - [2025-11-04T21:54:25.904-0300] {dag.py:3947} INFO - Setting next_dagrun for example_external_task_marker_parent to None, run_after=None
[2025-11-04T21:54:25.925-0300] {processor.py:183} INFO - Processing /Users/joaovitor/airflow_env/lib/python3.11/site-packages/airflow/example_dags/example_external_task_marker_dag.py took 0.182 seconds
[2025-11-04T21:58:06.505-0300] {processor.py:161} INFO - Started process (PID=31368) to work on /Users/joaovitor/airflow_env/lib/python3.11/site-packages/airflow/example_dags/example_external_task_marker_dag.py
[2025-11-04T21:58:06.506-0300] {processor.py:830} INFO - Processing file /Users/joaovitor/airflow_env/lib/python3.11/site-packages/airflow/example_dags/example_external_task_marker_dag.py for tasks to queue
[2025-11-04T21:58:06.506-0300] {logging_mixin.py:188} INFO - [2025-11-04T21:58:06.506-0300] {dagbag.py:545} INFO - Filling up the DagBag from /Users/joaovitor/airflow_env/lib/python3.11/site-packages/airflow/example_dags/example_external_task_marker_dag.py
[2025-11-04T21:58:06.522-0300] {processor.py:840} INFO - DAG(s) 'example_external_task_marker_child', 'example_external_task_marker_parent' retrieved from /Users/joaovitor/airflow_env/lib/python3.11/site-packages/airflow/example_dags/example_external_task_marker_dag.py
[2025-11-04T21:58:06.642-0300] {logging_mixin.py:188} INFO - [2025-11-04T21:58:06.642-0300] {dag.py:3089} INFO - Sync 2 DAGs
[2025-11-04T21:58:06.654-0300] {logging_mixin.py:188} INFO - [2025-11-04T21:58:06.653-0300] {dag.py:3947} INFO - Setting next_dagrun for example_external_task_marker_child to None, run_after=None
[2025-11-04T21:58:06.657-0300] {logging_mixin.py:188} INFO - [2025-11-04T21:58:06.657-0300] {dag.py:3947} INFO - Setting next_dagrun for example_external_task_marker_parent to None, run_after=None
[2025-11-04T21:58:06.677-0300] {processor.py:183} INFO - Processing /Users/joaovitor/airflow_env/lib/python3.11/site-packages/airflow/example_dags/example_external_task_marker_dag.py took 0.178 seconds
[2025-11-04T22:05:37.223-0300] {processor.py:161} INFO - Started process (PID=31465) to work on /Users/joaovitor/airflow_env/lib/python3.11/site-packages/airflow/example_dags/example_external_task_marker_dag.py
[2025-11-04T22:05:37.224-0300] {processor.py:830} INFO - Processing file /Users/joaovitor/airflow_env/lib/python3.11/site-packages/airflow/example_dags/example_external_task_marker_dag.py for tasks to queue
[2025-11-04T22:05:37.224-0300] {logging_mixin.py:188} INFO - [2025-11-04T22:05:37.224-0300] {dagbag.py:545} INFO - Filling up the DagBag from /Users/joaovitor/airflow_env/lib/python3.11/site-packages/airflow/example_dags/example_external_task_marker_dag.py
[2025-11-04T22:05:37.237-0300] {processor.py:840} INFO - DAG(s) 'example_external_task_marker_child', 'example_external_task_marker_parent' retrieved from /Users/joaovitor/airflow_env/lib/python3.11/site-packages/airflow/example_dags/example_external_task_marker_dag.py
[2025-11-04T22:05:37.353-0300] {logging_mixin.py:188} INFO - [2025-11-04T22:05:37.353-0300] {dag.py:3089} INFO - Sync 2 DAGs
[2025-11-04T22:05:37.363-0300] {logging_mixin.py:188} INFO - [2025-11-04T22:05:37.363-0300] {dag.py:3947} INFO - Setting next_dagrun for example_external_task_marker_child to None, run_after=None
[2025-11-04T22:05:37.367-0300] {logging_mixin.py:188} INFO - [2025-11-04T22:05:37.366-0300] {dag.py:3947} INFO - Setting next_dagrun for example_external_task_marker_parent to None, run_after=None
[2025-11-04T22:05:37.386-0300] {processor.py:183} INFO - Processing /Users/joaovitor/airflow_env/lib/python3.11/site-packages/airflow/example_dags/example_external_task_marker_dag.py took 0.166 seconds
[2025-11-04T22:09:25.470-0300] {processor.py:161} INFO - Started process (PID=31565) to work on /Users/joaovitor/airflow_env/lib/python3.11/site-packages/airflow/example_dags/example_external_task_marker_dag.py
[2025-11-04T22:09:25.471-0300] {processor.py:830} INFO - Processing file /Users/joaovitor/airflow_env/lib/python3.11/site-packages/airflow/example_dags/example_external_task_marker_dag.py for tasks to queue
[2025-11-04T22:09:25.471-0300] {logging_mixin.py:188} INFO - [2025-11-04T22:09:25.471-0300] {dagbag.py:545} INFO - Filling up the DagBag from /Users/joaovitor/airflow_env/lib/python3.11/site-packages/airflow/example_dags/example_external_task_marker_dag.py
[2025-11-04T22:09:25.484-0300] {processor.py:840} INFO - DAG(s) 'example_external_task_marker_parent', 'example_external_task_marker_child' retrieved from /Users/joaovitor/airflow_env/lib/python3.11/site-packages/airflow/example_dags/example_external_task_marker_dag.py
[2025-11-04T22:09:25.602-0300] {logging_mixin.py:188} INFO - [2025-11-04T22:09:25.602-0300] {dag.py:3089} INFO - Sync 2 DAGs
[2025-11-04T22:09:25.612-0300] {logging_mixin.py:188} INFO - [2025-11-04T22:09:25.612-0300] {dag.py:3947} INFO - Setting next_dagrun for example_external_task_marker_child to None, run_after=None
[2025-11-04T22:09:25.615-0300] {logging_mixin.py:188} INFO - [2025-11-04T22:09:25.615-0300] {dag.py:3947} INFO - Setting next_dagrun for example_external_task_marker_parent to None, run_after=None
[2025-11-04T22:09:25.634-0300] {processor.py:183} INFO - Processing /Users/joaovitor/airflow_env/lib/python3.11/site-packages/airflow/example_dags/example_external_task_marker_dag.py took 0.167 seconds
[2025-11-04T22:13:23.279-0300] {processor.py:161} INFO - Started process (PID=31668) to work on /Users/joaovitor/airflow_env/lib/python3.11/site-packages/airflow/example_dags/example_external_task_marker_dag.py
[2025-11-04T22:13:23.280-0300] {processor.py:830} INFO - Processing file /Users/joaovitor/airflow_env/lib/python3.11/site-packages/airflow/example_dags/example_external_task_marker_dag.py for tasks to queue
[2025-11-04T22:13:23.280-0300] {logging_mixin.py:188} INFO - [2025-11-04T22:13:23.280-0300] {dagbag.py:545} INFO - Filling up the DagBag from /Users/joaovitor/airflow_env/lib/python3.11/site-packages/airflow/example_dags/example_external_task_marker_dag.py
[2025-11-04T22:13:23.294-0300] {processor.py:840} INFO - DAG(s) 'example_external_task_marker_child', 'example_external_task_marker_parent' retrieved from /Users/joaovitor/airflow_env/lib/python3.11/site-packages/airflow/example_dags/example_external_task_marker_dag.py
[2025-11-04T22:13:23.408-0300] {logging_mixin.py:188} INFO - [2025-11-04T22:13:23.408-0300] {dag.py:3089} INFO - Sync 2 DAGs
[2025-11-04T22:13:23.418-0300] {logging_mixin.py:188} INFO - [2025-11-04T22:13:23.418-0300] {dag.py:3947} INFO - Setting next_dagrun for example_external_task_marker_child to None, run_after=None
[2025-11-04T22:13:23.421-0300] {logging_mixin.py:188} INFO - [2025-11-04T22:13:23.421-0300] {dag.py:3947} INFO - Setting next_dagrun for example_external_task_marker_parent to None, run_after=None
[2025-11-04T22:13:23.440-0300] {processor.py:183} INFO - Processing /Users/joaovitor/airflow_env/lib/python3.11/site-packages/airflow/example_dags/example_external_task_marker_dag.py took 0.164 seconds
[2025-11-04T22:17:31.421-0300] {processor.py:161} INFO - Started process (PID=31766) to work on /Users/joaovitor/airflow_env/lib/python3.11/site-packages/airflow/example_dags/example_external_task_marker_dag.py
[2025-11-04T22:17:31.422-0300] {processor.py:830} INFO - Processing file /Users/joaovitor/airflow_env/lib/python3.11/site-packages/airflow/example_dags/example_external_task_marker_dag.py for tasks to queue
[2025-11-04T22:17:31.423-0300] {logging_mixin.py:188} INFO - [2025-11-04T22:17:31.423-0300] {dagbag.py:545} INFO - Filling up the DagBag from /Users/joaovitor/airflow_env/lib/python3.11/site-packages/airflow/example_dags/example_external_task_marker_dag.py
[2025-11-04T22:17:31.437-0300] {processor.py:840} INFO - DAG(s) 'example_external_task_marker_parent', 'example_external_task_marker_child' retrieved from /Users/joaovitor/airflow_env/lib/python3.11/site-packages/airflow/example_dags/example_external_task_marker_dag.py
[2025-11-04T22:17:31.546-0300] {logging_mixin.py:188} INFO - [2025-11-04T22:17:31.546-0300] {dag.py:3089} INFO - Sync 2 DAGs
[2025-11-04T22:17:31.556-0300] {logging_mixin.py:188} INFO - [2025-11-04T22:17:31.556-0300] {dag.py:3947} INFO - Setting next_dagrun for example_external_task_marker_child to None, run_after=None
[2025-11-04T22:17:31.560-0300] {logging_mixin.py:188} INFO - [2025-11-04T22:17:31.559-0300] {dag.py:3947} INFO - Setting next_dagrun for example_external_task_marker_parent to None, run_after=None
[2025-11-04T22:17:31.580-0300] {processor.py:183} INFO - Processing /Users/joaovitor/airflow_env/lib/python3.11/site-packages/airflow/example_dags/example_external_task_marker_dag.py took 0.161 seconds
[2025-11-04T22:21:36.154-0300] {processor.py:161} INFO - Started process (PID=31899) to work on /Users/joaovitor/airflow_env/lib/python3.11/site-packages/airflow/example_dags/example_external_task_marker_dag.py
[2025-11-04T22:21:36.157-0300] {processor.py:830} INFO - Processing file /Users/joaovitor/airflow_env/lib/python3.11/site-packages/airflow/example_dags/example_external_task_marker_dag.py for tasks to queue
[2025-11-04T22:21:36.158-0300] {logging_mixin.py:188} INFO - [2025-11-04T22:21:36.157-0300] {dagbag.py:545} INFO - Filling up the DagBag from /Users/joaovitor/airflow_env/lib/python3.11/site-packages/airflow/example_dags/example_external_task_marker_dag.py
[2025-11-04T22:21:36.179-0300] {processor.py:840} INFO - DAG(s) 'example_external_task_marker_parent', 'example_external_task_marker_child' retrieved from /Users/joaovitor/airflow_env/lib/python3.11/site-packages/airflow/example_dags/example_external_task_marker_dag.py
[2025-11-04T22:21:36.300-0300] {logging_mixin.py:188} INFO - [2025-11-04T22:21:36.300-0300] {dag.py:3089} INFO - Sync 2 DAGs
[2025-11-04T22:21:36.313-0300] {logging_mixin.py:188} INFO - [2025-11-04T22:21:36.313-0300] {dag.py:3947} INFO - Setting next_dagrun for example_external_task_marker_child to None, run_after=None
[2025-11-04T22:21:36.317-0300] {logging_mixin.py:188} INFO - [2025-11-04T22:21:36.317-0300] {dag.py:3947} INFO - Setting next_dagrun for example_external_task_marker_parent to None, run_after=None
[2025-11-04T22:21:36.340-0300] {processor.py:183} INFO - Processing /Users/joaovitor/airflow_env/lib/python3.11/site-packages/airflow/example_dags/example_external_task_marker_dag.py took 0.190 seconds
[2025-11-04T22:25:48.845-0300] {processor.py:161} INFO - Started process (PID=31996) to work on /Users/joaovitor/airflow_env/lib/python3.11/site-packages/airflow/example_dags/example_external_task_marker_dag.py
[2025-11-04T22:25:48.846-0300] {processor.py:830} INFO - Processing file /Users/joaovitor/airflow_env/lib/python3.11/site-packages/airflow/example_dags/example_external_task_marker_dag.py for tasks to queue
[2025-11-04T22:25:48.847-0300] {logging_mixin.py:188} INFO - [2025-11-04T22:25:48.847-0300] {dagbag.py:545} INFO - Filling up the DagBag from /Users/joaovitor/airflow_env/lib/python3.11/site-packages/airflow/example_dags/example_external_task_marker_dag.py
[2025-11-04T22:25:48.862-0300] {processor.py:840} INFO - DAG(s) 'example_external_task_marker_child', 'example_external_task_marker_parent' retrieved from /Users/joaovitor/airflow_env/lib/python3.11/site-packages/airflow/example_dags/example_external_task_marker_dag.py
[2025-11-04T22:25:48.990-0300] {logging_mixin.py:188} INFO - [2025-11-04T22:25:48.989-0300] {dag.py:3089} INFO - Sync 2 DAGs
[2025-11-04T22:25:49.001-0300] {logging_mixin.py:188} INFO - [2025-11-04T22:25:49.000-0300] {dag.py:3947} INFO - Setting next_dagrun for example_external_task_marker_child to None, run_after=None
[2025-11-04T22:25:49.004-0300] {logging_mixin.py:188} INFO - [2025-11-04T22:25:49.004-0300] {dag.py:3947} INFO - Setting next_dagrun for example_external_task_marker_parent to None, run_after=None
[2025-11-04T22:25:49.027-0300] {processor.py:183} INFO - Processing /Users/joaovitor/airflow_env/lib/python3.11/site-packages/airflow/example_dags/example_external_task_marker_dag.py took 0.185 seconds
[2025-11-04T22:30:06.335-0300] {processor.py:161} INFO - Started process (PID=32080) to work on /Users/joaovitor/airflow_env/lib/python3.11/site-packages/airflow/example_dags/example_external_task_marker_dag.py
[2025-11-04T22:30:06.339-0300] {processor.py:830} INFO - Processing file /Users/joaovitor/airflow_env/lib/python3.11/site-packages/airflow/example_dags/example_external_task_marker_dag.py for tasks to queue
[2025-11-04T22:30:06.340-0300] {logging_mixin.py:188} INFO - [2025-11-04T22:30:06.340-0300] {dagbag.py:545} INFO - Filling up the DagBag from /Users/joaovitor/airflow_env/lib/python3.11/site-packages/airflow/example_dags/example_external_task_marker_dag.py
[2025-11-04T22:30:06.359-0300] {processor.py:840} INFO - DAG(s) 'example_external_task_marker_parent', 'example_external_task_marker_child' retrieved from /Users/joaovitor/airflow_env/lib/python3.11/site-packages/airflow/example_dags/example_external_task_marker_dag.py
[2025-11-04T22:30:06.529-0300] {logging_mixin.py:188} INFO - [2025-11-04T22:30:06.529-0300] {dag.py:3089} INFO - Sync 2 DAGs
[2025-11-04T22:30:06.540-0300] {logging_mixin.py:188} INFO - [2025-11-04T22:30:06.540-0300] {dag.py:3947} INFO - Setting next_dagrun for example_external_task_marker_child to None, run_after=None
[2025-11-04T22:30:06.544-0300] {logging_mixin.py:188} INFO - [2025-11-04T22:30:06.543-0300] {dag.py:3947} INFO - Setting next_dagrun for example_external_task_marker_parent to None, run_after=None
[2025-11-04T22:30:06.568-0300] {processor.py:183} INFO - Processing /Users/joaovitor/airflow_env/lib/python3.11/site-packages/airflow/example_dags/example_external_task_marker_dag.py took 0.243 seconds
[2025-11-04T22:35:19.969-0300] {processor.py:161} INFO - Started process (PID=32352) to work on /Users/joaovitor/airflow_env/lib/python3.11/site-packages/airflow/example_dags/example_external_task_marker_dag.py
[2025-11-04T22:35:19.971-0300] {processor.py:830} INFO - Processing file /Users/joaovitor/airflow_env/lib/python3.11/site-packages/airflow/example_dags/example_external_task_marker_dag.py for tasks to queue
[2025-11-04T22:35:19.972-0300] {logging_mixin.py:188} INFO - [2025-11-04T22:35:19.972-0300] {dagbag.py:545} INFO - Filling up the DagBag from /Users/joaovitor/airflow_env/lib/python3.11/site-packages/airflow/example_dags/example_external_task_marker_dag.py
[2025-11-04T22:35:19.989-0300] {processor.py:840} INFO - DAG(s) 'example_external_task_marker_child', 'example_external_task_marker_parent' retrieved from /Users/joaovitor/airflow_env/lib/python3.11/site-packages/airflow/example_dags/example_external_task_marker_dag.py
[2025-11-04T22:35:20.103-0300] {logging_mixin.py:188} INFO - [2025-11-04T22:35:20.102-0300] {dag.py:3089} INFO - Sync 2 DAGs
[2025-11-04T22:35:20.113-0300] {logging_mixin.py:188} INFO - [2025-11-04T22:35:20.113-0300] {dag.py:3947} INFO - Setting next_dagrun for example_external_task_marker_child to None, run_after=None
[2025-11-04T22:35:20.116-0300] {logging_mixin.py:188} INFO - [2025-11-04T22:35:20.116-0300] {dag.py:3947} INFO - Setting next_dagrun for example_external_task_marker_parent to None, run_after=None
[2025-11-04T22:35:20.138-0300] {processor.py:183} INFO - Processing /Users/joaovitor/airflow_env/lib/python3.11/site-packages/airflow/example_dags/example_external_task_marker_dag.py took 0.172 seconds
[2025-11-04T22:39:57.119-0300] {processor.py:161} INFO - Started process (PID=32683) to work on /Users/joaovitor/airflow_env/lib/python3.11/site-packages/airflow/example_dags/example_external_task_marker_dag.py
[2025-11-04T22:39:57.121-0300] {processor.py:830} INFO - Processing file /Users/joaovitor/airflow_env/lib/python3.11/site-packages/airflow/example_dags/example_external_task_marker_dag.py for tasks to queue
[2025-11-04T22:39:57.122-0300] {logging_mixin.py:188} INFO - [2025-11-04T22:39:57.122-0300] {dagbag.py:545} INFO - Filling up the DagBag from /Users/joaovitor/airflow_env/lib/python3.11/site-packages/airflow/example_dags/example_external_task_marker_dag.py
[2025-11-04T22:39:57.140-0300] {processor.py:840} INFO - DAG(s) 'example_external_task_marker_parent', 'example_external_task_marker_child' retrieved from /Users/joaovitor/airflow_env/lib/python3.11/site-packages/airflow/example_dags/example_external_task_marker_dag.py
[2025-11-04T22:39:57.388-0300] {logging_mixin.py:188} INFO - [2025-11-04T22:39:57.387-0300] {dag.py:3089} INFO - Sync 2 DAGs
[2025-11-04T22:39:57.399-0300] {logging_mixin.py:188} INFO - [2025-11-04T22:39:57.398-0300] {dag.py:3947} INFO - Setting next_dagrun for example_external_task_marker_child to None, run_after=None
[2025-11-04T22:39:57.402-0300] {logging_mixin.py:188} INFO - [2025-11-04T22:39:57.401-0300] {dag.py:3947} INFO - Setting next_dagrun for example_external_task_marker_parent to None, run_after=None
[2025-11-04T22:39:57.423-0300] {processor.py:183} INFO - Processing /Users/joaovitor/airflow_env/lib/python3.11/site-packages/airflow/example_dags/example_external_task_marker_dag.py took 0.306 seconds
[2025-11-04T22:44:35.728-0300] {processor.py:161} INFO - Started process (PID=32794) to work on /Users/joaovitor/airflow_env/lib/python3.11/site-packages/airflow/example_dags/example_external_task_marker_dag.py
[2025-11-04T22:44:35.730-0300] {processor.py:830} INFO - Processing file /Users/joaovitor/airflow_env/lib/python3.11/site-packages/airflow/example_dags/example_external_task_marker_dag.py for tasks to queue
[2025-11-04T22:44:35.731-0300] {logging_mixin.py:188} INFO - [2025-11-04T22:44:35.730-0300] {dagbag.py:545} INFO - Filling up the DagBag from /Users/joaovitor/airflow_env/lib/python3.11/site-packages/airflow/example_dags/example_external_task_marker_dag.py
[2025-11-04T22:44:35.750-0300] {processor.py:840} INFO - DAG(s) 'example_external_task_marker_child', 'example_external_task_marker_parent' retrieved from /Users/joaovitor/airflow_env/lib/python3.11/site-packages/airflow/example_dags/example_external_task_marker_dag.py
[2025-11-04T22:44:35.882-0300] {logging_mixin.py:188} INFO - [2025-11-04T22:44:35.882-0300] {dag.py:3089} INFO - Sync 2 DAGs
[2025-11-04T22:44:35.896-0300] {logging_mixin.py:188} INFO - [2025-11-04T22:44:35.895-0300] {dag.py:3947} INFO - Setting next_dagrun for example_external_task_marker_child to None, run_after=None
[2025-11-04T22:44:35.899-0300] {logging_mixin.py:188} INFO - [2025-11-04T22:44:35.899-0300] {dag.py:3947} INFO - Setting next_dagrun for example_external_task_marker_parent to None, run_after=None
[2025-11-04T22:44:35.920-0300] {processor.py:183} INFO - Processing /Users/joaovitor/airflow_env/lib/python3.11/site-packages/airflow/example_dags/example_external_task_marker_dag.py took 0.195 seconds
[2025-11-04T22:49:05.291-0300] {processor.py:161} INFO - Started process (PID=32907) to work on /Users/joaovitor/airflow_env/lib/python3.11/site-packages/airflow/example_dags/example_external_task_marker_dag.py
[2025-11-04T22:49:05.293-0300] {processor.py:830} INFO - Processing file /Users/joaovitor/airflow_env/lib/python3.11/site-packages/airflow/example_dags/example_external_task_marker_dag.py for tasks to queue
[2025-11-04T22:49:05.294-0300] {logging_mixin.py:188} INFO - [2025-11-04T22:49:05.293-0300] {dagbag.py:545} INFO - Filling up the DagBag from /Users/joaovitor/airflow_env/lib/python3.11/site-packages/airflow/example_dags/example_external_task_marker_dag.py
[2025-11-04T22:49:05.310-0300] {processor.py:840} INFO - DAG(s) 'example_external_task_marker_child', 'example_external_task_marker_parent' retrieved from /Users/joaovitor/airflow_env/lib/python3.11/site-packages/airflow/example_dags/example_external_task_marker_dag.py
[2025-11-04T22:49:05.423-0300] {logging_mixin.py:188} INFO - [2025-11-04T22:49:05.422-0300] {dag.py:3089} INFO - Sync 2 DAGs
[2025-11-04T22:49:05.433-0300] {logging_mixin.py:188} INFO - [2025-11-04T22:49:05.433-0300] {dag.py:3947} INFO - Setting next_dagrun for example_external_task_marker_child to None, run_after=None
[2025-11-04T22:49:05.436-0300] {logging_mixin.py:188} INFO - [2025-11-04T22:49:05.436-0300] {dag.py:3947} INFO - Setting next_dagrun for example_external_task_marker_parent to None, run_after=None
[2025-11-04T22:49:05.456-0300] {processor.py:183} INFO - Processing /Users/joaovitor/airflow_env/lib/python3.11/site-packages/airflow/example_dags/example_external_task_marker_dag.py took 0.168 seconds
[2025-11-04T22:53:45.933-0300] {processor.py:161} INFO - Started process (PID=33021) to work on /Users/joaovitor/airflow_env/lib/python3.11/site-packages/airflow/example_dags/example_external_task_marker_dag.py
[2025-11-04T22:53:45.936-0300] {processor.py:830} INFO - Processing file /Users/joaovitor/airflow_env/lib/python3.11/site-packages/airflow/example_dags/example_external_task_marker_dag.py for tasks to queue
[2025-11-04T22:53:45.938-0300] {logging_mixin.py:188} INFO - [2025-11-04T22:53:45.937-0300] {dagbag.py:545} INFO - Filling up the DagBag from /Users/joaovitor/airflow_env/lib/python3.11/site-packages/airflow/example_dags/example_external_task_marker_dag.py
[2025-11-04T22:53:45.957-0300] {processor.py:840} INFO - DAG(s) 'example_external_task_marker_child', 'example_external_task_marker_parent' retrieved from /Users/joaovitor/airflow_env/lib/python3.11/site-packages/airflow/example_dags/example_external_task_marker_dag.py
[2025-11-04T22:53:46.154-0300] {logging_mixin.py:188} INFO - [2025-11-04T22:53:46.153-0300] {dag.py:3089} INFO - Sync 2 DAGs
[2025-11-04T22:53:46.168-0300] {logging_mixin.py:188} INFO - [2025-11-04T22:53:46.168-0300] {dag.py:3947} INFO - Setting next_dagrun for example_external_task_marker_child to None, run_after=None
[2025-11-04T22:53:46.171-0300] {logging_mixin.py:188} INFO - [2025-11-04T22:53:46.171-0300] {dag.py:3947} INFO - Setting next_dagrun for example_external_task_marker_parent to None, run_after=None
[2025-11-04T22:53:46.196-0300] {processor.py:183} INFO - Processing /Users/joaovitor/airflow_env/lib/python3.11/site-packages/airflow/example_dags/example_external_task_marker_dag.py took 0.268 seconds
[2025-11-04T22:58:13.512-0300] {processor.py:161} INFO - Started process (PID=33106) to work on /Users/joaovitor/airflow_env/lib/python3.11/site-packages/airflow/example_dags/example_external_task_marker_dag.py
[2025-11-04T22:58:13.513-0300] {processor.py:830} INFO - Processing file /Users/joaovitor/airflow_env/lib/python3.11/site-packages/airflow/example_dags/example_external_task_marker_dag.py for tasks to queue
[2025-11-04T22:58:13.514-0300] {logging_mixin.py:188} INFO - [2025-11-04T22:58:13.513-0300] {dagbag.py:545} INFO - Filling up the DagBag from /Users/joaovitor/airflow_env/lib/python3.11/site-packages/airflow/example_dags/example_external_task_marker_dag.py
[2025-11-04T22:58:13.535-0300] {processor.py:840} INFO - DAG(s) 'example_external_task_marker_parent', 'example_external_task_marker_child' retrieved from /Users/joaovitor/airflow_env/lib/python3.11/site-packages/airflow/example_dags/example_external_task_marker_dag.py
[2025-11-04T22:58:13.668-0300] {logging_mixin.py:188} INFO - [2025-11-04T22:58:13.668-0300] {dag.py:3089} INFO - Sync 2 DAGs
[2025-11-04T22:58:13.680-0300] {logging_mixin.py:188} INFO - [2025-11-04T22:58:13.680-0300] {dag.py:3947} INFO - Setting next_dagrun for example_external_task_marker_child to None, run_after=None
[2025-11-04T22:58:13.686-0300] {logging_mixin.py:188} INFO - [2025-11-04T22:58:13.685-0300] {dag.py:3947} INFO - Setting next_dagrun for example_external_task_marker_parent to None, run_after=None
[2025-11-04T22:58:13.713-0300] {processor.py:183} INFO - Processing /Users/joaovitor/airflow_env/lib/python3.11/site-packages/airflow/example_dags/example_external_task_marker_dag.py took 0.203 seconds
[2025-11-04T23:02:57.537-0300] {processor.py:161} INFO - Started process (PID=33199) to work on /Users/joaovitor/airflow_env/lib/python3.11/site-packages/airflow/example_dags/example_external_task_marker_dag.py
[2025-11-04T23:02:57.539-0300] {processor.py:830} INFO - Processing file /Users/joaovitor/airflow_env/lib/python3.11/site-packages/airflow/example_dags/example_external_task_marker_dag.py for tasks to queue
[2025-11-04T23:02:57.540-0300] {logging_mixin.py:188} INFO - [2025-11-04T23:02:57.540-0300] {dagbag.py:545} INFO - Filling up the DagBag from /Users/joaovitor/airflow_env/lib/python3.11/site-packages/airflow/example_dags/example_external_task_marker_dag.py
[2025-11-04T23:02:57.567-0300] {processor.py:840} INFO - DAG(s) 'example_external_task_marker_child', 'example_external_task_marker_parent' retrieved from /Users/joaovitor/airflow_env/lib/python3.11/site-packages/airflow/example_dags/example_external_task_marker_dag.py
[2025-11-04T23:02:57.757-0300] {logging_mixin.py:188} INFO - [2025-11-04T23:02:57.757-0300] {dag.py:3089} INFO - Sync 2 DAGs
[2025-11-04T23:02:57.773-0300] {logging_mixin.py:188} INFO - [2025-11-04T23:02:57.773-0300] {dag.py:3947} INFO - Setting next_dagrun for example_external_task_marker_child to None, run_after=None
[2025-11-04T23:02:57.779-0300] {logging_mixin.py:188} INFO - [2025-11-04T23:02:57.778-0300] {dag.py:3947} INFO - Setting next_dagrun for example_external_task_marker_parent to None, run_after=None
[2025-11-04T23:02:57.803-0300] {processor.py:183} INFO - Processing /Users/joaovitor/airflow_env/lib/python3.11/site-packages/airflow/example_dags/example_external_task_marker_dag.py took 0.269 seconds
