[2025-11-04T21:46:27.246-0300] {processor.py:161} INFO - Started process (PID=31067) to work on /Users/joaovitor/airflow_env/lib/python3.11/site-packages/airflow/example_dags/example_subdag_operator.py
[2025-11-04T21:46:27.248-0300] {processor.py:830} INFO - Processing file /Users/joaovitor/airflow_env/lib/python3.11/site-packages/airflow/example_dags/example_subdag_operator.py for tasks to queue
[2025-11-04T21:46:27.248-0300] {logging_mixin.py:188} INFO - [2025-11-04T21:46:27.248-0300] {dagbag.py:545} INFO - Filling up the DagBag from /Users/joaovitor/airflow_env/lib/python3.11/site-packages/airflow/example_dags/example_subdag_operator.py
[2025-11-04T21:46:27.357-0300] {processor.py:840} INFO - DAG(s) 'example_subdag_operator.section-1', 'example_subdag_operator.section-2', 'example_subdag_operator' retrieved from /Users/joaovitor/airflow_env/lib/python3.11/site-packages/airflow/example_dags/example_subdag_operator.py
[2025-11-04T21:46:27.494-0300] {logging_mixin.py:188} INFO - [2025-11-04T21:46:27.493-0300] {override.py:1858} INFO - Created Permission View: can delete on DAG:example_subdag_operator
[2025-11-04T21:46:27.504-0300] {logging_mixin.py:188} INFO - [2025-11-04T21:46:27.504-0300] {override.py:1858} INFO - Created Permission View: can read on DAG:example_subdag_operator
[2025-11-04T21:46:27.512-0300] {logging_mixin.py:188} INFO - [2025-11-04T21:46:27.512-0300] {override.py:1858} INFO - Created Permission View: can edit on DAG:example_subdag_operator
[2025-11-04T21:46:27.513-0300] {logging_mixin.py:188} INFO - [2025-11-04T21:46:27.513-0300] {dag.py:3089} INFO - Sync 3 DAGs
[2025-11-04T21:46:27.524-0300] {logging_mixin.py:188} INFO - [2025-11-04T21:46:27.524-0300] {dag.py:3111} INFO - Creating ORM DAG for example_subdag_operator.section-1
[2025-11-04T21:46:27.524-0300] {logging_mixin.py:188} INFO - [2025-11-04T21:46:27.524-0300] {dag.py:3111} INFO - Creating ORM DAG for example_subdag_operator.section-2
[2025-11-04T21:46:27.525-0300] {logging_mixin.py:188} INFO - [2025-11-04T21:46:27.525-0300] {dag.py:3111} INFO - Creating ORM DAG for example_subdag_operator
[2025-11-04T21:46:27.534-0300] {logging_mixin.py:188} INFO - [2025-11-04T21:46:27.533-0300] {dag.py:3947} INFO - Setting next_dagrun for example_subdag_operator to 2022-01-01 00:00:00+00:00, run_after=2022-01-01 00:00:00+00:00
[2025-11-04T21:46:27.535-0300] {logging_mixin.py:188} INFO - [2025-11-04T21:46:27.534-0300] {dag.py:3947} INFO - Setting next_dagrun for example_subdag_operator.section-1 to None, run_after=None
[2025-11-04T21:46:27.535-0300] {logging_mixin.py:188} INFO - [2025-11-04T21:46:27.535-0300] {dag.py:3947} INFO - Setting next_dagrun for example_subdag_operator.section-2 to None, run_after=None
[2025-11-04T21:46:27.542-0300] {logging_mixin.py:188} INFO - [2025-11-04T21:46:27.542-0300] {dag.py:3089} INFO - Sync 2 DAGs
[2025-11-04T21:46:27.547-0300] {logging_mixin.py:188} INFO - [2025-11-04T21:46:27.547-0300] {dag.py:3947} INFO - Setting next_dagrun for example_subdag_operator.section-1 to None, run_after=None
[2025-11-04T21:46:27.549-0300] {logging_mixin.py:188} INFO - [2025-11-04T21:46:27.549-0300] {dag.py:3947} INFO - Setting next_dagrun for example_subdag_operator.section-2 to None, run_after=None
[2025-11-04T21:46:27.566-0300] {processor.py:183} INFO - Processing /Users/joaovitor/airflow_env/lib/python3.11/site-packages/airflow/example_dags/example_subdag_operator.py took 0.323 seconds
[2025-11-04T21:49:27.272-0300] {processor.py:161} INFO - Started process (PID=31162) to work on /Users/joaovitor/airflow_env/lib/python3.11/site-packages/airflow/example_dags/example_subdag_operator.py
[2025-11-04T21:49:27.274-0300] {processor.py:830} INFO - Processing file /Users/joaovitor/airflow_env/lib/python3.11/site-packages/airflow/example_dags/example_subdag_operator.py for tasks to queue
[2025-11-04T21:49:27.275-0300] {logging_mixin.py:188} INFO - [2025-11-04T21:49:27.275-0300] {dagbag.py:545} INFO - Filling up the DagBag from /Users/joaovitor/airflow_env/lib/python3.11/site-packages/airflow/example_dags/example_subdag_operator.py
[2025-11-04T21:49:27.400-0300] {processor.py:840} INFO - DAG(s) 'example_subdag_operator.section-1', 'example_subdag_operator.section-2', 'example_subdag_operator' retrieved from /Users/joaovitor/airflow_env/lib/python3.11/site-packages/airflow/example_dags/example_subdag_operator.py
[2025-11-04T21:49:27.446-0300] {logging_mixin.py:188} INFO - [2025-11-04T21:49:27.446-0300] {dag.py:3089} INFO - Sync 3 DAGs
[2025-11-04T21:49:27.467-0300] {logging_mixin.py:188} INFO - [2025-11-04T21:49:27.467-0300] {dag.py:3947} INFO - Setting next_dagrun for example_subdag_operator to 2022-01-01 00:00:00+00:00, run_after=2022-01-01 00:00:00+00:00
[2025-11-04T21:49:27.471-0300] {logging_mixin.py:188} INFO - [2025-11-04T21:49:27.470-0300] {dag.py:3947} INFO - Setting next_dagrun for example_subdag_operator.section-1 to None, run_after=None
[2025-11-04T21:49:27.472-0300] {logging_mixin.py:188} INFO - [2025-11-04T21:49:27.472-0300] {dag.py:3947} INFO - Setting next_dagrun for example_subdag_operator.section-2 to None, run_after=None
[2025-11-04T21:49:27.478-0300] {logging_mixin.py:188} INFO - [2025-11-04T21:49:27.477-0300] {dag.py:3089} INFO - Sync 2 DAGs
[2025-11-04T21:49:27.483-0300] {logging_mixin.py:188} INFO - [2025-11-04T21:49:27.483-0300] {dag.py:3947} INFO - Setting next_dagrun for example_subdag_operator.section-1 to None, run_after=None
[2025-11-04T21:49:27.484-0300] {logging_mixin.py:188} INFO - [2025-11-04T21:49:27.484-0300] {dag.py:3947} INFO - Setting next_dagrun for example_subdag_operator.section-2 to None, run_after=None
[2025-11-04T21:49:27.499-0300] {processor.py:183} INFO - Processing /Users/joaovitor/airflow_env/lib/python3.11/site-packages/airflow/example_dags/example_subdag_operator.py took 0.231 seconds
[2025-11-04T21:51:44.311-0300] {processor.py:161} INFO - Started process (PID=31229) to work on /Users/joaovitor/airflow_env/lib/python3.11/site-packages/airflow/example_dags/example_subdag_operator.py
[2025-11-04T21:51:44.314-0300] {processor.py:830} INFO - Processing file /Users/joaovitor/airflow_env/lib/python3.11/site-packages/airflow/example_dags/example_subdag_operator.py for tasks to queue
[2025-11-04T21:51:44.315-0300] {logging_mixin.py:188} INFO - [2025-11-04T21:51:44.314-0300] {dagbag.py:545} INFO - Filling up the DagBag from /Users/joaovitor/airflow_env/lib/python3.11/site-packages/airflow/example_dags/example_subdag_operator.py
[2025-11-04T21:51:44.410-0300] {processor.py:840} INFO - DAG(s) 'example_subdag_operator.section-1', 'example_subdag_operator.section-2', 'example_subdag_operator' retrieved from /Users/joaovitor/airflow_env/lib/python3.11/site-packages/airflow/example_dags/example_subdag_operator.py
[2025-11-04T21:51:44.445-0300] {logging_mixin.py:188} INFO - [2025-11-04T21:51:44.445-0300] {dag.py:3089} INFO - Sync 3 DAGs
[2025-11-04T21:51:44.463-0300] {logging_mixin.py:188} INFO - [2025-11-04T21:51:44.462-0300] {dag.py:3947} INFO - Setting next_dagrun for example_subdag_operator to 2022-01-01 00:00:00+00:00, run_after=2022-01-01 00:00:00+00:00
[2025-11-04T21:51:44.466-0300] {logging_mixin.py:188} INFO - [2025-11-04T21:51:44.466-0300] {dag.py:3947} INFO - Setting next_dagrun for example_subdag_operator.section-1 to None, run_after=None
[2025-11-04T21:51:44.467-0300] {logging_mixin.py:188} INFO - [2025-11-04T21:51:44.467-0300] {dag.py:3947} INFO - Setting next_dagrun for example_subdag_operator.section-2 to None, run_after=None
[2025-11-04T21:51:44.475-0300] {logging_mixin.py:188} INFO - [2025-11-04T21:51:44.474-0300] {dag.py:3089} INFO - Sync 2 DAGs
[2025-11-04T21:51:44.481-0300] {logging_mixin.py:188} INFO - [2025-11-04T21:51:44.481-0300] {dag.py:3947} INFO - Setting next_dagrun for example_subdag_operator.section-1 to None, run_after=None
[2025-11-04T21:51:44.481-0300] {logging_mixin.py:188} INFO - [2025-11-04T21:51:44.481-0300] {dag.py:3947} INFO - Setting next_dagrun for example_subdag_operator.section-2 to None, run_after=None
[2025-11-04T21:51:44.496-0300] {processor.py:183} INFO - Processing /Users/joaovitor/airflow_env/lib/python3.11/site-packages/airflow/example_dags/example_subdag_operator.py took 0.188 seconds
[2025-11-04T21:53:41.570-0300] {processor.py:161} INFO - Started process (PID=31271) to work on /Users/joaovitor/airflow_env/lib/python3.11/site-packages/airflow/example_dags/example_subdag_operator.py
[2025-11-04T21:53:41.572-0300] {processor.py:830} INFO - Processing file /Users/joaovitor/airflow_env/lib/python3.11/site-packages/airflow/example_dags/example_subdag_operator.py for tasks to queue
[2025-11-04T21:53:41.573-0300] {logging_mixin.py:188} INFO - [2025-11-04T21:53:41.573-0300] {dagbag.py:545} INFO - Filling up the DagBag from /Users/joaovitor/airflow_env/lib/python3.11/site-packages/airflow/example_dags/example_subdag_operator.py
[2025-11-04T21:53:41.683-0300] {processor.py:840} INFO - DAG(s) 'example_subdag_operator.section-1', 'example_subdag_operator.section-2', 'example_subdag_operator' retrieved from /Users/joaovitor/airflow_env/lib/python3.11/site-packages/airflow/example_dags/example_subdag_operator.py
[2025-11-04T21:53:41.725-0300] {logging_mixin.py:188} INFO - [2025-11-04T21:53:41.725-0300] {dag.py:3089} INFO - Sync 3 DAGs
[2025-11-04T21:53:41.744-0300] {logging_mixin.py:188} INFO - [2025-11-04T21:53:41.744-0300] {dag.py:3947} INFO - Setting next_dagrun for example_subdag_operator to 2022-01-01 00:00:00+00:00, run_after=2022-01-01 00:00:00+00:00
[2025-11-04T21:53:41.748-0300] {logging_mixin.py:188} INFO - [2025-11-04T21:53:41.747-0300] {dag.py:3947} INFO - Setting next_dagrun for example_subdag_operator.section-1 to None, run_after=None
[2025-11-04T21:53:41.749-0300] {logging_mixin.py:188} INFO - [2025-11-04T21:53:41.749-0300] {dag.py:3947} INFO - Setting next_dagrun for example_subdag_operator.section-2 to None, run_after=None
[2025-11-04T21:53:41.756-0300] {logging_mixin.py:188} INFO - [2025-11-04T21:53:41.755-0300] {dag.py:3089} INFO - Sync 2 DAGs
[2025-11-04T21:53:41.760-0300] {logging_mixin.py:188} INFO - [2025-11-04T21:53:41.760-0300] {dag.py:3947} INFO - Setting next_dagrun for example_subdag_operator.section-1 to None, run_after=None
[2025-11-04T21:53:41.760-0300] {logging_mixin.py:188} INFO - [2025-11-04T21:53:41.760-0300] {dag.py:3947} INFO - Setting next_dagrun for example_subdag_operator.section-2 to None, run_after=None
[2025-11-04T21:53:41.775-0300] {processor.py:183} INFO - Processing /Users/joaovitor/airflow_env/lib/python3.11/site-packages/airflow/example_dags/example_subdag_operator.py took 0.208 seconds
[2025-11-04T21:55:34.320-0300] {processor.py:161} INFO - Started process (PID=31313) to work on /Users/joaovitor/airflow_env/lib/python3.11/site-packages/airflow/example_dags/example_subdag_operator.py
[2025-11-04T21:55:34.321-0300] {processor.py:830} INFO - Processing file /Users/joaovitor/airflow_env/lib/python3.11/site-packages/airflow/example_dags/example_subdag_operator.py for tasks to queue
[2025-11-04T21:55:34.322-0300] {logging_mixin.py:188} INFO - [2025-11-04T21:55:34.322-0300] {dagbag.py:545} INFO - Filling up the DagBag from /Users/joaovitor/airflow_env/lib/python3.11/site-packages/airflow/example_dags/example_subdag_operator.py
[2025-11-04T21:55:34.418-0300] {processor.py:840} INFO - DAG(s) 'example_subdag_operator.section-1', 'example_subdag_operator.section-2', 'example_subdag_operator' retrieved from /Users/joaovitor/airflow_env/lib/python3.11/site-packages/airflow/example_dags/example_subdag_operator.py
[2025-11-04T21:55:34.452-0300] {logging_mixin.py:188} INFO - [2025-11-04T21:55:34.452-0300] {dag.py:3089} INFO - Sync 3 DAGs
[2025-11-04T21:55:34.470-0300] {logging_mixin.py:188} INFO - [2025-11-04T21:55:34.470-0300] {dag.py:3947} INFO - Setting next_dagrun for example_subdag_operator to 2022-01-01 00:00:00+00:00, run_after=2022-01-01 00:00:00+00:00
[2025-11-04T21:55:34.473-0300] {logging_mixin.py:188} INFO - [2025-11-04T21:55:34.473-0300] {dag.py:3947} INFO - Setting next_dagrun for example_subdag_operator.section-1 to None, run_after=None
[2025-11-04T21:55:34.474-0300] {logging_mixin.py:188} INFO - [2025-11-04T21:55:34.474-0300] {dag.py:3947} INFO - Setting next_dagrun for example_subdag_operator.section-2 to None, run_after=None
[2025-11-04T21:55:34.480-0300] {logging_mixin.py:188} INFO - [2025-11-04T21:55:34.480-0300] {dag.py:3089} INFO - Sync 2 DAGs
[2025-11-04T21:55:34.486-0300] {logging_mixin.py:188} INFO - [2025-11-04T21:55:34.485-0300] {dag.py:3947} INFO - Setting next_dagrun for example_subdag_operator.section-1 to None, run_after=None
[2025-11-04T21:55:34.486-0300] {logging_mixin.py:188} INFO - [2025-11-04T21:55:34.486-0300] {dag.py:3947} INFO - Setting next_dagrun for example_subdag_operator.section-2 to None, run_after=None
[2025-11-04T21:55:34.502-0300] {processor.py:183} INFO - Processing /Users/joaovitor/airflow_env/lib/python3.11/site-packages/airflow/example_dags/example_subdag_operator.py took 0.184 seconds
[2025-11-04T21:57:24.957-0300] {processor.py:161} INFO - Started process (PID=31353) to work on /Users/joaovitor/airflow_env/lib/python3.11/site-packages/airflow/example_dags/example_subdag_operator.py
[2025-11-04T21:57:24.958-0300] {processor.py:830} INFO - Processing file /Users/joaovitor/airflow_env/lib/python3.11/site-packages/airflow/example_dags/example_subdag_operator.py for tasks to queue
[2025-11-04T21:57:24.959-0300] {logging_mixin.py:188} INFO - [2025-11-04T21:57:24.958-0300] {dagbag.py:545} INFO - Filling up the DagBag from /Users/joaovitor/airflow_env/lib/python3.11/site-packages/airflow/example_dags/example_subdag_operator.py
[2025-11-04T21:57:25.076-0300] {processor.py:840} INFO - DAG(s) 'example_subdag_operator.section-1', 'example_subdag_operator.section-2', 'example_subdag_operator' retrieved from /Users/joaovitor/airflow_env/lib/python3.11/site-packages/airflow/example_dags/example_subdag_operator.py
[2025-11-04T21:57:25.117-0300] {logging_mixin.py:188} INFO - [2025-11-04T21:57:25.116-0300] {dag.py:3089} INFO - Sync 3 DAGs
[2025-11-04T21:57:25.138-0300] {logging_mixin.py:188} INFO - [2025-11-04T21:57:25.138-0300] {dag.py:3947} INFO - Setting next_dagrun for example_subdag_operator to 2022-01-01 00:00:00+00:00, run_after=2022-01-01 00:00:00+00:00
[2025-11-04T21:57:25.142-0300] {logging_mixin.py:188} INFO - [2025-11-04T21:57:25.142-0300] {dag.py:3947} INFO - Setting next_dagrun for example_subdag_operator.section-1 to None, run_after=None
[2025-11-04T21:57:25.144-0300] {logging_mixin.py:188} INFO - [2025-11-04T21:57:25.143-0300] {dag.py:3947} INFO - Setting next_dagrun for example_subdag_operator.section-2 to None, run_after=None
[2025-11-04T21:57:25.151-0300] {logging_mixin.py:188} INFO - [2025-11-04T21:57:25.150-0300] {dag.py:3089} INFO - Sync 2 DAGs
[2025-11-04T21:57:25.155-0300] {logging_mixin.py:188} INFO - [2025-11-04T21:57:25.155-0300] {dag.py:3947} INFO - Setting next_dagrun for example_subdag_operator.section-1 to None, run_after=None
[2025-11-04T21:57:25.156-0300] {logging_mixin.py:188} INFO - [2025-11-04T21:57:25.155-0300] {dag.py:3947} INFO - Setting next_dagrun for example_subdag_operator.section-2 to None, run_after=None
[2025-11-04T21:57:25.176-0300] {processor.py:183} INFO - Processing /Users/joaovitor/airflow_env/lib/python3.11/site-packages/airflow/example_dags/example_subdag_operator.py took 0.222 seconds
[2025-11-04T21:59:16.224-0300] {processor.py:161} INFO - Started process (PID=31392) to work on /Users/joaovitor/airflow_env/lib/python3.11/site-packages/airflow/example_dags/example_subdag_operator.py
[2025-11-04T21:59:16.224-0300] {processor.py:830} INFO - Processing file /Users/joaovitor/airflow_env/lib/python3.11/site-packages/airflow/example_dags/example_subdag_operator.py for tasks to queue
[2025-11-04T21:59:16.225-0300] {logging_mixin.py:188} INFO - [2025-11-04T21:59:16.225-0300] {dagbag.py:545} INFO - Filling up the DagBag from /Users/joaovitor/airflow_env/lib/python3.11/site-packages/airflow/example_dags/example_subdag_operator.py
[2025-11-04T21:59:16.323-0300] {processor.py:840} INFO - DAG(s) 'example_subdag_operator.section-1', 'example_subdag_operator.section-2', 'example_subdag_operator' retrieved from /Users/joaovitor/airflow_env/lib/python3.11/site-packages/airflow/example_dags/example_subdag_operator.py
[2025-11-04T21:59:16.360-0300] {logging_mixin.py:188} INFO - [2025-11-04T21:59:16.359-0300] {dag.py:3089} INFO - Sync 3 DAGs
[2025-11-04T21:59:16.378-0300] {logging_mixin.py:188} INFO - [2025-11-04T21:59:16.378-0300] {dag.py:3947} INFO - Setting next_dagrun for example_subdag_operator to 2022-01-01 00:00:00+00:00, run_after=2022-01-01 00:00:00+00:00
[2025-11-04T21:59:16.382-0300] {logging_mixin.py:188} INFO - [2025-11-04T21:59:16.382-0300] {dag.py:3947} INFO - Setting next_dagrun for example_subdag_operator.section-1 to None, run_after=None
[2025-11-04T21:59:16.383-0300] {logging_mixin.py:188} INFO - [2025-11-04T21:59:16.383-0300] {dag.py:3947} INFO - Setting next_dagrun for example_subdag_operator.section-2 to None, run_after=None
[2025-11-04T21:59:16.389-0300] {logging_mixin.py:188} INFO - [2025-11-04T21:59:16.388-0300] {dag.py:3089} INFO - Sync 2 DAGs
[2025-11-04T21:59:16.392-0300] {logging_mixin.py:188} INFO - [2025-11-04T21:59:16.392-0300] {dag.py:3947} INFO - Setting next_dagrun for example_subdag_operator.section-1 to None, run_after=None
[2025-11-04T21:59:16.393-0300] {logging_mixin.py:188} INFO - [2025-11-04T21:59:16.393-0300] {dag.py:3947} INFO - Setting next_dagrun for example_subdag_operator.section-2 to None, run_after=None
[2025-11-04T21:59:16.409-0300] {processor.py:183} INFO - Processing /Users/joaovitor/airflow_env/lib/python3.11/site-packages/airflow/example_dags/example_subdag_operator.py took 0.188 seconds
[2025-11-04T22:04:51.276-0300] {processor.py:161} INFO - Started process (PID=31448) to work on /Users/joaovitor/airflow_env/lib/python3.11/site-packages/airflow/example_dags/example_subdag_operator.py
[2025-11-04T22:04:51.277-0300] {processor.py:830} INFO - Processing file /Users/joaovitor/airflow_env/lib/python3.11/site-packages/airflow/example_dags/example_subdag_operator.py for tasks to queue
[2025-11-04T22:04:51.278-0300] {logging_mixin.py:188} INFO - [2025-11-04T22:04:51.278-0300] {dagbag.py:545} INFO - Filling up the DagBag from /Users/joaovitor/airflow_env/lib/python3.11/site-packages/airflow/example_dags/example_subdag_operator.py
[2025-11-04T22:04:51.384-0300] {processor.py:840} INFO - DAG(s) 'example_subdag_operator.section-1', 'example_subdag_operator.section-2', 'example_subdag_operator' retrieved from /Users/joaovitor/airflow_env/lib/python3.11/site-packages/airflow/example_dags/example_subdag_operator.py
[2025-11-04T22:04:51.425-0300] {logging_mixin.py:188} INFO - [2025-11-04T22:04:51.425-0300] {dag.py:3089} INFO - Sync 3 DAGs
[2025-11-04T22:04:51.444-0300] {logging_mixin.py:188} INFO - [2025-11-04T22:04:51.444-0300] {dag.py:3947} INFO - Setting next_dagrun for example_subdag_operator to 2022-01-01 00:00:00+00:00, run_after=2022-01-01 00:00:00+00:00
[2025-11-04T22:04:51.448-0300] {logging_mixin.py:188} INFO - [2025-11-04T22:04:51.447-0300] {dag.py:3947} INFO - Setting next_dagrun for example_subdag_operator.section-1 to None, run_after=None
[2025-11-04T22:04:51.449-0300] {logging_mixin.py:188} INFO - [2025-11-04T22:04:51.448-0300] {dag.py:3947} INFO - Setting next_dagrun for example_subdag_operator.section-2 to None, run_after=None
[2025-11-04T22:04:51.458-0300] {logging_mixin.py:188} INFO - [2025-11-04T22:04:51.457-0300] {dag.py:3089} INFO - Sync 2 DAGs
[2025-11-04T22:04:51.461-0300] {logging_mixin.py:188} INFO - [2025-11-04T22:04:51.461-0300] {dag.py:3947} INFO - Setting next_dagrun for example_subdag_operator.section-1 to None, run_after=None
[2025-11-04T22:04:51.462-0300] {logging_mixin.py:188} INFO - [2025-11-04T22:04:51.462-0300] {dag.py:3947} INFO - Setting next_dagrun for example_subdag_operator.section-2 to None, run_after=None
[2025-11-04T22:04:51.477-0300] {processor.py:183} INFO - Processing /Users/joaovitor/airflow_env/lib/python3.11/site-packages/airflow/example_dags/example_subdag_operator.py took 0.204 seconds
[2025-11-04T22:06:46.616-0300] {processor.py:161} INFO - Started process (PID=31508) to work on /Users/joaovitor/airflow_env/lib/python3.11/site-packages/airflow/example_dags/example_subdag_operator.py
[2025-11-04T22:06:46.617-0300] {processor.py:830} INFO - Processing file /Users/joaovitor/airflow_env/lib/python3.11/site-packages/airflow/example_dags/example_subdag_operator.py for tasks to queue
[2025-11-04T22:06:46.618-0300] {logging_mixin.py:188} INFO - [2025-11-04T22:06:46.618-0300] {dagbag.py:545} INFO - Filling up the DagBag from /Users/joaovitor/airflow_env/lib/python3.11/site-packages/airflow/example_dags/example_subdag_operator.py
[2025-11-04T22:06:46.717-0300] {processor.py:840} INFO - DAG(s) 'example_subdag_operator.section-1', 'example_subdag_operator.section-2', 'example_subdag_operator' retrieved from /Users/joaovitor/airflow_env/lib/python3.11/site-packages/airflow/example_dags/example_subdag_operator.py
[2025-11-04T22:06:46.754-0300] {logging_mixin.py:188} INFO - [2025-11-04T22:06:46.753-0300] {dag.py:3089} INFO - Sync 3 DAGs
[2025-11-04T22:06:46.772-0300] {logging_mixin.py:188} INFO - [2025-11-04T22:06:46.772-0300] {dag.py:3947} INFO - Setting next_dagrun for example_subdag_operator to 2022-01-01 00:00:00+00:00, run_after=2022-01-01 00:00:00+00:00
[2025-11-04T22:06:46.775-0300] {logging_mixin.py:188} INFO - [2025-11-04T22:06:46.775-0300] {dag.py:3947} INFO - Setting next_dagrun for example_subdag_operator.section-1 to None, run_after=None
[2025-11-04T22:06:46.776-0300] {logging_mixin.py:188} INFO - [2025-11-04T22:06:46.776-0300] {dag.py:3947} INFO - Setting next_dagrun for example_subdag_operator.section-2 to None, run_after=None
[2025-11-04T22:06:46.782-0300] {logging_mixin.py:188} INFO - [2025-11-04T22:06:46.781-0300] {dag.py:3089} INFO - Sync 2 DAGs
[2025-11-04T22:06:46.785-0300] {logging_mixin.py:188} INFO - [2025-11-04T22:06:46.785-0300] {dag.py:3947} INFO - Setting next_dagrun for example_subdag_operator.section-1 to None, run_after=None
[2025-11-04T22:06:46.786-0300] {logging_mixin.py:188} INFO - [2025-11-04T22:06:46.786-0300] {dag.py:3947} INFO - Setting next_dagrun for example_subdag_operator.section-2 to None, run_after=None
[2025-11-04T22:06:46.805-0300] {processor.py:183} INFO - Processing /Users/joaovitor/airflow_env/lib/python3.11/site-packages/airflow/example_dags/example_subdag_operator.py took 0.192 seconds
[2025-11-04T22:08:40.343-0300] {processor.py:161} INFO - Started process (PID=31549) to work on /Users/joaovitor/airflow_env/lib/python3.11/site-packages/airflow/example_dags/example_subdag_operator.py
[2025-11-04T22:08:40.344-0300] {processor.py:830} INFO - Processing file /Users/joaovitor/airflow_env/lib/python3.11/site-packages/airflow/example_dags/example_subdag_operator.py for tasks to queue
[2025-11-04T22:08:40.344-0300] {logging_mixin.py:188} INFO - [2025-11-04T22:08:40.344-0300] {dagbag.py:545} INFO - Filling up the DagBag from /Users/joaovitor/airflow_env/lib/python3.11/site-packages/airflow/example_dags/example_subdag_operator.py
[2025-11-04T22:08:40.441-0300] {processor.py:840} INFO - DAG(s) 'example_subdag_operator.section-1', 'example_subdag_operator.section-2', 'example_subdag_operator' retrieved from /Users/joaovitor/airflow_env/lib/python3.11/site-packages/airflow/example_dags/example_subdag_operator.py
[2025-11-04T22:08:40.476-0300] {logging_mixin.py:188} INFO - [2025-11-04T22:08:40.475-0300] {dag.py:3089} INFO - Sync 3 DAGs
[2025-11-04T22:08:40.493-0300] {logging_mixin.py:188} INFO - [2025-11-04T22:08:40.493-0300] {dag.py:3947} INFO - Setting next_dagrun for example_subdag_operator to 2022-01-01 00:00:00+00:00, run_after=2022-01-01 00:00:00+00:00
[2025-11-04T22:08:40.496-0300] {logging_mixin.py:188} INFO - [2025-11-04T22:08:40.496-0300] {dag.py:3947} INFO - Setting next_dagrun for example_subdag_operator.section-1 to None, run_after=None
[2025-11-04T22:08:40.497-0300] {logging_mixin.py:188} INFO - [2025-11-04T22:08:40.497-0300] {dag.py:3947} INFO - Setting next_dagrun for example_subdag_operator.section-2 to None, run_after=None
[2025-11-04T22:08:40.503-0300] {logging_mixin.py:188} INFO - [2025-11-04T22:08:40.502-0300] {dag.py:3089} INFO - Sync 2 DAGs
[2025-11-04T22:08:40.506-0300] {logging_mixin.py:188} INFO - [2025-11-04T22:08:40.506-0300] {dag.py:3947} INFO - Setting next_dagrun for example_subdag_operator.section-1 to None, run_after=None
[2025-11-04T22:08:40.507-0300] {logging_mixin.py:188} INFO - [2025-11-04T22:08:40.507-0300] {dag.py:3947} INFO - Setting next_dagrun for example_subdag_operator.section-2 to None, run_after=None
[2025-11-04T22:08:40.521-0300] {processor.py:183} INFO - Processing /Users/joaovitor/airflow_env/lib/python3.11/site-packages/airflow/example_dags/example_subdag_operator.py took 0.181 seconds
[2025-11-04T22:10:34.122-0300] {processor.py:161} INFO - Started process (PID=31597) to work on /Users/joaovitor/airflow_env/lib/python3.11/site-packages/airflow/example_dags/example_subdag_operator.py
[2025-11-04T22:10:34.124-0300] {processor.py:830} INFO - Processing file /Users/joaovitor/airflow_env/lib/python3.11/site-packages/airflow/example_dags/example_subdag_operator.py for tasks to queue
[2025-11-04T22:10:34.124-0300] {logging_mixin.py:188} INFO - [2025-11-04T22:10:34.124-0300] {dagbag.py:545} INFO - Filling up the DagBag from /Users/joaovitor/airflow_env/lib/python3.11/site-packages/airflow/example_dags/example_subdag_operator.py
[2025-11-04T22:10:34.232-0300] {processor.py:840} INFO - DAG(s) 'example_subdag_operator.section-1', 'example_subdag_operator.section-2', 'example_subdag_operator' retrieved from /Users/joaovitor/airflow_env/lib/python3.11/site-packages/airflow/example_dags/example_subdag_operator.py
[2025-11-04T22:10:34.271-0300] {logging_mixin.py:188} INFO - [2025-11-04T22:10:34.271-0300] {dag.py:3089} INFO - Sync 3 DAGs
[2025-11-04T22:10:34.291-0300] {logging_mixin.py:188} INFO - [2025-11-04T22:10:34.291-0300] {dag.py:3947} INFO - Setting next_dagrun for example_subdag_operator to 2022-01-01 00:00:00+00:00, run_after=2022-01-01 00:00:00+00:00
[2025-11-04T22:10:34.294-0300] {logging_mixin.py:188} INFO - [2025-11-04T22:10:34.294-0300] {dag.py:3947} INFO - Setting next_dagrun for example_subdag_operator.section-1 to None, run_after=None
[2025-11-04T22:10:34.296-0300] {logging_mixin.py:188} INFO - [2025-11-04T22:10:34.295-0300] {dag.py:3947} INFO - Setting next_dagrun for example_subdag_operator.section-2 to None, run_after=None
[2025-11-04T22:10:34.302-0300] {logging_mixin.py:188} INFO - [2025-11-04T22:10:34.302-0300] {dag.py:3089} INFO - Sync 2 DAGs
[2025-11-04T22:10:34.306-0300] {logging_mixin.py:188} INFO - [2025-11-04T22:10:34.306-0300] {dag.py:3947} INFO - Setting next_dagrun for example_subdag_operator.section-1 to None, run_after=None
[2025-11-04T22:10:34.307-0300] {logging_mixin.py:188} INFO - [2025-11-04T22:10:34.306-0300] {dag.py:3947} INFO - Setting next_dagrun for example_subdag_operator.section-2 to None, run_after=None
[2025-11-04T22:10:34.322-0300] {processor.py:183} INFO - Processing /Users/joaovitor/airflow_env/lib/python3.11/site-packages/airflow/example_dags/example_subdag_operator.py took 0.202 seconds
[2025-11-04T22:12:33.819-0300] {processor.py:161} INFO - Started process (PID=31641) to work on /Users/joaovitor/airflow_env/lib/python3.11/site-packages/airflow/example_dags/example_subdag_operator.py
[2025-11-04T22:12:33.820-0300] {processor.py:830} INFO - Processing file /Users/joaovitor/airflow_env/lib/python3.11/site-packages/airflow/example_dags/example_subdag_operator.py for tasks to queue
[2025-11-04T22:12:33.821-0300] {logging_mixin.py:188} INFO - [2025-11-04T22:12:33.820-0300] {dagbag.py:545} INFO - Filling up the DagBag from /Users/joaovitor/airflow_env/lib/python3.11/site-packages/airflow/example_dags/example_subdag_operator.py
[2025-11-04T22:12:33.939-0300] {processor.py:840} INFO - DAG(s) 'example_subdag_operator.section-1', 'example_subdag_operator.section-2', 'example_subdag_operator' retrieved from /Users/joaovitor/airflow_env/lib/python3.11/site-packages/airflow/example_dags/example_subdag_operator.py
[2025-11-04T22:12:33.982-0300] {logging_mixin.py:188} INFO - [2025-11-04T22:12:33.981-0300] {dag.py:3089} INFO - Sync 3 DAGs
[2025-11-04T22:12:34.003-0300] {logging_mixin.py:188} INFO - [2025-11-04T22:12:34.003-0300] {dag.py:3947} INFO - Setting next_dagrun for example_subdag_operator to 2022-01-01 00:00:00+00:00, run_after=2022-01-01 00:00:00+00:00
[2025-11-04T22:12:34.007-0300] {logging_mixin.py:188} INFO - [2025-11-04T22:12:34.006-0300] {dag.py:3947} INFO - Setting next_dagrun for example_subdag_operator.section-1 to None, run_after=None
[2025-11-04T22:12:34.008-0300] {logging_mixin.py:188} INFO - [2025-11-04T22:12:34.008-0300] {dag.py:3947} INFO - Setting next_dagrun for example_subdag_operator.section-2 to None, run_after=None
[2025-11-04T22:12:34.017-0300] {logging_mixin.py:188} INFO - [2025-11-04T22:12:34.016-0300] {dag.py:3089} INFO - Sync 2 DAGs
[2025-11-04T22:12:34.020-0300] {logging_mixin.py:188} INFO - [2025-11-04T22:12:34.020-0300] {dag.py:3947} INFO - Setting next_dagrun for example_subdag_operator.section-1 to None, run_after=None
[2025-11-04T22:12:34.021-0300] {logging_mixin.py:188} INFO - [2025-11-04T22:12:34.021-0300] {dag.py:3947} INFO - Setting next_dagrun for example_subdag_operator.section-2 to None, run_after=None
[2025-11-04T22:12:34.038-0300] {processor.py:183} INFO - Processing /Users/joaovitor/airflow_env/lib/python3.11/site-packages/airflow/example_dags/example_subdag_operator.py took 0.222 seconds
[2025-11-04T22:14:34.624-0300] {processor.py:161} INFO - Started process (PID=31692) to work on /Users/joaovitor/airflow_env/lib/python3.11/site-packages/airflow/example_dags/example_subdag_operator.py
[2025-11-04T22:14:34.625-0300] {processor.py:830} INFO - Processing file /Users/joaovitor/airflow_env/lib/python3.11/site-packages/airflow/example_dags/example_subdag_operator.py for tasks to queue
[2025-11-04T22:14:34.626-0300] {logging_mixin.py:188} INFO - [2025-11-04T22:14:34.626-0300] {dagbag.py:545} INFO - Filling up the DagBag from /Users/joaovitor/airflow_env/lib/python3.11/site-packages/airflow/example_dags/example_subdag_operator.py
[2025-11-04T22:14:34.729-0300] {processor.py:840} INFO - DAG(s) 'example_subdag_operator.section-1', 'example_subdag_operator.section-2', 'example_subdag_operator' retrieved from /Users/joaovitor/airflow_env/lib/python3.11/site-packages/airflow/example_dags/example_subdag_operator.py
[2025-11-04T22:14:34.767-0300] {logging_mixin.py:188} INFO - [2025-11-04T22:14:34.767-0300] {dag.py:3089} INFO - Sync 3 DAGs
[2025-11-04T22:14:34.785-0300] {logging_mixin.py:188} INFO - [2025-11-04T22:14:34.784-0300] {dag.py:3947} INFO - Setting next_dagrun for example_subdag_operator to 2022-01-01 00:00:00+00:00, run_after=2022-01-01 00:00:00+00:00
[2025-11-04T22:14:34.789-0300] {logging_mixin.py:188} INFO - [2025-11-04T22:14:34.788-0300] {dag.py:3947} INFO - Setting next_dagrun for example_subdag_operator.section-1 to None, run_after=None
[2025-11-04T22:14:34.790-0300] {logging_mixin.py:188} INFO - [2025-11-04T22:14:34.790-0300] {dag.py:3947} INFO - Setting next_dagrun for example_subdag_operator.section-2 to None, run_after=None
[2025-11-04T22:14:34.796-0300] {logging_mixin.py:188} INFO - [2025-11-04T22:14:34.796-0300] {dag.py:3089} INFO - Sync 2 DAGs
[2025-11-04T22:14:34.800-0300] {logging_mixin.py:188} INFO - [2025-11-04T22:14:34.800-0300] {dag.py:3947} INFO - Setting next_dagrun for example_subdag_operator.section-1 to None, run_after=None
[2025-11-04T22:14:34.801-0300] {logging_mixin.py:188} INFO - [2025-11-04T22:14:34.800-0300] {dag.py:3947} INFO - Setting next_dagrun for example_subdag_operator.section-2 to None, run_after=None
[2025-11-04T22:14:34.816-0300] {processor.py:183} INFO - Processing /Users/joaovitor/airflow_env/lib/python3.11/site-packages/airflow/example_dags/example_subdag_operator.py took 0.194 seconds
[2025-11-04T22:16:44.828-0300] {processor.py:161} INFO - Started process (PID=31750) to work on /Users/joaovitor/airflow_env/lib/python3.11/site-packages/airflow/example_dags/example_subdag_operator.py
[2025-11-04T22:16:44.830-0300] {processor.py:830} INFO - Processing file /Users/joaovitor/airflow_env/lib/python3.11/site-packages/airflow/example_dags/example_subdag_operator.py for tasks to queue
[2025-11-04T22:16:44.830-0300] {logging_mixin.py:188} INFO - [2025-11-04T22:16:44.830-0300] {dagbag.py:545} INFO - Filling up the DagBag from /Users/joaovitor/airflow_env/lib/python3.11/site-packages/airflow/example_dags/example_subdag_operator.py
[2025-11-04T22:16:44.939-0300] {processor.py:840} INFO - DAG(s) 'example_subdag_operator.section-1', 'example_subdag_operator.section-2', 'example_subdag_operator' retrieved from /Users/joaovitor/airflow_env/lib/python3.11/site-packages/airflow/example_dags/example_subdag_operator.py
[2025-11-04T22:16:44.980-0300] {logging_mixin.py:188} INFO - [2025-11-04T22:16:44.980-0300] {dag.py:3089} INFO - Sync 3 DAGs
[2025-11-04T22:16:45.000-0300] {logging_mixin.py:188} INFO - [2025-11-04T22:16:45.000-0300] {dag.py:3947} INFO - Setting next_dagrun for example_subdag_operator to 2022-01-01 00:00:00+00:00, run_after=2022-01-01 00:00:00+00:00
[2025-11-04T22:16:45.003-0300] {logging_mixin.py:188} INFO - [2025-11-04T22:16:45.003-0300] {dag.py:3947} INFO - Setting next_dagrun for example_subdag_operator.section-1 to None, run_after=None
[2025-11-04T22:16:45.004-0300] {logging_mixin.py:188} INFO - [2025-11-04T22:16:45.004-0300] {dag.py:3947} INFO - Setting next_dagrun for example_subdag_operator.section-2 to None, run_after=None
[2025-11-04T22:16:45.011-0300] {logging_mixin.py:188} INFO - [2025-11-04T22:16:45.010-0300] {dag.py:3089} INFO - Sync 2 DAGs
[2025-11-04T22:16:45.016-0300] {logging_mixin.py:188} INFO - [2025-11-04T22:16:45.015-0300] {dag.py:3947} INFO - Setting next_dagrun for example_subdag_operator.section-1 to None, run_after=None
[2025-11-04T22:16:45.016-0300] {logging_mixin.py:188} INFO - [2025-11-04T22:16:45.016-0300] {dag.py:3947} INFO - Setting next_dagrun for example_subdag_operator.section-2 to None, run_after=None
[2025-11-04T22:16:45.032-0300] {processor.py:183} INFO - Processing /Users/joaovitor/airflow_env/lib/python3.11/site-packages/airflow/example_dags/example_subdag_operator.py took 0.208 seconds
[2025-11-04T22:18:42.292-0300] {processor.py:161} INFO - Started process (PID=31798) to work on /Users/joaovitor/airflow_env/lib/python3.11/site-packages/airflow/example_dags/example_subdag_operator.py
[2025-11-04T22:18:42.294-0300] {processor.py:830} INFO - Processing file /Users/joaovitor/airflow_env/lib/python3.11/site-packages/airflow/example_dags/example_subdag_operator.py for tasks to queue
[2025-11-04T22:18:42.295-0300] {logging_mixin.py:188} INFO - [2025-11-04T22:18:42.295-0300] {dagbag.py:545} INFO - Filling up the DagBag from /Users/joaovitor/airflow_env/lib/python3.11/site-packages/airflow/example_dags/example_subdag_operator.py
[2025-11-04T22:18:42.410-0300] {processor.py:840} INFO - DAG(s) 'example_subdag_operator.section-1', 'example_subdag_operator.section-2', 'example_subdag_operator' retrieved from /Users/joaovitor/airflow_env/lib/python3.11/site-packages/airflow/example_dags/example_subdag_operator.py
[2025-11-04T22:18:42.446-0300] {logging_mixin.py:188} INFO - [2025-11-04T22:18:42.446-0300] {dag.py:3089} INFO - Sync 3 DAGs
[2025-11-04T22:18:42.465-0300] {logging_mixin.py:188} INFO - [2025-11-04T22:18:42.465-0300] {dag.py:3947} INFO - Setting next_dagrun for example_subdag_operator to 2022-01-01 00:00:00+00:00, run_after=2022-01-01 00:00:00+00:00
[2025-11-04T22:18:42.469-0300] {logging_mixin.py:188} INFO - [2025-11-04T22:18:42.468-0300] {dag.py:3947} INFO - Setting next_dagrun for example_subdag_operator.section-1 to None, run_after=None
[2025-11-04T22:18:42.470-0300] {logging_mixin.py:188} INFO - [2025-11-04T22:18:42.470-0300] {dag.py:3947} INFO - Setting next_dagrun for example_subdag_operator.section-2 to None, run_after=None
[2025-11-04T22:18:42.476-0300] {logging_mixin.py:188} INFO - [2025-11-04T22:18:42.475-0300] {dag.py:3089} INFO - Sync 2 DAGs
[2025-11-04T22:18:42.480-0300] {logging_mixin.py:188} INFO - [2025-11-04T22:18:42.479-0300] {dag.py:3947} INFO - Setting next_dagrun for example_subdag_operator.section-1 to None, run_after=None
[2025-11-04T22:18:42.480-0300] {logging_mixin.py:188} INFO - [2025-11-04T22:18:42.480-0300] {dag.py:3947} INFO - Setting next_dagrun for example_subdag_operator.section-2 to None, run_after=None
[2025-11-04T22:18:42.494-0300] {processor.py:183} INFO - Processing /Users/joaovitor/airflow_env/lib/python3.11/site-packages/airflow/example_dags/example_subdag_operator.py took 0.205 seconds
[2025-11-04T22:20:44.838-0300] {processor.py:161} INFO - Started process (PID=31838) to work on /Users/joaovitor/airflow_env/lib/python3.11/site-packages/airflow/example_dags/example_subdag_operator.py
[2025-11-04T22:20:44.840-0300] {processor.py:830} INFO - Processing file /Users/joaovitor/airflow_env/lib/python3.11/site-packages/airflow/example_dags/example_subdag_operator.py for tasks to queue
[2025-11-04T22:20:44.841-0300] {logging_mixin.py:188} INFO - [2025-11-04T22:20:44.841-0300] {dagbag.py:545} INFO - Filling up the DagBag from /Users/joaovitor/airflow_env/lib/python3.11/site-packages/airflow/example_dags/example_subdag_operator.py
[2025-11-04T22:20:44.945-0300] {processor.py:840} INFO - DAG(s) 'example_subdag_operator.section-1', 'example_subdag_operator.section-2', 'example_subdag_operator' retrieved from /Users/joaovitor/airflow_env/lib/python3.11/site-packages/airflow/example_dags/example_subdag_operator.py
[2025-11-04T22:20:44.981-0300] {logging_mixin.py:188} INFO - [2025-11-04T22:20:44.981-0300] {dag.py:3089} INFO - Sync 3 DAGs
[2025-11-04T22:20:44.999-0300] {logging_mixin.py:188} INFO - [2025-11-04T22:20:44.999-0300] {dag.py:3947} INFO - Setting next_dagrun for example_subdag_operator to 2022-01-01 00:00:00+00:00, run_after=2022-01-01 00:00:00+00:00
[2025-11-04T22:20:45.003-0300] {logging_mixin.py:188} INFO - [2025-11-04T22:20:45.002-0300] {dag.py:3947} INFO - Setting next_dagrun for example_subdag_operator.section-1 to None, run_after=None
[2025-11-04T22:20:45.004-0300] {logging_mixin.py:188} INFO - [2025-11-04T22:20:45.004-0300] {dag.py:3947} INFO - Setting next_dagrun for example_subdag_operator.section-2 to None, run_after=None
[2025-11-04T22:20:45.009-0300] {logging_mixin.py:188} INFO - [2025-11-04T22:20:45.009-0300] {dag.py:3089} INFO - Sync 2 DAGs
[2025-11-04T22:20:45.013-0300] {logging_mixin.py:188} INFO - [2025-11-04T22:20:45.013-0300] {dag.py:3947} INFO - Setting next_dagrun for example_subdag_operator.section-1 to None, run_after=None
[2025-11-04T22:20:45.013-0300] {logging_mixin.py:188} INFO - [2025-11-04T22:20:45.013-0300] {dag.py:3947} INFO - Setting next_dagrun for example_subdag_operator.section-2 to None, run_after=None
[2025-11-04T22:20:45.027-0300] {processor.py:183} INFO - Processing /Users/joaovitor/airflow_env/lib/python3.11/site-packages/airflow/example_dags/example_subdag_operator.py took 0.192 seconds
[2025-11-04T22:22:51.512-0300] {processor.py:161} INFO - Started process (PID=31937) to work on /Users/joaovitor/airflow_env/lib/python3.11/site-packages/airflow/example_dags/example_subdag_operator.py
[2025-11-04T22:22:51.514-0300] {processor.py:830} INFO - Processing file /Users/joaovitor/airflow_env/lib/python3.11/site-packages/airflow/example_dags/example_subdag_operator.py for tasks to queue
[2025-11-04T22:22:51.515-0300] {logging_mixin.py:188} INFO - [2025-11-04T22:22:51.515-0300] {dagbag.py:545} INFO - Filling up the DagBag from /Users/joaovitor/airflow_env/lib/python3.11/site-packages/airflow/example_dags/example_subdag_operator.py
[2025-11-04T22:22:51.638-0300] {processor.py:840} INFO - DAG(s) 'example_subdag_operator.section-1', 'example_subdag_operator.section-2', 'example_subdag_operator' retrieved from /Users/joaovitor/airflow_env/lib/python3.11/site-packages/airflow/example_dags/example_subdag_operator.py
[2025-11-04T22:22:51.686-0300] {logging_mixin.py:188} INFO - [2025-11-04T22:22:51.686-0300] {dag.py:3089} INFO - Sync 3 DAGs
[2025-11-04T22:22:51.715-0300] {logging_mixin.py:188} INFO - [2025-11-04T22:22:51.715-0300] {dag.py:3947} INFO - Setting next_dagrun for example_subdag_operator to 2022-01-01 00:00:00+00:00, run_after=2022-01-01 00:00:00+00:00
[2025-11-04T22:22:51.718-0300] {logging_mixin.py:188} INFO - [2025-11-04T22:22:51.718-0300] {dag.py:3947} INFO - Setting next_dagrun for example_subdag_operator.section-1 to None, run_after=None
[2025-11-04T22:22:51.719-0300] {logging_mixin.py:188} INFO - [2025-11-04T22:22:51.719-0300] {dag.py:3947} INFO - Setting next_dagrun for example_subdag_operator.section-2 to None, run_after=None
[2025-11-04T22:22:51.726-0300] {logging_mixin.py:188} INFO - [2025-11-04T22:22:51.726-0300] {dag.py:3089} INFO - Sync 2 DAGs
[2025-11-04T22:22:51.731-0300] {logging_mixin.py:188} INFO - [2025-11-04T22:22:51.731-0300] {dag.py:3947} INFO - Setting next_dagrun for example_subdag_operator.section-1 to None, run_after=None
[2025-11-04T22:22:51.732-0300] {logging_mixin.py:188} INFO - [2025-11-04T22:22:51.731-0300] {dag.py:3947} INFO - Setting next_dagrun for example_subdag_operator.section-2 to None, run_after=None
[2025-11-04T22:22:51.748-0300] {processor.py:183} INFO - Processing /Users/joaovitor/airflow_env/lib/python3.11/site-packages/airflow/example_dags/example_subdag_operator.py took 0.240 seconds
[2025-11-04T22:24:58.147-0300] {processor.py:161} INFO - Started process (PID=31978) to work on /Users/joaovitor/airflow_env/lib/python3.11/site-packages/airflow/example_dags/example_subdag_operator.py
[2025-11-04T22:24:58.148-0300] {processor.py:830} INFO - Processing file /Users/joaovitor/airflow_env/lib/python3.11/site-packages/airflow/example_dags/example_subdag_operator.py for tasks to queue
[2025-11-04T22:24:58.149-0300] {logging_mixin.py:188} INFO - [2025-11-04T22:24:58.148-0300] {dagbag.py:545} INFO - Filling up the DagBag from /Users/joaovitor/airflow_env/lib/python3.11/site-packages/airflow/example_dags/example_subdag_operator.py
[2025-11-04T22:24:58.261-0300] {processor.py:840} INFO - DAG(s) 'example_subdag_operator.section-1', 'example_subdag_operator.section-2', 'example_subdag_operator' retrieved from /Users/joaovitor/airflow_env/lib/python3.11/site-packages/airflow/example_dags/example_subdag_operator.py
[2025-11-04T22:24:58.300-0300] {logging_mixin.py:188} INFO - [2025-11-04T22:24:58.300-0300] {dag.py:3089} INFO - Sync 3 DAGs
[2025-11-04T22:24:58.322-0300] {logging_mixin.py:188} INFO - [2025-11-04T22:24:58.321-0300] {dag.py:3947} INFO - Setting next_dagrun for example_subdag_operator to 2022-01-01 00:00:00+00:00, run_after=2022-01-01 00:00:00+00:00
[2025-11-04T22:24:58.325-0300] {logging_mixin.py:188} INFO - [2025-11-04T22:24:58.325-0300] {dag.py:3947} INFO - Setting next_dagrun for example_subdag_operator.section-1 to None, run_after=None
[2025-11-04T22:24:58.326-0300] {logging_mixin.py:188} INFO - [2025-11-04T22:24:58.326-0300] {dag.py:3947} INFO - Setting next_dagrun for example_subdag_operator.section-2 to None, run_after=None
[2025-11-04T22:24:58.332-0300] {logging_mixin.py:188} INFO - [2025-11-04T22:24:58.332-0300] {dag.py:3089} INFO - Sync 2 DAGs
[2025-11-04T22:24:58.337-0300] {logging_mixin.py:188} INFO - [2025-11-04T22:24:58.336-0300] {dag.py:3947} INFO - Setting next_dagrun for example_subdag_operator.section-1 to None, run_after=None
[2025-11-04T22:24:58.338-0300] {logging_mixin.py:188} INFO - [2025-11-04T22:24:58.337-0300] {dag.py:3947} INFO - Setting next_dagrun for example_subdag_operator.section-2 to None, run_after=None
[2025-11-04T22:24:58.352-0300] {processor.py:183} INFO - Processing /Users/joaovitor/airflow_env/lib/python3.11/site-packages/airflow/example_dags/example_subdag_operator.py took 0.207 seconds
[2025-11-04T22:27:04.168-0300] {processor.py:161} INFO - Started process (PID=32020) to work on /Users/joaovitor/airflow_env/lib/python3.11/site-packages/airflow/example_dags/example_subdag_operator.py
[2025-11-04T22:27:04.169-0300] {processor.py:830} INFO - Processing file /Users/joaovitor/airflow_env/lib/python3.11/site-packages/airflow/example_dags/example_subdag_operator.py for tasks to queue
[2025-11-04T22:27:04.170-0300] {logging_mixin.py:188} INFO - [2025-11-04T22:27:04.170-0300] {dagbag.py:545} INFO - Filling up the DagBag from /Users/joaovitor/airflow_env/lib/python3.11/site-packages/airflow/example_dags/example_subdag_operator.py
[2025-11-04T22:27:04.283-0300] {processor.py:840} INFO - DAG(s) 'example_subdag_operator.section-1', 'example_subdag_operator.section-2', 'example_subdag_operator' retrieved from /Users/joaovitor/airflow_env/lib/python3.11/site-packages/airflow/example_dags/example_subdag_operator.py
[2025-11-04T22:27:04.321-0300] {logging_mixin.py:188} INFO - [2025-11-04T22:27:04.321-0300] {dag.py:3089} INFO - Sync 3 DAGs
[2025-11-04T22:27:04.341-0300] {logging_mixin.py:188} INFO - [2025-11-04T22:27:04.340-0300] {dag.py:3947} INFO - Setting next_dagrun for example_subdag_operator to 2022-01-01 00:00:00+00:00, run_after=2022-01-01 00:00:00+00:00
[2025-11-04T22:27:04.345-0300] {logging_mixin.py:188} INFO - [2025-11-04T22:27:04.345-0300] {dag.py:3947} INFO - Setting next_dagrun for example_subdag_operator.section-1 to None, run_after=None
[2025-11-04T22:27:04.346-0300] {logging_mixin.py:188} INFO - [2025-11-04T22:27:04.346-0300] {dag.py:3947} INFO - Setting next_dagrun for example_subdag_operator.section-2 to None, run_after=None
[2025-11-04T22:27:04.353-0300] {logging_mixin.py:188} INFO - [2025-11-04T22:27:04.353-0300] {dag.py:3089} INFO - Sync 2 DAGs
[2025-11-04T22:27:04.357-0300] {logging_mixin.py:188} INFO - [2025-11-04T22:27:04.357-0300] {dag.py:3947} INFO - Setting next_dagrun for example_subdag_operator.section-1 to None, run_after=None
[2025-11-04T22:27:04.358-0300] {logging_mixin.py:188} INFO - [2025-11-04T22:27:04.357-0300] {dag.py:3947} INFO - Setting next_dagrun for example_subdag_operator.section-2 to None, run_after=None
[2025-11-04T22:27:04.379-0300] {processor.py:183} INFO - Processing /Users/joaovitor/airflow_env/lib/python3.11/site-packages/airflow/example_dags/example_subdag_operator.py took 0.213 seconds
[2025-11-04T22:29:13.604-0300] {processor.py:161} INFO - Started process (PID=32062) to work on /Users/joaovitor/airflow_env/lib/python3.11/site-packages/airflow/example_dags/example_subdag_operator.py
[2025-11-04T22:29:13.605-0300] {processor.py:830} INFO - Processing file /Users/joaovitor/airflow_env/lib/python3.11/site-packages/airflow/example_dags/example_subdag_operator.py for tasks to queue
[2025-11-04T22:29:13.606-0300] {logging_mixin.py:188} INFO - [2025-11-04T22:29:13.606-0300] {dagbag.py:545} INFO - Filling up the DagBag from /Users/joaovitor/airflow_env/lib/python3.11/site-packages/airflow/example_dags/example_subdag_operator.py
[2025-11-04T22:29:13.719-0300] {processor.py:840} INFO - DAG(s) 'example_subdag_operator.section-1', 'example_subdag_operator.section-2', 'example_subdag_operator' retrieved from /Users/joaovitor/airflow_env/lib/python3.11/site-packages/airflow/example_dags/example_subdag_operator.py
[2025-11-04T22:29:13.758-0300] {logging_mixin.py:188} INFO - [2025-11-04T22:29:13.758-0300] {dag.py:3089} INFO - Sync 3 DAGs
[2025-11-04T22:29:13.779-0300] {logging_mixin.py:188} INFO - [2025-11-04T22:29:13.779-0300] {dag.py:3947} INFO - Setting next_dagrun for example_subdag_operator to 2022-01-01 00:00:00+00:00, run_after=2022-01-01 00:00:00+00:00
[2025-11-04T22:29:13.783-0300] {logging_mixin.py:188} INFO - [2025-11-04T22:29:13.782-0300] {dag.py:3947} INFO - Setting next_dagrun for example_subdag_operator.section-1 to None, run_after=None
[2025-11-04T22:29:13.784-0300] {logging_mixin.py:188} INFO - [2025-11-04T22:29:13.783-0300] {dag.py:3947} INFO - Setting next_dagrun for example_subdag_operator.section-2 to None, run_after=None
[2025-11-04T22:29:13.789-0300] {logging_mixin.py:188} INFO - [2025-11-04T22:29:13.789-0300] {dag.py:3089} INFO - Sync 2 DAGs
[2025-11-04T22:29:13.795-0300] {logging_mixin.py:188} INFO - [2025-11-04T22:29:13.794-0300] {dag.py:3947} INFO - Setting next_dagrun for example_subdag_operator.section-1 to None, run_after=None
[2025-11-04T22:29:13.795-0300] {logging_mixin.py:188} INFO - [2025-11-04T22:29:13.795-0300] {dag.py:3947} INFO - Setting next_dagrun for example_subdag_operator.section-2 to None, run_after=None
[2025-11-04T22:29:13.812-0300] {processor.py:183} INFO - Processing /Users/joaovitor/airflow_env/lib/python3.11/site-packages/airflow/example_dags/example_subdag_operator.py took 0.210 seconds
[2025-11-04T22:31:35.624-0300] {processor.py:161} INFO - Started process (PID=32157) to work on /Users/joaovitor/airflow_env/lib/python3.11/site-packages/airflow/example_dags/example_subdag_operator.py
[2025-11-04T22:31:35.626-0300] {processor.py:830} INFO - Processing file /Users/joaovitor/airflow_env/lib/python3.11/site-packages/airflow/example_dags/example_subdag_operator.py for tasks to queue
[2025-11-04T22:31:35.628-0300] {logging_mixin.py:188} INFO - [2025-11-04T22:31:35.627-0300] {dagbag.py:545} INFO - Filling up the DagBag from /Users/joaovitor/airflow_env/lib/python3.11/site-packages/airflow/example_dags/example_subdag_operator.py
[2025-11-04T22:31:35.775-0300] {processor.py:840} INFO - DAG(s) 'example_subdag_operator.section-1', 'example_subdag_operator.section-2', 'example_subdag_operator' retrieved from /Users/joaovitor/airflow_env/lib/python3.11/site-packages/airflow/example_dags/example_subdag_operator.py
[2025-11-04T22:31:35.815-0300] {logging_mixin.py:188} INFO - [2025-11-04T22:31:35.815-0300] {dag.py:3089} INFO - Sync 3 DAGs
[2025-11-04T22:31:35.837-0300] {logging_mixin.py:188} INFO - [2025-11-04T22:31:35.837-0300] {dag.py:3947} INFO - Setting next_dagrun for example_subdag_operator to 2022-01-01 00:00:00+00:00, run_after=2022-01-01 00:00:00+00:00
[2025-11-04T22:31:35.842-0300] {logging_mixin.py:188} INFO - [2025-11-04T22:31:35.841-0300] {dag.py:3947} INFO - Setting next_dagrun for example_subdag_operator.section-1 to None, run_after=None
[2025-11-04T22:31:35.843-0300] {logging_mixin.py:188} INFO - [2025-11-04T22:31:35.843-0300] {dag.py:3947} INFO - Setting next_dagrun for example_subdag_operator.section-2 to None, run_after=None
[2025-11-04T22:31:35.849-0300] {logging_mixin.py:188} INFO - [2025-11-04T22:31:35.848-0300] {dag.py:3089} INFO - Sync 2 DAGs
[2025-11-04T22:31:35.853-0300] {logging_mixin.py:188} INFO - [2025-11-04T22:31:35.853-0300] {dag.py:3947} INFO - Setting next_dagrun for example_subdag_operator.section-1 to None, run_after=None
[2025-11-04T22:31:35.853-0300] {logging_mixin.py:188} INFO - [2025-11-04T22:31:35.853-0300] {dag.py:3947} INFO - Setting next_dagrun for example_subdag_operator.section-2 to None, run_after=None
[2025-11-04T22:31:35.870-0300] {processor.py:183} INFO - Processing /Users/joaovitor/airflow_env/lib/python3.11/site-packages/airflow/example_dags/example_subdag_operator.py took 0.251 seconds
[2025-11-04T22:34:21.498-0300] {processor.py:161} INFO - Started process (PID=32332) to work on /Users/joaovitor/airflow_env/lib/python3.11/site-packages/airflow/example_dags/example_subdag_operator.py
[2025-11-04T22:34:21.501-0300] {processor.py:830} INFO - Processing file /Users/joaovitor/airflow_env/lib/python3.11/site-packages/airflow/example_dags/example_subdag_operator.py for tasks to queue
[2025-11-04T22:34:21.502-0300] {logging_mixin.py:188} INFO - [2025-11-04T22:34:21.501-0300] {dagbag.py:545} INFO - Filling up the DagBag from /Users/joaovitor/airflow_env/lib/python3.11/site-packages/airflow/example_dags/example_subdag_operator.py
[2025-11-04T22:34:21.617-0300] {processor.py:840} INFO - DAG(s) 'example_subdag_operator.section-1', 'example_subdag_operator.section-2', 'example_subdag_operator' retrieved from /Users/joaovitor/airflow_env/lib/python3.11/site-packages/airflow/example_dags/example_subdag_operator.py
[2025-11-04T22:34:21.663-0300] {logging_mixin.py:188} INFO - [2025-11-04T22:34:21.663-0300] {dag.py:3089} INFO - Sync 3 DAGs
[2025-11-04T22:34:21.685-0300] {logging_mixin.py:188} INFO - [2025-11-04T22:34:21.685-0300] {dag.py:3947} INFO - Setting next_dagrun for example_subdag_operator to 2022-01-01 00:00:00+00:00, run_after=2022-01-01 00:00:00+00:00
[2025-11-04T22:34:21.689-0300] {logging_mixin.py:188} INFO - [2025-11-04T22:34:21.688-0300] {dag.py:3947} INFO - Setting next_dagrun for example_subdag_operator.section-1 to None, run_after=None
[2025-11-04T22:34:21.690-0300] {logging_mixin.py:188} INFO - [2025-11-04T22:34:21.690-0300] {dag.py:3947} INFO - Setting next_dagrun for example_subdag_operator.section-2 to None, run_after=None
[2025-11-04T22:34:21.695-0300] {logging_mixin.py:188} INFO - [2025-11-04T22:34:21.695-0300] {dag.py:3089} INFO - Sync 2 DAGs
[2025-11-04T22:34:21.699-0300] {logging_mixin.py:188} INFO - [2025-11-04T22:34:21.699-0300] {dag.py:3947} INFO - Setting next_dagrun for example_subdag_operator.section-1 to None, run_after=None
[2025-11-04T22:34:21.700-0300] {logging_mixin.py:188} INFO - [2025-11-04T22:34:21.699-0300] {dag.py:3947} INFO - Setting next_dagrun for example_subdag_operator.section-2 to None, run_after=None
[2025-11-04T22:34:21.721-0300] {processor.py:183} INFO - Processing /Users/joaovitor/airflow_env/lib/python3.11/site-packages/airflow/example_dags/example_subdag_operator.py took 0.227 seconds
[2025-11-04T22:36:32.807-0300] {processor.py:161} INFO - Started process (PID=32431) to work on /Users/joaovitor/airflow_env/lib/python3.11/site-packages/airflow/example_dags/example_subdag_operator.py
[2025-11-04T22:36:32.809-0300] {processor.py:830} INFO - Processing file /Users/joaovitor/airflow_env/lib/python3.11/site-packages/airflow/example_dags/example_subdag_operator.py for tasks to queue
[2025-11-04T22:36:32.810-0300] {logging_mixin.py:188} INFO - [2025-11-04T22:36:32.809-0300] {dagbag.py:545} INFO - Filling up the DagBag from /Users/joaovitor/airflow_env/lib/python3.11/site-packages/airflow/example_dags/example_subdag_operator.py
[2025-11-04T22:36:32.929-0300] {processor.py:840} INFO - DAG(s) 'example_subdag_operator.section-1', 'example_subdag_operator.section-2', 'example_subdag_operator' retrieved from /Users/joaovitor/airflow_env/lib/python3.11/site-packages/airflow/example_dags/example_subdag_operator.py
[2025-11-04T22:36:32.966-0300] {logging_mixin.py:188} INFO - [2025-11-04T22:36:32.966-0300] {dag.py:3089} INFO - Sync 3 DAGs
[2025-11-04T22:36:32.985-0300] {logging_mixin.py:188} INFO - [2025-11-04T22:36:32.985-0300] {dag.py:3947} INFO - Setting next_dagrun for example_subdag_operator to 2022-01-01 00:00:00+00:00, run_after=2022-01-01 00:00:00+00:00
[2025-11-04T22:36:32.988-0300] {logging_mixin.py:188} INFO - [2025-11-04T22:36:32.988-0300] {dag.py:3947} INFO - Setting next_dagrun for example_subdag_operator.section-1 to None, run_after=None
[2025-11-04T22:36:32.990-0300] {logging_mixin.py:188} INFO - [2025-11-04T22:36:32.989-0300] {dag.py:3947} INFO - Setting next_dagrun for example_subdag_operator.section-2 to None, run_after=None
[2025-11-04T22:36:32.996-0300] {logging_mixin.py:188} INFO - [2025-11-04T22:36:32.995-0300] {dag.py:3089} INFO - Sync 2 DAGs
[2025-11-04T22:36:33.000-0300] {logging_mixin.py:188} INFO - [2025-11-04T22:36:33.000-0300] {dag.py:3947} INFO - Setting next_dagrun for example_subdag_operator.section-1 to None, run_after=None
[2025-11-04T22:36:33.001-0300] {logging_mixin.py:188} INFO - [2025-11-04T22:36:33.000-0300] {dag.py:3947} INFO - Setting next_dagrun for example_subdag_operator.section-2 to None, run_after=None
[2025-11-04T22:36:33.015-0300] {processor.py:183} INFO - Processing /Users/joaovitor/airflow_env/lib/python3.11/site-packages/airflow/example_dags/example_subdag_operator.py took 0.212 seconds
[2025-11-04T22:38:57.156-0300] {processor.py:161} INFO - Started process (PID=32664) to work on /Users/joaovitor/airflow_env/lib/python3.11/site-packages/airflow/example_dags/example_subdag_operator.py
[2025-11-04T22:38:57.159-0300] {processor.py:830} INFO - Processing file /Users/joaovitor/airflow_env/lib/python3.11/site-packages/airflow/example_dags/example_subdag_operator.py for tasks to queue
[2025-11-04T22:38:57.160-0300] {logging_mixin.py:188} INFO - [2025-11-04T22:38:57.160-0300] {dagbag.py:545} INFO - Filling up the DagBag from /Users/joaovitor/airflow_env/lib/python3.11/site-packages/airflow/example_dags/example_subdag_operator.py
[2025-11-04T22:38:57.287-0300] {processor.py:840} INFO - DAG(s) 'example_subdag_operator.section-1', 'example_subdag_operator.section-2', 'example_subdag_operator' retrieved from /Users/joaovitor/airflow_env/lib/python3.11/site-packages/airflow/example_dags/example_subdag_operator.py
[2025-11-04T22:38:57.436-0300] {logging_mixin.py:188} INFO - [2025-11-04T22:38:57.435-0300] {dag.py:3089} INFO - Sync 3 DAGs
[2025-11-04T22:38:57.454-0300] {logging_mixin.py:188} INFO - [2025-11-04T22:38:57.453-0300] {dag.py:3947} INFO - Setting next_dagrun for example_subdag_operator to 2022-01-01 00:00:00+00:00, run_after=2022-01-01 00:00:00+00:00
[2025-11-04T22:38:57.456-0300] {logging_mixin.py:188} INFO - [2025-11-04T22:38:57.456-0300] {dag.py:3947} INFO - Setting next_dagrun for example_subdag_operator.section-1 to None, run_after=None
[2025-11-04T22:38:57.459-0300] {logging_mixin.py:188} INFO - [2025-11-04T22:38:57.458-0300] {dag.py:3947} INFO - Setting next_dagrun for example_subdag_operator.section-2 to None, run_after=None
[2025-11-04T22:38:57.466-0300] {logging_mixin.py:188} INFO - [2025-11-04T22:38:57.466-0300] {dag.py:3089} INFO - Sync 2 DAGs
[2025-11-04T22:38:57.470-0300] {logging_mixin.py:188} INFO - [2025-11-04T22:38:57.470-0300] {dag.py:3947} INFO - Setting next_dagrun for example_subdag_operator.section-1 to None, run_after=None
[2025-11-04T22:38:57.471-0300] {logging_mixin.py:188} INFO - [2025-11-04T22:38:57.471-0300] {dag.py:3947} INFO - Setting next_dagrun for example_subdag_operator.section-2 to None, run_after=None
[2025-11-04T22:38:57.486-0300] {processor.py:183} INFO - Processing /Users/joaovitor/airflow_env/lib/python3.11/site-packages/airflow/example_dags/example_subdag_operator.py took 0.333 seconds
[2025-11-04T22:41:19.672-0300] {processor.py:161} INFO - Started process (PID=32712) to work on /Users/joaovitor/airflow_env/lib/python3.11/site-packages/airflow/example_dags/example_subdag_operator.py
[2025-11-04T22:41:19.674-0300] {processor.py:830} INFO - Processing file /Users/joaovitor/airflow_env/lib/python3.11/site-packages/airflow/example_dags/example_subdag_operator.py for tasks to queue
[2025-11-04T22:41:19.675-0300] {logging_mixin.py:188} INFO - [2025-11-04T22:41:19.675-0300] {dagbag.py:545} INFO - Filling up the DagBag from /Users/joaovitor/airflow_env/lib/python3.11/site-packages/airflow/example_dags/example_subdag_operator.py
[2025-11-04T22:41:19.819-0300] {processor.py:840} INFO - DAG(s) 'example_subdag_operator.section-1', 'example_subdag_operator.section-2', 'example_subdag_operator' retrieved from /Users/joaovitor/airflow_env/lib/python3.11/site-packages/airflow/example_dags/example_subdag_operator.py
[2025-11-04T22:41:19.869-0300] {logging_mixin.py:188} INFO - [2025-11-04T22:41:19.868-0300] {dag.py:3089} INFO - Sync 3 DAGs
[2025-11-04T22:41:19.894-0300] {logging_mixin.py:188} INFO - [2025-11-04T22:41:19.893-0300] {dag.py:3947} INFO - Setting next_dagrun for example_subdag_operator to 2022-01-01 00:00:00+00:00, run_after=2022-01-01 00:00:00+00:00
[2025-11-04T22:41:19.897-0300] {logging_mixin.py:188} INFO - [2025-11-04T22:41:19.897-0300] {dag.py:3947} INFO - Setting next_dagrun for example_subdag_operator.section-1 to None, run_after=None
[2025-11-04T22:41:19.898-0300] {logging_mixin.py:188} INFO - [2025-11-04T22:41:19.898-0300] {dag.py:3947} INFO - Setting next_dagrun for example_subdag_operator.section-2 to None, run_after=None
[2025-11-04T22:41:19.906-0300] {logging_mixin.py:188} INFO - [2025-11-04T22:41:19.906-0300] {dag.py:3089} INFO - Sync 2 DAGs
[2025-11-04T22:41:19.911-0300] {logging_mixin.py:188} INFO - [2025-11-04T22:41:19.911-0300] {dag.py:3947} INFO - Setting next_dagrun for example_subdag_operator.section-1 to None, run_after=None
[2025-11-04T22:41:19.911-0300] {logging_mixin.py:188} INFO - [2025-11-04T22:41:19.911-0300] {dag.py:3947} INFO - Setting next_dagrun for example_subdag_operator.section-2 to None, run_after=None
[2025-11-04T22:41:19.928-0300] {processor.py:183} INFO - Processing /Users/joaovitor/airflow_env/lib/python3.11/site-packages/airflow/example_dags/example_subdag_operator.py took 0.259 seconds
[2025-11-04T22:43:42.327-0300] {processor.py:161} INFO - Started process (PID=32777) to work on /Users/joaovitor/airflow_env/lib/python3.11/site-packages/airflow/example_dags/example_subdag_operator.py
[2025-11-04T22:43:42.329-0300] {processor.py:830} INFO - Processing file /Users/joaovitor/airflow_env/lib/python3.11/site-packages/airflow/example_dags/example_subdag_operator.py for tasks to queue
[2025-11-04T22:43:42.330-0300] {logging_mixin.py:188} INFO - [2025-11-04T22:43:42.330-0300] {dagbag.py:545} INFO - Filling up the DagBag from /Users/joaovitor/airflow_env/lib/python3.11/site-packages/airflow/example_dags/example_subdag_operator.py
[2025-11-04T22:43:42.457-0300] {processor.py:840} INFO - DAG(s) 'example_subdag_operator.section-1', 'example_subdag_operator.section-2', 'example_subdag_operator' retrieved from /Users/joaovitor/airflow_env/lib/python3.11/site-packages/airflow/example_dags/example_subdag_operator.py
[2025-11-04T22:43:42.497-0300] {logging_mixin.py:188} INFO - [2025-11-04T22:43:42.496-0300] {dag.py:3089} INFO - Sync 3 DAGs
[2025-11-04T22:43:42.524-0300] {logging_mixin.py:188} INFO - [2025-11-04T22:43:42.524-0300] {dag.py:3947} INFO - Setting next_dagrun for example_subdag_operator to 2022-01-01 00:00:00+00:00, run_after=2022-01-01 00:00:00+00:00
[2025-11-04T22:43:42.528-0300] {logging_mixin.py:188} INFO - [2025-11-04T22:43:42.528-0300] {dag.py:3947} INFO - Setting next_dagrun for example_subdag_operator.section-1 to None, run_after=None
[2025-11-04T22:43:42.529-0300] {logging_mixin.py:188} INFO - [2025-11-04T22:43:42.529-0300] {dag.py:3947} INFO - Setting next_dagrun for example_subdag_operator.section-2 to None, run_after=None
[2025-11-04T22:43:42.537-0300] {logging_mixin.py:188} INFO - [2025-11-04T22:43:42.536-0300] {dag.py:3089} INFO - Sync 2 DAGs
[2025-11-04T22:43:42.541-0300] {logging_mixin.py:188} INFO - [2025-11-04T22:43:42.540-0300] {dag.py:3947} INFO - Setting next_dagrun for example_subdag_operator.section-1 to None, run_after=None
[2025-11-04T22:43:42.541-0300] {logging_mixin.py:188} INFO - [2025-11-04T22:43:42.541-0300] {dag.py:3947} INFO - Setting next_dagrun for example_subdag_operator.section-2 to None, run_after=None
[2025-11-04T22:43:42.556-0300] {processor.py:183} INFO - Processing /Users/joaovitor/airflow_env/lib/python3.11/site-packages/airflow/example_dags/example_subdag_operator.py took 0.232 seconds
[2025-11-04T22:46:01.516-0300] {processor.py:161} INFO - Started process (PID=32822) to work on /Users/joaovitor/airflow_env/lib/python3.11/site-packages/airflow/example_dags/example_subdag_operator.py
[2025-11-04T22:46:01.517-0300] {processor.py:830} INFO - Processing file /Users/joaovitor/airflow_env/lib/python3.11/site-packages/airflow/example_dags/example_subdag_operator.py for tasks to queue
[2025-11-04T22:46:01.517-0300] {logging_mixin.py:188} INFO - [2025-11-04T22:46:01.517-0300] {dagbag.py:545} INFO - Filling up the DagBag from /Users/joaovitor/airflow_env/lib/python3.11/site-packages/airflow/example_dags/example_subdag_operator.py
[2025-11-04T22:46:01.637-0300] {processor.py:840} INFO - DAG(s) 'example_subdag_operator.section-1', 'example_subdag_operator.section-2', 'example_subdag_operator' retrieved from /Users/joaovitor/airflow_env/lib/python3.11/site-packages/airflow/example_dags/example_subdag_operator.py
[2025-11-04T22:46:01.687-0300] {logging_mixin.py:188} INFO - [2025-11-04T22:46:01.686-0300] {dag.py:3089} INFO - Sync 3 DAGs
[2025-11-04T22:46:01.713-0300] {logging_mixin.py:188} INFO - [2025-11-04T22:46:01.713-0300] {dag.py:3947} INFO - Setting next_dagrun for example_subdag_operator to 2022-01-01 00:00:00+00:00, run_after=2022-01-01 00:00:00+00:00
[2025-11-04T22:46:01.718-0300] {logging_mixin.py:188} INFO - [2025-11-04T22:46:01.718-0300] {dag.py:3947} INFO - Setting next_dagrun for example_subdag_operator.section-1 to None, run_after=None
[2025-11-04T22:46:01.719-0300] {logging_mixin.py:188} INFO - [2025-11-04T22:46:01.719-0300] {dag.py:3947} INFO - Setting next_dagrun for example_subdag_operator.section-2 to None, run_after=None
[2025-11-04T22:46:01.729-0300] {logging_mixin.py:188} INFO - [2025-11-04T22:46:01.729-0300] {dag.py:3089} INFO - Sync 2 DAGs
[2025-11-04T22:46:01.733-0300] {logging_mixin.py:188} INFO - [2025-11-04T22:46:01.733-0300] {dag.py:3947} INFO - Setting next_dagrun for example_subdag_operator.section-1 to None, run_after=None
[2025-11-04T22:46:01.733-0300] {logging_mixin.py:188} INFO - [2025-11-04T22:46:01.733-0300] {dag.py:3947} INFO - Setting next_dagrun for example_subdag_operator.section-2 to None, run_after=None
[2025-11-04T22:46:01.752-0300] {processor.py:183} INFO - Processing /Users/joaovitor/airflow_env/lib/python3.11/site-packages/airflow/example_dags/example_subdag_operator.py took 0.239 seconds
[2025-11-04T22:48:14.940-0300] {processor.py:161} INFO - Started process (PID=32887) to work on /Users/joaovitor/airflow_env/lib/python3.11/site-packages/airflow/example_dags/example_subdag_operator.py
[2025-11-04T22:48:14.942-0300] {processor.py:830} INFO - Processing file /Users/joaovitor/airflow_env/lib/python3.11/site-packages/airflow/example_dags/example_subdag_operator.py for tasks to queue
[2025-11-04T22:48:14.944-0300] {logging_mixin.py:188} INFO - [2025-11-04T22:48:14.944-0300] {dagbag.py:545} INFO - Filling up the DagBag from /Users/joaovitor/airflow_env/lib/python3.11/site-packages/airflow/example_dags/example_subdag_operator.py
[2025-11-04T22:48:15.063-0300] {processor.py:840} INFO - DAG(s) 'example_subdag_operator.section-1', 'example_subdag_operator.section-2', 'example_subdag_operator' retrieved from /Users/joaovitor/airflow_env/lib/python3.11/site-packages/airflow/example_dags/example_subdag_operator.py
[2025-11-04T22:48:15.098-0300] {logging_mixin.py:188} INFO - [2025-11-04T22:48:15.098-0300] {dag.py:3089} INFO - Sync 3 DAGs
[2025-11-04T22:48:15.116-0300] {logging_mixin.py:188} INFO - [2025-11-04T22:48:15.116-0300] {dag.py:3947} INFO - Setting next_dagrun for example_subdag_operator to 2022-01-01 00:00:00+00:00, run_after=2022-01-01 00:00:00+00:00
[2025-11-04T22:48:15.119-0300] {logging_mixin.py:188} INFO - [2025-11-04T22:48:15.119-0300] {dag.py:3947} INFO - Setting next_dagrun for example_subdag_operator.section-1 to None, run_after=None
[2025-11-04T22:48:15.120-0300] {logging_mixin.py:188} INFO - [2025-11-04T22:48:15.120-0300] {dag.py:3947} INFO - Setting next_dagrun for example_subdag_operator.section-2 to None, run_after=None
[2025-11-04T22:48:15.126-0300] {logging_mixin.py:188} INFO - [2025-11-04T22:48:15.125-0300] {dag.py:3089} INFO - Sync 2 DAGs
[2025-11-04T22:48:15.129-0300] {logging_mixin.py:188} INFO - [2025-11-04T22:48:15.129-0300] {dag.py:3947} INFO - Setting next_dagrun for example_subdag_operator.section-1 to None, run_after=None
[2025-11-04T22:48:15.130-0300] {logging_mixin.py:188} INFO - [2025-11-04T22:48:15.130-0300] {dag.py:3947} INFO - Setting next_dagrun for example_subdag_operator.section-2 to None, run_after=None
[2025-11-04T22:48:15.146-0300] {processor.py:183} INFO - Processing /Users/joaovitor/airflow_env/lib/python3.11/site-packages/airflow/example_dags/example_subdag_operator.py took 0.210 seconds
[2025-11-04T22:50:24.350-0300] {processor.py:161} INFO - Started process (PID=32946) to work on /Users/joaovitor/airflow_env/lib/python3.11/site-packages/airflow/example_dags/example_subdag_operator.py
[2025-11-04T22:50:24.352-0300] {processor.py:830} INFO - Processing file /Users/joaovitor/airflow_env/lib/python3.11/site-packages/airflow/example_dags/example_subdag_operator.py for tasks to queue
[2025-11-04T22:50:24.353-0300] {logging_mixin.py:188} INFO - [2025-11-04T22:50:24.353-0300] {dagbag.py:545} INFO - Filling up the DagBag from /Users/joaovitor/airflow_env/lib/python3.11/site-packages/airflow/example_dags/example_subdag_operator.py
[2025-11-04T22:50:24.629-0300] {processor.py:840} INFO - DAG(s) 'example_subdag_operator.section-1', 'example_subdag_operator.section-2', 'example_subdag_operator' retrieved from /Users/joaovitor/airflow_env/lib/python3.11/site-packages/airflow/example_dags/example_subdag_operator.py
[2025-11-04T22:50:24.689-0300] {logging_mixin.py:188} INFO - [2025-11-04T22:50:24.688-0300] {dag.py:3089} INFO - Sync 3 DAGs
[2025-11-04T22:50:24.712-0300] {logging_mixin.py:188} INFO - [2025-11-04T22:50:24.712-0300] {dag.py:3947} INFO - Setting next_dagrun for example_subdag_operator to 2022-01-01 00:00:00+00:00, run_after=2022-01-01 00:00:00+00:00
[2025-11-04T22:50:24.716-0300] {logging_mixin.py:188} INFO - [2025-11-04T22:50:24.715-0300] {dag.py:3947} INFO - Setting next_dagrun for example_subdag_operator.section-1 to None, run_after=None
[2025-11-04T22:50:24.717-0300] {logging_mixin.py:188} INFO - [2025-11-04T22:50:24.717-0300] {dag.py:3947} INFO - Setting next_dagrun for example_subdag_operator.section-2 to None, run_after=None
[2025-11-04T22:50:24.724-0300] {logging_mixin.py:188} INFO - [2025-11-04T22:50:24.724-0300] {dag.py:3089} INFO - Sync 2 DAGs
[2025-11-04T22:50:24.728-0300] {logging_mixin.py:188} INFO - [2025-11-04T22:50:24.728-0300] {dag.py:3947} INFO - Setting next_dagrun for example_subdag_operator.section-1 to None, run_after=None
[2025-11-04T22:50:24.729-0300] {logging_mixin.py:188} INFO - [2025-11-04T22:50:24.729-0300] {dag.py:3947} INFO - Setting next_dagrun for example_subdag_operator.section-2 to None, run_after=None
[2025-11-04T22:50:24.747-0300] {processor.py:183} INFO - Processing /Users/joaovitor/airflow_env/lib/python3.11/site-packages/airflow/example_dags/example_subdag_operator.py took 0.400 seconds
[2025-11-04T22:52:44.454-0300] {processor.py:161} INFO - Started process (PID=32992) to work on /Users/joaovitor/airflow_env/lib/python3.11/site-packages/airflow/example_dags/example_subdag_operator.py
[2025-11-04T22:52:44.456-0300] {processor.py:830} INFO - Processing file /Users/joaovitor/airflow_env/lib/python3.11/site-packages/airflow/example_dags/example_subdag_operator.py for tasks to queue
[2025-11-04T22:52:44.457-0300] {logging_mixin.py:188} INFO - [2025-11-04T22:52:44.457-0300] {dagbag.py:545} INFO - Filling up the DagBag from /Users/joaovitor/airflow_env/lib/python3.11/site-packages/airflow/example_dags/example_subdag_operator.py
[2025-11-04T22:52:44.587-0300] {processor.py:840} INFO - DAG(s) 'example_subdag_operator.section-1', 'example_subdag_operator.section-2', 'example_subdag_operator' retrieved from /Users/joaovitor/airflow_env/lib/python3.11/site-packages/airflow/example_dags/example_subdag_operator.py
[2025-11-04T22:52:44.635-0300] {logging_mixin.py:188} INFO - [2025-11-04T22:52:44.634-0300] {dag.py:3089} INFO - Sync 3 DAGs
[2025-11-04T22:52:44.656-0300] {logging_mixin.py:188} INFO - [2025-11-04T22:52:44.655-0300] {dag.py:3947} INFO - Setting next_dagrun for example_subdag_operator to 2022-01-01 00:00:00+00:00, run_after=2022-01-01 00:00:00+00:00
[2025-11-04T22:52:44.659-0300] {logging_mixin.py:188} INFO - [2025-11-04T22:52:44.659-0300] {dag.py:3947} INFO - Setting next_dagrun for example_subdag_operator.section-1 to None, run_after=None
[2025-11-04T22:52:44.660-0300] {logging_mixin.py:188} INFO - [2025-11-04T22:52:44.660-0300] {dag.py:3947} INFO - Setting next_dagrun for example_subdag_operator.section-2 to None, run_after=None
[2025-11-04T22:52:44.668-0300] {logging_mixin.py:188} INFO - [2025-11-04T22:52:44.667-0300] {dag.py:3089} INFO - Sync 2 DAGs
[2025-11-04T22:52:44.672-0300] {logging_mixin.py:188} INFO - [2025-11-04T22:52:44.672-0300] {dag.py:3947} INFO - Setting next_dagrun for example_subdag_operator.section-1 to None, run_after=None
[2025-11-04T22:52:44.672-0300] {logging_mixin.py:188} INFO - [2025-11-04T22:52:44.672-0300] {dag.py:3947} INFO - Setting next_dagrun for example_subdag_operator.section-2 to None, run_after=None
[2025-11-04T22:52:44.690-0300] {processor.py:183} INFO - Processing /Users/joaovitor/airflow_env/lib/python3.11/site-packages/airflow/example_dags/example_subdag_operator.py took 0.241 seconds
[2025-11-04T22:55:06.717-0300] {processor.py:161} INFO - Started process (PID=33046) to work on /Users/joaovitor/airflow_env/lib/python3.11/site-packages/airflow/example_dags/example_subdag_operator.py
[2025-11-04T22:55:06.719-0300] {processor.py:830} INFO - Processing file /Users/joaovitor/airflow_env/lib/python3.11/site-packages/airflow/example_dags/example_subdag_operator.py for tasks to queue
[2025-11-04T22:55:06.720-0300] {logging_mixin.py:188} INFO - [2025-11-04T22:55:06.719-0300] {dagbag.py:545} INFO - Filling up the DagBag from /Users/joaovitor/airflow_env/lib/python3.11/site-packages/airflow/example_dags/example_subdag_operator.py
[2025-11-04T22:55:06.839-0300] {processor.py:840} INFO - DAG(s) 'example_subdag_operator.section-1', 'example_subdag_operator.section-2', 'example_subdag_operator' retrieved from /Users/joaovitor/airflow_env/lib/python3.11/site-packages/airflow/example_dags/example_subdag_operator.py
[2025-11-04T22:55:06.879-0300] {logging_mixin.py:188} INFO - [2025-11-04T22:55:06.878-0300] {dag.py:3089} INFO - Sync 3 DAGs
[2025-11-04T22:55:06.900-0300] {logging_mixin.py:188} INFO - [2025-11-04T22:55:06.899-0300] {dag.py:3947} INFO - Setting next_dagrun for example_subdag_operator to 2022-01-01 00:00:00+00:00, run_after=2022-01-01 00:00:00+00:00
[2025-11-04T22:55:06.903-0300] {logging_mixin.py:188} INFO - [2025-11-04T22:55:06.903-0300] {dag.py:3947} INFO - Setting next_dagrun for example_subdag_operator.section-1 to None, run_after=None
[2025-11-04T22:55:06.904-0300] {logging_mixin.py:188} INFO - [2025-11-04T22:55:06.904-0300] {dag.py:3947} INFO - Setting next_dagrun for example_subdag_operator.section-2 to None, run_after=None
[2025-11-04T22:55:06.910-0300] {logging_mixin.py:188} INFO - [2025-11-04T22:55:06.909-0300] {dag.py:3089} INFO - Sync 2 DAGs
[2025-11-04T22:55:06.915-0300] {logging_mixin.py:188} INFO - [2025-11-04T22:55:06.914-0300] {dag.py:3947} INFO - Setting next_dagrun for example_subdag_operator.section-1 to None, run_after=None
[2025-11-04T22:55:06.915-0300] {logging_mixin.py:188} INFO - [2025-11-04T22:55:06.915-0300] {dag.py:3947} INFO - Setting next_dagrun for example_subdag_operator.section-2 to None, run_after=None
[2025-11-04T22:55:06.930-0300] {processor.py:183} INFO - Processing /Users/joaovitor/airflow_env/lib/python3.11/site-packages/airflow/example_dags/example_subdag_operator.py took 0.216 seconds
[2025-11-04T22:57:17.733-0300] {processor.py:161} INFO - Started process (PID=33089) to work on /Users/joaovitor/airflow_env/lib/python3.11/site-packages/airflow/example_dags/example_subdag_operator.py
[2025-11-04T22:57:17.734-0300] {processor.py:830} INFO - Processing file /Users/joaovitor/airflow_env/lib/python3.11/site-packages/airflow/example_dags/example_subdag_operator.py for tasks to queue
[2025-11-04T22:57:17.735-0300] {logging_mixin.py:188} INFO - [2025-11-04T22:57:17.734-0300] {dagbag.py:545} INFO - Filling up the DagBag from /Users/joaovitor/airflow_env/lib/python3.11/site-packages/airflow/example_dags/example_subdag_operator.py
[2025-11-04T22:57:17.846-0300] {processor.py:840} INFO - DAG(s) 'example_subdag_operator.section-1', 'example_subdag_operator.section-2', 'example_subdag_operator' retrieved from /Users/joaovitor/airflow_env/lib/python3.11/site-packages/airflow/example_dags/example_subdag_operator.py
[2025-11-04T22:57:17.888-0300] {logging_mixin.py:188} INFO - [2025-11-04T22:57:17.888-0300] {dag.py:3089} INFO - Sync 3 DAGs
[2025-11-04T22:57:17.912-0300] {logging_mixin.py:188} INFO - [2025-11-04T22:57:17.912-0300] {dag.py:3947} INFO - Setting next_dagrun for example_subdag_operator to 2022-01-01 00:00:00+00:00, run_after=2022-01-01 00:00:00+00:00
[2025-11-04T22:57:17.915-0300] {logging_mixin.py:188} INFO - [2025-11-04T22:57:17.915-0300] {dag.py:3947} INFO - Setting next_dagrun for example_subdag_operator.section-1 to None, run_after=None
[2025-11-04T22:57:17.916-0300] {logging_mixin.py:188} INFO - [2025-11-04T22:57:17.916-0300] {dag.py:3947} INFO - Setting next_dagrun for example_subdag_operator.section-2 to None, run_after=None
[2025-11-04T22:57:17.922-0300] {logging_mixin.py:188} INFO - [2025-11-04T22:57:17.921-0300] {dag.py:3089} INFO - Sync 2 DAGs
[2025-11-04T22:57:17.926-0300] {logging_mixin.py:188} INFO - [2025-11-04T22:57:17.925-0300] {dag.py:3947} INFO - Setting next_dagrun for example_subdag_operator.section-1 to None, run_after=None
[2025-11-04T22:57:17.927-0300] {logging_mixin.py:188} INFO - [2025-11-04T22:57:17.926-0300] {dag.py:3947} INFO - Setting next_dagrun for example_subdag_operator.section-2 to None, run_after=None
[2025-11-04T22:57:17.941-0300] {processor.py:183} INFO - Processing /Users/joaovitor/airflow_env/lib/python3.11/site-packages/airflow/example_dags/example_subdag_operator.py took 0.210 seconds
[2025-11-04T22:59:37.773-0300] {processor.py:161} INFO - Started process (PID=33135) to work on /Users/joaovitor/airflow_env/lib/python3.11/site-packages/airflow/example_dags/example_subdag_operator.py
[2025-11-04T22:59:37.774-0300] {processor.py:830} INFO - Processing file /Users/joaovitor/airflow_env/lib/python3.11/site-packages/airflow/example_dags/example_subdag_operator.py for tasks to queue
[2025-11-04T22:59:37.775-0300] {logging_mixin.py:188} INFO - [2025-11-04T22:59:37.775-0300] {dagbag.py:545} INFO - Filling up the DagBag from /Users/joaovitor/airflow_env/lib/python3.11/site-packages/airflow/example_dags/example_subdag_operator.py
[2025-11-04T22:59:37.876-0300] {processor.py:840} INFO - DAG(s) 'example_subdag_operator.section-1', 'example_subdag_operator.section-2', 'example_subdag_operator' retrieved from /Users/joaovitor/airflow_env/lib/python3.11/site-packages/airflow/example_dags/example_subdag_operator.py
[2025-11-04T22:59:37.916-0300] {logging_mixin.py:188} INFO - [2025-11-04T22:59:37.915-0300] {dag.py:3089} INFO - Sync 3 DAGs
[2025-11-04T22:59:37.933-0300] {logging_mixin.py:188} INFO - [2025-11-04T22:59:37.933-0300] {dag.py:3947} INFO - Setting next_dagrun for example_subdag_operator to 2022-01-01 00:00:00+00:00, run_after=2022-01-01 00:00:00+00:00
[2025-11-04T22:59:37.937-0300] {logging_mixin.py:188} INFO - [2025-11-04T22:59:37.937-0300] {dag.py:3947} INFO - Setting next_dagrun for example_subdag_operator.section-1 to None, run_after=None
[2025-11-04T22:59:37.938-0300] {logging_mixin.py:188} INFO - [2025-11-04T22:59:37.938-0300] {dag.py:3947} INFO - Setting next_dagrun for example_subdag_operator.section-2 to None, run_after=None
[2025-11-04T22:59:37.947-0300] {logging_mixin.py:188} INFO - [2025-11-04T22:59:37.947-0300] {dag.py:3089} INFO - Sync 2 DAGs
[2025-11-04T22:59:37.951-0300] {logging_mixin.py:188} INFO - [2025-11-04T22:59:37.951-0300] {dag.py:3947} INFO - Setting next_dagrun for example_subdag_operator.section-1 to None, run_after=None
[2025-11-04T22:59:37.952-0300] {logging_mixin.py:188} INFO - [2025-11-04T22:59:37.952-0300] {dag.py:3947} INFO - Setting next_dagrun for example_subdag_operator.section-2 to None, run_after=None
[2025-11-04T22:59:37.988-0300] {processor.py:183} INFO - Processing /Users/joaovitor/airflow_env/lib/python3.11/site-packages/airflow/example_dags/example_subdag_operator.py took 0.217 seconds
[2025-11-04T23:01:57.578-0300] {processor.py:161} INFO - Started process (PID=33180) to work on /Users/joaovitor/airflow_env/lib/python3.11/site-packages/airflow/example_dags/example_subdag_operator.py
[2025-11-04T23:01:57.580-0300] {processor.py:830} INFO - Processing file /Users/joaovitor/airflow_env/lib/python3.11/site-packages/airflow/example_dags/example_subdag_operator.py for tasks to queue
[2025-11-04T23:01:57.581-0300] {logging_mixin.py:188} INFO - [2025-11-04T23:01:57.581-0300] {dagbag.py:545} INFO - Filling up the DagBag from /Users/joaovitor/airflow_env/lib/python3.11/site-packages/airflow/example_dags/example_subdag_operator.py
[2025-11-04T23:01:57.696-0300] {processor.py:840} INFO - DAG(s) 'example_subdag_operator.section-1', 'example_subdag_operator.section-2', 'example_subdag_operator' retrieved from /Users/joaovitor/airflow_env/lib/python3.11/site-packages/airflow/example_dags/example_subdag_operator.py
[2025-11-04T23:01:57.741-0300] {logging_mixin.py:188} INFO - [2025-11-04T23:01:57.740-0300] {dag.py:3089} INFO - Sync 3 DAGs
[2025-11-04T23:01:57.761-0300] {logging_mixin.py:188} INFO - [2025-11-04T23:01:57.761-0300] {dag.py:3947} INFO - Setting next_dagrun for example_subdag_operator to 2022-01-01 00:00:00+00:00, run_after=2022-01-01 00:00:00+00:00
[2025-11-04T23:01:57.766-0300] {logging_mixin.py:188} INFO - [2025-11-04T23:01:57.765-0300] {dag.py:3947} INFO - Setting next_dagrun for example_subdag_operator.section-1 to None, run_after=None
[2025-11-04T23:01:57.767-0300] {logging_mixin.py:188} INFO - [2025-11-04T23:01:57.767-0300] {dag.py:3947} INFO - Setting next_dagrun for example_subdag_operator.section-2 to None, run_after=None
[2025-11-04T23:01:57.773-0300] {logging_mixin.py:188} INFO - [2025-11-04T23:01:57.773-0300] {dag.py:3089} INFO - Sync 2 DAGs
[2025-11-04T23:01:57.777-0300] {logging_mixin.py:188} INFO - [2025-11-04T23:01:57.777-0300] {dag.py:3947} INFO - Setting next_dagrun for example_subdag_operator.section-1 to None, run_after=None
[2025-11-04T23:01:57.778-0300] {logging_mixin.py:188} INFO - [2025-11-04T23:01:57.778-0300] {dag.py:3947} INFO - Setting next_dagrun for example_subdag_operator.section-2 to None, run_after=None
[2025-11-04T23:01:57.796-0300] {processor.py:183} INFO - Processing /Users/joaovitor/airflow_env/lib/python3.11/site-packages/airflow/example_dags/example_subdag_operator.py took 0.221 seconds
[2025-11-04T23:04:17.619-0300] {processor.py:161} INFO - Started process (PID=33251) to work on /Users/joaovitor/airflow_env/lib/python3.11/site-packages/airflow/example_dags/example_subdag_operator.py
[2025-11-04T23:04:17.621-0300] {processor.py:830} INFO - Processing file /Users/joaovitor/airflow_env/lib/python3.11/site-packages/airflow/example_dags/example_subdag_operator.py for tasks to queue
[2025-11-04T23:04:17.622-0300] {logging_mixin.py:188} INFO - [2025-11-04T23:04:17.622-0300] {dagbag.py:545} INFO - Filling up the DagBag from /Users/joaovitor/airflow_env/lib/python3.11/site-packages/airflow/example_dags/example_subdag_operator.py
[2025-11-04T23:04:17.729-0300] {processor.py:840} INFO - DAG(s) 'example_subdag_operator.section-1', 'example_subdag_operator.section-2', 'example_subdag_operator' retrieved from /Users/joaovitor/airflow_env/lib/python3.11/site-packages/airflow/example_dags/example_subdag_operator.py
[2025-11-04T23:04:17.765-0300] {logging_mixin.py:188} INFO - [2025-11-04T23:04:17.765-0300] {dag.py:3089} INFO - Sync 3 DAGs
[2025-11-04T23:04:17.783-0300] {logging_mixin.py:188} INFO - [2025-11-04T23:04:17.783-0300] {dag.py:3947} INFO - Setting next_dagrun for example_subdag_operator to 2022-01-01 00:00:00+00:00, run_after=2022-01-01 00:00:00+00:00
[2025-11-04T23:04:17.786-0300] {logging_mixin.py:188} INFO - [2025-11-04T23:04:17.786-0300] {dag.py:3947} INFO - Setting next_dagrun for example_subdag_operator.section-1 to None, run_after=None
[2025-11-04T23:04:17.787-0300] {logging_mixin.py:188} INFO - [2025-11-04T23:04:17.787-0300] {dag.py:3947} INFO - Setting next_dagrun for example_subdag_operator.section-2 to None, run_after=None
[2025-11-04T23:04:17.792-0300] {logging_mixin.py:188} INFO - [2025-11-04T23:04:17.792-0300] {dag.py:3089} INFO - Sync 2 DAGs
[2025-11-04T23:04:17.796-0300] {logging_mixin.py:188} INFO - [2025-11-04T23:04:17.796-0300] {dag.py:3947} INFO - Setting next_dagrun for example_subdag_operator.section-1 to None, run_after=None
[2025-11-04T23:04:17.797-0300] {logging_mixin.py:188} INFO - [2025-11-04T23:04:17.796-0300] {dag.py:3947} INFO - Setting next_dagrun for example_subdag_operator.section-2 to None, run_after=None
[2025-11-04T23:04:17.816-0300] {processor.py:183} INFO - Processing /Users/joaovitor/airflow_env/lib/python3.11/site-packages/airflow/example_dags/example_subdag_operator.py took 0.200 seconds
