[2025-11-04T21:46:47.193-0300] {processor.py:161} INFO - Started process (PID=31073) to work on /Users/joaovitor/airflow_env/lib/python3.11/site-packages/airflow/example_dags/example_setup_teardown.py
[2025-11-04T21:46:47.194-0300] {processor.py:830} INFO - Processing file /Users/joaovitor/airflow_env/lib/python3.11/site-packages/airflow/example_dags/example_setup_teardown.py for tasks to queue
[2025-11-04T21:46:47.195-0300] {logging_mixin.py:188} INFO - [2025-11-04T21:46:47.195-0300] {dagbag.py:545} INFO - Filling up the DagBag from /Users/joaovitor/airflow_env/lib/python3.11/site-packages/airflow/example_dags/example_setup_teardown.py
[2025-11-04T21:46:47.205-0300] {processor.py:840} INFO - DAG(s) 'example_setup_teardown' retrieved from /Users/joaovitor/airflow_env/lib/python3.11/site-packages/airflow/example_dags/example_setup_teardown.py
[2025-11-04T21:46:47.437-0300] {logging_mixin.py:188} INFO - [2025-11-04T21:46:47.437-0300] {override.py:1858} INFO - Created Permission View: can edit on DAG:example_setup_teardown
[2025-11-04T21:46:47.449-0300] {logging_mixin.py:188} INFO - [2025-11-04T21:46:47.448-0300] {override.py:1858} INFO - Created Permission View: can delete on DAG:example_setup_teardown
[2025-11-04T21:46:47.456-0300] {logging_mixin.py:188} INFO - [2025-11-04T21:46:47.456-0300] {override.py:1858} INFO - Created Permission View: can read on DAG:example_setup_teardown
[2025-11-04T21:46:47.457-0300] {logging_mixin.py:188} INFO - [2025-11-04T21:46:47.456-0300] {dag.py:3089} INFO - Sync 1 DAGs
[2025-11-04T21:46:47.468-0300] {logging_mixin.py:188} INFO - [2025-11-04T21:46:47.468-0300] {dag.py:3111} INFO - Creating ORM DAG for example_setup_teardown
[2025-11-04T21:46:47.476-0300] {logging_mixin.py:188} INFO - [2025-11-04T21:46:47.476-0300] {dag.py:3947} INFO - Setting next_dagrun for example_setup_teardown to 2025-11-04 00:00:00+00:00, run_after=2025-11-05 00:00:00+00:00
[2025-11-04T21:46:47.498-0300] {processor.py:183} INFO - Processing /Users/joaovitor/airflow_env/lib/python3.11/site-packages/airflow/example_dags/example_setup_teardown.py took 0.307 seconds
[2025-11-04T21:49:51.094-0300] {processor.py:161} INFO - Started process (PID=31187) to work on /Users/joaovitor/airflow_env/lib/python3.11/site-packages/airflow/example_dags/example_setup_teardown.py
[2025-11-04T21:49:51.096-0300] {processor.py:830} INFO - Processing file /Users/joaovitor/airflow_env/lib/python3.11/site-packages/airflow/example_dags/example_setup_teardown.py for tasks to queue
[2025-11-04T21:49:51.099-0300] {logging_mixin.py:188} INFO - [2025-11-04T21:49:51.098-0300] {dagbag.py:545} INFO - Filling up the DagBag from /Users/joaovitor/airflow_env/lib/python3.11/site-packages/airflow/example_dags/example_setup_teardown.py
[2025-11-04T21:49:51.118-0300] {processor.py:840} INFO - DAG(s) 'example_setup_teardown' retrieved from /Users/joaovitor/airflow_env/lib/python3.11/site-packages/airflow/example_dags/example_setup_teardown.py
[2025-11-04T21:49:51.311-0300] {logging_mixin.py:188} INFO - [2025-11-04T21:49:51.311-0300] {dag.py:3089} INFO - Sync 1 DAGs
[2025-11-04T21:49:51.336-0300] {logging_mixin.py:188} INFO - [2025-11-04T21:49:51.336-0300] {dag.py:3947} INFO - Setting next_dagrun for example_setup_teardown to 2025-11-04 00:00:00+00:00, run_after=2025-11-05 00:00:00+00:00
[2025-11-04T21:49:51.363-0300] {processor.py:183} INFO - Processing /Users/joaovitor/airflow_env/lib/python3.11/site-packages/airflow/example_dags/example_setup_teardown.py took 0.275 seconds
[2025-11-04T21:52:02.012-0300] {processor.py:161} INFO - Started process (PID=31235) to work on /Users/joaovitor/airflow_env/lib/python3.11/site-packages/airflow/example_dags/example_setup_teardown.py
[2025-11-04T21:52:02.014-0300] {processor.py:830} INFO - Processing file /Users/joaovitor/airflow_env/lib/python3.11/site-packages/airflow/example_dags/example_setup_teardown.py for tasks to queue
[2025-11-04T21:52:02.015-0300] {logging_mixin.py:188} INFO - [2025-11-04T21:52:02.015-0300] {dagbag.py:545} INFO - Filling up the DagBag from /Users/joaovitor/airflow_env/lib/python3.11/site-packages/airflow/example_dags/example_setup_teardown.py
[2025-11-04T21:52:02.023-0300] {processor.py:840} INFO - DAG(s) 'example_setup_teardown' retrieved from /Users/joaovitor/airflow_env/lib/python3.11/site-packages/airflow/example_dags/example_setup_teardown.py
[2025-11-04T21:52:02.135-0300] {logging_mixin.py:188} INFO - [2025-11-04T21:52:02.134-0300] {dag.py:3089} INFO - Sync 1 DAGs
[2025-11-04T21:52:02.151-0300] {logging_mixin.py:188} INFO - [2025-11-04T21:52:02.151-0300] {dag.py:3947} INFO - Setting next_dagrun for example_setup_teardown to 2025-11-04 00:00:00+00:00, run_after=2025-11-05 00:00:00+00:00
[2025-11-04T21:52:02.173-0300] {processor.py:183} INFO - Processing /Users/joaovitor/airflow_env/lib/python3.11/site-packages/airflow/example_dags/example_setup_teardown.py took 0.165 seconds
[2025-11-04T21:53:58.632-0300] {processor.py:161} INFO - Started process (PID=31277) to work on /Users/joaovitor/airflow_env/lib/python3.11/site-packages/airflow/example_dags/example_setup_teardown.py
[2025-11-04T21:53:58.633-0300] {processor.py:830} INFO - Processing file /Users/joaovitor/airflow_env/lib/python3.11/site-packages/airflow/example_dags/example_setup_teardown.py for tasks to queue
[2025-11-04T21:53:58.634-0300] {logging_mixin.py:188} INFO - [2025-11-04T21:53:58.634-0300] {dagbag.py:545} INFO - Filling up the DagBag from /Users/joaovitor/airflow_env/lib/python3.11/site-packages/airflow/example_dags/example_setup_teardown.py
[2025-11-04T21:53:58.642-0300] {processor.py:840} INFO - DAG(s) 'example_setup_teardown' retrieved from /Users/joaovitor/airflow_env/lib/python3.11/site-packages/airflow/example_dags/example_setup_teardown.py
[2025-11-04T21:53:58.758-0300] {logging_mixin.py:188} INFO - [2025-11-04T21:53:58.758-0300] {dag.py:3089} INFO - Sync 1 DAGs
[2025-11-04T21:53:58.776-0300] {logging_mixin.py:188} INFO - [2025-11-04T21:53:58.775-0300] {dag.py:3947} INFO - Setting next_dagrun for example_setup_teardown to 2025-11-04 00:00:00+00:00, run_after=2025-11-05 00:00:00+00:00
[2025-11-04T21:53:58.799-0300] {processor.py:183} INFO - Processing /Users/joaovitor/airflow_env/lib/python3.11/site-packages/airflow/example_dags/example_setup_teardown.py took 0.169 seconds
[2025-11-04T21:55:51.424-0300] {processor.py:161} INFO - Started process (PID=31319) to work on /Users/joaovitor/airflow_env/lib/python3.11/site-packages/airflow/example_dags/example_setup_teardown.py
[2025-11-04T21:55:51.425-0300] {processor.py:830} INFO - Processing file /Users/joaovitor/airflow_env/lib/python3.11/site-packages/airflow/example_dags/example_setup_teardown.py for tasks to queue
[2025-11-04T21:55:51.426-0300] {logging_mixin.py:188} INFO - [2025-11-04T21:55:51.426-0300] {dagbag.py:545} INFO - Filling up the DagBag from /Users/joaovitor/airflow_env/lib/python3.11/site-packages/airflow/example_dags/example_setup_teardown.py
[2025-11-04T21:55:51.434-0300] {processor.py:840} INFO - DAG(s) 'example_setup_teardown' retrieved from /Users/joaovitor/airflow_env/lib/python3.11/site-packages/airflow/example_dags/example_setup_teardown.py
[2025-11-04T21:55:51.547-0300] {logging_mixin.py:188} INFO - [2025-11-04T21:55:51.546-0300] {dag.py:3089} INFO - Sync 1 DAGs
[2025-11-04T21:55:51.563-0300] {logging_mixin.py:188} INFO - [2025-11-04T21:55:51.563-0300] {dag.py:3947} INFO - Setting next_dagrun for example_setup_teardown to 2025-11-04 00:00:00+00:00, run_after=2025-11-05 00:00:00+00:00
[2025-11-04T21:55:51.585-0300] {processor.py:183} INFO - Processing /Users/joaovitor/airflow_env/lib/python3.11/site-packages/airflow/example_dags/example_setup_teardown.py took 0.163 seconds
[2025-11-04T21:57:42.217-0300] {processor.py:161} INFO - Started process (PID=31359) to work on /Users/joaovitor/airflow_env/lib/python3.11/site-packages/airflow/example_dags/example_setup_teardown.py
[2025-11-04T21:57:42.218-0300] {processor.py:830} INFO - Processing file /Users/joaovitor/airflow_env/lib/python3.11/site-packages/airflow/example_dags/example_setup_teardown.py for tasks to queue
[2025-11-04T21:57:42.219-0300] {logging_mixin.py:188} INFO - [2025-11-04T21:57:42.219-0300] {dagbag.py:545} INFO - Filling up the DagBag from /Users/joaovitor/airflow_env/lib/python3.11/site-packages/airflow/example_dags/example_setup_teardown.py
[2025-11-04T21:57:42.227-0300] {processor.py:840} INFO - DAG(s) 'example_setup_teardown' retrieved from /Users/joaovitor/airflow_env/lib/python3.11/site-packages/airflow/example_dags/example_setup_teardown.py
[2025-11-04T21:57:42.342-0300] {logging_mixin.py:188} INFO - [2025-11-04T21:57:42.342-0300] {dag.py:3089} INFO - Sync 1 DAGs
[2025-11-04T21:57:42.360-0300] {logging_mixin.py:188} INFO - [2025-11-04T21:57:42.359-0300] {dag.py:3947} INFO - Setting next_dagrun for example_setup_teardown to 2025-11-04 00:00:00+00:00, run_after=2025-11-05 00:00:00+00:00
[2025-11-04T21:57:42.389-0300] {processor.py:183} INFO - Processing /Users/joaovitor/airflow_env/lib/python3.11/site-packages/airflow/example_dags/example_setup_teardown.py took 0.175 seconds
[2025-11-04T21:59:33.348-0300] {processor.py:161} INFO - Started process (PID=31398) to work on /Users/joaovitor/airflow_env/lib/python3.11/site-packages/airflow/example_dags/example_setup_teardown.py
[2025-11-04T21:59:33.349-0300] {processor.py:830} INFO - Processing file /Users/joaovitor/airflow_env/lib/python3.11/site-packages/airflow/example_dags/example_setup_teardown.py for tasks to queue
[2025-11-04T21:59:33.350-0300] {logging_mixin.py:188} INFO - [2025-11-04T21:59:33.349-0300] {dagbag.py:545} INFO - Filling up the DagBag from /Users/joaovitor/airflow_env/lib/python3.11/site-packages/airflow/example_dags/example_setup_teardown.py
[2025-11-04T21:59:33.358-0300] {processor.py:840} INFO - DAG(s) 'example_setup_teardown' retrieved from /Users/joaovitor/airflow_env/lib/python3.11/site-packages/airflow/example_dags/example_setup_teardown.py
[2025-11-04T21:59:33.461-0300] {logging_mixin.py:188} INFO - [2025-11-04T21:59:33.461-0300] {dag.py:3089} INFO - Sync 1 DAGs
[2025-11-04T21:59:33.478-0300] {logging_mixin.py:188} INFO - [2025-11-04T21:59:33.477-0300] {dag.py:3947} INFO - Setting next_dagrun for example_setup_teardown to 2025-11-04 00:00:00+00:00, run_after=2025-11-05 00:00:00+00:00
[2025-11-04T21:59:33.502-0300] {processor.py:183} INFO - Processing /Users/joaovitor/airflow_env/lib/python3.11/site-packages/airflow/example_dags/example_setup_teardown.py took 0.157 seconds
[2025-11-04T22:05:09.412-0300] {processor.py:161} INFO - Started process (PID=31455) to work on /Users/joaovitor/airflow_env/lib/python3.11/site-packages/airflow/example_dags/example_setup_teardown.py
[2025-11-04T22:05:09.413-0300] {processor.py:830} INFO - Processing file /Users/joaovitor/airflow_env/lib/python3.11/site-packages/airflow/example_dags/example_setup_teardown.py for tasks to queue
[2025-11-04T22:05:09.414-0300] {logging_mixin.py:188} INFO - [2025-11-04T22:05:09.414-0300] {dagbag.py:545} INFO - Filling up the DagBag from /Users/joaovitor/airflow_env/lib/python3.11/site-packages/airflow/example_dags/example_setup_teardown.py
[2025-11-04T22:05:09.424-0300] {processor.py:840} INFO - DAG(s) 'example_setup_teardown' retrieved from /Users/joaovitor/airflow_env/lib/python3.11/site-packages/airflow/example_dags/example_setup_teardown.py
[2025-11-04T22:05:09.540-0300] {logging_mixin.py:188} INFO - [2025-11-04T22:05:09.539-0300] {dag.py:3089} INFO - Sync 1 DAGs
[2025-11-04T22:05:09.561-0300] {logging_mixin.py:188} INFO - [2025-11-04T22:05:09.561-0300] {dag.py:3947} INFO - Setting next_dagrun for example_setup_teardown to 2025-11-04 00:00:00+00:00, run_after=2025-11-05 00:00:00+00:00
[2025-11-04T22:05:09.583-0300] {processor.py:183} INFO - Processing /Users/joaovitor/airflow_env/lib/python3.11/site-packages/airflow/example_dags/example_setup_teardown.py took 0.174 seconds
[2025-11-04T22:07:03.589-0300] {processor.py:161} INFO - Started process (PID=31514) to work on /Users/joaovitor/airflow_env/lib/python3.11/site-packages/airflow/example_dags/example_setup_teardown.py
[2025-11-04T22:07:03.590-0300] {processor.py:830} INFO - Processing file /Users/joaovitor/airflow_env/lib/python3.11/site-packages/airflow/example_dags/example_setup_teardown.py for tasks to queue
[2025-11-04T22:07:03.590-0300] {logging_mixin.py:188} INFO - [2025-11-04T22:07:03.590-0300] {dagbag.py:545} INFO - Filling up the DagBag from /Users/joaovitor/airflow_env/lib/python3.11/site-packages/airflow/example_dags/example_setup_teardown.py
[2025-11-04T22:07:03.600-0300] {processor.py:840} INFO - DAG(s) 'example_setup_teardown' retrieved from /Users/joaovitor/airflow_env/lib/python3.11/site-packages/airflow/example_dags/example_setup_teardown.py
[2025-11-04T22:07:03.715-0300] {logging_mixin.py:188} INFO - [2025-11-04T22:07:03.714-0300] {dag.py:3089} INFO - Sync 1 DAGs
[2025-11-04T22:07:03.733-0300] {logging_mixin.py:188} INFO - [2025-11-04T22:07:03.732-0300] {dag.py:3947} INFO - Setting next_dagrun for example_setup_teardown to 2025-11-04 00:00:00+00:00, run_after=2025-11-05 00:00:00+00:00
[2025-11-04T22:07:03.756-0300] {processor.py:183} INFO - Processing /Users/joaovitor/airflow_env/lib/python3.11/site-packages/airflow/example_dags/example_setup_teardown.py took 0.170 seconds
[2025-11-04T22:08:58.258-0300] {processor.py:161} INFO - Started process (PID=31555) to work on /Users/joaovitor/airflow_env/lib/python3.11/site-packages/airflow/example_dags/example_setup_teardown.py
[2025-11-04T22:08:58.259-0300] {processor.py:830} INFO - Processing file /Users/joaovitor/airflow_env/lib/python3.11/site-packages/airflow/example_dags/example_setup_teardown.py for tasks to queue
[2025-11-04T22:08:58.260-0300] {logging_mixin.py:188} INFO - [2025-11-04T22:08:58.260-0300] {dagbag.py:545} INFO - Filling up the DagBag from /Users/joaovitor/airflow_env/lib/python3.11/site-packages/airflow/example_dags/example_setup_teardown.py
[2025-11-04T22:08:58.269-0300] {processor.py:840} INFO - DAG(s) 'example_setup_teardown' retrieved from /Users/joaovitor/airflow_env/lib/python3.11/site-packages/airflow/example_dags/example_setup_teardown.py
[2025-11-04T22:08:58.374-0300] {logging_mixin.py:188} INFO - [2025-11-04T22:08:58.374-0300] {dag.py:3089} INFO - Sync 1 DAGs
[2025-11-04T22:08:58.391-0300] {logging_mixin.py:188} INFO - [2025-11-04T22:08:58.391-0300] {dag.py:3947} INFO - Setting next_dagrun for example_setup_teardown to 2025-11-04 00:00:00+00:00, run_after=2025-11-05 00:00:00+00:00
[2025-11-04T22:08:58.415-0300] {processor.py:183} INFO - Processing /Users/joaovitor/airflow_env/lib/python3.11/site-packages/airflow/example_dags/example_setup_teardown.py took 0.160 seconds
[2025-11-04T22:10:51.845-0300] {processor.py:161} INFO - Started process (PID=31604) to work on /Users/joaovitor/airflow_env/lib/python3.11/site-packages/airflow/example_dags/example_setup_teardown.py
[2025-11-04T22:10:51.846-0300] {processor.py:830} INFO - Processing file /Users/joaovitor/airflow_env/lib/python3.11/site-packages/airflow/example_dags/example_setup_teardown.py for tasks to queue
[2025-11-04T22:10:51.846-0300] {logging_mixin.py:188} INFO - [2025-11-04T22:10:51.846-0300] {dagbag.py:545} INFO - Filling up the DagBag from /Users/joaovitor/airflow_env/lib/python3.11/site-packages/airflow/example_dags/example_setup_teardown.py
[2025-11-04T22:10:51.856-0300] {processor.py:840} INFO - DAG(s) 'example_setup_teardown' retrieved from /Users/joaovitor/airflow_env/lib/python3.11/site-packages/airflow/example_dags/example_setup_teardown.py
[2025-11-04T22:10:51.974-0300] {logging_mixin.py:188} INFO - [2025-11-04T22:10:51.974-0300] {dag.py:3089} INFO - Sync 1 DAGs
[2025-11-04T22:10:51.992-0300] {logging_mixin.py:188} INFO - [2025-11-04T22:10:51.992-0300] {dag.py:3947} INFO - Setting next_dagrun for example_setup_teardown to 2025-11-04 00:00:00+00:00, run_after=2025-11-05 00:00:00+00:00
[2025-11-04T22:10:52.016-0300] {processor.py:183} INFO - Processing /Users/joaovitor/airflow_env/lib/python3.11/site-packages/airflow/example_dags/example_setup_teardown.py took 0.174 seconds
[2025-11-04T22:12:50.918-0300] {processor.py:161} INFO - Started process (PID=31647) to work on /Users/joaovitor/airflow_env/lib/python3.11/site-packages/airflow/example_dags/example_setup_teardown.py
[2025-11-04T22:12:50.919-0300] {processor.py:830} INFO - Processing file /Users/joaovitor/airflow_env/lib/python3.11/site-packages/airflow/example_dags/example_setup_teardown.py for tasks to queue
[2025-11-04T22:12:50.919-0300] {logging_mixin.py:188} INFO - [2025-11-04T22:12:50.919-0300] {dagbag.py:545} INFO - Filling up the DagBag from /Users/joaovitor/airflow_env/lib/python3.11/site-packages/airflow/example_dags/example_setup_teardown.py
[2025-11-04T22:12:50.929-0300] {processor.py:840} INFO - DAG(s) 'example_setup_teardown' retrieved from /Users/joaovitor/airflow_env/lib/python3.11/site-packages/airflow/example_dags/example_setup_teardown.py
[2025-11-04T22:12:51.044-0300] {logging_mixin.py:188} INFO - [2025-11-04T22:12:51.044-0300] {dag.py:3089} INFO - Sync 1 DAGs
[2025-11-04T22:12:51.062-0300] {logging_mixin.py:188} INFO - [2025-11-04T22:12:51.062-0300] {dag.py:3947} INFO - Setting next_dagrun for example_setup_teardown to 2025-11-04 00:00:00+00:00, run_after=2025-11-05 00:00:00+00:00
[2025-11-04T22:12:51.086-0300] {processor.py:183} INFO - Processing /Users/joaovitor/airflow_env/lib/python3.11/site-packages/airflow/example_dags/example_setup_teardown.py took 0.171 seconds
[2025-11-04T22:14:51.910-0300] {processor.py:161} INFO - Started process (PID=31699) to work on /Users/joaovitor/airflow_env/lib/python3.11/site-packages/airflow/example_dags/example_setup_teardown.py
[2025-11-04T22:14:51.911-0300] {processor.py:830} INFO - Processing file /Users/joaovitor/airflow_env/lib/python3.11/site-packages/airflow/example_dags/example_setup_teardown.py for tasks to queue
[2025-11-04T22:14:51.912-0300] {logging_mixin.py:188} INFO - [2025-11-04T22:14:51.912-0300] {dagbag.py:545} INFO - Filling up the DagBag from /Users/joaovitor/airflow_env/lib/python3.11/site-packages/airflow/example_dags/example_setup_teardown.py
[2025-11-04T22:14:51.921-0300] {processor.py:840} INFO - DAG(s) 'example_setup_teardown' retrieved from /Users/joaovitor/airflow_env/lib/python3.11/site-packages/airflow/example_dags/example_setup_teardown.py
[2025-11-04T22:14:52.036-0300] {logging_mixin.py:188} INFO - [2025-11-04T22:14:52.036-0300] {dag.py:3089} INFO - Sync 1 DAGs
[2025-11-04T22:14:52.055-0300] {logging_mixin.py:188} INFO - [2025-11-04T22:14:52.054-0300] {dag.py:3947} INFO - Setting next_dagrun for example_setup_teardown to 2025-11-04 00:00:00+00:00, run_after=2025-11-05 00:00:00+00:00
[2025-11-04T22:14:52.078-0300] {processor.py:183} INFO - Processing /Users/joaovitor/airflow_env/lib/python3.11/site-packages/airflow/example_dags/example_setup_teardown.py took 0.171 seconds
[2025-11-04T22:17:02.748-0300] {processor.py:161} INFO - Started process (PID=31756) to work on /Users/joaovitor/airflow_env/lib/python3.11/site-packages/airflow/example_dags/example_setup_teardown.py
[2025-11-04T22:17:02.749-0300] {processor.py:830} INFO - Processing file /Users/joaovitor/airflow_env/lib/python3.11/site-packages/airflow/example_dags/example_setup_teardown.py for tasks to queue
[2025-11-04T22:17:02.749-0300] {logging_mixin.py:188} INFO - [2025-11-04T22:17:02.749-0300] {dagbag.py:545} INFO - Filling up the DagBag from /Users/joaovitor/airflow_env/lib/python3.11/site-packages/airflow/example_dags/example_setup_teardown.py
[2025-11-04T22:17:02.757-0300] {processor.py:840} INFO - DAG(s) 'example_setup_teardown' retrieved from /Users/joaovitor/airflow_env/lib/python3.11/site-packages/airflow/example_dags/example_setup_teardown.py
[2025-11-04T22:17:02.872-0300] {logging_mixin.py:188} INFO - [2025-11-04T22:17:02.872-0300] {dag.py:3089} INFO - Sync 1 DAGs
[2025-11-04T22:17:02.894-0300] {logging_mixin.py:188} INFO - [2025-11-04T22:17:02.893-0300] {dag.py:3947} INFO - Setting next_dagrun for example_setup_teardown to 2025-11-04 00:00:00+00:00, run_after=2025-11-05 00:00:00+00:00
[2025-11-04T22:17:02.921-0300] {processor.py:183} INFO - Processing /Users/joaovitor/airflow_env/lib/python3.11/site-packages/airflow/example_dags/example_setup_teardown.py took 0.178 seconds
[2025-11-04T22:19:02.501-0300] {processor.py:161} INFO - Started process (PID=31804) to work on /Users/joaovitor/airflow_env/lib/python3.11/site-packages/airflow/example_dags/example_setup_teardown.py
[2025-11-04T22:19:02.504-0300] {processor.py:830} INFO - Processing file /Users/joaovitor/airflow_env/lib/python3.11/site-packages/airflow/example_dags/example_setup_teardown.py for tasks to queue
[2025-11-04T22:19:02.505-0300] {logging_mixin.py:188} INFO - [2025-11-04T22:19:02.505-0300] {dagbag.py:545} INFO - Filling up the DagBag from /Users/joaovitor/airflow_env/lib/python3.11/site-packages/airflow/example_dags/example_setup_teardown.py
[2025-11-04T22:19:02.517-0300] {processor.py:840} INFO - DAG(s) 'example_setup_teardown' retrieved from /Users/joaovitor/airflow_env/lib/python3.11/site-packages/airflow/example_dags/example_setup_teardown.py
[2025-11-04T22:19:02.649-0300] {logging_mixin.py:188} INFO - [2025-11-04T22:19:02.649-0300] {dag.py:3089} INFO - Sync 1 DAGs
[2025-11-04T22:19:02.668-0300] {logging_mixin.py:188} INFO - [2025-11-04T22:19:02.668-0300] {dag.py:3947} INFO - Setting next_dagrun for example_setup_teardown to 2025-11-04 00:00:00+00:00, run_after=2025-11-05 00:00:00+00:00
[2025-11-04T22:19:02.691-0300] {processor.py:183} INFO - Processing /Users/joaovitor/airflow_env/lib/python3.11/site-packages/airflow/example_dags/example_setup_teardown.py took 0.195 seconds
[2025-11-04T22:21:02.619-0300] {processor.py:161} INFO - Started process (PID=31866) to work on /Users/joaovitor/airflow_env/lib/python3.11/site-packages/airflow/example_dags/example_setup_teardown.py
[2025-11-04T22:21:02.621-0300] {processor.py:830} INFO - Processing file /Users/joaovitor/airflow_env/lib/python3.11/site-packages/airflow/example_dags/example_setup_teardown.py for tasks to queue
[2025-11-04T22:21:02.622-0300] {logging_mixin.py:188} INFO - [2025-11-04T22:21:02.622-0300] {dagbag.py:545} INFO - Filling up the DagBag from /Users/joaovitor/airflow_env/lib/python3.11/site-packages/airflow/example_dags/example_setup_teardown.py
[2025-11-04T22:21:02.632-0300] {processor.py:840} INFO - DAG(s) 'example_setup_teardown' retrieved from /Users/joaovitor/airflow_env/lib/python3.11/site-packages/airflow/example_dags/example_setup_teardown.py
[2025-11-04T22:21:02.735-0300] {logging_mixin.py:188} INFO - [2025-11-04T22:21:02.735-0300] {dag.py:3089} INFO - Sync 1 DAGs
[2025-11-04T22:21:02.751-0300] {logging_mixin.py:188} INFO - [2025-11-04T22:21:02.751-0300] {dag.py:3947} INFO - Setting next_dagrun for example_setup_teardown to 2025-11-04 00:00:00+00:00, run_after=2025-11-05 00:00:00+00:00
[2025-11-04T22:21:02.773-0300] {processor.py:183} INFO - Processing /Users/joaovitor/airflow_env/lib/python3.11/site-packages/airflow/example_dags/example_setup_teardown.py took 0.157 seconds
[2025-11-04T22:23:09.970-0300] {processor.py:161} INFO - Started process (PID=31943) to work on /Users/joaovitor/airflow_env/lib/python3.11/site-packages/airflow/example_dags/example_setup_teardown.py
[2025-11-04T22:23:09.972-0300] {processor.py:830} INFO - Processing file /Users/joaovitor/airflow_env/lib/python3.11/site-packages/airflow/example_dags/example_setup_teardown.py for tasks to queue
[2025-11-04T22:23:09.973-0300] {logging_mixin.py:188} INFO - [2025-11-04T22:23:09.973-0300] {dagbag.py:545} INFO - Filling up the DagBag from /Users/joaovitor/airflow_env/lib/python3.11/site-packages/airflow/example_dags/example_setup_teardown.py
[2025-11-04T22:23:09.984-0300] {processor.py:840} INFO - DAG(s) 'example_setup_teardown' retrieved from /Users/joaovitor/airflow_env/lib/python3.11/site-packages/airflow/example_dags/example_setup_teardown.py
[2025-11-04T22:23:10.110-0300] {logging_mixin.py:188} INFO - [2025-11-04T22:23:10.110-0300] {dag.py:3089} INFO - Sync 1 DAGs
[2025-11-04T22:23:10.131-0300] {logging_mixin.py:188} INFO - [2025-11-04T22:23:10.130-0300] {dag.py:3947} INFO - Setting next_dagrun for example_setup_teardown to 2025-11-04 00:00:00+00:00, run_after=2025-11-05 00:00:00+00:00
[2025-11-04T22:23:10.155-0300] {processor.py:183} INFO - Processing /Users/joaovitor/airflow_env/lib/python3.11/site-packages/airflow/example_dags/example_setup_teardown.py took 0.188 seconds
[2025-11-04T22:25:16.341-0300] {processor.py:161} INFO - Started process (PID=31984) to work on /Users/joaovitor/airflow_env/lib/python3.11/site-packages/airflow/example_dags/example_setup_teardown.py
[2025-11-04T22:25:16.342-0300] {processor.py:830} INFO - Processing file /Users/joaovitor/airflow_env/lib/python3.11/site-packages/airflow/example_dags/example_setup_teardown.py for tasks to queue
[2025-11-04T22:25:16.342-0300] {logging_mixin.py:188} INFO - [2025-11-04T22:25:16.342-0300] {dagbag.py:545} INFO - Filling up the DagBag from /Users/joaovitor/airflow_env/lib/python3.11/site-packages/airflow/example_dags/example_setup_teardown.py
[2025-11-04T22:25:16.353-0300] {processor.py:840} INFO - DAG(s) 'example_setup_teardown' retrieved from /Users/joaovitor/airflow_env/lib/python3.11/site-packages/airflow/example_dags/example_setup_teardown.py
[2025-11-04T22:25:16.501-0300] {logging_mixin.py:188} INFO - [2025-11-04T22:25:16.501-0300] {dag.py:3089} INFO - Sync 1 DAGs
[2025-11-04T22:25:16.525-0300] {logging_mixin.py:188} INFO - [2025-11-04T22:25:16.525-0300] {dag.py:3947} INFO - Setting next_dagrun for example_setup_teardown to 2025-11-04 00:00:00+00:00, run_after=2025-11-05 00:00:00+00:00
[2025-11-04T22:25:16.552-0300] {processor.py:183} INFO - Processing /Users/joaovitor/airflow_env/lib/python3.11/site-packages/airflow/example_dags/example_setup_teardown.py took 0.216 seconds
[2025-11-04T22:27:22.872-0300] {processor.py:161} INFO - Started process (PID=32026) to work on /Users/joaovitor/airflow_env/lib/python3.11/site-packages/airflow/example_dags/example_setup_teardown.py
[2025-11-04T22:27:22.873-0300] {processor.py:830} INFO - Processing file /Users/joaovitor/airflow_env/lib/python3.11/site-packages/airflow/example_dags/example_setup_teardown.py for tasks to queue
[2025-11-04T22:27:22.874-0300] {logging_mixin.py:188} INFO - [2025-11-04T22:27:22.873-0300] {dagbag.py:545} INFO - Filling up the DagBag from /Users/joaovitor/airflow_env/lib/python3.11/site-packages/airflow/example_dags/example_setup_teardown.py
[2025-11-04T22:27:22.884-0300] {processor.py:840} INFO - DAG(s) 'example_setup_teardown' retrieved from /Users/joaovitor/airflow_env/lib/python3.11/site-packages/airflow/example_dags/example_setup_teardown.py
[2025-11-04T22:27:23.008-0300] {logging_mixin.py:188} INFO - [2025-11-04T22:27:23.008-0300] {dag.py:3089} INFO - Sync 1 DAGs
[2025-11-04T22:27:23.028-0300] {logging_mixin.py:188} INFO - [2025-11-04T22:27:23.028-0300] {dag.py:3947} INFO - Setting next_dagrun for example_setup_teardown to 2025-11-04 00:00:00+00:00, run_after=2025-11-05 00:00:00+00:00
[2025-11-04T22:27:23.055-0300] {processor.py:183} INFO - Processing /Users/joaovitor/airflow_env/lib/python3.11/site-packages/airflow/example_dags/example_setup_teardown.py took 0.186 seconds
[2025-11-04T22:29:30.805-0300] {processor.py:161} INFO - Started process (PID=32068) to work on /Users/joaovitor/airflow_env/lib/python3.11/site-packages/airflow/example_dags/example_setup_teardown.py
[2025-11-04T22:29:30.806-0300] {processor.py:830} INFO - Processing file /Users/joaovitor/airflow_env/lib/python3.11/site-packages/airflow/example_dags/example_setup_teardown.py for tasks to queue
[2025-11-04T22:29:30.807-0300] {logging_mixin.py:188} INFO - [2025-11-04T22:29:30.806-0300] {dagbag.py:545} INFO - Filling up the DagBag from /Users/joaovitor/airflow_env/lib/python3.11/site-packages/airflow/example_dags/example_setup_teardown.py
[2025-11-04T22:29:30.817-0300] {processor.py:840} INFO - DAG(s) 'example_setup_teardown' retrieved from /Users/joaovitor/airflow_env/lib/python3.11/site-packages/airflow/example_dags/example_setup_teardown.py
[2025-11-04T22:29:30.946-0300] {logging_mixin.py:188} INFO - [2025-11-04T22:29:30.946-0300] {dag.py:3089} INFO - Sync 1 DAGs
[2025-11-04T22:29:30.965-0300] {logging_mixin.py:188} INFO - [2025-11-04T22:29:30.965-0300] {dag.py:3947} INFO - Setting next_dagrun for example_setup_teardown to 2025-11-04 00:00:00+00:00, run_after=2025-11-05 00:00:00+00:00
[2025-11-04T22:29:30.989-0300] {processor.py:183} INFO - Processing /Users/joaovitor/airflow_env/lib/python3.11/site-packages/airflow/example_dags/example_setup_teardown.py took 0.187 seconds
[2025-11-04T22:31:58.024-0300] {processor.py:161} INFO - Started process (PID=32176) to work on /Users/joaovitor/airflow_env/lib/python3.11/site-packages/airflow/example_dags/example_setup_teardown.py
[2025-11-04T22:31:58.027-0300] {processor.py:830} INFO - Processing file /Users/joaovitor/airflow_env/lib/python3.11/site-packages/airflow/example_dags/example_setup_teardown.py for tasks to queue
[2025-11-04T22:31:58.028-0300] {logging_mixin.py:188} INFO - [2025-11-04T22:31:58.028-0300] {dagbag.py:545} INFO - Filling up the DagBag from /Users/joaovitor/airflow_env/lib/python3.11/site-packages/airflow/example_dags/example_setup_teardown.py
[2025-11-04T22:31:58.043-0300] {processor.py:840} INFO - DAG(s) 'example_setup_teardown' retrieved from /Users/joaovitor/airflow_env/lib/python3.11/site-packages/airflow/example_dags/example_setup_teardown.py
[2025-11-04T22:31:58.294-0300] {logging_mixin.py:188} INFO - [2025-11-04T22:31:58.294-0300] {dag.py:3089} INFO - Sync 1 DAGs
[2025-11-04T22:31:58.324-0300] {logging_mixin.py:188} INFO - [2025-11-04T22:31:58.324-0300] {dag.py:3947} INFO - Setting next_dagrun for example_setup_teardown to 2025-11-04 00:00:00+00:00, run_after=2025-11-05 00:00:00+00:00
[2025-11-04T22:31:58.359-0300] {processor.py:183} INFO - Processing /Users/joaovitor/airflow_env/lib/python3.11/site-packages/airflow/example_dags/example_setup_teardown.py took 0.341 seconds
[2025-11-04T22:34:43.088-0300] {processor.py:161} INFO - Started process (PID=32340) to work on /Users/joaovitor/airflow_env/lib/python3.11/site-packages/airflow/example_dags/example_setup_teardown.py
[2025-11-04T22:34:43.092-0300] {processor.py:830} INFO - Processing file /Users/joaovitor/airflow_env/lib/python3.11/site-packages/airflow/example_dags/example_setup_teardown.py for tasks to queue
[2025-11-04T22:34:43.094-0300] {logging_mixin.py:188} INFO - [2025-11-04T22:34:43.093-0300] {dagbag.py:545} INFO - Filling up the DagBag from /Users/joaovitor/airflow_env/lib/python3.11/site-packages/airflow/example_dags/example_setup_teardown.py
[2025-11-04T22:34:43.126-0300] {processor.py:840} INFO - DAG(s) 'example_setup_teardown' retrieved from /Users/joaovitor/airflow_env/lib/python3.11/site-packages/airflow/example_dags/example_setup_teardown.py
[2025-11-04T22:34:43.293-0300] {logging_mixin.py:188} INFO - [2025-11-04T22:34:43.292-0300] {dag.py:3089} INFO - Sync 1 DAGs
[2025-11-04T22:34:43.328-0300] {logging_mixin.py:188} INFO - [2025-11-04T22:34:43.327-0300] {dag.py:3947} INFO - Setting next_dagrun for example_setup_teardown to 2025-11-04 00:00:00+00:00, run_after=2025-11-05 00:00:00+00:00
[2025-11-04T22:34:43.360-0300] {processor.py:183} INFO - Processing /Users/joaovitor/airflow_env/lib/python3.11/site-packages/airflow/example_dags/example_setup_teardown.py took 0.278 seconds
[2025-11-04T22:36:51.014-0300] {processor.py:161} INFO - Started process (PID=32506) to work on /Users/joaovitor/airflow_env/lib/python3.11/site-packages/airflow/example_dags/example_setup_teardown.py
[2025-11-04T22:36:51.016-0300] {processor.py:830} INFO - Processing file /Users/joaovitor/airflow_env/lib/python3.11/site-packages/airflow/example_dags/example_setup_teardown.py for tasks to queue
[2025-11-04T22:36:51.018-0300] {logging_mixin.py:188} INFO - [2025-11-04T22:36:51.017-0300] {dagbag.py:545} INFO - Filling up the DagBag from /Users/joaovitor/airflow_env/lib/python3.11/site-packages/airflow/example_dags/example_setup_teardown.py
[2025-11-04T22:36:51.032-0300] {processor.py:840} INFO - DAG(s) 'example_setup_teardown' retrieved from /Users/joaovitor/airflow_env/lib/python3.11/site-packages/airflow/example_dags/example_setup_teardown.py
[2025-11-04T22:36:51.207-0300] {logging_mixin.py:188} INFO - [2025-11-04T22:36:51.207-0300] {dag.py:3089} INFO - Sync 1 DAGs
[2025-11-04T22:36:51.228-0300] {logging_mixin.py:188} INFO - [2025-11-04T22:36:51.228-0300] {dag.py:3947} INFO - Setting next_dagrun for example_setup_teardown to 2025-11-04 00:00:00+00:00, run_after=2025-11-05 00:00:00+00:00
[2025-11-04T22:36:51.265-0300] {processor.py:183} INFO - Processing /Users/joaovitor/airflow_env/lib/python3.11/site-packages/airflow/example_dags/example_setup_teardown.py took 0.256 seconds
[2025-11-04T22:39:16.471-0300] {processor.py:161} INFO - Started process (PID=32670) to work on /Users/joaovitor/airflow_env/lib/python3.11/site-packages/airflow/example_dags/example_setup_teardown.py
[2025-11-04T22:39:16.473-0300] {processor.py:830} INFO - Processing file /Users/joaovitor/airflow_env/lib/python3.11/site-packages/airflow/example_dags/example_setup_teardown.py for tasks to queue
[2025-11-04T22:39:16.474-0300] {logging_mixin.py:188} INFO - [2025-11-04T22:39:16.474-0300] {dagbag.py:545} INFO - Filling up the DagBag from /Users/joaovitor/airflow_env/lib/python3.11/site-packages/airflow/example_dags/example_setup_teardown.py
[2025-11-04T22:39:16.487-0300] {processor.py:840} INFO - DAG(s) 'example_setup_teardown' retrieved from /Users/joaovitor/airflow_env/lib/python3.11/site-packages/airflow/example_dags/example_setup_teardown.py
[2025-11-04T22:39:16.712-0300] {logging_mixin.py:188} INFO - [2025-11-04T22:39:16.712-0300] {dag.py:3089} INFO - Sync 1 DAGs
[2025-11-04T22:39:16.731-0300] {logging_mixin.py:188} INFO - [2025-11-04T22:39:16.731-0300] {dag.py:3947} INFO - Setting next_dagrun for example_setup_teardown to 2025-11-04 00:00:00+00:00, run_after=2025-11-05 00:00:00+00:00
[2025-11-04T22:39:16.756-0300] {processor.py:183} INFO - Processing /Users/joaovitor/airflow_env/lib/python3.11/site-packages/airflow/example_dags/example_setup_teardown.py took 0.288 seconds
[2025-11-04T22:41:43.817-0300] {processor.py:161} INFO - Started process (PID=32726) to work on /Users/joaovitor/airflow_env/lib/python3.11/site-packages/airflow/example_dags/example_setup_teardown.py
[2025-11-04T22:41:43.819-0300] {processor.py:830} INFO - Processing file /Users/joaovitor/airflow_env/lib/python3.11/site-packages/airflow/example_dags/example_setup_teardown.py for tasks to queue
[2025-11-04T22:41:43.824-0300] {logging_mixin.py:188} INFO - [2025-11-04T22:41:43.823-0300] {dagbag.py:545} INFO - Filling up the DagBag from /Users/joaovitor/airflow_env/lib/python3.11/site-packages/airflow/example_dags/example_setup_teardown.py
[2025-11-04T22:41:43.847-0300] {processor.py:840} INFO - DAG(s) 'example_setup_teardown' retrieved from /Users/joaovitor/airflow_env/lib/python3.11/site-packages/airflow/example_dags/example_setup_teardown.py
[2025-11-04T22:41:44.234-0300] {logging_mixin.py:188} INFO - [2025-11-04T22:41:44.233-0300] {dag.py:3089} INFO - Sync 1 DAGs
[2025-11-04T22:41:44.283-0300] {logging_mixin.py:188} INFO - [2025-11-04T22:41:44.283-0300] {dag.py:3947} INFO - Setting next_dagrun for example_setup_teardown to 2025-11-04 00:00:00+00:00, run_after=2025-11-05 00:00:00+00:00
[2025-11-04T22:41:44.367-0300] {processor.py:183} INFO - Processing /Users/joaovitor/airflow_env/lib/python3.11/site-packages/airflow/example_dags/example_setup_teardown.py took 0.553 seconds
[2025-11-04T22:44:01.479-0300] {processor.py:161} INFO - Started process (PID=32783) to work on /Users/joaovitor/airflow_env/lib/python3.11/site-packages/airflow/example_dags/example_setup_teardown.py
[2025-11-04T22:44:01.480-0300] {processor.py:830} INFO - Processing file /Users/joaovitor/airflow_env/lib/python3.11/site-packages/airflow/example_dags/example_setup_teardown.py for tasks to queue
[2025-11-04T22:44:01.481-0300] {logging_mixin.py:188} INFO - [2025-11-04T22:44:01.481-0300] {dagbag.py:545} INFO - Filling up the DagBag from /Users/joaovitor/airflow_env/lib/python3.11/site-packages/airflow/example_dags/example_setup_teardown.py
[2025-11-04T22:44:01.492-0300] {processor.py:840} INFO - DAG(s) 'example_setup_teardown' retrieved from /Users/joaovitor/airflow_env/lib/python3.11/site-packages/airflow/example_dags/example_setup_teardown.py
[2025-11-04T22:44:01.620-0300] {logging_mixin.py:188} INFO - [2025-11-04T22:44:01.619-0300] {dag.py:3089} INFO - Sync 1 DAGs
[2025-11-04T22:44:01.641-0300] {logging_mixin.py:188} INFO - [2025-11-04T22:44:01.640-0300] {dag.py:3947} INFO - Setting next_dagrun for example_setup_teardown to 2025-11-04 00:00:00+00:00, run_after=2025-11-05 00:00:00+00:00
[2025-11-04T22:44:01.662-0300] {processor.py:183} INFO - Processing /Users/joaovitor/airflow_env/lib/python3.11/site-packages/airflow/example_dags/example_setup_teardown.py took 0.186 seconds
[2025-11-04T22:46:20.099-0300] {processor.py:161} INFO - Started process (PID=32828) to work on /Users/joaovitor/airflow_env/lib/python3.11/site-packages/airflow/example_dags/example_setup_teardown.py
[2025-11-04T22:46:20.100-0300] {processor.py:830} INFO - Processing file /Users/joaovitor/airflow_env/lib/python3.11/site-packages/airflow/example_dags/example_setup_teardown.py for tasks to queue
[2025-11-04T22:46:20.100-0300] {logging_mixin.py:188} INFO - [2025-11-04T22:46:20.100-0300] {dagbag.py:545} INFO - Filling up the DagBag from /Users/joaovitor/airflow_env/lib/python3.11/site-packages/airflow/example_dags/example_setup_teardown.py
[2025-11-04T22:46:20.108-0300] {processor.py:840} INFO - DAG(s) 'example_setup_teardown' retrieved from /Users/joaovitor/airflow_env/lib/python3.11/site-packages/airflow/example_dags/example_setup_teardown.py
[2025-11-04T22:46:20.232-0300] {logging_mixin.py:188} INFO - [2025-11-04T22:46:20.231-0300] {dag.py:3089} INFO - Sync 1 DAGs
[2025-11-04T22:46:20.253-0300] {logging_mixin.py:188} INFO - [2025-11-04T22:46:20.252-0300] {dag.py:3947} INFO - Setting next_dagrun for example_setup_teardown to 2025-11-04 00:00:00+00:00, run_after=2025-11-05 00:00:00+00:00
[2025-11-04T22:46:20.279-0300] {processor.py:183} INFO - Processing /Users/joaovitor/airflow_env/lib/python3.11/site-packages/airflow/example_dags/example_setup_teardown.py took 0.184 seconds
[2025-11-04T22:48:32.767-0300] {processor.py:161} INFO - Started process (PID=32894) to work on /Users/joaovitor/airflow_env/lib/python3.11/site-packages/airflow/example_dags/example_setup_teardown.py
[2025-11-04T22:48:32.769-0300] {processor.py:830} INFO - Processing file /Users/joaovitor/airflow_env/lib/python3.11/site-packages/airflow/example_dags/example_setup_teardown.py for tasks to queue
[2025-11-04T22:48:32.770-0300] {logging_mixin.py:188} INFO - [2025-11-04T22:48:32.770-0300] {dagbag.py:545} INFO - Filling up the DagBag from /Users/joaovitor/airflow_env/lib/python3.11/site-packages/airflow/example_dags/example_setup_teardown.py
[2025-11-04T22:48:32.809-0300] {processor.py:840} INFO - DAG(s) 'example_setup_teardown' retrieved from /Users/joaovitor/airflow_env/lib/python3.11/site-packages/airflow/example_dags/example_setup_teardown.py
[2025-11-04T22:48:32.935-0300] {logging_mixin.py:188} INFO - [2025-11-04T22:48:32.935-0300] {dag.py:3089} INFO - Sync 1 DAGs
[2025-11-04T22:48:32.955-0300] {logging_mixin.py:188} INFO - [2025-11-04T22:48:32.955-0300] {dag.py:3947} INFO - Setting next_dagrun for example_setup_teardown to 2025-11-04 00:00:00+00:00, run_after=2025-11-05 00:00:00+00:00
[2025-11-04T22:48:32.975-0300] {processor.py:183} INFO - Processing /Users/joaovitor/airflow_env/lib/python3.11/site-packages/airflow/example_dags/example_setup_teardown.py took 0.214 seconds
[2025-11-04T22:50:44.121-0300] {processor.py:161} INFO - Started process (PID=32953) to work on /Users/joaovitor/airflow_env/lib/python3.11/site-packages/airflow/example_dags/example_setup_teardown.py
[2025-11-04T22:50:44.123-0300] {processor.py:830} INFO - Processing file /Users/joaovitor/airflow_env/lib/python3.11/site-packages/airflow/example_dags/example_setup_teardown.py for tasks to queue
[2025-11-04T22:50:44.124-0300] {logging_mixin.py:188} INFO - [2025-11-04T22:50:44.124-0300] {dagbag.py:545} INFO - Filling up the DagBag from /Users/joaovitor/airflow_env/lib/python3.11/site-packages/airflow/example_dags/example_setup_teardown.py
[2025-11-04T22:50:44.134-0300] {processor.py:840} INFO - DAG(s) 'example_setup_teardown' retrieved from /Users/joaovitor/airflow_env/lib/python3.11/site-packages/airflow/example_dags/example_setup_teardown.py
[2025-11-04T22:50:44.256-0300] {logging_mixin.py:188} INFO - [2025-11-04T22:50:44.255-0300] {dag.py:3089} INFO - Sync 1 DAGs
[2025-11-04T22:50:44.276-0300] {logging_mixin.py:188} INFO - [2025-11-04T22:50:44.276-0300] {dag.py:3947} INFO - Setting next_dagrun for example_setup_teardown to 2025-11-04 00:00:00+00:00, run_after=2025-11-05 00:00:00+00:00
[2025-11-04T22:50:44.300-0300] {processor.py:183} INFO - Processing /Users/joaovitor/airflow_env/lib/python3.11/site-packages/airflow/example_dags/example_setup_teardown.py took 0.183 seconds
[2025-11-04T22:53:06.758-0300] {processor.py:161} INFO - Started process (PID=33006) to work on /Users/joaovitor/airflow_env/lib/python3.11/site-packages/airflow/example_dags/example_setup_teardown.py
[2025-11-04T22:53:06.760-0300] {processor.py:830} INFO - Processing file /Users/joaovitor/airflow_env/lib/python3.11/site-packages/airflow/example_dags/example_setup_teardown.py for tasks to queue
[2025-11-04T22:53:06.761-0300] {logging_mixin.py:188} INFO - [2025-11-04T22:53:06.761-0300] {dagbag.py:545} INFO - Filling up the DagBag from /Users/joaovitor/airflow_env/lib/python3.11/site-packages/airflow/example_dags/example_setup_teardown.py
[2025-11-04T22:53:06.773-0300] {processor.py:840} INFO - DAG(s) 'example_setup_teardown' retrieved from /Users/joaovitor/airflow_env/lib/python3.11/site-packages/airflow/example_dags/example_setup_teardown.py
[2025-11-04T22:53:06.889-0300] {logging_mixin.py:188} INFO - [2025-11-04T22:53:06.888-0300] {dag.py:3089} INFO - Sync 1 DAGs
[2025-11-04T22:53:06.907-0300] {logging_mixin.py:188} INFO - [2025-11-04T22:53:06.907-0300] {dag.py:3947} INFO - Setting next_dagrun for example_setup_teardown to 2025-11-04 00:00:00+00:00, run_after=2025-11-05 00:00:00+00:00
[2025-11-04T22:53:06.930-0300] {processor.py:183} INFO - Processing /Users/joaovitor/airflow_env/lib/python3.11/site-packages/airflow/example_dags/example_setup_teardown.py took 0.175 seconds
[2025-11-04T22:55:25.667-0300] {processor.py:161} INFO - Started process (PID=33052) to work on /Users/joaovitor/airflow_env/lib/python3.11/site-packages/airflow/example_dags/example_setup_teardown.py
[2025-11-04T22:55:25.668-0300] {processor.py:830} INFO - Processing file /Users/joaovitor/airflow_env/lib/python3.11/site-packages/airflow/example_dags/example_setup_teardown.py for tasks to queue
[2025-11-04T22:55:25.669-0300] {logging_mixin.py:188} INFO - [2025-11-04T22:55:25.669-0300] {dagbag.py:545} INFO - Filling up the DagBag from /Users/joaovitor/airflow_env/lib/python3.11/site-packages/airflow/example_dags/example_setup_teardown.py
[2025-11-04T22:55:25.679-0300] {processor.py:840} INFO - DAG(s) 'example_setup_teardown' retrieved from /Users/joaovitor/airflow_env/lib/python3.11/site-packages/airflow/example_dags/example_setup_teardown.py
[2025-11-04T22:55:25.801-0300] {logging_mixin.py:188} INFO - [2025-11-04T22:55:25.801-0300] {dag.py:3089} INFO - Sync 1 DAGs
[2025-11-04T22:55:25.820-0300] {logging_mixin.py:188} INFO - [2025-11-04T22:55:25.820-0300] {dag.py:3947} INFO - Setting next_dagrun for example_setup_teardown to 2025-11-04 00:00:00+00:00, run_after=2025-11-05 00:00:00+00:00
[2025-11-04T22:55:25.843-0300] {processor.py:183} INFO - Processing /Users/joaovitor/airflow_env/lib/python3.11/site-packages/airflow/example_dags/example_setup_teardown.py took 0.179 seconds
[2025-11-04T22:57:38.968-0300] {processor.py:161} INFO - Started process (PID=33095) to work on /Users/joaovitor/airflow_env/lib/python3.11/site-packages/airflow/example_dags/example_setup_teardown.py
[2025-11-04T22:57:38.969-0300] {processor.py:830} INFO - Processing file /Users/joaovitor/airflow_env/lib/python3.11/site-packages/airflow/example_dags/example_setup_teardown.py for tasks to queue
[2025-11-04T22:57:38.970-0300] {logging_mixin.py:188} INFO - [2025-11-04T22:57:38.969-0300] {dagbag.py:545} INFO - Filling up the DagBag from /Users/joaovitor/airflow_env/lib/python3.11/site-packages/airflow/example_dags/example_setup_teardown.py
[2025-11-04T22:57:38.979-0300] {processor.py:840} INFO - DAG(s) 'example_setup_teardown' retrieved from /Users/joaovitor/airflow_env/lib/python3.11/site-packages/airflow/example_dags/example_setup_teardown.py
[2025-11-04T22:57:39.108-0300] {logging_mixin.py:188} INFO - [2025-11-04T22:57:39.107-0300] {dag.py:3089} INFO - Sync 1 DAGs
[2025-11-04T22:57:39.129-0300] {logging_mixin.py:188} INFO - [2025-11-04T22:57:39.128-0300] {dag.py:3947} INFO - Setting next_dagrun for example_setup_teardown to 2025-11-04 00:00:00+00:00, run_after=2025-11-05 00:00:00+00:00
[2025-11-04T22:57:39.152-0300] {processor.py:183} INFO - Processing /Users/joaovitor/airflow_env/lib/python3.11/site-packages/airflow/example_dags/example_setup_teardown.py took 0.186 seconds
[2025-11-04T22:59:58.586-0300] {processor.py:161} INFO - Started process (PID=33142) to work on /Users/joaovitor/airflow_env/lib/python3.11/site-packages/airflow/example_dags/example_setup_teardown.py
[2025-11-04T22:59:58.588-0300] {processor.py:830} INFO - Processing file /Users/joaovitor/airflow_env/lib/python3.11/site-packages/airflow/example_dags/example_setup_teardown.py for tasks to queue
[2025-11-04T22:59:58.589-0300] {logging_mixin.py:188} INFO - [2025-11-04T22:59:58.588-0300] {dagbag.py:545} INFO - Filling up the DagBag from /Users/joaovitor/airflow_env/lib/python3.11/site-packages/airflow/example_dags/example_setup_teardown.py
[2025-11-04T22:59:58.602-0300] {processor.py:840} INFO - DAG(s) 'example_setup_teardown' retrieved from /Users/joaovitor/airflow_env/lib/python3.11/site-packages/airflow/example_dags/example_setup_teardown.py
[2025-11-04T22:59:58.720-0300] {logging_mixin.py:188} INFO - [2025-11-04T22:59:58.720-0300] {dag.py:3089} INFO - Sync 1 DAGs
[2025-11-04T22:59:58.746-0300] {logging_mixin.py:188} INFO - [2025-11-04T22:59:58.746-0300] {dag.py:3947} INFO - Setting next_dagrun for example_setup_teardown to 2025-11-04 00:00:00+00:00, run_after=2025-11-05 00:00:00+00:00
[2025-11-04T22:59:58.768-0300] {processor.py:183} INFO - Processing /Users/joaovitor/airflow_env/lib/python3.11/site-packages/airflow/example_dags/example_setup_teardown.py took 0.185 seconds
[2025-11-04T23:02:16.631-0300] {processor.py:161} INFO - Started process (PID=33186) to work on /Users/joaovitor/airflow_env/lib/python3.11/site-packages/airflow/example_dags/example_setup_teardown.py
[2025-11-04T23:02:16.633-0300] {processor.py:830} INFO - Processing file /Users/joaovitor/airflow_env/lib/python3.11/site-packages/airflow/example_dags/example_setup_teardown.py for tasks to queue
[2025-11-04T23:02:16.633-0300] {logging_mixin.py:188} INFO - [2025-11-04T23:02:16.633-0300] {dagbag.py:545} INFO - Filling up the DagBag from /Users/joaovitor/airflow_env/lib/python3.11/site-packages/airflow/example_dags/example_setup_teardown.py
[2025-11-04T23:02:16.644-0300] {processor.py:840} INFO - DAG(s) 'example_setup_teardown' retrieved from /Users/joaovitor/airflow_env/lib/python3.11/site-packages/airflow/example_dags/example_setup_teardown.py
[2025-11-04T23:02:16.765-0300] {logging_mixin.py:188} INFO - [2025-11-04T23:02:16.765-0300] {dag.py:3089} INFO - Sync 1 DAGs
[2025-11-04T23:02:16.785-0300] {logging_mixin.py:188} INFO - [2025-11-04T23:02:16.785-0300] {dag.py:3947} INFO - Setting next_dagrun for example_setup_teardown to 2025-11-04 00:00:00+00:00, run_after=2025-11-05 00:00:00+00:00
[2025-11-04T23:02:16.809-0300] {processor.py:183} INFO - Processing /Users/joaovitor/airflow_env/lib/python3.11/site-packages/airflow/example_dags/example_setup_teardown.py took 0.181 seconds
[2025-11-04T23:04:35.634-0300] {processor.py:161} INFO - Started process (PID=33260) to work on /Users/joaovitor/airflow_env/lib/python3.11/site-packages/airflow/example_dags/example_setup_teardown.py
[2025-11-04T23:04:35.637-0300] {processor.py:830} INFO - Processing file /Users/joaovitor/airflow_env/lib/python3.11/site-packages/airflow/example_dags/example_setup_teardown.py for tasks to queue
[2025-11-04T23:04:35.638-0300] {logging_mixin.py:188} INFO - [2025-11-04T23:04:35.638-0300] {dagbag.py:545} INFO - Filling up the DagBag from /Users/joaovitor/airflow_env/lib/python3.11/site-packages/airflow/example_dags/example_setup_teardown.py
[2025-11-04T23:04:35.650-0300] {processor.py:840} INFO - DAG(s) 'example_setup_teardown' retrieved from /Users/joaovitor/airflow_env/lib/python3.11/site-packages/airflow/example_dags/example_setup_teardown.py
[2025-11-04T23:04:35.768-0300] {logging_mixin.py:188} INFO - [2025-11-04T23:04:35.767-0300] {dag.py:3089} INFO - Sync 1 DAGs
[2025-11-04T23:04:35.795-0300] {logging_mixin.py:188} INFO - [2025-11-04T23:04:35.795-0300] {dag.py:3947} INFO - Setting next_dagrun for example_setup_teardown to 2025-11-04 00:00:00+00:00, run_after=2025-11-05 00:00:00+00:00
[2025-11-04T23:04:35.816-0300] {processor.py:183} INFO - Processing /Users/joaovitor/airflow_env/lib/python3.11/site-packages/airflow/example_dags/example_setup_teardown.py took 0.185 seconds
