[2025-11-04T21:46:40.278-0300] {processor.py:161} INFO - Started process (PID=31071) to work on /Users/joaovitor/airflow_env/lib/python3.11/site-packages/airflow/example_dags/example_short_circuit_decorator.py
[2025-11-04T21:46:40.280-0300] {processor.py:830} INFO - Processing file /Users/joaovitor/airflow_env/lib/python3.11/site-packages/airflow/example_dags/example_short_circuit_decorator.py for tasks to queue
[2025-11-04T21:46:40.281-0300] {logging_mixin.py:188} INFO - [2025-11-04T21:46:40.281-0300] {dagbag.py:545} INFO - Filling up the DagBag from /Users/joaovitor/airflow_env/lib/python3.11/site-packages/airflow/example_dags/example_short_circuit_decorator.py
[2025-11-04T21:46:40.329-0300] {processor.py:840} INFO - DAG(s) 'example_short_circuit_decorator' retrieved from /Users/joaovitor/airflow_env/lib/python3.11/site-packages/airflow/example_dags/example_short_circuit_decorator.py
[2025-11-04T21:46:40.564-0300] {logging_mixin.py:188} INFO - [2025-11-04T21:46:40.563-0300] {override.py:1858} INFO - Created Permission View: can delete on DAG:example_short_circuit_decorator
[2025-11-04T21:46:40.575-0300] {logging_mixin.py:188} INFO - [2025-11-04T21:46:40.574-0300] {override.py:1858} INFO - Created Permission View: can read on DAG:example_short_circuit_decorator
[2025-11-04T21:46:40.583-0300] {logging_mixin.py:188} INFO - [2025-11-04T21:46:40.582-0300] {override.py:1858} INFO - Created Permission View: can edit on DAG:example_short_circuit_decorator
[2025-11-04T21:46:40.584-0300] {logging_mixin.py:188} INFO - [2025-11-04T21:46:40.583-0300] {dag.py:3089} INFO - Sync 1 DAGs
[2025-11-04T21:46:40.663-0300] {logging_mixin.py:188} INFO - [2025-11-04T21:46:40.663-0300] {dag.py:3111} INFO - Creating ORM DAG for example_short_circuit_decorator
[2025-11-04T21:46:40.672-0300] {logging_mixin.py:188} INFO - [2025-11-04T21:46:40.671-0300] {dag.py:3947} INFO - Setting next_dagrun for example_short_circuit_decorator to 2025-11-04 00:00:00+00:00, run_after=2025-11-05 00:00:00+00:00
[2025-11-04T21:46:40.693-0300] {processor.py:183} INFO - Processing /Users/joaovitor/airflow_env/lib/python3.11/site-packages/airflow/example_dags/example_short_circuit_decorator.py took 0.418 seconds
[2025-11-04T21:49:41.426-0300] {processor.py:161} INFO - Started process (PID=31166) to work on /Users/joaovitor/airflow_env/lib/python3.11/site-packages/airflow/example_dags/example_short_circuit_decorator.py
[2025-11-04T21:49:41.428-0300] {processor.py:830} INFO - Processing file /Users/joaovitor/airflow_env/lib/python3.11/site-packages/airflow/example_dags/example_short_circuit_decorator.py for tasks to queue
[2025-11-04T21:49:41.429-0300] {logging_mixin.py:188} INFO - [2025-11-04T21:49:41.429-0300] {dagbag.py:545} INFO - Filling up the DagBag from /Users/joaovitor/airflow_env/lib/python3.11/site-packages/airflow/example_dags/example_short_circuit_decorator.py
[2025-11-04T21:49:41.471-0300] {processor.py:840} INFO - DAG(s) 'example_short_circuit_decorator' retrieved from /Users/joaovitor/airflow_env/lib/python3.11/site-packages/airflow/example_dags/example_short_circuit_decorator.py
[2025-11-04T21:49:41.579-0300] {logging_mixin.py:188} INFO - [2025-11-04T21:49:41.578-0300] {dag.py:3089} INFO - Sync 1 DAGs
[2025-11-04T21:49:41.595-0300] {logging_mixin.py:188} INFO - [2025-11-04T21:49:41.594-0300] {dag.py:3947} INFO - Setting next_dagrun for example_short_circuit_decorator to 2025-11-04 00:00:00+00:00, run_after=2025-11-05 00:00:00+00:00
[2025-11-04T21:49:41.615-0300] {processor.py:183} INFO - Processing /Users/joaovitor/airflow_env/lib/python3.11/site-packages/airflow/example_dags/example_short_circuit_decorator.py took 0.192 seconds
[2025-11-04T21:51:56.114-0300] {processor.py:161} INFO - Started process (PID=31233) to work on /Users/joaovitor/airflow_env/lib/python3.11/site-packages/airflow/example_dags/example_short_circuit_decorator.py
[2025-11-04T21:51:56.116-0300] {processor.py:830} INFO - Processing file /Users/joaovitor/airflow_env/lib/python3.11/site-packages/airflow/example_dags/example_short_circuit_decorator.py for tasks to queue
[2025-11-04T21:51:56.117-0300] {logging_mixin.py:188} INFO - [2025-11-04T21:51:56.117-0300] {dagbag.py:545} INFO - Filling up the DagBag from /Users/joaovitor/airflow_env/lib/python3.11/site-packages/airflow/example_dags/example_short_circuit_decorator.py
[2025-11-04T21:51:56.155-0300] {processor.py:840} INFO - DAG(s) 'example_short_circuit_decorator' retrieved from /Users/joaovitor/airflow_env/lib/python3.11/site-packages/airflow/example_dags/example_short_circuit_decorator.py
[2025-11-04T21:51:56.257-0300] {logging_mixin.py:188} INFO - [2025-11-04T21:51:56.257-0300] {dag.py:3089} INFO - Sync 1 DAGs
[2025-11-04T21:51:56.273-0300] {logging_mixin.py:188} INFO - [2025-11-04T21:51:56.273-0300] {dag.py:3947} INFO - Setting next_dagrun for example_short_circuit_decorator to 2025-11-04 00:00:00+00:00, run_after=2025-11-05 00:00:00+00:00
[2025-11-04T21:51:56.293-0300] {processor.py:183} INFO - Processing /Users/joaovitor/airflow_env/lib/python3.11/site-packages/airflow/example_dags/example_short_circuit_decorator.py took 0.182 seconds
[2025-11-04T21:53:52.726-0300] {processor.py:161} INFO - Started process (PID=31275) to work on /Users/joaovitor/airflow_env/lib/python3.11/site-packages/airflow/example_dags/example_short_circuit_decorator.py
[2025-11-04T21:53:52.727-0300] {processor.py:830} INFO - Processing file /Users/joaovitor/airflow_env/lib/python3.11/site-packages/airflow/example_dags/example_short_circuit_decorator.py for tasks to queue
[2025-11-04T21:53:52.727-0300] {logging_mixin.py:188} INFO - [2025-11-04T21:53:52.727-0300] {dagbag.py:545} INFO - Filling up the DagBag from /Users/joaovitor/airflow_env/lib/python3.11/site-packages/airflow/example_dags/example_short_circuit_decorator.py
[2025-11-04T21:53:52.769-0300] {processor.py:840} INFO - DAG(s) 'example_short_circuit_decorator' retrieved from /Users/joaovitor/airflow_env/lib/python3.11/site-packages/airflow/example_dags/example_short_circuit_decorator.py
[2025-11-04T21:53:52.892-0300] {logging_mixin.py:188} INFO - [2025-11-04T21:53:52.892-0300] {dag.py:3089} INFO - Sync 1 DAGs
[2025-11-04T21:53:52.910-0300] {logging_mixin.py:188} INFO - [2025-11-04T21:53:52.910-0300] {dag.py:3947} INFO - Setting next_dagrun for example_short_circuit_decorator to 2025-11-04 00:00:00+00:00, run_after=2025-11-05 00:00:00+00:00
[2025-11-04T21:53:52.932-0300] {processor.py:183} INFO - Processing /Users/joaovitor/airflow_env/lib/python3.11/site-packages/airflow/example_dags/example_short_circuit_decorator.py took 0.210 seconds
[2025-11-04T21:55:45.395-0300] {processor.py:161} INFO - Started process (PID=31317) to work on /Users/joaovitor/airflow_env/lib/python3.11/site-packages/airflow/example_dags/example_short_circuit_decorator.py
[2025-11-04T21:55:45.396-0300] {processor.py:830} INFO - Processing file /Users/joaovitor/airflow_env/lib/python3.11/site-packages/airflow/example_dags/example_short_circuit_decorator.py for tasks to queue
[2025-11-04T21:55:45.396-0300] {logging_mixin.py:188} INFO - [2025-11-04T21:55:45.396-0300] {dagbag.py:545} INFO - Filling up the DagBag from /Users/joaovitor/airflow_env/lib/python3.11/site-packages/airflow/example_dags/example_short_circuit_decorator.py
[2025-11-04T21:55:45.439-0300] {processor.py:840} INFO - DAG(s) 'example_short_circuit_decorator' retrieved from /Users/joaovitor/airflow_env/lib/python3.11/site-packages/airflow/example_dags/example_short_circuit_decorator.py
[2025-11-04T21:55:45.561-0300] {logging_mixin.py:188} INFO - [2025-11-04T21:55:45.560-0300] {dag.py:3089} INFO - Sync 1 DAGs
[2025-11-04T21:55:45.579-0300] {logging_mixin.py:188} INFO - [2025-11-04T21:55:45.579-0300] {dag.py:3947} INFO - Setting next_dagrun for example_short_circuit_decorator to 2025-11-04 00:00:00+00:00, run_after=2025-11-05 00:00:00+00:00
[2025-11-04T21:55:45.601-0300] {processor.py:183} INFO - Processing /Users/joaovitor/airflow_env/lib/python3.11/site-packages/airflow/example_dags/example_short_circuit_decorator.py took 0.209 seconds
[2025-11-04T21:57:36.215-0300] {processor.py:161} INFO - Started process (PID=31357) to work on /Users/joaovitor/airflow_env/lib/python3.11/site-packages/airflow/example_dags/example_short_circuit_decorator.py
[2025-11-04T21:57:36.216-0300] {processor.py:830} INFO - Processing file /Users/joaovitor/airflow_env/lib/python3.11/site-packages/airflow/example_dags/example_short_circuit_decorator.py for tasks to queue
[2025-11-04T21:57:36.216-0300] {logging_mixin.py:188} INFO - [2025-11-04T21:57:36.216-0300] {dagbag.py:545} INFO - Filling up the DagBag from /Users/joaovitor/airflow_env/lib/python3.11/site-packages/airflow/example_dags/example_short_circuit_decorator.py
[2025-11-04T21:57:36.258-0300] {processor.py:840} INFO - DAG(s) 'example_short_circuit_decorator' retrieved from /Users/joaovitor/airflow_env/lib/python3.11/site-packages/airflow/example_dags/example_short_circuit_decorator.py
[2025-11-04T21:57:36.374-0300] {logging_mixin.py:188} INFO - [2025-11-04T21:57:36.373-0300] {dag.py:3089} INFO - Sync 1 DAGs
[2025-11-04T21:57:36.391-0300] {logging_mixin.py:188} INFO - [2025-11-04T21:57:36.391-0300] {dag.py:3947} INFO - Setting next_dagrun for example_short_circuit_decorator to 2025-11-04 00:00:00+00:00, run_after=2025-11-05 00:00:00+00:00
[2025-11-04T21:57:36.414-0300] {processor.py:183} INFO - Processing /Users/joaovitor/airflow_env/lib/python3.11/site-packages/airflow/example_dags/example_short_circuit_decorator.py took 0.203 seconds
[2025-11-04T21:59:27.311-0300] {processor.py:161} INFO - Started process (PID=31396) to work on /Users/joaovitor/airflow_env/lib/python3.11/site-packages/airflow/example_dags/example_short_circuit_decorator.py
[2025-11-04T21:59:27.312-0300] {processor.py:830} INFO - Processing file /Users/joaovitor/airflow_env/lib/python3.11/site-packages/airflow/example_dags/example_short_circuit_decorator.py for tasks to queue
[2025-11-04T21:59:27.313-0300] {logging_mixin.py:188} INFO - [2025-11-04T21:59:27.312-0300] {dagbag.py:545} INFO - Filling up the DagBag from /Users/joaovitor/airflow_env/lib/python3.11/site-packages/airflow/example_dags/example_short_circuit_decorator.py
[2025-11-04T21:59:27.351-0300] {processor.py:840} INFO - DAG(s) 'example_short_circuit_decorator' retrieved from /Users/joaovitor/airflow_env/lib/python3.11/site-packages/airflow/example_dags/example_short_circuit_decorator.py
[2025-11-04T21:59:27.454-0300] {logging_mixin.py:188} INFO - [2025-11-04T21:59:27.454-0300] {dag.py:3089} INFO - Sync 1 DAGs
[2025-11-04T21:59:27.470-0300] {logging_mixin.py:188} INFO - [2025-11-04T21:59:27.470-0300] {dag.py:3947} INFO - Setting next_dagrun for example_short_circuit_decorator to 2025-11-04 00:00:00+00:00, run_after=2025-11-05 00:00:00+00:00
[2025-11-04T21:59:27.493-0300] {processor.py:183} INFO - Processing /Users/joaovitor/airflow_env/lib/python3.11/site-packages/airflow/example_dags/example_short_circuit_decorator.py took 0.185 seconds
[2025-11-04T22:05:03.328-0300] {processor.py:161} INFO - Started process (PID=31453) to work on /Users/joaovitor/airflow_env/lib/python3.11/site-packages/airflow/example_dags/example_short_circuit_decorator.py
[2025-11-04T22:05:03.329-0300] {processor.py:830} INFO - Processing file /Users/joaovitor/airflow_env/lib/python3.11/site-packages/airflow/example_dags/example_short_circuit_decorator.py for tasks to queue
[2025-11-04T22:05:03.330-0300] {logging_mixin.py:188} INFO - [2025-11-04T22:05:03.329-0300] {dagbag.py:545} INFO - Filling up the DagBag from /Users/joaovitor/airflow_env/lib/python3.11/site-packages/airflow/example_dags/example_short_circuit_decorator.py
[2025-11-04T22:05:03.373-0300] {processor.py:840} INFO - DAG(s) 'example_short_circuit_decorator' retrieved from /Users/joaovitor/airflow_env/lib/python3.11/site-packages/airflow/example_dags/example_short_circuit_decorator.py
[2025-11-04T22:05:03.491-0300] {logging_mixin.py:188} INFO - [2025-11-04T22:05:03.490-0300] {dag.py:3089} INFO - Sync 1 DAGs
[2025-11-04T22:05:03.509-0300] {logging_mixin.py:188} INFO - [2025-11-04T22:05:03.508-0300] {dag.py:3947} INFO - Setting next_dagrun for example_short_circuit_decorator to 2025-11-04 00:00:00+00:00, run_after=2025-11-05 00:00:00+00:00
[2025-11-04T22:05:03.533-0300] {processor.py:183} INFO - Processing /Users/joaovitor/airflow_env/lib/python3.11/site-packages/airflow/example_dags/example_short_circuit_decorator.py took 0.207 seconds
[2025-11-04T22:06:57.600-0300] {processor.py:161} INFO - Started process (PID=31512) to work on /Users/joaovitor/airflow_env/lib/python3.11/site-packages/airflow/example_dags/example_short_circuit_decorator.py
[2025-11-04T22:06:57.601-0300] {processor.py:830} INFO - Processing file /Users/joaovitor/airflow_env/lib/python3.11/site-packages/airflow/example_dags/example_short_circuit_decorator.py for tasks to queue
[2025-11-04T22:06:57.602-0300] {logging_mixin.py:188} INFO - [2025-11-04T22:06:57.601-0300] {dagbag.py:545} INFO - Filling up the DagBag from /Users/joaovitor/airflow_env/lib/python3.11/site-packages/airflow/example_dags/example_short_circuit_decorator.py
[2025-11-04T22:06:57.644-0300] {processor.py:840} INFO - DAG(s) 'example_short_circuit_decorator' retrieved from /Users/joaovitor/airflow_env/lib/python3.11/site-packages/airflow/example_dags/example_short_circuit_decorator.py
[2025-11-04T22:06:57.761-0300] {logging_mixin.py:188} INFO - [2025-11-04T22:06:57.761-0300] {dag.py:3089} INFO - Sync 1 DAGs
[2025-11-04T22:06:57.780-0300] {logging_mixin.py:188} INFO - [2025-11-04T22:06:57.780-0300] {dag.py:3947} INFO - Setting next_dagrun for example_short_circuit_decorator to 2025-11-04 00:00:00+00:00, run_after=2025-11-05 00:00:00+00:00
[2025-11-04T22:06:57.804-0300] {processor.py:183} INFO - Processing /Users/joaovitor/airflow_env/lib/python3.11/site-packages/airflow/example_dags/example_short_circuit_decorator.py took 0.209 seconds
[2025-11-04T22:08:52.265-0300] {processor.py:161} INFO - Started process (PID=31553) to work on /Users/joaovitor/airflow_env/lib/python3.11/site-packages/airflow/example_dags/example_short_circuit_decorator.py
[2025-11-04T22:08:52.266-0300] {processor.py:830} INFO - Processing file /Users/joaovitor/airflow_env/lib/python3.11/site-packages/airflow/example_dags/example_short_circuit_decorator.py for tasks to queue
[2025-11-04T22:08:52.266-0300] {logging_mixin.py:188} INFO - [2025-11-04T22:08:52.266-0300] {dagbag.py:545} INFO - Filling up the DagBag from /Users/joaovitor/airflow_env/lib/python3.11/site-packages/airflow/example_dags/example_short_circuit_decorator.py
[2025-11-04T22:08:52.306-0300] {processor.py:840} INFO - DAG(s) 'example_short_circuit_decorator' retrieved from /Users/joaovitor/airflow_env/lib/python3.11/site-packages/airflow/example_dags/example_short_circuit_decorator.py
[2025-11-04T22:08:52.410-0300] {logging_mixin.py:188} INFO - [2025-11-04T22:08:52.409-0300] {dag.py:3089} INFO - Sync 1 DAGs
[2025-11-04T22:08:52.426-0300] {logging_mixin.py:188} INFO - [2025-11-04T22:08:52.426-0300] {dag.py:3947} INFO - Setting next_dagrun for example_short_circuit_decorator to 2025-11-04 00:00:00+00:00, run_after=2025-11-05 00:00:00+00:00
[2025-11-04T22:08:52.451-0300] {processor.py:183} INFO - Processing /Users/joaovitor/airflow_env/lib/python3.11/site-packages/airflow/example_dags/example_short_circuit_decorator.py took 0.189 seconds
[2025-11-04T22:10:45.471-0300] {processor.py:161} INFO - Started process (PID=31602) to work on /Users/joaovitor/airflow_env/lib/python3.11/site-packages/airflow/example_dags/example_short_circuit_decorator.py
[2025-11-04T22:10:45.472-0300] {processor.py:830} INFO - Processing file /Users/joaovitor/airflow_env/lib/python3.11/site-packages/airflow/example_dags/example_short_circuit_decorator.py for tasks to queue
[2025-11-04T22:10:45.473-0300] {logging_mixin.py:188} INFO - [2025-11-04T22:10:45.472-0300] {dagbag.py:545} INFO - Filling up the DagBag from /Users/joaovitor/airflow_env/lib/python3.11/site-packages/airflow/example_dags/example_short_circuit_decorator.py
[2025-11-04T22:10:45.524-0300] {processor.py:840} INFO - DAG(s) 'example_short_circuit_decorator' retrieved from /Users/joaovitor/airflow_env/lib/python3.11/site-packages/airflow/example_dags/example_short_circuit_decorator.py
[2025-11-04T22:10:45.692-0300] {logging_mixin.py:188} INFO - [2025-11-04T22:10:45.691-0300] {dag.py:3089} INFO - Sync 1 DAGs
[2025-11-04T22:10:45.719-0300] {logging_mixin.py:188} INFO - [2025-11-04T22:10:45.719-0300] {dag.py:3947} INFO - Setting next_dagrun for example_short_circuit_decorator to 2025-11-04 00:00:00+00:00, run_after=2025-11-05 00:00:00+00:00
[2025-11-04T22:10:45.744-0300] {processor.py:183} INFO - Processing /Users/joaovitor/airflow_env/lib/python3.11/site-packages/airflow/example_dags/example_short_circuit_decorator.py took 0.279 seconds
[2025-11-04T22:12:45.305-0300] {processor.py:161} INFO - Started process (PID=31645) to work on /Users/joaovitor/airflow_env/lib/python3.11/site-packages/airflow/example_dags/example_short_circuit_decorator.py
[2025-11-04T22:12:45.306-0300] {processor.py:830} INFO - Processing file /Users/joaovitor/airflow_env/lib/python3.11/site-packages/airflow/example_dags/example_short_circuit_decorator.py for tasks to queue
[2025-11-04T22:12:45.307-0300] {logging_mixin.py:188} INFO - [2025-11-04T22:12:45.307-0300] {dagbag.py:545} INFO - Filling up the DagBag from /Users/joaovitor/airflow_env/lib/python3.11/site-packages/airflow/example_dags/example_short_circuit_decorator.py
[2025-11-04T22:12:45.358-0300] {processor.py:840} INFO - DAG(s) 'example_short_circuit_decorator' retrieved from /Users/joaovitor/airflow_env/lib/python3.11/site-packages/airflow/example_dags/example_short_circuit_decorator.py
[2025-11-04T22:12:45.490-0300] {logging_mixin.py:188} INFO - [2025-11-04T22:12:45.490-0300] {dag.py:3089} INFO - Sync 1 DAGs
[2025-11-04T22:12:45.508-0300] {logging_mixin.py:188} INFO - [2025-11-04T22:12:45.508-0300] {dag.py:3947} INFO - Setting next_dagrun for example_short_circuit_decorator to 2025-11-04 00:00:00+00:00, run_after=2025-11-05 00:00:00+00:00
[2025-11-04T22:12:45.533-0300] {processor.py:183} INFO - Processing /Users/joaovitor/airflow_env/lib/python3.11/site-packages/airflow/example_dags/example_short_circuit_decorator.py took 0.231 seconds
[2025-11-04T22:14:45.925-0300] {processor.py:161} INFO - Started process (PID=31697) to work on /Users/joaovitor/airflow_env/lib/python3.11/site-packages/airflow/example_dags/example_short_circuit_decorator.py
[2025-11-04T22:14:45.926-0300] {processor.py:830} INFO - Processing file /Users/joaovitor/airflow_env/lib/python3.11/site-packages/airflow/example_dags/example_short_circuit_decorator.py for tasks to queue
[2025-11-04T22:14:45.927-0300] {logging_mixin.py:188} INFO - [2025-11-04T22:14:45.926-0300] {dagbag.py:545} INFO - Filling up the DagBag from /Users/joaovitor/airflow_env/lib/python3.11/site-packages/airflow/example_dags/example_short_circuit_decorator.py
[2025-11-04T22:14:45.968-0300] {processor.py:840} INFO - DAG(s) 'example_short_circuit_decorator' retrieved from /Users/joaovitor/airflow_env/lib/python3.11/site-packages/airflow/example_dags/example_short_circuit_decorator.py
[2025-11-04T22:14:46.090-0300] {logging_mixin.py:188} INFO - [2025-11-04T22:14:46.090-0300] {dag.py:3089} INFO - Sync 1 DAGs
[2025-11-04T22:14:46.110-0300] {logging_mixin.py:188} INFO - [2025-11-04T22:14:46.110-0300] {dag.py:3947} INFO - Setting next_dagrun for example_short_circuit_decorator to 2025-11-04 00:00:00+00:00, run_after=2025-11-05 00:00:00+00:00
[2025-11-04T22:14:46.130-0300] {processor.py:183} INFO - Processing /Users/joaovitor/airflow_env/lib/python3.11/site-packages/airflow/example_dags/example_short_circuit_decorator.py took 0.208 seconds
[2025-11-04T22:16:56.872-0300] {processor.py:161} INFO - Started process (PID=31754) to work on /Users/joaovitor/airflow_env/lib/python3.11/site-packages/airflow/example_dags/example_short_circuit_decorator.py
[2025-11-04T22:16:56.873-0300] {processor.py:830} INFO - Processing file /Users/joaovitor/airflow_env/lib/python3.11/site-packages/airflow/example_dags/example_short_circuit_decorator.py for tasks to queue
[2025-11-04T22:16:56.874-0300] {logging_mixin.py:188} INFO - [2025-11-04T22:16:56.873-0300] {dagbag.py:545} INFO - Filling up the DagBag from /Users/joaovitor/airflow_env/lib/python3.11/site-packages/airflow/example_dags/example_short_circuit_decorator.py
[2025-11-04T22:16:56.923-0300] {processor.py:840} INFO - DAG(s) 'example_short_circuit_decorator' retrieved from /Users/joaovitor/airflow_env/lib/python3.11/site-packages/airflow/example_dags/example_short_circuit_decorator.py
[2025-11-04T22:16:57.039-0300] {logging_mixin.py:188} INFO - [2025-11-04T22:16:57.039-0300] {dag.py:3089} INFO - Sync 1 DAGs
[2025-11-04T22:16:57.058-0300] {logging_mixin.py:188} INFO - [2025-11-04T22:16:57.057-0300] {dag.py:3947} INFO - Setting next_dagrun for example_short_circuit_decorator to 2025-11-04 00:00:00+00:00, run_after=2025-11-05 00:00:00+00:00
[2025-11-04T22:16:57.081-0300] {processor.py:183} INFO - Processing /Users/joaovitor/airflow_env/lib/python3.11/site-packages/airflow/example_dags/example_short_circuit_decorator.py took 0.213 seconds
[2025-11-04T22:18:55.128-0300] {processor.py:161} INFO - Started process (PID=31802) to work on /Users/joaovitor/airflow_env/lib/python3.11/site-packages/airflow/example_dags/example_short_circuit_decorator.py
[2025-11-04T22:18:55.130-0300] {processor.py:830} INFO - Processing file /Users/joaovitor/airflow_env/lib/python3.11/site-packages/airflow/example_dags/example_short_circuit_decorator.py for tasks to queue
[2025-11-04T22:18:55.132-0300] {logging_mixin.py:188} INFO - [2025-11-04T22:18:55.131-0300] {dagbag.py:545} INFO - Filling up the DagBag from /Users/joaovitor/airflow_env/lib/python3.11/site-packages/airflow/example_dags/example_short_circuit_decorator.py
[2025-11-04T22:18:55.176-0300] {processor.py:840} INFO - DAG(s) 'example_short_circuit_decorator' retrieved from /Users/joaovitor/airflow_env/lib/python3.11/site-packages/airflow/example_dags/example_short_circuit_decorator.py
[2025-11-04T22:18:55.298-0300] {logging_mixin.py:188} INFO - [2025-11-04T22:18:55.298-0300] {dag.py:3089} INFO - Sync 1 DAGs
[2025-11-04T22:18:55.319-0300] {logging_mixin.py:188} INFO - [2025-11-04T22:18:55.319-0300] {dag.py:3947} INFO - Setting next_dagrun for example_short_circuit_decorator to 2025-11-04 00:00:00+00:00, run_after=2025-11-05 00:00:00+00:00
[2025-11-04T22:18:55.347-0300] {processor.py:183} INFO - Processing /Users/joaovitor/airflow_env/lib/python3.11/site-packages/airflow/example_dags/example_short_circuit_decorator.py took 0.221 seconds
[2025-11-04T22:20:57.276-0300] {processor.py:161} INFO - Started process (PID=31843) to work on /Users/joaovitor/airflow_env/lib/python3.11/site-packages/airflow/example_dags/example_short_circuit_decorator.py
[2025-11-04T22:20:57.279-0300] {processor.py:830} INFO - Processing file /Users/joaovitor/airflow_env/lib/python3.11/site-packages/airflow/example_dags/example_short_circuit_decorator.py for tasks to queue
[2025-11-04T22:20:57.280-0300] {logging_mixin.py:188} INFO - [2025-11-04T22:20:57.279-0300] {dagbag.py:545} INFO - Filling up the DagBag from /Users/joaovitor/airflow_env/lib/python3.11/site-packages/airflow/example_dags/example_short_circuit_decorator.py
[2025-11-04T22:20:57.325-0300] {processor.py:840} INFO - DAG(s) 'example_short_circuit_decorator' retrieved from /Users/joaovitor/airflow_env/lib/python3.11/site-packages/airflow/example_dags/example_short_circuit_decorator.py
[2025-11-04T22:20:57.433-0300] {logging_mixin.py:188} INFO - [2025-11-04T22:20:57.432-0300] {dag.py:3089} INFO - Sync 1 DAGs
[2025-11-04T22:20:57.452-0300] {logging_mixin.py:188} INFO - [2025-11-04T22:20:57.452-0300] {dag.py:3947} INFO - Setting next_dagrun for example_short_circuit_decorator to 2025-11-04 00:00:00+00:00, run_after=2025-11-05 00:00:00+00:00
[2025-11-04T22:20:57.474-0300] {processor.py:183} INFO - Processing /Users/joaovitor/airflow_env/lib/python3.11/site-packages/airflow/example_dags/example_short_circuit_decorator.py took 0.202 seconds
[2025-11-04T22:23:04.316-0300] {processor.py:161} INFO - Started process (PID=31941) to work on /Users/joaovitor/airflow_env/lib/python3.11/site-packages/airflow/example_dags/example_short_circuit_decorator.py
[2025-11-04T22:23:04.318-0300] {processor.py:830} INFO - Processing file /Users/joaovitor/airflow_env/lib/python3.11/site-packages/airflow/example_dags/example_short_circuit_decorator.py for tasks to queue
[2025-11-04T22:23:04.319-0300] {logging_mixin.py:188} INFO - [2025-11-04T22:23:04.319-0300] {dagbag.py:545} INFO - Filling up the DagBag from /Users/joaovitor/airflow_env/lib/python3.11/site-packages/airflow/example_dags/example_short_circuit_decorator.py
[2025-11-04T22:23:04.367-0300] {processor.py:840} INFO - DAG(s) 'example_short_circuit_decorator' retrieved from /Users/joaovitor/airflow_env/lib/python3.11/site-packages/airflow/example_dags/example_short_circuit_decorator.py
[2025-11-04T22:23:04.490-0300] {logging_mixin.py:188} INFO - [2025-11-04T22:23:04.489-0300] {dag.py:3089} INFO - Sync 1 DAGs
[2025-11-04T22:23:04.508-0300] {logging_mixin.py:188} INFO - [2025-11-04T22:23:04.508-0300] {dag.py:3947} INFO - Setting next_dagrun for example_short_circuit_decorator to 2025-11-04 00:00:00+00:00, run_after=2025-11-05 00:00:00+00:00
[2025-11-04T22:23:04.533-0300] {processor.py:183} INFO - Processing /Users/joaovitor/airflow_env/lib/python3.11/site-packages/airflow/example_dags/example_short_circuit_decorator.py took 0.221 seconds
[2025-11-04T22:25:10.341-0300] {processor.py:161} INFO - Started process (PID=31982) to work on /Users/joaovitor/airflow_env/lib/python3.11/site-packages/airflow/example_dags/example_short_circuit_decorator.py
[2025-11-04T22:25:10.342-0300] {processor.py:830} INFO - Processing file /Users/joaovitor/airflow_env/lib/python3.11/site-packages/airflow/example_dags/example_short_circuit_decorator.py for tasks to queue
[2025-11-04T22:25:10.343-0300] {logging_mixin.py:188} INFO - [2025-11-04T22:25:10.343-0300] {dagbag.py:545} INFO - Filling up the DagBag from /Users/joaovitor/airflow_env/lib/python3.11/site-packages/airflow/example_dags/example_short_circuit_decorator.py
[2025-11-04T22:25:10.389-0300] {processor.py:840} INFO - DAG(s) 'example_short_circuit_decorator' retrieved from /Users/joaovitor/airflow_env/lib/python3.11/site-packages/airflow/example_dags/example_short_circuit_decorator.py
[2025-11-04T22:25:10.508-0300] {logging_mixin.py:188} INFO - [2025-11-04T22:25:10.508-0300] {dag.py:3089} INFO - Sync 1 DAGs
[2025-11-04T22:25:10.527-0300] {logging_mixin.py:188} INFO - [2025-11-04T22:25:10.527-0300] {dag.py:3947} INFO - Setting next_dagrun for example_short_circuit_decorator to 2025-11-04 00:00:00+00:00, run_after=2025-11-05 00:00:00+00:00
[2025-11-04T22:25:10.548-0300] {processor.py:183} INFO - Processing /Users/joaovitor/airflow_env/lib/python3.11/site-packages/airflow/example_dags/example_short_circuit_decorator.py took 0.210 seconds
[2025-11-04T22:27:16.520-0300] {processor.py:161} INFO - Started process (PID=32024) to work on /Users/joaovitor/airflow_env/lib/python3.11/site-packages/airflow/example_dags/example_short_circuit_decorator.py
[2025-11-04T22:27:16.521-0300] {processor.py:830} INFO - Processing file /Users/joaovitor/airflow_env/lib/python3.11/site-packages/airflow/example_dags/example_short_circuit_decorator.py for tasks to queue
[2025-11-04T22:27:16.522-0300] {logging_mixin.py:188} INFO - [2025-11-04T22:27:16.522-0300] {dagbag.py:545} INFO - Filling up the DagBag from /Users/joaovitor/airflow_env/lib/python3.11/site-packages/airflow/example_dags/example_short_circuit_decorator.py
[2025-11-04T22:27:16.575-0300] {processor.py:840} INFO - DAG(s) 'example_short_circuit_decorator' retrieved from /Users/joaovitor/airflow_env/lib/python3.11/site-packages/airflow/example_dags/example_short_circuit_decorator.py
[2025-11-04T22:27:16.713-0300] {logging_mixin.py:188} INFO - [2025-11-04T22:27:16.713-0300] {dag.py:3089} INFO - Sync 1 DAGs
[2025-11-04T22:27:16.736-0300] {logging_mixin.py:188} INFO - [2025-11-04T22:27:16.736-0300] {dag.py:3947} INFO - Setting next_dagrun for example_short_circuit_decorator to 2025-11-04 00:00:00+00:00, run_after=2025-11-05 00:00:00+00:00
[2025-11-04T22:27:16.760-0300] {processor.py:183} INFO - Processing /Users/joaovitor/airflow_env/lib/python3.11/site-packages/airflow/example_dags/example_short_circuit_decorator.py took 0.245 seconds
[2025-11-04T22:29:25.830-0300] {processor.py:161} INFO - Started process (PID=32066) to work on /Users/joaovitor/airflow_env/lib/python3.11/site-packages/airflow/example_dags/example_short_circuit_decorator.py
[2025-11-04T22:29:25.831-0300] {processor.py:830} INFO - Processing file /Users/joaovitor/airflow_env/lib/python3.11/site-packages/airflow/example_dags/example_short_circuit_decorator.py for tasks to queue
[2025-11-04T22:29:25.832-0300] {logging_mixin.py:188} INFO - [2025-11-04T22:29:25.831-0300] {dagbag.py:545} INFO - Filling up the DagBag from /Users/joaovitor/airflow_env/lib/python3.11/site-packages/airflow/example_dags/example_short_circuit_decorator.py
[2025-11-04T22:29:25.877-0300] {processor.py:840} INFO - DAG(s) 'example_short_circuit_decorator' retrieved from /Users/joaovitor/airflow_env/lib/python3.11/site-packages/airflow/example_dags/example_short_circuit_decorator.py
[2025-11-04T22:29:25.997-0300] {logging_mixin.py:188} INFO - [2025-11-04T22:29:25.996-0300] {dag.py:3089} INFO - Sync 1 DAGs
[2025-11-04T22:29:26.016-0300] {logging_mixin.py:188} INFO - [2025-11-04T22:29:26.015-0300] {dag.py:3947} INFO - Setting next_dagrun for example_short_circuit_decorator to 2025-11-04 00:00:00+00:00, run_after=2025-11-05 00:00:00+00:00
[2025-11-04T22:29:26.036-0300] {processor.py:183} INFO - Processing /Users/joaovitor/airflow_env/lib/python3.11/site-packages/airflow/example_dags/example_short_circuit_decorator.py took 0.212 seconds
[2025-11-04T22:31:47.435-0300] {processor.py:161} INFO - Started process (PID=32161) to work on /Users/joaovitor/airflow_env/lib/python3.11/site-packages/airflow/example_dags/example_short_circuit_decorator.py
[2025-11-04T22:31:47.437-0300] {processor.py:830} INFO - Processing file /Users/joaovitor/airflow_env/lib/python3.11/site-packages/airflow/example_dags/example_short_circuit_decorator.py for tasks to queue
[2025-11-04T22:31:47.438-0300] {logging_mixin.py:188} INFO - [2025-11-04T22:31:47.438-0300] {dagbag.py:545} INFO - Filling up the DagBag from /Users/joaovitor/airflow_env/lib/python3.11/site-packages/airflow/example_dags/example_short_circuit_decorator.py
[2025-11-04T22:31:47.481-0300] {processor.py:840} INFO - DAG(s) 'example_short_circuit_decorator' retrieved from /Users/joaovitor/airflow_env/lib/python3.11/site-packages/airflow/example_dags/example_short_circuit_decorator.py
[2025-11-04T22:31:47.594-0300] {logging_mixin.py:188} INFO - [2025-11-04T22:31:47.593-0300] {dag.py:3089} INFO - Sync 1 DAGs
[2025-11-04T22:31:47.614-0300] {logging_mixin.py:188} INFO - [2025-11-04T22:31:47.614-0300] {dag.py:3947} INFO - Setting next_dagrun for example_short_circuit_decorator to 2025-11-04 00:00:00+00:00, run_after=2025-11-05 00:00:00+00:00
[2025-11-04T22:31:47.638-0300] {processor.py:183} INFO - Processing /Users/joaovitor/airflow_env/lib/python3.11/site-packages/airflow/example_dags/example_short_circuit_decorator.py took 0.207 seconds
[2025-11-04T22:34:34.899-0300] {processor.py:161} INFO - Started process (PID=32336) to work on /Users/joaovitor/airflow_env/lib/python3.11/site-packages/airflow/example_dags/example_short_circuit_decorator.py
[2025-11-04T22:34:34.902-0300] {processor.py:830} INFO - Processing file /Users/joaovitor/airflow_env/lib/python3.11/site-packages/airflow/example_dags/example_short_circuit_decorator.py for tasks to queue
[2025-11-04T22:34:34.902-0300] {logging_mixin.py:188} INFO - [2025-11-04T22:34:34.902-0300] {dagbag.py:545} INFO - Filling up the DagBag from /Users/joaovitor/airflow_env/lib/python3.11/site-packages/airflow/example_dags/example_short_circuit_decorator.py
[2025-11-04T22:34:34.945-0300] {processor.py:840} INFO - DAG(s) 'example_short_circuit_decorator' retrieved from /Users/joaovitor/airflow_env/lib/python3.11/site-packages/airflow/example_dags/example_short_circuit_decorator.py
[2025-11-04T22:34:35.062-0300] {logging_mixin.py:188} INFO - [2025-11-04T22:34:35.061-0300] {dag.py:3089} INFO - Sync 1 DAGs
[2025-11-04T22:34:35.079-0300] {logging_mixin.py:188} INFO - [2025-11-04T22:34:35.079-0300] {dag.py:3947} INFO - Setting next_dagrun for example_short_circuit_decorator to 2025-11-04 00:00:00+00:00, run_after=2025-11-05 00:00:00+00:00
[2025-11-04T22:34:35.105-0300] {processor.py:183} INFO - Processing /Users/joaovitor/airflow_env/lib/python3.11/site-packages/airflow/example_dags/example_short_circuit_decorator.py took 0.210 seconds
[2025-11-04T22:36:44.816-0300] {processor.py:161} INFO - Started process (PID=32504) to work on /Users/joaovitor/airflow_env/lib/python3.11/site-packages/airflow/example_dags/example_short_circuit_decorator.py
[2025-11-04T22:36:44.818-0300] {processor.py:830} INFO - Processing file /Users/joaovitor/airflow_env/lib/python3.11/site-packages/airflow/example_dags/example_short_circuit_decorator.py for tasks to queue
[2025-11-04T22:36:44.819-0300] {logging_mixin.py:188} INFO - [2025-11-04T22:36:44.819-0300] {dagbag.py:545} INFO - Filling up the DagBag from /Users/joaovitor/airflow_env/lib/python3.11/site-packages/airflow/example_dags/example_short_circuit_decorator.py
[2025-11-04T22:36:44.860-0300] {processor.py:840} INFO - DAG(s) 'example_short_circuit_decorator' retrieved from /Users/joaovitor/airflow_env/lib/python3.11/site-packages/airflow/example_dags/example_short_circuit_decorator.py
[2025-11-04T22:36:44.965-0300] {logging_mixin.py:188} INFO - [2025-11-04T22:36:44.965-0300] {dag.py:3089} INFO - Sync 1 DAGs
[2025-11-04T22:36:44.982-0300] {logging_mixin.py:188} INFO - [2025-11-04T22:36:44.982-0300] {dag.py:3947} INFO - Setting next_dagrun for example_short_circuit_decorator to 2025-11-04 00:00:00+00:00, run_after=2025-11-05 00:00:00+00:00
[2025-11-04T22:36:45.008-0300] {processor.py:183} INFO - Processing /Users/joaovitor/airflow_env/lib/python3.11/site-packages/airflow/example_dags/example_short_circuit_decorator.py took 0.195 seconds
[2025-11-04T22:39:10.770-0300] {processor.py:161} INFO - Started process (PID=32668) to work on /Users/joaovitor/airflow_env/lib/python3.11/site-packages/airflow/example_dags/example_short_circuit_decorator.py
[2025-11-04T22:39:10.772-0300] {processor.py:830} INFO - Processing file /Users/joaovitor/airflow_env/lib/python3.11/site-packages/airflow/example_dags/example_short_circuit_decorator.py for tasks to queue
[2025-11-04T22:39:10.773-0300] {logging_mixin.py:188} INFO - [2025-11-04T22:39:10.773-0300] {dagbag.py:545} INFO - Filling up the DagBag from /Users/joaovitor/airflow_env/lib/python3.11/site-packages/airflow/example_dags/example_short_circuit_decorator.py
[2025-11-04T22:39:10.827-0300] {processor.py:840} INFO - DAG(s) 'example_short_circuit_decorator' retrieved from /Users/joaovitor/airflow_env/lib/python3.11/site-packages/airflow/example_dags/example_short_circuit_decorator.py
[2025-11-04T22:39:11.019-0300] {logging_mixin.py:188} INFO - [2025-11-04T22:39:11.019-0300] {dag.py:3089} INFO - Sync 1 DAGs
[2025-11-04T22:39:11.095-0300] {logging_mixin.py:188} INFO - [2025-11-04T22:39:11.094-0300] {dag.py:3947} INFO - Setting next_dagrun for example_short_circuit_decorator to 2025-11-04 00:00:00+00:00, run_after=2025-11-05 00:00:00+00:00
[2025-11-04T22:39:11.117-0300] {processor.py:183} INFO - Processing /Users/joaovitor/airflow_env/lib/python3.11/site-packages/airflow/example_dags/example_short_circuit_decorator.py took 0.350 seconds
[2025-11-04T22:41:34.272-0300] {processor.py:161} INFO - Started process (PID=32722) to work on /Users/joaovitor/airflow_env/lib/python3.11/site-packages/airflow/example_dags/example_short_circuit_decorator.py
[2025-11-04T22:41:34.274-0300] {processor.py:830} INFO - Processing file /Users/joaovitor/airflow_env/lib/python3.11/site-packages/airflow/example_dags/example_short_circuit_decorator.py for tasks to queue
[2025-11-04T22:41:34.275-0300] {logging_mixin.py:188} INFO - [2025-11-04T22:41:34.275-0300] {dagbag.py:545} INFO - Filling up the DagBag from /Users/joaovitor/airflow_env/lib/python3.11/site-packages/airflow/example_dags/example_short_circuit_decorator.py
[2025-11-04T22:41:34.345-0300] {processor.py:840} INFO - DAG(s) 'example_short_circuit_decorator' retrieved from /Users/joaovitor/airflow_env/lib/python3.11/site-packages/airflow/example_dags/example_short_circuit_decorator.py
[2025-11-04T22:41:34.481-0300] {logging_mixin.py:188} INFO - [2025-11-04T22:41:34.480-0300] {dag.py:3089} INFO - Sync 1 DAGs
[2025-11-04T22:41:34.503-0300] {logging_mixin.py:188} INFO - [2025-11-04T22:41:34.503-0300] {dag.py:3947} INFO - Setting next_dagrun for example_short_circuit_decorator to 2025-11-04 00:00:00+00:00, run_after=2025-11-05 00:00:00+00:00
[2025-11-04T22:41:34.527-0300] {processor.py:183} INFO - Processing /Users/joaovitor/airflow_env/lib/python3.11/site-packages/airflow/example_dags/example_short_circuit_decorator.py took 0.258 seconds
[2025-11-04T22:43:55.185-0300] {processor.py:161} INFO - Started process (PID=32781) to work on /Users/joaovitor/airflow_env/lib/python3.11/site-packages/airflow/example_dags/example_short_circuit_decorator.py
[2025-11-04T22:43:55.187-0300] {processor.py:830} INFO - Processing file /Users/joaovitor/airflow_env/lib/python3.11/site-packages/airflow/example_dags/example_short_circuit_decorator.py for tasks to queue
[2025-11-04T22:43:55.188-0300] {logging_mixin.py:188} INFO - [2025-11-04T22:43:55.187-0300] {dagbag.py:545} INFO - Filling up the DagBag from /Users/joaovitor/airflow_env/lib/python3.11/site-packages/airflow/example_dags/example_short_circuit_decorator.py
[2025-11-04T22:43:55.232-0300] {processor.py:840} INFO - DAG(s) 'example_short_circuit_decorator' retrieved from /Users/joaovitor/airflow_env/lib/python3.11/site-packages/airflow/example_dags/example_short_circuit_decorator.py
[2025-11-04T22:43:55.359-0300] {logging_mixin.py:188} INFO - [2025-11-04T22:43:55.358-0300] {dag.py:3089} INFO - Sync 1 DAGs
[2025-11-04T22:43:55.378-0300] {logging_mixin.py:188} INFO - [2025-11-04T22:43:55.377-0300] {dag.py:3947} INFO - Setting next_dagrun for example_short_circuit_decorator to 2025-11-04 00:00:00+00:00, run_after=2025-11-05 00:00:00+00:00
[2025-11-04T22:43:55.402-0300] {processor.py:183} INFO - Processing /Users/joaovitor/airflow_env/lib/python3.11/site-packages/airflow/example_dags/example_short_circuit_decorator.py took 0.220 seconds
[2025-11-04T22:46:13.716-0300] {processor.py:161} INFO - Started process (PID=32826) to work on /Users/joaovitor/airflow_env/lib/python3.11/site-packages/airflow/example_dags/example_short_circuit_decorator.py
[2025-11-04T22:46:13.718-0300] {processor.py:830} INFO - Processing file /Users/joaovitor/airflow_env/lib/python3.11/site-packages/airflow/example_dags/example_short_circuit_decorator.py for tasks to queue
[2025-11-04T22:46:13.718-0300] {logging_mixin.py:188} INFO - [2025-11-04T22:46:13.718-0300] {dagbag.py:545} INFO - Filling up the DagBag from /Users/joaovitor/airflow_env/lib/python3.11/site-packages/airflow/example_dags/example_short_circuit_decorator.py
[2025-11-04T22:46:13.763-0300] {processor.py:840} INFO - DAG(s) 'example_short_circuit_decorator' retrieved from /Users/joaovitor/airflow_env/lib/python3.11/site-packages/airflow/example_dags/example_short_circuit_decorator.py
[2025-11-04T22:46:13.887-0300] {logging_mixin.py:188} INFO - [2025-11-04T22:46:13.887-0300] {dag.py:3089} INFO - Sync 1 DAGs
[2025-11-04T22:46:13.905-0300] {logging_mixin.py:188} INFO - [2025-11-04T22:46:13.905-0300] {dag.py:3947} INFO - Setting next_dagrun for example_short_circuit_decorator to 2025-11-04 00:00:00+00:00, run_after=2025-11-05 00:00:00+00:00
[2025-11-04T22:46:13.929-0300] {processor.py:183} INFO - Processing /Users/joaovitor/airflow_env/lib/python3.11/site-packages/airflow/example_dags/example_short_circuit_decorator.py took 0.217 seconds
[2025-11-04T22:48:26.777-0300] {processor.py:161} INFO - Started process (PID=32892) to work on /Users/joaovitor/airflow_env/lib/python3.11/site-packages/airflow/example_dags/example_short_circuit_decorator.py
[2025-11-04T22:48:26.780-0300] {processor.py:830} INFO - Processing file /Users/joaovitor/airflow_env/lib/python3.11/site-packages/airflow/example_dags/example_short_circuit_decorator.py for tasks to queue
[2025-11-04T22:48:26.781-0300] {logging_mixin.py:188} INFO - [2025-11-04T22:48:26.780-0300] {dagbag.py:545} INFO - Filling up the DagBag from /Users/joaovitor/airflow_env/lib/python3.11/site-packages/airflow/example_dags/example_short_circuit_decorator.py
[2025-11-04T22:48:26.820-0300] {processor.py:840} INFO - DAG(s) 'example_short_circuit_decorator' retrieved from /Users/joaovitor/airflow_env/lib/python3.11/site-packages/airflow/example_dags/example_short_circuit_decorator.py
[2025-11-04T22:48:26.922-0300] {logging_mixin.py:188} INFO - [2025-11-04T22:48:26.922-0300] {dag.py:3089} INFO - Sync 1 DAGs
[2025-11-04T22:48:26.940-0300] {logging_mixin.py:188} INFO - [2025-11-04T22:48:26.940-0300] {dag.py:3947} INFO - Setting next_dagrun for example_short_circuit_decorator to 2025-11-04 00:00:00+00:00, run_after=2025-11-05 00:00:00+00:00
[2025-11-04T22:48:26.961-0300] {processor.py:183} INFO - Processing /Users/joaovitor/airflow_env/lib/python3.11/site-packages/airflow/example_dags/example_short_circuit_decorator.py took 0.186 seconds
[2025-11-04T22:50:36.696-0300] {processor.py:161} INFO - Started process (PID=32950) to work on /Users/joaovitor/airflow_env/lib/python3.11/site-packages/airflow/example_dags/example_short_circuit_decorator.py
[2025-11-04T22:50:36.698-0300] {processor.py:830} INFO - Processing file /Users/joaovitor/airflow_env/lib/python3.11/site-packages/airflow/example_dags/example_short_circuit_decorator.py for tasks to queue
[2025-11-04T22:50:36.699-0300] {logging_mixin.py:188} INFO - [2025-11-04T22:50:36.698-0300] {dagbag.py:545} INFO - Filling up the DagBag from /Users/joaovitor/airflow_env/lib/python3.11/site-packages/airflow/example_dags/example_short_circuit_decorator.py
[2025-11-04T22:50:36.745-0300] {processor.py:840} INFO - DAG(s) 'example_short_circuit_decorator' retrieved from /Users/joaovitor/airflow_env/lib/python3.11/site-packages/airflow/example_dags/example_short_circuit_decorator.py
[2025-11-04T22:50:36.862-0300] {logging_mixin.py:188} INFO - [2025-11-04T22:50:36.862-0300] {dag.py:3089} INFO - Sync 1 DAGs
[2025-11-04T22:50:36.880-0300] {logging_mixin.py:188} INFO - [2025-11-04T22:50:36.880-0300] {dag.py:3947} INFO - Setting next_dagrun for example_short_circuit_decorator to 2025-11-04 00:00:00+00:00, run_after=2025-11-05 00:00:00+00:00
[2025-11-04T22:50:36.902-0300] {processor.py:183} INFO - Processing /Users/joaovitor/airflow_env/lib/python3.11/site-packages/airflow/example_dags/example_short_circuit_decorator.py took 0.209 seconds
[2025-11-04T22:52:58.713-0300] {processor.py:161} INFO - Started process (PID=33000) to work on /Users/joaovitor/airflow_env/lib/python3.11/site-packages/airflow/example_dags/example_short_circuit_decorator.py
[2025-11-04T22:52:58.715-0300] {processor.py:830} INFO - Processing file /Users/joaovitor/airflow_env/lib/python3.11/site-packages/airflow/example_dags/example_short_circuit_decorator.py for tasks to queue
[2025-11-04T22:52:58.716-0300] {logging_mixin.py:188} INFO - [2025-11-04T22:52:58.716-0300] {dagbag.py:545} INFO - Filling up the DagBag from /Users/joaovitor/airflow_env/lib/python3.11/site-packages/airflow/example_dags/example_short_circuit_decorator.py
[2025-11-04T22:52:58.768-0300] {processor.py:840} INFO - DAG(s) 'example_short_circuit_decorator' retrieved from /Users/joaovitor/airflow_env/lib/python3.11/site-packages/airflow/example_dags/example_short_circuit_decorator.py
[2025-11-04T22:52:58.916-0300] {logging_mixin.py:188} INFO - [2025-11-04T22:52:58.915-0300] {dag.py:3089} INFO - Sync 1 DAGs
[2025-11-04T22:52:58.932-0300] {logging_mixin.py:188} INFO - [2025-11-04T22:52:58.932-0300] {dag.py:3947} INFO - Setting next_dagrun for example_short_circuit_decorator to 2025-11-04 00:00:00+00:00, run_after=2025-11-05 00:00:00+00:00
[2025-11-04T22:52:58.959-0300] {processor.py:183} INFO - Processing /Users/joaovitor/airflow_env/lib/python3.11/site-packages/airflow/example_dags/example_short_circuit_decorator.py took 0.248 seconds
[2025-11-04T22:55:19.120-0300] {processor.py:161} INFO - Started process (PID=33050) to work on /Users/joaovitor/airflow_env/lib/python3.11/site-packages/airflow/example_dags/example_short_circuit_decorator.py
[2025-11-04T22:55:19.121-0300] {processor.py:830} INFO - Processing file /Users/joaovitor/airflow_env/lib/python3.11/site-packages/airflow/example_dags/example_short_circuit_decorator.py for tasks to queue
[2025-11-04T22:55:19.122-0300] {logging_mixin.py:188} INFO - [2025-11-04T22:55:19.121-0300] {dagbag.py:545} INFO - Filling up the DagBag from /Users/joaovitor/airflow_env/lib/python3.11/site-packages/airflow/example_dags/example_short_circuit_decorator.py
[2025-11-04T22:55:19.168-0300] {processor.py:840} INFO - DAG(s) 'example_short_circuit_decorator' retrieved from /Users/joaovitor/airflow_env/lib/python3.11/site-packages/airflow/example_dags/example_short_circuit_decorator.py
[2025-11-04T22:55:19.290-0300] {logging_mixin.py:188} INFO - [2025-11-04T22:55:19.290-0300] {dag.py:3089} INFO - Sync 1 DAGs
[2025-11-04T22:55:19.310-0300] {logging_mixin.py:188} INFO - [2025-11-04T22:55:19.309-0300] {dag.py:3947} INFO - Setting next_dagrun for example_short_circuit_decorator to 2025-11-04 00:00:00+00:00, run_after=2025-11-05 00:00:00+00:00
[2025-11-04T22:55:19.336-0300] {processor.py:183} INFO - Processing /Users/joaovitor/airflow_env/lib/python3.11/site-packages/airflow/example_dags/example_short_circuit_decorator.py took 0.219 seconds
[2025-11-04T22:57:32.475-0300] {processor.py:161} INFO - Started process (PID=33093) to work on /Users/joaovitor/airflow_env/lib/python3.11/site-packages/airflow/example_dags/example_short_circuit_decorator.py
[2025-11-04T22:57:32.477-0300] {processor.py:830} INFO - Processing file /Users/joaovitor/airflow_env/lib/python3.11/site-packages/airflow/example_dags/example_short_circuit_decorator.py for tasks to queue
[2025-11-04T22:57:32.481-0300] {logging_mixin.py:188} INFO - [2025-11-04T22:57:32.481-0300] {dagbag.py:545} INFO - Filling up the DagBag from /Users/joaovitor/airflow_env/lib/python3.11/site-packages/airflow/example_dags/example_short_circuit_decorator.py
[2025-11-04T22:57:32.557-0300] {processor.py:840} INFO - DAG(s) 'example_short_circuit_decorator' retrieved from /Users/joaovitor/airflow_env/lib/python3.11/site-packages/airflow/example_dags/example_short_circuit_decorator.py
[2025-11-04T22:57:32.689-0300] {logging_mixin.py:188} INFO - [2025-11-04T22:57:32.688-0300] {dag.py:3089} INFO - Sync 1 DAGs
[2025-11-04T22:57:32.707-0300] {logging_mixin.py:188} INFO - [2025-11-04T22:57:32.707-0300] {dag.py:3947} INFO - Setting next_dagrun for example_short_circuit_decorator to 2025-11-04 00:00:00+00:00, run_after=2025-11-05 00:00:00+00:00
[2025-11-04T22:57:32.731-0300] {processor.py:183} INFO - Processing /Users/joaovitor/airflow_env/lib/python3.11/site-packages/airflow/example_dags/example_short_circuit_decorator.py took 0.260 seconds
[2025-11-04T22:59:51.408-0300] {processor.py:161} INFO - Started process (PID=33140) to work on /Users/joaovitor/airflow_env/lib/python3.11/site-packages/airflow/example_dags/example_short_circuit_decorator.py
[2025-11-04T22:59:51.409-0300] {processor.py:830} INFO - Processing file /Users/joaovitor/airflow_env/lib/python3.11/site-packages/airflow/example_dags/example_short_circuit_decorator.py for tasks to queue
[2025-11-04T22:59:51.410-0300] {logging_mixin.py:188} INFO - [2025-11-04T22:59:51.410-0300] {dagbag.py:545} INFO - Filling up the DagBag from /Users/joaovitor/airflow_env/lib/python3.11/site-packages/airflow/example_dags/example_short_circuit_decorator.py
[2025-11-04T22:59:51.467-0300] {processor.py:840} INFO - DAG(s) 'example_short_circuit_decorator' retrieved from /Users/joaovitor/airflow_env/lib/python3.11/site-packages/airflow/example_dags/example_short_circuit_decorator.py
[2025-11-04T22:59:51.609-0300] {logging_mixin.py:188} INFO - [2025-11-04T22:59:51.609-0300] {dag.py:3089} INFO - Sync 1 DAGs
[2025-11-04T22:59:51.630-0300] {logging_mixin.py:188} INFO - [2025-11-04T22:59:51.630-0300] {dag.py:3947} INFO - Setting next_dagrun for example_short_circuit_decorator to 2025-11-04 00:00:00+00:00, run_after=2025-11-05 00:00:00+00:00
[2025-11-04T22:59:51.657-0300] {processor.py:183} INFO - Processing /Users/joaovitor/airflow_env/lib/python3.11/site-packages/airflow/example_dags/example_short_circuit_decorator.py took 0.252 seconds
[2025-11-04T23:02:10.149-0300] {processor.py:161} INFO - Started process (PID=33184) to work on /Users/joaovitor/airflow_env/lib/python3.11/site-packages/airflow/example_dags/example_short_circuit_decorator.py
[2025-11-04T23:02:10.152-0300] {processor.py:830} INFO - Processing file /Users/joaovitor/airflow_env/lib/python3.11/site-packages/airflow/example_dags/example_short_circuit_decorator.py for tasks to queue
[2025-11-04T23:02:10.153-0300] {logging_mixin.py:188} INFO - [2025-11-04T23:02:10.153-0300] {dagbag.py:545} INFO - Filling up the DagBag from /Users/joaovitor/airflow_env/lib/python3.11/site-packages/airflow/example_dags/example_short_circuit_decorator.py
[2025-11-04T23:02:10.201-0300] {processor.py:840} INFO - DAG(s) 'example_short_circuit_decorator' retrieved from /Users/joaovitor/airflow_env/lib/python3.11/site-packages/airflow/example_dags/example_short_circuit_decorator.py
[2025-11-04T23:02:10.322-0300] {logging_mixin.py:188} INFO - [2025-11-04T23:02:10.321-0300] {dag.py:3089} INFO - Sync 1 DAGs
[2025-11-04T23:02:10.339-0300] {logging_mixin.py:188} INFO - [2025-11-04T23:02:10.339-0300] {dag.py:3947} INFO - Setting next_dagrun for example_short_circuit_decorator to 2025-11-04 00:00:00+00:00, run_after=2025-11-05 00:00:00+00:00
[2025-11-04T23:02:10.371-0300] {processor.py:183} INFO - Processing /Users/joaovitor/airflow_env/lib/python3.11/site-packages/airflow/example_dags/example_short_circuit_decorator.py took 0.224 seconds
[2025-11-04T23:04:29.166-0300] {processor.py:161} INFO - Started process (PID=33257) to work on /Users/joaovitor/airflow_env/lib/python3.11/site-packages/airflow/example_dags/example_short_circuit_decorator.py
[2025-11-04T23:04:29.169-0300] {processor.py:830} INFO - Processing file /Users/joaovitor/airflow_env/lib/python3.11/site-packages/airflow/example_dags/example_short_circuit_decorator.py for tasks to queue
[2025-11-04T23:04:29.170-0300] {logging_mixin.py:188} INFO - [2025-11-04T23:04:29.169-0300] {dagbag.py:545} INFO - Filling up the DagBag from /Users/joaovitor/airflow_env/lib/python3.11/site-packages/airflow/example_dags/example_short_circuit_decorator.py
[2025-11-04T23:04:29.211-0300] {processor.py:840} INFO - DAG(s) 'example_short_circuit_decorator' retrieved from /Users/joaovitor/airflow_env/lib/python3.11/site-packages/airflow/example_dags/example_short_circuit_decorator.py
[2025-11-04T23:04:29.313-0300] {logging_mixin.py:188} INFO - [2025-11-04T23:04:29.313-0300] {dag.py:3089} INFO - Sync 1 DAGs
[2025-11-04T23:04:29.329-0300] {logging_mixin.py:188} INFO - [2025-11-04T23:04:29.328-0300] {dag.py:3947} INFO - Setting next_dagrun for example_short_circuit_decorator to 2025-11-04 00:00:00+00:00, run_after=2025-11-05 00:00:00+00:00
[2025-11-04T23:04:29.348-0300] {processor.py:183} INFO - Processing /Users/joaovitor/airflow_env/lib/python3.11/site-packages/airflow/example_dags/example_short_circuit_decorator.py took 0.184 seconds
