[2025-11-04T21:47:54.747-0300] {processor.py:161} INFO - Started process (PID=31110) to work on /Users/joaovitor/airflow_env/lib/python3.11/site-packages/airflow/example_dags/example_complex.py
[2025-11-04T21:47:54.747-0300] {processor.py:830} INFO - Processing file /Users/joaovitor/airflow_env/lib/python3.11/site-packages/airflow/example_dags/example_complex.py for tasks to queue
[2025-11-04T21:47:54.748-0300] {logging_mixin.py:188} INFO - [2025-11-04T21:47:54.748-0300] {dagbag.py:545} INFO - Filling up the DagBag from /Users/joaovitor/airflow_env/lib/python3.11/site-packages/airflow/example_dags/example_complex.py
[2025-11-04T21:47:54.767-0300] {processor.py:840} INFO - DAG(s) 'example_complex' retrieved from /Users/joaovitor/airflow_env/lib/python3.11/site-packages/airflow/example_dags/example_complex.py
[2025-11-04T21:47:55.049-0300] {logging_mixin.py:188} INFO - [2025-11-04T21:47:55.048-0300] {override.py:1858} INFO - Created Permission View: can edit on DAG:example_complex
[2025-11-04T21:47:55.067-0300] {logging_mixin.py:188} INFO - [2025-11-04T21:47:55.067-0300] {override.py:1858} INFO - Created Permission View: can read on DAG:example_complex
[2025-11-04T21:47:55.077-0300] {logging_mixin.py:188} INFO - [2025-11-04T21:47:55.077-0300] {override.py:1858} INFO - Created Permission View: can delete on DAG:example_complex
[2025-11-04T21:47:55.078-0300] {logging_mixin.py:188} INFO - [2025-11-04T21:47:55.078-0300] {dag.py:3089} INFO - Sync 1 DAGs
[2025-11-04T21:47:55.090-0300] {logging_mixin.py:188} INFO - [2025-11-04T21:47:55.090-0300] {dag.py:3111} INFO - Creating ORM DAG for example_complex
[2025-11-04T21:47:55.091-0300] {logging_mixin.py:188} INFO - [2025-11-04T21:47:55.091-0300] {dag.py:3947} INFO - Setting next_dagrun for example_complex to None, run_after=None
[2025-11-04T21:47:55.111-0300] {processor.py:183} INFO - Processing /Users/joaovitor/airflow_env/lib/python3.11/site-packages/airflow/example_dags/example_complex.py took 0.367 seconds
[2025-11-04T21:50:54.197-0300] {processor.py:161} INFO - Started process (PID=31211) to work on /Users/joaovitor/airflow_env/lib/python3.11/site-packages/airflow/example_dags/example_complex.py
[2025-11-04T21:50:54.199-0300] {processor.py:830} INFO - Processing file /Users/joaovitor/airflow_env/lib/python3.11/site-packages/airflow/example_dags/example_complex.py for tasks to queue
[2025-11-04T21:50:54.200-0300] {logging_mixin.py:188} INFO - [2025-11-04T21:50:54.199-0300] {dagbag.py:545} INFO - Filling up the DagBag from /Users/joaovitor/airflow_env/lib/python3.11/site-packages/airflow/example_dags/example_complex.py
[2025-11-04T21:50:54.214-0300] {processor.py:840} INFO - DAG(s) 'example_complex' retrieved from /Users/joaovitor/airflow_env/lib/python3.11/site-packages/airflow/example_dags/example_complex.py
[2025-11-04T21:50:54.343-0300] {logging_mixin.py:188} INFO - [2025-11-04T21:50:54.343-0300] {dag.py:3089} INFO - Sync 1 DAGs
[2025-11-04T21:50:54.353-0300] {logging_mixin.py:188} INFO - [2025-11-04T21:50:54.352-0300] {dag.py:3947} INFO - Setting next_dagrun for example_complex to None, run_after=None
[2025-11-04T21:50:54.384-0300] {processor.py:183} INFO - Processing /Users/joaovitor/airflow_env/lib/python3.11/site-packages/airflow/example_dags/example_complex.py took 0.190 seconds
[2025-11-04T21:54:43.747-0300] {processor.py:161} INFO - Started process (PID=31294) to work on /Users/joaovitor/airflow_env/lib/python3.11/site-packages/airflow/example_dags/example_complex.py
[2025-11-04T21:54:43.748-0300] {processor.py:830} INFO - Processing file /Users/joaovitor/airflow_env/lib/python3.11/site-packages/airflow/example_dags/example_complex.py for tasks to queue
[2025-11-04T21:54:43.749-0300] {logging_mixin.py:188} INFO - [2025-11-04T21:54:43.749-0300] {dagbag.py:545} INFO - Filling up the DagBag from /Users/joaovitor/airflow_env/lib/python3.11/site-packages/airflow/example_dags/example_complex.py
[2025-11-04T21:54:43.762-0300] {processor.py:840} INFO - DAG(s) 'example_complex' retrieved from /Users/joaovitor/airflow_env/lib/python3.11/site-packages/airflow/example_dags/example_complex.py
[2025-11-04T21:54:43.893-0300] {logging_mixin.py:188} INFO - [2025-11-04T21:54:43.893-0300] {dag.py:3089} INFO - Sync 1 DAGs
[2025-11-04T21:54:43.903-0300] {logging_mixin.py:188} INFO - [2025-11-04T21:54:43.903-0300] {dag.py:3947} INFO - Setting next_dagrun for example_complex to None, run_after=None
[2025-11-04T21:54:43.927-0300] {processor.py:183} INFO - Processing /Users/joaovitor/airflow_env/lib/python3.11/site-packages/airflow/example_dags/example_complex.py took 0.183 seconds
[2025-11-04T21:58:24.764-0300] {processor.py:161} INFO - Started process (PID=31374) to work on /Users/joaovitor/airflow_env/lib/python3.11/site-packages/airflow/example_dags/example_complex.py
[2025-11-04T21:58:24.764-0300] {processor.py:830} INFO - Processing file /Users/joaovitor/airflow_env/lib/python3.11/site-packages/airflow/example_dags/example_complex.py for tasks to queue
[2025-11-04T21:58:24.765-0300] {logging_mixin.py:188} INFO - [2025-11-04T21:58:24.765-0300] {dagbag.py:545} INFO - Filling up the DagBag from /Users/joaovitor/airflow_env/lib/python3.11/site-packages/airflow/example_dags/example_complex.py
[2025-11-04T21:58:24.778-0300] {processor.py:840} INFO - DAG(s) 'example_complex' retrieved from /Users/joaovitor/airflow_env/lib/python3.11/site-packages/airflow/example_dags/example_complex.py
[2025-11-04T21:58:24.900-0300] {logging_mixin.py:188} INFO - [2025-11-04T21:58:24.900-0300] {dag.py:3089} INFO - Sync 1 DAGs
[2025-11-04T21:58:24.910-0300] {logging_mixin.py:188} INFO - [2025-11-04T21:58:24.909-0300] {dag.py:3947} INFO - Setting next_dagrun for example_complex to None, run_after=None
[2025-11-04T21:58:24.932-0300] {processor.py:183} INFO - Processing /Users/joaovitor/airflow_env/lib/python3.11/site-packages/airflow/example_dags/example_complex.py took 0.171 seconds
[2025-11-04T22:05:54.839-0300] {processor.py:161} INFO - Started process (PID=31471) to work on /Users/joaovitor/airflow_env/lib/python3.11/site-packages/airflow/example_dags/example_complex.py
[2025-11-04T22:05:54.840-0300] {processor.py:830} INFO - Processing file /Users/joaovitor/airflow_env/lib/python3.11/site-packages/airflow/example_dags/example_complex.py for tasks to queue
[2025-11-04T22:05:54.840-0300] {logging_mixin.py:188} INFO - [2025-11-04T22:05:54.840-0300] {dagbag.py:545} INFO - Filling up the DagBag from /Users/joaovitor/airflow_env/lib/python3.11/site-packages/airflow/example_dags/example_complex.py
[2025-11-04T22:05:54.854-0300] {processor.py:840} INFO - DAG(s) 'example_complex' retrieved from /Users/joaovitor/airflow_env/lib/python3.11/site-packages/airflow/example_dags/example_complex.py
[2025-11-04T22:05:54.977-0300] {logging_mixin.py:188} INFO - [2025-11-04T22:05:54.976-0300] {dag.py:3089} INFO - Sync 1 DAGs
[2025-11-04T22:05:54.986-0300] {logging_mixin.py:188} INFO - [2025-11-04T22:05:54.986-0300] {dag.py:3947} INFO - Setting next_dagrun for example_complex to None, run_after=None
[2025-11-04T22:05:55.014-0300] {processor.py:183} INFO - Processing /Users/joaovitor/airflow_env/lib/python3.11/site-packages/airflow/example_dags/example_complex.py took 0.178 seconds
[2025-11-04T22:09:43.575-0300] {processor.py:161} INFO - Started process (PID=31571) to work on /Users/joaovitor/airflow_env/lib/python3.11/site-packages/airflow/example_dags/example_complex.py
[2025-11-04T22:09:43.576-0300] {processor.py:830} INFO - Processing file /Users/joaovitor/airflow_env/lib/python3.11/site-packages/airflow/example_dags/example_complex.py for tasks to queue
[2025-11-04T22:09:43.577-0300] {logging_mixin.py:188} INFO - [2025-11-04T22:09:43.577-0300] {dagbag.py:545} INFO - Filling up the DagBag from /Users/joaovitor/airflow_env/lib/python3.11/site-packages/airflow/example_dags/example_complex.py
[2025-11-04T22:09:43.592-0300] {processor.py:840} INFO - DAG(s) 'example_complex' retrieved from /Users/joaovitor/airflow_env/lib/python3.11/site-packages/airflow/example_dags/example_complex.py
[2025-11-04T22:09:43.725-0300] {logging_mixin.py:188} INFO - [2025-11-04T22:09:43.725-0300] {dag.py:3089} INFO - Sync 1 DAGs
[2025-11-04T22:09:43.735-0300] {logging_mixin.py:188} INFO - [2025-11-04T22:09:43.735-0300] {dag.py:3947} INFO - Setting next_dagrun for example_complex to None, run_after=None
[2025-11-04T22:09:43.759-0300] {processor.py:183} INFO - Processing /Users/joaovitor/airflow_env/lib/python3.11/site-packages/airflow/example_dags/example_complex.py took 0.187 seconds
[2025-11-04T22:13:41.923-0300] {processor.py:161} INFO - Started process (PID=31674) to work on /Users/joaovitor/airflow_env/lib/python3.11/site-packages/airflow/example_dags/example_complex.py
[2025-11-04T22:13:41.924-0300] {processor.py:830} INFO - Processing file /Users/joaovitor/airflow_env/lib/python3.11/site-packages/airflow/example_dags/example_complex.py for tasks to queue
[2025-11-04T22:13:41.924-0300] {logging_mixin.py:188} INFO - [2025-11-04T22:13:41.924-0300] {dagbag.py:545} INFO - Filling up the DagBag from /Users/joaovitor/airflow_env/lib/python3.11/site-packages/airflow/example_dags/example_complex.py
[2025-11-04T22:13:41.938-0300] {processor.py:840} INFO - DAG(s) 'example_complex' retrieved from /Users/joaovitor/airflow_env/lib/python3.11/site-packages/airflow/example_dags/example_complex.py
[2025-11-04T22:13:42.077-0300] {logging_mixin.py:188} INFO - [2025-11-04T22:13:42.077-0300] {dag.py:3089} INFO - Sync 1 DAGs
[2025-11-04T22:13:42.088-0300] {logging_mixin.py:188} INFO - [2025-11-04T22:13:42.087-0300] {dag.py:3947} INFO - Setting next_dagrun for example_complex to None, run_after=None
[2025-11-04T22:13:42.113-0300] {processor.py:183} INFO - Processing /Users/joaovitor/airflow_env/lib/python3.11/site-packages/airflow/example_dags/example_complex.py took 0.193 seconds
[2025-11-04T22:17:48.627-0300] {processor.py:161} INFO - Started process (PID=31772) to work on /Users/joaovitor/airflow_env/lib/python3.11/site-packages/airflow/example_dags/example_complex.py
[2025-11-04T22:17:48.628-0300] {processor.py:830} INFO - Processing file /Users/joaovitor/airflow_env/lib/python3.11/site-packages/airflow/example_dags/example_complex.py for tasks to queue
[2025-11-04T22:17:48.629-0300] {logging_mixin.py:188} INFO - [2025-11-04T22:17:48.629-0300] {dagbag.py:545} INFO - Filling up the DagBag from /Users/joaovitor/airflow_env/lib/python3.11/site-packages/airflow/example_dags/example_complex.py
[2025-11-04T22:17:48.642-0300] {processor.py:840} INFO - DAG(s) 'example_complex' retrieved from /Users/joaovitor/airflow_env/lib/python3.11/site-packages/airflow/example_dags/example_complex.py
[2025-11-04T22:17:48.765-0300] {logging_mixin.py:188} INFO - [2025-11-04T22:17:48.765-0300] {dag.py:3089} INFO - Sync 1 DAGs
[2025-11-04T22:17:48.775-0300] {logging_mixin.py:188} INFO - [2025-11-04T22:17:48.775-0300] {dag.py:3947} INFO - Setting next_dagrun for example_complex to None, run_after=None
[2025-11-04T22:17:48.798-0300] {processor.py:183} INFO - Processing /Users/joaovitor/airflow_env/lib/python3.11/site-packages/airflow/example_dags/example_complex.py took 0.174 seconds
[2025-11-04T22:21:54.641-0300] {processor.py:161} INFO - Started process (PID=31919) to work on /Users/joaovitor/airflow_env/lib/python3.11/site-packages/airflow/example_dags/example_complex.py
[2025-11-04T22:21:54.643-0300] {processor.py:830} INFO - Processing file /Users/joaovitor/airflow_env/lib/python3.11/site-packages/airflow/example_dags/example_complex.py for tasks to queue
[2025-11-04T22:21:54.644-0300] {logging_mixin.py:188} INFO - [2025-11-04T22:21:54.644-0300] {dagbag.py:545} INFO - Filling up the DagBag from /Users/joaovitor/airflow_env/lib/python3.11/site-packages/airflow/example_dags/example_complex.py
[2025-11-04T22:21:54.665-0300] {processor.py:840} INFO - DAG(s) 'example_complex' retrieved from /Users/joaovitor/airflow_env/lib/python3.11/site-packages/airflow/example_dags/example_complex.py
[2025-11-04T22:21:54.800-0300] {logging_mixin.py:188} INFO - [2025-11-04T22:21:54.799-0300] {dag.py:3089} INFO - Sync 1 DAGs
[2025-11-04T22:21:54.811-0300] {logging_mixin.py:188} INFO - [2025-11-04T22:21:54.811-0300] {dag.py:3947} INFO - Setting next_dagrun for example_complex to None, run_after=None
[2025-11-04T22:21:54.835-0300] {processor.py:183} INFO - Processing /Users/joaovitor/airflow_env/lib/python3.11/site-packages/airflow/example_dags/example_complex.py took 0.198 seconds
[2025-11-04T22:26:09.301-0300] {processor.py:161} INFO - Started process (PID=32002) to work on /Users/joaovitor/airflow_env/lib/python3.11/site-packages/airflow/example_dags/example_complex.py
[2025-11-04T22:26:09.302-0300] {processor.py:830} INFO - Processing file /Users/joaovitor/airflow_env/lib/python3.11/site-packages/airflow/example_dags/example_complex.py for tasks to queue
[2025-11-04T22:26:09.303-0300] {logging_mixin.py:188} INFO - [2025-11-04T22:26:09.303-0300] {dagbag.py:545} INFO - Filling up the DagBag from /Users/joaovitor/airflow_env/lib/python3.11/site-packages/airflow/example_dags/example_complex.py
[2025-11-04T22:26:09.319-0300] {processor.py:840} INFO - DAG(s) 'example_complex' retrieved from /Users/joaovitor/airflow_env/lib/python3.11/site-packages/airflow/example_dags/example_complex.py
[2025-11-04T22:26:09.456-0300] {logging_mixin.py:188} INFO - [2025-11-04T22:26:09.456-0300] {dag.py:3089} INFO - Sync 1 DAGs
[2025-11-04T22:26:09.467-0300] {logging_mixin.py:188} INFO - [2025-11-04T22:26:09.466-0300] {dag.py:3947} INFO - Setting next_dagrun for example_complex to None, run_after=None
[2025-11-04T22:26:09.491-0300] {processor.py:183} INFO - Processing /Users/joaovitor/airflow_env/lib/python3.11/site-packages/airflow/example_dags/example_complex.py took 0.193 seconds
[2025-11-04T22:30:33.738-0300] {processor.py:161} INFO - Started process (PID=32114) to work on /Users/joaovitor/airflow_env/lib/python3.11/site-packages/airflow/example_dags/example_complex.py
[2025-11-04T22:30:33.740-0300] {processor.py:830} INFO - Processing file /Users/joaovitor/airflow_env/lib/python3.11/site-packages/airflow/example_dags/example_complex.py for tasks to queue
[2025-11-04T22:30:33.741-0300] {logging_mixin.py:188} INFO - [2025-11-04T22:30:33.741-0300] {dagbag.py:545} INFO - Filling up the DagBag from /Users/joaovitor/airflow_env/lib/python3.11/site-packages/airflow/example_dags/example_complex.py
[2025-11-04T22:30:33.756-0300] {processor.py:840} INFO - DAG(s) 'example_complex' retrieved from /Users/joaovitor/airflow_env/lib/python3.11/site-packages/airflow/example_dags/example_complex.py
[2025-11-04T22:30:33.873-0300] {logging_mixin.py:188} INFO - [2025-11-04T22:30:33.873-0300] {dag.py:3089} INFO - Sync 1 DAGs
[2025-11-04T22:30:33.883-0300] {logging_mixin.py:188} INFO - [2025-11-04T22:30:33.883-0300] {dag.py:3947} INFO - Setting next_dagrun for example_complex to None, run_after=None
[2025-11-04T22:30:33.908-0300] {processor.py:183} INFO - Processing /Users/joaovitor/airflow_env/lib/python3.11/site-packages/airflow/example_dags/example_complex.py took 0.172 seconds
[2025-11-04T22:35:39.004-0300] {processor.py:161} INFO - Started process (PID=32413) to work on /Users/joaovitor/airflow_env/lib/python3.11/site-packages/airflow/example_dags/example_complex.py
[2025-11-04T22:35:39.006-0300] {processor.py:830} INFO - Processing file /Users/joaovitor/airflow_env/lib/python3.11/site-packages/airflow/example_dags/example_complex.py for tasks to queue
[2025-11-04T22:35:39.007-0300] {logging_mixin.py:188} INFO - [2025-11-04T22:35:39.007-0300] {dagbag.py:545} INFO - Filling up the DagBag from /Users/joaovitor/airflow_env/lib/python3.11/site-packages/airflow/example_dags/example_complex.py
[2025-11-04T22:35:39.021-0300] {processor.py:840} INFO - DAG(s) 'example_complex' retrieved from /Users/joaovitor/airflow_env/lib/python3.11/site-packages/airflow/example_dags/example_complex.py
[2025-11-04T22:35:39.137-0300] {logging_mixin.py:188} INFO - [2025-11-04T22:35:39.137-0300] {dag.py:3089} INFO - Sync 1 DAGs
[2025-11-04T22:35:39.147-0300] {logging_mixin.py:188} INFO - [2025-11-04T22:35:39.147-0300] {dag.py:3947} INFO - Setting next_dagrun for example_complex to None, run_after=None
[2025-11-04T22:35:39.169-0300] {processor.py:183} INFO - Processing /Users/joaovitor/airflow_env/lib/python3.11/site-packages/airflow/example_dags/example_complex.py took 0.168 seconds
[2025-11-04T22:40:18.237-0300] {processor.py:161} INFO - Started process (PID=32689) to work on /Users/joaovitor/airflow_env/lib/python3.11/site-packages/airflow/example_dags/example_complex.py
[2025-11-04T22:40:18.240-0300] {processor.py:830} INFO - Processing file /Users/joaovitor/airflow_env/lib/python3.11/site-packages/airflow/example_dags/example_complex.py for tasks to queue
[2025-11-04T22:40:18.241-0300] {logging_mixin.py:188} INFO - [2025-11-04T22:40:18.240-0300] {dagbag.py:545} INFO - Filling up the DagBag from /Users/joaovitor/airflow_env/lib/python3.11/site-packages/airflow/example_dags/example_complex.py
[2025-11-04T22:40:18.259-0300] {processor.py:840} INFO - DAG(s) 'example_complex' retrieved from /Users/joaovitor/airflow_env/lib/python3.11/site-packages/airflow/example_dags/example_complex.py
[2025-11-04T22:40:18.488-0300] {logging_mixin.py:188} INFO - [2025-11-04T22:40:18.488-0300] {dag.py:3089} INFO - Sync 1 DAGs
[2025-11-04T22:40:18.500-0300] {logging_mixin.py:188} INFO - [2025-11-04T22:40:18.499-0300] {dag.py:3947} INFO - Setting next_dagrun for example_complex to None, run_after=None
[2025-11-04T22:40:18.525-0300] {processor.py:183} INFO - Processing /Users/joaovitor/airflow_env/lib/python3.11/site-packages/airflow/example_dags/example_complex.py took 0.293 seconds
[2025-11-04T22:44:57.198-0300] {processor.py:161} INFO - Started process (PID=32800) to work on /Users/joaovitor/airflow_env/lib/python3.11/site-packages/airflow/example_dags/example_complex.py
[2025-11-04T22:44:57.200-0300] {processor.py:830} INFO - Processing file /Users/joaovitor/airflow_env/lib/python3.11/site-packages/airflow/example_dags/example_complex.py for tasks to queue
[2025-11-04T22:44:57.201-0300] {logging_mixin.py:188} INFO - [2025-11-04T22:44:57.201-0300] {dagbag.py:545} INFO - Filling up the DagBag from /Users/joaovitor/airflow_env/lib/python3.11/site-packages/airflow/example_dags/example_complex.py
[2025-11-04T22:44:57.217-0300] {processor.py:840} INFO - DAG(s) 'example_complex' retrieved from /Users/joaovitor/airflow_env/lib/python3.11/site-packages/airflow/example_dags/example_complex.py
[2025-11-04T22:44:57.378-0300] {logging_mixin.py:188} INFO - [2025-11-04T22:44:57.378-0300] {dag.py:3089} INFO - Sync 1 DAGs
[2025-11-04T22:44:57.394-0300] {logging_mixin.py:188} INFO - [2025-11-04T22:44:57.393-0300] {dag.py:3947} INFO - Setting next_dagrun for example_complex to None, run_after=None
[2025-11-04T22:44:57.418-0300] {processor.py:183} INFO - Processing /Users/joaovitor/airflow_env/lib/python3.11/site-packages/airflow/example_dags/example_complex.py took 0.223 seconds
[2025-11-04T22:49:27.455-0300] {processor.py:161} INFO - Started process (PID=32926) to work on /Users/joaovitor/airflow_env/lib/python3.11/site-packages/airflow/example_dags/example_complex.py
[2025-11-04T22:49:27.456-0300] {processor.py:830} INFO - Processing file /Users/joaovitor/airflow_env/lib/python3.11/site-packages/airflow/example_dags/example_complex.py for tasks to queue
[2025-11-04T22:49:27.458-0300] {logging_mixin.py:188} INFO - [2025-11-04T22:49:27.457-0300] {dagbag.py:545} INFO - Filling up the DagBag from /Users/joaovitor/airflow_env/lib/python3.11/site-packages/airflow/example_dags/example_complex.py
[2025-11-04T22:49:27.476-0300] {processor.py:840} INFO - DAG(s) 'example_complex' retrieved from /Users/joaovitor/airflow_env/lib/python3.11/site-packages/airflow/example_dags/example_complex.py
[2025-11-04T22:49:27.641-0300] {logging_mixin.py:188} INFO - [2025-11-04T22:49:27.641-0300] {dag.py:3089} INFO - Sync 1 DAGs
[2025-11-04T22:49:27.655-0300] {logging_mixin.py:188} INFO - [2025-11-04T22:49:27.654-0300] {dag.py:3947} INFO - Setting next_dagrun for example_complex to None, run_after=None
[2025-11-04T22:49:27.679-0300] {processor.py:183} INFO - Processing /Users/joaovitor/airflow_env/lib/python3.11/site-packages/airflow/example_dags/example_complex.py took 0.228 seconds
[2025-11-04T22:54:06.406-0300] {processor.py:161} INFO - Started process (PID=33027) to work on /Users/joaovitor/airflow_env/lib/python3.11/site-packages/airflow/example_dags/example_complex.py
[2025-11-04T22:54:06.408-0300] {processor.py:830} INFO - Processing file /Users/joaovitor/airflow_env/lib/python3.11/site-packages/airflow/example_dags/example_complex.py for tasks to queue
[2025-11-04T22:54:06.411-0300] {logging_mixin.py:188} INFO - [2025-11-04T22:54:06.410-0300] {dagbag.py:545} INFO - Filling up the DagBag from /Users/joaovitor/airflow_env/lib/python3.11/site-packages/airflow/example_dags/example_complex.py
[2025-11-04T22:54:06.430-0300] {processor.py:840} INFO - DAG(s) 'example_complex' retrieved from /Users/joaovitor/airflow_env/lib/python3.11/site-packages/airflow/example_dags/example_complex.py
[2025-11-04T22:54:06.565-0300] {logging_mixin.py:188} INFO - [2025-11-04T22:54:06.564-0300] {dag.py:3089} INFO - Sync 1 DAGs
[2025-11-04T22:54:06.578-0300] {logging_mixin.py:188} INFO - [2025-11-04T22:54:06.577-0300] {dag.py:3947} INFO - Setting next_dagrun for example_complex to None, run_after=None
[2025-11-04T22:54:06.601-0300] {processor.py:183} INFO - Processing /Users/joaovitor/airflow_env/lib/python3.11/site-packages/airflow/example_dags/example_complex.py took 0.198 seconds
[2025-11-04T22:58:32.099-0300] {processor.py:161} INFO - Started process (PID=33112) to work on /Users/joaovitor/airflow_env/lib/python3.11/site-packages/airflow/example_dags/example_complex.py
[2025-11-04T22:58:32.101-0300] {processor.py:830} INFO - Processing file /Users/joaovitor/airflow_env/lib/python3.11/site-packages/airflow/example_dags/example_complex.py for tasks to queue
[2025-11-04T22:58:32.102-0300] {logging_mixin.py:188} INFO - [2025-11-04T22:58:32.102-0300] {dagbag.py:545} INFO - Filling up the DagBag from /Users/joaovitor/airflow_env/lib/python3.11/site-packages/airflow/example_dags/example_complex.py
[2025-11-04T22:58:32.115-0300] {processor.py:840} INFO - DAG(s) 'example_complex' retrieved from /Users/joaovitor/airflow_env/lib/python3.11/site-packages/airflow/example_dags/example_complex.py
[2025-11-04T22:58:32.250-0300] {logging_mixin.py:188} INFO - [2025-11-04T22:58:32.249-0300] {dag.py:3089} INFO - Sync 1 DAGs
[2025-11-04T22:58:32.264-0300] {logging_mixin.py:188} INFO - [2025-11-04T22:58:32.264-0300] {dag.py:3947} INFO - Setting next_dagrun for example_complex to None, run_after=None
[2025-11-04T22:58:32.288-0300] {processor.py:183} INFO - Processing /Users/joaovitor/airflow_env/lib/python3.11/site-packages/airflow/example_dags/example_complex.py took 0.191 seconds
[2025-11-04T23:03:17.375-0300] {processor.py:161} INFO - Started process (PID=33205) to work on /Users/joaovitor/airflow_env/lib/python3.11/site-packages/airflow/example_dags/example_complex.py
[2025-11-04T23:03:17.377-0300] {processor.py:830} INFO - Processing file /Users/joaovitor/airflow_env/lib/python3.11/site-packages/airflow/example_dags/example_complex.py for tasks to queue
[2025-11-04T23:03:17.378-0300] {logging_mixin.py:188} INFO - [2025-11-04T23:03:17.378-0300] {dagbag.py:545} INFO - Filling up the DagBag from /Users/joaovitor/airflow_env/lib/python3.11/site-packages/airflow/example_dags/example_complex.py
[2025-11-04T23:03:17.398-0300] {processor.py:840} INFO - DAG(s) 'example_complex' retrieved from /Users/joaovitor/airflow_env/lib/python3.11/site-packages/airflow/example_dags/example_complex.py
[2025-11-04T23:03:17.539-0300] {logging_mixin.py:188} INFO - [2025-11-04T23:03:17.539-0300] {dag.py:3089} INFO - Sync 1 DAGs
[2025-11-04T23:03:17.554-0300] {logging_mixin.py:188} INFO - [2025-11-04T23:03:17.554-0300] {dag.py:3947} INFO - Setting next_dagrun for example_complex to None, run_after=None
[2025-11-04T23:03:17.578-0300] {processor.py:183} INFO - Processing /Users/joaovitor/airflow_env/lib/python3.11/site-packages/airflow/example_dags/example_complex.py took 0.206 seconds
