[2025-11-04T21:47:15.505-0300] {processor.py:161} INFO - Started process (PID=31090) to work on /Users/joaovitor/airflow_env/lib/python3.11/site-packages/airflow/example_dags/example_nested_branch_dag.py
[2025-11-04T21:47:15.508-0300] {processor.py:830} INFO - Processing file /Users/joaovitor/airflow_env/lib/python3.11/site-packages/airflow/example_dags/example_nested_branch_dag.py for tasks to queue
[2025-11-04T21:47:15.509-0300] {logging_mixin.py:188} INFO - [2025-11-04T21:47:15.509-0300] {dagbag.py:545} INFO - Filling up the DagBag from /Users/joaovitor/airflow_env/lib/python3.11/site-packages/airflow/example_dags/example_nested_branch_dag.py
[2025-11-04T21:47:15.585-0300] {processor.py:840} INFO - DAG(s) 'example_nested_branch_dag' retrieved from /Users/joaovitor/airflow_env/lib/python3.11/site-packages/airflow/example_dags/example_nested_branch_dag.py
[2025-11-04T21:47:15.782-0300] {logging_mixin.py:188} INFO - [2025-11-04T21:47:15.781-0300] {override.py:1858} INFO - Created Permission View: can read on DAG:example_nested_branch_dag
[2025-11-04T21:47:15.792-0300] {logging_mixin.py:188} INFO - [2025-11-04T21:47:15.792-0300] {override.py:1858} INFO - Created Permission View: can delete on DAG:example_nested_branch_dag
[2025-11-04T21:47:15.800-0300] {logging_mixin.py:188} INFO - [2025-11-04T21:47:15.799-0300] {override.py:1858} INFO - Created Permission View: can edit on DAG:example_nested_branch_dag
[2025-11-04T21:47:15.800-0300] {logging_mixin.py:188} INFO - [2025-11-04T21:47:15.800-0300] {dag.py:3089} INFO - Sync 1 DAGs
[2025-11-04T21:47:15.872-0300] {logging_mixin.py:188} INFO - [2025-11-04T21:47:15.871-0300] {dag.py:3111} INFO - Creating ORM DAG for example_nested_branch_dag
[2025-11-04T21:47:15.881-0300] {logging_mixin.py:188} INFO - [2025-11-04T21:47:15.881-0300] {dag.py:3947} INFO - Setting next_dagrun for example_nested_branch_dag to 2025-11-04 00:00:00+00:00, run_after=2025-11-05 00:00:00+00:00
[2025-11-04T21:47:15.901-0300] {processor.py:183} INFO - Processing /Users/joaovitor/airflow_env/lib/python3.11/site-packages/airflow/example_dags/example_nested_branch_dag.py took 0.399 seconds
[2025-11-04T21:50:19.275-0300] {processor.py:161} INFO - Started process (PID=31200) to work on /Users/joaovitor/airflow_env/lib/python3.11/site-packages/airflow/example_dags/example_nested_branch_dag.py
[2025-11-04T21:50:19.278-0300] {processor.py:830} INFO - Processing file /Users/joaovitor/airflow_env/lib/python3.11/site-packages/airflow/example_dags/example_nested_branch_dag.py for tasks to queue
[2025-11-04T21:50:19.279-0300] {logging_mixin.py:188} INFO - [2025-11-04T21:50:19.278-0300] {dagbag.py:545} INFO - Filling up the DagBag from /Users/joaovitor/airflow_env/lib/python3.11/site-packages/airflow/example_dags/example_nested_branch_dag.py
[2025-11-04T21:50:19.323-0300] {processor.py:840} INFO - DAG(s) 'example_nested_branch_dag' retrieved from /Users/joaovitor/airflow_env/lib/python3.11/site-packages/airflow/example_dags/example_nested_branch_dag.py
[2025-11-04T21:50:19.439-0300] {logging_mixin.py:188} INFO - [2025-11-04T21:50:19.438-0300] {dag.py:3089} INFO - Sync 1 DAGs
[2025-11-04T21:50:19.459-0300] {logging_mixin.py:188} INFO - [2025-11-04T21:50:19.458-0300] {dag.py:3947} INFO - Setting next_dagrun for example_nested_branch_dag to 2025-11-04 00:00:00+00:00, run_after=2025-11-05 00:00:00+00:00
[2025-11-04T21:50:19.483-0300] {processor.py:183} INFO - Processing /Users/joaovitor/airflow_env/lib/python3.11/site-packages/airflow/example_dags/example_nested_branch_dag.py took 0.210 seconds
[2025-11-04T21:52:24.302-0300] {processor.py:161} INFO - Started process (PID=31243) to work on /Users/joaovitor/airflow_env/lib/python3.11/site-packages/airflow/example_dags/example_nested_branch_dag.py
[2025-11-04T21:52:24.303-0300] {processor.py:830} INFO - Processing file /Users/joaovitor/airflow_env/lib/python3.11/site-packages/airflow/example_dags/example_nested_branch_dag.py for tasks to queue
[2025-11-04T21:52:24.304-0300] {logging_mixin.py:188} INFO - [2025-11-04T21:52:24.304-0300] {dagbag.py:545} INFO - Filling up the DagBag from /Users/joaovitor/airflow_env/lib/python3.11/site-packages/airflow/example_dags/example_nested_branch_dag.py
[2025-11-04T21:52:24.347-0300] {processor.py:840} INFO - DAG(s) 'example_nested_branch_dag' retrieved from /Users/joaovitor/airflow_env/lib/python3.11/site-packages/airflow/example_dags/example_nested_branch_dag.py
[2025-11-04T21:52:24.460-0300] {logging_mixin.py:188} INFO - [2025-11-04T21:52:24.460-0300] {dag.py:3089} INFO - Sync 1 DAGs
[2025-11-04T21:52:24.479-0300] {logging_mixin.py:188} INFO - [2025-11-04T21:52:24.479-0300] {dag.py:3947} INFO - Setting next_dagrun for example_nested_branch_dag to 2025-11-04 00:00:00+00:00, run_after=2025-11-05 00:00:00+00:00
[2025-11-04T21:52:24.510-0300] {processor.py:183} INFO - Processing /Users/joaovitor/airflow_env/lib/python3.11/site-packages/airflow/example_dags/example_nested_branch_dag.py took 0.210 seconds
[2025-11-04T21:56:09.201-0300] {processor.py:161} INFO - Started process (PID=31326) to work on /Users/joaovitor/airflow_env/lib/python3.11/site-packages/airflow/example_dags/example_nested_branch_dag.py
[2025-11-04T21:56:09.201-0300] {processor.py:830} INFO - Processing file /Users/joaovitor/airflow_env/lib/python3.11/site-packages/airflow/example_dags/example_nested_branch_dag.py for tasks to queue
[2025-11-04T21:56:09.202-0300] {logging_mixin.py:188} INFO - [2025-11-04T21:56:09.202-0300] {dagbag.py:545} INFO - Filling up the DagBag from /Users/joaovitor/airflow_env/lib/python3.11/site-packages/airflow/example_dags/example_nested_branch_dag.py
[2025-11-04T21:56:09.241-0300] {processor.py:840} INFO - DAG(s) 'example_nested_branch_dag' retrieved from /Users/joaovitor/airflow_env/lib/python3.11/site-packages/airflow/example_dags/example_nested_branch_dag.py
[2025-11-04T21:56:09.342-0300] {logging_mixin.py:188} INFO - [2025-11-04T21:56:09.341-0300] {dag.py:3089} INFO - Sync 1 DAGs
[2025-11-04T21:56:09.359-0300] {logging_mixin.py:188} INFO - [2025-11-04T21:56:09.358-0300] {dag.py:3947} INFO - Setting next_dagrun for example_nested_branch_dag to 2025-11-04 00:00:00+00:00, run_after=2025-11-05 00:00:00+00:00
[2025-11-04T21:56:09.379-0300] {processor.py:183} INFO - Processing /Users/joaovitor/airflow_env/lib/python3.11/site-packages/airflow/example_dags/example_nested_branch_dag.py took 0.181 seconds
[2025-11-04T21:59:53.404-0300] {processor.py:161} INFO - Started process (PID=31405) to work on /Users/joaovitor/airflow_env/lib/python3.11/site-packages/airflow/example_dags/example_nested_branch_dag.py
[2025-11-04T21:59:53.405-0300] {processor.py:830} INFO - Processing file /Users/joaovitor/airflow_env/lib/python3.11/site-packages/airflow/example_dags/example_nested_branch_dag.py for tasks to queue
[2025-11-04T21:59:53.406-0300] {logging_mixin.py:188} INFO - [2025-11-04T21:59:53.406-0300] {dagbag.py:545} INFO - Filling up the DagBag from /Users/joaovitor/airflow_env/lib/python3.11/site-packages/airflow/example_dags/example_nested_branch_dag.py
[2025-11-04T21:59:53.451-0300] {processor.py:840} INFO - DAG(s) 'example_nested_branch_dag' retrieved from /Users/joaovitor/airflow_env/lib/python3.11/site-packages/airflow/example_dags/example_nested_branch_dag.py
[2025-11-04T21:59:53.578-0300] {logging_mixin.py:188} INFO - [2025-11-04T21:59:53.577-0300] {dag.py:3089} INFO - Sync 1 DAGs
[2025-11-04T21:59:53.596-0300] {logging_mixin.py:188} INFO - [2025-11-04T21:59:53.596-0300] {dag.py:3947} INFO - Setting next_dagrun for example_nested_branch_dag to 2025-11-04 00:00:00+00:00, run_after=2025-11-05 00:00:00+00:00
[2025-11-04T21:59:53.617-0300] {processor.py:183} INFO - Processing /Users/joaovitor/airflow_env/lib/python3.11/site-packages/airflow/example_dags/example_nested_branch_dag.py took 0.216 seconds
[2025-11-04T22:07:25.754-0300] {processor.py:161} INFO - Started process (PID=31522) to work on /Users/joaovitor/airflow_env/lib/python3.11/site-packages/airflow/example_dags/example_nested_branch_dag.py
[2025-11-04T22:07:25.755-0300] {processor.py:830} INFO - Processing file /Users/joaovitor/airflow_env/lib/python3.11/site-packages/airflow/example_dags/example_nested_branch_dag.py for tasks to queue
[2025-11-04T22:07:25.755-0300] {logging_mixin.py:188} INFO - [2025-11-04T22:07:25.755-0300] {dagbag.py:545} INFO - Filling up the DagBag from /Users/joaovitor/airflow_env/lib/python3.11/site-packages/airflow/example_dags/example_nested_branch_dag.py
[2025-11-04T22:07:25.794-0300] {processor.py:840} INFO - DAG(s) 'example_nested_branch_dag' retrieved from /Users/joaovitor/airflow_env/lib/python3.11/site-packages/airflow/example_dags/example_nested_branch_dag.py
[2025-11-04T22:07:25.901-0300] {logging_mixin.py:188} INFO - [2025-11-04T22:07:25.901-0300] {dag.py:3089} INFO - Sync 1 DAGs
[2025-11-04T22:07:25.919-0300] {logging_mixin.py:188} INFO - [2025-11-04T22:07:25.918-0300] {dag.py:3947} INFO - Setting next_dagrun for example_nested_branch_dag to 2025-11-04 00:00:00+00:00, run_after=2025-11-05 00:00:00+00:00
[2025-11-04T22:07:25.939-0300] {processor.py:183} INFO - Processing /Users/joaovitor/airflow_env/lib/python3.11/site-packages/airflow/example_dags/example_nested_branch_dag.py took 0.188 seconds
[2025-11-04T22:11:12.653-0300] {processor.py:161} INFO - Started process (PID=31613) to work on /Users/joaovitor/airflow_env/lib/python3.11/site-packages/airflow/example_dags/example_nested_branch_dag.py
[2025-11-04T22:11:12.654-0300] {processor.py:830} INFO - Processing file /Users/joaovitor/airflow_env/lib/python3.11/site-packages/airflow/example_dags/example_nested_branch_dag.py for tasks to queue
[2025-11-04T22:11:12.654-0300] {logging_mixin.py:188} INFO - [2025-11-04T22:11:12.654-0300] {dagbag.py:545} INFO - Filling up the DagBag from /Users/joaovitor/airflow_env/lib/python3.11/site-packages/airflow/example_dags/example_nested_branch_dag.py
[2025-11-04T22:11:12.699-0300] {processor.py:840} INFO - DAG(s) 'example_nested_branch_dag' retrieved from /Users/joaovitor/airflow_env/lib/python3.11/site-packages/airflow/example_dags/example_nested_branch_dag.py
[2025-11-04T22:11:12.819-0300] {logging_mixin.py:188} INFO - [2025-11-04T22:11:12.819-0300] {dag.py:3089} INFO - Sync 1 DAGs
[2025-11-04T22:11:12.836-0300] {logging_mixin.py:188} INFO - [2025-11-04T22:11:12.836-0300] {dag.py:3947} INFO - Setting next_dagrun for example_nested_branch_dag to 2025-11-04 00:00:00+00:00, run_after=2025-11-05 00:00:00+00:00
[2025-11-04T22:11:12.858-0300] {processor.py:183} INFO - Processing /Users/joaovitor/airflow_env/lib/python3.11/site-packages/airflow/example_dags/example_nested_branch_dag.py took 0.209 seconds
[2025-11-04T22:15:29.590-0300] {processor.py:161} INFO - Started process (PID=31709) to work on /Users/joaovitor/airflow_env/lib/python3.11/site-packages/airflow/example_dags/example_nested_branch_dag.py
[2025-11-04T22:15:29.591-0300] {processor.py:830} INFO - Processing file /Users/joaovitor/airflow_env/lib/python3.11/site-packages/airflow/example_dags/example_nested_branch_dag.py for tasks to queue
[2025-11-04T22:15:29.591-0300] {logging_mixin.py:188} INFO - [2025-11-04T22:15:29.591-0300] {dagbag.py:545} INFO - Filling up the DagBag from /Users/joaovitor/airflow_env/lib/python3.11/site-packages/airflow/example_dags/example_nested_branch_dag.py
[2025-11-04T22:15:29.642-0300] {processor.py:840} INFO - DAG(s) 'example_nested_branch_dag' retrieved from /Users/joaovitor/airflow_env/lib/python3.11/site-packages/airflow/example_dags/example_nested_branch_dag.py
[2025-11-04T22:15:29.796-0300] {logging_mixin.py:188} INFO - [2025-11-04T22:15:29.796-0300] {dag.py:3089} INFO - Sync 1 DAGs
[2025-11-04T22:15:29.823-0300] {logging_mixin.py:188} INFO - [2025-11-04T22:15:29.823-0300] {dag.py:3947} INFO - Setting next_dagrun for example_nested_branch_dag to 2025-11-04 00:00:00+00:00, run_after=2025-11-05 00:00:00+00:00
[2025-11-04T22:15:29.846-0300] {processor.py:183} INFO - Processing /Users/joaovitor/airflow_env/lib/python3.11/site-packages/airflow/example_dags/example_nested_branch_dag.py took 0.259 seconds
[2025-11-04T22:19:25.442-0300] {processor.py:161} INFO - Started process (PID=31811) to work on /Users/joaovitor/airflow_env/lib/python3.11/site-packages/airflow/example_dags/example_nested_branch_dag.py
[2025-11-04T22:19:25.444-0300] {processor.py:830} INFO - Processing file /Users/joaovitor/airflow_env/lib/python3.11/site-packages/airflow/example_dags/example_nested_branch_dag.py for tasks to queue
[2025-11-04T22:19:25.445-0300] {logging_mixin.py:188} INFO - [2025-11-04T22:19:25.445-0300] {dagbag.py:545} INFO - Filling up the DagBag from /Users/joaovitor/airflow_env/lib/python3.11/site-packages/airflow/example_dags/example_nested_branch_dag.py
[2025-11-04T22:19:25.487-0300] {processor.py:840} INFO - DAG(s) 'example_nested_branch_dag' retrieved from /Users/joaovitor/airflow_env/lib/python3.11/site-packages/airflow/example_dags/example_nested_branch_dag.py
[2025-11-04T22:19:25.588-0300] {logging_mixin.py:188} INFO - [2025-11-04T22:19:25.587-0300] {dag.py:3089} INFO - Sync 1 DAGs
[2025-11-04T22:19:25.607-0300] {logging_mixin.py:188} INFO - [2025-11-04T22:19:25.607-0300] {dag.py:3947} INFO - Setting next_dagrun for example_nested_branch_dag to 2025-11-04 00:00:00+00:00, run_after=2025-11-05 00:00:00+00:00
[2025-11-04T22:19:25.636-0300] {processor.py:183} INFO - Processing /Users/joaovitor/airflow_env/lib/python3.11/site-packages/airflow/example_dags/example_nested_branch_dag.py took 0.197 seconds
[2025-11-04T22:23:35.224-0300] {processor.py:161} INFO - Started process (PID=31951) to work on /Users/joaovitor/airflow_env/lib/python3.11/site-packages/airflow/example_dags/example_nested_branch_dag.py
[2025-11-04T22:23:35.226-0300] {processor.py:830} INFO - Processing file /Users/joaovitor/airflow_env/lib/python3.11/site-packages/airflow/example_dags/example_nested_branch_dag.py for tasks to queue
[2025-11-04T22:23:35.227-0300] {logging_mixin.py:188} INFO - [2025-11-04T22:23:35.227-0300] {dagbag.py:545} INFO - Filling up the DagBag from /Users/joaovitor/airflow_env/lib/python3.11/site-packages/airflow/example_dags/example_nested_branch_dag.py
[2025-11-04T22:23:35.273-0300] {processor.py:840} INFO - DAG(s) 'example_nested_branch_dag' retrieved from /Users/joaovitor/airflow_env/lib/python3.11/site-packages/airflow/example_dags/example_nested_branch_dag.py
[2025-11-04T22:23:35.389-0300] {logging_mixin.py:188} INFO - [2025-11-04T22:23:35.389-0300] {dag.py:3089} INFO - Sync 1 DAGs
[2025-11-04T22:23:35.408-0300] {logging_mixin.py:188} INFO - [2025-11-04T22:23:35.408-0300] {dag.py:3947} INFO - Setting next_dagrun for example_nested_branch_dag to 2025-11-04 00:00:00+00:00, run_after=2025-11-05 00:00:00+00:00
[2025-11-04T22:23:35.433-0300] {processor.py:183} INFO - Processing /Users/joaovitor/airflow_env/lib/python3.11/site-packages/airflow/example_dags/example_nested_branch_dag.py took 0.212 seconds
[2025-11-04T22:27:47.924-0300] {processor.py:161} INFO - Started process (PID=32034) to work on /Users/joaovitor/airflow_env/lib/python3.11/site-packages/airflow/example_dags/example_nested_branch_dag.py
[2025-11-04T22:27:47.925-0300] {processor.py:830} INFO - Processing file /Users/joaovitor/airflow_env/lib/python3.11/site-packages/airflow/example_dags/example_nested_branch_dag.py for tasks to queue
[2025-11-04T22:27:47.926-0300] {logging_mixin.py:188} INFO - [2025-11-04T22:27:47.926-0300] {dagbag.py:545} INFO - Filling up the DagBag from /Users/joaovitor/airflow_env/lib/python3.11/site-packages/airflow/example_dags/example_nested_branch_dag.py
[2025-11-04T22:27:47.973-0300] {processor.py:840} INFO - DAG(s) 'example_nested_branch_dag' retrieved from /Users/joaovitor/airflow_env/lib/python3.11/site-packages/airflow/example_dags/example_nested_branch_dag.py
[2025-11-04T22:27:48.088-0300] {logging_mixin.py:188} INFO - [2025-11-04T22:27:48.088-0300] {dag.py:3089} INFO - Sync 1 DAGs
[2025-11-04T22:27:48.111-0300] {logging_mixin.py:188} INFO - [2025-11-04T22:27:48.110-0300] {dag.py:3947} INFO - Setting next_dagrun for example_nested_branch_dag to 2025-11-04 00:00:00+00:00, run_after=2025-11-05 00:00:00+00:00
[2025-11-04T22:27:48.134-0300] {processor.py:183} INFO - Processing /Users/joaovitor/airflow_env/lib/python3.11/site-packages/airflow/example_dags/example_nested_branch_dag.py took 0.213 seconds
[2025-11-04T22:29:56.185-0300] {processor.py:161} INFO - Started process (PID=32076) to work on /Users/joaovitor/airflow_env/lib/python3.11/site-packages/airflow/example_dags/example_nested_branch_dag.py
[2025-11-04T22:29:56.186-0300] {processor.py:830} INFO - Processing file /Users/joaovitor/airflow_env/lib/python3.11/site-packages/airflow/example_dags/example_nested_branch_dag.py for tasks to queue
[2025-11-04T22:29:56.186-0300] {logging_mixin.py:188} INFO - [2025-11-04T22:29:56.186-0300] {dagbag.py:545} INFO - Filling up the DagBag from /Users/joaovitor/airflow_env/lib/python3.11/site-packages/airflow/example_dags/example_nested_branch_dag.py
[2025-11-04T22:29:56.236-0300] {processor.py:840} INFO - DAG(s) 'example_nested_branch_dag' retrieved from /Users/joaovitor/airflow_env/lib/python3.11/site-packages/airflow/example_dags/example_nested_branch_dag.py
[2025-11-04T22:29:56.540-0300] {logging_mixin.py:188} INFO - [2025-11-04T22:29:56.539-0300] {dag.py:3089} INFO - Sync 1 DAGs
[2025-11-04T22:29:56.571-0300] {logging_mixin.py:188} INFO - [2025-11-04T22:29:56.571-0300] {dag.py:3947} INFO - Setting next_dagrun for example_nested_branch_dag to 2025-11-04 00:00:00+00:00, run_after=2025-11-05 00:00:00+00:00
[2025-11-04T22:29:56.622-0300] {processor.py:183} INFO - Processing /Users/joaovitor/airflow_env/lib/python3.11/site-packages/airflow/example_dags/example_nested_branch_dag.py took 0.441 seconds
[2025-11-04T22:32:34.252-0300] {processor.py:161} INFO - Started process (PID=32220) to work on /Users/joaovitor/airflow_env/lib/python3.11/site-packages/airflow/example_dags/example_nested_branch_dag.py
[2025-11-04T22:32:34.254-0300] {processor.py:830} INFO - Processing file /Users/joaovitor/airflow_env/lib/python3.11/site-packages/airflow/example_dags/example_nested_branch_dag.py for tasks to queue
[2025-11-04T22:32:34.255-0300] {logging_mixin.py:188} INFO - [2025-11-04T22:32:34.255-0300] {dagbag.py:545} INFO - Filling up the DagBag from /Users/joaovitor/airflow_env/lib/python3.11/site-packages/airflow/example_dags/example_nested_branch_dag.py
[2025-11-04T22:32:34.306-0300] {processor.py:840} INFO - DAG(s) 'example_nested_branch_dag' retrieved from /Users/joaovitor/airflow_env/lib/python3.11/site-packages/airflow/example_dags/example_nested_branch_dag.py
[2025-11-04T22:32:34.431-0300] {logging_mixin.py:188} INFO - [2025-11-04T22:32:34.430-0300] {dag.py:3089} INFO - Sync 1 DAGs
[2025-11-04T22:32:34.451-0300] {logging_mixin.py:188} INFO - [2025-11-04T22:32:34.451-0300] {dag.py:3947} INFO - Setting next_dagrun for example_nested_branch_dag to 2025-11-04 00:00:00+00:00, run_after=2025-11-05 00:00:00+00:00
[2025-11-04T22:32:34.476-0300] {processor.py:183} INFO - Processing /Users/joaovitor/airflow_env/lib/python3.11/site-packages/airflow/example_dags/example_nested_branch_dag.py took 0.227 seconds
[2025-11-04T22:35:08.675-0300] {processor.py:161} INFO - Started process (PID=32348) to work on /Users/joaovitor/airflow_env/lib/python3.11/site-packages/airflow/example_dags/example_nested_branch_dag.py
[2025-11-04T22:35:08.677-0300] {processor.py:830} INFO - Processing file /Users/joaovitor/airflow_env/lib/python3.11/site-packages/airflow/example_dags/example_nested_branch_dag.py for tasks to queue
[2025-11-04T22:35:08.678-0300] {logging_mixin.py:188} INFO - [2025-11-04T22:35:08.678-0300] {dagbag.py:545} INFO - Filling up the DagBag from /Users/joaovitor/airflow_env/lib/python3.11/site-packages/airflow/example_dags/example_nested_branch_dag.py
[2025-11-04T22:35:08.720-0300] {processor.py:840} INFO - DAG(s) 'example_nested_branch_dag' retrieved from /Users/joaovitor/airflow_env/lib/python3.11/site-packages/airflow/example_dags/example_nested_branch_dag.py
[2025-11-04T22:35:08.823-0300] {logging_mixin.py:188} INFO - [2025-11-04T22:35:08.823-0300] {dag.py:3089} INFO - Sync 1 DAGs
[2025-11-04T22:35:08.843-0300] {logging_mixin.py:188} INFO - [2025-11-04T22:35:08.842-0300] {dag.py:3947} INFO - Setting next_dagrun for example_nested_branch_dag to 2025-11-04 00:00:00+00:00, run_after=2025-11-05 00:00:00+00:00
[2025-11-04T22:35:08.868-0300] {processor.py:183} INFO - Processing /Users/joaovitor/airflow_env/lib/python3.11/site-packages/airflow/example_dags/example_nested_branch_dag.py took 0.195 seconds
[2025-11-04T22:37:17.655-0300] {processor.py:161} INFO - Started process (PID=32621) to work on /Users/joaovitor/airflow_env/lib/python3.11/site-packages/airflow/example_dags/example_nested_branch_dag.py
[2025-11-04T22:37:17.657-0300] {processor.py:830} INFO - Processing file /Users/joaovitor/airflow_env/lib/python3.11/site-packages/airflow/example_dags/example_nested_branch_dag.py for tasks to queue
[2025-11-04T22:37:17.658-0300] {logging_mixin.py:188} INFO - [2025-11-04T22:37:17.658-0300] {dagbag.py:545} INFO - Filling up the DagBag from /Users/joaovitor/airflow_env/lib/python3.11/site-packages/airflow/example_dags/example_nested_branch_dag.py
[2025-11-04T22:37:17.741-0300] {processor.py:840} INFO - DAG(s) 'example_nested_branch_dag' retrieved from /Users/joaovitor/airflow_env/lib/python3.11/site-packages/airflow/example_dags/example_nested_branch_dag.py
[2025-11-04T22:37:17.871-0300] {logging_mixin.py:188} INFO - [2025-11-04T22:37:17.871-0300] {dag.py:3089} INFO - Sync 1 DAGs
[2025-11-04T22:37:18.019-0300] {logging_mixin.py:188} INFO - [2025-11-04T22:37:18.019-0300] {dag.py:3947} INFO - Setting next_dagrun for example_nested_branch_dag to 2025-11-04 00:00:00+00:00, run_after=2025-11-05 00:00:00+00:00
[2025-11-04T22:37:18.044-0300] {processor.py:183} INFO - Processing /Users/joaovitor/airflow_env/lib/python3.11/site-packages/airflow/example_dags/example_nested_branch_dag.py took 0.392 seconds
[2025-11-04T22:39:44.416-0300] {processor.py:161} INFO - Started process (PID=32679) to work on /Users/joaovitor/airflow_env/lib/python3.11/site-packages/airflow/example_dags/example_nested_branch_dag.py
[2025-11-04T22:39:44.419-0300] {processor.py:830} INFO - Processing file /Users/joaovitor/airflow_env/lib/python3.11/site-packages/airflow/example_dags/example_nested_branch_dag.py for tasks to queue
[2025-11-04T22:39:44.420-0300] {logging_mixin.py:188} INFO - [2025-11-04T22:39:44.420-0300] {dagbag.py:545} INFO - Filling up the DagBag from /Users/joaovitor/airflow_env/lib/python3.11/site-packages/airflow/example_dags/example_nested_branch_dag.py
[2025-11-04T22:39:44.468-0300] {processor.py:840} INFO - DAG(s) 'example_nested_branch_dag' retrieved from /Users/joaovitor/airflow_env/lib/python3.11/site-packages/airflow/example_dags/example_nested_branch_dag.py
[2025-11-04T22:39:44.714-0300] {logging_mixin.py:188} INFO - [2025-11-04T22:39:44.714-0300] {dag.py:3089} INFO - Sync 1 DAGs
[2025-11-04T22:39:44.808-0300] {logging_mixin.py:188} INFO - [2025-11-04T22:39:44.808-0300] {dag.py:3947} INFO - Setting next_dagrun for example_nested_branch_dag to 2025-11-04 00:00:00+00:00, run_after=2025-11-05 00:00:00+00:00
[2025-11-04T22:39:44.833-0300] {processor.py:183} INFO - Processing /Users/joaovitor/airflow_env/lib/python3.11/site-packages/airflow/example_dags/example_nested_branch_dag.py took 0.420 seconds
[2025-11-04T22:42:12.685-0300] {processor.py:161} INFO - Started process (PID=32739) to work on /Users/joaovitor/airflow_env/lib/python3.11/site-packages/airflow/example_dags/example_nested_branch_dag.py
[2025-11-04T22:42:12.687-0300] {processor.py:830} INFO - Processing file /Users/joaovitor/airflow_env/lib/python3.11/site-packages/airflow/example_dags/example_nested_branch_dag.py for tasks to queue
[2025-11-04T22:42:12.688-0300] {logging_mixin.py:188} INFO - [2025-11-04T22:42:12.688-0300] {dagbag.py:545} INFO - Filling up the DagBag from /Users/joaovitor/airflow_env/lib/python3.11/site-packages/airflow/example_dags/example_nested_branch_dag.py
[2025-11-04T22:42:12.734-0300] {processor.py:840} INFO - DAG(s) 'example_nested_branch_dag' retrieved from /Users/joaovitor/airflow_env/lib/python3.11/site-packages/airflow/example_dags/example_nested_branch_dag.py
[2025-11-04T22:42:12.854-0300] {logging_mixin.py:188} INFO - [2025-11-04T22:42:12.854-0300] {dag.py:3089} INFO - Sync 1 DAGs
[2025-11-04T22:42:12.873-0300] {logging_mixin.py:188} INFO - [2025-11-04T22:42:12.873-0300] {dag.py:3947} INFO - Setting next_dagrun for example_nested_branch_dag to 2025-11-04 00:00:00+00:00, run_after=2025-11-05 00:00:00+00:00
[2025-11-04T22:42:12.898-0300] {processor.py:183} INFO - Processing /Users/joaovitor/airflow_env/lib/python3.11/site-packages/airflow/example_dags/example_nested_branch_dag.py took 0.216 seconds
[2025-11-04T22:44:26.744-0300] {processor.py:161} INFO - Started process (PID=32791) to work on /Users/joaovitor/airflow_env/lib/python3.11/site-packages/airflow/example_dags/example_nested_branch_dag.py
[2025-11-04T22:44:26.745-0300] {processor.py:830} INFO - Processing file /Users/joaovitor/airflow_env/lib/python3.11/site-packages/airflow/example_dags/example_nested_branch_dag.py for tasks to queue
[2025-11-04T22:44:26.747-0300] {logging_mixin.py:188} INFO - [2025-11-04T22:44:26.747-0300] {dagbag.py:545} INFO - Filling up the DagBag from /Users/joaovitor/airflow_env/lib/python3.11/site-packages/airflow/example_dags/example_nested_branch_dag.py
[2025-11-04T22:44:26.793-0300] {processor.py:840} INFO - DAG(s) 'example_nested_branch_dag' retrieved from /Users/joaovitor/airflow_env/lib/python3.11/site-packages/airflow/example_dags/example_nested_branch_dag.py
[2025-11-04T22:44:26.913-0300] {logging_mixin.py:188} INFO - [2025-11-04T22:44:26.913-0300] {dag.py:3089} INFO - Sync 1 DAGs
[2025-11-04T22:44:26.932-0300] {logging_mixin.py:188} INFO - [2025-11-04T22:44:26.932-0300] {dag.py:3947} INFO - Setting next_dagrun for example_nested_branch_dag to 2025-11-04 00:00:00+00:00, run_after=2025-11-05 00:00:00+00:00
[2025-11-04T22:44:26.957-0300] {processor.py:183} INFO - Processing /Users/joaovitor/airflow_env/lib/python3.11/site-packages/airflow/example_dags/example_nested_branch_dag.py took 0.216 seconds
[2025-11-04T22:46:44.439-0300] {processor.py:161} INFO - Started process (PID=32836) to work on /Users/joaovitor/airflow_env/lib/python3.11/site-packages/airflow/example_dags/example_nested_branch_dag.py
[2025-11-04T22:46:44.440-0300] {processor.py:830} INFO - Processing file /Users/joaovitor/airflow_env/lib/python3.11/site-packages/airflow/example_dags/example_nested_branch_dag.py for tasks to queue
[2025-11-04T22:46:44.440-0300] {logging_mixin.py:188} INFO - [2025-11-04T22:46:44.440-0300] {dagbag.py:545} INFO - Filling up the DagBag from /Users/joaovitor/airflow_env/lib/python3.11/site-packages/airflow/example_dags/example_nested_branch_dag.py
[2025-11-04T22:46:44.485-0300] {processor.py:840} INFO - DAG(s) 'example_nested_branch_dag' retrieved from /Users/joaovitor/airflow_env/lib/python3.11/site-packages/airflow/example_dags/example_nested_branch_dag.py
[2025-11-04T22:46:44.602-0300] {logging_mixin.py:188} INFO - [2025-11-04T22:46:44.601-0300] {dag.py:3089} INFO - Sync 1 DAGs
[2025-11-04T22:46:44.620-0300] {logging_mixin.py:188} INFO - [2025-11-04T22:46:44.620-0300] {dag.py:3947} INFO - Setting next_dagrun for example_nested_branch_dag to 2025-11-04 00:00:00+00:00, run_after=2025-11-05 00:00:00+00:00
[2025-11-04T22:46:44.640-0300] {processor.py:183} INFO - Processing /Users/joaovitor/airflow_env/lib/python3.11/site-packages/airflow/example_dags/example_nested_branch_dag.py took 0.205 seconds
[2025-11-04T22:48:56.200-0300] {processor.py:161} INFO - Started process (PID=32904) to work on /Users/joaovitor/airflow_env/lib/python3.11/site-packages/airflow/example_dags/example_nested_branch_dag.py
[2025-11-04T22:48:56.203-0300] {processor.py:830} INFO - Processing file /Users/joaovitor/airflow_env/lib/python3.11/site-packages/airflow/example_dags/example_nested_branch_dag.py for tasks to queue
[2025-11-04T22:48:56.204-0300] {logging_mixin.py:188} INFO - [2025-11-04T22:48:56.203-0300] {dagbag.py:545} INFO - Filling up the DagBag from /Users/joaovitor/airflow_env/lib/python3.11/site-packages/airflow/example_dags/example_nested_branch_dag.py
[2025-11-04T22:48:56.247-0300] {processor.py:840} INFO - DAG(s) 'example_nested_branch_dag' retrieved from /Users/joaovitor/airflow_env/lib/python3.11/site-packages/airflow/example_dags/example_nested_branch_dag.py
[2025-11-04T22:48:56.364-0300] {logging_mixin.py:188} INFO - [2025-11-04T22:48:56.364-0300] {dag.py:3089} INFO - Sync 1 DAGs
[2025-11-04T22:48:56.382-0300] {logging_mixin.py:188} INFO - [2025-11-04T22:48:56.381-0300] {dag.py:3947} INFO - Setting next_dagrun for example_nested_branch_dag to 2025-11-04 00:00:00+00:00, run_after=2025-11-05 00:00:00+00:00
[2025-11-04T22:48:56.412-0300] {processor.py:183} INFO - Processing /Users/joaovitor/airflow_env/lib/python3.11/site-packages/airflow/example_dags/example_nested_branch_dag.py took 0.215 seconds
[2025-11-04T22:51:08.047-0300] {processor.py:161} INFO - Started process (PID=32961) to work on /Users/joaovitor/airflow_env/lib/python3.11/site-packages/airflow/example_dags/example_nested_branch_dag.py
[2025-11-04T22:51:08.049-0300] {processor.py:830} INFO - Processing file /Users/joaovitor/airflow_env/lib/python3.11/site-packages/airflow/example_dags/example_nested_branch_dag.py for tasks to queue
[2025-11-04T22:51:08.050-0300] {logging_mixin.py:188} INFO - [2025-11-04T22:51:08.050-0300] {dagbag.py:545} INFO - Filling up the DagBag from /Users/joaovitor/airflow_env/lib/python3.11/site-packages/airflow/example_dags/example_nested_branch_dag.py
[2025-11-04T22:51:08.094-0300] {processor.py:840} INFO - DAG(s) 'example_nested_branch_dag' retrieved from /Users/joaovitor/airflow_env/lib/python3.11/site-packages/airflow/example_dags/example_nested_branch_dag.py
[2025-11-04T22:51:08.211-0300] {logging_mixin.py:188} INFO - [2025-11-04T22:51:08.211-0300] {dag.py:3089} INFO - Sync 1 DAGs
[2025-11-04T22:51:08.231-0300] {logging_mixin.py:188} INFO - [2025-11-04T22:51:08.230-0300] {dag.py:3947} INFO - Setting next_dagrun for example_nested_branch_dag to 2025-11-04 00:00:00+00:00, run_after=2025-11-05 00:00:00+00:00
[2025-11-04T22:51:08.253-0300] {processor.py:183} INFO - Processing /Users/joaovitor/airflow_env/lib/python3.11/site-packages/airflow/example_dags/example_nested_branch_dag.py took 0.208 seconds
[2025-11-04T22:53:34.173-0300] {processor.py:161} INFO - Started process (PID=33017) to work on /Users/joaovitor/airflow_env/lib/python3.11/site-packages/airflow/example_dags/example_nested_branch_dag.py
[2025-11-04T22:53:34.176-0300] {processor.py:830} INFO - Processing file /Users/joaovitor/airflow_env/lib/python3.11/site-packages/airflow/example_dags/example_nested_branch_dag.py for tasks to queue
[2025-11-04T22:53:34.177-0300] {logging_mixin.py:188} INFO - [2025-11-04T22:53:34.176-0300] {dagbag.py:545} INFO - Filling up the DagBag from /Users/joaovitor/airflow_env/lib/python3.11/site-packages/airflow/example_dags/example_nested_branch_dag.py
[2025-11-04T22:53:34.239-0300] {processor.py:840} INFO - DAG(s) 'example_nested_branch_dag' retrieved from /Users/joaovitor/airflow_env/lib/python3.11/site-packages/airflow/example_dags/example_nested_branch_dag.py
[2025-11-04T22:53:34.459-0300] {logging_mixin.py:188} INFO - [2025-11-04T22:53:34.459-0300] {dag.py:3089} INFO - Sync 1 DAGs
[2025-11-04T22:53:34.485-0300] {logging_mixin.py:188} INFO - [2025-11-04T22:53:34.485-0300] {dag.py:3947} INFO - Setting next_dagrun for example_nested_branch_dag to 2025-11-04 00:00:00+00:00, run_after=2025-11-05 00:00:00+00:00
[2025-11-04T22:53:34.513-0300] {processor.py:183} INFO - Processing /Users/joaovitor/airflow_env/lib/python3.11/site-packages/airflow/example_dags/example_nested_branch_dag.py took 0.343 seconds
[2025-11-04T22:55:50.291-0300] {processor.py:161} INFO - Started process (PID=33060) to work on /Users/joaovitor/airflow_env/lib/python3.11/site-packages/airflow/example_dags/example_nested_branch_dag.py
[2025-11-04T22:55:50.292-0300] {processor.py:830} INFO - Processing file /Users/joaovitor/airflow_env/lib/python3.11/site-packages/airflow/example_dags/example_nested_branch_dag.py for tasks to queue
[2025-11-04T22:55:50.293-0300] {logging_mixin.py:188} INFO - [2025-11-04T22:55:50.292-0300] {dagbag.py:545} INFO - Filling up the DagBag from /Users/joaovitor/airflow_env/lib/python3.11/site-packages/airflow/example_dags/example_nested_branch_dag.py
[2025-11-04T22:55:50.336-0300] {processor.py:840} INFO - DAG(s) 'example_nested_branch_dag' retrieved from /Users/joaovitor/airflow_env/lib/python3.11/site-packages/airflow/example_dags/example_nested_branch_dag.py
[2025-11-04T22:55:50.455-0300] {logging_mixin.py:188} INFO - [2025-11-04T22:55:50.455-0300] {dag.py:3089} INFO - Sync 1 DAGs
[2025-11-04T22:55:50.473-0300] {logging_mixin.py:188} INFO - [2025-11-04T22:55:50.473-0300] {dag.py:3947} INFO - Setting next_dagrun for example_nested_branch_dag to 2025-11-04 00:00:00+00:00, run_after=2025-11-05 00:00:00+00:00
[2025-11-04T22:55:50.495-0300] {processor.py:183} INFO - Processing /Users/joaovitor/airflow_env/lib/python3.11/site-packages/airflow/example_dags/example_nested_branch_dag.py took 0.207 seconds
[2025-11-04T22:58:03.793-0300] {processor.py:161} INFO - Started process (PID=33103) to work on /Users/joaovitor/airflow_env/lib/python3.11/site-packages/airflow/example_dags/example_nested_branch_dag.py
[2025-11-04T22:58:03.794-0300] {processor.py:830} INFO - Processing file /Users/joaovitor/airflow_env/lib/python3.11/site-packages/airflow/example_dags/example_nested_branch_dag.py for tasks to queue
[2025-11-04T22:58:03.794-0300] {logging_mixin.py:188} INFO - [2025-11-04T22:58:03.794-0300] {dagbag.py:545} INFO - Filling up the DagBag from /Users/joaovitor/airflow_env/lib/python3.11/site-packages/airflow/example_dags/example_nested_branch_dag.py
[2025-11-04T22:58:03.840-0300] {processor.py:840} INFO - DAG(s) 'example_nested_branch_dag' retrieved from /Users/joaovitor/airflow_env/lib/python3.11/site-packages/airflow/example_dags/example_nested_branch_dag.py
[2025-11-04T22:58:03.961-0300] {logging_mixin.py:188} INFO - [2025-11-04T22:58:03.961-0300] {dag.py:3089} INFO - Sync 1 DAGs
[2025-11-04T22:58:03.981-0300] {logging_mixin.py:188} INFO - [2025-11-04T22:58:03.981-0300] {dag.py:3947} INFO - Setting next_dagrun for example_nested_branch_dag to 2025-11-04 00:00:00+00:00, run_after=2025-11-05 00:00:00+00:00
[2025-11-04T22:58:04.005-0300] {processor.py:183} INFO - Processing /Users/joaovitor/airflow_env/lib/python3.11/site-packages/airflow/example_dags/example_nested_branch_dag.py took 0.215 seconds
[2025-11-04T23:02:41.082-0300] {processor.py:161} INFO - Started process (PID=33194) to work on /Users/joaovitor/airflow_env/lib/python3.11/site-packages/airflow/example_dags/example_nested_branch_dag.py
[2025-11-04T23:02:41.084-0300] {processor.py:830} INFO - Processing file /Users/joaovitor/airflow_env/lib/python3.11/site-packages/airflow/example_dags/example_nested_branch_dag.py for tasks to queue
[2025-11-04T23:02:41.084-0300] {logging_mixin.py:188} INFO - [2025-11-04T23:02:41.084-0300] {dagbag.py:545} INFO - Filling up the DagBag from /Users/joaovitor/airflow_env/lib/python3.11/site-packages/airflow/example_dags/example_nested_branch_dag.py
[2025-11-04T23:02:41.131-0300] {processor.py:840} INFO - DAG(s) 'example_nested_branch_dag' retrieved from /Users/joaovitor/airflow_env/lib/python3.11/site-packages/airflow/example_dags/example_nested_branch_dag.py
[2025-11-04T23:02:41.446-0300] {logging_mixin.py:188} INFO - [2025-11-04T23:02:41.445-0300] {dag.py:3089} INFO - Sync 1 DAGs
[2025-11-04T23:02:41.465-0300] {logging_mixin.py:188} INFO - [2025-11-04T23:02:41.465-0300] {dag.py:3947} INFO - Setting next_dagrun for example_nested_branch_dag to 2025-11-04 00:00:00+00:00, run_after=2025-11-05 00:00:00+00:00
[2025-11-04T23:02:41.486-0300] {processor.py:183} INFO - Processing /Users/joaovitor/airflow_env/lib/python3.11/site-packages/airflow/example_dags/example_nested_branch_dag.py took 0.407 seconds
[2025-11-04T23:05:03.438-0300] {processor.py:161} INFO - Started process (PID=33272) to work on /Users/joaovitor/airflow_env/lib/python3.11/site-packages/airflow/example_dags/example_nested_branch_dag.py
[2025-11-04T23:05:03.440-0300] {processor.py:830} INFO - Processing file /Users/joaovitor/airflow_env/lib/python3.11/site-packages/airflow/example_dags/example_nested_branch_dag.py for tasks to queue
[2025-11-04T23:05:03.441-0300] {logging_mixin.py:188} INFO - [2025-11-04T23:05:03.441-0300] {dagbag.py:545} INFO - Filling up the DagBag from /Users/joaovitor/airflow_env/lib/python3.11/site-packages/airflow/example_dags/example_nested_branch_dag.py
[2025-11-04T23:05:03.495-0300] {processor.py:840} INFO - DAG(s) 'example_nested_branch_dag' retrieved from /Users/joaovitor/airflow_env/lib/python3.11/site-packages/airflow/example_dags/example_nested_branch_dag.py
[2025-11-04T23:05:03.613-0300] {logging_mixin.py:188} INFO - [2025-11-04T23:05:03.612-0300] {dag.py:3089} INFO - Sync 1 DAGs
[2025-11-04T23:05:03.630-0300] {logging_mixin.py:188} INFO - [2025-11-04T23:05:03.630-0300] {dag.py:3947} INFO - Setting next_dagrun for example_nested_branch_dag to 2025-11-04 00:00:00+00:00, run_after=2025-11-05 00:00:00+00:00
[2025-11-04T23:05:03.653-0300] {processor.py:183} INFO - Processing /Users/joaovitor/airflow_env/lib/python3.11/site-packages/airflow/example_dags/example_nested_branch_dag.py took 0.219 seconds
