[2025-11-04T21:47:40.268-0300] {processor.py:161} INFO - Started process (PID=31106) to work on /Users/joaovitor/airflow_env/lib/python3.11/site-packages/airflow/example_dags/example_dynamic_task_mapping.py
[2025-11-04T21:47:40.269-0300] {processor.py:830} INFO - Processing file /Users/joaovitor/airflow_env/lib/python3.11/site-packages/airflow/example_dags/example_dynamic_task_mapping.py for tasks to queue
[2025-11-04T21:47:40.269-0300] {logging_mixin.py:188} INFO - [2025-11-04T21:47:40.269-0300] {dagbag.py:545} INFO - Filling up the DagBag from /Users/joaovitor/airflow_env/lib/python3.11/site-packages/airflow/example_dags/example_dynamic_task_mapping.py
[2025-11-04T21:47:40.305-0300] {processor.py:840} INFO - DAG(s) 'example_dynamic_task_mapping' retrieved from /Users/joaovitor/airflow_env/lib/python3.11/site-packages/airflow/example_dags/example_dynamic_task_mapping.py
[2025-11-04T21:47:40.489-0300] {logging_mixin.py:188} INFO - [2025-11-04T21:47:40.488-0300] {override.py:1858} INFO - Created Permission View: can delete on DAG:example_dynamic_task_mapping
[2025-11-04T21:47:40.499-0300] {logging_mixin.py:188} INFO - [2025-11-04T21:47:40.499-0300] {override.py:1858} INFO - Created Permission View: can edit on DAG:example_dynamic_task_mapping
[2025-11-04T21:47:40.507-0300] {logging_mixin.py:188} INFO - [2025-11-04T21:47:40.506-0300] {override.py:1858} INFO - Created Permission View: can read on DAG:example_dynamic_task_mapping
[2025-11-04T21:47:40.508-0300] {logging_mixin.py:188} INFO - [2025-11-04T21:47:40.508-0300] {dag.py:3089} INFO - Sync 1 DAGs
[2025-11-04T21:47:40.576-0300] {logging_mixin.py:188} INFO - [2025-11-04T21:47:40.575-0300] {dag.py:3111} INFO - Creating ORM DAG for example_dynamic_task_mapping
[2025-11-04T21:47:40.583-0300] {logging_mixin.py:188} INFO - [2025-11-04T21:47:40.583-0300] {dag.py:3947} INFO - Setting next_dagrun for example_dynamic_task_mapping to 2022-03-04 00:00:00+00:00, run_after=2022-03-05 00:00:00+00:00
[2025-11-04T21:47:40.601-0300] {processor.py:183} INFO - Processing /Users/joaovitor/airflow_env/lib/python3.11/site-packages/airflow/example_dags/example_dynamic_task_mapping.py took 0.336 seconds
[2025-11-04T21:50:42.162-0300] {processor.py:161} INFO - Started process (PID=31207) to work on /Users/joaovitor/airflow_env/lib/python3.11/site-packages/airflow/example_dags/example_dynamic_task_mapping.py
[2025-11-04T21:50:42.164-0300] {processor.py:830} INFO - Processing file /Users/joaovitor/airflow_env/lib/python3.11/site-packages/airflow/example_dags/example_dynamic_task_mapping.py for tasks to queue
[2025-11-04T21:50:42.165-0300] {logging_mixin.py:188} INFO - [2025-11-04T21:50:42.165-0300] {dagbag.py:545} INFO - Filling up the DagBag from /Users/joaovitor/airflow_env/lib/python3.11/site-packages/airflow/example_dags/example_dynamic_task_mapping.py
[2025-11-04T21:50:42.205-0300] {processor.py:840} INFO - DAG(s) 'example_dynamic_task_mapping' retrieved from /Users/joaovitor/airflow_env/lib/python3.11/site-packages/airflow/example_dags/example_dynamic_task_mapping.py
[2025-11-04T21:50:42.317-0300] {logging_mixin.py:188} INFO - [2025-11-04T21:50:42.316-0300] {dag.py:3089} INFO - Sync 1 DAGs
[2025-11-04T21:50:42.335-0300] {logging_mixin.py:188} INFO - [2025-11-04T21:50:42.335-0300] {dag.py:3947} INFO - Setting next_dagrun for example_dynamic_task_mapping to 2022-03-04 00:00:00+00:00, run_after=2022-03-05 00:00:00+00:00
[2025-11-04T21:50:42.360-0300] {processor.py:183} INFO - Processing /Users/joaovitor/airflow_env/lib/python3.11/site-packages/airflow/example_dags/example_dynamic_task_mapping.py took 0.200 seconds
[2025-11-04T21:54:31.596-0300] {processor.py:161} INFO - Started process (PID=31290) to work on /Users/joaovitor/airflow_env/lib/python3.11/site-packages/airflow/example_dags/example_dynamic_task_mapping.py
[2025-11-04T21:54:31.596-0300] {processor.py:830} INFO - Processing file /Users/joaovitor/airflow_env/lib/python3.11/site-packages/airflow/example_dags/example_dynamic_task_mapping.py for tasks to queue
[2025-11-04T21:54:31.597-0300] {logging_mixin.py:188} INFO - [2025-11-04T21:54:31.597-0300] {dagbag.py:545} INFO - Filling up the DagBag from /Users/joaovitor/airflow_env/lib/python3.11/site-packages/airflow/example_dags/example_dynamic_task_mapping.py
[2025-11-04T21:54:31.633-0300] {processor.py:840} INFO - DAG(s) 'example_dynamic_task_mapping' retrieved from /Users/joaovitor/airflow_env/lib/python3.11/site-packages/airflow/example_dags/example_dynamic_task_mapping.py
[2025-11-04T21:54:31.735-0300] {logging_mixin.py:188} INFO - [2025-11-04T21:54:31.734-0300] {dag.py:3089} INFO - Sync 1 DAGs
[2025-11-04T21:54:31.751-0300] {logging_mixin.py:188} INFO - [2025-11-04T21:54:31.750-0300] {dag.py:3947} INFO - Setting next_dagrun for example_dynamic_task_mapping to 2022-03-04 00:00:00+00:00, run_after=2022-03-05 00:00:00+00:00
[2025-11-04T21:54:31.770-0300] {processor.py:183} INFO - Processing /Users/joaovitor/airflow_env/lib/python3.11/site-packages/airflow/example_dags/example_dynamic_task_mapping.py took 0.177 seconds
[2025-11-04T21:58:12.389-0300] {processor.py:161} INFO - Started process (PID=31370) to work on /Users/joaovitor/airflow_env/lib/python3.11/site-packages/airflow/example_dags/example_dynamic_task_mapping.py
[2025-11-04T21:58:12.390-0300] {processor.py:830} INFO - Processing file /Users/joaovitor/airflow_env/lib/python3.11/site-packages/airflow/example_dags/example_dynamic_task_mapping.py for tasks to queue
[2025-11-04T21:58:12.391-0300] {logging_mixin.py:188} INFO - [2025-11-04T21:58:12.390-0300] {dagbag.py:545} INFO - Filling up the DagBag from /Users/joaovitor/airflow_env/lib/python3.11/site-packages/airflow/example_dags/example_dynamic_task_mapping.py
[2025-11-04T21:58:12.429-0300] {processor.py:840} INFO - DAG(s) 'example_dynamic_task_mapping' retrieved from /Users/joaovitor/airflow_env/lib/python3.11/site-packages/airflow/example_dags/example_dynamic_task_mapping.py
[2025-11-04T21:58:12.545-0300] {logging_mixin.py:188} INFO - [2025-11-04T21:58:12.545-0300] {dag.py:3089} INFO - Sync 1 DAGs
[2025-11-04T21:58:12.563-0300] {logging_mixin.py:188} INFO - [2025-11-04T21:58:12.563-0300] {dag.py:3947} INFO - Setting next_dagrun for example_dynamic_task_mapping to 2022-03-04 00:00:00+00:00, run_after=2022-03-05 00:00:00+00:00
[2025-11-04T21:58:12.591-0300] {processor.py:183} INFO - Processing /Users/joaovitor/airflow_env/lib/python3.11/site-packages/airflow/example_dags/example_dynamic_task_mapping.py took 0.205 seconds
[2025-11-04T22:05:42.373-0300] {processor.py:161} INFO - Started process (PID=31467) to work on /Users/joaovitor/airflow_env/lib/python3.11/site-packages/airflow/example_dags/example_dynamic_task_mapping.py
[2025-11-04T22:05:42.374-0300] {processor.py:830} INFO - Processing file /Users/joaovitor/airflow_env/lib/python3.11/site-packages/airflow/example_dags/example_dynamic_task_mapping.py for tasks to queue
[2025-11-04T22:05:42.375-0300] {logging_mixin.py:188} INFO - [2025-11-04T22:05:42.375-0300] {dagbag.py:545} INFO - Filling up the DagBag from /Users/joaovitor/airflow_env/lib/python3.11/site-packages/airflow/example_dags/example_dynamic_task_mapping.py
[2025-11-04T22:05:42.411-0300] {processor.py:840} INFO - DAG(s) 'example_dynamic_task_mapping' retrieved from /Users/joaovitor/airflow_env/lib/python3.11/site-packages/airflow/example_dags/example_dynamic_task_mapping.py
[2025-11-04T22:05:42.512-0300] {logging_mixin.py:188} INFO - [2025-11-04T22:05:42.512-0300] {dag.py:3089} INFO - Sync 1 DAGs
[2025-11-04T22:05:42.529-0300] {logging_mixin.py:188} INFO - [2025-11-04T22:05:42.529-0300] {dag.py:3947} INFO - Setting next_dagrun for example_dynamic_task_mapping to 2022-03-04 00:00:00+00:00, run_after=2022-03-05 00:00:00+00:00
[2025-11-04T22:05:42.555-0300] {processor.py:183} INFO - Processing /Users/joaovitor/airflow_env/lib/python3.11/site-packages/airflow/example_dags/example_dynamic_task_mapping.py took 0.185 seconds
[2025-11-04T22:09:31.356-0300] {processor.py:161} INFO - Started process (PID=31567) to work on /Users/joaovitor/airflow_env/lib/python3.11/site-packages/airflow/example_dags/example_dynamic_task_mapping.py
[2025-11-04T22:09:31.356-0300] {processor.py:830} INFO - Processing file /Users/joaovitor/airflow_env/lib/python3.11/site-packages/airflow/example_dags/example_dynamic_task_mapping.py for tasks to queue
[2025-11-04T22:09:31.357-0300] {logging_mixin.py:188} INFO - [2025-11-04T22:09:31.357-0300] {dagbag.py:545} INFO - Filling up the DagBag from /Users/joaovitor/airflow_env/lib/python3.11/site-packages/airflow/example_dags/example_dynamic_task_mapping.py
[2025-11-04T22:09:31.395-0300] {processor.py:840} INFO - DAG(s) 'example_dynamic_task_mapping' retrieved from /Users/joaovitor/airflow_env/lib/python3.11/site-packages/airflow/example_dags/example_dynamic_task_mapping.py
[2025-11-04T22:09:31.494-0300] {logging_mixin.py:188} INFO - [2025-11-04T22:09:31.493-0300] {dag.py:3089} INFO - Sync 1 DAGs
[2025-11-04T22:09:31.510-0300] {logging_mixin.py:188} INFO - [2025-11-04T22:09:31.510-0300] {dag.py:3947} INFO - Setting next_dagrun for example_dynamic_task_mapping to 2022-03-04 00:00:00+00:00, run_after=2022-03-05 00:00:00+00:00
[2025-11-04T22:09:31.529-0300] {processor.py:183} INFO - Processing /Users/joaovitor/airflow_env/lib/python3.11/site-packages/airflow/example_dags/example_dynamic_task_mapping.py took 0.177 seconds
[2025-11-04T22:13:29.499-0300] {processor.py:161} INFO - Started process (PID=31670) to work on /Users/joaovitor/airflow_env/lib/python3.11/site-packages/airflow/example_dags/example_dynamic_task_mapping.py
[2025-11-04T22:13:29.500-0300] {processor.py:830} INFO - Processing file /Users/joaovitor/airflow_env/lib/python3.11/site-packages/airflow/example_dags/example_dynamic_task_mapping.py for tasks to queue
[2025-11-04T22:13:29.501-0300] {logging_mixin.py:188} INFO - [2025-11-04T22:13:29.501-0300] {dagbag.py:545} INFO - Filling up the DagBag from /Users/joaovitor/airflow_env/lib/python3.11/site-packages/airflow/example_dags/example_dynamic_task_mapping.py
[2025-11-04T22:13:29.543-0300] {processor.py:840} INFO - DAG(s) 'example_dynamic_task_mapping' retrieved from /Users/joaovitor/airflow_env/lib/python3.11/site-packages/airflow/example_dags/example_dynamic_task_mapping.py
[2025-11-04T22:13:29.655-0300] {logging_mixin.py:188} INFO - [2025-11-04T22:13:29.654-0300] {dag.py:3089} INFO - Sync 1 DAGs
[2025-11-04T22:13:29.672-0300] {logging_mixin.py:188} INFO - [2025-11-04T22:13:29.671-0300] {dag.py:3947} INFO - Setting next_dagrun for example_dynamic_task_mapping to 2022-03-04 00:00:00+00:00, run_after=2022-03-05 00:00:00+00:00
[2025-11-04T22:13:29.693-0300] {processor.py:183} INFO - Processing /Users/joaovitor/airflow_env/lib/python3.11/site-packages/airflow/example_dags/example_dynamic_task_mapping.py took 0.197 seconds
[2025-11-04T22:17:36.690-0300] {processor.py:161} INFO - Started process (PID=31768) to work on /Users/joaovitor/airflow_env/lib/python3.11/site-packages/airflow/example_dags/example_dynamic_task_mapping.py
[2025-11-04T22:17:36.691-0300] {processor.py:830} INFO - Processing file /Users/joaovitor/airflow_env/lib/python3.11/site-packages/airflow/example_dags/example_dynamic_task_mapping.py for tasks to queue
[2025-11-04T22:17:36.692-0300] {logging_mixin.py:188} INFO - [2025-11-04T22:17:36.692-0300] {dagbag.py:545} INFO - Filling up the DagBag from /Users/joaovitor/airflow_env/lib/python3.11/site-packages/airflow/example_dags/example_dynamic_task_mapping.py
[2025-11-04T22:17:36.731-0300] {processor.py:840} INFO - DAG(s) 'example_dynamic_task_mapping' retrieved from /Users/joaovitor/airflow_env/lib/python3.11/site-packages/airflow/example_dags/example_dynamic_task_mapping.py
[2025-11-04T22:17:36.848-0300] {logging_mixin.py:188} INFO - [2025-11-04T22:17:36.848-0300] {dag.py:3089} INFO - Sync 1 DAGs
[2025-11-04T22:17:36.866-0300] {logging_mixin.py:188} INFO - [2025-11-04T22:17:36.866-0300] {dag.py:3947} INFO - Setting next_dagrun for example_dynamic_task_mapping to 2022-03-04 00:00:00+00:00, run_after=2022-03-05 00:00:00+00:00
[2025-11-04T22:17:36.887-0300] {processor.py:183} INFO - Processing /Users/joaovitor/airflow_env/lib/python3.11/site-packages/airflow/example_dags/example_dynamic_task_mapping.py took 0.200 seconds
[2025-11-04T22:21:42.169-0300] {processor.py:161} INFO - Started process (PID=31901) to work on /Users/joaovitor/airflow_env/lib/python3.11/site-packages/airflow/example_dags/example_dynamic_task_mapping.py
[2025-11-04T22:21:42.172-0300] {processor.py:830} INFO - Processing file /Users/joaovitor/airflow_env/lib/python3.11/site-packages/airflow/example_dags/example_dynamic_task_mapping.py for tasks to queue
[2025-11-04T22:21:42.173-0300] {logging_mixin.py:188} INFO - [2025-11-04T22:21:42.172-0300] {dagbag.py:545} INFO - Filling up the DagBag from /Users/joaovitor/airflow_env/lib/python3.11/site-packages/airflow/example_dags/example_dynamic_task_mapping.py
[2025-11-04T22:21:42.210-0300] {processor.py:840} INFO - DAG(s) 'example_dynamic_task_mapping' retrieved from /Users/joaovitor/airflow_env/lib/python3.11/site-packages/airflow/example_dags/example_dynamic_task_mapping.py
[2025-11-04T22:21:42.321-0300] {logging_mixin.py:188} INFO - [2025-11-04T22:21:42.321-0300] {dag.py:3089} INFO - Sync 1 DAGs
[2025-11-04T22:21:42.340-0300] {logging_mixin.py:188} INFO - [2025-11-04T22:21:42.340-0300] {dag.py:3947} INFO - Setting next_dagrun for example_dynamic_task_mapping to 2022-03-04 00:00:00+00:00, run_after=2022-03-05 00:00:00+00:00
[2025-11-04T22:21:42.362-0300] {processor.py:183} INFO - Processing /Users/joaovitor/airflow_env/lib/python3.11/site-packages/airflow/example_dags/example_dynamic_task_mapping.py took 0.196 seconds
[2025-11-04T22:25:55.261-0300] {processor.py:161} INFO - Started process (PID=31998) to work on /Users/joaovitor/airflow_env/lib/python3.11/site-packages/airflow/example_dags/example_dynamic_task_mapping.py
[2025-11-04T22:25:55.262-0300] {processor.py:830} INFO - Processing file /Users/joaovitor/airflow_env/lib/python3.11/site-packages/airflow/example_dags/example_dynamic_task_mapping.py for tasks to queue
[2025-11-04T22:25:55.264-0300] {logging_mixin.py:188} INFO - [2025-11-04T22:25:55.263-0300] {dagbag.py:545} INFO - Filling up the DagBag from /Users/joaovitor/airflow_env/lib/python3.11/site-packages/airflow/example_dags/example_dynamic_task_mapping.py
[2025-11-04T22:25:55.307-0300] {processor.py:840} INFO - DAG(s) 'example_dynamic_task_mapping' retrieved from /Users/joaovitor/airflow_env/lib/python3.11/site-packages/airflow/example_dags/example_dynamic_task_mapping.py
[2025-11-04T22:25:55.419-0300] {logging_mixin.py:188} INFO - [2025-11-04T22:25:55.418-0300] {dag.py:3089} INFO - Sync 1 DAGs
[2025-11-04T22:25:55.440-0300] {logging_mixin.py:188} INFO - [2025-11-04T22:25:55.440-0300] {dag.py:3947} INFO - Setting next_dagrun for example_dynamic_task_mapping to 2022-03-04 00:00:00+00:00, run_after=2022-03-05 00:00:00+00:00
[2025-11-04T22:25:55.463-0300] {processor.py:183} INFO - Processing /Users/joaovitor/airflow_env/lib/python3.11/site-packages/airflow/example_dags/example_dynamic_task_mapping.py took 0.205 seconds
[2025-11-04T22:30:17.233-0300] {processor.py:161} INFO - Started process (PID=32088) to work on /Users/joaovitor/airflow_env/lib/python3.11/site-packages/airflow/example_dags/example_dynamic_task_mapping.py
[2025-11-04T22:30:17.235-0300] {processor.py:830} INFO - Processing file /Users/joaovitor/airflow_env/lib/python3.11/site-packages/airflow/example_dags/example_dynamic_task_mapping.py for tasks to queue
[2025-11-04T22:30:17.236-0300] {logging_mixin.py:188} INFO - [2025-11-04T22:30:17.236-0300] {dagbag.py:545} INFO - Filling up the DagBag from /Users/joaovitor/airflow_env/lib/python3.11/site-packages/airflow/example_dags/example_dynamic_task_mapping.py
[2025-11-04T22:30:17.347-0300] {processor.py:840} INFO - DAG(s) 'example_dynamic_task_mapping' retrieved from /Users/joaovitor/airflow_env/lib/python3.11/site-packages/airflow/example_dags/example_dynamic_task_mapping.py
[2025-11-04T22:30:17.738-0300] {logging_mixin.py:188} INFO - [2025-11-04T22:30:17.738-0300] {dag.py:3089} INFO - Sync 1 DAGs
[2025-11-04T22:30:17.854-0300] {logging_mixin.py:188} INFO - [2025-11-04T22:30:17.851-0300] {dag.py:3947} INFO - Setting next_dagrun for example_dynamic_task_mapping to 2022-03-04 00:00:00+00:00, run_after=2022-03-05 00:00:00+00:00
[2025-11-04T22:30:17.935-0300] {processor.py:183} INFO - Processing /Users/joaovitor/airflow_env/lib/python3.11/site-packages/airflow/example_dags/example_dynamic_task_mapping.py took 0.708 seconds
[2025-11-04T22:35:26.266-0300] {processor.py:161} INFO - Started process (PID=32406) to work on /Users/joaovitor/airflow_env/lib/python3.11/site-packages/airflow/example_dags/example_dynamic_task_mapping.py
[2025-11-04T22:35:26.268-0300] {processor.py:830} INFO - Processing file /Users/joaovitor/airflow_env/lib/python3.11/site-packages/airflow/example_dags/example_dynamic_task_mapping.py for tasks to queue
[2025-11-04T22:35:26.269-0300] {logging_mixin.py:188} INFO - [2025-11-04T22:35:26.269-0300] {dagbag.py:545} INFO - Filling up the DagBag from /Users/joaovitor/airflow_env/lib/python3.11/site-packages/airflow/example_dags/example_dynamic_task_mapping.py
[2025-11-04T22:35:26.308-0300] {processor.py:840} INFO - DAG(s) 'example_dynamic_task_mapping' retrieved from /Users/joaovitor/airflow_env/lib/python3.11/site-packages/airflow/example_dags/example_dynamic_task_mapping.py
[2025-11-04T22:35:26.414-0300] {logging_mixin.py:188} INFO - [2025-11-04T22:35:26.413-0300] {dag.py:3089} INFO - Sync 1 DAGs
[2025-11-04T22:35:26.430-0300] {logging_mixin.py:188} INFO - [2025-11-04T22:35:26.430-0300] {dag.py:3947} INFO - Setting next_dagrun for example_dynamic_task_mapping to 2022-03-04 00:00:00+00:00, run_after=2022-03-05 00:00:00+00:00
[2025-11-04T22:35:26.451-0300] {processor.py:183} INFO - Processing /Users/joaovitor/airflow_env/lib/python3.11/site-packages/airflow/example_dags/example_dynamic_task_mapping.py took 0.188 seconds
[2025-11-04T22:40:03.785-0300] {processor.py:161} INFO - Started process (PID=32685) to work on /Users/joaovitor/airflow_env/lib/python3.11/site-packages/airflow/example_dags/example_dynamic_task_mapping.py
[2025-11-04T22:40:03.787-0300] {processor.py:830} INFO - Processing file /Users/joaovitor/airflow_env/lib/python3.11/site-packages/airflow/example_dags/example_dynamic_task_mapping.py for tasks to queue
[2025-11-04T22:40:03.788-0300] {logging_mixin.py:188} INFO - [2025-11-04T22:40:03.788-0300] {dagbag.py:545} INFO - Filling up the DagBag from /Users/joaovitor/airflow_env/lib/python3.11/site-packages/airflow/example_dags/example_dynamic_task_mapping.py
[2025-11-04T22:40:03.833-0300] {processor.py:840} INFO - DAG(s) 'example_dynamic_task_mapping' retrieved from /Users/joaovitor/airflow_env/lib/python3.11/site-packages/airflow/example_dags/example_dynamic_task_mapping.py
[2025-11-04T22:40:04.043-0300] {logging_mixin.py:188} INFO - [2025-11-04T22:40:04.042-0300] {dag.py:3089} INFO - Sync 1 DAGs
[2025-11-04T22:40:04.126-0300] {logging_mixin.py:188} INFO - [2025-11-04T22:40:04.126-0300] {dag.py:3947} INFO - Setting next_dagrun for example_dynamic_task_mapping to 2022-03-04 00:00:00+00:00, run_after=2022-03-05 00:00:00+00:00
[2025-11-04T22:40:04.150-0300] {processor.py:183} INFO - Processing /Users/joaovitor/airflow_env/lib/python3.11/site-packages/airflow/example_dags/example_dynamic_task_mapping.py took 0.368 seconds
[2025-11-04T22:44:42.770-0300] {processor.py:161} INFO - Started process (PID=32796) to work on /Users/joaovitor/airflow_env/lib/python3.11/site-packages/airflow/example_dags/example_dynamic_task_mapping.py
[2025-11-04T22:44:42.773-0300] {processor.py:830} INFO - Processing file /Users/joaovitor/airflow_env/lib/python3.11/site-packages/airflow/example_dags/example_dynamic_task_mapping.py for tasks to queue
[2025-11-04T22:44:42.774-0300] {logging_mixin.py:188} INFO - [2025-11-04T22:44:42.773-0300] {dagbag.py:545} INFO - Filling up the DagBag from /Users/joaovitor/airflow_env/lib/python3.11/site-packages/airflow/example_dags/example_dynamic_task_mapping.py
[2025-11-04T22:44:42.817-0300] {processor.py:840} INFO - DAG(s) 'example_dynamic_task_mapping' retrieved from /Users/joaovitor/airflow_env/lib/python3.11/site-packages/airflow/example_dags/example_dynamic_task_mapping.py
[2025-11-04T22:44:43.122-0300] {logging_mixin.py:188} INFO - [2025-11-04T22:44:43.122-0300] {dag.py:3089} INFO - Sync 1 DAGs
[2025-11-04T22:44:43.149-0300] {logging_mixin.py:188} INFO - [2025-11-04T22:44:43.148-0300] {dag.py:3947} INFO - Setting next_dagrun for example_dynamic_task_mapping to 2022-03-04 00:00:00+00:00, run_after=2022-03-05 00:00:00+00:00
[2025-11-04T22:44:43.180-0300] {processor.py:183} INFO - Processing /Users/joaovitor/airflow_env/lib/python3.11/site-packages/airflow/example_dags/example_dynamic_task_mapping.py took 0.414 seconds
[2025-11-04T22:49:10.598-0300] {processor.py:161} INFO - Started process (PID=32909) to work on /Users/joaovitor/airflow_env/lib/python3.11/site-packages/airflow/example_dags/example_dynamic_task_mapping.py
[2025-11-04T22:49:10.600-0300] {processor.py:830} INFO - Processing file /Users/joaovitor/airflow_env/lib/python3.11/site-packages/airflow/example_dags/example_dynamic_task_mapping.py for tasks to queue
[2025-11-04T22:49:10.601-0300] {logging_mixin.py:188} INFO - [2025-11-04T22:49:10.601-0300] {dagbag.py:545} INFO - Filling up the DagBag from /Users/joaovitor/airflow_env/lib/python3.11/site-packages/airflow/example_dags/example_dynamic_task_mapping.py
[2025-11-04T22:49:10.639-0300] {processor.py:840} INFO - DAG(s) 'example_dynamic_task_mapping' retrieved from /Users/joaovitor/airflow_env/lib/python3.11/site-packages/airflow/example_dags/example_dynamic_task_mapping.py
[2025-11-04T22:49:10.749-0300] {logging_mixin.py:188} INFO - [2025-11-04T22:49:10.749-0300] {dag.py:3089} INFO - Sync 1 DAGs
[2025-11-04T22:49:10.767-0300] {logging_mixin.py:188} INFO - [2025-11-04T22:49:10.767-0300] {dag.py:3947} INFO - Setting next_dagrun for example_dynamic_task_mapping to 2022-03-04 00:00:00+00:00, run_after=2022-03-05 00:00:00+00:00
[2025-11-04T22:49:10.789-0300] {processor.py:183} INFO - Processing /Users/joaovitor/airflow_env/lib/python3.11/site-packages/airflow/example_dags/example_dynamic_task_mapping.py took 0.193 seconds
[2025-11-04T22:53:52.597-0300] {processor.py:161} INFO - Started process (PID=33023) to work on /Users/joaovitor/airflow_env/lib/python3.11/site-packages/airflow/example_dags/example_dynamic_task_mapping.py
[2025-11-04T22:53:52.599-0300] {processor.py:830} INFO - Processing file /Users/joaovitor/airflow_env/lib/python3.11/site-packages/airflow/example_dags/example_dynamic_task_mapping.py for tasks to queue
[2025-11-04T22:53:52.600-0300] {logging_mixin.py:188} INFO - [2025-11-04T22:53:52.600-0300] {dagbag.py:545} INFO - Filling up the DagBag from /Users/joaovitor/airflow_env/lib/python3.11/site-packages/airflow/example_dags/example_dynamic_task_mapping.py
[2025-11-04T22:53:52.645-0300] {processor.py:840} INFO - DAG(s) 'example_dynamic_task_mapping' retrieved from /Users/joaovitor/airflow_env/lib/python3.11/site-packages/airflow/example_dags/example_dynamic_task_mapping.py
[2025-11-04T22:53:52.761-0300] {logging_mixin.py:188} INFO - [2025-11-04T22:53:52.761-0300] {dag.py:3089} INFO - Sync 1 DAGs
[2025-11-04T22:53:52.783-0300] {logging_mixin.py:188} INFO - [2025-11-04T22:53:52.782-0300] {dag.py:3947} INFO - Setting next_dagrun for example_dynamic_task_mapping to 2022-03-04 00:00:00+00:00, run_after=2022-03-05 00:00:00+00:00
[2025-11-04T22:53:52.809-0300] {processor.py:183} INFO - Processing /Users/joaovitor/airflow_env/lib/python3.11/site-packages/airflow/example_dags/example_dynamic_task_mapping.py took 0.215 seconds
[2025-11-04T22:58:18.476-0300] {processor.py:161} INFO - Started process (PID=33108) to work on /Users/joaovitor/airflow_env/lib/python3.11/site-packages/airflow/example_dags/example_dynamic_task_mapping.py
[2025-11-04T22:58:18.477-0300] {processor.py:830} INFO - Processing file /Users/joaovitor/airflow_env/lib/python3.11/site-packages/airflow/example_dags/example_dynamic_task_mapping.py for tasks to queue
[2025-11-04T22:58:18.478-0300] {logging_mixin.py:188} INFO - [2025-11-04T22:58:18.477-0300] {dagbag.py:545} INFO - Filling up the DagBag from /Users/joaovitor/airflow_env/lib/python3.11/site-packages/airflow/example_dags/example_dynamic_task_mapping.py
[2025-11-04T22:58:18.524-0300] {processor.py:840} INFO - DAG(s) 'example_dynamic_task_mapping' retrieved from /Users/joaovitor/airflow_env/lib/python3.11/site-packages/airflow/example_dags/example_dynamic_task_mapping.py
[2025-11-04T22:58:18.644-0300] {logging_mixin.py:188} INFO - [2025-11-04T22:58:18.643-0300] {dag.py:3089} INFO - Sync 1 DAGs
[2025-11-04T22:58:18.664-0300] {logging_mixin.py:188} INFO - [2025-11-04T22:58:18.664-0300] {dag.py:3947} INFO - Setting next_dagrun for example_dynamic_task_mapping to 2022-03-04 00:00:00+00:00, run_after=2022-03-05 00:00:00+00:00
[2025-11-04T22:58:18.687-0300] {processor.py:183} INFO - Processing /Users/joaovitor/airflow_env/lib/python3.11/site-packages/airflow/example_dags/example_dynamic_task_mapping.py took 0.213 seconds
[2025-11-04T23:03:04.171-0300] {processor.py:161} INFO - Started process (PID=33201) to work on /Users/joaovitor/airflow_env/lib/python3.11/site-packages/airflow/example_dags/example_dynamic_task_mapping.py
[2025-11-04T23:03:04.173-0300] {processor.py:830} INFO - Processing file /Users/joaovitor/airflow_env/lib/python3.11/site-packages/airflow/example_dags/example_dynamic_task_mapping.py for tasks to queue
[2025-11-04T23:03:04.174-0300] {logging_mixin.py:188} INFO - [2025-11-04T23:03:04.174-0300] {dagbag.py:545} INFO - Filling up the DagBag from /Users/joaovitor/airflow_env/lib/python3.11/site-packages/airflow/example_dags/example_dynamic_task_mapping.py
[2025-11-04T23:03:04.222-0300] {processor.py:840} INFO - DAG(s) 'example_dynamic_task_mapping' retrieved from /Users/joaovitor/airflow_env/lib/python3.11/site-packages/airflow/example_dags/example_dynamic_task_mapping.py
[2025-11-04T23:03:04.347-0300] {logging_mixin.py:188} INFO - [2025-11-04T23:03:04.346-0300] {dag.py:3089} INFO - Sync 1 DAGs
[2025-11-04T23:03:04.367-0300] {logging_mixin.py:188} INFO - [2025-11-04T23:03:04.367-0300] {dag.py:3947} INFO - Setting next_dagrun for example_dynamic_task_mapping to 2022-03-04 00:00:00+00:00, run_after=2022-03-05 00:00:00+00:00
[2025-11-04T23:03:04.391-0300] {processor.py:183} INFO - Processing /Users/joaovitor/airflow_env/lib/python3.11/site-packages/airflow/example_dags/example_dynamic_task_mapping.py took 0.223 seconds
