[2025-11-04T21:46:29.956-0300] {processor.py:161} INFO - Started process (PID=31068) to work on /Users/joaovitor/airflow_env/lib/python3.11/site-packages/airflow/example_dags/example_sla_dag.py
[2025-11-04T21:46:29.957-0300] {processor.py:830} INFO - Processing file /Users/joaovitor/airflow_env/lib/python3.11/site-packages/airflow/example_dags/example_sla_dag.py for tasks to queue
[2025-11-04T21:46:29.958-0300] {logging_mixin.py:188} INFO - [2025-11-04T21:46:29.957-0300] {dagbag.py:545} INFO - Filling up the DagBag from /Users/joaovitor/airflow_env/lib/python3.11/site-packages/airflow/example_dags/example_sla_dag.py
[2025-11-04T21:46:29.999-0300] {processor.py:840} INFO - DAG(s) 'example_sla_dag' retrieved from /Users/joaovitor/airflow_env/lib/python3.11/site-packages/airflow/example_dags/example_sla_dag.py
[2025-11-04T21:46:30.195-0300] {logging_mixin.py:188} INFO - [2025-11-04T21:46:30.195-0300] {override.py:1858} INFO - Created Permission View: can delete on DAG:example_sla_dag
[2025-11-04T21:46:30.206-0300] {logging_mixin.py:188} INFO - [2025-11-04T21:46:30.206-0300] {override.py:1858} INFO - Created Permission View: can read on DAG:example_sla_dag
[2025-11-04T21:46:30.218-0300] {logging_mixin.py:188} INFO - [2025-11-04T21:46:30.217-0300] {override.py:1858} INFO - Created Permission View: can edit on DAG:example_sla_dag
[2025-11-04T21:46:30.219-0300] {logging_mixin.py:188} INFO - [2025-11-04T21:46:30.218-0300] {dag.py:3089} INFO - Sync 1 DAGs
[2025-11-04T21:46:30.288-0300] {logging_mixin.py:188} INFO - [2025-11-04T21:46:30.287-0300] {dag.py:3111} INFO - Creating ORM DAG for example_sla_dag
[2025-11-04T21:46:30.301-0300] {logging_mixin.py:188} INFO - [2025-11-04T21:46:30.301-0300] {dag.py:3947} INFO - Setting next_dagrun for example_sla_dag to 2025-11-05 00:44:00+00:00, run_after=2025-11-05 00:46:00+00:00
[2025-11-04T21:46:30.319-0300] {processor.py:183} INFO - Processing /Users/joaovitor/airflow_env/lib/python3.11/site-packages/airflow/example_dags/example_sla_dag.py took 0.366 seconds
[2025-11-04T21:49:30.678-0300] {processor.py:161} INFO - Started process (PID=31163) to work on /Users/joaovitor/airflow_env/lib/python3.11/site-packages/airflow/example_dags/example_sla_dag.py
[2025-11-04T21:49:30.681-0300] {processor.py:830} INFO - Processing file /Users/joaovitor/airflow_env/lib/python3.11/site-packages/airflow/example_dags/example_sla_dag.py for tasks to queue
[2025-11-04T21:49:30.682-0300] {logging_mixin.py:188} INFO - [2025-11-04T21:49:30.682-0300] {dagbag.py:545} INFO - Filling up the DagBag from /Users/joaovitor/airflow_env/lib/python3.11/site-packages/airflow/example_dags/example_sla_dag.py
[2025-11-04T21:49:30.725-0300] {processor.py:840} INFO - DAG(s) 'example_sla_dag' retrieved from /Users/joaovitor/airflow_env/lib/python3.11/site-packages/airflow/example_dags/example_sla_dag.py
[2025-11-04T21:49:30.844-0300] {logging_mixin.py:188} INFO - [2025-11-04T21:49:30.844-0300] {dag.py:3089} INFO - Sync 1 DAGs
[2025-11-04T21:49:30.866-0300] {logging_mixin.py:188} INFO - [2025-11-04T21:49:30.866-0300] {dag.py:3947} INFO - Setting next_dagrun for example_sla_dag to 2025-11-05 00:46:00+00:00, run_after=2025-11-05 00:48:00+00:00
[2025-11-04T21:49:30.887-0300] {processor.py:183} INFO - Processing /Users/joaovitor/airflow_env/lib/python3.11/site-packages/airflow/example_dags/example_sla_dag.py took 0.212 seconds
[2025-11-04T21:51:47.291-0300] {processor.py:161} INFO - Started process (PID=31230) to work on /Users/joaovitor/airflow_env/lib/python3.11/site-packages/airflow/example_dags/example_sla_dag.py
[2025-11-04T21:51:47.293-0300] {processor.py:830} INFO - Processing file /Users/joaovitor/airflow_env/lib/python3.11/site-packages/airflow/example_dags/example_sla_dag.py for tasks to queue
[2025-11-04T21:51:47.295-0300] {logging_mixin.py:188} INFO - [2025-11-04T21:51:47.294-0300] {dagbag.py:545} INFO - Filling up the DagBag from /Users/joaovitor/airflow_env/lib/python3.11/site-packages/airflow/example_dags/example_sla_dag.py
[2025-11-04T21:51:47.335-0300] {processor.py:840} INFO - DAG(s) 'example_sla_dag' retrieved from /Users/joaovitor/airflow_env/lib/python3.11/site-packages/airflow/example_dags/example_sla_dag.py
[2025-11-04T21:51:47.446-0300] {logging_mixin.py:188} INFO - [2025-11-04T21:51:47.446-0300] {dag.py:3089} INFO - Sync 1 DAGs
[2025-11-04T21:51:47.470-0300] {logging_mixin.py:188} INFO - [2025-11-04T21:51:47.469-0300] {dag.py:3947} INFO - Setting next_dagrun for example_sla_dag to 2025-11-05 00:48:00+00:00, run_after=2025-11-05 00:50:00+00:00
[2025-11-04T21:51:47.492-0300] {processor.py:183} INFO - Processing /Users/joaovitor/airflow_env/lib/python3.11/site-packages/airflow/example_dags/example_sla_dag.py took 0.203 seconds
[2025-11-04T21:53:44.508-0300] {processor.py:161} INFO - Started process (PID=31272) to work on /Users/joaovitor/airflow_env/lib/python3.11/site-packages/airflow/example_dags/example_sla_dag.py
[2025-11-04T21:53:44.508-0300] {processor.py:830} INFO - Processing file /Users/joaovitor/airflow_env/lib/python3.11/site-packages/airflow/example_dags/example_sla_dag.py for tasks to queue
[2025-11-04T21:53:44.509-0300] {logging_mixin.py:188} INFO - [2025-11-04T21:53:44.509-0300] {dagbag.py:545} INFO - Filling up the DagBag from /Users/joaovitor/airflow_env/lib/python3.11/site-packages/airflow/example_dags/example_sla_dag.py
[2025-11-04T21:53:44.547-0300] {processor.py:840} INFO - DAG(s) 'example_sla_dag' retrieved from /Users/joaovitor/airflow_env/lib/python3.11/site-packages/airflow/example_dags/example_sla_dag.py
[2025-11-04T21:53:44.648-0300] {logging_mixin.py:188} INFO - [2025-11-04T21:53:44.647-0300] {dag.py:3089} INFO - Sync 1 DAGs
[2025-11-04T21:53:44.667-0300] {logging_mixin.py:188} INFO - [2025-11-04T21:53:44.667-0300] {dag.py:3947} INFO - Setting next_dagrun for example_sla_dag to 2025-11-05 00:50:00+00:00, run_after=2025-11-05 00:52:00+00:00
[2025-11-04T21:53:44.688-0300] {processor.py:183} INFO - Processing /Users/joaovitor/airflow_env/lib/python3.11/site-packages/airflow/example_dags/example_sla_dag.py took 0.183 seconds
[2025-11-04T21:55:37.345-0300] {processor.py:161} INFO - Started process (PID=31314) to work on /Users/joaovitor/airflow_env/lib/python3.11/site-packages/airflow/example_dags/example_sla_dag.py
[2025-11-04T21:55:37.346-0300] {processor.py:830} INFO - Processing file /Users/joaovitor/airflow_env/lib/python3.11/site-packages/airflow/example_dags/example_sla_dag.py for tasks to queue
[2025-11-04T21:55:37.347-0300] {logging_mixin.py:188} INFO - [2025-11-04T21:55:37.347-0300] {dagbag.py:545} INFO - Filling up the DagBag from /Users/joaovitor/airflow_env/lib/python3.11/site-packages/airflow/example_dags/example_sla_dag.py
[2025-11-04T21:55:37.386-0300] {processor.py:840} INFO - DAG(s) 'example_sla_dag' retrieved from /Users/joaovitor/airflow_env/lib/python3.11/site-packages/airflow/example_dags/example_sla_dag.py
[2025-11-04T21:55:37.488-0300] {logging_mixin.py:188} INFO - [2025-11-04T21:55:37.488-0300] {dag.py:3089} INFO - Sync 1 DAGs
[2025-11-04T21:55:37.509-0300] {logging_mixin.py:188} INFO - [2025-11-04T21:55:37.509-0300] {dag.py:3947} INFO - Setting next_dagrun for example_sla_dag to 2025-11-05 00:52:00+00:00, run_after=2025-11-05 00:54:00+00:00
[2025-11-04T21:55:37.531-0300] {processor.py:183} INFO - Processing /Users/joaovitor/airflow_env/lib/python3.11/site-packages/airflow/example_dags/example_sla_dag.py took 0.189 seconds
[2025-11-04T21:57:27.121-0300] {processor.py:161} INFO - Started process (PID=31354) to work on /Users/joaovitor/airflow_env/lib/python3.11/site-packages/airflow/example_dags/example_sla_dag.py
[2025-11-04T21:57:27.122-0300] {processor.py:830} INFO - Processing file /Users/joaovitor/airflow_env/lib/python3.11/site-packages/airflow/example_dags/example_sla_dag.py for tasks to queue
[2025-11-04T21:57:27.122-0300] {logging_mixin.py:188} INFO - [2025-11-04T21:57:27.122-0300] {dagbag.py:545} INFO - Filling up the DagBag from /Users/joaovitor/airflow_env/lib/python3.11/site-packages/airflow/example_dags/example_sla_dag.py
[2025-11-04T21:57:27.161-0300] {processor.py:840} INFO - DAG(s) 'example_sla_dag' retrieved from /Users/joaovitor/airflow_env/lib/python3.11/site-packages/airflow/example_dags/example_sla_dag.py
[2025-11-04T21:57:27.262-0300] {logging_mixin.py:188} INFO - [2025-11-04T21:57:27.261-0300] {dag.py:3089} INFO - Sync 1 DAGs
[2025-11-04T21:57:27.281-0300] {logging_mixin.py:188} INFO - [2025-11-04T21:57:27.281-0300] {dag.py:3947} INFO - Setting next_dagrun for example_sla_dag to 2025-11-05 00:54:00+00:00, run_after=2025-11-05 00:56:00+00:00
[2025-11-04T21:57:27.301-0300] {processor.py:183} INFO - Processing /Users/joaovitor/airflow_env/lib/python3.11/site-packages/airflow/example_dags/example_sla_dag.py took 0.183 seconds
[2025-11-04T21:59:19.239-0300] {processor.py:161} INFO - Started process (PID=31393) to work on /Users/joaovitor/airflow_env/lib/python3.11/site-packages/airflow/example_dags/example_sla_dag.py
[2025-11-04T21:59:19.240-0300] {processor.py:830} INFO - Processing file /Users/joaovitor/airflow_env/lib/python3.11/site-packages/airflow/example_dags/example_sla_dag.py for tasks to queue
[2025-11-04T21:59:19.240-0300] {logging_mixin.py:188} INFO - [2025-11-04T21:59:19.240-0300] {dagbag.py:545} INFO - Filling up the DagBag from /Users/joaovitor/airflow_env/lib/python3.11/site-packages/airflow/example_dags/example_sla_dag.py
[2025-11-04T21:59:19.277-0300] {processor.py:840} INFO - DAG(s) 'example_sla_dag' retrieved from /Users/joaovitor/airflow_env/lib/python3.11/site-packages/airflow/example_dags/example_sla_dag.py
[2025-11-04T21:59:19.377-0300] {logging_mixin.py:188} INFO - [2025-11-04T21:59:19.377-0300] {dag.py:3089} INFO - Sync 1 DAGs
[2025-11-04T21:59:19.396-0300] {logging_mixin.py:188} INFO - [2025-11-04T21:59:19.396-0300] {dag.py:3947} INFO - Setting next_dagrun for example_sla_dag to 2025-11-05 00:56:00+00:00, run_after=2025-11-05 00:58:00+00:00
[2025-11-04T21:59:19.416-0300] {processor.py:183} INFO - Processing /Users/joaovitor/airflow_env/lib/python3.11/site-packages/airflow/example_dags/example_sla_dag.py took 0.180 seconds
[2025-11-04T22:04:54.256-0300] {processor.py:161} INFO - Started process (PID=31450) to work on /Users/joaovitor/airflow_env/lib/python3.11/site-packages/airflow/example_dags/example_sla_dag.py
[2025-11-04T22:04:54.257-0300] {processor.py:830} INFO - Processing file /Users/joaovitor/airflow_env/lib/python3.11/site-packages/airflow/example_dags/example_sla_dag.py for tasks to queue
[2025-11-04T22:04:54.257-0300] {logging_mixin.py:188} INFO - [2025-11-04T22:04:54.257-0300] {dagbag.py:545} INFO - Filling up the DagBag from /Users/joaovitor/airflow_env/lib/python3.11/site-packages/airflow/example_dags/example_sla_dag.py
[2025-11-04T22:04:54.296-0300] {processor.py:840} INFO - DAG(s) 'example_sla_dag' retrieved from /Users/joaovitor/airflow_env/lib/python3.11/site-packages/airflow/example_dags/example_sla_dag.py
[2025-11-04T22:04:54.397-0300] {logging_mixin.py:188} INFO - [2025-11-04T22:04:54.397-0300] {dag.py:3089} INFO - Sync 1 DAGs
[2025-11-04T22:04:54.417-0300] {logging_mixin.py:188} INFO - [2025-11-04T22:04:54.417-0300] {dag.py:3947} INFO - Setting next_dagrun for example_sla_dag to 2025-11-05 01:02:00+00:00, run_after=2025-11-05 01:04:00+00:00
[2025-11-04T22:04:54.438-0300] {processor.py:183} INFO - Processing /Users/joaovitor/airflow_env/lib/python3.11/site-packages/airflow/example_dags/example_sla_dag.py took 0.185 seconds
[2025-11-04T22:06:48.640-0300] {processor.py:161} INFO - Started process (PID=31509) to work on /Users/joaovitor/airflow_env/lib/python3.11/site-packages/airflow/example_dags/example_sla_dag.py
[2025-11-04T22:06:48.641-0300] {processor.py:830} INFO - Processing file /Users/joaovitor/airflow_env/lib/python3.11/site-packages/airflow/example_dags/example_sla_dag.py for tasks to queue
[2025-11-04T22:06:48.642-0300] {logging_mixin.py:188} INFO - [2025-11-04T22:06:48.642-0300] {dagbag.py:545} INFO - Filling up the DagBag from /Users/joaovitor/airflow_env/lib/python3.11/site-packages/airflow/example_dags/example_sla_dag.py
[2025-11-04T22:06:48.681-0300] {processor.py:840} INFO - DAG(s) 'example_sla_dag' retrieved from /Users/joaovitor/airflow_env/lib/python3.11/site-packages/airflow/example_dags/example_sla_dag.py
[2025-11-04T22:06:48.782-0300] {logging_mixin.py:188} INFO - [2025-11-04T22:06:48.782-0300] {dag.py:3089} INFO - Sync 1 DAGs
[2025-11-04T22:06:48.802-0300] {logging_mixin.py:188} INFO - [2025-11-04T22:06:48.801-0300] {dag.py:3947} INFO - Setting next_dagrun for example_sla_dag to 2025-11-05 01:04:00+00:00, run_after=2025-11-05 01:06:00+00:00
[2025-11-04T22:06:48.822-0300] {processor.py:183} INFO - Processing /Users/joaovitor/airflow_env/lib/python3.11/site-packages/airflow/example_dags/example_sla_dag.py took 0.185 seconds
[2025-11-04T22:08:43.279-0300] {processor.py:161} INFO - Started process (PID=31550) to work on /Users/joaovitor/airflow_env/lib/python3.11/site-packages/airflow/example_dags/example_sla_dag.py
[2025-11-04T22:08:43.280-0300] {processor.py:830} INFO - Processing file /Users/joaovitor/airflow_env/lib/python3.11/site-packages/airflow/example_dags/example_sla_dag.py for tasks to queue
[2025-11-04T22:08:43.281-0300] {logging_mixin.py:188} INFO - [2025-11-04T22:08:43.281-0300] {dagbag.py:545} INFO - Filling up the DagBag from /Users/joaovitor/airflow_env/lib/python3.11/site-packages/airflow/example_dags/example_sla_dag.py
[2025-11-04T22:08:43.319-0300] {processor.py:840} INFO - DAG(s) 'example_sla_dag' retrieved from /Users/joaovitor/airflow_env/lib/python3.11/site-packages/airflow/example_dags/example_sla_dag.py
[2025-11-04T22:08:43.418-0300] {logging_mixin.py:188} INFO - [2025-11-04T22:08:43.418-0300] {dag.py:3089} INFO - Sync 1 DAGs
[2025-11-04T22:08:43.438-0300] {logging_mixin.py:188} INFO - [2025-11-04T22:08:43.437-0300] {dag.py:3947} INFO - Setting next_dagrun for example_sla_dag to 2025-11-05 01:06:00+00:00, run_after=2025-11-05 01:08:00+00:00
[2025-11-04T22:08:43.457-0300] {processor.py:183} INFO - Processing /Users/joaovitor/airflow_env/lib/python3.11/site-packages/airflow/example_dags/example_sla_dag.py took 0.181 seconds
[2025-11-04T22:10:37.164-0300] {processor.py:161} INFO - Started process (PID=31598) to work on /Users/joaovitor/airflow_env/lib/python3.11/site-packages/airflow/example_dags/example_sla_dag.py
[2025-11-04T22:10:37.165-0300] {processor.py:830} INFO - Processing file /Users/joaovitor/airflow_env/lib/python3.11/site-packages/airflow/example_dags/example_sla_dag.py for tasks to queue
[2025-11-04T22:10:37.166-0300] {logging_mixin.py:188} INFO - [2025-11-04T22:10:37.166-0300] {dagbag.py:545} INFO - Filling up the DagBag from /Users/joaovitor/airflow_env/lib/python3.11/site-packages/airflow/example_dags/example_sla_dag.py
[2025-11-04T22:10:37.207-0300] {processor.py:840} INFO - DAG(s) 'example_sla_dag' retrieved from /Users/joaovitor/airflow_env/lib/python3.11/site-packages/airflow/example_dags/example_sla_dag.py
[2025-11-04T22:10:37.314-0300] {logging_mixin.py:188} INFO - [2025-11-04T22:10:37.314-0300] {dag.py:3089} INFO - Sync 1 DAGs
[2025-11-04T22:10:37.334-0300] {logging_mixin.py:188} INFO - [2025-11-04T22:10:37.334-0300] {dag.py:3947} INFO - Setting next_dagrun for example_sla_dag to 2025-11-05 01:08:00+00:00, run_after=2025-11-05 01:10:00+00:00
[2025-11-04T22:10:37.356-0300] {processor.py:183} INFO - Processing /Users/joaovitor/airflow_env/lib/python3.11/site-packages/airflow/example_dags/example_sla_dag.py took 0.195 seconds
[2025-11-04T22:12:36.696-0300] {processor.py:161} INFO - Started process (PID=31642) to work on /Users/joaovitor/airflow_env/lib/python3.11/site-packages/airflow/example_dags/example_sla_dag.py
[2025-11-04T22:12:36.697-0300] {processor.py:830} INFO - Processing file /Users/joaovitor/airflow_env/lib/python3.11/site-packages/airflow/example_dags/example_sla_dag.py for tasks to queue
[2025-11-04T22:12:36.698-0300] {logging_mixin.py:188} INFO - [2025-11-04T22:12:36.698-0300] {dagbag.py:545} INFO - Filling up the DagBag from /Users/joaovitor/airflow_env/lib/python3.11/site-packages/airflow/example_dags/example_sla_dag.py
[2025-11-04T22:12:36.735-0300] {processor.py:840} INFO - DAG(s) 'example_sla_dag' retrieved from /Users/joaovitor/airflow_env/lib/python3.11/site-packages/airflow/example_dags/example_sla_dag.py
[2025-11-04T22:12:36.834-0300] {logging_mixin.py:188} INFO - [2025-11-04T22:12:36.833-0300] {dag.py:3089} INFO - Sync 1 DAGs
[2025-11-04T22:12:36.854-0300] {logging_mixin.py:188} INFO - [2025-11-04T22:12:36.853-0300] {dag.py:3947} INFO - Setting next_dagrun for example_sla_dag to 2025-11-05 01:10:00+00:00, run_after=2025-11-05 01:12:00+00:00
[2025-11-04T22:12:36.873-0300] {processor.py:183} INFO - Processing /Users/joaovitor/airflow_env/lib/python3.11/site-packages/airflow/example_dags/example_sla_dag.py took 0.179 seconds
[2025-11-04T22:14:37.643-0300] {processor.py:161} INFO - Started process (PID=31693) to work on /Users/joaovitor/airflow_env/lib/python3.11/site-packages/airflow/example_dags/example_sla_dag.py
[2025-11-04T22:14:37.644-0300] {processor.py:830} INFO - Processing file /Users/joaovitor/airflow_env/lib/python3.11/site-packages/airflow/example_dags/example_sla_dag.py for tasks to queue
[2025-11-04T22:14:37.645-0300] {logging_mixin.py:188} INFO - [2025-11-04T22:14:37.645-0300] {dagbag.py:545} INFO - Filling up the DagBag from /Users/joaovitor/airflow_env/lib/python3.11/site-packages/airflow/example_dags/example_sla_dag.py
[2025-11-04T22:14:37.685-0300] {processor.py:840} INFO - DAG(s) 'example_sla_dag' retrieved from /Users/joaovitor/airflow_env/lib/python3.11/site-packages/airflow/example_dags/example_sla_dag.py
[2025-11-04T22:14:37.792-0300] {logging_mixin.py:188} INFO - [2025-11-04T22:14:37.791-0300] {dag.py:3089} INFO - Sync 1 DAGs
[2025-11-04T22:14:37.813-0300] {logging_mixin.py:188} INFO - [2025-11-04T22:14:37.812-0300] {dag.py:3947} INFO - Setting next_dagrun for example_sla_dag to 2025-11-05 01:12:00+00:00, run_after=2025-11-05 01:14:00+00:00
[2025-11-04T22:14:37.831-0300] {processor.py:183} INFO - Processing /Users/joaovitor/airflow_env/lib/python3.11/site-packages/airflow/example_dags/example_sla_dag.py took 0.191 seconds
[2025-11-04T22:16:47.681-0300] {processor.py:161} INFO - Started process (PID=31751) to work on /Users/joaovitor/airflow_env/lib/python3.11/site-packages/airflow/example_dags/example_sla_dag.py
[2025-11-04T22:16:47.682-0300] {processor.py:830} INFO - Processing file /Users/joaovitor/airflow_env/lib/python3.11/site-packages/airflow/example_dags/example_sla_dag.py for tasks to queue
[2025-11-04T22:16:47.683-0300] {logging_mixin.py:188} INFO - [2025-11-04T22:16:47.682-0300] {dagbag.py:545} INFO - Filling up the DagBag from /Users/joaovitor/airflow_env/lib/python3.11/site-packages/airflow/example_dags/example_sla_dag.py
[2025-11-04T22:16:47.720-0300] {processor.py:840} INFO - DAG(s) 'example_sla_dag' retrieved from /Users/joaovitor/airflow_env/lib/python3.11/site-packages/airflow/example_dags/example_sla_dag.py
[2025-11-04T22:16:47.821-0300] {logging_mixin.py:188} INFO - [2025-11-04T22:16:47.821-0300] {dag.py:3089} INFO - Sync 1 DAGs
[2025-11-04T22:16:47.840-0300] {logging_mixin.py:188} INFO - [2025-11-04T22:16:47.840-0300] {dag.py:3947} INFO - Setting next_dagrun for example_sla_dag to 2025-11-05 01:14:00+00:00, run_after=2025-11-05 01:16:00+00:00
[2025-11-04T22:16:47.861-0300] {processor.py:183} INFO - Processing /Users/joaovitor/airflow_env/lib/python3.11/site-packages/airflow/example_dags/example_sla_dag.py took 0.183 seconds
[2025-11-04T22:18:45.388-0300] {processor.py:161} INFO - Started process (PID=31799) to work on /Users/joaovitor/airflow_env/lib/python3.11/site-packages/airflow/example_dags/example_sla_dag.py
[2025-11-04T22:18:45.391-0300] {processor.py:830} INFO - Processing file /Users/joaovitor/airflow_env/lib/python3.11/site-packages/airflow/example_dags/example_sla_dag.py for tasks to queue
[2025-11-04T22:18:45.392-0300] {logging_mixin.py:188} INFO - [2025-11-04T22:18:45.392-0300] {dagbag.py:545} INFO - Filling up the DagBag from /Users/joaovitor/airflow_env/lib/python3.11/site-packages/airflow/example_dags/example_sla_dag.py
[2025-11-04T22:18:45.439-0300] {processor.py:840} INFO - DAG(s) 'example_sla_dag' retrieved from /Users/joaovitor/airflow_env/lib/python3.11/site-packages/airflow/example_dags/example_sla_dag.py
[2025-11-04T22:18:45.565-0300] {logging_mixin.py:188} INFO - [2025-11-04T22:18:45.564-0300] {dag.py:3089} INFO - Sync 1 DAGs
[2025-11-04T22:18:45.590-0300] {logging_mixin.py:188} INFO - [2025-11-04T22:18:45.590-0300] {dag.py:3947} INFO - Setting next_dagrun for example_sla_dag to 2025-11-05 01:16:00+00:00, run_after=2025-11-05 01:18:00+00:00
[2025-11-04T22:18:45.774-0300] {processor.py:183} INFO - Processing /Users/joaovitor/airflow_env/lib/python3.11/site-packages/airflow/example_dags/example_sla_dag.py took 0.390 seconds
[2025-11-04T22:20:47.714-0300] {processor.py:161} INFO - Started process (PID=31839) to work on /Users/joaovitor/airflow_env/lib/python3.11/site-packages/airflow/example_dags/example_sla_dag.py
[2025-11-04T22:20:47.716-0300] {processor.py:830} INFO - Processing file /Users/joaovitor/airflow_env/lib/python3.11/site-packages/airflow/example_dags/example_sla_dag.py for tasks to queue
[2025-11-04T22:20:47.717-0300] {logging_mixin.py:188} INFO - [2025-11-04T22:20:47.717-0300] {dagbag.py:545} INFO - Filling up the DagBag from /Users/joaovitor/airflow_env/lib/python3.11/site-packages/airflow/example_dags/example_sla_dag.py
[2025-11-04T22:20:47.755-0300] {processor.py:840} INFO - DAG(s) 'example_sla_dag' retrieved from /Users/joaovitor/airflow_env/lib/python3.11/site-packages/airflow/example_dags/example_sla_dag.py
[2025-11-04T22:20:47.859-0300] {logging_mixin.py:188} INFO - [2025-11-04T22:20:47.859-0300] {dag.py:3089} INFO - Sync 1 DAGs
[2025-11-04T22:20:47.883-0300] {logging_mixin.py:188} INFO - [2025-11-04T22:20:47.883-0300] {dag.py:3947} INFO - Setting next_dagrun for example_sla_dag to 2025-11-05 01:18:00+00:00, run_after=2025-11-05 01:20:00+00:00
[2025-11-04T22:20:47.906-0300] {processor.py:183} INFO - Processing /Users/joaovitor/airflow_env/lib/python3.11/site-packages/airflow/example_dags/example_sla_dag.py took 0.195 seconds
[2025-11-04T22:22:54.740-0300] {processor.py:161} INFO - Started process (PID=31938) to work on /Users/joaovitor/airflow_env/lib/python3.11/site-packages/airflow/example_dags/example_sla_dag.py
[2025-11-04T22:22:54.743-0300] {processor.py:830} INFO - Processing file /Users/joaovitor/airflow_env/lib/python3.11/site-packages/airflow/example_dags/example_sla_dag.py for tasks to queue
[2025-11-04T22:22:54.744-0300] {logging_mixin.py:188} INFO - [2025-11-04T22:22:54.743-0300] {dagbag.py:545} INFO - Filling up the DagBag from /Users/joaovitor/airflow_env/lib/python3.11/site-packages/airflow/example_dags/example_sla_dag.py
[2025-11-04T22:22:54.790-0300] {processor.py:840} INFO - DAG(s) 'example_sla_dag' retrieved from /Users/joaovitor/airflow_env/lib/python3.11/site-packages/airflow/example_dags/example_sla_dag.py
[2025-11-04T22:22:54.909-0300] {logging_mixin.py:188} INFO - [2025-11-04T22:22:54.908-0300] {dag.py:3089} INFO - Sync 1 DAGs
[2025-11-04T22:22:54.934-0300] {logging_mixin.py:188} INFO - [2025-11-04T22:22:54.933-0300] {dag.py:3947} INFO - Setting next_dagrun for example_sla_dag to 2025-11-05 01:20:00+00:00, run_after=2025-11-05 01:22:00+00:00
[2025-11-04T22:22:54.954-0300] {processor.py:183} INFO - Processing /Users/joaovitor/airflow_env/lib/python3.11/site-packages/airflow/example_dags/example_sla_dag.py took 0.217 seconds
[2025-11-04T22:25:01.312-0300] {processor.py:161} INFO - Started process (PID=31979) to work on /Users/joaovitor/airflow_env/lib/python3.11/site-packages/airflow/example_dags/example_sla_dag.py
[2025-11-04T22:25:01.313-0300] {processor.py:830} INFO - Processing file /Users/joaovitor/airflow_env/lib/python3.11/site-packages/airflow/example_dags/example_sla_dag.py for tasks to queue
[2025-11-04T22:25:01.313-0300] {logging_mixin.py:188} INFO - [2025-11-04T22:25:01.313-0300] {dagbag.py:545} INFO - Filling up the DagBag from /Users/joaovitor/airflow_env/lib/python3.11/site-packages/airflow/example_dags/example_sla_dag.py
[2025-11-04T22:25:01.360-0300] {processor.py:840} INFO - DAG(s) 'example_sla_dag' retrieved from /Users/joaovitor/airflow_env/lib/python3.11/site-packages/airflow/example_dags/example_sla_dag.py
[2025-11-04T22:25:01.480-0300] {logging_mixin.py:188} INFO - [2025-11-04T22:25:01.479-0300] {dag.py:3089} INFO - Sync 1 DAGs
[2025-11-04T22:25:01.500-0300] {logging_mixin.py:188} INFO - [2025-11-04T22:25:01.500-0300] {dag.py:3947} INFO - Setting next_dagrun for example_sla_dag to 2025-11-05 01:22:00+00:00, run_after=2025-11-05 01:24:00+00:00
[2025-11-04T22:25:01.523-0300] {processor.py:183} INFO - Processing /Users/joaovitor/airflow_env/lib/python3.11/site-packages/airflow/example_dags/example_sla_dag.py took 0.214 seconds
[2025-11-04T22:27:07.331-0300] {processor.py:161} INFO - Started process (PID=32021) to work on /Users/joaovitor/airflow_env/lib/python3.11/site-packages/airflow/example_dags/example_sla_dag.py
[2025-11-04T22:27:07.332-0300] {processor.py:830} INFO - Processing file /Users/joaovitor/airflow_env/lib/python3.11/site-packages/airflow/example_dags/example_sla_dag.py for tasks to queue
[2025-11-04T22:27:07.333-0300] {logging_mixin.py:188} INFO - [2025-11-04T22:27:07.333-0300] {dagbag.py:545} INFO - Filling up the DagBag from /Users/joaovitor/airflow_env/lib/python3.11/site-packages/airflow/example_dags/example_sla_dag.py
[2025-11-04T22:27:07.373-0300] {processor.py:840} INFO - DAG(s) 'example_sla_dag' retrieved from /Users/joaovitor/airflow_env/lib/python3.11/site-packages/airflow/example_dags/example_sla_dag.py
[2025-11-04T22:27:07.489-0300] {logging_mixin.py:188} INFO - [2025-11-04T22:27:07.488-0300] {dag.py:3089} INFO - Sync 1 DAGs
[2025-11-04T22:27:07.509-0300] {logging_mixin.py:188} INFO - [2025-11-04T22:27:07.509-0300] {dag.py:3947} INFO - Setting next_dagrun for example_sla_dag to 2025-11-05 01:24:00+00:00, run_after=2025-11-05 01:26:00+00:00
[2025-11-04T22:27:07.533-0300] {processor.py:183} INFO - Processing /Users/joaovitor/airflow_env/lib/python3.11/site-packages/airflow/example_dags/example_sla_dag.py took 0.206 seconds
[2025-11-04T22:29:16.254-0300] {processor.py:161} INFO - Started process (PID=32063) to work on /Users/joaovitor/airflow_env/lib/python3.11/site-packages/airflow/example_dags/example_sla_dag.py
[2025-11-04T22:29:16.255-0300] {processor.py:830} INFO - Processing file /Users/joaovitor/airflow_env/lib/python3.11/site-packages/airflow/example_dags/example_sla_dag.py for tasks to queue
[2025-11-04T22:29:16.256-0300] {logging_mixin.py:188} INFO - [2025-11-04T22:29:16.256-0300] {dagbag.py:545} INFO - Filling up the DagBag from /Users/joaovitor/airflow_env/lib/python3.11/site-packages/airflow/example_dags/example_sla_dag.py
[2025-11-04T22:29:16.304-0300] {processor.py:840} INFO - DAG(s) 'example_sla_dag' retrieved from /Users/joaovitor/airflow_env/lib/python3.11/site-packages/airflow/example_dags/example_sla_dag.py
[2025-11-04T22:29:16.443-0300] {logging_mixin.py:188} INFO - [2025-11-04T22:29:16.442-0300] {dag.py:3089} INFO - Sync 1 DAGs
[2025-11-04T22:29:16.466-0300] {logging_mixin.py:188} INFO - [2025-11-04T22:29:16.466-0300] {dag.py:3947} INFO - Setting next_dagrun for example_sla_dag to 2025-11-05 01:26:00+00:00, run_after=2025-11-05 01:28:00+00:00
[2025-11-04T22:29:16.499-0300] {processor.py:183} INFO - Processing /Users/joaovitor/airflow_env/lib/python3.11/site-packages/airflow/example_dags/example_sla_dag.py took 0.247 seconds
[2025-11-04T22:31:38.775-0300] {processor.py:161} INFO - Started process (PID=32158) to work on /Users/joaovitor/airflow_env/lib/python3.11/site-packages/airflow/example_dags/example_sla_dag.py
[2025-11-04T22:31:38.777-0300] {processor.py:830} INFO - Processing file /Users/joaovitor/airflow_env/lib/python3.11/site-packages/airflow/example_dags/example_sla_dag.py for tasks to queue
[2025-11-04T22:31:38.778-0300] {logging_mixin.py:188} INFO - [2025-11-04T22:31:38.777-0300] {dagbag.py:545} INFO - Filling up the DagBag from /Users/joaovitor/airflow_env/lib/python3.11/site-packages/airflow/example_dags/example_sla_dag.py
[2025-11-04T22:31:38.823-0300] {processor.py:840} INFO - DAG(s) 'example_sla_dag' retrieved from /Users/joaovitor/airflow_env/lib/python3.11/site-packages/airflow/example_dags/example_sla_dag.py
[2025-11-04T22:31:38.944-0300] {logging_mixin.py:188} INFO - [2025-11-04T22:31:38.943-0300] {dag.py:3089} INFO - Sync 1 DAGs
[2025-11-04T22:31:38.967-0300] {logging_mixin.py:188} INFO - [2025-11-04T22:31:38.966-0300] {dag.py:3947} INFO - Setting next_dagrun for example_sla_dag to 2025-11-05 01:28:00+00:00, run_after=2025-11-05 01:30:00+00:00
[2025-11-04T22:31:38.989-0300] {processor.py:183} INFO - Processing /Users/joaovitor/airflow_env/lib/python3.11/site-packages/airflow/example_dags/example_sla_dag.py took 0.219 seconds
[2025-11-04T22:34:24.771-0300] {processor.py:161} INFO - Started process (PID=32333) to work on /Users/joaovitor/airflow_env/lib/python3.11/site-packages/airflow/example_dags/example_sla_dag.py
[2025-11-04T22:34:24.773-0300] {processor.py:830} INFO - Processing file /Users/joaovitor/airflow_env/lib/python3.11/site-packages/airflow/example_dags/example_sla_dag.py for tasks to queue
[2025-11-04T22:34:24.774-0300] {logging_mixin.py:188} INFO - [2025-11-04T22:34:24.774-0300] {dagbag.py:545} INFO - Filling up the DagBag from /Users/joaovitor/airflow_env/lib/python3.11/site-packages/airflow/example_dags/example_sla_dag.py
[2025-11-04T22:34:24.879-0300] {processor.py:840} INFO - DAG(s) 'example_sla_dag' retrieved from /Users/joaovitor/airflow_env/lib/python3.11/site-packages/airflow/example_dags/example_sla_dag.py
[2025-11-04T22:34:24.998-0300] {logging_mixin.py:188} INFO - [2025-11-04T22:34:24.998-0300] {dag.py:3089} INFO - Sync 1 DAGs
[2025-11-04T22:34:25.020-0300] {logging_mixin.py:188} INFO - [2025-11-04T22:34:25.020-0300] {dag.py:3947} INFO - Setting next_dagrun for example_sla_dag to 2025-11-05 01:32:00+00:00, run_after=2025-11-05 01:34:00+00:00
[2025-11-04T22:34:25.046-0300] {processor.py:183} INFO - Processing /Users/joaovitor/airflow_env/lib/python3.11/site-packages/airflow/example_dags/example_sla_dag.py took 0.278 seconds
[2025-11-04T22:36:35.966-0300] {processor.py:161} INFO - Started process (PID=32432) to work on /Users/joaovitor/airflow_env/lib/python3.11/site-packages/airflow/example_dags/example_sla_dag.py
[2025-11-04T22:36:35.968-0300] {processor.py:830} INFO - Processing file /Users/joaovitor/airflow_env/lib/python3.11/site-packages/airflow/example_dags/example_sla_dag.py for tasks to queue
[2025-11-04T22:36:35.969-0300] {logging_mixin.py:188} INFO - [2025-11-04T22:36:35.969-0300] {dagbag.py:545} INFO - Filling up the DagBag from /Users/joaovitor/airflow_env/lib/python3.11/site-packages/airflow/example_dags/example_sla_dag.py
[2025-11-04T22:36:36.062-0300] {processor.py:840} INFO - DAG(s) 'example_sla_dag' retrieved from /Users/joaovitor/airflow_env/lib/python3.11/site-packages/airflow/example_dags/example_sla_dag.py
[2025-11-04T22:36:36.194-0300] {logging_mixin.py:188} INFO - [2025-11-04T22:36:36.194-0300] {dag.py:3089} INFO - Sync 1 DAGs
[2025-11-04T22:36:36.218-0300] {logging_mixin.py:188} INFO - [2025-11-04T22:36:36.218-0300] {dag.py:3947} INFO - Setting next_dagrun for example_sla_dag to 2025-11-05 01:34:00+00:00, run_after=2025-11-05 01:36:00+00:00
[2025-11-04T22:36:36.242-0300] {processor.py:183} INFO - Processing /Users/joaovitor/airflow_env/lib/python3.11/site-packages/airflow/example_dags/example_sla_dag.py took 0.279 seconds
[2025-11-04T22:39:00.510-0300] {processor.py:161} INFO - Started process (PID=32665) to work on /Users/joaovitor/airflow_env/lib/python3.11/site-packages/airflow/example_dags/example_sla_dag.py
[2025-11-04T22:39:00.512-0300] {processor.py:830} INFO - Processing file /Users/joaovitor/airflow_env/lib/python3.11/site-packages/airflow/example_dags/example_sla_dag.py for tasks to queue
[2025-11-04T22:39:00.513-0300] {logging_mixin.py:188} INFO - [2025-11-04T22:39:00.513-0300] {dagbag.py:545} INFO - Filling up the DagBag from /Users/joaovitor/airflow_env/lib/python3.11/site-packages/airflow/example_dags/example_sla_dag.py
[2025-11-04T22:39:00.559-0300] {processor.py:840} INFO - DAG(s) 'example_sla_dag' retrieved from /Users/joaovitor/airflow_env/lib/python3.11/site-packages/airflow/example_dags/example_sla_dag.py
[2025-11-04T22:39:01.030-0300] {logging_mixin.py:188} INFO - [2025-11-04T22:39:01.030-0300] {dag.py:3089} INFO - Sync 1 DAGs
[2025-11-04T22:39:01.132-0300] {logging_mixin.py:188} INFO - [2025-11-04T22:39:01.131-0300] {dag.py:3947} INFO - Setting next_dagrun for example_sla_dag to 2025-11-05 01:36:00+00:00, run_after=2025-11-05 01:38:00+00:00
[2025-11-04T22:39:01.166-0300] {processor.py:183} INFO - Processing /Users/joaovitor/airflow_env/lib/python3.11/site-packages/airflow/example_dags/example_sla_dag.py took 0.660 seconds
[2025-11-04T22:41:23.712-0300] {processor.py:161} INFO - Started process (PID=32714) to work on /Users/joaovitor/airflow_env/lib/python3.11/site-packages/airflow/example_dags/example_sla_dag.py
[2025-11-04T22:41:23.714-0300] {processor.py:830} INFO - Processing file /Users/joaovitor/airflow_env/lib/python3.11/site-packages/airflow/example_dags/example_sla_dag.py for tasks to queue
[2025-11-04T22:41:23.715-0300] {logging_mixin.py:188} INFO - [2025-11-04T22:41:23.715-0300] {dagbag.py:545} INFO - Filling up the DagBag from /Users/joaovitor/airflow_env/lib/python3.11/site-packages/airflow/example_dags/example_sla_dag.py
[2025-11-04T22:41:23.813-0300] {processor.py:840} INFO - DAG(s) 'example_sla_dag' retrieved from /Users/joaovitor/airflow_env/lib/python3.11/site-packages/airflow/example_dags/example_sla_dag.py
[2025-11-04T22:41:24.022-0300] {logging_mixin.py:188} INFO - [2025-11-04T22:41:24.020-0300] {dag.py:3089} INFO - Sync 1 DAGs
[2025-11-04T22:41:24.061-0300] {logging_mixin.py:188} INFO - [2025-11-04T22:41:24.061-0300] {dag.py:3947} INFO - Setting next_dagrun for example_sla_dag to 2025-11-05 01:38:00+00:00, run_after=2025-11-05 01:40:00+00:00
[2025-11-04T22:41:24.098-0300] {processor.py:183} INFO - Processing /Users/joaovitor/airflow_env/lib/python3.11/site-packages/airflow/example_dags/example_sla_dag.py took 0.390 seconds
[2025-11-04T22:43:45.708-0300] {processor.py:161} INFO - Started process (PID=32778) to work on /Users/joaovitor/airflow_env/lib/python3.11/site-packages/airflow/example_dags/example_sla_dag.py
[2025-11-04T22:43:45.710-0300] {processor.py:830} INFO - Processing file /Users/joaovitor/airflow_env/lib/python3.11/site-packages/airflow/example_dags/example_sla_dag.py for tasks to queue
[2025-11-04T22:43:45.711-0300] {logging_mixin.py:188} INFO - [2025-11-04T22:43:45.710-0300] {dagbag.py:545} INFO - Filling up the DagBag from /Users/joaovitor/airflow_env/lib/python3.11/site-packages/airflow/example_dags/example_sla_dag.py
[2025-11-04T22:43:45.760-0300] {processor.py:840} INFO - DAG(s) 'example_sla_dag' retrieved from /Users/joaovitor/airflow_env/lib/python3.11/site-packages/airflow/example_dags/example_sla_dag.py
[2025-11-04T22:43:45.892-0300] {logging_mixin.py:188} INFO - [2025-11-04T22:43:45.891-0300] {dag.py:3089} INFO - Sync 1 DAGs
[2025-11-04T22:43:45.917-0300] {logging_mixin.py:188} INFO - [2025-11-04T22:43:45.917-0300] {dag.py:3947} INFO - Setting next_dagrun for example_sla_dag to 2025-11-05 01:40:00+00:00, run_after=2025-11-05 01:42:00+00:00
[2025-11-04T22:43:45.939-0300] {processor.py:183} INFO - Processing /Users/joaovitor/airflow_env/lib/python3.11/site-packages/airflow/example_dags/example_sla_dag.py took 0.236 seconds
[2025-11-04T22:46:04.747-0300] {processor.py:161} INFO - Started process (PID=32823) to work on /Users/joaovitor/airflow_env/lib/python3.11/site-packages/airflow/example_dags/example_sla_dag.py
[2025-11-04T22:46:04.748-0300] {processor.py:830} INFO - Processing file /Users/joaovitor/airflow_env/lib/python3.11/site-packages/airflow/example_dags/example_sla_dag.py for tasks to queue
[2025-11-04T22:46:04.749-0300] {logging_mixin.py:188} INFO - [2025-11-04T22:46:04.749-0300] {dagbag.py:545} INFO - Filling up the DagBag from /Users/joaovitor/airflow_env/lib/python3.11/site-packages/airflow/example_dags/example_sla_dag.py
[2025-11-04T22:46:04.799-0300] {processor.py:840} INFO - DAG(s) 'example_sla_dag' retrieved from /Users/joaovitor/airflow_env/lib/python3.11/site-packages/airflow/example_dags/example_sla_dag.py
[2025-11-04T22:46:04.915-0300] {logging_mixin.py:188} INFO - [2025-11-04T22:46:04.915-0300] {dag.py:3089} INFO - Sync 1 DAGs
[2025-11-04T22:46:04.938-0300] {logging_mixin.py:188} INFO - [2025-11-04T22:46:04.938-0300] {dag.py:3947} INFO - Setting next_dagrun for example_sla_dag to 2025-11-05 01:44:00+00:00, run_after=2025-11-05 01:46:00+00:00
[2025-11-04T22:46:04.961-0300] {processor.py:183} INFO - Processing /Users/joaovitor/airflow_env/lib/python3.11/site-packages/airflow/example_dags/example_sla_dag.py took 0.217 seconds
[2025-11-04T22:48:18.124-0300] {processor.py:161} INFO - Started process (PID=32889) to work on /Users/joaovitor/airflow_env/lib/python3.11/site-packages/airflow/example_dags/example_sla_dag.py
[2025-11-04T22:48:18.126-0300] {processor.py:830} INFO - Processing file /Users/joaovitor/airflow_env/lib/python3.11/site-packages/airflow/example_dags/example_sla_dag.py for tasks to queue
[2025-11-04T22:48:18.127-0300] {logging_mixin.py:188} INFO - [2025-11-04T22:48:18.127-0300] {dagbag.py:545} INFO - Filling up the DagBag from /Users/joaovitor/airflow_env/lib/python3.11/site-packages/airflow/example_dags/example_sla_dag.py
[2025-11-04T22:48:18.167-0300] {processor.py:840} INFO - DAG(s) 'example_sla_dag' retrieved from /Users/joaovitor/airflow_env/lib/python3.11/site-packages/airflow/example_dags/example_sla_dag.py
[2025-11-04T22:48:18.266-0300] {logging_mixin.py:188} INFO - [2025-11-04T22:48:18.266-0300] {dag.py:3089} INFO - Sync 1 DAGs
[2025-11-04T22:48:18.290-0300] {logging_mixin.py:188} INFO - [2025-11-04T22:48:18.289-0300] {dag.py:3947} INFO - Setting next_dagrun for example_sla_dag to 2025-11-05 01:46:00+00:00, run_after=2025-11-05 01:48:00+00:00
[2025-11-04T22:48:18.312-0300] {processor.py:183} INFO - Processing /Users/joaovitor/airflow_env/lib/python3.11/site-packages/airflow/example_dags/example_sla_dag.py took 0.192 seconds
[2025-11-04T22:50:27.746-0300] {processor.py:161} INFO - Started process (PID=32947) to work on /Users/joaovitor/airflow_env/lib/python3.11/site-packages/airflow/example_dags/example_sla_dag.py
[2025-11-04T22:50:27.747-0300] {processor.py:830} INFO - Processing file /Users/joaovitor/airflow_env/lib/python3.11/site-packages/airflow/example_dags/example_sla_dag.py for tasks to queue
[2025-11-04T22:50:27.748-0300] {logging_mixin.py:188} INFO - [2025-11-04T22:50:27.748-0300] {dagbag.py:545} INFO - Filling up the DagBag from /Users/joaovitor/airflow_env/lib/python3.11/site-packages/airflow/example_dags/example_sla_dag.py
[2025-11-04T22:50:27.795-0300] {processor.py:840} INFO - DAG(s) 'example_sla_dag' retrieved from /Users/joaovitor/airflow_env/lib/python3.11/site-packages/airflow/example_dags/example_sla_dag.py
[2025-11-04T22:50:27.914-0300] {logging_mixin.py:188} INFO - [2025-11-04T22:50:27.914-0300] {dag.py:3089} INFO - Sync 1 DAGs
[2025-11-04T22:50:27.938-0300] {logging_mixin.py:188} INFO - [2025-11-04T22:50:27.938-0300] {dag.py:3947} INFO - Setting next_dagrun for example_sla_dag to 2025-11-05 01:48:00+00:00, run_after=2025-11-05 01:50:00+00:00
[2025-11-04T22:50:27.960-0300] {processor.py:183} INFO - Processing /Users/joaovitor/airflow_env/lib/python3.11/site-packages/airflow/example_dags/example_sla_dag.py took 0.219 seconds
[2025-11-04T22:52:47.660-0300] {processor.py:161} INFO - Started process (PID=32993) to work on /Users/joaovitor/airflow_env/lib/python3.11/site-packages/airflow/example_dags/example_sla_dag.py
[2025-11-04T22:52:47.662-0300] {processor.py:830} INFO - Processing file /Users/joaovitor/airflow_env/lib/python3.11/site-packages/airflow/example_dags/example_sla_dag.py for tasks to queue
[2025-11-04T22:52:47.663-0300] {logging_mixin.py:188} INFO - [2025-11-04T22:52:47.663-0300] {dagbag.py:545} INFO - Filling up the DagBag from /Users/joaovitor/airflow_env/lib/python3.11/site-packages/airflow/example_dags/example_sla_dag.py
[2025-11-04T22:52:47.713-0300] {processor.py:840} INFO - DAG(s) 'example_sla_dag' retrieved from /Users/joaovitor/airflow_env/lib/python3.11/site-packages/airflow/example_dags/example_sla_dag.py
[2025-11-04T22:52:47.831-0300] {logging_mixin.py:188} INFO - [2025-11-04T22:52:47.831-0300] {dag.py:3089} INFO - Sync 1 DAGs
[2025-11-04T22:52:47.859-0300] {logging_mixin.py:188} INFO - [2025-11-04T22:52:47.858-0300] {dag.py:3947} INFO - Setting next_dagrun for example_sla_dag to 2025-11-05 01:50:00+00:00, run_after=2025-11-05 01:52:00+00:00
[2025-11-04T22:52:47.879-0300] {processor.py:183} INFO - Processing /Users/joaovitor/airflow_env/lib/python3.11/site-packages/airflow/example_dags/example_sla_dag.py took 0.223 seconds
[2025-11-04T22:55:10.062-0300] {processor.py:161} INFO - Started process (PID=33047) to work on /Users/joaovitor/airflow_env/lib/python3.11/site-packages/airflow/example_dags/example_sla_dag.py
[2025-11-04T22:55:10.064-0300] {processor.py:830} INFO - Processing file /Users/joaovitor/airflow_env/lib/python3.11/site-packages/airflow/example_dags/example_sla_dag.py for tasks to queue
[2025-11-04T22:55:10.065-0300] {logging_mixin.py:188} INFO - [2025-11-04T22:55:10.065-0300] {dagbag.py:545} INFO - Filling up the DagBag from /Users/joaovitor/airflow_env/lib/python3.11/site-packages/airflow/example_dags/example_sla_dag.py
[2025-11-04T22:55:10.108-0300] {processor.py:840} INFO - DAG(s) 'example_sla_dag' retrieved from /Users/joaovitor/airflow_env/lib/python3.11/site-packages/airflow/example_dags/example_sla_dag.py
[2025-11-04T22:55:10.226-0300] {logging_mixin.py:188} INFO - [2025-11-04T22:55:10.226-0300] {dag.py:3089} INFO - Sync 1 DAGs
[2025-11-04T22:55:10.250-0300] {logging_mixin.py:188} INFO - [2025-11-04T22:55:10.250-0300] {dag.py:3947} INFO - Setting next_dagrun for example_sla_dag to 2025-11-05 01:52:00+00:00, run_after=2025-11-05 01:54:00+00:00
[2025-11-04T22:55:10.279-0300] {processor.py:183} INFO - Processing /Users/joaovitor/airflow_env/lib/python3.11/site-packages/airflow/example_dags/example_sla_dag.py took 0.219 seconds
[2025-11-04T22:57:20.933-0300] {processor.py:161} INFO - Started process (PID=33090) to work on /Users/joaovitor/airflow_env/lib/python3.11/site-packages/airflow/example_dags/example_sla_dag.py
[2025-11-04T22:57:20.934-0300] {processor.py:830} INFO - Processing file /Users/joaovitor/airflow_env/lib/python3.11/site-packages/airflow/example_dags/example_sla_dag.py for tasks to queue
[2025-11-04T22:57:20.935-0300] {logging_mixin.py:188} INFO - [2025-11-04T22:57:20.935-0300] {dagbag.py:545} INFO - Filling up the DagBag from /Users/joaovitor/airflow_env/lib/python3.11/site-packages/airflow/example_dags/example_sla_dag.py
[2025-11-04T22:57:20.983-0300] {processor.py:840} INFO - DAG(s) 'example_sla_dag' retrieved from /Users/joaovitor/airflow_env/lib/python3.11/site-packages/airflow/example_dags/example_sla_dag.py
[2025-11-04T22:57:21.286-0300] {logging_mixin.py:188} INFO - [2025-11-04T22:57:21.286-0300] {dag.py:3089} INFO - Sync 1 DAGs
[2025-11-04T22:57:21.313-0300] {logging_mixin.py:188} INFO - [2025-11-04T22:57:21.313-0300] {dag.py:3947} INFO - Setting next_dagrun for example_sla_dag to 2025-11-05 01:54:00+00:00, run_after=2025-11-05 01:56:00+00:00
[2025-11-04T22:57:21.335-0300] {processor.py:183} INFO - Processing /Users/joaovitor/airflow_env/lib/python3.11/site-packages/airflow/example_dags/example_sla_dag.py took 0.405 seconds
[2025-11-04T22:59:41.072-0300] {processor.py:161} INFO - Started process (PID=33137) to work on /Users/joaovitor/airflow_env/lib/python3.11/site-packages/airflow/example_dags/example_sla_dag.py
[2025-11-04T22:59:41.073-0300] {processor.py:830} INFO - Processing file /Users/joaovitor/airflow_env/lib/python3.11/site-packages/airflow/example_dags/example_sla_dag.py for tasks to queue
[2025-11-04T22:59:41.074-0300] {logging_mixin.py:188} INFO - [2025-11-04T22:59:41.074-0300] {dagbag.py:545} INFO - Filling up the DagBag from /Users/joaovitor/airflow_env/lib/python3.11/site-packages/airflow/example_dags/example_sla_dag.py
[2025-11-04T22:59:41.114-0300] {processor.py:840} INFO - DAG(s) 'example_sla_dag' retrieved from /Users/joaovitor/airflow_env/lib/python3.11/site-packages/airflow/example_dags/example_sla_dag.py
[2025-11-04T22:59:41.236-0300] {logging_mixin.py:188} INFO - [2025-11-04T22:59:41.236-0300] {dag.py:3089} INFO - Sync 1 DAGs
[2025-11-04T22:59:41.260-0300] {logging_mixin.py:188} INFO - [2025-11-04T22:59:41.260-0300] {dag.py:3947} INFO - Setting next_dagrun for example_sla_dag to 2025-11-05 01:56:00+00:00, run_after=2025-11-05 01:58:00+00:00
[2025-11-04T22:59:41.299-0300] {processor.py:183} INFO - Processing /Users/joaovitor/airflow_env/lib/python3.11/site-packages/airflow/example_dags/example_sla_dag.py took 0.230 seconds
[2025-11-04T23:02:00.135-0300] {processor.py:161} INFO - Started process (PID=33181) to work on /Users/joaovitor/airflow_env/lib/python3.11/site-packages/airflow/example_dags/example_sla_dag.py
[2025-11-04T23:02:00.137-0300] {processor.py:830} INFO - Processing file /Users/joaovitor/airflow_env/lib/python3.11/site-packages/airflow/example_dags/example_sla_dag.py for tasks to queue
[2025-11-04T23:02:00.138-0300] {logging_mixin.py:188} INFO - [2025-11-04T23:02:00.138-0300] {dagbag.py:545} INFO - Filling up the DagBag from /Users/joaovitor/airflow_env/lib/python3.11/site-packages/airflow/example_dags/example_sla_dag.py
[2025-11-04T23:02:00.182-0300] {processor.py:840} INFO - DAG(s) 'example_sla_dag' retrieved from /Users/joaovitor/airflow_env/lib/python3.11/site-packages/airflow/example_dags/example_sla_dag.py
[2025-11-04T23:02:00.305-0300] {logging_mixin.py:188} INFO - [2025-11-04T23:02:00.304-0300] {dag.py:3089} INFO - Sync 1 DAGs
[2025-11-04T23:02:00.330-0300] {logging_mixin.py:188} INFO - [2025-11-04T23:02:00.329-0300] {dag.py:3947} INFO - Setting next_dagrun for example_sla_dag to 2025-11-05 02:00:00+00:00, run_after=2025-11-05 02:02:00+00:00
[2025-11-04T23:02:00.351-0300] {processor.py:183} INFO - Processing /Users/joaovitor/airflow_env/lib/python3.11/site-packages/airflow/example_dags/example_sla_dag.py took 0.219 seconds
[2025-11-04T23:04:20.560-0300] {processor.py:161} INFO - Started process (PID=33252) to work on /Users/joaovitor/airflow_env/lib/python3.11/site-packages/airflow/example_dags/example_sla_dag.py
[2025-11-04T23:04:20.562-0300] {processor.py:830} INFO - Processing file /Users/joaovitor/airflow_env/lib/python3.11/site-packages/airflow/example_dags/example_sla_dag.py for tasks to queue
[2025-11-04T23:04:20.563-0300] {logging_mixin.py:188} INFO - [2025-11-04T23:04:20.563-0300] {dagbag.py:545} INFO - Filling up the DagBag from /Users/joaovitor/airflow_env/lib/python3.11/site-packages/airflow/example_dags/example_sla_dag.py
[2025-11-04T23:04:20.611-0300] {processor.py:840} INFO - DAG(s) 'example_sla_dag' retrieved from /Users/joaovitor/airflow_env/lib/python3.11/site-packages/airflow/example_dags/example_sla_dag.py
[2025-11-04T23:04:20.728-0300] {logging_mixin.py:188} INFO - [2025-11-04T23:04:20.727-0300] {dag.py:3089} INFO - Sync 1 DAGs
[2025-11-04T23:04:20.751-0300] {logging_mixin.py:188} INFO - [2025-11-04T23:04:20.751-0300] {dag.py:3947} INFO - Setting next_dagrun for example_sla_dag to 2025-11-05 02:02:00+00:00, run_after=2025-11-05 02:04:00+00:00
[2025-11-04T23:04:20.773-0300] {processor.py:183} INFO - Processing /Users/joaovitor/airflow_env/lib/python3.11/site-packages/airflow/example_dags/example_sla_dag.py took 0.217 seconds
