[2025-11-04T21:46:10.236-0300] {processor.py:161} INFO - Started process (PID=31062) to work on /Users/joaovitor/airflow_env/lib/python3.11/site-packages/airflow/example_dags/example_trigger_target_dag.py
[2025-11-04T21:46:10.237-0300] {processor.py:830} INFO - Processing file /Users/joaovitor/airflow_env/lib/python3.11/site-packages/airflow/example_dags/example_trigger_target_dag.py for tasks to queue
[2025-11-04T21:46:10.237-0300] {logging_mixin.py:188} INFO - [2025-11-04T21:46:10.237-0300] {dagbag.py:545} INFO - Filling up the DagBag from /Users/joaovitor/airflow_env/lib/python3.11/site-packages/airflow/example_dags/example_trigger_target_dag.py
[2025-11-04T21:46:10.278-0300] {processor.py:840} INFO - DAG(s) 'example_trigger_target_dag' retrieved from /Users/joaovitor/airflow_env/lib/python3.11/site-packages/airflow/example_dags/example_trigger_target_dag.py
[2025-11-04T21:46:10.506-0300] {logging_mixin.py:188} INFO - [2025-11-04T21:46:10.505-0300] {override.py:1858} INFO - Created Permission View: can delete on DAG:example_trigger_target_dag
[2025-11-04T21:46:10.519-0300] {logging_mixin.py:188} INFO - [2025-11-04T21:46:10.518-0300] {override.py:1858} INFO - Created Permission View: can read on DAG:example_trigger_target_dag
[2025-11-04T21:46:10.526-0300] {logging_mixin.py:188} INFO - [2025-11-04T21:46:10.525-0300] {override.py:1858} INFO - Created Permission View: can edit on DAG:example_trigger_target_dag
[2025-11-04T21:46:10.527-0300] {logging_mixin.py:188} INFO - [2025-11-04T21:46:10.527-0300] {dag.py:3089} INFO - Sync 1 DAGs
[2025-11-04T21:46:10.604-0300] {logging_mixin.py:188} INFO - [2025-11-04T21:46:10.603-0300] {dag.py:3111} INFO - Creating ORM DAG for example_trigger_target_dag
[2025-11-04T21:46:10.605-0300] {logging_mixin.py:188} INFO - [2025-11-04T21:46:10.604-0300] {dag.py:3947} INFO - Setting next_dagrun for example_trigger_target_dag to None, run_after=None
[2025-11-04T21:46:10.627-0300] {processor.py:183} INFO - Processing /Users/joaovitor/airflow_env/lib/python3.11/site-packages/airflow/example_dags/example_trigger_target_dag.py took 0.395 seconds
[2025-11-04T21:49:11.801-0300] {processor.py:161} INFO - Started process (PID=31154) to work on /Users/joaovitor/airflow_env/lib/python3.11/site-packages/airflow/example_dags/example_trigger_target_dag.py
[2025-11-04T21:49:11.803-0300] {processor.py:830} INFO - Processing file /Users/joaovitor/airflow_env/lib/python3.11/site-packages/airflow/example_dags/example_trigger_target_dag.py for tasks to queue
[2025-11-04T21:49:11.805-0300] {logging_mixin.py:188} INFO - [2025-11-04T21:49:11.805-0300] {dagbag.py:545} INFO - Filling up the DagBag from /Users/joaovitor/airflow_env/lib/python3.11/site-packages/airflow/example_dags/example_trigger_target_dag.py
[2025-11-04T21:49:11.846-0300] {processor.py:840} INFO - DAG(s) 'example_trigger_target_dag' retrieved from /Users/joaovitor/airflow_env/lib/python3.11/site-packages/airflow/example_dags/example_trigger_target_dag.py
[2025-11-04T21:49:11.970-0300] {logging_mixin.py:188} INFO - [2025-11-04T21:49:11.970-0300] {dag.py:3089} INFO - Sync 1 DAGs
[2025-11-04T21:49:11.981-0300] {logging_mixin.py:188} INFO - [2025-11-04T21:49:11.981-0300] {dag.py:3947} INFO - Setting next_dagrun for example_trigger_target_dag to None, run_after=None
[2025-11-04T21:49:12.006-0300] {processor.py:183} INFO - Processing /Users/joaovitor/airflow_env/lib/python3.11/site-packages/airflow/example_dags/example_trigger_target_dag.py took 0.208 seconds
[2025-11-04T21:51:32.016-0300] {processor.py:161} INFO - Started process (PID=31224) to work on /Users/joaovitor/airflow_env/lib/python3.11/site-packages/airflow/example_dags/example_trigger_target_dag.py
[2025-11-04T21:51:32.019-0300] {processor.py:830} INFO - Processing file /Users/joaovitor/airflow_env/lib/python3.11/site-packages/airflow/example_dags/example_trigger_target_dag.py for tasks to queue
[2025-11-04T21:51:32.019-0300] {logging_mixin.py:188} INFO - [2025-11-04T21:51:32.019-0300] {dagbag.py:545} INFO - Filling up the DagBag from /Users/joaovitor/airflow_env/lib/python3.11/site-packages/airflow/example_dags/example_trigger_target_dag.py
[2025-11-04T21:51:32.055-0300] {processor.py:840} INFO - DAG(s) 'example_trigger_target_dag' retrieved from /Users/joaovitor/airflow_env/lib/python3.11/site-packages/airflow/example_dags/example_trigger_target_dag.py
[2025-11-04T21:51:32.155-0300] {logging_mixin.py:188} INFO - [2025-11-04T21:51:32.155-0300] {dag.py:3089} INFO - Sync 1 DAGs
[2025-11-04T21:51:32.164-0300] {logging_mixin.py:188} INFO - [2025-11-04T21:51:32.164-0300] {dag.py:3947} INFO - Setting next_dagrun for example_trigger_target_dag to None, run_after=None
[2025-11-04T21:51:32.184-0300] {processor.py:183} INFO - Processing /Users/joaovitor/airflow_env/lib/python3.11/site-packages/airflow/example_dags/example_trigger_target_dag.py took 0.170 seconds
[2025-11-04T21:53:26.729-0300] {processor.py:161} INFO - Started process (PID=31266) to work on /Users/joaovitor/airflow_env/lib/python3.11/site-packages/airflow/example_dags/example_trigger_target_dag.py
[2025-11-04T21:53:26.730-0300] {processor.py:830} INFO - Processing file /Users/joaovitor/airflow_env/lib/python3.11/site-packages/airflow/example_dags/example_trigger_target_dag.py for tasks to queue
[2025-11-04T21:53:26.731-0300] {logging_mixin.py:188} INFO - [2025-11-04T21:53:26.731-0300] {dagbag.py:545} INFO - Filling up the DagBag from /Users/joaovitor/airflow_env/lib/python3.11/site-packages/airflow/example_dags/example_trigger_target_dag.py
[2025-11-04T21:53:26.766-0300] {processor.py:840} INFO - DAG(s) 'example_trigger_target_dag' retrieved from /Users/joaovitor/airflow_env/lib/python3.11/site-packages/airflow/example_dags/example_trigger_target_dag.py
[2025-11-04T21:53:26.873-0300] {logging_mixin.py:188} INFO - [2025-11-04T21:53:26.873-0300] {dag.py:3089} INFO - Sync 1 DAGs
[2025-11-04T21:53:26.882-0300] {logging_mixin.py:188} INFO - [2025-11-04T21:53:26.882-0300] {dag.py:3947} INFO - Setting next_dagrun for example_trigger_target_dag to None, run_after=None
[2025-11-04T21:53:26.902-0300] {processor.py:183} INFO - Processing /Users/joaovitor/airflow_env/lib/python3.11/site-packages/airflow/example_dags/example_trigger_target_dag.py took 0.175 seconds
[2025-11-04T21:55:20.257-0300] {processor.py:161} INFO - Started process (PID=31308) to work on /Users/joaovitor/airflow_env/lib/python3.11/site-packages/airflow/example_dags/example_trigger_target_dag.py
[2025-11-04T21:55:20.258-0300] {processor.py:830} INFO - Processing file /Users/joaovitor/airflow_env/lib/python3.11/site-packages/airflow/example_dags/example_trigger_target_dag.py for tasks to queue
[2025-11-04T21:55:20.259-0300] {logging_mixin.py:188} INFO - [2025-11-04T21:55:20.259-0300] {dagbag.py:545} INFO - Filling up the DagBag from /Users/joaovitor/airflow_env/lib/python3.11/site-packages/airflow/example_dags/example_trigger_target_dag.py
[2025-11-04T21:55:20.294-0300] {processor.py:840} INFO - DAG(s) 'example_trigger_target_dag' retrieved from /Users/joaovitor/airflow_env/lib/python3.11/site-packages/airflow/example_dags/example_trigger_target_dag.py
[2025-11-04T21:55:20.393-0300] {logging_mixin.py:188} INFO - [2025-11-04T21:55:20.393-0300] {dag.py:3089} INFO - Sync 1 DAGs
[2025-11-04T21:55:20.402-0300] {logging_mixin.py:188} INFO - [2025-11-04T21:55:20.402-0300] {dag.py:3947} INFO - Setting next_dagrun for example_trigger_target_dag to None, run_after=None
[2025-11-04T21:55:20.423-0300] {processor.py:183} INFO - Processing /Users/joaovitor/airflow_env/lib/python3.11/site-packages/airflow/example_dags/example_trigger_target_dag.py took 0.168 seconds
[2025-11-04T21:57:10.138-0300] {processor.py:161} INFO - Started process (PID=31348) to work on /Users/joaovitor/airflow_env/lib/python3.11/site-packages/airflow/example_dags/example_trigger_target_dag.py
[2025-11-04T21:57:10.139-0300] {processor.py:830} INFO - Processing file /Users/joaovitor/airflow_env/lib/python3.11/site-packages/airflow/example_dags/example_trigger_target_dag.py for tasks to queue
[2025-11-04T21:57:10.139-0300] {logging_mixin.py:188} INFO - [2025-11-04T21:57:10.139-0300] {dagbag.py:545} INFO - Filling up the DagBag from /Users/joaovitor/airflow_env/lib/python3.11/site-packages/airflow/example_dags/example_trigger_target_dag.py
[2025-11-04T21:57:10.180-0300] {processor.py:840} INFO - DAG(s) 'example_trigger_target_dag' retrieved from /Users/joaovitor/airflow_env/lib/python3.11/site-packages/airflow/example_dags/example_trigger_target_dag.py
[2025-11-04T21:57:10.295-0300] {logging_mixin.py:188} INFO - [2025-11-04T21:57:10.295-0300] {dag.py:3089} INFO - Sync 1 DAGs
[2025-11-04T21:57:10.304-0300] {logging_mixin.py:188} INFO - [2025-11-04T21:57:10.304-0300] {dag.py:3947} INFO - Setting next_dagrun for example_trigger_target_dag to None, run_after=None
[2025-11-04T21:57:10.324-0300] {processor.py:183} INFO - Processing /Users/joaovitor/airflow_env/lib/python3.11/site-packages/airflow/example_dags/example_trigger_target_dag.py took 0.190 seconds
[2025-11-04T21:59:01.939-0300] {processor.py:161} INFO - Started process (PID=31387) to work on /Users/joaovitor/airflow_env/lib/python3.11/site-packages/airflow/example_dags/example_trigger_target_dag.py
[2025-11-04T21:59:01.940-0300] {processor.py:830} INFO - Processing file /Users/joaovitor/airflow_env/lib/python3.11/site-packages/airflow/example_dags/example_trigger_target_dag.py for tasks to queue
[2025-11-04T21:59:01.941-0300] {logging_mixin.py:188} INFO - [2025-11-04T21:59:01.941-0300] {dagbag.py:545} INFO - Filling up the DagBag from /Users/joaovitor/airflow_env/lib/python3.11/site-packages/airflow/example_dags/example_trigger_target_dag.py
[2025-11-04T21:59:01.977-0300] {processor.py:840} INFO - DAG(s) 'example_trigger_target_dag' retrieved from /Users/joaovitor/airflow_env/lib/python3.11/site-packages/airflow/example_dags/example_trigger_target_dag.py
[2025-11-04T21:59:02.078-0300] {logging_mixin.py:188} INFO - [2025-11-04T21:59:02.077-0300] {dag.py:3089} INFO - Sync 1 DAGs
[2025-11-04T21:59:02.087-0300] {logging_mixin.py:188} INFO - [2025-11-04T21:59:02.087-0300] {dag.py:3947} INFO - Setting next_dagrun for example_trigger_target_dag to None, run_after=None
[2025-11-04T21:59:02.108-0300] {processor.py:183} INFO - Processing /Users/joaovitor/airflow_env/lib/python3.11/site-packages/airflow/example_dags/example_trigger_target_dag.py took 0.171 seconds
[2025-11-04T22:00:52.555-0300] {processor.py:161} INFO - Started process (PID=31427) to work on /Users/joaovitor/airflow_env/lib/python3.11/site-packages/airflow/example_dags/example_trigger_target_dag.py
[2025-11-04T22:00:52.556-0300] {processor.py:830} INFO - Processing file /Users/joaovitor/airflow_env/lib/python3.11/site-packages/airflow/example_dags/example_trigger_target_dag.py for tasks to queue
[2025-11-04T22:00:52.557-0300] {logging_mixin.py:188} INFO - [2025-11-04T22:00:52.556-0300] {dagbag.py:545} INFO - Filling up the DagBag from /Users/joaovitor/airflow_env/lib/python3.11/site-packages/airflow/example_dags/example_trigger_target_dag.py
[2025-11-04T22:00:52.592-0300] {processor.py:840} INFO - DAG(s) 'example_trigger_target_dag' retrieved from /Users/joaovitor/airflow_env/lib/python3.11/site-packages/airflow/example_dags/example_trigger_target_dag.py
[2025-11-04T22:00:52.693-0300] {logging_mixin.py:188} INFO - [2025-11-04T22:00:52.693-0300] {dag.py:3089} INFO - Sync 1 DAGs
[2025-11-04T22:00:52.703-0300] {logging_mixin.py:188} INFO - [2025-11-04T22:00:52.702-0300] {dag.py:3947} INFO - Setting next_dagrun for example_trigger_target_dag to None, run_after=None
[2025-11-04T22:00:52.724-0300] {processor.py:183} INFO - Processing /Users/joaovitor/airflow_env/lib/python3.11/site-packages/airflow/example_dags/example_trigger_target_dag.py took 0.171 seconds
[2025-11-04T22:06:31.736-0300] {processor.py:161} INFO - Started process (PID=31484) to work on /Users/joaovitor/airflow_env/lib/python3.11/site-packages/airflow/example_dags/example_trigger_target_dag.py
[2025-11-04T22:06:31.737-0300] {processor.py:830} INFO - Processing file /Users/joaovitor/airflow_env/lib/python3.11/site-packages/airflow/example_dags/example_trigger_target_dag.py for tasks to queue
[2025-11-04T22:06:31.737-0300] {logging_mixin.py:188} INFO - [2025-11-04T22:06:31.737-0300] {dagbag.py:545} INFO - Filling up the DagBag from /Users/joaovitor/airflow_env/lib/python3.11/site-packages/airflow/example_dags/example_trigger_target_dag.py
[2025-11-04T22:06:31.779-0300] {processor.py:840} INFO - DAG(s) 'example_trigger_target_dag' retrieved from /Users/joaovitor/airflow_env/lib/python3.11/site-packages/airflow/example_dags/example_trigger_target_dag.py
[2025-11-04T22:06:31.883-0300] {logging_mixin.py:188} INFO - [2025-11-04T22:06:31.883-0300] {dag.py:3089} INFO - Sync 1 DAGs
[2025-11-04T22:06:31.892-0300] {logging_mixin.py:188} INFO - [2025-11-04T22:06:31.892-0300] {dag.py:3947} INFO - Setting next_dagrun for example_trigger_target_dag to None, run_after=None
[2025-11-04T22:06:31.913-0300] {processor.py:183} INFO - Processing /Users/joaovitor/airflow_env/lib/python3.11/site-packages/airflow/example_dags/example_trigger_target_dag.py took 0.180 seconds
[2025-11-04T22:08:28.334-0300] {processor.py:161} INFO - Started process (PID=31544) to work on /Users/joaovitor/airflow_env/lib/python3.11/site-packages/airflow/example_dags/example_trigger_target_dag.py
[2025-11-04T22:08:28.334-0300] {processor.py:830} INFO - Processing file /Users/joaovitor/airflow_env/lib/python3.11/site-packages/airflow/example_dags/example_trigger_target_dag.py for tasks to queue
[2025-11-04T22:08:28.335-0300] {logging_mixin.py:188} INFO - [2025-11-04T22:08:28.335-0300] {dagbag.py:545} INFO - Filling up the DagBag from /Users/joaovitor/airflow_env/lib/python3.11/site-packages/airflow/example_dags/example_trigger_target_dag.py
[2025-11-04T22:08:28.372-0300] {processor.py:840} INFO - DAG(s) 'example_trigger_target_dag' retrieved from /Users/joaovitor/airflow_env/lib/python3.11/site-packages/airflow/example_dags/example_trigger_target_dag.py
[2025-11-04T22:08:28.473-0300] {logging_mixin.py:188} INFO - [2025-11-04T22:08:28.472-0300] {dag.py:3089} INFO - Sync 1 DAGs
[2025-11-04T22:08:28.482-0300] {logging_mixin.py:188} INFO - [2025-11-04T22:08:28.481-0300] {dag.py:3947} INFO - Setting next_dagrun for example_trigger_target_dag to None, run_after=None
[2025-11-04T22:08:28.501-0300] {processor.py:183} INFO - Processing /Users/joaovitor/airflow_env/lib/python3.11/site-packages/airflow/example_dags/example_trigger_target_dag.py took 0.171 seconds
[2025-11-04T22:10:19.417-0300] {processor.py:161} INFO - Started process (PID=31591) to work on /Users/joaovitor/airflow_env/lib/python3.11/site-packages/airflow/example_dags/example_trigger_target_dag.py
[2025-11-04T22:10:19.418-0300] {processor.py:830} INFO - Processing file /Users/joaovitor/airflow_env/lib/python3.11/site-packages/airflow/example_dags/example_trigger_target_dag.py for tasks to queue
[2025-11-04T22:10:19.418-0300] {logging_mixin.py:188} INFO - [2025-11-04T22:10:19.418-0300] {dagbag.py:545} INFO - Filling up the DagBag from /Users/joaovitor/airflow_env/lib/python3.11/site-packages/airflow/example_dags/example_trigger_target_dag.py
[2025-11-04T22:10:19.457-0300] {processor.py:840} INFO - DAG(s) 'example_trigger_target_dag' retrieved from /Users/joaovitor/airflow_env/lib/python3.11/site-packages/airflow/example_dags/example_trigger_target_dag.py
[2025-11-04T22:10:19.573-0300] {logging_mixin.py:188} INFO - [2025-11-04T22:10:19.573-0300] {dag.py:3089} INFO - Sync 1 DAGs
[2025-11-04T22:10:19.584-0300] {logging_mixin.py:188} INFO - [2025-11-04T22:10:19.584-0300] {dag.py:3947} INFO - Setting next_dagrun for example_trigger_target_dag to None, run_after=None
[2025-11-04T22:10:19.606-0300] {processor.py:183} INFO - Processing /Users/joaovitor/airflow_env/lib/python3.11/site-packages/airflow/example_dags/example_trigger_target_dag.py took 0.192 seconds
[2025-11-04T22:12:18.662-0300] {processor.py:161} INFO - Started process (PID=31636) to work on /Users/joaovitor/airflow_env/lib/python3.11/site-packages/airflow/example_dags/example_trigger_target_dag.py
[2025-11-04T22:12:18.663-0300] {processor.py:830} INFO - Processing file /Users/joaovitor/airflow_env/lib/python3.11/site-packages/airflow/example_dags/example_trigger_target_dag.py for tasks to queue
[2025-11-04T22:12:18.664-0300] {logging_mixin.py:188} INFO - [2025-11-04T22:12:18.664-0300] {dagbag.py:545} INFO - Filling up the DagBag from /Users/joaovitor/airflow_env/lib/python3.11/site-packages/airflow/example_dags/example_trigger_target_dag.py
[2025-11-04T22:12:18.701-0300] {processor.py:840} INFO - DAG(s) 'example_trigger_target_dag' retrieved from /Users/joaovitor/airflow_env/lib/python3.11/site-packages/airflow/example_dags/example_trigger_target_dag.py
[2025-11-04T22:12:18.801-0300] {logging_mixin.py:188} INFO - [2025-11-04T22:12:18.801-0300] {dag.py:3089} INFO - Sync 1 DAGs
[2025-11-04T22:12:18.811-0300] {logging_mixin.py:188} INFO - [2025-11-04T22:12:18.810-0300] {dag.py:3947} INFO - Setting next_dagrun for example_trigger_target_dag to None, run_after=None
[2025-11-04T22:12:18.833-0300] {processor.py:183} INFO - Processing /Users/joaovitor/airflow_env/lib/python3.11/site-packages/airflow/example_dags/example_trigger_target_dag.py took 0.174 seconds
[2025-11-04T22:14:19.555-0300] {processor.py:161} INFO - Started process (PID=31687) to work on /Users/joaovitor/airflow_env/lib/python3.11/site-packages/airflow/example_dags/example_trigger_target_dag.py
[2025-11-04T22:14:19.557-0300] {processor.py:830} INFO - Processing file /Users/joaovitor/airflow_env/lib/python3.11/site-packages/airflow/example_dags/example_trigger_target_dag.py for tasks to queue
[2025-11-04T22:14:19.558-0300] {logging_mixin.py:188} INFO - [2025-11-04T22:14:19.558-0300] {dagbag.py:545} INFO - Filling up the DagBag from /Users/joaovitor/airflow_env/lib/python3.11/site-packages/airflow/example_dags/example_trigger_target_dag.py
[2025-11-04T22:14:19.601-0300] {processor.py:840} INFO - DAG(s) 'example_trigger_target_dag' retrieved from /Users/joaovitor/airflow_env/lib/python3.11/site-packages/airflow/example_dags/example_trigger_target_dag.py
[2025-11-04T22:14:19.712-0300] {logging_mixin.py:188} INFO - [2025-11-04T22:14:19.711-0300] {dag.py:3089} INFO - Sync 1 DAGs
[2025-11-04T22:14:19.721-0300] {logging_mixin.py:188} INFO - [2025-11-04T22:14:19.721-0300] {dag.py:3947} INFO - Setting next_dagrun for example_trigger_target_dag to None, run_after=None
[2025-11-04T22:14:19.743-0300] {processor.py:183} INFO - Processing /Users/joaovitor/airflow_env/lib/python3.11/site-packages/airflow/example_dags/example_trigger_target_dag.py took 0.194 seconds
[2025-11-04T22:16:30.801-0300] {processor.py:161} INFO - Started process (PID=31745) to work on /Users/joaovitor/airflow_env/lib/python3.11/site-packages/airflow/example_dags/example_trigger_target_dag.py
[2025-11-04T22:16:30.802-0300] {processor.py:830} INFO - Processing file /Users/joaovitor/airflow_env/lib/python3.11/site-packages/airflow/example_dags/example_trigger_target_dag.py for tasks to queue
[2025-11-04T22:16:30.802-0300] {logging_mixin.py:188} INFO - [2025-11-04T22:16:30.802-0300] {dagbag.py:545} INFO - Filling up the DagBag from /Users/joaovitor/airflow_env/lib/python3.11/site-packages/airflow/example_dags/example_trigger_target_dag.py
[2025-11-04T22:16:30.838-0300] {processor.py:840} INFO - DAG(s) 'example_trigger_target_dag' retrieved from /Users/joaovitor/airflow_env/lib/python3.11/site-packages/airflow/example_dags/example_trigger_target_dag.py
[2025-11-04T22:16:30.938-0300] {logging_mixin.py:188} INFO - [2025-11-04T22:16:30.938-0300] {dag.py:3089} INFO - Sync 1 DAGs
[2025-11-04T22:16:30.948-0300] {logging_mixin.py:188} INFO - [2025-11-04T22:16:30.947-0300] {dag.py:3947} INFO - Setting next_dagrun for example_trigger_target_dag to None, run_after=None
[2025-11-04T22:16:30.973-0300] {processor.py:183} INFO - Processing /Users/joaovitor/airflow_env/lib/python3.11/site-packages/airflow/example_dags/example_trigger_target_dag.py took 0.176 seconds
[2025-11-04T22:18:25.321-0300] {processor.py:161} INFO - Started process (PID=31785) to work on /Users/joaovitor/airflow_env/lib/python3.11/site-packages/airflow/example_dags/example_trigger_target_dag.py
[2025-11-04T22:18:25.322-0300] {processor.py:830} INFO - Processing file /Users/joaovitor/airflow_env/lib/python3.11/site-packages/airflow/example_dags/example_trigger_target_dag.py for tasks to queue
[2025-11-04T22:18:25.323-0300] {logging_mixin.py:188} INFO - [2025-11-04T22:18:25.323-0300] {dagbag.py:545} INFO - Filling up the DagBag from /Users/joaovitor/airflow_env/lib/python3.11/site-packages/airflow/example_dags/example_trigger_target_dag.py
[2025-11-04T22:18:25.367-0300] {processor.py:840} INFO - DAG(s) 'example_trigger_target_dag' retrieved from /Users/joaovitor/airflow_env/lib/python3.11/site-packages/airflow/example_dags/example_trigger_target_dag.py
[2025-11-04T22:18:25.471-0300] {logging_mixin.py:188} INFO - [2025-11-04T22:18:25.471-0300] {dag.py:3089} INFO - Sync 1 DAGs
[2025-11-04T22:18:25.482-0300] {logging_mixin.py:188} INFO - [2025-11-04T22:18:25.481-0300] {dag.py:3947} INFO - Setting next_dagrun for example_trigger_target_dag to None, run_after=None
[2025-11-04T22:18:25.507-0300] {processor.py:183} INFO - Processing /Users/joaovitor/airflow_env/lib/python3.11/site-packages/airflow/example_dags/example_trigger_target_dag.py took 0.189 seconds
[2025-11-04T22:20:29.788-0300] {processor.py:161} INFO - Started process (PID=31833) to work on /Users/joaovitor/airflow_env/lib/python3.11/site-packages/airflow/example_dags/example_trigger_target_dag.py
[2025-11-04T22:20:29.790-0300] {processor.py:830} INFO - Processing file /Users/joaovitor/airflow_env/lib/python3.11/site-packages/airflow/example_dags/example_trigger_target_dag.py for tasks to queue
[2025-11-04T22:20:29.791-0300] {logging_mixin.py:188} INFO - [2025-11-04T22:20:29.791-0300] {dagbag.py:545} INFO - Filling up the DagBag from /Users/joaovitor/airflow_env/lib/python3.11/site-packages/airflow/example_dags/example_trigger_target_dag.py
[2025-11-04T22:20:29.829-0300] {processor.py:840} INFO - DAG(s) 'example_trigger_target_dag' retrieved from /Users/joaovitor/airflow_env/lib/python3.11/site-packages/airflow/example_dags/example_trigger_target_dag.py
[2025-11-04T22:20:29.932-0300] {logging_mixin.py:188} INFO - [2025-11-04T22:20:29.932-0300] {dag.py:3089} INFO - Sync 1 DAGs
[2025-11-04T22:20:29.942-0300] {logging_mixin.py:188} INFO - [2025-11-04T22:20:29.941-0300] {dag.py:3947} INFO - Setting next_dagrun for example_trigger_target_dag to None, run_after=None
[2025-11-04T22:20:29.963-0300] {processor.py:183} INFO - Processing /Users/joaovitor/airflow_env/lib/python3.11/site-packages/airflow/example_dags/example_trigger_target_dag.py took 0.177 seconds
[2025-11-04T22:22:36.504-0300] {processor.py:161} INFO - Started process (PID=31932) to work on /Users/joaovitor/airflow_env/lib/python3.11/site-packages/airflow/example_dags/example_trigger_target_dag.py
[2025-11-04T22:22:36.506-0300] {processor.py:830} INFO - Processing file /Users/joaovitor/airflow_env/lib/python3.11/site-packages/airflow/example_dags/example_trigger_target_dag.py for tasks to queue
[2025-11-04T22:22:36.509-0300] {logging_mixin.py:188} INFO - [2025-11-04T22:22:36.508-0300] {dagbag.py:545} INFO - Filling up the DagBag from /Users/joaovitor/airflow_env/lib/python3.11/site-packages/airflow/example_dags/example_trigger_target_dag.py
[2025-11-04T22:22:36.565-0300] {processor.py:840} INFO - DAG(s) 'example_trigger_target_dag' retrieved from /Users/joaovitor/airflow_env/lib/python3.11/site-packages/airflow/example_dags/example_trigger_target_dag.py
[2025-11-04T22:22:36.711-0300] {logging_mixin.py:188} INFO - [2025-11-04T22:22:36.710-0300] {dag.py:3089} INFO - Sync 1 DAGs
[2025-11-04T22:22:36.723-0300] {logging_mixin.py:188} INFO - [2025-11-04T22:22:36.722-0300] {dag.py:3947} INFO - Setting next_dagrun for example_trigger_target_dag to None, run_after=None
[2025-11-04T22:22:36.752-0300] {processor.py:183} INFO - Processing /Users/joaovitor/airflow_env/lib/python3.11/site-packages/airflow/example_dags/example_trigger_target_dag.py took 0.251 seconds
[2025-11-04T22:24:42.158-0300] {processor.py:161} INFO - Started process (PID=31973) to work on /Users/joaovitor/airflow_env/lib/python3.11/site-packages/airflow/example_dags/example_trigger_target_dag.py
[2025-11-04T22:24:42.159-0300] {processor.py:830} INFO - Processing file /Users/joaovitor/airflow_env/lib/python3.11/site-packages/airflow/example_dags/example_trigger_target_dag.py for tasks to queue
[2025-11-04T22:24:42.160-0300] {logging_mixin.py:188} INFO - [2025-11-04T22:24:42.160-0300] {dagbag.py:545} INFO - Filling up the DagBag from /Users/joaovitor/airflow_env/lib/python3.11/site-packages/airflow/example_dags/example_trigger_target_dag.py
[2025-11-04T22:24:42.202-0300] {processor.py:840} INFO - DAG(s) 'example_trigger_target_dag' retrieved from /Users/joaovitor/airflow_env/lib/python3.11/site-packages/airflow/example_dags/example_trigger_target_dag.py
[2025-11-04T22:24:42.316-0300] {logging_mixin.py:188} INFO - [2025-11-04T22:24:42.316-0300] {dag.py:3089} INFO - Sync 1 DAGs
[2025-11-04T22:24:42.327-0300] {logging_mixin.py:188} INFO - [2025-11-04T22:24:42.327-0300] {dag.py:3947} INFO - Setting next_dagrun for example_trigger_target_dag to None, run_after=None
[2025-11-04T22:24:42.349-0300] {processor.py:183} INFO - Processing /Users/joaovitor/airflow_env/lib/python3.11/site-packages/airflow/example_dags/example_trigger_target_dag.py took 0.193 seconds
[2025-11-04T22:26:48.851-0300] {processor.py:161} INFO - Started process (PID=32015) to work on /Users/joaovitor/airflow_env/lib/python3.11/site-packages/airflow/example_dags/example_trigger_target_dag.py
[2025-11-04T22:26:48.852-0300] {processor.py:830} INFO - Processing file /Users/joaovitor/airflow_env/lib/python3.11/site-packages/airflow/example_dags/example_trigger_target_dag.py for tasks to queue
[2025-11-04T22:26:48.852-0300] {logging_mixin.py:188} INFO - [2025-11-04T22:26:48.852-0300] {dagbag.py:545} INFO - Filling up the DagBag from /Users/joaovitor/airflow_env/lib/python3.11/site-packages/airflow/example_dags/example_trigger_target_dag.py
[2025-11-04T22:26:48.891-0300] {processor.py:840} INFO - DAG(s) 'example_trigger_target_dag' retrieved from /Users/joaovitor/airflow_env/lib/python3.11/site-packages/airflow/example_dags/example_trigger_target_dag.py
[2025-11-04T22:26:49.005-0300] {logging_mixin.py:188} INFO - [2025-11-04T22:26:49.005-0300] {dag.py:3089} INFO - Sync 1 DAGs
[2025-11-04T22:26:49.016-0300] {logging_mixin.py:188} INFO - [2025-11-04T22:26:49.015-0300] {dag.py:3947} INFO - Setting next_dagrun for example_trigger_target_dag to None, run_after=None
[2025-11-04T22:26:49.041-0300] {processor.py:183} INFO - Processing /Users/joaovitor/airflow_env/lib/python3.11/site-packages/airflow/example_dags/example_trigger_target_dag.py took 0.193 seconds
[2025-11-04T22:28:58.311-0300] {processor.py:161} INFO - Started process (PID=32057) to work on /Users/joaovitor/airflow_env/lib/python3.11/site-packages/airflow/example_dags/example_trigger_target_dag.py
[2025-11-04T22:28:58.312-0300] {processor.py:830} INFO - Processing file /Users/joaovitor/airflow_env/lib/python3.11/site-packages/airflow/example_dags/example_trigger_target_dag.py for tasks to queue
[2025-11-04T22:28:58.313-0300] {logging_mixin.py:188} INFO - [2025-11-04T22:28:58.313-0300] {dagbag.py:545} INFO - Filling up the DagBag from /Users/joaovitor/airflow_env/lib/python3.11/site-packages/airflow/example_dags/example_trigger_target_dag.py
[2025-11-04T22:28:58.356-0300] {processor.py:840} INFO - DAG(s) 'example_trigger_target_dag' retrieved from /Users/joaovitor/airflow_env/lib/python3.11/site-packages/airflow/example_dags/example_trigger_target_dag.py
[2025-11-04T22:28:58.471-0300] {logging_mixin.py:188} INFO - [2025-11-04T22:28:58.470-0300] {dag.py:3089} INFO - Sync 1 DAGs
[2025-11-04T22:28:58.486-0300] {logging_mixin.py:188} INFO - [2025-11-04T22:28:58.486-0300] {dag.py:3947} INFO - Setting next_dagrun for example_trigger_target_dag to None, run_after=None
[2025-11-04T22:28:58.510-0300] {processor.py:183} INFO - Processing /Users/joaovitor/airflow_env/lib/python3.11/site-packages/airflow/example_dags/example_trigger_target_dag.py took 0.203 seconds
[2025-11-04T22:31:20.024-0300] {processor.py:161} INFO - Started process (PID=32152) to work on /Users/joaovitor/airflow_env/lib/python3.11/site-packages/airflow/example_dags/example_trigger_target_dag.py
[2025-11-04T22:31:20.026-0300] {processor.py:830} INFO - Processing file /Users/joaovitor/airflow_env/lib/python3.11/site-packages/airflow/example_dags/example_trigger_target_dag.py for tasks to queue
[2025-11-04T22:31:20.027-0300] {logging_mixin.py:188} INFO - [2025-11-04T22:31:20.027-0300] {dagbag.py:545} INFO - Filling up the DagBag from /Users/joaovitor/airflow_env/lib/python3.11/site-packages/airflow/example_dags/example_trigger_target_dag.py
[2025-11-04T22:31:20.070-0300] {processor.py:840} INFO - DAG(s) 'example_trigger_target_dag' retrieved from /Users/joaovitor/airflow_env/lib/python3.11/site-packages/airflow/example_dags/example_trigger_target_dag.py
[2025-11-04T22:31:20.199-0300] {logging_mixin.py:188} INFO - [2025-11-04T22:31:20.199-0300] {dag.py:3089} INFO - Sync 1 DAGs
[2025-11-04T22:31:20.211-0300] {logging_mixin.py:188} INFO - [2025-11-04T22:31:20.211-0300] {dag.py:3947} INFO - Setting next_dagrun for example_trigger_target_dag to None, run_after=None
[2025-11-04T22:31:20.239-0300] {processor.py:183} INFO - Processing /Users/joaovitor/airflow_env/lib/python3.11/site-packages/airflow/example_dags/example_trigger_target_dag.py took 0.218 seconds
[2025-11-04T22:34:06.492-0300] {processor.py:161} INFO - Started process (PID=32327) to work on /Users/joaovitor/airflow_env/lib/python3.11/site-packages/airflow/example_dags/example_trigger_target_dag.py
[2025-11-04T22:34:06.494-0300] {processor.py:830} INFO - Processing file /Users/joaovitor/airflow_env/lib/python3.11/site-packages/airflow/example_dags/example_trigger_target_dag.py for tasks to queue
[2025-11-04T22:34:06.495-0300] {logging_mixin.py:188} INFO - [2025-11-04T22:34:06.495-0300] {dagbag.py:545} INFO - Filling up the DagBag from /Users/joaovitor/airflow_env/lib/python3.11/site-packages/airflow/example_dags/example_trigger_target_dag.py
[2025-11-04T22:34:06.537-0300] {processor.py:840} INFO - DAG(s) 'example_trigger_target_dag' retrieved from /Users/joaovitor/airflow_env/lib/python3.11/site-packages/airflow/example_dags/example_trigger_target_dag.py
[2025-11-04T22:34:06.681-0300] {logging_mixin.py:188} INFO - [2025-11-04T22:34:06.681-0300] {dag.py:3089} INFO - Sync 1 DAGs
[2025-11-04T22:34:06.692-0300] {logging_mixin.py:188} INFO - [2025-11-04T22:34:06.692-0300] {dag.py:3947} INFO - Setting next_dagrun for example_trigger_target_dag to None, run_after=None
[2025-11-04T22:34:06.714-0300] {processor.py:183} INFO - Processing /Users/joaovitor/airflow_env/lib/python3.11/site-packages/airflow/example_dags/example_trigger_target_dag.py took 0.225 seconds
[2025-11-04T22:36:14.228-0300] {processor.py:161} INFO - Started process (PID=32426) to work on /Users/joaovitor/airflow_env/lib/python3.11/site-packages/airflow/example_dags/example_trigger_target_dag.py
[2025-11-04T22:36:14.230-0300] {processor.py:830} INFO - Processing file /Users/joaovitor/airflow_env/lib/python3.11/site-packages/airflow/example_dags/example_trigger_target_dag.py for tasks to queue
[2025-11-04T22:36:14.232-0300] {logging_mixin.py:188} INFO - [2025-11-04T22:36:14.231-0300] {dagbag.py:545} INFO - Filling up the DagBag from /Users/joaovitor/airflow_env/lib/python3.11/site-packages/airflow/example_dags/example_trigger_target_dag.py
[2025-11-04T22:36:14.277-0300] {processor.py:840} INFO - DAG(s) 'example_trigger_target_dag' retrieved from /Users/joaovitor/airflow_env/lib/python3.11/site-packages/airflow/example_dags/example_trigger_target_dag.py
[2025-11-04T22:36:14.389-0300] {logging_mixin.py:188} INFO - [2025-11-04T22:36:14.389-0300] {dag.py:3089} INFO - Sync 1 DAGs
[2025-11-04T22:36:14.401-0300] {logging_mixin.py:188} INFO - [2025-11-04T22:36:14.401-0300] {dag.py:3947} INFO - Setting next_dagrun for example_trigger_target_dag to None, run_after=None
[2025-11-04T22:36:14.432-0300] {processor.py:183} INFO - Processing /Users/joaovitor/airflow_env/lib/python3.11/site-packages/airflow/example_dags/example_trigger_target_dag.py took 0.207 seconds
[2025-11-04T22:38:39.899-0300] {processor.py:161} INFO - Started process (PID=32659) to work on /Users/joaovitor/airflow_env/lib/python3.11/site-packages/airflow/example_dags/example_trigger_target_dag.py
[2025-11-04T22:38:39.901-0300] {processor.py:830} INFO - Processing file /Users/joaovitor/airflow_env/lib/python3.11/site-packages/airflow/example_dags/example_trigger_target_dag.py for tasks to queue
[2025-11-04T22:38:39.902-0300] {logging_mixin.py:188} INFO - [2025-11-04T22:38:39.901-0300] {dagbag.py:545} INFO - Filling up the DagBag from /Users/joaovitor/airflow_env/lib/python3.11/site-packages/airflow/example_dags/example_trigger_target_dag.py
[2025-11-04T22:38:39.950-0300] {processor.py:840} INFO - DAG(s) 'example_trigger_target_dag' retrieved from /Users/joaovitor/airflow_env/lib/python3.11/site-packages/airflow/example_dags/example_trigger_target_dag.py
[2025-11-04T22:38:40.162-0300] {logging_mixin.py:188} INFO - [2025-11-04T22:38:40.162-0300] {dag.py:3089} INFO - Sync 1 DAGs
[2025-11-04T22:38:40.236-0300] {logging_mixin.py:188} INFO - [2025-11-04T22:38:40.236-0300] {dag.py:3947} INFO - Setting next_dagrun for example_trigger_target_dag to None, run_after=None
[2025-11-04T22:38:40.264-0300] {processor.py:183} INFO - Processing /Users/joaovitor/airflow_env/lib/python3.11/site-packages/airflow/example_dags/example_trigger_target_dag.py took 0.368 seconds
[2025-11-04T22:41:01.109-0300] {processor.py:161} INFO - Started process (PID=32705) to work on /Users/joaovitor/airflow_env/lib/python3.11/site-packages/airflow/example_dags/example_trigger_target_dag.py
[2025-11-04T22:41:01.112-0300] {processor.py:830} INFO - Processing file /Users/joaovitor/airflow_env/lib/python3.11/site-packages/airflow/example_dags/example_trigger_target_dag.py for tasks to queue
[2025-11-04T22:41:01.113-0300] {logging_mixin.py:188} INFO - [2025-11-04T22:41:01.113-0300] {dagbag.py:545} INFO - Filling up the DagBag from /Users/joaovitor/airflow_env/lib/python3.11/site-packages/airflow/example_dags/example_trigger_target_dag.py
[2025-11-04T22:41:01.172-0300] {processor.py:840} INFO - DAG(s) 'example_trigger_target_dag' retrieved from /Users/joaovitor/airflow_env/lib/python3.11/site-packages/airflow/example_dags/example_trigger_target_dag.py
[2025-11-04T22:41:01.294-0300] {logging_mixin.py:188} INFO - [2025-11-04T22:41:01.294-0300] {dag.py:3089} INFO - Sync 1 DAGs
[2025-11-04T22:41:01.307-0300] {logging_mixin.py:188} INFO - [2025-11-04T22:41:01.307-0300] {dag.py:3947} INFO - Setting next_dagrun for example_trigger_target_dag to None, run_after=None
[2025-11-04T22:41:01.331-0300] {processor.py:183} INFO - Processing /Users/joaovitor/airflow_env/lib/python3.11/site-packages/airflow/example_dags/example_trigger_target_dag.py took 0.225 seconds
[2025-11-04T22:43:24.209-0300] {processor.py:161} INFO - Started process (PID=32772) to work on /Users/joaovitor/airflow_env/lib/python3.11/site-packages/airflow/example_dags/example_trigger_target_dag.py
[2025-11-04T22:43:24.212-0300] {processor.py:830} INFO - Processing file /Users/joaovitor/airflow_env/lib/python3.11/site-packages/airflow/example_dags/example_trigger_target_dag.py for tasks to queue
[2025-11-04T22:43:24.213-0300] {logging_mixin.py:188} INFO - [2025-11-04T22:43:24.213-0300] {dagbag.py:545} INFO - Filling up the DagBag from /Users/joaovitor/airflow_env/lib/python3.11/site-packages/airflow/example_dags/example_trigger_target_dag.py
[2025-11-04T22:43:24.286-0300] {processor.py:840} INFO - DAG(s) 'example_trigger_target_dag' retrieved from /Users/joaovitor/airflow_env/lib/python3.11/site-packages/airflow/example_dags/example_trigger_target_dag.py
[2025-11-04T22:43:24.424-0300] {logging_mixin.py:188} INFO - [2025-11-04T22:43:24.423-0300] {dag.py:3089} INFO - Sync 1 DAGs
[2025-11-04T22:43:24.436-0300] {logging_mixin.py:188} INFO - [2025-11-04T22:43:24.435-0300] {dag.py:3947} INFO - Setting next_dagrun for example_trigger_target_dag to None, run_after=None
[2025-11-04T22:43:24.460-0300] {processor.py:183} INFO - Processing /Users/joaovitor/airflow_env/lib/python3.11/site-packages/airflow/example_dags/example_trigger_target_dag.py took 0.256 seconds
[2025-11-04T22:45:42.553-0300] {processor.py:161} INFO - Started process (PID=32816) to work on /Users/joaovitor/airflow_env/lib/python3.11/site-packages/airflow/example_dags/example_trigger_target_dag.py
[2025-11-04T22:45:42.554-0300] {processor.py:830} INFO - Processing file /Users/joaovitor/airflow_env/lib/python3.11/site-packages/airflow/example_dags/example_trigger_target_dag.py for tasks to queue
[2025-11-04T22:45:42.555-0300] {logging_mixin.py:188} INFO - [2025-11-04T22:45:42.555-0300] {dagbag.py:545} INFO - Filling up the DagBag from /Users/joaovitor/airflow_env/lib/python3.11/site-packages/airflow/example_dags/example_trigger_target_dag.py
[2025-11-04T22:45:42.606-0300] {processor.py:840} INFO - DAG(s) 'example_trigger_target_dag' retrieved from /Users/joaovitor/airflow_env/lib/python3.11/site-packages/airflow/example_dags/example_trigger_target_dag.py
[2025-11-04T22:45:42.748-0300] {logging_mixin.py:188} INFO - [2025-11-04T22:45:42.748-0300] {dag.py:3089} INFO - Sync 1 DAGs
[2025-11-04T22:45:42.762-0300] {logging_mixin.py:188} INFO - [2025-11-04T22:45:42.762-0300] {dag.py:3947} INFO - Setting next_dagrun for example_trigger_target_dag to None, run_after=None
[2025-11-04T22:45:42.789-0300] {processor.py:183} INFO - Processing /Users/joaovitor/airflow_env/lib/python3.11/site-packages/airflow/example_dags/example_trigger_target_dag.py took 0.240 seconds
[2025-11-04T22:47:58.251-0300] {processor.py:161} INFO - Started process (PID=32871) to work on /Users/joaovitor/airflow_env/lib/python3.11/site-packages/airflow/example_dags/example_trigger_target_dag.py
[2025-11-04T22:47:58.253-0300] {processor.py:830} INFO - Processing file /Users/joaovitor/airflow_env/lib/python3.11/site-packages/airflow/example_dags/example_trigger_target_dag.py for tasks to queue
[2025-11-04T22:47:58.255-0300] {logging_mixin.py:188} INFO - [2025-11-04T22:47:58.254-0300] {dagbag.py:545} INFO - Filling up the DagBag from /Users/joaovitor/airflow_env/lib/python3.11/site-packages/airflow/example_dags/example_trigger_target_dag.py
[2025-11-04T22:47:58.312-0300] {processor.py:840} INFO - DAG(s) 'example_trigger_target_dag' retrieved from /Users/joaovitor/airflow_env/lib/python3.11/site-packages/airflow/example_dags/example_trigger_target_dag.py
[2025-11-04T22:47:58.443-0300] {logging_mixin.py:188} INFO - [2025-11-04T22:47:58.443-0300] {dag.py:3089} INFO - Sync 1 DAGs
[2025-11-04T22:47:58.453-0300] {logging_mixin.py:188} INFO - [2025-11-04T22:47:58.453-0300] {dag.py:3947} INFO - Setting next_dagrun for example_trigger_target_dag to None, run_after=None
[2025-11-04T22:47:58.475-0300] {processor.py:183} INFO - Processing /Users/joaovitor/airflow_env/lib/python3.11/site-packages/airflow/example_dags/example_trigger_target_dag.py took 0.227 seconds
[2025-11-04T22:50:08.961-0300] {processor.py:161} INFO - Started process (PID=32941) to work on /Users/joaovitor/airflow_env/lib/python3.11/site-packages/airflow/example_dags/example_trigger_target_dag.py
[2025-11-04T22:50:08.963-0300] {processor.py:830} INFO - Processing file /Users/joaovitor/airflow_env/lib/python3.11/site-packages/airflow/example_dags/example_trigger_target_dag.py for tasks to queue
[2025-11-04T22:50:08.964-0300] {logging_mixin.py:188} INFO - [2025-11-04T22:50:08.964-0300] {dagbag.py:545} INFO - Filling up the DagBag from /Users/joaovitor/airflow_env/lib/python3.11/site-packages/airflow/example_dags/example_trigger_target_dag.py
[2025-11-04T22:50:09.009-0300] {processor.py:840} INFO - DAG(s) 'example_trigger_target_dag' retrieved from /Users/joaovitor/airflow_env/lib/python3.11/site-packages/airflow/example_dags/example_trigger_target_dag.py
[2025-11-04T22:50:09.127-0300] {logging_mixin.py:188} INFO - [2025-11-04T22:50:09.127-0300] {dag.py:3089} INFO - Sync 1 DAGs
[2025-11-04T22:50:09.138-0300] {logging_mixin.py:188} INFO - [2025-11-04T22:50:09.137-0300] {dag.py:3947} INFO - Setting next_dagrun for example_trigger_target_dag to None, run_after=None
[2025-11-04T22:50:09.164-0300] {processor.py:183} INFO - Processing /Users/joaovitor/airflow_env/lib/python3.11/site-packages/airflow/example_dags/example_trigger_target_dag.py took 0.207 seconds
[2025-11-04T22:52:28.023-0300] {processor.py:161} INFO - Started process (PID=32987) to work on /Users/joaovitor/airflow_env/lib/python3.11/site-packages/airflow/example_dags/example_trigger_target_dag.py
[2025-11-04T22:52:28.025-0300] {processor.py:830} INFO - Processing file /Users/joaovitor/airflow_env/lib/python3.11/site-packages/airflow/example_dags/example_trigger_target_dag.py for tasks to queue
[2025-11-04T22:52:28.026-0300] {logging_mixin.py:188} INFO - [2025-11-04T22:52:28.025-0300] {dagbag.py:545} INFO - Filling up the DagBag from /Users/joaovitor/airflow_env/lib/python3.11/site-packages/airflow/example_dags/example_trigger_target_dag.py
[2025-11-04T22:52:28.092-0300] {processor.py:840} INFO - DAG(s) 'example_trigger_target_dag' retrieved from /Users/joaovitor/airflow_env/lib/python3.11/site-packages/airflow/example_dags/example_trigger_target_dag.py
[2025-11-04T22:52:28.253-0300] {logging_mixin.py:188} INFO - [2025-11-04T22:52:28.253-0300] {dag.py:3089} INFO - Sync 1 DAGs
[2025-11-04T22:52:28.267-0300] {logging_mixin.py:188} INFO - [2025-11-04T22:52:28.267-0300] {dag.py:3947} INFO - Setting next_dagrun for example_trigger_target_dag to None, run_after=None
[2025-11-04T22:52:28.300-0300] {processor.py:183} INFO - Processing /Users/joaovitor/airflow_env/lib/python3.11/site-packages/airflow/example_dags/example_trigger_target_dag.py took 0.280 seconds
[2025-11-04T22:54:50.839-0300] {processor.py:161} INFO - Started process (PID=33041) to work on /Users/joaovitor/airflow_env/lib/python3.11/site-packages/airflow/example_dags/example_trigger_target_dag.py
[2025-11-04T22:54:50.840-0300] {processor.py:830} INFO - Processing file /Users/joaovitor/airflow_env/lib/python3.11/site-packages/airflow/example_dags/example_trigger_target_dag.py for tasks to queue
[2025-11-04T22:54:50.841-0300] {logging_mixin.py:188} INFO - [2025-11-04T22:54:50.841-0300] {dagbag.py:545} INFO - Filling up the DagBag from /Users/joaovitor/airflow_env/lib/python3.11/site-packages/airflow/example_dags/example_trigger_target_dag.py
[2025-11-04T22:54:50.884-0300] {processor.py:840} INFO - DAG(s) 'example_trigger_target_dag' retrieved from /Users/joaovitor/airflow_env/lib/python3.11/site-packages/airflow/example_dags/example_trigger_target_dag.py
[2025-11-04T22:54:51.001-0300] {logging_mixin.py:188} INFO - [2025-11-04T22:54:51.001-0300] {dag.py:3089} INFO - Sync 1 DAGs
[2025-11-04T22:54:51.011-0300] {logging_mixin.py:188} INFO - [2025-11-04T22:54:51.011-0300] {dag.py:3947} INFO - Setting next_dagrun for example_trigger_target_dag to None, run_after=None
[2025-11-04T22:54:51.035-0300] {processor.py:183} INFO - Processing /Users/joaovitor/airflow_env/lib/python3.11/site-packages/airflow/example_dags/example_trigger_target_dag.py took 0.199 seconds
[2025-11-04T22:57:02.849-0300] {processor.py:161} INFO - Started process (PID=33084) to work on /Users/joaovitor/airflow_env/lib/python3.11/site-packages/airflow/example_dags/example_trigger_target_dag.py
[2025-11-04T22:57:02.850-0300] {processor.py:830} INFO - Processing file /Users/joaovitor/airflow_env/lib/python3.11/site-packages/airflow/example_dags/example_trigger_target_dag.py for tasks to queue
[2025-11-04T22:57:02.851-0300] {logging_mixin.py:188} INFO - [2025-11-04T22:57:02.850-0300] {dagbag.py:545} INFO - Filling up the DagBag from /Users/joaovitor/airflow_env/lib/python3.11/site-packages/airflow/example_dags/example_trigger_target_dag.py
[2025-11-04T22:57:02.889-0300] {processor.py:840} INFO - DAG(s) 'example_trigger_target_dag' retrieved from /Users/joaovitor/airflow_env/lib/python3.11/site-packages/airflow/example_dags/example_trigger_target_dag.py
[2025-11-04T22:57:03.008-0300] {logging_mixin.py:188} INFO - [2025-11-04T22:57:03.007-0300] {dag.py:3089} INFO - Sync 1 DAGs
[2025-11-04T22:57:03.020-0300] {logging_mixin.py:188} INFO - [2025-11-04T22:57:03.019-0300] {dag.py:3947} INFO - Setting next_dagrun for example_trigger_target_dag to None, run_after=None
[2025-11-04T22:57:03.043-0300] {processor.py:183} INFO - Processing /Users/joaovitor/airflow_env/lib/python3.11/site-packages/airflow/example_dags/example_trigger_target_dag.py took 0.196 seconds
[2025-11-04T22:59:18.379-0300] {processor.py:161} INFO - Started process (PID=33127) to work on /Users/joaovitor/airflow_env/lib/python3.11/site-packages/airflow/example_dags/example_trigger_target_dag.py
[2025-11-04T22:59:18.380-0300] {processor.py:830} INFO - Processing file /Users/joaovitor/airflow_env/lib/python3.11/site-packages/airflow/example_dags/example_trigger_target_dag.py for tasks to queue
[2025-11-04T22:59:18.381-0300] {logging_mixin.py:188} INFO - [2025-11-04T22:59:18.381-0300] {dagbag.py:545} INFO - Filling up the DagBag from /Users/joaovitor/airflow_env/lib/python3.11/site-packages/airflow/example_dags/example_trigger_target_dag.py
[2025-11-04T22:59:18.416-0300] {processor.py:840} INFO - DAG(s) 'example_trigger_target_dag' retrieved from /Users/joaovitor/airflow_env/lib/python3.11/site-packages/airflow/example_dags/example_trigger_target_dag.py
[2025-11-04T22:59:18.571-0300] {logging_mixin.py:188} INFO - [2025-11-04T22:59:18.571-0300] {dag.py:3089} INFO - Sync 1 DAGs
[2025-11-04T22:59:18.581-0300] {logging_mixin.py:188} INFO - [2025-11-04T22:59:18.580-0300] {dag.py:3947} INFO - Setting next_dagrun for example_trigger_target_dag to None, run_after=None
[2025-11-04T22:59:18.604-0300] {processor.py:183} INFO - Processing /Users/joaovitor/airflow_env/lib/python3.11/site-packages/airflow/example_dags/example_trigger_target_dag.py took 0.228 seconds
[2025-11-04T23:01:41.993-0300] {processor.py:161} INFO - Started process (PID=33175) to work on /Users/joaovitor/airflow_env/lib/python3.11/site-packages/airflow/example_dags/example_trigger_target_dag.py
[2025-11-04T23:01:41.996-0300] {processor.py:830} INFO - Processing file /Users/joaovitor/airflow_env/lib/python3.11/site-packages/airflow/example_dags/example_trigger_target_dag.py for tasks to queue
[2025-11-04T23:01:41.997-0300] {logging_mixin.py:188} INFO - [2025-11-04T23:01:41.997-0300] {dagbag.py:545} INFO - Filling up the DagBag from /Users/joaovitor/airflow_env/lib/python3.11/site-packages/airflow/example_dags/example_trigger_target_dag.py
[2025-11-04T23:01:42.038-0300] {processor.py:840} INFO - DAG(s) 'example_trigger_target_dag' retrieved from /Users/joaovitor/airflow_env/lib/python3.11/site-packages/airflow/example_dags/example_trigger_target_dag.py
[2025-11-04T23:01:42.156-0300] {logging_mixin.py:188} INFO - [2025-11-04T23:01:42.156-0300] {dag.py:3089} INFO - Sync 1 DAGs
[2025-11-04T23:01:42.167-0300] {logging_mixin.py:188} INFO - [2025-11-04T23:01:42.166-0300] {dag.py:3947} INFO - Setting next_dagrun for example_trigger_target_dag to None, run_after=None
[2025-11-04T23:01:42.192-0300] {processor.py:183} INFO - Processing /Users/joaovitor/airflow_env/lib/python3.11/site-packages/airflow/example_dags/example_trigger_target_dag.py took 0.201 seconds
[2025-11-04T23:04:03.088-0300] {processor.py:161} INFO - Started process (PID=33246) to work on /Users/joaovitor/airflow_env/lib/python3.11/site-packages/airflow/example_dags/example_trigger_target_dag.py
[2025-11-04T23:04:03.090-0300] {processor.py:830} INFO - Processing file /Users/joaovitor/airflow_env/lib/python3.11/site-packages/airflow/example_dags/example_trigger_target_dag.py for tasks to queue
[2025-11-04T23:04:03.091-0300] {logging_mixin.py:188} INFO - [2025-11-04T23:04:03.091-0300] {dagbag.py:545} INFO - Filling up the DagBag from /Users/joaovitor/airflow_env/lib/python3.11/site-packages/airflow/example_dags/example_trigger_target_dag.py
[2025-11-04T23:04:03.129-0300] {processor.py:840} INFO - DAG(s) 'example_trigger_target_dag' retrieved from /Users/joaovitor/airflow_env/lib/python3.11/site-packages/airflow/example_dags/example_trigger_target_dag.py
[2025-11-04T23:04:03.232-0300] {logging_mixin.py:188} INFO - [2025-11-04T23:04:03.232-0300] {dag.py:3089} INFO - Sync 1 DAGs
[2025-11-04T23:04:03.242-0300] {logging_mixin.py:188} INFO - [2025-11-04T23:04:03.242-0300] {dag.py:3947} INFO - Setting next_dagrun for example_trigger_target_dag to None, run_after=None
[2025-11-04T23:04:03.269-0300] {processor.py:183} INFO - Processing /Users/joaovitor/airflow_env/lib/python3.11/site-packages/airflow/example_dags/example_trigger_target_dag.py took 0.184 seconds
