[2025-11-04T21:47:25.255-0300] {processor.py:161} INFO - Started process (PID=31097) to work on /Users/joaovitor/airflow_env/lib/python3.11/site-packages/airflow/example_dags/example_latest_only.py
[2025-11-04T21:47:25.257-0300] {processor.py:830} INFO - Processing file /Users/joaovitor/airflow_env/lib/python3.11/site-packages/airflow/example_dags/example_latest_only.py for tasks to queue
[2025-11-04T21:47:25.257-0300] {logging_mixin.py:188} INFO - [2025-11-04T21:47:25.257-0300] {dagbag.py:545} INFO - Filling up the DagBag from /Users/joaovitor/airflow_env/lib/python3.11/site-packages/airflow/example_dags/example_latest_only.py
[2025-11-04T21:47:25.304-0300] {processor.py:840} INFO - DAG(s) 'latest_only' retrieved from /Users/joaovitor/airflow_env/lib/python3.11/site-packages/airflow/example_dags/example_latest_only.py
[2025-11-04T21:47:25.563-0300] {logging_mixin.py:188} INFO - [2025-11-04T21:47:25.562-0300] {override.py:1858} INFO - Created Permission View: can read on DAG:latest_only
[2025-11-04T21:47:25.574-0300] {logging_mixin.py:188} INFO - [2025-11-04T21:47:25.573-0300] {override.py:1858} INFO - Created Permission View: can edit on DAG:latest_only
[2025-11-04T21:47:25.581-0300] {logging_mixin.py:188} INFO - [2025-11-04T21:47:25.581-0300] {override.py:1858} INFO - Created Permission View: can delete on DAG:latest_only
[2025-11-04T21:47:25.582-0300] {logging_mixin.py:188} INFO - [2025-11-04T21:47:25.581-0300] {dag.py:3089} INFO - Sync 1 DAGs
[2025-11-04T21:47:25.592-0300] {logging_mixin.py:188} INFO - [2025-11-04T21:47:25.592-0300] {dag.py:3111} INFO - Creating ORM DAG for latest_only
[2025-11-04T21:47:25.600-0300] {logging_mixin.py:188} INFO - [2025-11-04T21:47:25.599-0300] {dag.py:3947} INFO - Setting next_dagrun for latest_only to 2025-11-04 20:00:00+00:00, run_after=2025-11-05 00:00:00+00:00
[2025-11-04T21:47:25.619-0300] {processor.py:183} INFO - Processing /Users/joaovitor/airflow_env/lib/python3.11/site-packages/airflow/example_dags/example_latest_only.py took 0.366 seconds
[2025-11-04T21:50:30.142-0300] {processor.py:161} INFO - Started process (PID=31203) to work on /Users/joaovitor/airflow_env/lib/python3.11/site-packages/airflow/example_dags/example_latest_only.py
[2025-11-04T21:50:30.144-0300] {processor.py:830} INFO - Processing file /Users/joaovitor/airflow_env/lib/python3.11/site-packages/airflow/example_dags/example_latest_only.py for tasks to queue
[2025-11-04T21:50:30.145-0300] {logging_mixin.py:188} INFO - [2025-11-04T21:50:30.144-0300] {dagbag.py:545} INFO - Filling up the DagBag from /Users/joaovitor/airflow_env/lib/python3.11/site-packages/airflow/example_dags/example_latest_only.py
[2025-11-04T21:50:30.156-0300] {processor.py:840} INFO - DAG(s) 'latest_only' retrieved from /Users/joaovitor/airflow_env/lib/python3.11/site-packages/airflow/example_dags/example_latest_only.py
[2025-11-04T21:50:30.275-0300] {logging_mixin.py:188} INFO - [2025-11-04T21:50:30.274-0300] {dag.py:3089} INFO - Sync 1 DAGs
[2025-11-04T21:50:30.294-0300] {logging_mixin.py:188} INFO - [2025-11-04T21:50:30.294-0300] {dag.py:3947} INFO - Setting next_dagrun for latest_only to 2025-11-04 20:00:00+00:00, run_after=2025-11-05 00:00:00+00:00
[2025-11-04T21:50:30.318-0300] {processor.py:183} INFO - Processing /Users/joaovitor/airflow_env/lib/python3.11/site-packages/airflow/example_dags/example_latest_only.py took 0.179 seconds
[2025-11-04T21:54:20.617-0300] {processor.py:161} INFO - Started process (PID=31286) to work on /Users/joaovitor/airflow_env/lib/python3.11/site-packages/airflow/example_dags/example_latest_only.py
[2025-11-04T21:54:20.618-0300] {processor.py:830} INFO - Processing file /Users/joaovitor/airflow_env/lib/python3.11/site-packages/airflow/example_dags/example_latest_only.py for tasks to queue
[2025-11-04T21:54:20.618-0300] {logging_mixin.py:188} INFO - [2025-11-04T21:54:20.618-0300] {dagbag.py:545} INFO - Filling up the DagBag from /Users/joaovitor/airflow_env/lib/python3.11/site-packages/airflow/example_dags/example_latest_only.py
[2025-11-04T21:54:20.626-0300] {processor.py:840} INFO - DAG(s) 'latest_only' retrieved from /Users/joaovitor/airflow_env/lib/python3.11/site-packages/airflow/example_dags/example_latest_only.py
[2025-11-04T21:54:20.727-0300] {logging_mixin.py:188} INFO - [2025-11-04T21:54:20.727-0300] {dag.py:3089} INFO - Sync 1 DAGs
[2025-11-04T21:54:20.743-0300] {logging_mixin.py:188} INFO - [2025-11-04T21:54:20.743-0300] {dag.py:3947} INFO - Setting next_dagrun for latest_only to 2025-11-04 20:00:00+00:00, run_after=2025-11-05 00:00:00+00:00
[2025-11-04T21:54:20.770-0300] {processor.py:183} INFO - Processing /Users/joaovitor/airflow_env/lib/python3.11/site-packages/airflow/example_dags/example_latest_only.py took 0.155 seconds
[2025-11-04T21:58:02.076-0300] {processor.py:161} INFO - Started process (PID=31366) to work on /Users/joaovitor/airflow_env/lib/python3.11/site-packages/airflow/example_dags/example_latest_only.py
[2025-11-04T21:58:02.077-0300] {processor.py:830} INFO - Processing file /Users/joaovitor/airflow_env/lib/python3.11/site-packages/airflow/example_dags/example_latest_only.py for tasks to queue
[2025-11-04T21:58:02.077-0300] {logging_mixin.py:188} INFO - [2025-11-04T21:58:02.077-0300] {dagbag.py:545} INFO - Filling up the DagBag from /Users/joaovitor/airflow_env/lib/python3.11/site-packages/airflow/example_dags/example_latest_only.py
[2025-11-04T21:58:02.085-0300] {processor.py:840} INFO - DAG(s) 'latest_only' retrieved from /Users/joaovitor/airflow_env/lib/python3.11/site-packages/airflow/example_dags/example_latest_only.py
[2025-11-04T21:58:02.187-0300] {logging_mixin.py:188} INFO - [2025-11-04T21:58:02.187-0300] {dag.py:3089} INFO - Sync 1 DAGs
[2025-11-04T21:58:02.203-0300] {logging_mixin.py:188} INFO - [2025-11-04T21:58:02.203-0300] {dag.py:3947} INFO - Setting next_dagrun for latest_only to 2025-11-04 20:00:00+00:00, run_after=2025-11-05 00:00:00+00:00
[2025-11-04T21:58:02.225-0300] {processor.py:183} INFO - Processing /Users/joaovitor/airflow_env/lib/python3.11/site-packages/airflow/example_dags/example_latest_only.py took 0.152 seconds
[2025-11-04T22:05:31.352-0300] {processor.py:161} INFO - Started process (PID=31463) to work on /Users/joaovitor/airflow_env/lib/python3.11/site-packages/airflow/example_dags/example_latest_only.py
[2025-11-04T22:05:31.353-0300] {processor.py:830} INFO - Processing file /Users/joaovitor/airflow_env/lib/python3.11/site-packages/airflow/example_dags/example_latest_only.py for tasks to queue
[2025-11-04T22:05:31.354-0300] {logging_mixin.py:188} INFO - [2025-11-04T22:05:31.354-0300] {dagbag.py:545} INFO - Filling up the DagBag from /Users/joaovitor/airflow_env/lib/python3.11/site-packages/airflow/example_dags/example_latest_only.py
[2025-11-04T22:05:31.362-0300] {processor.py:840} INFO - DAG(s) 'latest_only' retrieved from /Users/joaovitor/airflow_env/lib/python3.11/site-packages/airflow/example_dags/example_latest_only.py
[2025-11-04T22:05:31.464-0300] {logging_mixin.py:188} INFO - [2025-11-04T22:05:31.463-0300] {dag.py:3089} INFO - Sync 1 DAGs
[2025-11-04T22:05:31.480-0300] {logging_mixin.py:188} INFO - [2025-11-04T22:05:31.480-0300] {dag.py:3947} INFO - Setting next_dagrun for latest_only to 2025-11-04 20:00:00+00:00, run_after=2025-11-05 00:00:00+00:00
[2025-11-04T22:05:31.501-0300] {processor.py:183} INFO - Processing /Users/joaovitor/airflow_env/lib/python3.11/site-packages/airflow/example_dags/example_latest_only.py took 0.152 seconds
[2025-11-04T22:09:20.315-0300] {processor.py:161} INFO - Started process (PID=31563) to work on /Users/joaovitor/airflow_env/lib/python3.11/site-packages/airflow/example_dags/example_latest_only.py
[2025-11-04T22:09:20.316-0300] {processor.py:830} INFO - Processing file /Users/joaovitor/airflow_env/lib/python3.11/site-packages/airflow/example_dags/example_latest_only.py for tasks to queue
[2025-11-04T22:09:20.317-0300] {logging_mixin.py:188} INFO - [2025-11-04T22:09:20.316-0300] {dagbag.py:545} INFO - Filling up the DagBag from /Users/joaovitor/airflow_env/lib/python3.11/site-packages/airflow/example_dags/example_latest_only.py
[2025-11-04T22:09:20.324-0300] {processor.py:840} INFO - DAG(s) 'latest_only' retrieved from /Users/joaovitor/airflow_env/lib/python3.11/site-packages/airflow/example_dags/example_latest_only.py
[2025-11-04T22:09:20.442-0300] {logging_mixin.py:188} INFO - [2025-11-04T22:09:20.442-0300] {dag.py:3089} INFO - Sync 1 DAGs
[2025-11-04T22:09:20.462-0300] {logging_mixin.py:188} INFO - [2025-11-04T22:09:20.462-0300] {dag.py:3947} INFO - Setting next_dagrun for latest_only to 2025-11-04 20:00:00+00:00, run_after=2025-11-05 00:00:00+00:00
[2025-11-04T22:09:20.488-0300] {processor.py:183} INFO - Processing /Users/joaovitor/airflow_env/lib/python3.11/site-packages/airflow/example_dags/example_latest_only.py took 0.175 seconds
[2025-11-04T22:13:18.323-0300] {processor.py:161} INFO - Started process (PID=31666) to work on /Users/joaovitor/airflow_env/lib/python3.11/site-packages/airflow/example_dags/example_latest_only.py
[2025-11-04T22:13:18.324-0300] {processor.py:830} INFO - Processing file /Users/joaovitor/airflow_env/lib/python3.11/site-packages/airflow/example_dags/example_latest_only.py for tasks to queue
[2025-11-04T22:13:18.324-0300] {logging_mixin.py:188} INFO - [2025-11-04T22:13:18.324-0300] {dagbag.py:545} INFO - Filling up the DagBag from /Users/joaovitor/airflow_env/lib/python3.11/site-packages/airflow/example_dags/example_latest_only.py
[2025-11-04T22:13:18.333-0300] {processor.py:840} INFO - DAG(s) 'latest_only' retrieved from /Users/joaovitor/airflow_env/lib/python3.11/site-packages/airflow/example_dags/example_latest_only.py
[2025-11-04T22:13:18.436-0300] {logging_mixin.py:188} INFO - [2025-11-04T22:13:18.436-0300] {dag.py:3089} INFO - Sync 1 DAGs
[2025-11-04T22:13:18.452-0300] {logging_mixin.py:188} INFO - [2025-11-04T22:13:18.452-0300] {dag.py:3947} INFO - Setting next_dagrun for latest_only to 2025-11-04 20:00:00+00:00, run_after=2025-11-05 00:00:00+00:00
[2025-11-04T22:13:18.480-0300] {processor.py:183} INFO - Processing /Users/joaovitor/airflow_env/lib/python3.11/site-packages/airflow/example_dags/example_latest_only.py took 0.160 seconds
[2025-11-04T22:17:25.599-0300] {processor.py:161} INFO - Started process (PID=31764) to work on /Users/joaovitor/airflow_env/lib/python3.11/site-packages/airflow/example_dags/example_latest_only.py
[2025-11-04T22:17:25.600-0300] {processor.py:830} INFO - Processing file /Users/joaovitor/airflow_env/lib/python3.11/site-packages/airflow/example_dags/example_latest_only.py for tasks to queue
[2025-11-04T22:17:25.602-0300] {logging_mixin.py:188} INFO - [2025-11-04T22:17:25.601-0300] {dagbag.py:545} INFO - Filling up the DagBag from /Users/joaovitor/airflow_env/lib/python3.11/site-packages/airflow/example_dags/example_latest_only.py
[2025-11-04T22:17:25.612-0300] {processor.py:840} INFO - DAG(s) 'latest_only' retrieved from /Users/joaovitor/airflow_env/lib/python3.11/site-packages/airflow/example_dags/example_latest_only.py
[2025-11-04T22:17:25.752-0300] {logging_mixin.py:188} INFO - [2025-11-04T22:17:25.752-0300] {dag.py:3089} INFO - Sync 1 DAGs
[2025-11-04T22:17:25.770-0300] {logging_mixin.py:188} INFO - [2025-11-04T22:17:25.769-0300] {dag.py:3947} INFO - Setting next_dagrun for latest_only to 2025-11-04 20:00:00+00:00, run_after=2025-11-05 00:00:00+00:00
[2025-11-04T22:17:25.791-0300] {processor.py:183} INFO - Processing /Users/joaovitor/airflow_env/lib/python3.11/site-packages/airflow/example_dags/example_latest_only.py took 0.196 seconds
[2025-11-04T22:21:30.364-0300] {processor.py:161} INFO - Started process (PID=31890) to work on /Users/joaovitor/airflow_env/lib/python3.11/site-packages/airflow/example_dags/example_latest_only.py
[2025-11-04T22:21:30.366-0300] {processor.py:830} INFO - Processing file /Users/joaovitor/airflow_env/lib/python3.11/site-packages/airflow/example_dags/example_latest_only.py for tasks to queue
[2025-11-04T22:21:30.367-0300] {logging_mixin.py:188} INFO - [2025-11-04T22:21:30.367-0300] {dagbag.py:545} INFO - Filling up the DagBag from /Users/joaovitor/airflow_env/lib/python3.11/site-packages/airflow/example_dags/example_latest_only.py
[2025-11-04T22:21:30.377-0300] {processor.py:840} INFO - DAG(s) 'latest_only' retrieved from /Users/joaovitor/airflow_env/lib/python3.11/site-packages/airflow/example_dags/example_latest_only.py
[2025-11-04T22:21:30.535-0300] {logging_mixin.py:188} INFO - [2025-11-04T22:21:30.534-0300] {dag.py:3089} INFO - Sync 1 DAGs
[2025-11-04T22:21:30.551-0300] {logging_mixin.py:188} INFO - [2025-11-04T22:21:30.551-0300] {dag.py:3947} INFO - Setting next_dagrun for latest_only to 2025-11-04 20:00:00+00:00, run_after=2025-11-05 00:00:00+00:00
[2025-11-04T22:21:30.573-0300] {processor.py:183} INFO - Processing /Users/joaovitor/airflow_env/lib/python3.11/site-packages/airflow/example_dags/example_latest_only.py took 0.211 seconds
[2025-11-04T22:25:42.475-0300] {processor.py:161} INFO - Started process (PID=31994) to work on /Users/joaovitor/airflow_env/lib/python3.11/site-packages/airflow/example_dags/example_latest_only.py
[2025-11-04T22:25:42.475-0300] {processor.py:830} INFO - Processing file /Users/joaovitor/airflow_env/lib/python3.11/site-packages/airflow/example_dags/example_latest_only.py for tasks to queue
[2025-11-04T22:25:42.476-0300] {logging_mixin.py:188} INFO - [2025-11-04T22:25:42.476-0300] {dagbag.py:545} INFO - Filling up the DagBag from /Users/joaovitor/airflow_env/lib/python3.11/site-packages/airflow/example_dags/example_latest_only.py
[2025-11-04T22:25:42.484-0300] {processor.py:840} INFO - DAG(s) 'latest_only' retrieved from /Users/joaovitor/airflow_env/lib/python3.11/site-packages/airflow/example_dags/example_latest_only.py
[2025-11-04T22:25:42.600-0300] {logging_mixin.py:188} INFO - [2025-11-04T22:25:42.600-0300] {dag.py:3089} INFO - Sync 1 DAGs
[2025-11-04T22:25:42.619-0300] {logging_mixin.py:188} INFO - [2025-11-04T22:25:42.619-0300] {dag.py:3947} INFO - Setting next_dagrun for latest_only to 2025-11-04 20:00:00+00:00, run_after=2025-11-05 00:00:00+00:00
[2025-11-04T22:25:42.644-0300] {processor.py:183} INFO - Processing /Users/joaovitor/airflow_env/lib/python3.11/site-packages/airflow/example_dags/example_latest_only.py took 0.175 seconds
[2025-11-04T22:29:59.807-0300] {processor.py:161} INFO - Started process (PID=32077) to work on /Users/joaovitor/airflow_env/lib/python3.11/site-packages/airflow/example_dags/example_latest_only.py
[2025-11-04T22:29:59.808-0300] {processor.py:830} INFO - Processing file /Users/joaovitor/airflow_env/lib/python3.11/site-packages/airflow/example_dags/example_latest_only.py for tasks to queue
[2025-11-04T22:29:59.809-0300] {logging_mixin.py:188} INFO - [2025-11-04T22:29:59.809-0300] {dagbag.py:545} INFO - Filling up the DagBag from /Users/joaovitor/airflow_env/lib/python3.11/site-packages/airflow/example_dags/example_latest_only.py
[2025-11-04T22:29:59.821-0300] {processor.py:840} INFO - DAG(s) 'latest_only' retrieved from /Users/joaovitor/airflow_env/lib/python3.11/site-packages/airflow/example_dags/example_latest_only.py
[2025-11-04T22:29:59.988-0300] {logging_mixin.py:188} INFO - [2025-11-04T22:29:59.987-0300] {dag.py:3089} INFO - Sync 1 DAGs
[2025-11-04T22:30:00.013-0300] {logging_mixin.py:188} INFO - [2025-11-04T22:30:00.013-0300] {dag.py:3947} INFO - Setting next_dagrun for latest_only to 2025-11-04 20:00:00+00:00, run_after=2025-11-05 00:00:00+00:00
[2025-11-04T22:30:00.043-0300] {processor.py:183} INFO - Processing /Users/joaovitor/airflow_env/lib/python3.11/site-packages/airflow/example_dags/example_latest_only.py took 0.239 seconds
[2025-11-04T22:32:44.347-0300] {processor.py:161} INFO - Started process (PID=32223) to work on /Users/joaovitor/airflow_env/lib/python3.11/site-packages/airflow/example_dags/example_latest_only.py
[2025-11-04T22:32:44.350-0300] {processor.py:830} INFO - Processing file /Users/joaovitor/airflow_env/lib/python3.11/site-packages/airflow/example_dags/example_latest_only.py for tasks to queue
[2025-11-04T22:32:44.352-0300] {logging_mixin.py:188} INFO - [2025-11-04T22:32:44.351-0300] {dagbag.py:545} INFO - Filling up the DagBag from /Users/joaovitor/airflow_env/lib/python3.11/site-packages/airflow/example_dags/example_latest_only.py
[2025-11-04T22:32:44.363-0300] {processor.py:840} INFO - DAG(s) 'latest_only' retrieved from /Users/joaovitor/airflow_env/lib/python3.11/site-packages/airflow/example_dags/example_latest_only.py
[2025-11-04T22:32:44.476-0300] {logging_mixin.py:188} INFO - [2025-11-04T22:32:44.475-0300] {dag.py:3089} INFO - Sync 1 DAGs
[2025-11-04T22:32:44.498-0300] {logging_mixin.py:188} INFO - [2025-11-04T22:32:44.498-0300] {dag.py:3947} INFO - Setting next_dagrun for latest_only to 2025-11-04 20:00:00+00:00, run_after=2025-11-05 00:00:00+00:00
[2025-11-04T22:32:44.521-0300] {processor.py:183} INFO - Processing /Users/joaovitor/airflow_env/lib/python3.11/site-packages/airflow/example_dags/example_latest_only.py took 0.178 seconds
[2025-11-04T22:35:16.582-0300] {processor.py:161} INFO - Started process (PID=32351) to work on /Users/joaovitor/airflow_env/lib/python3.11/site-packages/airflow/example_dags/example_latest_only.py
[2025-11-04T22:35:16.584-0300] {processor.py:830} INFO - Processing file /Users/joaovitor/airflow_env/lib/python3.11/site-packages/airflow/example_dags/example_latest_only.py for tasks to queue
[2025-11-04T22:35:16.585-0300] {logging_mixin.py:188} INFO - [2025-11-04T22:35:16.585-0300] {dagbag.py:545} INFO - Filling up the DagBag from /Users/joaovitor/airflow_env/lib/python3.11/site-packages/airflow/example_dags/example_latest_only.py
[2025-11-04T22:35:16.595-0300] {processor.py:840} INFO - DAG(s) 'latest_only' retrieved from /Users/joaovitor/airflow_env/lib/python3.11/site-packages/airflow/example_dags/example_latest_only.py
[2025-11-04T22:35:16.729-0300] {logging_mixin.py:188} INFO - [2025-11-04T22:35:16.729-0300] {dag.py:3089} INFO - Sync 1 DAGs
[2025-11-04T22:35:16.749-0300] {logging_mixin.py:188} INFO - [2025-11-04T22:35:16.749-0300] {dag.py:3947} INFO - Setting next_dagrun for latest_only to 2025-11-04 20:00:00+00:00, run_after=2025-11-05 00:00:00+00:00
[2025-11-04T22:35:16.777-0300] {processor.py:183} INFO - Processing /Users/joaovitor/airflow_env/lib/python3.11/site-packages/airflow/example_dags/example_latest_only.py took 0.198 seconds
[2025-11-04T22:39:54.424-0300] {processor.py:161} INFO - Started process (PID=32682) to work on /Users/joaovitor/airflow_env/lib/python3.11/site-packages/airflow/example_dags/example_latest_only.py
[2025-11-04T22:39:54.426-0300] {processor.py:830} INFO - Processing file /Users/joaovitor/airflow_env/lib/python3.11/site-packages/airflow/example_dags/example_latest_only.py for tasks to queue
[2025-11-04T22:39:54.427-0300] {logging_mixin.py:188} INFO - [2025-11-04T22:39:54.427-0300] {dagbag.py:545} INFO - Filling up the DagBag from /Users/joaovitor/airflow_env/lib/python3.11/site-packages/airflow/example_dags/example_latest_only.py
[2025-11-04T22:39:54.438-0300] {processor.py:840} INFO - DAG(s) 'latest_only' retrieved from /Users/joaovitor/airflow_env/lib/python3.11/site-packages/airflow/example_dags/example_latest_only.py
[2025-11-04T22:39:54.678-0300] {logging_mixin.py:188} INFO - [2025-11-04T22:39:54.677-0300] {dag.py:3089} INFO - Sync 1 DAGs
[2025-11-04T22:39:54.695-0300] {logging_mixin.py:188} INFO - [2025-11-04T22:39:54.694-0300] {dag.py:3947} INFO - Setting next_dagrun for latest_only to 2025-11-04 20:00:00+00:00, run_after=2025-11-05 00:00:00+00:00
[2025-11-04T22:39:54.719-0300] {processor.py:183} INFO - Processing /Users/joaovitor/airflow_env/lib/python3.11/site-packages/airflow/example_dags/example_latest_only.py took 0.297 seconds
[2025-11-04T22:44:32.562-0300] {processor.py:161} INFO - Started process (PID=32793) to work on /Users/joaovitor/airflow_env/lib/python3.11/site-packages/airflow/example_dags/example_latest_only.py
[2025-11-04T22:44:32.565-0300] {processor.py:830} INFO - Processing file /Users/joaovitor/airflow_env/lib/python3.11/site-packages/airflow/example_dags/example_latest_only.py for tasks to queue
[2025-11-04T22:44:32.566-0300] {logging_mixin.py:188} INFO - [2025-11-04T22:44:32.565-0300] {dagbag.py:545} INFO - Filling up the DagBag from /Users/joaovitor/airflow_env/lib/python3.11/site-packages/airflow/example_dags/example_latest_only.py
[2025-11-04T22:44:32.577-0300] {processor.py:840} INFO - DAG(s) 'latest_only' retrieved from /Users/joaovitor/airflow_env/lib/python3.11/site-packages/airflow/example_dags/example_latest_only.py
[2025-11-04T22:44:32.698-0300] {logging_mixin.py:188} INFO - [2025-11-04T22:44:32.698-0300] {dag.py:3089} INFO - Sync 1 DAGs
[2025-11-04T22:44:32.719-0300] {logging_mixin.py:188} INFO - [2025-11-04T22:44:32.719-0300] {dag.py:3947} INFO - Setting next_dagrun for latest_only to 2025-11-04 20:00:00+00:00, run_after=2025-11-05 00:00:00+00:00
[2025-11-04T22:44:32.746-0300] {processor.py:183} INFO - Processing /Users/joaovitor/airflow_env/lib/python3.11/site-packages/airflow/example_dags/example_latest_only.py took 0.186 seconds
[2025-11-04T22:49:02.244-0300] {processor.py:161} INFO - Started process (PID=32906) to work on /Users/joaovitor/airflow_env/lib/python3.11/site-packages/airflow/example_dags/example_latest_only.py
[2025-11-04T22:49:02.246-0300] {processor.py:830} INFO - Processing file /Users/joaovitor/airflow_env/lib/python3.11/site-packages/airflow/example_dags/example_latest_only.py for tasks to queue
[2025-11-04T22:49:02.247-0300] {logging_mixin.py:188} INFO - [2025-11-04T22:49:02.247-0300] {dagbag.py:545} INFO - Filling up the DagBag from /Users/joaovitor/airflow_env/lib/python3.11/site-packages/airflow/example_dags/example_latest_only.py
[2025-11-04T22:49:02.258-0300] {processor.py:840} INFO - DAG(s) 'latest_only' retrieved from /Users/joaovitor/airflow_env/lib/python3.11/site-packages/airflow/example_dags/example_latest_only.py
[2025-11-04T22:49:02.385-0300] {logging_mixin.py:188} INFO - [2025-11-04T22:49:02.384-0300] {dag.py:3089} INFO - Sync 1 DAGs
[2025-11-04T22:49:02.403-0300] {logging_mixin.py:188} INFO - [2025-11-04T22:49:02.403-0300] {dag.py:3947} INFO - Setting next_dagrun for latest_only to 2025-11-04 20:00:00+00:00, run_after=2025-11-05 00:00:00+00:00
[2025-11-04T22:49:02.429-0300] {processor.py:183} INFO - Processing /Users/joaovitor/airflow_env/lib/python3.11/site-packages/airflow/example_dags/example_latest_only.py took 0.189 seconds
[2025-11-04T22:53:42.136-0300] {processor.py:161} INFO - Started process (PID=33020) to work on /Users/joaovitor/airflow_env/lib/python3.11/site-packages/airflow/example_dags/example_latest_only.py
[2025-11-04T22:53:42.138-0300] {processor.py:830} INFO - Processing file /Users/joaovitor/airflow_env/lib/python3.11/site-packages/airflow/example_dags/example_latest_only.py for tasks to queue
[2025-11-04T22:53:42.140-0300] {logging_mixin.py:188} INFO - [2025-11-04T22:53:42.139-0300] {dagbag.py:545} INFO - Filling up the DagBag from /Users/joaovitor/airflow_env/lib/python3.11/site-packages/airflow/example_dags/example_latest_only.py
[2025-11-04T22:53:42.160-0300] {processor.py:840} INFO - DAG(s) 'latest_only' retrieved from /Users/joaovitor/airflow_env/lib/python3.11/site-packages/airflow/example_dags/example_latest_only.py
[2025-11-04T22:53:42.370-0300] {logging_mixin.py:188} INFO - [2025-11-04T22:53:42.370-0300] {dag.py:3089} INFO - Sync 1 DAGs
[2025-11-04T22:53:42.403-0300] {logging_mixin.py:188} INFO - [2025-11-04T22:53:42.402-0300] {dag.py:3947} INFO - Setting next_dagrun for latest_only to 2025-11-04 20:00:00+00:00, run_after=2025-11-05 00:00:00+00:00
[2025-11-04T22:53:42.436-0300] {processor.py:183} INFO - Processing /Users/joaovitor/airflow_env/lib/python3.11/site-packages/airflow/example_dags/example_latest_only.py took 0.303 seconds
[2025-11-04T22:58:10.312-0300] {processor.py:161} INFO - Started process (PID=33105) to work on /Users/joaovitor/airflow_env/lib/python3.11/site-packages/airflow/example_dags/example_latest_only.py
[2025-11-04T22:58:10.313-0300] {processor.py:830} INFO - Processing file /Users/joaovitor/airflow_env/lib/python3.11/site-packages/airflow/example_dags/example_latest_only.py for tasks to queue
[2025-11-04T22:58:10.314-0300] {logging_mixin.py:188} INFO - [2025-11-04T22:58:10.313-0300] {dagbag.py:545} INFO - Filling up the DagBag from /Users/joaovitor/airflow_env/lib/python3.11/site-packages/airflow/example_dags/example_latest_only.py
[2025-11-04T22:58:10.323-0300] {processor.py:840} INFO - DAG(s) 'latest_only' retrieved from /Users/joaovitor/airflow_env/lib/python3.11/site-packages/airflow/example_dags/example_latest_only.py
[2025-11-04T22:58:10.441-0300] {logging_mixin.py:188} INFO - [2025-11-04T22:58:10.441-0300] {dag.py:3089} INFO - Sync 1 DAGs
[2025-11-04T22:58:10.460-0300] {logging_mixin.py:188} INFO - [2025-11-04T22:58:10.460-0300] {dag.py:3947} INFO - Setting next_dagrun for latest_only to 2025-11-04 20:00:00+00:00, run_after=2025-11-05 00:00:00+00:00
[2025-11-04T22:58:10.482-0300] {processor.py:183} INFO - Processing /Users/joaovitor/airflow_env/lib/python3.11/site-packages/airflow/example_dags/example_latest_only.py took 0.173 seconds
[2025-11-04T23:02:50.204-0300] {processor.py:161} INFO - Started process (PID=33197) to work on /Users/joaovitor/airflow_env/lib/python3.11/site-packages/airflow/example_dags/example_latest_only.py
[2025-11-04T23:02:50.206-0300] {processor.py:830} INFO - Processing file /Users/joaovitor/airflow_env/lib/python3.11/site-packages/airflow/example_dags/example_latest_only.py for tasks to queue
[2025-11-04T23:02:50.207-0300] {logging_mixin.py:188} INFO - [2025-11-04T23:02:50.207-0300] {dagbag.py:545} INFO - Filling up the DagBag from /Users/joaovitor/airflow_env/lib/python3.11/site-packages/airflow/example_dags/example_latest_only.py
[2025-11-04T23:02:50.221-0300] {processor.py:840} INFO - DAG(s) 'latest_only' retrieved from /Users/joaovitor/airflow_env/lib/python3.11/site-packages/airflow/example_dags/example_latest_only.py
[2025-11-04T23:02:50.340-0300] {logging_mixin.py:188} INFO - [2025-11-04T23:02:50.340-0300] {dag.py:3089} INFO - Sync 1 DAGs
[2025-11-04T23:02:50.366-0300] {logging_mixin.py:188} INFO - [2025-11-04T23:02:50.366-0300] {dag.py:3947} INFO - Setting next_dagrun for latest_only to 2025-11-04 20:00:00+00:00, run_after=2025-11-05 00:00:00+00:00
[2025-11-04T23:02:50.388-0300] {processor.py:183} INFO - Processing /Users/joaovitor/airflow_env/lib/python3.11/site-packages/airflow/example_dags/example_latest_only.py took 0.187 seconds
