[2025-11-04T21:47:59.071-0300] {processor.py:161} INFO - Started process (PID=31111) to work on /Users/joaovitor/airflow_env/lib/python3.11/site-packages/airflow/example_dags/example_branch_python_dop_operator_3.py
[2025-11-04T21:47:59.073-0300] {processor.py:830} INFO - Processing file /Users/joaovitor/airflow_env/lib/python3.11/site-packages/airflow/example_dags/example_branch_python_dop_operator_3.py for tasks to queue
[2025-11-04T21:47:59.073-0300] {logging_mixin.py:188} INFO - [2025-11-04T21:47:59.073-0300] {dagbag.py:545} INFO - Filling up the DagBag from /Users/joaovitor/airflow_env/lib/python3.11/site-packages/airflow/example_dags/example_branch_python_dop_operator_3.py
[2025-11-04T21:47:59.113-0300] {processor.py:840} INFO - DAG(s) 'example_branch_dop_operator_v3' retrieved from /Users/joaovitor/airflow_env/lib/python3.11/site-packages/airflow/example_dags/example_branch_python_dop_operator_3.py
[2025-11-04T21:47:59.312-0300] {logging_mixin.py:188} INFO - [2025-11-04T21:47:59.311-0300] {override.py:1858} INFO - Created Permission View: can delete on DAG:example_branch_dop_operator_v3
[2025-11-04T21:47:59.322-0300] {logging_mixin.py:188} INFO - [2025-11-04T21:47:59.321-0300] {override.py:1858} INFO - Created Permission View: can read on DAG:example_branch_dop_operator_v3
[2025-11-04T21:47:59.331-0300] {logging_mixin.py:188} INFO - [2025-11-04T21:47:59.331-0300] {override.py:1858} INFO - Created Permission View: can edit on DAG:example_branch_dop_operator_v3
[2025-11-04T21:47:59.332-0300] {logging_mixin.py:188} INFO - [2025-11-04T21:47:59.331-0300] {dag.py:3089} INFO - Sync 1 DAGs
[2025-11-04T21:47:59.402-0300] {logging_mixin.py:188} INFO - [2025-11-04T21:47:59.401-0300] {dag.py:3111} INFO - Creating ORM DAG for example_branch_dop_operator_v3
[2025-11-04T21:47:59.413-0300] {logging_mixin.py:188} INFO - [2025-11-04T21:47:59.413-0300] {dag.py:3947} INFO - Setting next_dagrun for example_branch_dop_operator_v3 to 2025-11-05 00:46:00+00:00, run_after=2025-11-05 00:47:00+00:00
[2025-11-04T21:47:59.433-0300] {processor.py:183} INFO - Processing /Users/joaovitor/airflow_env/lib/python3.11/site-packages/airflow/example_dags/example_branch_python_dop_operator_3.py took 0.365 seconds
[2025-11-04T21:52:30.476-0300] {processor.py:161} INFO - Started process (PID=31245) to work on /Users/joaovitor/airflow_env/lib/python3.11/site-packages/airflow/example_dags/example_branch_python_dop_operator_3.py
[2025-11-04T21:52:30.478-0300] {processor.py:830} INFO - Processing file /Users/joaovitor/airflow_env/lib/python3.11/site-packages/airflow/example_dags/example_branch_python_dop_operator_3.py for tasks to queue
[2025-11-04T21:52:30.479-0300] {logging_mixin.py:188} INFO - [2025-11-04T21:52:30.479-0300] {dagbag.py:545} INFO - Filling up the DagBag from /Users/joaovitor/airflow_env/lib/python3.11/site-packages/airflow/example_dags/example_branch_python_dop_operator_3.py
[2025-11-04T21:52:30.527-0300] {processor.py:840} INFO - DAG(s) 'example_branch_dop_operator_v3' retrieved from /Users/joaovitor/airflow_env/lib/python3.11/site-packages/airflow/example_dags/example_branch_python_dop_operator_3.py
[2025-11-04T21:52:30.641-0300] {logging_mixin.py:188} INFO - [2025-11-04T21:52:30.641-0300] {dag.py:3089} INFO - Sync 1 DAGs
[2025-11-04T21:52:30.662-0300] {logging_mixin.py:188} INFO - [2025-11-04T21:52:30.662-0300] {dag.py:3947} INFO - Setting next_dagrun for example_branch_dop_operator_v3 to 2025-11-05 00:51:00+00:00, run_after=2025-11-05 00:52:00+00:00
[2025-11-04T21:52:30.686-0300] {processor.py:183} INFO - Processing /Users/joaovitor/airflow_env/lib/python3.11/site-packages/airflow/example_dags/example_branch_python_dop_operator_3.py took 0.213 seconds
[2025-11-04T21:56:14.139-0300] {processor.py:161} INFO - Started process (PID=31328) to work on /Users/joaovitor/airflow_env/lib/python3.11/site-packages/airflow/example_dags/example_branch_python_dop_operator_3.py
[2025-11-04T21:56:14.140-0300] {processor.py:830} INFO - Processing file /Users/joaovitor/airflow_env/lib/python3.11/site-packages/airflow/example_dags/example_branch_python_dop_operator_3.py for tasks to queue
[2025-11-04T21:56:14.141-0300] {logging_mixin.py:188} INFO - [2025-11-04T21:56:14.141-0300] {dagbag.py:545} INFO - Filling up the DagBag from /Users/joaovitor/airflow_env/lib/python3.11/site-packages/airflow/example_dags/example_branch_python_dop_operator_3.py
[2025-11-04T21:56:14.180-0300] {processor.py:840} INFO - DAG(s) 'example_branch_dop_operator_v3' retrieved from /Users/joaovitor/airflow_env/lib/python3.11/site-packages/airflow/example_dags/example_branch_python_dop_operator_3.py
[2025-11-04T21:56:14.279-0300] {logging_mixin.py:188} INFO - [2025-11-04T21:56:14.278-0300] {dag.py:3089} INFO - Sync 1 DAGs
[2025-11-04T21:56:14.299-0300] {logging_mixin.py:188} INFO - [2025-11-04T21:56:14.299-0300] {dag.py:3947} INFO - Setting next_dagrun for example_branch_dop_operator_v3 to 2025-11-05 00:55:00+00:00, run_after=2025-11-05 00:56:00+00:00
[2025-11-04T21:56:14.320-0300] {processor.py:183} INFO - Processing /Users/joaovitor/airflow_env/lib/python3.11/site-packages/airflow/example_dags/example_branch_python_dop_operator_3.py took 0.183 seconds
[2025-11-04T21:59:59.267-0300] {processor.py:161} INFO - Started process (PID=31407) to work on /Users/joaovitor/airflow_env/lib/python3.11/site-packages/airflow/example_dags/example_branch_python_dop_operator_3.py
[2025-11-04T21:59:59.268-0300] {processor.py:830} INFO - Processing file /Users/joaovitor/airflow_env/lib/python3.11/site-packages/airflow/example_dags/example_branch_python_dop_operator_3.py for tasks to queue
[2025-11-04T21:59:59.269-0300] {logging_mixin.py:188} INFO - [2025-11-04T21:59:59.269-0300] {dagbag.py:545} INFO - Filling up the DagBag from /Users/joaovitor/airflow_env/lib/python3.11/site-packages/airflow/example_dags/example_branch_python_dop_operator_3.py
[2025-11-04T21:59:59.312-0300] {processor.py:840} INFO - DAG(s) 'example_branch_dop_operator_v3' retrieved from /Users/joaovitor/airflow_env/lib/python3.11/site-packages/airflow/example_dags/example_branch_python_dop_operator_3.py
[2025-11-04T21:59:59.421-0300] {logging_mixin.py:188} INFO - [2025-11-04T21:59:59.421-0300] {dag.py:3089} INFO - Sync 1 DAGs
[2025-11-04T21:59:59.444-0300] {logging_mixin.py:188} INFO - [2025-11-04T21:59:59.444-0300] {dag.py:3947} INFO - Setting next_dagrun for example_branch_dop_operator_v3 to 2025-11-05 00:58:00+00:00, run_after=2025-11-05 00:59:00+00:00
[2025-11-04T21:59:59.466-0300] {processor.py:183} INFO - Processing /Users/joaovitor/airflow_env/lib/python3.11/site-packages/airflow/example_dags/example_branch_python_dop_operator_3.py took 0.202 seconds
[2025-11-04T22:07:31.666-0300] {processor.py:161} INFO - Started process (PID=31524) to work on /Users/joaovitor/airflow_env/lib/python3.11/site-packages/airflow/example_dags/example_branch_python_dop_operator_3.py
[2025-11-04T22:07:31.667-0300] {processor.py:830} INFO - Processing file /Users/joaovitor/airflow_env/lib/python3.11/site-packages/airflow/example_dags/example_branch_python_dop_operator_3.py for tasks to queue
[2025-11-04T22:07:31.668-0300] {logging_mixin.py:188} INFO - [2025-11-04T22:07:31.667-0300] {dagbag.py:545} INFO - Filling up the DagBag from /Users/joaovitor/airflow_env/lib/python3.11/site-packages/airflow/example_dags/example_branch_python_dop_operator_3.py
[2025-11-04T22:07:31.707-0300] {processor.py:840} INFO - DAG(s) 'example_branch_dop_operator_v3' retrieved from /Users/joaovitor/airflow_env/lib/python3.11/site-packages/airflow/example_dags/example_branch_python_dop_operator_3.py
[2025-11-04T22:07:31.811-0300] {logging_mixin.py:188} INFO - [2025-11-04T22:07:31.811-0300] {dag.py:3089} INFO - Sync 1 DAGs
[2025-11-04T22:07:31.832-0300] {logging_mixin.py:188} INFO - [2025-11-04T22:07:31.832-0300] {dag.py:3947} INFO - Setting next_dagrun for example_branch_dop_operator_v3 to 2025-11-05 01:06:00+00:00, run_after=2025-11-05 01:07:00+00:00
[2025-11-04T22:07:31.854-0300] {processor.py:183} INFO - Processing /Users/joaovitor/airflow_env/lib/python3.11/site-packages/airflow/example_dags/example_branch_python_dop_operator_3.py took 0.191 seconds
[2025-11-04T22:11:18.909-0300] {processor.py:161} INFO - Started process (PID=31616) to work on /Users/joaovitor/airflow_env/lib/python3.11/site-packages/airflow/example_dags/example_branch_python_dop_operator_3.py
[2025-11-04T22:11:18.911-0300] {processor.py:830} INFO - Processing file /Users/joaovitor/airflow_env/lib/python3.11/site-packages/airflow/example_dags/example_branch_python_dop_operator_3.py for tasks to queue
[2025-11-04T22:11:18.912-0300] {logging_mixin.py:188} INFO - [2025-11-04T22:11:18.912-0300] {dagbag.py:545} INFO - Filling up the DagBag from /Users/joaovitor/airflow_env/lib/python3.11/site-packages/airflow/example_dags/example_branch_python_dop_operator_3.py
[2025-11-04T22:11:18.956-0300] {processor.py:840} INFO - DAG(s) 'example_branch_dop_operator_v3' retrieved from /Users/joaovitor/airflow_env/lib/python3.11/site-packages/airflow/example_dags/example_branch_python_dop_operator_3.py
[2025-11-04T22:11:19.071-0300] {logging_mixin.py:188} INFO - [2025-11-04T22:11:19.071-0300] {dag.py:3089} INFO - Sync 1 DAGs
[2025-11-04T22:11:19.093-0300] {logging_mixin.py:188} INFO - [2025-11-04T22:11:19.093-0300] {dag.py:3947} INFO - Setting next_dagrun for example_branch_dop_operator_v3 to 2025-11-05 01:10:00+00:00, run_after=2025-11-05 01:11:00+00:00
[2025-11-04T22:11:19.116-0300] {processor.py:183} INFO - Processing /Users/joaovitor/airflow_env/lib/python3.11/site-packages/airflow/example_dags/example_branch_python_dop_operator_3.py took 0.211 seconds
[2025-11-04T22:15:34.664-0300] {processor.py:161} INFO - Started process (PID=31724) to work on /Users/joaovitor/airflow_env/lib/python3.11/site-packages/airflow/example_dags/example_branch_python_dop_operator_3.py
[2025-11-04T22:15:34.665-0300] {processor.py:830} INFO - Processing file /Users/joaovitor/airflow_env/lib/python3.11/site-packages/airflow/example_dags/example_branch_python_dop_operator_3.py for tasks to queue
[2025-11-04T22:15:34.665-0300] {logging_mixin.py:188} INFO - [2025-11-04T22:15:34.665-0300] {dagbag.py:545} INFO - Filling up the DagBag from /Users/joaovitor/airflow_env/lib/python3.11/site-packages/airflow/example_dags/example_branch_python_dop_operator_3.py
[2025-11-04T22:15:34.706-0300] {processor.py:840} INFO - DAG(s) 'example_branch_dop_operator_v3' retrieved from /Users/joaovitor/airflow_env/lib/python3.11/site-packages/airflow/example_dags/example_branch_python_dop_operator_3.py
[2025-11-04T22:15:34.809-0300] {logging_mixin.py:188} INFO - [2025-11-04T22:15:34.808-0300] {dag.py:3089} INFO - Sync 1 DAGs
[2025-11-04T22:15:34.829-0300] {logging_mixin.py:188} INFO - [2025-11-04T22:15:34.829-0300] {dag.py:3947} INFO - Setting next_dagrun for example_branch_dop_operator_v3 to 2025-11-05 01:14:00+00:00, run_after=2025-11-05 01:15:00+00:00
[2025-11-04T22:15:34.850-0300] {processor.py:183} INFO - Processing /Users/joaovitor/airflow_env/lib/python3.11/site-packages/airflow/example_dags/example_branch_python_dop_operator_3.py took 0.189 seconds
[2025-11-04T22:19:30.863-0300] {processor.py:161} INFO - Started process (PID=31813) to work on /Users/joaovitor/airflow_env/lib/python3.11/site-packages/airflow/example_dags/example_branch_python_dop_operator_3.py
[2025-11-04T22:19:30.865-0300] {processor.py:830} INFO - Processing file /Users/joaovitor/airflow_env/lib/python3.11/site-packages/airflow/example_dags/example_branch_python_dop_operator_3.py for tasks to queue
[2025-11-04T22:19:30.866-0300] {logging_mixin.py:188} INFO - [2025-11-04T22:19:30.866-0300] {dagbag.py:545} INFO - Filling up the DagBag from /Users/joaovitor/airflow_env/lib/python3.11/site-packages/airflow/example_dags/example_branch_python_dop_operator_3.py
[2025-11-04T22:19:30.906-0300] {processor.py:840} INFO - DAG(s) 'example_branch_dop_operator_v3' retrieved from /Users/joaovitor/airflow_env/lib/python3.11/site-packages/airflow/example_dags/example_branch_python_dop_operator_3.py
[2025-11-04T22:19:31.013-0300] {logging_mixin.py:188} INFO - [2025-11-04T22:19:31.013-0300] {dag.py:3089} INFO - Sync 1 DAGs
[2025-11-04T22:19:31.035-0300] {logging_mixin.py:188} INFO - [2025-11-04T22:19:31.035-0300] {dag.py:3947} INFO - Setting next_dagrun for example_branch_dop_operator_v3 to 2025-11-05 01:18:00+00:00, run_after=2025-11-05 01:19:00+00:00
[2025-11-04T22:19:31.057-0300] {processor.py:183} INFO - Processing /Users/joaovitor/airflow_env/lib/python3.11/site-packages/airflow/example_dags/example_branch_python_dop_operator_3.py took 0.197 seconds
[2025-11-04T22:23:40.248-0300] {processor.py:161} INFO - Started process (PID=31953) to work on /Users/joaovitor/airflow_env/lib/python3.11/site-packages/airflow/example_dags/example_branch_python_dop_operator_3.py
[2025-11-04T22:23:40.251-0300] {processor.py:830} INFO - Processing file /Users/joaovitor/airflow_env/lib/python3.11/site-packages/airflow/example_dags/example_branch_python_dop_operator_3.py for tasks to queue
[2025-11-04T22:23:40.252-0300] {logging_mixin.py:188} INFO - [2025-11-04T22:23:40.251-0300] {dagbag.py:545} INFO - Filling up the DagBag from /Users/joaovitor/airflow_env/lib/python3.11/site-packages/airflow/example_dags/example_branch_python_dop_operator_3.py
[2025-11-04T22:23:40.299-0300] {processor.py:840} INFO - DAG(s) 'example_branch_dop_operator_v3' retrieved from /Users/joaovitor/airflow_env/lib/python3.11/site-packages/airflow/example_dags/example_branch_python_dop_operator_3.py
[2025-11-04T22:23:40.419-0300] {logging_mixin.py:188} INFO - [2025-11-04T22:23:40.418-0300] {dag.py:3089} INFO - Sync 1 DAGs
[2025-11-04T22:23:40.440-0300] {logging_mixin.py:188} INFO - [2025-11-04T22:23:40.440-0300] {dag.py:3947} INFO - Setting next_dagrun for example_branch_dop_operator_v3 to 2025-11-05 01:22:00+00:00, run_after=2025-11-05 01:23:00+00:00
[2025-11-04T22:23:40.463-0300] {processor.py:183} INFO - Processing /Users/joaovitor/airflow_env/lib/python3.11/site-packages/airflow/example_dags/example_branch_python_dop_operator_3.py took 0.218 seconds
[2025-11-04T22:27:56.848-0300] {processor.py:161} INFO - Started process (PID=32037) to work on /Users/joaovitor/airflow_env/lib/python3.11/site-packages/airflow/example_dags/example_branch_python_dop_operator_3.py
[2025-11-04T22:27:56.850-0300] {processor.py:830} INFO - Processing file /Users/joaovitor/airflow_env/lib/python3.11/site-packages/airflow/example_dags/example_branch_python_dop_operator_3.py for tasks to queue
[2025-11-04T22:27:56.851-0300] {logging_mixin.py:188} INFO - [2025-11-04T22:27:56.850-0300] {dagbag.py:545} INFO - Filling up the DagBag from /Users/joaovitor/airflow_env/lib/python3.11/site-packages/airflow/example_dags/example_branch_python_dop_operator_3.py
[2025-11-04T22:27:56.907-0300] {processor.py:840} INFO - DAG(s) 'example_branch_dop_operator_v3' retrieved from /Users/joaovitor/airflow_env/lib/python3.11/site-packages/airflow/example_dags/example_branch_python_dop_operator_3.py
[2025-11-04T22:27:57.042-0300] {logging_mixin.py:188} INFO - [2025-11-04T22:27:57.042-0300] {dag.py:3089} INFO - Sync 1 DAGs
[2025-11-04T22:27:57.068-0300] {logging_mixin.py:188} INFO - [2025-11-04T22:27:57.066-0300] {dag.py:3947} INFO - Setting next_dagrun for example_branch_dop_operator_v3 to 2025-11-05 01:26:00+00:00, run_after=2025-11-05 01:27:00+00:00
[2025-11-04T22:27:57.094-0300] {processor.py:183} INFO - Processing /Users/joaovitor/airflow_env/lib/python3.11/site-packages/airflow/example_dags/example_branch_python_dop_operator_3.py took 0.250 seconds
[2025-11-04T22:32:50.765-0300] {processor.py:161} INFO - Started process (PID=32225) to work on /Users/joaovitor/airflow_env/lib/python3.11/site-packages/airflow/example_dags/example_branch_python_dop_operator_3.py
[2025-11-04T22:32:50.767-0300] {processor.py:830} INFO - Processing file /Users/joaovitor/airflow_env/lib/python3.11/site-packages/airflow/example_dags/example_branch_python_dop_operator_3.py for tasks to queue
[2025-11-04T22:32:50.768-0300] {logging_mixin.py:188} INFO - [2025-11-04T22:32:50.768-0300] {dagbag.py:545} INFO - Filling up the DagBag from /Users/joaovitor/airflow_env/lib/python3.11/site-packages/airflow/example_dags/example_branch_python_dop_operator_3.py
[2025-11-04T22:32:50.815-0300] {processor.py:840} INFO - DAG(s) 'example_branch_dop_operator_v3' retrieved from /Users/joaovitor/airflow_env/lib/python3.11/site-packages/airflow/example_dags/example_branch_python_dop_operator_3.py
[2025-11-04T22:32:50.936-0300] {logging_mixin.py:188} INFO - [2025-11-04T22:32:50.936-0300] {dag.py:3089} INFO - Sync 1 DAGs
[2025-11-04T22:32:50.962-0300] {logging_mixin.py:188} INFO - [2025-11-04T22:32:50.962-0300] {dag.py:3947} INFO - Setting next_dagrun for example_branch_dop_operator_v3 to 2025-11-05 01:31:00+00:00, run_after=2025-11-05 01:32:00+00:00
[2025-11-04T22:32:50.986-0300] {processor.py:183} INFO - Processing /Users/joaovitor/airflow_env/lib/python3.11/site-packages/airflow/example_dags/example_branch_python_dop_operator_3.py took 0.223 seconds
[2025-11-04T22:37:27.009-0300] {processor.py:161} INFO - Started process (PID=32624) to work on /Users/joaovitor/airflow_env/lib/python3.11/site-packages/airflow/example_dags/example_branch_python_dop_operator_3.py
[2025-11-04T22:37:27.011-0300] {processor.py:830} INFO - Processing file /Users/joaovitor/airflow_env/lib/python3.11/site-packages/airflow/example_dags/example_branch_python_dop_operator_3.py for tasks to queue
[2025-11-04T22:37:27.012-0300] {logging_mixin.py:188} INFO - [2025-11-04T22:37:27.012-0300] {dagbag.py:545} INFO - Filling up the DagBag from /Users/joaovitor/airflow_env/lib/python3.11/site-packages/airflow/example_dags/example_branch_python_dop_operator_3.py
[2025-11-04T22:37:27.056-0300] {processor.py:840} INFO - DAG(s) 'example_branch_dop_operator_v3' retrieved from /Users/joaovitor/airflow_env/lib/python3.11/site-packages/airflow/example_dags/example_branch_python_dop_operator_3.py
[2025-11-04T22:37:27.069-0300] {logging_mixin.py:188} INFO - [2025-11-04T22:37:27.069-0300] {dag.py:3089} INFO - Sync 1 DAGs
[2025-11-04T22:37:27.186-0300] {logging_mixin.py:188} INFO - [2025-11-04T22:37:27.186-0300] {dag.py:3947} INFO - Setting next_dagrun for example_branch_dop_operator_v3 to 2025-11-05 01:36:00+00:00, run_after=2025-11-05 01:37:00+00:00
[2025-11-04T22:37:27.208-0300] {processor.py:183} INFO - Processing /Users/joaovitor/airflow_env/lib/python3.11/site-packages/airflow/example_dags/example_branch_python_dop_operator_3.py took 0.201 seconds
[2025-11-04T22:42:23.573-0300] {processor.py:161} INFO - Started process (PID=32742) to work on /Users/joaovitor/airflow_env/lib/python3.11/site-packages/airflow/example_dags/example_branch_python_dop_operator_3.py
[2025-11-04T22:42:23.576-0300] {processor.py:830} INFO - Processing file /Users/joaovitor/airflow_env/lib/python3.11/site-packages/airflow/example_dags/example_branch_python_dop_operator_3.py for tasks to queue
[2025-11-04T22:42:23.577-0300] {logging_mixin.py:188} INFO - [2025-11-04T22:42:23.577-0300] {dagbag.py:545} INFO - Filling up the DagBag from /Users/joaovitor/airflow_env/lib/python3.11/site-packages/airflow/example_dags/example_branch_python_dop_operator_3.py
[2025-11-04T22:42:23.623-0300] {processor.py:840} INFO - DAG(s) 'example_branch_dop_operator_v3' retrieved from /Users/joaovitor/airflow_env/lib/python3.11/site-packages/airflow/example_dags/example_branch_python_dop_operator_3.py
[2025-11-04T22:42:24.055-0300] {logging_mixin.py:188} INFO - [2025-11-04T22:42:24.055-0300] {dag.py:3089} INFO - Sync 1 DAGs
[2025-11-04T22:42:24.142-0300] {logging_mixin.py:188} INFO - [2025-11-04T22:42:24.142-0300] {dag.py:3947} INFO - Setting next_dagrun for example_branch_dop_operator_v3 to 2025-11-05 01:41:00+00:00, run_after=2025-11-05 01:42:00+00:00
[2025-11-04T22:42:24.165-0300] {processor.py:183} INFO - Processing /Users/joaovitor/airflow_env/lib/python3.11/site-packages/airflow/example_dags/example_branch_python_dop_operator_3.py took 0.595 seconds
[2025-11-04T22:46:53.262-0300] {processor.py:161} INFO - Started process (PID=32844) to work on /Users/joaovitor/airflow_env/lib/python3.11/site-packages/airflow/example_dags/example_branch_python_dop_operator_3.py
[2025-11-04T22:46:53.263-0300] {processor.py:830} INFO - Processing file /Users/joaovitor/airflow_env/lib/python3.11/site-packages/airflow/example_dags/example_branch_python_dop_operator_3.py for tasks to queue
[2025-11-04T22:46:53.264-0300] {logging_mixin.py:188} INFO - [2025-11-04T22:46:53.264-0300] {dagbag.py:545} INFO - Filling up the DagBag from /Users/joaovitor/airflow_env/lib/python3.11/site-packages/airflow/example_dags/example_branch_python_dop_operator_3.py
[2025-11-04T22:46:53.304-0300] {processor.py:840} INFO - DAG(s) 'example_branch_dop_operator_v3' retrieved from /Users/joaovitor/airflow_env/lib/python3.11/site-packages/airflow/example_dags/example_branch_python_dop_operator_3.py
[2025-11-04T22:46:53.410-0300] {logging_mixin.py:188} INFO - [2025-11-04T22:46:53.409-0300] {dag.py:3089} INFO - Sync 1 DAGs
[2025-11-04T22:46:53.430-0300] {logging_mixin.py:188} INFO - [2025-11-04T22:46:53.430-0300] {dag.py:3947} INFO - Setting next_dagrun for example_branch_dop_operator_v3 to 2025-11-05 01:45:00+00:00, run_after=2025-11-05 01:46:00+00:00
[2025-11-04T22:46:53.452-0300] {processor.py:183} INFO - Processing /Users/joaovitor/airflow_env/lib/python3.11/site-packages/airflow/example_dags/example_branch_python_dop_operator_3.py took 0.193 seconds
[2025-11-04T22:51:17.463-0300] {processor.py:161} INFO - Started process (PID=32964) to work on /Users/joaovitor/airflow_env/lib/python3.11/site-packages/airflow/example_dags/example_branch_python_dop_operator_3.py
[2025-11-04T22:51:17.465-0300] {processor.py:830} INFO - Processing file /Users/joaovitor/airflow_env/lib/python3.11/site-packages/airflow/example_dags/example_branch_python_dop_operator_3.py for tasks to queue
[2025-11-04T22:51:17.466-0300] {logging_mixin.py:188} INFO - [2025-11-04T22:51:17.466-0300] {dagbag.py:545} INFO - Filling up the DagBag from /Users/joaovitor/airflow_env/lib/python3.11/site-packages/airflow/example_dags/example_branch_python_dop_operator_3.py
[2025-11-04T22:51:17.514-0300] {processor.py:840} INFO - DAG(s) 'example_branch_dop_operator_v3' retrieved from /Users/joaovitor/airflow_env/lib/python3.11/site-packages/airflow/example_dags/example_branch_python_dop_operator_3.py
[2025-11-04T22:51:17.630-0300] {logging_mixin.py:188} INFO - [2025-11-04T22:51:17.630-0300] {dag.py:3089} INFO - Sync 1 DAGs
[2025-11-04T22:51:17.652-0300] {logging_mixin.py:188} INFO - [2025-11-04T22:51:17.651-0300] {dag.py:3947} INFO - Setting next_dagrun for example_branch_dop_operator_v3 to 2025-11-05 01:50:00+00:00, run_after=2025-11-05 01:51:00+00:00
[2025-11-04T22:51:17.674-0300] {processor.py:183} INFO - Processing /Users/joaovitor/airflow_env/lib/python3.11/site-packages/airflow/example_dags/example_branch_python_dop_operator_3.py took 0.213 seconds
[2025-11-04T22:55:59.296-0300] {processor.py:161} INFO - Started process (PID=33063) to work on /Users/joaovitor/airflow_env/lib/python3.11/site-packages/airflow/example_dags/example_branch_python_dop_operator_3.py
[2025-11-04T22:55:59.298-0300] {processor.py:830} INFO - Processing file /Users/joaovitor/airflow_env/lib/python3.11/site-packages/airflow/example_dags/example_branch_python_dop_operator_3.py for tasks to queue
[2025-11-04T22:55:59.299-0300] {logging_mixin.py:188} INFO - [2025-11-04T22:55:59.299-0300] {dagbag.py:545} INFO - Filling up the DagBag from /Users/joaovitor/airflow_env/lib/python3.11/site-packages/airflow/example_dags/example_branch_python_dop_operator_3.py
[2025-11-04T22:55:59.345-0300] {processor.py:840} INFO - DAG(s) 'example_branch_dop_operator_v3' retrieved from /Users/joaovitor/airflow_env/lib/python3.11/site-packages/airflow/example_dags/example_branch_python_dop_operator_3.py
[2025-11-04T22:55:59.462-0300] {logging_mixin.py:188} INFO - [2025-11-04T22:55:59.461-0300] {dag.py:3089} INFO - Sync 1 DAGs
[2025-11-04T22:55:59.489-0300] {logging_mixin.py:188} INFO - [2025-11-04T22:55:59.488-0300] {dag.py:3947} INFO - Setting next_dagrun for example_branch_dop_operator_v3 to 2025-11-05 01:54:00+00:00, run_after=2025-11-05 01:55:00+00:00
[2025-11-04T22:55:59.512-0300] {processor.py:183} INFO - Processing /Users/joaovitor/airflow_env/lib/python3.11/site-packages/airflow/example_dags/example_branch_python_dop_operator_3.py took 0.218 seconds
[2025-11-04T23:00:33.323-0300] {processor.py:161} INFO - Started process (PID=33153) to work on /Users/joaovitor/airflow_env/lib/python3.11/site-packages/airflow/example_dags/example_branch_python_dop_operator_3.py
[2025-11-04T23:00:33.325-0300] {processor.py:830} INFO - Processing file /Users/joaovitor/airflow_env/lib/python3.11/site-packages/airflow/example_dags/example_branch_python_dop_operator_3.py for tasks to queue
[2025-11-04T23:00:33.326-0300] {logging_mixin.py:188} INFO - [2025-11-04T23:00:33.326-0300] {dagbag.py:545} INFO - Filling up the DagBag from /Users/joaovitor/airflow_env/lib/python3.11/site-packages/airflow/example_dags/example_branch_python_dop_operator_3.py
[2025-11-04T23:00:33.370-0300] {processor.py:840} INFO - DAG(s) 'example_branch_dop_operator_v3' retrieved from /Users/joaovitor/airflow_env/lib/python3.11/site-packages/airflow/example_dags/example_branch_python_dop_operator_3.py
[2025-11-04T23:00:33.490-0300] {logging_mixin.py:188} INFO - [2025-11-04T23:00:33.489-0300] {dag.py:3089} INFO - Sync 1 DAGs
[2025-11-04T23:00:33.514-0300] {logging_mixin.py:188} INFO - [2025-11-04T23:00:33.513-0300] {dag.py:3947} INFO - Setting next_dagrun for example_branch_dop_operator_v3 to 2025-11-05 01:59:00+00:00, run_after=2025-11-05 02:00:00+00:00
[2025-11-04T23:00:33.537-0300] {processor.py:183} INFO - Processing /Users/joaovitor/airflow_env/lib/python3.11/site-packages/airflow/example_dags/example_branch_python_dop_operator_3.py took 0.217 seconds
[2025-11-04T23:05:13.808-0300] {processor.py:161} INFO - Started process (PID=33275) to work on /Users/joaovitor/airflow_env/lib/python3.11/site-packages/airflow/example_dags/example_branch_python_dop_operator_3.py
[2025-11-04T23:05:13.810-0300] {processor.py:830} INFO - Processing file /Users/joaovitor/airflow_env/lib/python3.11/site-packages/airflow/example_dags/example_branch_python_dop_operator_3.py for tasks to queue
[2025-11-04T23:05:13.811-0300] {logging_mixin.py:188} INFO - [2025-11-04T23:05:13.810-0300] {dagbag.py:545} INFO - Filling up the DagBag from /Users/joaovitor/airflow_env/lib/python3.11/site-packages/airflow/example_dags/example_branch_python_dop_operator_3.py
[2025-11-04T23:05:13.864-0300] {processor.py:840} INFO - DAG(s) 'example_branch_dop_operator_v3' retrieved from /Users/joaovitor/airflow_env/lib/python3.11/site-packages/airflow/example_dags/example_branch_python_dop_operator_3.py
[2025-11-04T23:05:14.164-0300] {logging_mixin.py:188} INFO - [2025-11-04T23:05:14.163-0300] {dag.py:3089} INFO - Sync 1 DAGs
[2025-11-04T23:05:14.207-0300] {logging_mixin.py:188} INFO - [2025-11-04T23:05:14.207-0300] {dag.py:3947} INFO - Setting next_dagrun for example_branch_dop_operator_v3 to 2025-11-05 02:04:00+00:00, run_after=2025-11-05 02:05:00+00:00
[2025-11-04T23:05:14.237-0300] {processor.py:183} INFO - Processing /Users/joaovitor/airflow_env/lib/python3.11/site-packages/airflow/example_dags/example_branch_python_dop_operator_3.py took 0.433 seconds
