[2025-11-04T21:45:49.070-0300] {processor.py:161} INFO - Started process (PID=31049) to work on /Users/joaovitor/airflow_env/lib/python3.11/site-packages/airflow/example_dags/tutorial_taskflow_api.py
[2025-11-04T21:45:49.071-0300] {processor.py:830} INFO - Processing file /Users/joaovitor/airflow_env/lib/python3.11/site-packages/airflow/example_dags/tutorial_taskflow_api.py for tasks to queue
[2025-11-04T21:45:49.072-0300] {logging_mixin.py:188} INFO - [2025-11-04T21:45:49.071-0300] {dagbag.py:545} INFO - Filling up the DagBag from /Users/joaovitor/airflow_env/lib/python3.11/site-packages/airflow/example_dags/tutorial_taskflow_api.py
[2025-11-04T21:45:49.135-0300] {processor.py:840} INFO - DAG(s) 'tutorial_taskflow_api' retrieved from /Users/joaovitor/airflow_env/lib/python3.11/site-packages/airflow/example_dags/tutorial_taskflow_api.py
[2025-11-04T21:45:49.366-0300] {logging_mixin.py:188} INFO - [2025-11-04T21:45:49.365-0300] {override.py:1858} INFO - Created Permission View: can read on DAG:tutorial_taskflow_api
[2025-11-04T21:45:49.376-0300] {logging_mixin.py:188} INFO - [2025-11-04T21:45:49.375-0300] {override.py:1858} INFO - Created Permission View: can delete on DAG:tutorial_taskflow_api
[2025-11-04T21:45:49.383-0300] {logging_mixin.py:188} INFO - [2025-11-04T21:45:49.382-0300] {override.py:1858} INFO - Created Permission View: can edit on DAG:tutorial_taskflow_api
[2025-11-04T21:45:49.383-0300] {logging_mixin.py:188} INFO - [2025-11-04T21:45:49.383-0300] {dag.py:3089} INFO - Sync 1 DAGs
[2025-11-04T21:45:49.455-0300] {logging_mixin.py:188} INFO - [2025-11-04T21:45:49.455-0300] {dag.py:3111} INFO - Creating ORM DAG for tutorial_taskflow_api
[2025-11-04T21:45:49.456-0300] {logging_mixin.py:188} INFO - [2025-11-04T21:45:49.456-0300] {dag.py:3947} INFO - Setting next_dagrun for tutorial_taskflow_api to None, run_after=None
[2025-11-04T21:45:49.480-0300] {processor.py:183} INFO - Processing /Users/joaovitor/airflow_env/lib/python3.11/site-packages/airflow/example_dags/tutorial_taskflow_api.py took 0.414 seconds
[2025-11-04T21:48:48.521-0300] {processor.py:161} INFO - Started process (PID=31148) to work on /Users/joaovitor/airflow_env/lib/python3.11/site-packages/airflow/example_dags/tutorial_taskflow_api.py
[2025-11-04T21:48:48.523-0300] {processor.py:830} INFO - Processing file /Users/joaovitor/airflow_env/lib/python3.11/site-packages/airflow/example_dags/tutorial_taskflow_api.py for tasks to queue
[2025-11-04T21:48:48.524-0300] {logging_mixin.py:188} INFO - [2025-11-04T21:48:48.523-0300] {dagbag.py:545} INFO - Filling up the DagBag from /Users/joaovitor/airflow_env/lib/python3.11/site-packages/airflow/example_dags/tutorial_taskflow_api.py
[2025-11-04T21:48:48.598-0300] {processor.py:840} INFO - DAG(s) 'tutorial_taskflow_api' retrieved from /Users/joaovitor/airflow_env/lib/python3.11/site-packages/airflow/example_dags/tutorial_taskflow_api.py
[2025-11-04T21:48:48.768-0300] {logging_mixin.py:188} INFO - [2025-11-04T21:48:48.768-0300] {dag.py:3089} INFO - Sync 1 DAGs
[2025-11-04T21:48:48.778-0300] {logging_mixin.py:188} INFO - [2025-11-04T21:48:48.778-0300] {dag.py:3947} INFO - Setting next_dagrun for tutorial_taskflow_api to None, run_after=None
[2025-11-04T21:48:48.801-0300] {processor.py:183} INFO - Processing /Users/joaovitor/airflow_env/lib/python3.11/site-packages/airflow/example_dags/tutorial_taskflow_api.py took 0.283 seconds
[2025-11-04T21:51:14.768-0300] {processor.py:161} INFO - Started process (PID=31218) to work on /Users/joaovitor/airflow_env/lib/python3.11/site-packages/airflow/example_dags/tutorial_taskflow_api.py
[2025-11-04T21:51:14.770-0300] {processor.py:830} INFO - Processing file /Users/joaovitor/airflow_env/lib/python3.11/site-packages/airflow/example_dags/tutorial_taskflow_api.py for tasks to queue
[2025-11-04T21:51:14.771-0300] {logging_mixin.py:188} INFO - [2025-11-04T21:51:14.771-0300] {dagbag.py:545} INFO - Filling up the DagBag from /Users/joaovitor/airflow_env/lib/python3.11/site-packages/airflow/example_dags/tutorial_taskflow_api.py
[2025-11-04T21:51:14.822-0300] {processor.py:840} INFO - DAG(s) 'tutorial_taskflow_api' retrieved from /Users/joaovitor/airflow_env/lib/python3.11/site-packages/airflow/example_dags/tutorial_taskflow_api.py
[2025-11-04T21:51:14.929-0300] {logging_mixin.py:188} INFO - [2025-11-04T21:51:14.929-0300] {dag.py:3089} INFO - Sync 1 DAGs
[2025-11-04T21:51:14.939-0300] {logging_mixin.py:188} INFO - [2025-11-04T21:51:14.938-0300] {dag.py:3947} INFO - Setting next_dagrun for tutorial_taskflow_api to None, run_after=None
[2025-11-04T21:51:14.959-0300] {processor.py:183} INFO - Processing /Users/joaovitor/airflow_env/lib/python3.11/site-packages/airflow/example_dags/tutorial_taskflow_api.py took 0.194 seconds
[2025-11-04T21:53:09.507-0300] {processor.py:161} INFO - Started process (PID=31260) to work on /Users/joaovitor/airflow_env/lib/python3.11/site-packages/airflow/example_dags/tutorial_taskflow_api.py
[2025-11-04T21:53:09.508-0300] {processor.py:830} INFO - Processing file /Users/joaovitor/airflow_env/lib/python3.11/site-packages/airflow/example_dags/tutorial_taskflow_api.py for tasks to queue
[2025-11-04T21:53:09.508-0300] {logging_mixin.py:188} INFO - [2025-11-04T21:53:09.508-0300] {dagbag.py:545} INFO - Filling up the DagBag from /Users/joaovitor/airflow_env/lib/python3.11/site-packages/airflow/example_dags/tutorial_taskflow_api.py
[2025-11-04T21:53:09.544-0300] {processor.py:840} INFO - DAG(s) 'tutorial_taskflow_api' retrieved from /Users/joaovitor/airflow_env/lib/python3.11/site-packages/airflow/example_dags/tutorial_taskflow_api.py
[2025-11-04T21:53:09.644-0300] {logging_mixin.py:188} INFO - [2025-11-04T21:53:09.643-0300] {dag.py:3089} INFO - Sync 1 DAGs
[2025-11-04T21:53:09.653-0300] {logging_mixin.py:188} INFO - [2025-11-04T21:53:09.653-0300] {dag.py:3947} INFO - Setting next_dagrun for tutorial_taskflow_api to None, run_after=None
[2025-11-04T21:53:09.674-0300] {processor.py:183} INFO - Processing /Users/joaovitor/airflow_env/lib/python3.11/site-packages/airflow/example_dags/tutorial_taskflow_api.py took 0.170 seconds
[2025-11-04T21:55:03.148-0300] {processor.py:161} INFO - Started process (PID=31301) to work on /Users/joaovitor/airflow_env/lib/python3.11/site-packages/airflow/example_dags/tutorial_taskflow_api.py
[2025-11-04T21:55:03.149-0300] {processor.py:830} INFO - Processing file /Users/joaovitor/airflow_env/lib/python3.11/site-packages/airflow/example_dags/tutorial_taskflow_api.py for tasks to queue
[2025-11-04T21:55:03.150-0300] {logging_mixin.py:188} INFO - [2025-11-04T21:55:03.150-0300] {dagbag.py:545} INFO - Filling up the DagBag from /Users/joaovitor/airflow_env/lib/python3.11/site-packages/airflow/example_dags/tutorial_taskflow_api.py
[2025-11-04T21:55:03.186-0300] {processor.py:840} INFO - DAG(s) 'tutorial_taskflow_api' retrieved from /Users/joaovitor/airflow_env/lib/python3.11/site-packages/airflow/example_dags/tutorial_taskflow_api.py
[2025-11-04T21:55:03.286-0300] {logging_mixin.py:188} INFO - [2025-11-04T21:55:03.285-0300] {dag.py:3089} INFO - Sync 1 DAGs
[2025-11-04T21:55:03.295-0300] {logging_mixin.py:188} INFO - [2025-11-04T21:55:03.295-0300] {dag.py:3947} INFO - Setting next_dagrun for tutorial_taskflow_api to None, run_after=None
[2025-11-04T21:55:03.315-0300] {processor.py:183} INFO - Processing /Users/joaovitor/airflow_env/lib/python3.11/site-packages/airflow/example_dags/tutorial_taskflow_api.py took 0.170 seconds
[2025-11-04T21:56:53.153-0300] {processor.py:161} INFO - Started process (PID=31342) to work on /Users/joaovitor/airflow_env/lib/python3.11/site-packages/airflow/example_dags/tutorial_taskflow_api.py
[2025-11-04T21:56:53.154-0300] {processor.py:830} INFO - Processing file /Users/joaovitor/airflow_env/lib/python3.11/site-packages/airflow/example_dags/tutorial_taskflow_api.py for tasks to queue
[2025-11-04T21:56:53.155-0300] {logging_mixin.py:188} INFO - [2025-11-04T21:56:53.154-0300] {dagbag.py:545} INFO - Filling up the DagBag from /Users/joaovitor/airflow_env/lib/python3.11/site-packages/airflow/example_dags/tutorial_taskflow_api.py
[2025-11-04T21:56:53.196-0300] {processor.py:840} INFO - DAG(s) 'tutorial_taskflow_api' retrieved from /Users/joaovitor/airflow_env/lib/python3.11/site-packages/airflow/example_dags/tutorial_taskflow_api.py
[2025-11-04T21:56:53.308-0300] {logging_mixin.py:188} INFO - [2025-11-04T21:56:53.307-0300] {dag.py:3089} INFO - Sync 1 DAGs
[2025-11-04T21:56:53.317-0300] {logging_mixin.py:188} INFO - [2025-11-04T21:56:53.317-0300] {dag.py:3947} INFO - Setting next_dagrun for tutorial_taskflow_api to None, run_after=None
[2025-11-04T21:56:53.339-0300] {processor.py:183} INFO - Processing /Users/joaovitor/airflow_env/lib/python3.11/site-packages/airflow/example_dags/tutorial_taskflow_api.py took 0.188 seconds
[2025-11-04T21:58:45.043-0300] {processor.py:161} INFO - Started process (PID=31381) to work on /Users/joaovitor/airflow_env/lib/python3.11/site-packages/airflow/example_dags/tutorial_taskflow_api.py
[2025-11-04T21:58:45.044-0300] {processor.py:830} INFO - Processing file /Users/joaovitor/airflow_env/lib/python3.11/site-packages/airflow/example_dags/tutorial_taskflow_api.py for tasks to queue
[2025-11-04T21:58:45.045-0300] {logging_mixin.py:188} INFO - [2025-11-04T21:58:45.045-0300] {dagbag.py:545} INFO - Filling up the DagBag from /Users/joaovitor/airflow_env/lib/python3.11/site-packages/airflow/example_dags/tutorial_taskflow_api.py
[2025-11-04T21:58:45.086-0300] {processor.py:840} INFO - DAG(s) 'tutorial_taskflow_api' retrieved from /Users/joaovitor/airflow_env/lib/python3.11/site-packages/airflow/example_dags/tutorial_taskflow_api.py
[2025-11-04T21:58:45.199-0300] {logging_mixin.py:188} INFO - [2025-11-04T21:58:45.198-0300] {dag.py:3089} INFO - Sync 1 DAGs
[2025-11-04T21:58:45.209-0300] {logging_mixin.py:188} INFO - [2025-11-04T21:58:45.209-0300] {dag.py:3947} INFO - Setting next_dagrun for tutorial_taskflow_api to None, run_after=None
[2025-11-04T21:58:45.230-0300] {processor.py:183} INFO - Processing /Users/joaovitor/airflow_env/lib/python3.11/site-packages/airflow/example_dags/tutorial_taskflow_api.py took 0.190 seconds
[2025-11-04T22:00:37.178-0300] {processor.py:161} INFO - Started process (PID=31421) to work on /Users/joaovitor/airflow_env/lib/python3.11/site-packages/airflow/example_dags/tutorial_taskflow_api.py
[2025-11-04T22:00:37.179-0300] {processor.py:830} INFO - Processing file /Users/joaovitor/airflow_env/lib/python3.11/site-packages/airflow/example_dags/tutorial_taskflow_api.py for tasks to queue
[2025-11-04T22:00:37.180-0300] {logging_mixin.py:188} INFO - [2025-11-04T22:00:37.180-0300] {dagbag.py:545} INFO - Filling up the DagBag from /Users/joaovitor/airflow_env/lib/python3.11/site-packages/airflow/example_dags/tutorial_taskflow_api.py
[2025-11-04T22:00:37.216-0300] {processor.py:840} INFO - DAG(s) 'tutorial_taskflow_api' retrieved from /Users/joaovitor/airflow_env/lib/python3.11/site-packages/airflow/example_dags/tutorial_taskflow_api.py
[2025-11-04T22:00:37.317-0300] {logging_mixin.py:188} INFO - [2025-11-04T22:00:37.317-0300] {dag.py:3089} INFO - Sync 1 DAGs
[2025-11-04T22:00:37.327-0300] {logging_mixin.py:188} INFO - [2025-11-04T22:00:37.327-0300] {dag.py:3947} INFO - Setting next_dagrun for tutorial_taskflow_api to None, run_after=None
[2025-11-04T22:00:37.347-0300] {processor.py:183} INFO - Processing /Users/joaovitor/airflow_env/lib/python3.11/site-packages/airflow/example_dags/tutorial_taskflow_api.py took 0.172 seconds
[2025-11-04T22:06:14.737-0300] {processor.py:161} INFO - Started process (PID=31478) to work on /Users/joaovitor/airflow_env/lib/python3.11/site-packages/airflow/example_dags/tutorial_taskflow_api.py
[2025-11-04T22:06:14.738-0300] {processor.py:830} INFO - Processing file /Users/joaovitor/airflow_env/lib/python3.11/site-packages/airflow/example_dags/tutorial_taskflow_api.py for tasks to queue
[2025-11-04T22:06:14.739-0300] {logging_mixin.py:188} INFO - [2025-11-04T22:06:14.739-0300] {dagbag.py:545} INFO - Filling up the DagBag from /Users/joaovitor/airflow_env/lib/python3.11/site-packages/airflow/example_dags/tutorial_taskflow_api.py
[2025-11-04T22:06:14.779-0300] {processor.py:840} INFO - DAG(s) 'tutorial_taskflow_api' retrieved from /Users/joaovitor/airflow_env/lib/python3.11/site-packages/airflow/example_dags/tutorial_taskflow_api.py
[2025-11-04T22:06:14.893-0300] {logging_mixin.py:188} INFO - [2025-11-04T22:06:14.892-0300] {dag.py:3089} INFO - Sync 1 DAGs
[2025-11-04T22:06:14.904-0300] {logging_mixin.py:188} INFO - [2025-11-04T22:06:14.903-0300] {dag.py:3947} INFO - Setting next_dagrun for tutorial_taskflow_api to None, run_after=None
[2025-11-04T22:06:14.925-0300] {processor.py:183} INFO - Processing /Users/joaovitor/airflow_env/lib/python3.11/site-packages/airflow/example_dags/tutorial_taskflow_api.py took 0.191 seconds
[2025-11-04T22:08:10.454-0300] {processor.py:161} INFO - Started process (PID=31538) to work on /Users/joaovitor/airflow_env/lib/python3.11/site-packages/airflow/example_dags/tutorial_taskflow_api.py
[2025-11-04T22:08:10.455-0300] {processor.py:830} INFO - Processing file /Users/joaovitor/airflow_env/lib/python3.11/site-packages/airflow/example_dags/tutorial_taskflow_api.py for tasks to queue
[2025-11-04T22:08:10.455-0300] {logging_mixin.py:188} INFO - [2025-11-04T22:08:10.455-0300] {dagbag.py:545} INFO - Filling up the DagBag from /Users/joaovitor/airflow_env/lib/python3.11/site-packages/airflow/example_dags/tutorial_taskflow_api.py
[2025-11-04T22:08:10.492-0300] {processor.py:840} INFO - DAG(s) 'tutorial_taskflow_api' retrieved from /Users/joaovitor/airflow_env/lib/python3.11/site-packages/airflow/example_dags/tutorial_taskflow_api.py
[2025-11-04T22:08:10.598-0300] {logging_mixin.py:188} INFO - [2025-11-04T22:08:10.598-0300] {dag.py:3089} INFO - Sync 1 DAGs
[2025-11-04T22:08:10.608-0300] {logging_mixin.py:188} INFO - [2025-11-04T22:08:10.608-0300] {dag.py:3947} INFO - Setting next_dagrun for tutorial_taskflow_api to None, run_after=None
[2025-11-04T22:08:10.629-0300] {processor.py:183} INFO - Processing /Users/joaovitor/airflow_env/lib/python3.11/site-packages/airflow/example_dags/tutorial_taskflow_api.py took 0.178 seconds
[2025-11-04T22:10:01.022-0300] {processor.py:161} INFO - Started process (PID=31579) to work on /Users/joaovitor/airflow_env/lib/python3.11/site-packages/airflow/example_dags/tutorial_taskflow_api.py
[2025-11-04T22:10:01.022-0300] {processor.py:830} INFO - Processing file /Users/joaovitor/airflow_env/lib/python3.11/site-packages/airflow/example_dags/tutorial_taskflow_api.py for tasks to queue
[2025-11-04T22:10:01.023-0300] {logging_mixin.py:188} INFO - [2025-11-04T22:10:01.023-0300] {dagbag.py:545} INFO - Filling up the DagBag from /Users/joaovitor/airflow_env/lib/python3.11/site-packages/airflow/example_dags/tutorial_taskflow_api.py
[2025-11-04T22:10:01.059-0300] {processor.py:840} INFO - DAG(s) 'tutorial_taskflow_api' retrieved from /Users/joaovitor/airflow_env/lib/python3.11/site-packages/airflow/example_dags/tutorial_taskflow_api.py
[2025-11-04T22:10:01.162-0300] {logging_mixin.py:188} INFO - [2025-11-04T22:10:01.162-0300] {dag.py:3089} INFO - Sync 1 DAGs
[2025-11-04T22:10:01.172-0300] {logging_mixin.py:188} INFO - [2025-11-04T22:10:01.172-0300] {dag.py:3947} INFO - Setting next_dagrun for tutorial_taskflow_api to None, run_after=None
[2025-11-04T22:10:01.191-0300] {processor.py:183} INFO - Processing /Users/joaovitor/airflow_env/lib/python3.11/site-packages/airflow/example_dags/tutorial_taskflow_api.py took 0.173 seconds
[2025-11-04T22:12:00.640-0300] {processor.py:161} INFO - Started process (PID=31630) to work on /Users/joaovitor/airflow_env/lib/python3.11/site-packages/airflow/example_dags/tutorial_taskflow_api.py
[2025-11-04T22:12:00.641-0300] {processor.py:830} INFO - Processing file /Users/joaovitor/airflow_env/lib/python3.11/site-packages/airflow/example_dags/tutorial_taskflow_api.py for tasks to queue
[2025-11-04T22:12:00.642-0300] {logging_mixin.py:188} INFO - [2025-11-04T22:12:00.641-0300] {dagbag.py:545} INFO - Filling up the DagBag from /Users/joaovitor/airflow_env/lib/python3.11/site-packages/airflow/example_dags/tutorial_taskflow_api.py
[2025-11-04T22:12:00.680-0300] {processor.py:840} INFO - DAG(s) 'tutorial_taskflow_api' retrieved from /Users/joaovitor/airflow_env/lib/python3.11/site-packages/airflow/example_dags/tutorial_taskflow_api.py
[2025-11-04T22:12:00.791-0300] {logging_mixin.py:188} INFO - [2025-11-04T22:12:00.791-0300] {dag.py:3089} INFO - Sync 1 DAGs
[2025-11-04T22:12:00.802-0300] {logging_mixin.py:188} INFO - [2025-11-04T22:12:00.801-0300] {dag.py:3947} INFO - Setting next_dagrun for tutorial_taskflow_api to None, run_after=None
[2025-11-04T22:12:00.821-0300] {processor.py:183} INFO - Processing /Users/joaovitor/airflow_env/lib/python3.11/site-packages/airflow/example_dags/tutorial_taskflow_api.py took 0.185 seconds
[2025-11-04T22:14:03.286-0300] {processor.py:161} INFO - Started process (PID=31681) to work on /Users/joaovitor/airflow_env/lib/python3.11/site-packages/airflow/example_dags/tutorial_taskflow_api.py
[2025-11-04T22:14:03.286-0300] {processor.py:830} INFO - Processing file /Users/joaovitor/airflow_env/lib/python3.11/site-packages/airflow/example_dags/tutorial_taskflow_api.py for tasks to queue
[2025-11-04T22:14:03.287-0300] {logging_mixin.py:188} INFO - [2025-11-04T22:14:03.287-0300] {dagbag.py:545} INFO - Filling up the DagBag from /Users/joaovitor/airflow_env/lib/python3.11/site-packages/airflow/example_dags/tutorial_taskflow_api.py
[2025-11-04T22:14:03.326-0300] {processor.py:840} INFO - DAG(s) 'tutorial_taskflow_api' retrieved from /Users/joaovitor/airflow_env/lib/python3.11/site-packages/airflow/example_dags/tutorial_taskflow_api.py
[2025-11-04T22:14:03.438-0300] {logging_mixin.py:188} INFO - [2025-11-04T22:14:03.437-0300] {dag.py:3089} INFO - Sync 1 DAGs
[2025-11-04T22:14:03.447-0300] {logging_mixin.py:188} INFO - [2025-11-04T22:14:03.447-0300] {dag.py:3947} INFO - Setting next_dagrun for tutorial_taskflow_api to None, run_after=None
[2025-11-04T22:14:03.476-0300] {processor.py:183} INFO - Processing /Users/joaovitor/airflow_env/lib/python3.11/site-packages/airflow/example_dags/tutorial_taskflow_api.py took 0.195 seconds
[2025-11-04T22:16:13.796-0300] {processor.py:161} INFO - Started process (PID=31739) to work on /Users/joaovitor/airflow_env/lib/python3.11/site-packages/airflow/example_dags/tutorial_taskflow_api.py
[2025-11-04T22:16:13.797-0300] {processor.py:830} INFO - Processing file /Users/joaovitor/airflow_env/lib/python3.11/site-packages/airflow/example_dags/tutorial_taskflow_api.py for tasks to queue
[2025-11-04T22:16:13.798-0300] {logging_mixin.py:188} INFO - [2025-11-04T22:16:13.798-0300] {dagbag.py:545} INFO - Filling up the DagBag from /Users/joaovitor/airflow_env/lib/python3.11/site-packages/airflow/example_dags/tutorial_taskflow_api.py
[2025-11-04T22:16:13.837-0300] {processor.py:840} INFO - DAG(s) 'tutorial_taskflow_api' retrieved from /Users/joaovitor/airflow_env/lib/python3.11/site-packages/airflow/example_dags/tutorial_taskflow_api.py
[2025-11-04T22:16:13.952-0300] {logging_mixin.py:188} INFO - [2025-11-04T22:16:13.952-0300] {dag.py:3089} INFO - Sync 1 DAGs
[2025-11-04T22:16:13.963-0300] {logging_mixin.py:188} INFO - [2025-11-04T22:16:13.963-0300] {dag.py:3947} INFO - Setting next_dagrun for tutorial_taskflow_api to None, run_after=None
[2025-11-04T22:16:13.984-0300] {processor.py:183} INFO - Processing /Users/joaovitor/airflow_env/lib/python3.11/site-packages/airflow/example_dags/tutorial_taskflow_api.py took 0.191 seconds
[2025-11-04T22:18:05.471-0300] {processor.py:161} INFO - Started process (PID=31779) to work on /Users/joaovitor/airflow_env/lib/python3.11/site-packages/airflow/example_dags/tutorial_taskflow_api.py
[2025-11-04T22:18:05.472-0300] {processor.py:830} INFO - Processing file /Users/joaovitor/airflow_env/lib/python3.11/site-packages/airflow/example_dags/tutorial_taskflow_api.py for tasks to queue
[2025-11-04T22:18:05.473-0300] {logging_mixin.py:188} INFO - [2025-11-04T22:18:05.473-0300] {dagbag.py:545} INFO - Filling up the DagBag from /Users/joaovitor/airflow_env/lib/python3.11/site-packages/airflow/example_dags/tutorial_taskflow_api.py
[2025-11-04T22:18:05.510-0300] {processor.py:840} INFO - DAG(s) 'tutorial_taskflow_api' retrieved from /Users/joaovitor/airflow_env/lib/python3.11/site-packages/airflow/example_dags/tutorial_taskflow_api.py
[2025-11-04T22:18:05.618-0300] {logging_mixin.py:188} INFO - [2025-11-04T22:18:05.617-0300] {dag.py:3089} INFO - Sync 1 DAGs
[2025-11-04T22:18:05.630-0300] {logging_mixin.py:188} INFO - [2025-11-04T22:18:05.630-0300] {dag.py:3947} INFO - Setting next_dagrun for tutorial_taskflow_api to None, run_after=None
[2025-11-04T22:18:05.660-0300] {processor.py:183} INFO - Processing /Users/joaovitor/airflow_env/lib/python3.11/site-packages/airflow/example_dags/tutorial_taskflow_api.py took 0.192 seconds
[2025-11-04T22:20:09.765-0300] {processor.py:161} INFO - Started process (PID=31827) to work on /Users/joaovitor/airflow_env/lib/python3.11/site-packages/airflow/example_dags/tutorial_taskflow_api.py
[2025-11-04T22:20:09.767-0300] {processor.py:830} INFO - Processing file /Users/joaovitor/airflow_env/lib/python3.11/site-packages/airflow/example_dags/tutorial_taskflow_api.py for tasks to queue
[2025-11-04T22:20:09.768-0300] {logging_mixin.py:188} INFO - [2025-11-04T22:20:09.767-0300] {dagbag.py:545} INFO - Filling up the DagBag from /Users/joaovitor/airflow_env/lib/python3.11/site-packages/airflow/example_dags/tutorial_taskflow_api.py
[2025-11-04T22:20:09.808-0300] {processor.py:840} INFO - DAG(s) 'tutorial_taskflow_api' retrieved from /Users/joaovitor/airflow_env/lib/python3.11/site-packages/airflow/example_dags/tutorial_taskflow_api.py
[2025-11-04T22:20:09.925-0300] {logging_mixin.py:188} INFO - [2025-11-04T22:20:09.925-0300] {dag.py:3089} INFO - Sync 1 DAGs
[2025-11-04T22:20:09.936-0300] {logging_mixin.py:188} INFO - [2025-11-04T22:20:09.936-0300] {dag.py:3947} INFO - Setting next_dagrun for tutorial_taskflow_api to None, run_after=None
[2025-11-04T22:20:09.957-0300] {processor.py:183} INFO - Processing /Users/joaovitor/airflow_env/lib/python3.11/site-packages/airflow/example_dags/tutorial_taskflow_api.py took 0.195 seconds
[2025-11-04T22:22:17.763-0300] {processor.py:161} INFO - Started process (PID=31926) to work on /Users/joaovitor/airflow_env/lib/python3.11/site-packages/airflow/example_dags/tutorial_taskflow_api.py
[2025-11-04T22:22:17.765-0300] {processor.py:830} INFO - Processing file /Users/joaovitor/airflow_env/lib/python3.11/site-packages/airflow/example_dags/tutorial_taskflow_api.py for tasks to queue
[2025-11-04T22:22:17.765-0300] {logging_mixin.py:188} INFO - [2025-11-04T22:22:17.765-0300] {dagbag.py:545} INFO - Filling up the DagBag from /Users/joaovitor/airflow_env/lib/python3.11/site-packages/airflow/example_dags/tutorial_taskflow_api.py
[2025-11-04T22:22:17.812-0300] {processor.py:840} INFO - DAG(s) 'tutorial_taskflow_api' retrieved from /Users/joaovitor/airflow_env/lib/python3.11/site-packages/airflow/example_dags/tutorial_taskflow_api.py
[2025-11-04T22:22:17.946-0300] {logging_mixin.py:188} INFO - [2025-11-04T22:22:17.946-0300] {dag.py:3089} INFO - Sync 1 DAGs
[2025-11-04T22:22:17.958-0300] {logging_mixin.py:188} INFO - [2025-11-04T22:22:17.958-0300] {dag.py:3947} INFO - Setting next_dagrun for tutorial_taskflow_api to None, run_after=None
[2025-11-04T22:22:17.984-0300] {processor.py:183} INFO - Processing /Users/joaovitor/airflow_env/lib/python3.11/site-packages/airflow/example_dags/tutorial_taskflow_api.py took 0.225 seconds
[2025-11-04T22:24:24.015-0300] {processor.py:161} INFO - Started process (PID=31967) to work on /Users/joaovitor/airflow_env/lib/python3.11/site-packages/airflow/example_dags/tutorial_taskflow_api.py
[2025-11-04T22:24:24.017-0300] {processor.py:830} INFO - Processing file /Users/joaovitor/airflow_env/lib/python3.11/site-packages/airflow/example_dags/tutorial_taskflow_api.py for tasks to queue
[2025-11-04T22:24:24.018-0300] {logging_mixin.py:188} INFO - [2025-11-04T22:24:24.018-0300] {dagbag.py:545} INFO - Filling up the DagBag from /Users/joaovitor/airflow_env/lib/python3.11/site-packages/airflow/example_dags/tutorial_taskflow_api.py
[2025-11-04T22:24:24.061-0300] {processor.py:840} INFO - DAG(s) 'tutorial_taskflow_api' retrieved from /Users/joaovitor/airflow_env/lib/python3.11/site-packages/airflow/example_dags/tutorial_taskflow_api.py
[2025-11-04T22:24:24.179-0300] {logging_mixin.py:188} INFO - [2025-11-04T22:24:24.179-0300] {dag.py:3089} INFO - Sync 1 DAGs
[2025-11-04T22:24:24.190-0300] {logging_mixin.py:188} INFO - [2025-11-04T22:24:24.190-0300] {dag.py:3947} INFO - Setting next_dagrun for tutorial_taskflow_api to None, run_after=None
[2025-11-04T22:24:24.212-0300] {processor.py:183} INFO - Processing /Users/joaovitor/airflow_env/lib/python3.11/site-packages/airflow/example_dags/tutorial_taskflow_api.py took 0.202 seconds
[2025-11-04T22:26:30.823-0300] {processor.py:161} INFO - Started process (PID=32009) to work on /Users/joaovitor/airflow_env/lib/python3.11/site-packages/airflow/example_dags/tutorial_taskflow_api.py
[2025-11-04T22:26:30.824-0300] {processor.py:830} INFO - Processing file /Users/joaovitor/airflow_env/lib/python3.11/site-packages/airflow/example_dags/tutorial_taskflow_api.py for tasks to queue
[2025-11-04T22:26:30.825-0300] {logging_mixin.py:188} INFO - [2025-11-04T22:26:30.825-0300] {dagbag.py:545} INFO - Filling up the DagBag from /Users/joaovitor/airflow_env/lib/python3.11/site-packages/airflow/example_dags/tutorial_taskflow_api.py
[2025-11-04T22:26:30.867-0300] {processor.py:840} INFO - DAG(s) 'tutorial_taskflow_api' retrieved from /Users/joaovitor/airflow_env/lib/python3.11/site-packages/airflow/example_dags/tutorial_taskflow_api.py
[2025-11-04T22:26:30.991-0300] {logging_mixin.py:188} INFO - [2025-11-04T22:26:30.990-0300] {dag.py:3089} INFO - Sync 1 DAGs
[2025-11-04T22:26:31.003-0300] {logging_mixin.py:188} INFO - [2025-11-04T22:26:31.002-0300] {dag.py:3947} INFO - Setting next_dagrun for tutorial_taskflow_api to None, run_after=None
[2025-11-04T22:26:31.026-0300] {processor.py:183} INFO - Processing /Users/joaovitor/airflow_env/lib/python3.11/site-packages/airflow/example_dags/tutorial_taskflow_api.py took 0.205 seconds
[2025-11-04T22:28:39.729-0300] {processor.py:161} INFO - Started process (PID=32051) to work on /Users/joaovitor/airflow_env/lib/python3.11/site-packages/airflow/example_dags/tutorial_taskflow_api.py
[2025-11-04T22:28:39.730-0300] {processor.py:830} INFO - Processing file /Users/joaovitor/airflow_env/lib/python3.11/site-packages/airflow/example_dags/tutorial_taskflow_api.py for tasks to queue
[2025-11-04T22:28:39.731-0300] {logging_mixin.py:188} INFO - [2025-11-04T22:28:39.731-0300] {dagbag.py:545} INFO - Filling up the DagBag from /Users/joaovitor/airflow_env/lib/python3.11/site-packages/airflow/example_dags/tutorial_taskflow_api.py
[2025-11-04T22:28:39.774-0300] {processor.py:840} INFO - DAG(s) 'tutorial_taskflow_api' retrieved from /Users/joaovitor/airflow_env/lib/python3.11/site-packages/airflow/example_dags/tutorial_taskflow_api.py
[2025-11-04T22:28:39.894-0300] {logging_mixin.py:188} INFO - [2025-11-04T22:28:39.894-0300] {dag.py:3089} INFO - Sync 1 DAGs
[2025-11-04T22:28:39.906-0300] {logging_mixin.py:188} INFO - [2025-11-04T22:28:39.905-0300] {dag.py:3947} INFO - Setting next_dagrun for tutorial_taskflow_api to None, run_after=None
[2025-11-04T22:28:39.929-0300] {processor.py:183} INFO - Processing /Users/joaovitor/airflow_env/lib/python3.11/site-packages/airflow/example_dags/tutorial_taskflow_api.py took 0.203 seconds
[2025-11-04T22:31:02.170-0300] {processor.py:161} INFO - Started process (PID=32146) to work on /Users/joaovitor/airflow_env/lib/python3.11/site-packages/airflow/example_dags/tutorial_taskflow_api.py
[2025-11-04T22:31:02.172-0300] {processor.py:830} INFO - Processing file /Users/joaovitor/airflow_env/lib/python3.11/site-packages/airflow/example_dags/tutorial_taskflow_api.py for tasks to queue
[2025-11-04T22:31:02.173-0300] {logging_mixin.py:188} INFO - [2025-11-04T22:31:02.173-0300] {dagbag.py:545} INFO - Filling up the DagBag from /Users/joaovitor/airflow_env/lib/python3.11/site-packages/airflow/example_dags/tutorial_taskflow_api.py
[2025-11-04T22:31:02.218-0300] {processor.py:840} INFO - DAG(s) 'tutorial_taskflow_api' retrieved from /Users/joaovitor/airflow_env/lib/python3.11/site-packages/airflow/example_dags/tutorial_taskflow_api.py
[2025-11-04T22:31:02.368-0300] {logging_mixin.py:188} INFO - [2025-11-04T22:31:02.368-0300] {dag.py:3089} INFO - Sync 1 DAGs
[2025-11-04T22:31:02.377-0300] {logging_mixin.py:188} INFO - [2025-11-04T22:31:02.377-0300] {dag.py:3947} INFO - Setting next_dagrun for tutorial_taskflow_api to None, run_after=None
[2025-11-04T22:31:02.398-0300] {processor.py:183} INFO - Processing /Users/joaovitor/airflow_env/lib/python3.11/site-packages/airflow/example_dags/tutorial_taskflow_api.py took 0.231 seconds
[2025-11-04T22:33:36.453-0300] {processor.py:161} INFO - Started process (PID=32243) to work on /Users/joaovitor/airflow_env/lib/python3.11/site-packages/airflow/example_dags/tutorial_taskflow_api.py
[2025-11-04T22:33:36.455-0300] {processor.py:830} INFO - Processing file /Users/joaovitor/airflow_env/lib/python3.11/site-packages/airflow/example_dags/tutorial_taskflow_api.py for tasks to queue
[2025-11-04T22:33:36.457-0300] {logging_mixin.py:188} INFO - [2025-11-04T22:33:36.456-0300] {dagbag.py:545} INFO - Filling up the DagBag from /Users/joaovitor/airflow_env/lib/python3.11/site-packages/airflow/example_dags/tutorial_taskflow_api.py
[2025-11-04T22:33:36.522-0300] {processor.py:840} INFO - DAG(s) 'tutorial_taskflow_api' retrieved from /Users/joaovitor/airflow_env/lib/python3.11/site-packages/airflow/example_dags/tutorial_taskflow_api.py
[2025-11-04T22:33:36.716-0300] {logging_mixin.py:188} INFO - [2025-11-04T22:33:36.716-0300] {dag.py:3089} INFO - Sync 1 DAGs
[2025-11-04T22:33:36.728-0300] {logging_mixin.py:188} INFO - [2025-11-04T22:33:36.727-0300] {dag.py:3947} INFO - Setting next_dagrun for tutorial_taskflow_api to None, run_after=None
[2025-11-04T22:33:36.756-0300] {processor.py:183} INFO - Processing /Users/joaovitor/airflow_env/lib/python3.11/site-packages/airflow/example_dags/tutorial_taskflow_api.py took 0.306 seconds
[2025-11-04T22:35:57.803-0300] {processor.py:161} INFO - Started process (PID=32420) to work on /Users/joaovitor/airflow_env/lib/python3.11/site-packages/airflow/example_dags/tutorial_taskflow_api.py
[2025-11-04T22:35:57.805-0300] {processor.py:830} INFO - Processing file /Users/joaovitor/airflow_env/lib/python3.11/site-packages/airflow/example_dags/tutorial_taskflow_api.py for tasks to queue
[2025-11-04T22:35:57.806-0300] {logging_mixin.py:188} INFO - [2025-11-04T22:35:57.806-0300] {dagbag.py:545} INFO - Filling up the DagBag from /Users/joaovitor/airflow_env/lib/python3.11/site-packages/airflow/example_dags/tutorial_taskflow_api.py
[2025-11-04T22:35:57.842-0300] {processor.py:840} INFO - DAG(s) 'tutorial_taskflow_api' retrieved from /Users/joaovitor/airflow_env/lib/python3.11/site-packages/airflow/example_dags/tutorial_taskflow_api.py
[2025-11-04T22:35:57.945-0300] {logging_mixin.py:188} INFO - [2025-11-04T22:35:57.944-0300] {dag.py:3089} INFO - Sync 1 DAGs
[2025-11-04T22:35:57.954-0300] {logging_mixin.py:188} INFO - [2025-11-04T22:35:57.954-0300] {dag.py:3947} INFO - Setting next_dagrun for tutorial_taskflow_api to None, run_after=None
[2025-11-04T22:35:57.981-0300] {processor.py:183} INFO - Processing /Users/joaovitor/airflow_env/lib/python3.11/site-packages/airflow/example_dags/tutorial_taskflow_api.py took 0.181 seconds
[2025-11-04T22:38:15.264-0300] {processor.py:161} INFO - Started process (PID=32648) to work on /Users/joaovitor/airflow_env/lib/python3.11/site-packages/airflow/example_dags/tutorial_taskflow_api.py
[2025-11-04T22:38:15.267-0300] {processor.py:830} INFO - Processing file /Users/joaovitor/airflow_env/lib/python3.11/site-packages/airflow/example_dags/tutorial_taskflow_api.py for tasks to queue
[2025-11-04T22:38:15.268-0300] {logging_mixin.py:188} INFO - [2025-11-04T22:38:15.267-0300] {dagbag.py:545} INFO - Filling up the DagBag from /Users/joaovitor/airflow_env/lib/python3.11/site-packages/airflow/example_dags/tutorial_taskflow_api.py
[2025-11-04T22:38:15.310-0300] {processor.py:840} INFO - DAG(s) 'tutorial_taskflow_api' retrieved from /Users/joaovitor/airflow_env/lib/python3.11/site-packages/airflow/example_dags/tutorial_taskflow_api.py
[2025-11-04T22:38:15.557-0300] {logging_mixin.py:188} INFO - [2025-11-04T22:38:15.557-0300] {dag.py:3089} INFO - Sync 1 DAGs
[2025-11-04T22:38:15.649-0300] {logging_mixin.py:188} INFO - [2025-11-04T22:38:15.649-0300] {dag.py:3947} INFO - Setting next_dagrun for tutorial_taskflow_api to None, run_after=None
[2025-11-04T22:38:15.687-0300] {processor.py:183} INFO - Processing /Users/joaovitor/airflow_env/lib/python3.11/site-packages/airflow/example_dags/tutorial_taskflow_api.py took 0.426 seconds
[2025-11-04T22:40:39.736-0300] {processor.py:161} INFO - Started process (PID=32699) to work on /Users/joaovitor/airflow_env/lib/python3.11/site-packages/airflow/example_dags/tutorial_taskflow_api.py
[2025-11-04T22:40:39.738-0300] {processor.py:830} INFO - Processing file /Users/joaovitor/airflow_env/lib/python3.11/site-packages/airflow/example_dags/tutorial_taskflow_api.py for tasks to queue
[2025-11-04T22:40:39.739-0300] {logging_mixin.py:188} INFO - [2025-11-04T22:40:39.739-0300] {dagbag.py:545} INFO - Filling up the DagBag from /Users/joaovitor/airflow_env/lib/python3.11/site-packages/airflow/example_dags/tutorial_taskflow_api.py
[2025-11-04T22:40:39.780-0300] {processor.py:840} INFO - DAG(s) 'tutorial_taskflow_api' retrieved from /Users/joaovitor/airflow_env/lib/python3.11/site-packages/airflow/example_dags/tutorial_taskflow_api.py
[2025-11-04T22:40:39.899-0300] {logging_mixin.py:188} INFO - [2025-11-04T22:40:39.898-0300] {dag.py:3089} INFO - Sync 1 DAGs
[2025-11-04T22:40:39.909-0300] {logging_mixin.py:188} INFO - [2025-11-04T22:40:39.909-0300] {dag.py:3947} INFO - Setting next_dagrun for tutorial_taskflow_api to None, run_after=None
[2025-11-04T22:40:39.932-0300] {processor.py:183} INFO - Processing /Users/joaovitor/airflow_env/lib/python3.11/site-packages/airflow/example_dags/tutorial_taskflow_api.py took 0.201 seconds
[2025-11-04T22:43:06.076-0300] {processor.py:161} INFO - Started process (PID=32757) to work on /Users/joaovitor/airflow_env/lib/python3.11/site-packages/airflow/example_dags/tutorial_taskflow_api.py
[2025-11-04T22:43:06.078-0300] {processor.py:830} INFO - Processing file /Users/joaovitor/airflow_env/lib/python3.11/site-packages/airflow/example_dags/tutorial_taskflow_api.py for tasks to queue
[2025-11-04T22:43:06.080-0300] {logging_mixin.py:188} INFO - [2025-11-04T22:43:06.079-0300] {dagbag.py:545} INFO - Filling up the DagBag from /Users/joaovitor/airflow_env/lib/python3.11/site-packages/airflow/example_dags/tutorial_taskflow_api.py
[2025-11-04T22:43:06.124-0300] {processor.py:840} INFO - DAG(s) 'tutorial_taskflow_api' retrieved from /Users/joaovitor/airflow_env/lib/python3.11/site-packages/airflow/example_dags/tutorial_taskflow_api.py
[2025-11-04T22:43:06.243-0300] {logging_mixin.py:188} INFO - [2025-11-04T22:43:06.242-0300] {dag.py:3089} INFO - Sync 1 DAGs
[2025-11-04T22:43:06.254-0300] {logging_mixin.py:188} INFO - [2025-11-04T22:43:06.254-0300] {dag.py:3947} INFO - Setting next_dagrun for tutorial_taskflow_api to None, run_after=None
[2025-11-04T22:43:06.276-0300] {processor.py:183} INFO - Processing /Users/joaovitor/airflow_env/lib/python3.11/site-packages/airflow/example_dags/tutorial_taskflow_api.py took 0.203 seconds
[2025-11-04T22:45:21.407-0300] {processor.py:161} INFO - Started process (PID=32809) to work on /Users/joaovitor/airflow_env/lib/python3.11/site-packages/airflow/example_dags/tutorial_taskflow_api.py
[2025-11-04T22:45:21.409-0300] {processor.py:830} INFO - Processing file /Users/joaovitor/airflow_env/lib/python3.11/site-packages/airflow/example_dags/tutorial_taskflow_api.py for tasks to queue
[2025-11-04T22:45:21.409-0300] {logging_mixin.py:188} INFO - [2025-11-04T22:45:21.409-0300] {dagbag.py:545} INFO - Filling up the DagBag from /Users/joaovitor/airflow_env/lib/python3.11/site-packages/airflow/example_dags/tutorial_taskflow_api.py
[2025-11-04T22:45:21.453-0300] {processor.py:840} INFO - DAG(s) 'tutorial_taskflow_api' retrieved from /Users/joaovitor/airflow_env/lib/python3.11/site-packages/airflow/example_dags/tutorial_taskflow_api.py
[2025-11-04T22:45:21.563-0300] {logging_mixin.py:188} INFO - [2025-11-04T22:45:21.562-0300] {dag.py:3089} INFO - Sync 1 DAGs
[2025-11-04T22:45:21.572-0300] {logging_mixin.py:188} INFO - [2025-11-04T22:45:21.572-0300] {dag.py:3947} INFO - Setting next_dagrun for tutorial_taskflow_api to None, run_after=None
[2025-11-04T22:45:21.596-0300] {processor.py:183} INFO - Processing /Users/joaovitor/airflow_env/lib/python3.11/site-packages/airflow/example_dags/tutorial_taskflow_api.py took 0.193 seconds
[2025-11-04T22:47:38.432-0300] {processor.py:161} INFO - Started process (PID=32865) to work on /Users/joaovitor/airflow_env/lib/python3.11/site-packages/airflow/example_dags/tutorial_taskflow_api.py
[2025-11-04T22:47:38.433-0300] {processor.py:830} INFO - Processing file /Users/joaovitor/airflow_env/lib/python3.11/site-packages/airflow/example_dags/tutorial_taskflow_api.py for tasks to queue
[2025-11-04T22:47:38.433-0300] {logging_mixin.py:188} INFO - [2025-11-04T22:47:38.433-0300] {dagbag.py:545} INFO - Filling up the DagBag from /Users/joaovitor/airflow_env/lib/python3.11/site-packages/airflow/example_dags/tutorial_taskflow_api.py
[2025-11-04T22:47:38.476-0300] {processor.py:840} INFO - DAG(s) 'tutorial_taskflow_api' retrieved from /Users/joaovitor/airflow_env/lib/python3.11/site-packages/airflow/example_dags/tutorial_taskflow_api.py
[2025-11-04T22:47:38.596-0300] {logging_mixin.py:188} INFO - [2025-11-04T22:47:38.596-0300] {dag.py:3089} INFO - Sync 1 DAGs
[2025-11-04T22:47:38.607-0300] {logging_mixin.py:188} INFO - [2025-11-04T22:47:38.607-0300] {dag.py:3947} INFO - Setting next_dagrun for tutorial_taskflow_api to None, run_after=None
[2025-11-04T22:47:38.630-0300] {processor.py:183} INFO - Processing /Users/joaovitor/airflow_env/lib/python3.11/site-packages/airflow/example_dags/tutorial_taskflow_api.py took 0.201 seconds
[2025-11-04T22:49:50.107-0300] {processor.py:161} INFO - Started process (PID=32935) to work on /Users/joaovitor/airflow_env/lib/python3.11/site-packages/airflow/example_dags/tutorial_taskflow_api.py
[2025-11-04T22:49:50.109-0300] {processor.py:830} INFO - Processing file /Users/joaovitor/airflow_env/lib/python3.11/site-packages/airflow/example_dags/tutorial_taskflow_api.py for tasks to queue
[2025-11-04T22:49:50.109-0300] {logging_mixin.py:188} INFO - [2025-11-04T22:49:50.109-0300] {dagbag.py:545} INFO - Filling up the DagBag from /Users/joaovitor/airflow_env/lib/python3.11/site-packages/airflow/example_dags/tutorial_taskflow_api.py
[2025-11-04T22:49:50.161-0300] {processor.py:840} INFO - DAG(s) 'tutorial_taskflow_api' retrieved from /Users/joaovitor/airflow_env/lib/python3.11/site-packages/airflow/example_dags/tutorial_taskflow_api.py
[2025-11-04T22:49:50.327-0300] {logging_mixin.py:188} INFO - [2025-11-04T22:49:50.327-0300] {dag.py:3089} INFO - Sync 1 DAGs
[2025-11-04T22:49:50.339-0300] {logging_mixin.py:188} INFO - [2025-11-04T22:49:50.338-0300] {dag.py:3947} INFO - Setting next_dagrun for tutorial_taskflow_api to None, run_after=None
[2025-11-04T22:49:50.361-0300] {processor.py:183} INFO - Processing /Users/joaovitor/airflow_env/lib/python3.11/site-packages/airflow/example_dags/tutorial_taskflow_api.py took 0.257 seconds
[2025-11-04T22:52:05.020-0300] {processor.py:161} INFO - Started process (PID=32981) to work on /Users/joaovitor/airflow_env/lib/python3.11/site-packages/airflow/example_dags/tutorial_taskflow_api.py
[2025-11-04T22:52:05.022-0300] {processor.py:830} INFO - Processing file /Users/joaovitor/airflow_env/lib/python3.11/site-packages/airflow/example_dags/tutorial_taskflow_api.py for tasks to queue
[2025-11-04T22:52:05.023-0300] {logging_mixin.py:188} INFO - [2025-11-04T22:52:05.023-0300] {dagbag.py:545} INFO - Filling up the DagBag from /Users/joaovitor/airflow_env/lib/python3.11/site-packages/airflow/example_dags/tutorial_taskflow_api.py
[2025-11-04T22:52:05.070-0300] {processor.py:840} INFO - DAG(s) 'tutorial_taskflow_api' retrieved from /Users/joaovitor/airflow_env/lib/python3.11/site-packages/airflow/example_dags/tutorial_taskflow_api.py
[2025-11-04T22:52:05.188-0300] {logging_mixin.py:188} INFO - [2025-11-04T22:52:05.187-0300] {dag.py:3089} INFO - Sync 1 DAGs
[2025-11-04T22:52:05.200-0300] {logging_mixin.py:188} INFO - [2025-11-04T22:52:05.200-0300] {dag.py:3947} INFO - Setting next_dagrun for tutorial_taskflow_api to None, run_after=None
[2025-11-04T22:52:05.223-0300] {processor.py:183} INFO - Processing /Users/joaovitor/airflow_env/lib/python3.11/site-packages/airflow/example_dags/tutorial_taskflow_api.py took 0.206 seconds
[2025-11-04T22:54:31.867-0300] {processor.py:161} INFO - Started process (PID=33035) to work on /Users/joaovitor/airflow_env/lib/python3.11/site-packages/airflow/example_dags/tutorial_taskflow_api.py
[2025-11-04T22:54:31.869-0300] {processor.py:830} INFO - Processing file /Users/joaovitor/airflow_env/lib/python3.11/site-packages/airflow/example_dags/tutorial_taskflow_api.py for tasks to queue
[2025-11-04T22:54:31.870-0300] {logging_mixin.py:188} INFO - [2025-11-04T22:54:31.869-0300] {dagbag.py:545} INFO - Filling up the DagBag from /Users/joaovitor/airflow_env/lib/python3.11/site-packages/airflow/example_dags/tutorial_taskflow_api.py
[2025-11-04T22:54:31.914-0300] {processor.py:840} INFO - DAG(s) 'tutorial_taskflow_api' retrieved from /Users/joaovitor/airflow_env/lib/python3.11/site-packages/airflow/example_dags/tutorial_taskflow_api.py
[2025-11-04T22:54:32.033-0300] {logging_mixin.py:188} INFO - [2025-11-04T22:54:32.033-0300] {dag.py:3089} INFO - Sync 1 DAGs
[2025-11-04T22:54:32.043-0300] {logging_mixin.py:188} INFO - [2025-11-04T22:54:32.043-0300] {dag.py:3947} INFO - Setting next_dagrun for tutorial_taskflow_api to None, run_after=None
[2025-11-04T22:54:32.066-0300] {processor.py:183} INFO - Processing /Users/joaovitor/airflow_env/lib/python3.11/site-packages/airflow/example_dags/tutorial_taskflow_api.py took 0.202 seconds
[2025-11-04T22:56:44.349-0300] {processor.py:161} INFO - Started process (PID=33078) to work on /Users/joaovitor/airflow_env/lib/python3.11/site-packages/airflow/example_dags/tutorial_taskflow_api.py
[2025-11-04T22:56:44.350-0300] {processor.py:830} INFO - Processing file /Users/joaovitor/airflow_env/lib/python3.11/site-packages/airflow/example_dags/tutorial_taskflow_api.py for tasks to queue
[2025-11-04T22:56:44.351-0300] {logging_mixin.py:188} INFO - [2025-11-04T22:56:44.351-0300] {dagbag.py:545} INFO - Filling up the DagBag from /Users/joaovitor/airflow_env/lib/python3.11/site-packages/airflow/example_dags/tutorial_taskflow_api.py
[2025-11-04T22:56:44.396-0300] {processor.py:840} INFO - DAG(s) 'tutorial_taskflow_api' retrieved from /Users/joaovitor/airflow_env/lib/python3.11/site-packages/airflow/example_dags/tutorial_taskflow_api.py
[2025-11-04T22:56:44.513-0300] {logging_mixin.py:188} INFO - [2025-11-04T22:56:44.513-0300] {dag.py:3089} INFO - Sync 1 DAGs
[2025-11-04T22:56:44.523-0300] {logging_mixin.py:188} INFO - [2025-11-04T22:56:44.523-0300] {dag.py:3947} INFO - Setting next_dagrun for tutorial_taskflow_api to None, run_after=None
[2025-11-04T22:56:44.549-0300] {processor.py:183} INFO - Processing /Users/joaovitor/airflow_env/lib/python3.11/site-packages/airflow/example_dags/tutorial_taskflow_api.py took 0.202 seconds
[2025-11-04T22:58:56.470-0300] {processor.py:161} INFO - Started process (PID=33120) to work on /Users/joaovitor/airflow_env/lib/python3.11/site-packages/airflow/example_dags/tutorial_taskflow_api.py
[2025-11-04T22:58:56.471-0300] {processor.py:830} INFO - Processing file /Users/joaovitor/airflow_env/lib/python3.11/site-packages/airflow/example_dags/tutorial_taskflow_api.py for tasks to queue
[2025-11-04T22:58:56.472-0300] {logging_mixin.py:188} INFO - [2025-11-04T22:58:56.472-0300] {dagbag.py:545} INFO - Filling up the DagBag from /Users/joaovitor/airflow_env/lib/python3.11/site-packages/airflow/example_dags/tutorial_taskflow_api.py
[2025-11-04T22:58:56.515-0300] {processor.py:840} INFO - DAG(s) 'tutorial_taskflow_api' retrieved from /Users/joaovitor/airflow_env/lib/python3.11/site-packages/airflow/example_dags/tutorial_taskflow_api.py
[2025-11-04T22:58:56.638-0300] {logging_mixin.py:188} INFO - [2025-11-04T22:58:56.636-0300] {dag.py:3089} INFO - Sync 1 DAGs
[2025-11-04T22:58:56.647-0300] {logging_mixin.py:188} INFO - [2025-11-04T22:58:56.647-0300] {dag.py:3947} INFO - Setting next_dagrun for tutorial_taskflow_api to None, run_after=None
[2025-11-04T22:58:56.672-0300] {processor.py:183} INFO - Processing /Users/joaovitor/airflow_env/lib/python3.11/site-packages/airflow/example_dags/tutorial_taskflow_api.py took 0.206 seconds
[2025-11-04T23:01:22.784-0300] {processor.py:161} INFO - Started process (PID=33169) to work on /Users/joaovitor/airflow_env/lib/python3.11/site-packages/airflow/example_dags/tutorial_taskflow_api.py
[2025-11-04T23:01:22.786-0300] {processor.py:830} INFO - Processing file /Users/joaovitor/airflow_env/lib/python3.11/site-packages/airflow/example_dags/tutorial_taskflow_api.py for tasks to queue
[2025-11-04T23:01:22.787-0300] {logging_mixin.py:188} INFO - [2025-11-04T23:01:22.786-0300] {dagbag.py:545} INFO - Filling up the DagBag from /Users/joaovitor/airflow_env/lib/python3.11/site-packages/airflow/example_dags/tutorial_taskflow_api.py
[2025-11-04T23:01:22.826-0300] {processor.py:840} INFO - DAG(s) 'tutorial_taskflow_api' retrieved from /Users/joaovitor/airflow_env/lib/python3.11/site-packages/airflow/example_dags/tutorial_taskflow_api.py
[2025-11-04T23:01:22.947-0300] {logging_mixin.py:188} INFO - [2025-11-04T23:01:22.946-0300] {dag.py:3089} INFO - Sync 1 DAGs
[2025-11-04T23:01:22.958-0300] {logging_mixin.py:188} INFO - [2025-11-04T23:01:22.958-0300] {dag.py:3947} INFO - Setting next_dagrun for tutorial_taskflow_api to None, run_after=None
[2025-11-04T23:01:22.979-0300] {processor.py:183} INFO - Processing /Users/joaovitor/airflow_env/lib/python3.11/site-packages/airflow/example_dags/tutorial_taskflow_api.py took 0.198 seconds
[2025-11-04T23:03:43.698-0300] {processor.py:161} INFO - Started process (PID=33213) to work on /Users/joaovitor/airflow_env/lib/python3.11/site-packages/airflow/example_dags/tutorial_taskflow_api.py
[2025-11-04T23:03:43.700-0300] {processor.py:830} INFO - Processing file /Users/joaovitor/airflow_env/lib/python3.11/site-packages/airflow/example_dags/tutorial_taskflow_api.py for tasks to queue
[2025-11-04T23:03:43.700-0300] {logging_mixin.py:188} INFO - [2025-11-04T23:03:43.700-0300] {dagbag.py:545} INFO - Filling up the DagBag from /Users/joaovitor/airflow_env/lib/python3.11/site-packages/airflow/example_dags/tutorial_taskflow_api.py
[2025-11-04T23:03:43.760-0300] {processor.py:840} INFO - DAG(s) 'tutorial_taskflow_api' retrieved from /Users/joaovitor/airflow_env/lib/python3.11/site-packages/airflow/example_dags/tutorial_taskflow_api.py
[2025-11-04T23:03:43.920-0300] {logging_mixin.py:188} INFO - [2025-11-04T23:03:43.920-0300] {dag.py:3089} INFO - Sync 1 DAGs
[2025-11-04T23:03:43.933-0300] {logging_mixin.py:188} INFO - [2025-11-04T23:03:43.933-0300] {dag.py:3947} INFO - Setting next_dagrun for tutorial_taskflow_api to None, run_after=None
[2025-11-04T23:03:43.959-0300] {processor.py:183} INFO - Processing /Users/joaovitor/airflow_env/lib/python3.11/site-packages/airflow/example_dags/tutorial_taskflow_api.py took 0.264 seconds
