[2025-11-04T21:45:45.296-0300] {processor.py:161} INFO - Started process (PID=31041) to work on /Users/joaovitor/airflow_env/lib/python3.11/site-packages/airflow/example_dags/tutorial_taskflow_api_virtualenv.py
[2025-11-04T21:45:45.297-0300] {processor.py:830} INFO - Processing file /Users/joaovitor/airflow_env/lib/python3.11/site-packages/airflow/example_dags/tutorial_taskflow_api_virtualenv.py for tasks to queue
[2025-11-04T21:45:45.298-0300] {logging_mixin.py:188} INFO - [2025-11-04T21:45:45.297-0300] {dagbag.py:545} INFO - Filling up the DagBag from /Users/joaovitor/airflow_env/lib/python3.11/site-packages/airflow/example_dags/tutorial_taskflow_api_virtualenv.py
[2025-11-04T21:45:45.335-0300] {logging_mixin.py:188} INFO - [2025-11-04T21:45:45.335-0300] {tutorial_taskflow_api_virtualenv.py:29} WARNING - The tutorial_taskflow_api_virtualenv example DAG requires virtualenv, please install it.
[2025-11-04T21:45:45.336-0300] {processor.py:842} WARNING - No viable dags retrieved from /Users/joaovitor/airflow_env/lib/python3.11/site-packages/airflow/example_dags/tutorial_taskflow_api_virtualenv.py
[2025-11-04T21:45:45.422-0300] {processor.py:183} INFO - Processing /Users/joaovitor/airflow_env/lib/python3.11/site-packages/airflow/example_dags/tutorial_taskflow_api_virtualenv.py took 0.129 seconds
[2025-11-04T21:48:45.410-0300] {processor.py:161} INFO - Started process (PID=31147) to work on /Users/joaovitor/airflow_env/lib/python3.11/site-packages/airflow/example_dags/tutorial_taskflow_api_virtualenv.py
[2025-11-04T21:48:45.412-0300] {processor.py:830} INFO - Processing file /Users/joaovitor/airflow_env/lib/python3.11/site-packages/airflow/example_dags/tutorial_taskflow_api_virtualenv.py for tasks to queue
[2025-11-04T21:48:45.413-0300] {logging_mixin.py:188} INFO - [2025-11-04T21:48:45.413-0300] {dagbag.py:545} INFO - Filling up the DagBag from /Users/joaovitor/airflow_env/lib/python3.11/site-packages/airflow/example_dags/tutorial_taskflow_api_virtualenv.py
[2025-11-04T21:48:45.533-0300] {logging_mixin.py:188} INFO - [2025-11-04T21:48:45.533-0300] {tutorial_taskflow_api_virtualenv.py:29} WARNING - The tutorial_taskflow_api_virtualenv example DAG requires virtualenv, please install it.
[2025-11-04T21:48:45.534-0300] {processor.py:842} WARNING - No viable dags retrieved from /Users/joaovitor/airflow_env/lib/python3.11/site-packages/airflow/example_dags/tutorial_taskflow_api_virtualenv.py
[2025-11-04T21:48:45.648-0300] {processor.py:183} INFO - Processing /Users/joaovitor/airflow_env/lib/python3.11/site-packages/airflow/example_dags/tutorial_taskflow_api_virtualenv.py took 0.240 seconds
[2025-11-04T21:51:11.920-0300] {processor.py:161} INFO - Started process (PID=31217) to work on /Users/joaovitor/airflow_env/lib/python3.11/site-packages/airflow/example_dags/tutorial_taskflow_api_virtualenv.py
[2025-11-04T21:51:11.922-0300] {processor.py:830} INFO - Processing file /Users/joaovitor/airflow_env/lib/python3.11/site-packages/airflow/example_dags/tutorial_taskflow_api_virtualenv.py for tasks to queue
[2025-11-04T21:51:11.924-0300] {logging_mixin.py:188} INFO - [2025-11-04T21:51:11.924-0300] {dagbag.py:545} INFO - Filling up the DagBag from /Users/joaovitor/airflow_env/lib/python3.11/site-packages/airflow/example_dags/tutorial_taskflow_api_virtualenv.py
[2025-11-04T21:51:11.961-0300] {logging_mixin.py:188} INFO - [2025-11-04T21:51:11.961-0300] {tutorial_taskflow_api_virtualenv.py:29} WARNING - The tutorial_taskflow_api_virtualenv example DAG requires virtualenv, please install it.
[2025-11-04T21:51:11.962-0300] {processor.py:842} WARNING - No viable dags retrieved from /Users/joaovitor/airflow_env/lib/python3.11/site-packages/airflow/example_dags/tutorial_taskflow_api_virtualenv.py
[2025-11-04T21:51:12.058-0300] {processor.py:183} INFO - Processing /Users/joaovitor/airflow_env/lib/python3.11/site-packages/airflow/example_dags/tutorial_taskflow_api_virtualenv.py took 0.141 seconds
[2025-11-04T21:53:06.685-0300] {processor.py:161} INFO - Started process (PID=31259) to work on /Users/joaovitor/airflow_env/lib/python3.11/site-packages/airflow/example_dags/tutorial_taskflow_api_virtualenv.py
[2025-11-04T21:53:06.687-0300] {processor.py:830} INFO - Processing file /Users/joaovitor/airflow_env/lib/python3.11/site-packages/airflow/example_dags/tutorial_taskflow_api_virtualenv.py for tasks to queue
[2025-11-04T21:53:06.688-0300] {logging_mixin.py:188} INFO - [2025-11-04T21:53:06.687-0300] {dagbag.py:545} INFO - Filling up the DagBag from /Users/joaovitor/airflow_env/lib/python3.11/site-packages/airflow/example_dags/tutorial_taskflow_api_virtualenv.py
[2025-11-04T21:53:06.723-0300] {logging_mixin.py:188} INFO - [2025-11-04T21:53:06.722-0300] {tutorial_taskflow_api_virtualenv.py:29} WARNING - The tutorial_taskflow_api_virtualenv example DAG requires virtualenv, please install it.
[2025-11-04T21:53:06.723-0300] {processor.py:842} WARNING - No viable dags retrieved from /Users/joaovitor/airflow_env/lib/python3.11/site-packages/airflow/example_dags/tutorial_taskflow_api_virtualenv.py
[2025-11-04T21:53:06.807-0300] {processor.py:183} INFO - Processing /Users/joaovitor/airflow_env/lib/python3.11/site-packages/airflow/example_dags/tutorial_taskflow_api_virtualenv.py took 0.126 seconds
[2025-11-04T21:55:00.298-0300] {processor.py:161} INFO - Started process (PID=31300) to work on /Users/joaovitor/airflow_env/lib/python3.11/site-packages/airflow/example_dags/tutorial_taskflow_api_virtualenv.py
[2025-11-04T21:55:00.299-0300] {processor.py:830} INFO - Processing file /Users/joaovitor/airflow_env/lib/python3.11/site-packages/airflow/example_dags/tutorial_taskflow_api_virtualenv.py for tasks to queue
[2025-11-04T21:55:00.300-0300] {logging_mixin.py:188} INFO - [2025-11-04T21:55:00.299-0300] {dagbag.py:545} INFO - Filling up the DagBag from /Users/joaovitor/airflow_env/lib/python3.11/site-packages/airflow/example_dags/tutorial_taskflow_api_virtualenv.py
[2025-11-04T21:55:00.335-0300] {logging_mixin.py:188} INFO - [2025-11-04T21:55:00.335-0300] {tutorial_taskflow_api_virtualenv.py:29} WARNING - The tutorial_taskflow_api_virtualenv example DAG requires virtualenv, please install it.
[2025-11-04T21:55:00.335-0300] {processor.py:842} WARNING - No viable dags retrieved from /Users/joaovitor/airflow_env/lib/python3.11/site-packages/airflow/example_dags/tutorial_taskflow_api_virtualenv.py
[2025-11-04T21:55:00.424-0300] {processor.py:183} INFO - Processing /Users/joaovitor/airflow_env/lib/python3.11/site-packages/airflow/example_dags/tutorial_taskflow_api_virtualenv.py took 0.130 seconds
[2025-11-04T21:56:50.461-0300] {processor.py:161} INFO - Started process (PID=31341) to work on /Users/joaovitor/airflow_env/lib/python3.11/site-packages/airflow/example_dags/tutorial_taskflow_api_virtualenv.py
[2025-11-04T21:56:50.462-0300] {processor.py:830} INFO - Processing file /Users/joaovitor/airflow_env/lib/python3.11/site-packages/airflow/example_dags/tutorial_taskflow_api_virtualenv.py for tasks to queue
[2025-11-04T21:56:50.462-0300] {logging_mixin.py:188} INFO - [2025-11-04T21:56:50.462-0300] {dagbag.py:545} INFO - Filling up the DagBag from /Users/joaovitor/airflow_env/lib/python3.11/site-packages/airflow/example_dags/tutorial_taskflow_api_virtualenv.py
[2025-11-04T21:56:50.500-0300] {logging_mixin.py:188} INFO - [2025-11-04T21:56:50.500-0300] {tutorial_taskflow_api_virtualenv.py:29} WARNING - The tutorial_taskflow_api_virtualenv example DAG requires virtualenv, please install it.
[2025-11-04T21:56:50.500-0300] {processor.py:842} WARNING - No viable dags retrieved from /Users/joaovitor/airflow_env/lib/python3.11/site-packages/airflow/example_dags/tutorial_taskflow_api_virtualenv.py
[2025-11-04T21:56:50.584-0300] {processor.py:183} INFO - Processing /Users/joaovitor/airflow_env/lib/python3.11/site-packages/airflow/example_dags/tutorial_taskflow_api_virtualenv.py took 0.126 seconds
[2025-11-04T21:58:42.106-0300] {processor.py:161} INFO - Started process (PID=31380) to work on /Users/joaovitor/airflow_env/lib/python3.11/site-packages/airflow/example_dags/tutorial_taskflow_api_virtualenv.py
[2025-11-04T21:58:42.107-0300] {processor.py:830} INFO - Processing file /Users/joaovitor/airflow_env/lib/python3.11/site-packages/airflow/example_dags/tutorial_taskflow_api_virtualenv.py for tasks to queue
[2025-11-04T21:58:42.108-0300] {logging_mixin.py:188} INFO - [2025-11-04T21:58:42.108-0300] {dagbag.py:545} INFO - Filling up the DagBag from /Users/joaovitor/airflow_env/lib/python3.11/site-packages/airflow/example_dags/tutorial_taskflow_api_virtualenv.py
[2025-11-04T21:58:42.144-0300] {logging_mixin.py:188} INFO - [2025-11-04T21:58:42.143-0300] {tutorial_taskflow_api_virtualenv.py:29} WARNING - The tutorial_taskflow_api_virtualenv example DAG requires virtualenv, please install it.
[2025-11-04T21:58:42.144-0300] {processor.py:842} WARNING - No viable dags retrieved from /Users/joaovitor/airflow_env/lib/python3.11/site-packages/airflow/example_dags/tutorial_taskflow_api_virtualenv.py
[2025-11-04T21:58:42.234-0300] {processor.py:183} INFO - Processing /Users/joaovitor/airflow_env/lib/python3.11/site-packages/airflow/example_dags/tutorial_taskflow_api_virtualenv.py took 0.130 seconds
[2025-11-04T22:00:34.887-0300] {processor.py:161} INFO - Started process (PID=31420) to work on /Users/joaovitor/airflow_env/lib/python3.11/site-packages/airflow/example_dags/tutorial_taskflow_api_virtualenv.py
[2025-11-04T22:00:34.888-0300] {processor.py:830} INFO - Processing file /Users/joaovitor/airflow_env/lib/python3.11/site-packages/airflow/example_dags/tutorial_taskflow_api_virtualenv.py for tasks to queue
[2025-11-04T22:00:34.888-0300] {logging_mixin.py:188} INFO - [2025-11-04T22:00:34.888-0300] {dagbag.py:545} INFO - Filling up the DagBag from /Users/joaovitor/airflow_env/lib/python3.11/site-packages/airflow/example_dags/tutorial_taskflow_api_virtualenv.py
[2025-11-04T22:00:34.925-0300] {logging_mixin.py:188} INFO - [2025-11-04T22:00:34.925-0300] {tutorial_taskflow_api_virtualenv.py:29} WARNING - The tutorial_taskflow_api_virtualenv example DAG requires virtualenv, please install it.
[2025-11-04T22:00:34.926-0300] {processor.py:842} WARNING - No viable dags retrieved from /Users/joaovitor/airflow_env/lib/python3.11/site-packages/airflow/example_dags/tutorial_taskflow_api_virtualenv.py
[2025-11-04T22:00:35.018-0300] {processor.py:183} INFO - Processing /Users/joaovitor/airflow_env/lib/python3.11/site-packages/airflow/example_dags/tutorial_taskflow_api_virtualenv.py took 0.134 seconds
[2025-11-04T22:06:12.044-0300] {processor.py:161} INFO - Started process (PID=31477) to work on /Users/joaovitor/airflow_env/lib/python3.11/site-packages/airflow/example_dags/tutorial_taskflow_api_virtualenv.py
[2025-11-04T22:06:12.045-0300] {processor.py:830} INFO - Processing file /Users/joaovitor/airflow_env/lib/python3.11/site-packages/airflow/example_dags/tutorial_taskflow_api_virtualenv.py for tasks to queue
[2025-11-04T22:06:12.046-0300] {logging_mixin.py:188} INFO - [2025-11-04T22:06:12.046-0300] {dagbag.py:545} INFO - Filling up the DagBag from /Users/joaovitor/airflow_env/lib/python3.11/site-packages/airflow/example_dags/tutorial_taskflow_api_virtualenv.py
[2025-11-04T22:06:12.078-0300] {logging_mixin.py:188} INFO - [2025-11-04T22:06:12.078-0300] {tutorial_taskflow_api_virtualenv.py:29} WARNING - The tutorial_taskflow_api_virtualenv example DAG requires virtualenv, please install it.
[2025-11-04T22:06:12.079-0300] {processor.py:842} WARNING - No viable dags retrieved from /Users/joaovitor/airflow_env/lib/python3.11/site-packages/airflow/example_dags/tutorial_taskflow_api_virtualenv.py
[2025-11-04T22:06:12.159-0300] {processor.py:183} INFO - Processing /Users/joaovitor/airflow_env/lib/python3.11/site-packages/airflow/example_dags/tutorial_taskflow_api_virtualenv.py took 0.117 seconds
[2025-11-04T22:08:07.546-0300] {processor.py:161} INFO - Started process (PID=31537) to work on /Users/joaovitor/airflow_env/lib/python3.11/site-packages/airflow/example_dags/tutorial_taskflow_api_virtualenv.py
[2025-11-04T22:08:07.547-0300] {processor.py:830} INFO - Processing file /Users/joaovitor/airflow_env/lib/python3.11/site-packages/airflow/example_dags/tutorial_taskflow_api_virtualenv.py for tasks to queue
[2025-11-04T22:08:07.548-0300] {logging_mixin.py:188} INFO - [2025-11-04T22:08:07.548-0300] {dagbag.py:545} INFO - Filling up the DagBag from /Users/joaovitor/airflow_env/lib/python3.11/site-packages/airflow/example_dags/tutorial_taskflow_api_virtualenv.py
[2025-11-04T22:08:07.582-0300] {logging_mixin.py:188} INFO - [2025-11-04T22:08:07.582-0300] {tutorial_taskflow_api_virtualenv.py:29} WARNING - The tutorial_taskflow_api_virtualenv example DAG requires virtualenv, please install it.
[2025-11-04T22:08:07.582-0300] {processor.py:842} WARNING - No viable dags retrieved from /Users/joaovitor/airflow_env/lib/python3.11/site-packages/airflow/example_dags/tutorial_taskflow_api_virtualenv.py
[2025-11-04T22:08:07.665-0300] {processor.py:183} INFO - Processing /Users/joaovitor/airflow_env/lib/python3.11/site-packages/airflow/example_dags/tutorial_taskflow_api_virtualenv.py took 0.122 seconds
[2025-11-04T22:09:59.115-0300] {processor.py:161} INFO - Started process (PID=31578) to work on /Users/joaovitor/airflow_env/lib/python3.11/site-packages/airflow/example_dags/tutorial_taskflow_api_virtualenv.py
[2025-11-04T22:09:59.116-0300] {processor.py:830} INFO - Processing file /Users/joaovitor/airflow_env/lib/python3.11/site-packages/airflow/example_dags/tutorial_taskflow_api_virtualenv.py for tasks to queue
[2025-11-04T22:09:59.116-0300] {logging_mixin.py:188} INFO - [2025-11-04T22:09:59.116-0300] {dagbag.py:545} INFO - Filling up the DagBag from /Users/joaovitor/airflow_env/lib/python3.11/site-packages/airflow/example_dags/tutorial_taskflow_api_virtualenv.py
[2025-11-04T22:09:59.150-0300] {logging_mixin.py:188} INFO - [2025-11-04T22:09:59.150-0300] {tutorial_taskflow_api_virtualenv.py:29} WARNING - The tutorial_taskflow_api_virtualenv example DAG requires virtualenv, please install it.
[2025-11-04T22:09:59.151-0300] {processor.py:842} WARNING - No viable dags retrieved from /Users/joaovitor/airflow_env/lib/python3.11/site-packages/airflow/example_dags/tutorial_taskflow_api_virtualenv.py
[2025-11-04T22:09:59.236-0300] {processor.py:183} INFO - Processing /Users/joaovitor/airflow_env/lib/python3.11/site-packages/airflow/example_dags/tutorial_taskflow_api_virtualenv.py took 0.124 seconds
[2025-11-04T22:11:57.781-0300] {processor.py:161} INFO - Started process (PID=31629) to work on /Users/joaovitor/airflow_env/lib/python3.11/site-packages/airflow/example_dags/tutorial_taskflow_api_virtualenv.py
[2025-11-04T22:11:57.782-0300] {processor.py:830} INFO - Processing file /Users/joaovitor/airflow_env/lib/python3.11/site-packages/airflow/example_dags/tutorial_taskflow_api_virtualenv.py for tasks to queue
[2025-11-04T22:11:57.783-0300] {logging_mixin.py:188} INFO - [2025-11-04T22:11:57.782-0300] {dagbag.py:545} INFO - Filling up the DagBag from /Users/joaovitor/airflow_env/lib/python3.11/site-packages/airflow/example_dags/tutorial_taskflow_api_virtualenv.py
[2025-11-04T22:11:57.820-0300] {logging_mixin.py:188} INFO - [2025-11-04T22:11:57.819-0300] {tutorial_taskflow_api_virtualenv.py:29} WARNING - The tutorial_taskflow_api_virtualenv example DAG requires virtualenv, please install it.
[2025-11-04T22:11:57.820-0300] {processor.py:842} WARNING - No viable dags retrieved from /Users/joaovitor/airflow_env/lib/python3.11/site-packages/airflow/example_dags/tutorial_taskflow_api_virtualenv.py
[2025-11-04T22:11:57.917-0300] {processor.py:183} INFO - Processing /Users/joaovitor/airflow_env/lib/python3.11/site-packages/airflow/example_dags/tutorial_taskflow_api_virtualenv.py took 0.139 seconds
[2025-11-04T22:14:00.311-0300] {processor.py:161} INFO - Started process (PID=31680) to work on /Users/joaovitor/airflow_env/lib/python3.11/site-packages/airflow/example_dags/tutorial_taskflow_api_virtualenv.py
[2025-11-04T22:14:00.312-0300] {processor.py:830} INFO - Processing file /Users/joaovitor/airflow_env/lib/python3.11/site-packages/airflow/example_dags/tutorial_taskflow_api_virtualenv.py for tasks to queue
[2025-11-04T22:14:00.313-0300] {logging_mixin.py:188} INFO - [2025-11-04T22:14:00.313-0300] {dagbag.py:545} INFO - Filling up the DagBag from /Users/joaovitor/airflow_env/lib/python3.11/site-packages/airflow/example_dags/tutorial_taskflow_api_virtualenv.py
[2025-11-04T22:14:00.346-0300] {logging_mixin.py:188} INFO - [2025-11-04T22:14:00.346-0300] {tutorial_taskflow_api_virtualenv.py:29} WARNING - The tutorial_taskflow_api_virtualenv example DAG requires virtualenv, please install it.
[2025-11-04T22:14:00.347-0300] {processor.py:842} WARNING - No viable dags retrieved from /Users/joaovitor/airflow_env/lib/python3.11/site-packages/airflow/example_dags/tutorial_taskflow_api_virtualenv.py
[2025-11-04T22:14:00.433-0300] {processor.py:183} INFO - Processing /Users/joaovitor/airflow_env/lib/python3.11/site-packages/airflow/example_dags/tutorial_taskflow_api_virtualenv.py took 0.126 seconds
[2025-11-04T22:16:11.055-0300] {processor.py:161} INFO - Started process (PID=31738) to work on /Users/joaovitor/airflow_env/lib/python3.11/site-packages/airflow/example_dags/tutorial_taskflow_api_virtualenv.py
[2025-11-04T22:16:11.056-0300] {processor.py:830} INFO - Processing file /Users/joaovitor/airflow_env/lib/python3.11/site-packages/airflow/example_dags/tutorial_taskflow_api_virtualenv.py for tasks to queue
[2025-11-04T22:16:11.056-0300] {logging_mixin.py:188} INFO - [2025-11-04T22:16:11.056-0300] {dagbag.py:545} INFO - Filling up the DagBag from /Users/joaovitor/airflow_env/lib/python3.11/site-packages/airflow/example_dags/tutorial_taskflow_api_virtualenv.py
[2025-11-04T22:16:11.089-0300] {logging_mixin.py:188} INFO - [2025-11-04T22:16:11.089-0300] {tutorial_taskflow_api_virtualenv.py:29} WARNING - The tutorial_taskflow_api_virtualenv example DAG requires virtualenv, please install it.
[2025-11-04T22:16:11.089-0300] {processor.py:842} WARNING - No viable dags retrieved from /Users/joaovitor/airflow_env/lib/python3.11/site-packages/airflow/example_dags/tutorial_taskflow_api_virtualenv.py
[2025-11-04T22:16:11.170-0300] {processor.py:183} INFO - Processing /Users/joaovitor/airflow_env/lib/python3.11/site-packages/airflow/example_dags/tutorial_taskflow_api_virtualenv.py took 0.119 seconds
[2025-11-04T22:18:02.611-0300] {processor.py:161} INFO - Started process (PID=31778) to work on /Users/joaovitor/airflow_env/lib/python3.11/site-packages/airflow/example_dags/tutorial_taskflow_api_virtualenv.py
[2025-11-04T22:18:02.611-0300] {processor.py:830} INFO - Processing file /Users/joaovitor/airflow_env/lib/python3.11/site-packages/airflow/example_dags/tutorial_taskflow_api_virtualenv.py for tasks to queue
[2025-11-04T22:18:02.612-0300] {logging_mixin.py:188} INFO - [2025-11-04T22:18:02.612-0300] {dagbag.py:545} INFO - Filling up the DagBag from /Users/joaovitor/airflow_env/lib/python3.11/site-packages/airflow/example_dags/tutorial_taskflow_api_virtualenv.py
[2025-11-04T22:18:02.648-0300] {logging_mixin.py:188} INFO - [2025-11-04T22:18:02.647-0300] {tutorial_taskflow_api_virtualenv.py:29} WARNING - The tutorial_taskflow_api_virtualenv example DAG requires virtualenv, please install it.
[2025-11-04T22:18:02.648-0300] {processor.py:842} WARNING - No viable dags retrieved from /Users/joaovitor/airflow_env/lib/python3.11/site-packages/airflow/example_dags/tutorial_taskflow_api_virtualenv.py
[2025-11-04T22:18:02.743-0300] {processor.py:183} INFO - Processing /Users/joaovitor/airflow_env/lib/python3.11/site-packages/airflow/example_dags/tutorial_taskflow_api_virtualenv.py took 0.135 seconds
[2025-11-04T22:20:07.547-0300] {processor.py:161} INFO - Started process (PID=31826) to work on /Users/joaovitor/airflow_env/lib/python3.11/site-packages/airflow/example_dags/tutorial_taskflow_api_virtualenv.py
[2025-11-04T22:20:07.549-0300] {processor.py:830} INFO - Processing file /Users/joaovitor/airflow_env/lib/python3.11/site-packages/airflow/example_dags/tutorial_taskflow_api_virtualenv.py for tasks to queue
[2025-11-04T22:20:07.550-0300] {logging_mixin.py:188} INFO - [2025-11-04T22:20:07.549-0300] {dagbag.py:545} INFO - Filling up the DagBag from /Users/joaovitor/airflow_env/lib/python3.11/site-packages/airflow/example_dags/tutorial_taskflow_api_virtualenv.py
[2025-11-04T22:20:07.587-0300] {logging_mixin.py:188} INFO - [2025-11-04T22:20:07.586-0300] {tutorial_taskflow_api_virtualenv.py:29} WARNING - The tutorial_taskflow_api_virtualenv example DAG requires virtualenv, please install it.
[2025-11-04T22:20:07.587-0300] {processor.py:842} WARNING - No viable dags retrieved from /Users/joaovitor/airflow_env/lib/python3.11/site-packages/airflow/example_dags/tutorial_taskflow_api_virtualenv.py
[2025-11-04T22:20:07.684-0300] {processor.py:183} INFO - Processing /Users/joaovitor/airflow_env/lib/python3.11/site-packages/airflow/example_dags/tutorial_taskflow_api_virtualenv.py took 0.140 seconds
[2025-11-04T22:22:14.198-0300] {processor.py:161} INFO - Started process (PID=31925) to work on /Users/joaovitor/airflow_env/lib/python3.11/site-packages/airflow/example_dags/tutorial_taskflow_api_virtualenv.py
[2025-11-04T22:22:14.200-0300] {processor.py:830} INFO - Processing file /Users/joaovitor/airflow_env/lib/python3.11/site-packages/airflow/example_dags/tutorial_taskflow_api_virtualenv.py for tasks to queue
[2025-11-04T22:22:14.201-0300] {logging_mixin.py:188} INFO - [2025-11-04T22:22:14.201-0300] {dagbag.py:545} INFO - Filling up the DagBag from /Users/joaovitor/airflow_env/lib/python3.11/site-packages/airflow/example_dags/tutorial_taskflow_api_virtualenv.py
[2025-11-04T22:22:14.242-0300] {logging_mixin.py:188} INFO - [2025-11-04T22:22:14.241-0300] {tutorial_taskflow_api_virtualenv.py:29} WARNING - The tutorial_taskflow_api_virtualenv example DAG requires virtualenv, please install it.
[2025-11-04T22:22:14.242-0300] {processor.py:842} WARNING - No viable dags retrieved from /Users/joaovitor/airflow_env/lib/python3.11/site-packages/airflow/example_dags/tutorial_taskflow_api_virtualenv.py
[2025-11-04T22:22:14.340-0300] {processor.py:183} INFO - Processing /Users/joaovitor/airflow_env/lib/python3.11/site-packages/airflow/example_dags/tutorial_taskflow_api_virtualenv.py took 0.145 seconds
[2025-11-04T22:24:20.948-0300] {processor.py:161} INFO - Started process (PID=31966) to work on /Users/joaovitor/airflow_env/lib/python3.11/site-packages/airflow/example_dags/tutorial_taskflow_api_virtualenv.py
[2025-11-04T22:24:20.950-0300] {processor.py:830} INFO - Processing file /Users/joaovitor/airflow_env/lib/python3.11/site-packages/airflow/example_dags/tutorial_taskflow_api_virtualenv.py for tasks to queue
[2025-11-04T22:24:20.950-0300] {logging_mixin.py:188} INFO - [2025-11-04T22:24:20.950-0300] {dagbag.py:545} INFO - Filling up the DagBag from /Users/joaovitor/airflow_env/lib/python3.11/site-packages/airflow/example_dags/tutorial_taskflow_api_virtualenv.py
[2025-11-04T22:24:20.986-0300] {logging_mixin.py:188} INFO - [2025-11-04T22:24:20.985-0300] {tutorial_taskflow_api_virtualenv.py:29} WARNING - The tutorial_taskflow_api_virtualenv example DAG requires virtualenv, please install it.
[2025-11-04T22:24:20.986-0300] {processor.py:842} WARNING - No viable dags retrieved from /Users/joaovitor/airflow_env/lib/python3.11/site-packages/airflow/example_dags/tutorial_taskflow_api_virtualenv.py
[2025-11-04T22:24:21.085-0300] {processor.py:183} INFO - Processing /Users/joaovitor/airflow_env/lib/python3.11/site-packages/airflow/example_dags/tutorial_taskflow_api_virtualenv.py took 0.141 seconds
[2025-11-04T22:26:27.738-0300] {processor.py:161} INFO - Started process (PID=32008) to work on /Users/joaovitor/airflow_env/lib/python3.11/site-packages/airflow/example_dags/tutorial_taskflow_api_virtualenv.py
[2025-11-04T22:26:27.739-0300] {processor.py:830} INFO - Processing file /Users/joaovitor/airflow_env/lib/python3.11/site-packages/airflow/example_dags/tutorial_taskflow_api_virtualenv.py for tasks to queue
[2025-11-04T22:26:27.739-0300] {logging_mixin.py:188} INFO - [2025-11-04T22:26:27.739-0300] {dagbag.py:545} INFO - Filling up the DagBag from /Users/joaovitor/airflow_env/lib/python3.11/site-packages/airflow/example_dags/tutorial_taskflow_api_virtualenv.py
[2025-11-04T22:26:27.776-0300] {logging_mixin.py:188} INFO - [2025-11-04T22:26:27.776-0300] {tutorial_taskflow_api_virtualenv.py:29} WARNING - The tutorial_taskflow_api_virtualenv example DAG requires virtualenv, please install it.
[2025-11-04T22:26:27.776-0300] {processor.py:842} WARNING - No viable dags retrieved from /Users/joaovitor/airflow_env/lib/python3.11/site-packages/airflow/example_dags/tutorial_taskflow_api_virtualenv.py
[2025-11-04T22:26:27.872-0300] {processor.py:183} INFO - Processing /Users/joaovitor/airflow_env/lib/python3.11/site-packages/airflow/example_dags/tutorial_taskflow_api_virtualenv.py took 0.137 seconds
[2025-11-04T22:28:37.003-0300] {processor.py:161} INFO - Started process (PID=32050) to work on /Users/joaovitor/airflow_env/lib/python3.11/site-packages/airflow/example_dags/tutorial_taskflow_api_virtualenv.py
[2025-11-04T22:28:37.006-0300] {processor.py:830} INFO - Processing file /Users/joaovitor/airflow_env/lib/python3.11/site-packages/airflow/example_dags/tutorial_taskflow_api_virtualenv.py for tasks to queue
[2025-11-04T22:28:37.008-0300] {logging_mixin.py:188} INFO - [2025-11-04T22:28:37.007-0300] {dagbag.py:545} INFO - Filling up the DagBag from /Users/joaovitor/airflow_env/lib/python3.11/site-packages/airflow/example_dags/tutorial_taskflow_api_virtualenv.py
[2025-11-04T22:28:37.051-0300] {logging_mixin.py:188} INFO - [2025-11-04T22:28:37.050-0300] {tutorial_taskflow_api_virtualenv.py:29} WARNING - The tutorial_taskflow_api_virtualenv example DAG requires virtualenv, please install it.
[2025-11-04T22:28:37.051-0300] {processor.py:842} WARNING - No viable dags retrieved from /Users/joaovitor/airflow_env/lib/python3.11/site-packages/airflow/example_dags/tutorial_taskflow_api_virtualenv.py
[2025-11-04T22:28:37.155-0300] {processor.py:183} INFO - Processing /Users/joaovitor/airflow_env/lib/python3.11/site-packages/airflow/example_dags/tutorial_taskflow_api_virtualenv.py took 0.155 seconds
[2025-11-04T22:30:59.172-0300] {processor.py:161} INFO - Started process (PID=32145) to work on /Users/joaovitor/airflow_env/lib/python3.11/site-packages/airflow/example_dags/tutorial_taskflow_api_virtualenv.py
[2025-11-04T22:30:59.174-0300] {processor.py:830} INFO - Processing file /Users/joaovitor/airflow_env/lib/python3.11/site-packages/airflow/example_dags/tutorial_taskflow_api_virtualenv.py for tasks to queue
[2025-11-04T22:30:59.176-0300] {logging_mixin.py:188} INFO - [2025-11-04T22:30:59.175-0300] {dagbag.py:545} INFO - Filling up the DagBag from /Users/joaovitor/airflow_env/lib/python3.11/site-packages/airflow/example_dags/tutorial_taskflow_api_virtualenv.py
[2025-11-04T22:30:59.287-0300] {logging_mixin.py:188} INFO - [2025-11-04T22:30:59.286-0300] {tutorial_taskflow_api_virtualenv.py:29} WARNING - The tutorial_taskflow_api_virtualenv example DAG requires virtualenv, please install it.
[2025-11-04T22:30:59.287-0300] {processor.py:842} WARNING - No viable dags retrieved from /Users/joaovitor/airflow_env/lib/python3.11/site-packages/airflow/example_dags/tutorial_taskflow_api_virtualenv.py
[2025-11-04T22:30:59.376-0300] {processor.py:183} INFO - Processing /Users/joaovitor/airflow_env/lib/python3.11/site-packages/airflow/example_dags/tutorial_taskflow_api_virtualenv.py took 0.207 seconds
[2025-11-04T22:33:33.031-0300] {processor.py:161} INFO - Started process (PID=32242) to work on /Users/joaovitor/airflow_env/lib/python3.11/site-packages/airflow/example_dags/tutorial_taskflow_api_virtualenv.py
[2025-11-04T22:33:33.033-0300] {processor.py:830} INFO - Processing file /Users/joaovitor/airflow_env/lib/python3.11/site-packages/airflow/example_dags/tutorial_taskflow_api_virtualenv.py for tasks to queue
[2025-11-04T22:33:33.034-0300] {logging_mixin.py:188} INFO - [2025-11-04T22:33:33.034-0300] {dagbag.py:545} INFO - Filling up the DagBag from /Users/joaovitor/airflow_env/lib/python3.11/site-packages/airflow/example_dags/tutorial_taskflow_api_virtualenv.py
[2025-11-04T22:33:33.141-0300] {logging_mixin.py:188} INFO - [2025-11-04T22:33:33.141-0300] {tutorial_taskflow_api_virtualenv.py:29} WARNING - The tutorial_taskflow_api_virtualenv example DAG requires virtualenv, please install it.
[2025-11-04T22:33:33.141-0300] {processor.py:842} WARNING - No viable dags retrieved from /Users/joaovitor/airflow_env/lib/python3.11/site-packages/airflow/example_dags/tutorial_taskflow_api_virtualenv.py
[2025-11-04T22:33:33.256-0300] {processor.py:183} INFO - Processing /Users/joaovitor/airflow_env/lib/python3.11/site-packages/airflow/example_dags/tutorial_taskflow_api_virtualenv.py took 0.229 seconds
[2025-11-04T22:35:54.854-0300] {processor.py:161} INFO - Started process (PID=32419) to work on /Users/joaovitor/airflow_env/lib/python3.11/site-packages/airflow/example_dags/tutorial_taskflow_api_virtualenv.py
[2025-11-04T22:35:54.856-0300] {processor.py:830} INFO - Processing file /Users/joaovitor/airflow_env/lib/python3.11/site-packages/airflow/example_dags/tutorial_taskflow_api_virtualenv.py for tasks to queue
[2025-11-04T22:35:54.857-0300] {logging_mixin.py:188} INFO - [2025-11-04T22:35:54.857-0300] {dagbag.py:545} INFO - Filling up the DagBag from /Users/joaovitor/airflow_env/lib/python3.11/site-packages/airflow/example_dags/tutorial_taskflow_api_virtualenv.py
[2025-11-04T22:35:54.898-0300] {logging_mixin.py:188} INFO - [2025-11-04T22:35:54.898-0300] {tutorial_taskflow_api_virtualenv.py:29} WARNING - The tutorial_taskflow_api_virtualenv example DAG requires virtualenv, please install it.
[2025-11-04T22:35:54.898-0300] {processor.py:842} WARNING - No viable dags retrieved from /Users/joaovitor/airflow_env/lib/python3.11/site-packages/airflow/example_dags/tutorial_taskflow_api_virtualenv.py
[2025-11-04T22:35:54.984-0300] {processor.py:183} INFO - Processing /Users/joaovitor/airflow_env/lib/python3.11/site-packages/airflow/example_dags/tutorial_taskflow_api_virtualenv.py took 0.133 seconds
[2025-11-04T22:38:11.977-0300] {processor.py:161} INFO - Started process (PID=32647) to work on /Users/joaovitor/airflow_env/lib/python3.11/site-packages/airflow/example_dags/tutorial_taskflow_api_virtualenv.py
[2025-11-04T22:38:11.979-0300] {processor.py:830} INFO - Processing file /Users/joaovitor/airflow_env/lib/python3.11/site-packages/airflow/example_dags/tutorial_taskflow_api_virtualenv.py for tasks to queue
[2025-11-04T22:38:11.980-0300] {logging_mixin.py:188} INFO - [2025-11-04T22:38:11.980-0300] {dagbag.py:545} INFO - Filling up the DagBag from /Users/joaovitor/airflow_env/lib/python3.11/site-packages/airflow/example_dags/tutorial_taskflow_api_virtualenv.py
[2025-11-04T22:38:12.021-0300] {logging_mixin.py:188} INFO - [2025-11-04T22:38:12.021-0300] {tutorial_taskflow_api_virtualenv.py:29} WARNING - The tutorial_taskflow_api_virtualenv example DAG requires virtualenv, please install it.
[2025-11-04T22:38:12.022-0300] {processor.py:842} WARNING - No viable dags retrieved from /Users/joaovitor/airflow_env/lib/python3.11/site-packages/airflow/example_dags/tutorial_taskflow_api_virtualenv.py
[2025-11-04T22:38:12.116-0300] {processor.py:183} INFO - Processing /Users/joaovitor/airflow_env/lib/python3.11/site-packages/airflow/example_dags/tutorial_taskflow_api_virtualenv.py took 0.143 seconds
[2025-11-04T22:40:37.320-0300] {processor.py:161} INFO - Started process (PID=32698) to work on /Users/joaovitor/airflow_env/lib/python3.11/site-packages/airflow/example_dags/tutorial_taskflow_api_virtualenv.py
[2025-11-04T22:40:37.322-0300] {processor.py:830} INFO - Processing file /Users/joaovitor/airflow_env/lib/python3.11/site-packages/airflow/example_dags/tutorial_taskflow_api_virtualenv.py for tasks to queue
[2025-11-04T22:40:37.323-0300] {logging_mixin.py:188} INFO - [2025-11-04T22:40:37.323-0300] {dagbag.py:545} INFO - Filling up the DagBag from /Users/joaovitor/airflow_env/lib/python3.11/site-packages/airflow/example_dags/tutorial_taskflow_api_virtualenv.py
[2025-11-04T22:40:37.363-0300] {logging_mixin.py:188} INFO - [2025-11-04T22:40:37.363-0300] {tutorial_taskflow_api_virtualenv.py:29} WARNING - The tutorial_taskflow_api_virtualenv example DAG requires virtualenv, please install it.
[2025-11-04T22:40:37.363-0300] {processor.py:842} WARNING - No viable dags retrieved from /Users/joaovitor/airflow_env/lib/python3.11/site-packages/airflow/example_dags/tutorial_taskflow_api_virtualenv.py
[2025-11-04T22:40:37.463-0300] {processor.py:183} INFO - Processing /Users/joaovitor/airflow_env/lib/python3.11/site-packages/airflow/example_dags/tutorial_taskflow_api_virtualenv.py took 0.147 seconds
[2025-11-04T22:43:02.988-0300] {processor.py:161} INFO - Started process (PID=32756) to work on /Users/joaovitor/airflow_env/lib/python3.11/site-packages/airflow/example_dags/tutorial_taskflow_api_virtualenv.py
[2025-11-04T22:43:02.990-0300] {processor.py:830} INFO - Processing file /Users/joaovitor/airflow_env/lib/python3.11/site-packages/airflow/example_dags/tutorial_taskflow_api_virtualenv.py for tasks to queue
[2025-11-04T22:43:02.991-0300] {logging_mixin.py:188} INFO - [2025-11-04T22:43:02.991-0300] {dagbag.py:545} INFO - Filling up the DagBag from /Users/joaovitor/airflow_env/lib/python3.11/site-packages/airflow/example_dags/tutorial_taskflow_api_virtualenv.py
[2025-11-04T22:43:03.031-0300] {logging_mixin.py:188} INFO - [2025-11-04T22:43:03.031-0300] {tutorial_taskflow_api_virtualenv.py:29} WARNING - The tutorial_taskflow_api_virtualenv example DAG requires virtualenv, please install it.
[2025-11-04T22:43:03.032-0300] {processor.py:842} WARNING - No viable dags retrieved from /Users/joaovitor/airflow_env/lib/python3.11/site-packages/airflow/example_dags/tutorial_taskflow_api_virtualenv.py
[2025-11-04T22:43:03.134-0300] {processor.py:183} INFO - Processing /Users/joaovitor/airflow_env/lib/python3.11/site-packages/airflow/example_dags/tutorial_taskflow_api_virtualenv.py took 0.150 seconds
[2025-11-04T22:45:18.472-0300] {processor.py:161} INFO - Started process (PID=32808) to work on /Users/joaovitor/airflow_env/lib/python3.11/site-packages/airflow/example_dags/tutorial_taskflow_api_virtualenv.py
[2025-11-04T22:45:18.473-0300] {processor.py:830} INFO - Processing file /Users/joaovitor/airflow_env/lib/python3.11/site-packages/airflow/example_dags/tutorial_taskflow_api_virtualenv.py for tasks to queue
[2025-11-04T22:45:18.474-0300] {logging_mixin.py:188} INFO - [2025-11-04T22:45:18.474-0300] {dagbag.py:545} INFO - Filling up the DagBag from /Users/joaovitor/airflow_env/lib/python3.11/site-packages/airflow/example_dags/tutorial_taskflow_api_virtualenv.py
[2025-11-04T22:45:18.508-0300] {logging_mixin.py:188} INFO - [2025-11-04T22:45:18.508-0300] {tutorial_taskflow_api_virtualenv.py:29} WARNING - The tutorial_taskflow_api_virtualenv example DAG requires virtualenv, please install it.
[2025-11-04T22:45:18.509-0300] {processor.py:842} WARNING - No viable dags retrieved from /Users/joaovitor/airflow_env/lib/python3.11/site-packages/airflow/example_dags/tutorial_taskflow_api_virtualenv.py
[2025-11-04T22:45:18.591-0300] {processor.py:183} INFO - Processing /Users/joaovitor/airflow_env/lib/python3.11/site-packages/airflow/example_dags/tutorial_taskflow_api_virtualenv.py took 0.122 seconds
[2025-11-04T22:47:35.965-0300] {processor.py:161} INFO - Started process (PID=32864) to work on /Users/joaovitor/airflow_env/lib/python3.11/site-packages/airflow/example_dags/tutorial_taskflow_api_virtualenv.py
[2025-11-04T22:47:35.967-0300] {processor.py:830} INFO - Processing file /Users/joaovitor/airflow_env/lib/python3.11/site-packages/airflow/example_dags/tutorial_taskflow_api_virtualenv.py for tasks to queue
[2025-11-04T22:47:35.969-0300] {logging_mixin.py:188} INFO - [2025-11-04T22:47:35.968-0300] {dagbag.py:545} INFO - Filling up the DagBag from /Users/joaovitor/airflow_env/lib/python3.11/site-packages/airflow/example_dags/tutorial_taskflow_api_virtualenv.py
[2025-11-04T22:47:36.009-0300] {logging_mixin.py:188} INFO - [2025-11-04T22:47:36.009-0300] {tutorial_taskflow_api_virtualenv.py:29} WARNING - The tutorial_taskflow_api_virtualenv example DAG requires virtualenv, please install it.
[2025-11-04T22:47:36.009-0300] {processor.py:842} WARNING - No viable dags retrieved from /Users/joaovitor/airflow_env/lib/python3.11/site-packages/airflow/example_dags/tutorial_taskflow_api_virtualenv.py
[2025-11-04T22:47:36.102-0300] {processor.py:183} INFO - Processing /Users/joaovitor/airflow_env/lib/python3.11/site-packages/airflow/example_dags/tutorial_taskflow_api_virtualenv.py took 0.139 seconds
[2025-11-04T22:49:46.245-0300] {processor.py:161} INFO - Started process (PID=32933) to work on /Users/joaovitor/airflow_env/lib/python3.11/site-packages/airflow/example_dags/tutorial_taskflow_api_virtualenv.py
[2025-11-04T22:49:46.247-0300] {processor.py:830} INFO - Processing file /Users/joaovitor/airflow_env/lib/python3.11/site-packages/airflow/example_dags/tutorial_taskflow_api_virtualenv.py for tasks to queue
[2025-11-04T22:49:46.248-0300] {logging_mixin.py:188} INFO - [2025-11-04T22:49:46.248-0300] {dagbag.py:545} INFO - Filling up the DagBag from /Users/joaovitor/airflow_env/lib/python3.11/site-packages/airflow/example_dags/tutorial_taskflow_api_virtualenv.py
[2025-11-04T22:49:46.440-0300] {logging_mixin.py:188} INFO - [2025-11-04T22:49:46.440-0300] {tutorial_taskflow_api_virtualenv.py:29} WARNING - The tutorial_taskflow_api_virtualenv example DAG requires virtualenv, please install it.
[2025-11-04T22:49:46.440-0300] {processor.py:842} WARNING - No viable dags retrieved from /Users/joaovitor/airflow_env/lib/python3.11/site-packages/airflow/example_dags/tutorial_taskflow_api_virtualenv.py
[2025-11-04T22:49:46.588-0300] {processor.py:183} INFO - Processing /Users/joaovitor/airflow_env/lib/python3.11/site-packages/airflow/example_dags/tutorial_taskflow_api_virtualenv.py took 0.346 seconds
[2025-11-04T22:52:01.980-0300] {processor.py:161} INFO - Started process (PID=32979) to work on /Users/joaovitor/airflow_env/lib/python3.11/site-packages/airflow/example_dags/tutorial_taskflow_api_virtualenv.py
[2025-11-04T22:52:01.982-0300] {processor.py:830} INFO - Processing file /Users/joaovitor/airflow_env/lib/python3.11/site-packages/airflow/example_dags/tutorial_taskflow_api_virtualenv.py for tasks to queue
[2025-11-04T22:52:01.983-0300] {logging_mixin.py:188} INFO - [2025-11-04T22:52:01.983-0300] {dagbag.py:545} INFO - Filling up the DagBag from /Users/joaovitor/airflow_env/lib/python3.11/site-packages/airflow/example_dags/tutorial_taskflow_api_virtualenv.py
[2025-11-04T22:52:02.016-0300] {logging_mixin.py:188} INFO - [2025-11-04T22:52:02.016-0300] {tutorial_taskflow_api_virtualenv.py:29} WARNING - The tutorial_taskflow_api_virtualenv example DAG requires virtualenv, please install it.
[2025-11-04T22:52:02.017-0300] {processor.py:842} WARNING - No viable dags retrieved from /Users/joaovitor/airflow_env/lib/python3.11/site-packages/airflow/example_dags/tutorial_taskflow_api_virtualenv.py
[2025-11-04T22:52:02.105-0300] {processor.py:183} INFO - Processing /Users/joaovitor/airflow_env/lib/python3.11/site-packages/airflow/example_dags/tutorial_taskflow_api_virtualenv.py took 0.127 seconds
[2025-11-04T22:54:28.707-0300] {processor.py:161} INFO - Started process (PID=33034) to work on /Users/joaovitor/airflow_env/lib/python3.11/site-packages/airflow/example_dags/tutorial_taskflow_api_virtualenv.py
[2025-11-04T22:54:28.710-0300] {processor.py:830} INFO - Processing file /Users/joaovitor/airflow_env/lib/python3.11/site-packages/airflow/example_dags/tutorial_taskflow_api_virtualenv.py for tasks to queue
[2025-11-04T22:54:28.711-0300] {logging_mixin.py:188} INFO - [2025-11-04T22:54:28.711-0300] {dagbag.py:545} INFO - Filling up the DagBag from /Users/joaovitor/airflow_env/lib/python3.11/site-packages/airflow/example_dags/tutorial_taskflow_api_virtualenv.py
[2025-11-04T22:54:28.750-0300] {logging_mixin.py:188} INFO - [2025-11-04T22:54:28.750-0300] {tutorial_taskflow_api_virtualenv.py:29} WARNING - The tutorial_taskflow_api_virtualenv example DAG requires virtualenv, please install it.
[2025-11-04T22:54:28.750-0300] {processor.py:842} WARNING - No viable dags retrieved from /Users/joaovitor/airflow_env/lib/python3.11/site-packages/airflow/example_dags/tutorial_taskflow_api_virtualenv.py
[2025-11-04T22:54:28.847-0300] {processor.py:183} INFO - Processing /Users/joaovitor/airflow_env/lib/python3.11/site-packages/airflow/example_dags/tutorial_taskflow_api_virtualenv.py took 0.143 seconds
[2025-11-04T22:56:41.242-0300] {processor.py:161} INFO - Started process (PID=33077) to work on /Users/joaovitor/airflow_env/lib/python3.11/site-packages/airflow/example_dags/tutorial_taskflow_api_virtualenv.py
[2025-11-04T22:56:41.243-0300] {processor.py:830} INFO - Processing file /Users/joaovitor/airflow_env/lib/python3.11/site-packages/airflow/example_dags/tutorial_taskflow_api_virtualenv.py for tasks to queue
[2025-11-04T22:56:41.244-0300] {logging_mixin.py:188} INFO - [2025-11-04T22:56:41.243-0300] {dagbag.py:545} INFO - Filling up the DagBag from /Users/joaovitor/airflow_env/lib/python3.11/site-packages/airflow/example_dags/tutorial_taskflow_api_virtualenv.py
[2025-11-04T22:56:41.280-0300] {logging_mixin.py:188} INFO - [2025-11-04T22:56:41.280-0300] {tutorial_taskflow_api_virtualenv.py:29} WARNING - The tutorial_taskflow_api_virtualenv example DAG requires virtualenv, please install it.
[2025-11-04T22:56:41.280-0300] {processor.py:842} WARNING - No viable dags retrieved from /Users/joaovitor/airflow_env/lib/python3.11/site-packages/airflow/example_dags/tutorial_taskflow_api_virtualenv.py
[2025-11-04T22:56:41.375-0300] {processor.py:183} INFO - Processing /Users/joaovitor/airflow_env/lib/python3.11/site-packages/airflow/example_dags/tutorial_taskflow_api_virtualenv.py took 0.137 seconds
[2025-11-04T22:58:53.398-0300] {processor.py:161} INFO - Started process (PID=33119) to work on /Users/joaovitor/airflow_env/lib/python3.11/site-packages/airflow/example_dags/tutorial_taskflow_api_virtualenv.py
[2025-11-04T22:58:53.399-0300] {processor.py:830} INFO - Processing file /Users/joaovitor/airflow_env/lib/python3.11/site-packages/airflow/example_dags/tutorial_taskflow_api_virtualenv.py for tasks to queue
[2025-11-04T22:58:53.400-0300] {logging_mixin.py:188} INFO - [2025-11-04T22:58:53.400-0300] {dagbag.py:545} INFO - Filling up the DagBag from /Users/joaovitor/airflow_env/lib/python3.11/site-packages/airflow/example_dags/tutorial_taskflow_api_virtualenv.py
[2025-11-04T22:58:53.438-0300] {logging_mixin.py:188} INFO - [2025-11-04T22:58:53.437-0300] {tutorial_taskflow_api_virtualenv.py:29} WARNING - The tutorial_taskflow_api_virtualenv example DAG requires virtualenv, please install it.
[2025-11-04T22:58:53.438-0300] {processor.py:842} WARNING - No viable dags retrieved from /Users/joaovitor/airflow_env/lib/python3.11/site-packages/airflow/example_dags/tutorial_taskflow_api_virtualenv.py
[2025-11-04T22:58:53.534-0300] {processor.py:183} INFO - Processing /Users/joaovitor/airflow_env/lib/python3.11/site-packages/airflow/example_dags/tutorial_taskflow_api_virtualenv.py took 0.138 seconds
[2025-11-04T23:01:19.781-0300] {processor.py:161} INFO - Started process (PID=33168) to work on /Users/joaovitor/airflow_env/lib/python3.11/site-packages/airflow/example_dags/tutorial_taskflow_api_virtualenv.py
[2025-11-04T23:01:19.784-0300] {processor.py:830} INFO - Processing file /Users/joaovitor/airflow_env/lib/python3.11/site-packages/airflow/example_dags/tutorial_taskflow_api_virtualenv.py for tasks to queue
[2025-11-04T23:01:19.785-0300] {logging_mixin.py:188} INFO - [2025-11-04T23:01:19.785-0300] {dagbag.py:545} INFO - Filling up the DagBag from /Users/joaovitor/airflow_env/lib/python3.11/site-packages/airflow/example_dags/tutorial_taskflow_api_virtualenv.py
[2025-11-04T23:01:19.827-0300] {logging_mixin.py:188} INFO - [2025-11-04T23:01:19.826-0300] {tutorial_taskflow_api_virtualenv.py:29} WARNING - The tutorial_taskflow_api_virtualenv example DAG requires virtualenv, please install it.
[2025-11-04T23:01:19.827-0300] {processor.py:842} WARNING - No viable dags retrieved from /Users/joaovitor/airflow_env/lib/python3.11/site-packages/airflow/example_dags/tutorial_taskflow_api_virtualenv.py
[2025-11-04T23:01:19.924-0300] {processor.py:183} INFO - Processing /Users/joaovitor/airflow_env/lib/python3.11/site-packages/airflow/example_dags/tutorial_taskflow_api_virtualenv.py took 0.145 seconds
[2025-11-04T23:03:40.773-0300] {processor.py:161} INFO - Started process (PID=33212) to work on /Users/joaovitor/airflow_env/lib/python3.11/site-packages/airflow/example_dags/tutorial_taskflow_api_virtualenv.py
[2025-11-04T23:03:40.775-0300] {processor.py:830} INFO - Processing file /Users/joaovitor/airflow_env/lib/python3.11/site-packages/airflow/example_dags/tutorial_taskflow_api_virtualenv.py for tasks to queue
[2025-11-04T23:03:40.776-0300] {logging_mixin.py:188} INFO - [2025-11-04T23:03:40.776-0300] {dagbag.py:545} INFO - Filling up the DagBag from /Users/joaovitor/airflow_env/lib/python3.11/site-packages/airflow/example_dags/tutorial_taskflow_api_virtualenv.py
[2025-11-04T23:03:40.881-0300] {logging_mixin.py:188} INFO - [2025-11-04T23:03:40.880-0300] {tutorial_taskflow_api_virtualenv.py:29} WARNING - The tutorial_taskflow_api_virtualenv example DAG requires virtualenv, please install it.
[2025-11-04T23:03:40.881-0300] {processor.py:842} WARNING - No viable dags retrieved from /Users/joaovitor/airflow_env/lib/python3.11/site-packages/airflow/example_dags/tutorial_taskflow_api_virtualenv.py
[2025-11-04T23:03:40.967-0300] {processor.py:183} INFO - Processing /Users/joaovitor/airflow_env/lib/python3.11/site-packages/airflow/example_dags/tutorial_taskflow_api_virtualenv.py took 0.196 seconds
