[2025-11-04T21:45:53.096-0300] {processor.py:161} INFO - Started process (PID=31055) to work on /Users/joaovitor/airflow_env/lib/python3.11/site-packages/airflow/example_dags/tutorial_objectstorage.py
[2025-11-04T21:45:53.099-0300] {processor.py:830} INFO - Processing file /Users/joaovitor/airflow_env/lib/python3.11/site-packages/airflow/example_dags/tutorial_objectstorage.py for tasks to queue
[2025-11-04T21:45:53.099-0300] {logging_mixin.py:188} INFO - [2025-11-04T21:45:53.099-0300] {dagbag.py:545} INFO - Filling up the DagBag from /Users/joaovitor/airflow_env/lib/python3.11/site-packages/airflow/example_dags/tutorial_objectstorage.py
[2025-11-04T21:45:53.410-0300] {processor.py:840} INFO - DAG(s) 'tutorial_objectstorage' retrieved from /Users/joaovitor/airflow_env/lib/python3.11/site-packages/airflow/example_dags/tutorial_objectstorage.py
[2025-11-04T21:45:53.730-0300] {logging_mixin.py:188} INFO - [2025-11-04T21:45:53.728-0300] {override.py:1858} INFO - Created Permission View: can read on DAG:tutorial_objectstorage
[2025-11-04T21:45:53.750-0300] {logging_mixin.py:188} INFO - [2025-11-04T21:45:53.750-0300] {override.py:1858} INFO - Created Permission View: can edit on DAG:tutorial_objectstorage
[2025-11-04T21:45:53.763-0300] {logging_mixin.py:188} INFO - [2025-11-04T21:45:53.762-0300] {override.py:1858} INFO - Created Permission View: can delete on DAG:tutorial_objectstorage
[2025-11-04T21:45:53.764-0300] {logging_mixin.py:188} INFO - [2025-11-04T21:45:53.763-0300] {dag.py:3089} INFO - Sync 1 DAGs
[2025-11-04T21:45:53.781-0300] {logging_mixin.py:188} INFO - [2025-11-04T21:45:53.781-0300] {dag.py:3111} INFO - Creating ORM DAG for tutorial_objectstorage
[2025-11-04T21:45:53.782-0300] {logging_mixin.py:188} INFO - [2025-11-04T21:45:53.782-0300] {dag.py:3947} INFO - Setting next_dagrun for tutorial_objectstorage to None, run_after=None
[2025-11-04T21:45:53.814-0300] {processor.py:183} INFO - Processing /Users/joaovitor/airflow_env/lib/python3.11/site-packages/airflow/example_dags/tutorial_objectstorage.py took 0.727 seconds
[2025-11-04T21:48:51.736-0300] {processor.py:161} INFO - Started process (PID=31149) to work on /Users/joaovitor/airflow_env/lib/python3.11/site-packages/airflow/example_dags/tutorial_objectstorage.py
[2025-11-04T21:48:51.738-0300] {processor.py:830} INFO - Processing file /Users/joaovitor/airflow_env/lib/python3.11/site-packages/airflow/example_dags/tutorial_objectstorage.py for tasks to queue
[2025-11-04T21:48:51.739-0300] {logging_mixin.py:188} INFO - [2025-11-04T21:48:51.739-0300] {dagbag.py:545} INFO - Filling up the DagBag from /Users/joaovitor/airflow_env/lib/python3.11/site-packages/airflow/example_dags/tutorial_objectstorage.py
[2025-11-04T21:48:51.890-0300] {processor.py:840} INFO - DAG(s) 'tutorial_objectstorage' retrieved from /Users/joaovitor/airflow_env/lib/python3.11/site-packages/airflow/example_dags/tutorial_objectstorage.py
[2025-11-04T21:48:51.990-0300] {logging_mixin.py:188} INFO - [2025-11-04T21:48:51.990-0300] {dag.py:3089} INFO - Sync 1 DAGs
[2025-11-04T21:48:51.999-0300] {logging_mixin.py:188} INFO - [2025-11-04T21:48:51.999-0300] {dag.py:3947} INFO - Setting next_dagrun for tutorial_objectstorage to None, run_after=None
[2025-11-04T21:48:52.024-0300] {processor.py:183} INFO - Processing /Users/joaovitor/airflow_env/lib/python3.11/site-packages/airflow/example_dags/tutorial_objectstorage.py took 0.291 seconds
[2025-11-04T21:51:17.044-0300] {processor.py:161} INFO - Started process (PID=31219) to work on /Users/joaovitor/airflow_env/lib/python3.11/site-packages/airflow/example_dags/tutorial_objectstorage.py
[2025-11-04T21:51:17.046-0300] {processor.py:830} INFO - Processing file /Users/joaovitor/airflow_env/lib/python3.11/site-packages/airflow/example_dags/tutorial_objectstorage.py for tasks to queue
[2025-11-04T21:51:17.047-0300] {logging_mixin.py:188} INFO - [2025-11-04T21:51:17.047-0300] {dagbag.py:545} INFO - Filling up the DagBag from /Users/joaovitor/airflow_env/lib/python3.11/site-packages/airflow/example_dags/tutorial_objectstorage.py
[2025-11-04T21:51:17.197-0300] {processor.py:840} INFO - DAG(s) 'tutorial_objectstorage' retrieved from /Users/joaovitor/airflow_env/lib/python3.11/site-packages/airflow/example_dags/tutorial_objectstorage.py
[2025-11-04T21:51:17.310-0300] {logging_mixin.py:188} INFO - [2025-11-04T21:51:17.310-0300] {dag.py:3089} INFO - Sync 1 DAGs
[2025-11-04T21:51:17.319-0300] {logging_mixin.py:188} INFO - [2025-11-04T21:51:17.319-0300] {dag.py:3947} INFO - Setting next_dagrun for tutorial_objectstorage to None, run_after=None
[2025-11-04T21:51:17.346-0300] {processor.py:183} INFO - Processing /Users/joaovitor/airflow_env/lib/python3.11/site-packages/airflow/example_dags/tutorial_objectstorage.py took 0.307 seconds
[2025-11-04T21:53:12.555-0300] {processor.py:161} INFO - Started process (PID=31261) to work on /Users/joaovitor/airflow_env/lib/python3.11/site-packages/airflow/example_dags/tutorial_objectstorage.py
[2025-11-04T21:53:12.556-0300] {processor.py:830} INFO - Processing file /Users/joaovitor/airflow_env/lib/python3.11/site-packages/airflow/example_dags/tutorial_objectstorage.py for tasks to queue
[2025-11-04T21:53:12.556-0300] {logging_mixin.py:188} INFO - [2025-11-04T21:53:12.556-0300] {dagbag.py:545} INFO - Filling up the DagBag from /Users/joaovitor/airflow_env/lib/python3.11/site-packages/airflow/example_dags/tutorial_objectstorage.py
[2025-11-04T21:53:12.639-0300] {processor.py:840} INFO - DAG(s) 'tutorial_objectstorage' retrieved from /Users/joaovitor/airflow_env/lib/python3.11/site-packages/airflow/example_dags/tutorial_objectstorage.py
[2025-11-04T21:53:12.747-0300] {logging_mixin.py:188} INFO - [2025-11-04T21:53:12.747-0300] {dag.py:3089} INFO - Sync 1 DAGs
[2025-11-04T21:53:12.757-0300] {logging_mixin.py:188} INFO - [2025-11-04T21:53:12.757-0300] {dag.py:3947} INFO - Setting next_dagrun for tutorial_objectstorage to None, run_after=None
[2025-11-04T21:53:12.778-0300] {processor.py:183} INFO - Processing /Users/joaovitor/airflow_env/lib/python3.11/site-packages/airflow/example_dags/tutorial_objectstorage.py took 0.228 seconds
[2025-11-04T21:55:06.345-0300] {processor.py:161} INFO - Started process (PID=31302) to work on /Users/joaovitor/airflow_env/lib/python3.11/site-packages/airflow/example_dags/tutorial_objectstorage.py
[2025-11-04T21:55:06.347-0300] {processor.py:830} INFO - Processing file /Users/joaovitor/airflow_env/lib/python3.11/site-packages/airflow/example_dags/tutorial_objectstorage.py for tasks to queue
[2025-11-04T21:55:06.348-0300] {logging_mixin.py:188} INFO - [2025-11-04T21:55:06.348-0300] {dagbag.py:545} INFO - Filling up the DagBag from /Users/joaovitor/airflow_env/lib/python3.11/site-packages/airflow/example_dags/tutorial_objectstorage.py
[2025-11-04T21:55:06.432-0300] {processor.py:840} INFO - DAG(s) 'tutorial_objectstorage' retrieved from /Users/joaovitor/airflow_env/lib/python3.11/site-packages/airflow/example_dags/tutorial_objectstorage.py
[2025-11-04T21:55:06.546-0300] {logging_mixin.py:188} INFO - [2025-11-04T21:55:06.545-0300] {dag.py:3089} INFO - Sync 1 DAGs
[2025-11-04T21:55:06.556-0300] {logging_mixin.py:188} INFO - [2025-11-04T21:55:06.556-0300] {dag.py:3947} INFO - Setting next_dagrun for tutorial_objectstorage to None, run_after=None
[2025-11-04T21:55:06.583-0300] {processor.py:183} INFO - Processing /Users/joaovitor/airflow_env/lib/python3.11/site-packages/airflow/example_dags/tutorial_objectstorage.py took 0.241 seconds
[2025-11-04T21:56:56.100-0300] {processor.py:161} INFO - Started process (PID=31343) to work on /Users/joaovitor/airflow_env/lib/python3.11/site-packages/airflow/example_dags/tutorial_objectstorage.py
[2025-11-04T21:56:56.101-0300] {processor.py:830} INFO - Processing file /Users/joaovitor/airflow_env/lib/python3.11/site-packages/airflow/example_dags/tutorial_objectstorage.py for tasks to queue
[2025-11-04T21:56:56.101-0300] {logging_mixin.py:188} INFO - [2025-11-04T21:56:56.101-0300] {dagbag.py:545} INFO - Filling up the DagBag from /Users/joaovitor/airflow_env/lib/python3.11/site-packages/airflow/example_dags/tutorial_objectstorage.py
[2025-11-04T21:56:56.177-0300] {processor.py:840} INFO - DAG(s) 'tutorial_objectstorage' retrieved from /Users/joaovitor/airflow_env/lib/python3.11/site-packages/airflow/example_dags/tutorial_objectstorage.py
[2025-11-04T21:56:56.275-0300] {logging_mixin.py:188} INFO - [2025-11-04T21:56:56.275-0300] {dag.py:3089} INFO - Sync 1 DAGs
[2025-11-04T21:56:56.284-0300] {logging_mixin.py:188} INFO - [2025-11-04T21:56:56.284-0300] {dag.py:3947} INFO - Setting next_dagrun for tutorial_objectstorage to None, run_after=None
[2025-11-04T21:56:56.305-0300] {processor.py:183} INFO - Processing /Users/joaovitor/airflow_env/lib/python3.11/site-packages/airflow/example_dags/tutorial_objectstorage.py took 0.208 seconds
[2025-11-04T21:58:47.450-0300] {processor.py:161} INFO - Started process (PID=31382) to work on /Users/joaovitor/airflow_env/lib/python3.11/site-packages/airflow/example_dags/tutorial_objectstorage.py
[2025-11-04T21:58:47.452-0300] {processor.py:830} INFO - Processing file /Users/joaovitor/airflow_env/lib/python3.11/site-packages/airflow/example_dags/tutorial_objectstorage.py for tasks to queue
[2025-11-04T21:58:47.453-0300] {logging_mixin.py:188} INFO - [2025-11-04T21:58:47.453-0300] {dagbag.py:545} INFO - Filling up the DagBag from /Users/joaovitor/airflow_env/lib/python3.11/site-packages/airflow/example_dags/tutorial_objectstorage.py
[2025-11-04T21:58:47.540-0300] {processor.py:840} INFO - DAG(s) 'tutorial_objectstorage' retrieved from /Users/joaovitor/airflow_env/lib/python3.11/site-packages/airflow/example_dags/tutorial_objectstorage.py
[2025-11-04T21:58:47.648-0300] {logging_mixin.py:188} INFO - [2025-11-04T21:58:47.648-0300] {dag.py:3089} INFO - Sync 1 DAGs
[2025-11-04T21:58:47.659-0300] {logging_mixin.py:188} INFO - [2025-11-04T21:58:47.659-0300] {dag.py:3947} INFO - Setting next_dagrun for tutorial_objectstorage to None, run_after=None
[2025-11-04T21:58:47.682-0300] {processor.py:183} INFO - Processing /Users/joaovitor/airflow_env/lib/python3.11/site-packages/airflow/example_dags/tutorial_objectstorage.py took 0.235 seconds
[2025-11-04T22:00:40.259-0300] {processor.py:161} INFO - Started process (PID=31422) to work on /Users/joaovitor/airflow_env/lib/python3.11/site-packages/airflow/example_dags/tutorial_objectstorage.py
[2025-11-04T22:00:40.260-0300] {processor.py:830} INFO - Processing file /Users/joaovitor/airflow_env/lib/python3.11/site-packages/airflow/example_dags/tutorial_objectstorage.py for tasks to queue
[2025-11-04T22:00:40.261-0300] {logging_mixin.py:188} INFO - [2025-11-04T22:00:40.261-0300] {dagbag.py:545} INFO - Filling up the DagBag from /Users/joaovitor/airflow_env/lib/python3.11/site-packages/airflow/example_dags/tutorial_objectstorage.py
[2025-11-04T22:00:40.335-0300] {processor.py:840} INFO - DAG(s) 'tutorial_objectstorage' retrieved from /Users/joaovitor/airflow_env/lib/python3.11/site-packages/airflow/example_dags/tutorial_objectstorage.py
[2025-11-04T22:00:40.439-0300] {logging_mixin.py:188} INFO - [2025-11-04T22:00:40.439-0300] {dag.py:3089} INFO - Sync 1 DAGs
[2025-11-04T22:00:40.449-0300] {logging_mixin.py:188} INFO - [2025-11-04T22:00:40.449-0300] {dag.py:3947} INFO - Setting next_dagrun for tutorial_objectstorage to None, run_after=None
[2025-11-04T22:00:40.478-0300] {processor.py:183} INFO - Processing /Users/joaovitor/airflow_env/lib/python3.11/site-packages/airflow/example_dags/tutorial_objectstorage.py took 0.221 seconds
[2025-11-04T22:06:17.647-0300] {processor.py:161} INFO - Started process (PID=31479) to work on /Users/joaovitor/airflow_env/lib/python3.11/site-packages/airflow/example_dags/tutorial_objectstorage.py
[2025-11-04T22:06:17.648-0300] {processor.py:830} INFO - Processing file /Users/joaovitor/airflow_env/lib/python3.11/site-packages/airflow/example_dags/tutorial_objectstorage.py for tasks to queue
[2025-11-04T22:06:17.648-0300] {logging_mixin.py:188} INFO - [2025-11-04T22:06:17.648-0300] {dagbag.py:545} INFO - Filling up the DagBag from /Users/joaovitor/airflow_env/lib/python3.11/site-packages/airflow/example_dags/tutorial_objectstorage.py
[2025-11-04T22:06:17.729-0300] {processor.py:840} INFO - DAG(s) 'tutorial_objectstorage' retrieved from /Users/joaovitor/airflow_env/lib/python3.11/site-packages/airflow/example_dags/tutorial_objectstorage.py
[2025-11-04T22:06:17.830-0300] {logging_mixin.py:188} INFO - [2025-11-04T22:06:17.829-0300] {dag.py:3089} INFO - Sync 1 DAGs
[2025-11-04T22:06:17.839-0300] {logging_mixin.py:188} INFO - [2025-11-04T22:06:17.839-0300] {dag.py:3947} INFO - Setting next_dagrun for tutorial_objectstorage to None, run_after=None
[2025-11-04T22:06:17.860-0300] {processor.py:183} INFO - Processing /Users/joaovitor/airflow_env/lib/python3.11/site-packages/airflow/example_dags/tutorial_objectstorage.py took 0.216 seconds
[2025-11-04T22:08:13.380-0300] {processor.py:161} INFO - Started process (PID=31539) to work on /Users/joaovitor/airflow_env/lib/python3.11/site-packages/airflow/example_dags/tutorial_objectstorage.py
[2025-11-04T22:08:13.381-0300] {processor.py:830} INFO - Processing file /Users/joaovitor/airflow_env/lib/python3.11/site-packages/airflow/example_dags/tutorial_objectstorage.py for tasks to queue
[2025-11-04T22:08:13.382-0300] {logging_mixin.py:188} INFO - [2025-11-04T22:08:13.382-0300] {dagbag.py:545} INFO - Filling up the DagBag from /Users/joaovitor/airflow_env/lib/python3.11/site-packages/airflow/example_dags/tutorial_objectstorage.py
[2025-11-04T22:08:13.458-0300] {processor.py:840} INFO - DAG(s) 'tutorial_objectstorage' retrieved from /Users/joaovitor/airflow_env/lib/python3.11/site-packages/airflow/example_dags/tutorial_objectstorage.py
[2025-11-04T22:08:13.565-0300] {logging_mixin.py:188} INFO - [2025-11-04T22:08:13.564-0300] {dag.py:3089} INFO - Sync 1 DAGs
[2025-11-04T22:08:13.574-0300] {logging_mixin.py:188} INFO - [2025-11-04T22:08:13.574-0300] {dag.py:3947} INFO - Setting next_dagrun for tutorial_objectstorage to None, run_after=None
[2025-11-04T22:08:13.597-0300] {processor.py:183} INFO - Processing /Users/joaovitor/airflow_env/lib/python3.11/site-packages/airflow/example_dags/tutorial_objectstorage.py took 0.220 seconds
[2025-11-04T22:10:04.220-0300] {processor.py:161} INFO - Started process (PID=31580) to work on /Users/joaovitor/airflow_env/lib/python3.11/site-packages/airflow/example_dags/tutorial_objectstorage.py
[2025-11-04T22:10:04.222-0300] {processor.py:830} INFO - Processing file /Users/joaovitor/airflow_env/lib/python3.11/site-packages/airflow/example_dags/tutorial_objectstorage.py for tasks to queue
[2025-11-04T22:10:04.223-0300] {logging_mixin.py:188} INFO - [2025-11-04T22:10:04.222-0300] {dagbag.py:545} INFO - Filling up the DagBag from /Users/joaovitor/airflow_env/lib/python3.11/site-packages/airflow/example_dags/tutorial_objectstorage.py
[2025-11-04T22:10:04.327-0300] {processor.py:840} INFO - DAG(s) 'tutorial_objectstorage' retrieved from /Users/joaovitor/airflow_env/lib/python3.11/site-packages/airflow/example_dags/tutorial_objectstorage.py
[2025-11-04T22:10:04.497-0300] {logging_mixin.py:188} INFO - [2025-11-04T22:10:04.497-0300] {dag.py:3089} INFO - Sync 1 DAGs
[2025-11-04T22:10:04.513-0300] {logging_mixin.py:188} INFO - [2025-11-04T22:10:04.513-0300] {dag.py:3947} INFO - Setting next_dagrun for tutorial_objectstorage to None, run_after=None
[2025-11-04T22:10:04.545-0300] {processor.py:183} INFO - Processing /Users/joaovitor/airflow_env/lib/python3.11/site-packages/airflow/example_dags/tutorial_objectstorage.py took 0.328 seconds
[2025-11-04T22:12:03.276-0300] {processor.py:161} INFO - Started process (PID=31631) to work on /Users/joaovitor/airflow_env/lib/python3.11/site-packages/airflow/example_dags/tutorial_objectstorage.py
[2025-11-04T22:12:03.276-0300] {processor.py:830} INFO - Processing file /Users/joaovitor/airflow_env/lib/python3.11/site-packages/airflow/example_dags/tutorial_objectstorage.py for tasks to queue
[2025-11-04T22:12:03.277-0300] {logging_mixin.py:188} INFO - [2025-11-04T22:12:03.277-0300] {dagbag.py:545} INFO - Filling up the DagBag from /Users/joaovitor/airflow_env/lib/python3.11/site-packages/airflow/example_dags/tutorial_objectstorage.py
[2025-11-04T22:12:03.367-0300] {processor.py:840} INFO - DAG(s) 'tutorial_objectstorage' retrieved from /Users/joaovitor/airflow_env/lib/python3.11/site-packages/airflow/example_dags/tutorial_objectstorage.py
[2025-11-04T22:12:03.495-0300] {logging_mixin.py:188} INFO - [2025-11-04T22:12:03.494-0300] {dag.py:3089} INFO - Sync 1 DAGs
[2025-11-04T22:12:03.506-0300] {logging_mixin.py:188} INFO - [2025-11-04T22:12:03.506-0300] {dag.py:3947} INFO - Setting next_dagrun for tutorial_objectstorage to None, run_after=None
[2025-11-04T22:12:03.532-0300] {processor.py:183} INFO - Processing /Users/joaovitor/airflow_env/lib/python3.11/site-packages/airflow/example_dags/tutorial_objectstorage.py took 0.260 seconds
[2025-11-04T22:14:06.276-0300] {processor.py:161} INFO - Started process (PID=31682) to work on /Users/joaovitor/airflow_env/lib/python3.11/site-packages/airflow/example_dags/tutorial_objectstorage.py
[2025-11-04T22:14:06.277-0300] {processor.py:830} INFO - Processing file /Users/joaovitor/airflow_env/lib/python3.11/site-packages/airflow/example_dags/tutorial_objectstorage.py for tasks to queue
[2025-11-04T22:14:06.278-0300] {logging_mixin.py:188} INFO - [2025-11-04T22:14:06.278-0300] {dagbag.py:545} INFO - Filling up the DagBag from /Users/joaovitor/airflow_env/lib/python3.11/site-packages/airflow/example_dags/tutorial_objectstorage.py
[2025-11-04T22:14:06.353-0300] {processor.py:840} INFO - DAG(s) 'tutorial_objectstorage' retrieved from /Users/joaovitor/airflow_env/lib/python3.11/site-packages/airflow/example_dags/tutorial_objectstorage.py
[2025-11-04T22:14:06.451-0300] {logging_mixin.py:188} INFO - [2025-11-04T22:14:06.451-0300] {dag.py:3089} INFO - Sync 1 DAGs
[2025-11-04T22:14:06.461-0300] {logging_mixin.py:188} INFO - [2025-11-04T22:14:06.460-0300] {dag.py:3947} INFO - Setting next_dagrun for tutorial_objectstorage to None, run_after=None
[2025-11-04T22:14:06.489-0300] {processor.py:183} INFO - Processing /Users/joaovitor/airflow_env/lib/python3.11/site-packages/airflow/example_dags/tutorial_objectstorage.py took 0.215 seconds
[2025-11-04T22:16:16.913-0300] {processor.py:161} INFO - Started process (PID=31740) to work on /Users/joaovitor/airflow_env/lib/python3.11/site-packages/airflow/example_dags/tutorial_objectstorage.py
[2025-11-04T22:16:16.914-0300] {processor.py:830} INFO - Processing file /Users/joaovitor/airflow_env/lib/python3.11/site-packages/airflow/example_dags/tutorial_objectstorage.py for tasks to queue
[2025-11-04T22:16:16.915-0300] {logging_mixin.py:188} INFO - [2025-11-04T22:16:16.915-0300] {dagbag.py:545} INFO - Filling up the DagBag from /Users/joaovitor/airflow_env/lib/python3.11/site-packages/airflow/example_dags/tutorial_objectstorage.py
[2025-11-04T22:16:17.002-0300] {processor.py:840} INFO - DAG(s) 'tutorial_objectstorage' retrieved from /Users/joaovitor/airflow_env/lib/python3.11/site-packages/airflow/example_dags/tutorial_objectstorage.py
[2025-11-04T22:16:17.111-0300] {logging_mixin.py:188} INFO - [2025-11-04T22:16:17.111-0300] {dag.py:3089} INFO - Sync 1 DAGs
[2025-11-04T22:16:17.121-0300] {logging_mixin.py:188} INFO - [2025-11-04T22:16:17.121-0300] {dag.py:3947} INFO - Setting next_dagrun for tutorial_objectstorage to None, run_after=None
[2025-11-04T22:16:17.143-0300] {processor.py:183} INFO - Processing /Users/joaovitor/airflow_env/lib/python3.11/site-packages/airflow/example_dags/tutorial_objectstorage.py took 0.234 seconds
[2025-11-04T22:18:08.467-0300] {processor.py:161} INFO - Started process (PID=31780) to work on /Users/joaovitor/airflow_env/lib/python3.11/site-packages/airflow/example_dags/tutorial_objectstorage.py
[2025-11-04T22:18:08.468-0300] {processor.py:830} INFO - Processing file /Users/joaovitor/airflow_env/lib/python3.11/site-packages/airflow/example_dags/tutorial_objectstorage.py for tasks to queue
[2025-11-04T22:18:08.470-0300] {logging_mixin.py:188} INFO - [2025-11-04T22:18:08.469-0300] {dagbag.py:545} INFO - Filling up the DagBag from /Users/joaovitor/airflow_env/lib/python3.11/site-packages/airflow/example_dags/tutorial_objectstorage.py
[2025-11-04T22:18:08.551-0300] {processor.py:840} INFO - DAG(s) 'tutorial_objectstorage' retrieved from /Users/joaovitor/airflow_env/lib/python3.11/site-packages/airflow/example_dags/tutorial_objectstorage.py
[2025-11-04T22:18:08.663-0300] {logging_mixin.py:188} INFO - [2025-11-04T22:18:08.663-0300] {dag.py:3089} INFO - Sync 1 DAGs
[2025-11-04T22:18:08.675-0300] {logging_mixin.py:188} INFO - [2025-11-04T22:18:08.674-0300] {dag.py:3947} INFO - Setting next_dagrun for tutorial_objectstorage to None, run_after=None
[2025-11-04T22:18:08.696-0300] {processor.py:183} INFO - Processing /Users/joaovitor/airflow_env/lib/python3.11/site-packages/airflow/example_dags/tutorial_objectstorage.py took 0.233 seconds
[2025-11-04T22:20:12.718-0300] {processor.py:161} INFO - Started process (PID=31828) to work on /Users/joaovitor/airflow_env/lib/python3.11/site-packages/airflow/example_dags/tutorial_objectstorage.py
[2025-11-04T22:20:12.721-0300] {processor.py:830} INFO - Processing file /Users/joaovitor/airflow_env/lib/python3.11/site-packages/airflow/example_dags/tutorial_objectstorage.py for tasks to queue
[2025-11-04T22:20:12.721-0300] {logging_mixin.py:188} INFO - [2025-11-04T22:20:12.721-0300] {dagbag.py:545} INFO - Filling up the DagBag from /Users/joaovitor/airflow_env/lib/python3.11/site-packages/airflow/example_dags/tutorial_objectstorage.py
[2025-11-04T22:20:12.866-0300] {processor.py:840} INFO - DAG(s) 'tutorial_objectstorage' retrieved from /Users/joaovitor/airflow_env/lib/python3.11/site-packages/airflow/example_dags/tutorial_objectstorage.py
[2025-11-04T22:20:12.968-0300] {logging_mixin.py:188} INFO - [2025-11-04T22:20:12.968-0300] {dag.py:3089} INFO - Sync 1 DAGs
[2025-11-04T22:20:12.978-0300] {logging_mixin.py:188} INFO - [2025-11-04T22:20:12.978-0300] {dag.py:3947} INFO - Setting next_dagrun for tutorial_objectstorage to None, run_after=None
[2025-11-04T22:20:13.001-0300] {processor.py:183} INFO - Processing /Users/joaovitor/airflow_env/lib/python3.11/site-packages/airflow/example_dags/tutorial_objectstorage.py took 0.287 seconds
[2025-11-04T22:22:20.909-0300] {processor.py:161} INFO - Started process (PID=31927) to work on /Users/joaovitor/airflow_env/lib/python3.11/site-packages/airflow/example_dags/tutorial_objectstorage.py
[2025-11-04T22:22:20.911-0300] {processor.py:830} INFO - Processing file /Users/joaovitor/airflow_env/lib/python3.11/site-packages/airflow/example_dags/tutorial_objectstorage.py for tasks to queue
[2025-11-04T22:22:20.913-0300] {logging_mixin.py:188} INFO - [2025-11-04T22:22:20.913-0300] {dagbag.py:545} INFO - Filling up the DagBag from /Users/joaovitor/airflow_env/lib/python3.11/site-packages/airflow/example_dags/tutorial_objectstorage.py
[2025-11-04T22:22:21.055-0300] {processor.py:840} INFO - DAG(s) 'tutorial_objectstorage' retrieved from /Users/joaovitor/airflow_env/lib/python3.11/site-packages/airflow/example_dags/tutorial_objectstorage.py
[2025-11-04T22:22:21.195-0300] {logging_mixin.py:188} INFO - [2025-11-04T22:22:21.195-0300] {dag.py:3089} INFO - Sync 1 DAGs
[2025-11-04T22:22:21.206-0300] {logging_mixin.py:188} INFO - [2025-11-04T22:22:21.205-0300] {dag.py:3947} INFO - Setting next_dagrun for tutorial_objectstorage to None, run_after=None
[2025-11-04T22:22:21.230-0300] {processor.py:183} INFO - Processing /Users/joaovitor/airflow_env/lib/python3.11/site-packages/airflow/example_dags/tutorial_objectstorage.py took 0.327 seconds
[2025-11-04T22:24:26.615-0300] {processor.py:161} INFO - Started process (PID=31968) to work on /Users/joaovitor/airflow_env/lib/python3.11/site-packages/airflow/example_dags/tutorial_objectstorage.py
[2025-11-04T22:24:26.617-0300] {processor.py:830} INFO - Processing file /Users/joaovitor/airflow_env/lib/python3.11/site-packages/airflow/example_dags/tutorial_objectstorage.py for tasks to queue
[2025-11-04T22:24:26.621-0300] {logging_mixin.py:188} INFO - [2025-11-04T22:24:26.619-0300] {dagbag.py:545} INFO - Filling up the DagBag from /Users/joaovitor/airflow_env/lib/python3.11/site-packages/airflow/example_dags/tutorial_objectstorage.py
[2025-11-04T22:24:26.711-0300] {processor.py:840} INFO - DAG(s) 'tutorial_objectstorage' retrieved from /Users/joaovitor/airflow_env/lib/python3.11/site-packages/airflow/example_dags/tutorial_objectstorage.py
[2025-11-04T22:24:26.830-0300] {logging_mixin.py:188} INFO - [2025-11-04T22:24:26.829-0300] {dag.py:3089} INFO - Sync 1 DAGs
[2025-11-04T22:24:26.840-0300] {logging_mixin.py:188} INFO - [2025-11-04T22:24:26.840-0300] {dag.py:3947} INFO - Setting next_dagrun for tutorial_objectstorage to None, run_after=None
[2025-11-04T22:24:26.865-0300] {processor.py:183} INFO - Processing /Users/joaovitor/airflow_env/lib/python3.11/site-packages/airflow/example_dags/tutorial_objectstorage.py took 0.254 seconds
[2025-11-04T22:26:34.142-0300] {processor.py:161} INFO - Started process (PID=32010) to work on /Users/joaovitor/airflow_env/lib/python3.11/site-packages/airflow/example_dags/tutorial_objectstorage.py
[2025-11-04T22:26:34.143-0300] {processor.py:830} INFO - Processing file /Users/joaovitor/airflow_env/lib/python3.11/site-packages/airflow/example_dags/tutorial_objectstorage.py for tasks to queue
[2025-11-04T22:26:34.144-0300] {logging_mixin.py:188} INFO - [2025-11-04T22:26:34.144-0300] {dagbag.py:545} INFO - Filling up the DagBag from /Users/joaovitor/airflow_env/lib/python3.11/site-packages/airflow/example_dags/tutorial_objectstorage.py
[2025-11-04T22:26:34.230-0300] {processor.py:840} INFO - DAG(s) 'tutorial_objectstorage' retrieved from /Users/joaovitor/airflow_env/lib/python3.11/site-packages/airflow/example_dags/tutorial_objectstorage.py
[2025-11-04T22:26:34.342-0300] {logging_mixin.py:188} INFO - [2025-11-04T22:26:34.342-0300] {dag.py:3089} INFO - Sync 1 DAGs
[2025-11-04T22:26:34.354-0300] {logging_mixin.py:188} INFO - [2025-11-04T22:26:34.353-0300] {dag.py:3947} INFO - Setting next_dagrun for tutorial_objectstorage to None, run_after=None
[2025-11-04T22:26:34.381-0300] {processor.py:183} INFO - Processing /Users/joaovitor/airflow_env/lib/python3.11/site-packages/airflow/example_dags/tutorial_objectstorage.py took 0.242 seconds
[2025-11-04T22:28:41.967-0300] {processor.py:161} INFO - Started process (PID=32052) to work on /Users/joaovitor/airflow_env/lib/python3.11/site-packages/airflow/example_dags/tutorial_objectstorage.py
[2025-11-04T22:28:41.968-0300] {processor.py:830} INFO - Processing file /Users/joaovitor/airflow_env/lib/python3.11/site-packages/airflow/example_dags/tutorial_objectstorage.py for tasks to queue
[2025-11-04T22:28:41.968-0300] {logging_mixin.py:188} INFO - [2025-11-04T22:28:41.968-0300] {dagbag.py:545} INFO - Filling up the DagBag from /Users/joaovitor/airflow_env/lib/python3.11/site-packages/airflow/example_dags/tutorial_objectstorage.py
[2025-11-04T22:28:42.053-0300] {processor.py:840} INFO - DAG(s) 'tutorial_objectstorage' retrieved from /Users/joaovitor/airflow_env/lib/python3.11/site-packages/airflow/example_dags/tutorial_objectstorage.py
[2025-11-04T22:28:42.174-0300] {logging_mixin.py:188} INFO - [2025-11-04T22:28:42.174-0300] {dag.py:3089} INFO - Sync 1 DAGs
[2025-11-04T22:28:42.185-0300] {logging_mixin.py:188} INFO - [2025-11-04T22:28:42.185-0300] {dag.py:3947} INFO - Setting next_dagrun for tutorial_objectstorage to None, run_after=None
[2025-11-04T22:28:42.213-0300] {processor.py:183} INFO - Processing /Users/joaovitor/airflow_env/lib/python3.11/site-packages/airflow/example_dags/tutorial_objectstorage.py took 0.250 seconds
[2025-11-04T22:31:05.417-0300] {processor.py:161} INFO - Started process (PID=32147) to work on /Users/joaovitor/airflow_env/lib/python3.11/site-packages/airflow/example_dags/tutorial_objectstorage.py
[2025-11-04T22:31:05.419-0300] {processor.py:830} INFO - Processing file /Users/joaovitor/airflow_env/lib/python3.11/site-packages/airflow/example_dags/tutorial_objectstorage.py for tasks to queue
[2025-11-04T22:31:05.420-0300] {logging_mixin.py:188} INFO - [2025-11-04T22:31:05.420-0300] {dagbag.py:545} INFO - Filling up the DagBag from /Users/joaovitor/airflow_env/lib/python3.11/site-packages/airflow/example_dags/tutorial_objectstorage.py
[2025-11-04T22:31:05.569-0300] {processor.py:840} INFO - DAG(s) 'tutorial_objectstorage' retrieved from /Users/joaovitor/airflow_env/lib/python3.11/site-packages/airflow/example_dags/tutorial_objectstorage.py
[2025-11-04T22:31:05.704-0300] {logging_mixin.py:188} INFO - [2025-11-04T22:31:05.703-0300] {dag.py:3089} INFO - Sync 1 DAGs
[2025-11-04T22:31:05.714-0300] {logging_mixin.py:188} INFO - [2025-11-04T22:31:05.714-0300] {dag.py:3947} INFO - Setting next_dagrun for tutorial_objectstorage to None, run_after=None
[2025-11-04T22:31:05.740-0300] {processor.py:183} INFO - Processing /Users/joaovitor/airflow_env/lib/python3.11/site-packages/airflow/example_dags/tutorial_objectstorage.py took 0.325 seconds
[2025-11-04T22:33:39.662-0300] {processor.py:161} INFO - Started process (PID=32245) to work on /Users/joaovitor/airflow_env/lib/python3.11/site-packages/airflow/example_dags/tutorial_objectstorage.py
[2025-11-04T22:33:39.665-0300] {processor.py:830} INFO - Processing file /Users/joaovitor/airflow_env/lib/python3.11/site-packages/airflow/example_dags/tutorial_objectstorage.py for tasks to queue
[2025-11-04T22:33:39.666-0300] {logging_mixin.py:188} INFO - [2025-11-04T22:33:39.665-0300] {dagbag.py:545} INFO - Filling up the DagBag from /Users/joaovitor/airflow_env/lib/python3.11/site-packages/airflow/example_dags/tutorial_objectstorage.py
[2025-11-04T22:33:39.806-0300] {processor.py:840} INFO - DAG(s) 'tutorial_objectstorage' retrieved from /Users/joaovitor/airflow_env/lib/python3.11/site-packages/airflow/example_dags/tutorial_objectstorage.py
[2025-11-04T22:33:39.907-0300] {logging_mixin.py:188} INFO - [2025-11-04T22:33:39.907-0300] {dag.py:3089} INFO - Sync 1 DAGs
[2025-11-04T22:33:39.918-0300] {logging_mixin.py:188} INFO - [2025-11-04T22:33:39.918-0300] {dag.py:3947} INFO - Setting next_dagrun for tutorial_objectstorage to None, run_after=None
[2025-11-04T22:33:39.941-0300] {processor.py:183} INFO - Processing /Users/joaovitor/airflow_env/lib/python3.11/site-packages/airflow/example_dags/tutorial_objectstorage.py took 0.281 seconds
[2025-11-04T22:35:59.728-0300] {processor.py:161} INFO - Started process (PID=32421) to work on /Users/joaovitor/airflow_env/lib/python3.11/site-packages/airflow/example_dags/tutorial_objectstorage.py
[2025-11-04T22:35:59.730-0300] {processor.py:830} INFO - Processing file /Users/joaovitor/airflow_env/lib/python3.11/site-packages/airflow/example_dags/tutorial_objectstorage.py for tasks to queue
[2025-11-04T22:35:59.731-0300] {logging_mixin.py:188} INFO - [2025-11-04T22:35:59.731-0300] {dagbag.py:545} INFO - Filling up the DagBag from /Users/joaovitor/airflow_env/lib/python3.11/site-packages/airflow/example_dags/tutorial_objectstorage.py
[2025-11-04T22:35:59.876-0300] {processor.py:840} INFO - DAG(s) 'tutorial_objectstorage' retrieved from /Users/joaovitor/airflow_env/lib/python3.11/site-packages/airflow/example_dags/tutorial_objectstorage.py
[2025-11-04T22:35:59.980-0300] {logging_mixin.py:188} INFO - [2025-11-04T22:35:59.980-0300] {dag.py:3089} INFO - Sync 1 DAGs
[2025-11-04T22:35:59.990-0300] {logging_mixin.py:188} INFO - [2025-11-04T22:35:59.990-0300] {dag.py:3947} INFO - Setting next_dagrun for tutorial_objectstorage to None, run_after=None
[2025-11-04T22:36:00.016-0300] {processor.py:183} INFO - Processing /Users/joaovitor/airflow_env/lib/python3.11/site-packages/airflow/example_dags/tutorial_objectstorage.py took 0.291 seconds
[2025-11-04T22:38:19.242-0300] {processor.py:161} INFO - Started process (PID=32649) to work on /Users/joaovitor/airflow_env/lib/python3.11/site-packages/airflow/example_dags/tutorial_objectstorage.py
[2025-11-04T22:38:19.244-0300] {processor.py:830} INFO - Processing file /Users/joaovitor/airflow_env/lib/python3.11/site-packages/airflow/example_dags/tutorial_objectstorage.py for tasks to queue
[2025-11-04T22:38:19.245-0300] {logging_mixin.py:188} INFO - [2025-11-04T22:38:19.245-0300] {dagbag.py:545} INFO - Filling up the DagBag from /Users/joaovitor/airflow_env/lib/python3.11/site-packages/airflow/example_dags/tutorial_objectstorage.py
[2025-11-04T22:38:19.393-0300] {processor.py:840} INFO - DAG(s) 'tutorial_objectstorage' retrieved from /Users/joaovitor/airflow_env/lib/python3.11/site-packages/airflow/example_dags/tutorial_objectstorage.py
[2025-11-04T22:38:19.703-0300] {logging_mixin.py:188} INFO - [2025-11-04T22:38:19.702-0300] {dag.py:3089} INFO - Sync 1 DAGs
[2025-11-04T22:38:19.728-0300] {logging_mixin.py:188} INFO - [2025-11-04T22:38:19.728-0300] {dag.py:3947} INFO - Setting next_dagrun for tutorial_objectstorage to None, run_after=None
[2025-11-04T22:38:19.750-0300] {processor.py:183} INFO - Processing /Users/joaovitor/airflow_env/lib/python3.11/site-packages/airflow/example_dags/tutorial_objectstorage.py took 0.511 seconds
[2025-11-04T22:40:43.361-0300] {processor.py:161} INFO - Started process (PID=32700) to work on /Users/joaovitor/airflow_env/lib/python3.11/site-packages/airflow/example_dags/tutorial_objectstorage.py
[2025-11-04T22:40:43.363-0300] {processor.py:830} INFO - Processing file /Users/joaovitor/airflow_env/lib/python3.11/site-packages/airflow/example_dags/tutorial_objectstorage.py for tasks to queue
[2025-11-04T22:40:43.364-0300] {logging_mixin.py:188} INFO - [2025-11-04T22:40:43.364-0300] {dagbag.py:545} INFO - Filling up the DagBag from /Users/joaovitor/airflow_env/lib/python3.11/site-packages/airflow/example_dags/tutorial_objectstorage.py
[2025-11-04T22:40:43.543-0300] {processor.py:840} INFO - DAG(s) 'tutorial_objectstorage' retrieved from /Users/joaovitor/airflow_env/lib/python3.11/site-packages/airflow/example_dags/tutorial_objectstorage.py
[2025-11-04T22:40:43.673-0300] {logging_mixin.py:188} INFO - [2025-11-04T22:40:43.672-0300] {dag.py:3089} INFO - Sync 1 DAGs
[2025-11-04T22:40:43.685-0300] {logging_mixin.py:188} INFO - [2025-11-04T22:40:43.684-0300] {dag.py:3947} INFO - Setting next_dagrun for tutorial_objectstorage to None, run_after=None
[2025-11-04T22:40:43.719-0300] {processor.py:183} INFO - Processing /Users/joaovitor/airflow_env/lib/python3.11/site-packages/airflow/example_dags/tutorial_objectstorage.py took 0.362 seconds
[2025-11-04T22:43:09.371-0300] {processor.py:161} INFO - Started process (PID=32758) to work on /Users/joaovitor/airflow_env/lib/python3.11/site-packages/airflow/example_dags/tutorial_objectstorage.py
[2025-11-04T22:43:09.373-0300] {processor.py:830} INFO - Processing file /Users/joaovitor/airflow_env/lib/python3.11/site-packages/airflow/example_dags/tutorial_objectstorage.py for tasks to queue
[2025-11-04T22:43:09.374-0300] {logging_mixin.py:188} INFO - [2025-11-04T22:43:09.374-0300] {dagbag.py:545} INFO - Filling up the DagBag from /Users/joaovitor/airflow_env/lib/python3.11/site-packages/airflow/example_dags/tutorial_objectstorage.py
[2025-11-04T22:43:09.527-0300] {processor.py:840} INFO - DAG(s) 'tutorial_objectstorage' retrieved from /Users/joaovitor/airflow_env/lib/python3.11/site-packages/airflow/example_dags/tutorial_objectstorage.py
[2025-11-04T22:43:09.644-0300] {logging_mixin.py:188} INFO - [2025-11-04T22:43:09.644-0300] {dag.py:3089} INFO - Sync 1 DAGs
[2025-11-04T22:43:09.659-0300] {logging_mixin.py:188} INFO - [2025-11-04T22:43:09.659-0300] {dag.py:3947} INFO - Setting next_dagrun for tutorial_objectstorage to None, run_after=None
[2025-11-04T22:43:09.686-0300] {processor.py:183} INFO - Processing /Users/joaovitor/airflow_env/lib/python3.11/site-packages/airflow/example_dags/tutorial_objectstorage.py took 0.317 seconds
[2025-11-04T22:45:24.956-0300] {processor.py:161} INFO - Started process (PID=32810) to work on /Users/joaovitor/airflow_env/lib/python3.11/site-packages/airflow/example_dags/tutorial_objectstorage.py
[2025-11-04T22:45:24.957-0300] {processor.py:830} INFO - Processing file /Users/joaovitor/airflow_env/lib/python3.11/site-packages/airflow/example_dags/tutorial_objectstorage.py for tasks to queue
[2025-11-04T22:45:24.959-0300] {logging_mixin.py:188} INFO - [2025-11-04T22:45:24.958-0300] {dagbag.py:545} INFO - Filling up the DagBag from /Users/joaovitor/airflow_env/lib/python3.11/site-packages/airflow/example_dags/tutorial_objectstorage.py
[2025-11-04T22:45:25.046-0300] {processor.py:840} INFO - DAG(s) 'tutorial_objectstorage' retrieved from /Users/joaovitor/airflow_env/lib/python3.11/site-packages/airflow/example_dags/tutorial_objectstorage.py
[2025-11-04T22:45:25.203-0300] {logging_mixin.py:188} INFO - [2025-11-04T22:45:25.203-0300] {dag.py:3089} INFO - Sync 1 DAGs
[2025-11-04T22:45:25.221-0300] {logging_mixin.py:188} INFO - [2025-11-04T22:45:25.221-0300] {dag.py:3947} INFO - Setting next_dagrun for tutorial_objectstorage to None, run_after=None
[2025-11-04T22:45:25.282-0300] {processor.py:183} INFO - Processing /Users/joaovitor/airflow_env/lib/python3.11/site-packages/airflow/example_dags/tutorial_objectstorage.py took 0.329 seconds
[2025-11-04T22:47:41.825-0300] {processor.py:161} INFO - Started process (PID=32866) to work on /Users/joaovitor/airflow_env/lib/python3.11/site-packages/airflow/example_dags/tutorial_objectstorage.py
[2025-11-04T22:47:41.826-0300] {processor.py:830} INFO - Processing file /Users/joaovitor/airflow_env/lib/python3.11/site-packages/airflow/example_dags/tutorial_objectstorage.py for tasks to queue
[2025-11-04T22:47:41.827-0300] {logging_mixin.py:188} INFO - [2025-11-04T22:47:41.827-0300] {dagbag.py:545} INFO - Filling up the DagBag from /Users/joaovitor/airflow_env/lib/python3.11/site-packages/airflow/example_dags/tutorial_objectstorage.py
[2025-11-04T22:47:41.929-0300] {processor.py:840} INFO - DAG(s) 'tutorial_objectstorage' retrieved from /Users/joaovitor/airflow_env/lib/python3.11/site-packages/airflow/example_dags/tutorial_objectstorage.py
[2025-11-04T22:47:42.045-0300] {logging_mixin.py:188} INFO - [2025-11-04T22:47:42.044-0300] {dag.py:3089} INFO - Sync 1 DAGs
[2025-11-04T22:47:42.059-0300] {logging_mixin.py:188} INFO - [2025-11-04T22:47:42.058-0300] {dag.py:3947} INFO - Setting next_dagrun for tutorial_objectstorage to None, run_after=None
[2025-11-04T22:47:42.080-0300] {processor.py:183} INFO - Processing /Users/joaovitor/airflow_env/lib/python3.11/site-packages/airflow/example_dags/tutorial_objectstorage.py took 0.257 seconds
[2025-11-04T22:49:53.394-0300] {processor.py:161} INFO - Started process (PID=32936) to work on /Users/joaovitor/airflow_env/lib/python3.11/site-packages/airflow/example_dags/tutorial_objectstorage.py
[2025-11-04T22:49:53.396-0300] {processor.py:830} INFO - Processing file /Users/joaovitor/airflow_env/lib/python3.11/site-packages/airflow/example_dags/tutorial_objectstorage.py for tasks to queue
[2025-11-04T22:49:53.398-0300] {logging_mixin.py:188} INFO - [2025-11-04T22:49:53.397-0300] {dagbag.py:545} INFO - Filling up the DagBag from /Users/joaovitor/airflow_env/lib/python3.11/site-packages/airflow/example_dags/tutorial_objectstorage.py
[2025-11-04T22:49:53.564-0300] {processor.py:840} INFO - DAG(s) 'tutorial_objectstorage' retrieved from /Users/joaovitor/airflow_env/lib/python3.11/site-packages/airflow/example_dags/tutorial_objectstorage.py
[2025-11-04T22:49:53.679-0300] {logging_mixin.py:188} INFO - [2025-11-04T22:49:53.679-0300] {dag.py:3089} INFO - Sync 1 DAGs
[2025-11-04T22:49:53.691-0300] {logging_mixin.py:188} INFO - [2025-11-04T22:49:53.691-0300] {dag.py:3947} INFO - Setting next_dagrun for tutorial_objectstorage to None, run_after=None
[2025-11-04T22:49:53.719-0300] {processor.py:183} INFO - Processing /Users/joaovitor/airflow_env/lib/python3.11/site-packages/airflow/example_dags/tutorial_objectstorage.py took 0.327 seconds
[2025-11-04T22:52:08.109-0300] {processor.py:161} INFO - Started process (PID=32982) to work on /Users/joaovitor/airflow_env/lib/python3.11/site-packages/airflow/example_dags/tutorial_objectstorage.py
[2025-11-04T22:52:08.111-0300] {processor.py:830} INFO - Processing file /Users/joaovitor/airflow_env/lib/python3.11/site-packages/airflow/example_dags/tutorial_objectstorage.py for tasks to queue
[2025-11-04T22:52:08.115-0300] {logging_mixin.py:188} INFO - [2025-11-04T22:52:08.112-0300] {dagbag.py:545} INFO - Filling up the DagBag from /Users/joaovitor/airflow_env/lib/python3.11/site-packages/airflow/example_dags/tutorial_objectstorage.py
[2025-11-04T22:52:08.264-0300] {processor.py:840} INFO - DAG(s) 'tutorial_objectstorage' retrieved from /Users/joaovitor/airflow_env/lib/python3.11/site-packages/airflow/example_dags/tutorial_objectstorage.py
[2025-11-04T22:52:08.378-0300] {logging_mixin.py:188} INFO - [2025-11-04T22:52:08.378-0300] {dag.py:3089} INFO - Sync 1 DAGs
[2025-11-04T22:52:08.390-0300] {logging_mixin.py:188} INFO - [2025-11-04T22:52:08.390-0300] {dag.py:3947} INFO - Setting next_dagrun for tutorial_objectstorage to None, run_after=None
[2025-11-04T22:52:08.417-0300] {processor.py:183} INFO - Processing /Users/joaovitor/airflow_env/lib/python3.11/site-packages/airflow/example_dags/tutorial_objectstorage.py took 0.310 seconds
[2025-11-04T22:54:35.318-0300] {processor.py:161} INFO - Started process (PID=33036) to work on /Users/joaovitor/airflow_env/lib/python3.11/site-packages/airflow/example_dags/tutorial_objectstorage.py
[2025-11-04T22:54:35.320-0300] {processor.py:830} INFO - Processing file /Users/joaovitor/airflow_env/lib/python3.11/site-packages/airflow/example_dags/tutorial_objectstorage.py for tasks to queue
[2025-11-04T22:54:35.321-0300] {logging_mixin.py:188} INFO - [2025-11-04T22:54:35.321-0300] {dagbag.py:545} INFO - Filling up the DagBag from /Users/joaovitor/airflow_env/lib/python3.11/site-packages/airflow/example_dags/tutorial_objectstorage.py
[2025-11-04T22:54:35.468-0300] {processor.py:840} INFO - DAG(s) 'tutorial_objectstorage' retrieved from /Users/joaovitor/airflow_env/lib/python3.11/site-packages/airflow/example_dags/tutorial_objectstorage.py
[2025-11-04T22:54:35.587-0300] {logging_mixin.py:188} INFO - [2025-11-04T22:54:35.586-0300] {dag.py:3089} INFO - Sync 1 DAGs
[2025-11-04T22:54:35.598-0300] {logging_mixin.py:188} INFO - [2025-11-04T22:54:35.598-0300] {dag.py:3947} INFO - Setting next_dagrun for tutorial_objectstorage to None, run_after=None
[2025-11-04T22:54:35.621-0300] {processor.py:183} INFO - Processing /Users/joaovitor/airflow_env/lib/python3.11/site-packages/airflow/example_dags/tutorial_objectstorage.py took 0.306 seconds
[2025-11-04T22:56:47.529-0300] {processor.py:161} INFO - Started process (PID=33079) to work on /Users/joaovitor/airflow_env/lib/python3.11/site-packages/airflow/example_dags/tutorial_objectstorage.py
[2025-11-04T22:56:47.531-0300] {processor.py:830} INFO - Processing file /Users/joaovitor/airflow_env/lib/python3.11/site-packages/airflow/example_dags/tutorial_objectstorage.py for tasks to queue
[2025-11-04T22:56:47.531-0300] {logging_mixin.py:188} INFO - [2025-11-04T22:56:47.531-0300] {dagbag.py:545} INFO - Filling up the DagBag from /Users/joaovitor/airflow_env/lib/python3.11/site-packages/airflow/example_dags/tutorial_objectstorage.py
[2025-11-04T22:56:47.622-0300] {processor.py:840} INFO - DAG(s) 'tutorial_objectstorage' retrieved from /Users/joaovitor/airflow_env/lib/python3.11/site-packages/airflow/example_dags/tutorial_objectstorage.py
[2025-11-04T22:56:47.733-0300] {logging_mixin.py:188} INFO - [2025-11-04T22:56:47.732-0300] {dag.py:3089} INFO - Sync 1 DAGs
[2025-11-04T22:56:47.747-0300] {logging_mixin.py:188} INFO - [2025-11-04T22:56:47.747-0300] {dag.py:3947} INFO - Setting next_dagrun for tutorial_objectstorage to None, run_after=None
[2025-11-04T22:56:47.770-0300] {processor.py:183} INFO - Processing /Users/joaovitor/airflow_env/lib/python3.11/site-packages/airflow/example_dags/tutorial_objectstorage.py took 0.243 seconds
[2025-11-04T22:58:59.818-0300] {processor.py:161} INFO - Started process (PID=33121) to work on /Users/joaovitor/airflow_env/lib/python3.11/site-packages/airflow/example_dags/tutorial_objectstorage.py
[2025-11-04T22:58:59.819-0300] {processor.py:830} INFO - Processing file /Users/joaovitor/airflow_env/lib/python3.11/site-packages/airflow/example_dags/tutorial_objectstorage.py for tasks to queue
[2025-11-04T22:58:59.821-0300] {logging_mixin.py:188} INFO - [2025-11-04T22:58:59.821-0300] {dagbag.py:545} INFO - Filling up the DagBag from /Users/joaovitor/airflow_env/lib/python3.11/site-packages/airflow/example_dags/tutorial_objectstorage.py
[2025-11-04T22:58:59.959-0300] {processor.py:840} INFO - DAG(s) 'tutorial_objectstorage' retrieved from /Users/joaovitor/airflow_env/lib/python3.11/site-packages/airflow/example_dags/tutorial_objectstorage.py
[2025-11-04T22:59:00.070-0300] {logging_mixin.py:188} INFO - [2025-11-04T22:59:00.070-0300] {dag.py:3089} INFO - Sync 1 DAGs
[2025-11-04T22:59:00.082-0300] {logging_mixin.py:188} INFO - [2025-11-04T22:59:00.082-0300] {dag.py:3947} INFO - Setting next_dagrun for tutorial_objectstorage to None, run_after=None
[2025-11-04T22:59:00.111-0300] {processor.py:183} INFO - Processing /Users/joaovitor/airflow_env/lib/python3.11/site-packages/airflow/example_dags/tutorial_objectstorage.py took 0.296 seconds
[2025-11-04T23:01:25.534-0300] {processor.py:161} INFO - Started process (PID=33170) to work on /Users/joaovitor/airflow_env/lib/python3.11/site-packages/airflow/example_dags/tutorial_objectstorage.py
[2025-11-04T23:01:25.537-0300] {processor.py:830} INFO - Processing file /Users/joaovitor/airflow_env/lib/python3.11/site-packages/airflow/example_dags/tutorial_objectstorage.py for tasks to queue
[2025-11-04T23:01:25.538-0300] {logging_mixin.py:188} INFO - [2025-11-04T23:01:25.538-0300] {dagbag.py:545} INFO - Filling up the DagBag from /Users/joaovitor/airflow_env/lib/python3.11/site-packages/airflow/example_dags/tutorial_objectstorage.py
[2025-11-04T23:01:25.681-0300] {processor.py:840} INFO - DAG(s) 'tutorial_objectstorage' retrieved from /Users/joaovitor/airflow_env/lib/python3.11/site-packages/airflow/example_dags/tutorial_objectstorage.py
[2025-11-04T23:01:25.797-0300] {logging_mixin.py:188} INFO - [2025-11-04T23:01:25.796-0300] {dag.py:3089} INFO - Sync 1 DAGs
[2025-11-04T23:01:25.810-0300] {logging_mixin.py:188} INFO - [2025-11-04T23:01:25.810-0300] {dag.py:3947} INFO - Setting next_dagrun for tutorial_objectstorage to None, run_after=None
[2025-11-04T23:01:25.838-0300] {processor.py:183} INFO - Processing /Users/joaovitor/airflow_env/lib/python3.11/site-packages/airflow/example_dags/tutorial_objectstorage.py took 0.308 seconds
[2025-11-04T23:03:47.068-0300] {processor.py:161} INFO - Started process (PID=33236) to work on /Users/joaovitor/airflow_env/lib/python3.11/site-packages/airflow/example_dags/tutorial_objectstorage.py
[2025-11-04T23:03:47.070-0300] {processor.py:830} INFO - Processing file /Users/joaovitor/airflow_env/lib/python3.11/site-packages/airflow/example_dags/tutorial_objectstorage.py for tasks to queue
[2025-11-04T23:03:47.071-0300] {logging_mixin.py:188} INFO - [2025-11-04T23:03:47.071-0300] {dagbag.py:545} INFO - Filling up the DagBag from /Users/joaovitor/airflow_env/lib/python3.11/site-packages/airflow/example_dags/tutorial_objectstorage.py
[2025-11-04T23:03:47.195-0300] {processor.py:840} INFO - DAG(s) 'tutorial_objectstorage' retrieved from /Users/joaovitor/airflow_env/lib/python3.11/site-packages/airflow/example_dags/tutorial_objectstorage.py
[2025-11-04T23:03:47.317-0300] {logging_mixin.py:188} INFO - [2025-11-04T23:03:47.317-0300] {dag.py:3089} INFO - Sync 1 DAGs
[2025-11-04T23:03:47.332-0300] {logging_mixin.py:188} INFO - [2025-11-04T23:03:47.331-0300] {dag.py:3947} INFO - Setting next_dagrun for tutorial_objectstorage to None, run_after=None
[2025-11-04T23:03:47.356-0300] {processor.py:183} INFO - Processing /Users/joaovitor/airflow_env/lib/python3.11/site-packages/airflow/example_dags/tutorial_objectstorage.py took 0.291 seconds
