[2025-11-04T21:45:56.854-0300] {processor.py:161} INFO - Started process (PID=31058) to work on /Users/joaovitor/airflow_env/lib/python3.11/site-packages/airflow/example_dags/tutorial_dag.py
[2025-11-04T21:45:56.855-0300] {processor.py:830} INFO - Processing file /Users/joaovitor/airflow_env/lib/python3.11/site-packages/airflow/example_dags/tutorial_dag.py for tasks to queue
[2025-11-04T21:45:56.856-0300] {logging_mixin.py:188} INFO - [2025-11-04T21:45:56.856-0300] {dagbag.py:545} INFO - Filling up the DagBag from /Users/joaovitor/airflow_env/lib/python3.11/site-packages/airflow/example_dags/tutorial_dag.py
[2025-11-04T21:45:56.889-0300] {processor.py:840} INFO - DAG(s) 'tutorial_dag' retrieved from /Users/joaovitor/airflow_env/lib/python3.11/site-packages/airflow/example_dags/tutorial_dag.py
[2025-11-04T21:45:57.129-0300] {logging_mixin.py:188} INFO - [2025-11-04T21:45:57.129-0300] {override.py:1858} INFO - Created Permission View: can delete on DAG:tutorial_dag
[2025-11-04T21:45:57.140-0300] {logging_mixin.py:188} INFO - [2025-11-04T21:45:57.139-0300] {override.py:1858} INFO - Created Permission View: can read on DAG:tutorial_dag
[2025-11-04T21:45:57.149-0300] {logging_mixin.py:188} INFO - [2025-11-04T21:45:57.149-0300] {override.py:1858} INFO - Created Permission View: can edit on DAG:tutorial_dag
[2025-11-04T21:45:57.150-0300] {logging_mixin.py:188} INFO - [2025-11-04T21:45:57.149-0300] {dag.py:3089} INFO - Sync 1 DAGs
[2025-11-04T21:45:57.162-0300] {logging_mixin.py:188} INFO - [2025-11-04T21:45:57.162-0300] {dag.py:3111} INFO - Creating ORM DAG for tutorial_dag
[2025-11-04T21:45:57.163-0300] {logging_mixin.py:188} INFO - [2025-11-04T21:45:57.163-0300] {dag.py:3947} INFO - Setting next_dagrun for tutorial_dag to None, run_after=None
[2025-11-04T21:45:57.186-0300] {processor.py:183} INFO - Processing /Users/joaovitor/airflow_env/lib/python3.11/site-packages/airflow/example_dags/tutorial_dag.py took 0.335 seconds
[2025-11-04T21:48:55.060-0300] {processor.py:161} INFO - Started process (PID=31150) to work on /Users/joaovitor/airflow_env/lib/python3.11/site-packages/airflow/example_dags/tutorial_dag.py
[2025-11-04T21:48:55.062-0300] {processor.py:830} INFO - Processing file /Users/joaovitor/airflow_env/lib/python3.11/site-packages/airflow/example_dags/tutorial_dag.py for tasks to queue
[2025-11-04T21:48:55.063-0300] {logging_mixin.py:188} INFO - [2025-11-04T21:48:55.063-0300] {dagbag.py:545} INFO - Filling up the DagBag from /Users/joaovitor/airflow_env/lib/python3.11/site-packages/airflow/example_dags/tutorial_dag.py
[2025-11-04T21:48:55.089-0300] {processor.py:840} INFO - DAG(s) 'tutorial_dag' retrieved from /Users/joaovitor/airflow_env/lib/python3.11/site-packages/airflow/example_dags/tutorial_dag.py
[2025-11-04T21:48:55.189-0300] {logging_mixin.py:188} INFO - [2025-11-04T21:48:55.187-0300] {dag.py:3089} INFO - Sync 1 DAGs
[2025-11-04T21:48:55.198-0300] {logging_mixin.py:188} INFO - [2025-11-04T21:48:55.198-0300] {dag.py:3947} INFO - Setting next_dagrun for tutorial_dag to None, run_after=None
[2025-11-04T21:48:55.218-0300] {processor.py:183} INFO - Processing /Users/joaovitor/airflow_env/lib/python3.11/site-packages/airflow/example_dags/tutorial_dag.py took 0.161 seconds
[2025-11-04T21:51:20.119-0300] {processor.py:161} INFO - Started process (PID=31220) to work on /Users/joaovitor/airflow_env/lib/python3.11/site-packages/airflow/example_dags/tutorial_dag.py
[2025-11-04T21:51:20.121-0300] {processor.py:830} INFO - Processing file /Users/joaovitor/airflow_env/lib/python3.11/site-packages/airflow/example_dags/tutorial_dag.py for tasks to queue
[2025-11-04T21:51:20.122-0300] {logging_mixin.py:188} INFO - [2025-11-04T21:51:20.122-0300] {dagbag.py:545} INFO - Filling up the DagBag from /Users/joaovitor/airflow_env/lib/python3.11/site-packages/airflow/example_dags/tutorial_dag.py
[2025-11-04T21:51:20.147-0300] {processor.py:840} INFO - DAG(s) 'tutorial_dag' retrieved from /Users/joaovitor/airflow_env/lib/python3.11/site-packages/airflow/example_dags/tutorial_dag.py
[2025-11-04T21:51:20.248-0300] {logging_mixin.py:188} INFO - [2025-11-04T21:51:20.246-0300] {dag.py:3089} INFO - Sync 1 DAGs
[2025-11-04T21:51:20.257-0300] {logging_mixin.py:188} INFO - [2025-11-04T21:51:20.257-0300] {dag.py:3947} INFO - Setting next_dagrun for tutorial_dag to None, run_after=None
[2025-11-04T21:51:20.278-0300] {processor.py:183} INFO - Processing /Users/joaovitor/airflow_env/lib/python3.11/site-packages/airflow/example_dags/tutorial_dag.py took 0.162 seconds
[2025-11-04T21:53:14.761-0300] {processor.py:161} INFO - Started process (PID=31262) to work on /Users/joaovitor/airflow_env/lib/python3.11/site-packages/airflow/example_dags/tutorial_dag.py
[2025-11-04T21:53:14.762-0300] {processor.py:830} INFO - Processing file /Users/joaovitor/airflow_env/lib/python3.11/site-packages/airflow/example_dags/tutorial_dag.py for tasks to queue
[2025-11-04T21:53:14.763-0300] {logging_mixin.py:188} INFO - [2025-11-04T21:53:14.763-0300] {dagbag.py:545} INFO - Filling up the DagBag from /Users/joaovitor/airflow_env/lib/python3.11/site-packages/airflow/example_dags/tutorial_dag.py
[2025-11-04T21:53:14.795-0300] {processor.py:840} INFO - DAG(s) 'tutorial_dag' retrieved from /Users/joaovitor/airflow_env/lib/python3.11/site-packages/airflow/example_dags/tutorial_dag.py
[2025-11-04T21:53:14.912-0300] {logging_mixin.py:188} INFO - [2025-11-04T21:53:14.910-0300] {dag.py:3089} INFO - Sync 1 DAGs
[2025-11-04T21:53:14.922-0300] {logging_mixin.py:188} INFO - [2025-11-04T21:53:14.922-0300] {dag.py:3947} INFO - Setting next_dagrun for tutorial_dag to None, run_after=None
[2025-11-04T21:53:14.942-0300] {processor.py:183} INFO - Processing /Users/joaovitor/airflow_env/lib/python3.11/site-packages/airflow/example_dags/tutorial_dag.py took 0.185 seconds
[2025-11-04T21:55:09.343-0300] {processor.py:161} INFO - Started process (PID=31303) to work on /Users/joaovitor/airflow_env/lib/python3.11/site-packages/airflow/example_dags/tutorial_dag.py
[2025-11-04T21:55:09.344-0300] {processor.py:830} INFO - Processing file /Users/joaovitor/airflow_env/lib/python3.11/site-packages/airflow/example_dags/tutorial_dag.py for tasks to queue
[2025-11-04T21:55:09.345-0300] {logging_mixin.py:188} INFO - [2025-11-04T21:55:09.345-0300] {dagbag.py:545} INFO - Filling up the DagBag from /Users/joaovitor/airflow_env/lib/python3.11/site-packages/airflow/example_dags/tutorial_dag.py
[2025-11-04T21:55:09.369-0300] {processor.py:840} INFO - DAG(s) 'tutorial_dag' retrieved from /Users/joaovitor/airflow_env/lib/python3.11/site-packages/airflow/example_dags/tutorial_dag.py
[2025-11-04T21:55:09.470-0300] {logging_mixin.py:188} INFO - [2025-11-04T21:55:09.468-0300] {dag.py:3089} INFO - Sync 1 DAGs
[2025-11-04T21:55:09.480-0300] {logging_mixin.py:188} INFO - [2025-11-04T21:55:09.480-0300] {dag.py:3947} INFO - Setting next_dagrun for tutorial_dag to None, run_after=None
[2025-11-04T21:55:09.502-0300] {processor.py:183} INFO - Processing /Users/joaovitor/airflow_env/lib/python3.11/site-packages/airflow/example_dags/tutorial_dag.py took 0.162 seconds
[2025-11-04T21:56:59.060-0300] {processor.py:161} INFO - Started process (PID=31344) to work on /Users/joaovitor/airflow_env/lib/python3.11/site-packages/airflow/example_dags/tutorial_dag.py
[2025-11-04T21:56:59.060-0300] {processor.py:830} INFO - Processing file /Users/joaovitor/airflow_env/lib/python3.11/site-packages/airflow/example_dags/tutorial_dag.py for tasks to queue
[2025-11-04T21:56:59.061-0300] {logging_mixin.py:188} INFO - [2025-11-04T21:56:59.061-0300] {dagbag.py:545} INFO - Filling up the DagBag from /Users/joaovitor/airflow_env/lib/python3.11/site-packages/airflow/example_dags/tutorial_dag.py
[2025-11-04T21:56:59.087-0300] {processor.py:840} INFO - DAG(s) 'tutorial_dag' retrieved from /Users/joaovitor/airflow_env/lib/python3.11/site-packages/airflow/example_dags/tutorial_dag.py
[2025-11-04T21:56:59.200-0300] {logging_mixin.py:188} INFO - [2025-11-04T21:56:59.199-0300] {dag.py:3089} INFO - Sync 1 DAGs
[2025-11-04T21:56:59.211-0300] {logging_mixin.py:188} INFO - [2025-11-04T21:56:59.211-0300] {dag.py:3947} INFO - Setting next_dagrun for tutorial_dag to None, run_after=None
[2025-11-04T21:56:59.234-0300] {processor.py:183} INFO - Processing /Users/joaovitor/airflow_env/lib/python3.11/site-packages/airflow/example_dags/tutorial_dag.py took 0.179 seconds
[2025-11-04T21:58:50.480-0300] {processor.py:161} INFO - Started process (PID=31383) to work on /Users/joaovitor/airflow_env/lib/python3.11/site-packages/airflow/example_dags/tutorial_dag.py
[2025-11-04T21:58:50.480-0300] {processor.py:830} INFO - Processing file /Users/joaovitor/airflow_env/lib/python3.11/site-packages/airflow/example_dags/tutorial_dag.py for tasks to queue
[2025-11-04T21:58:50.481-0300] {logging_mixin.py:188} INFO - [2025-11-04T21:58:50.481-0300] {dagbag.py:545} INFO - Filling up the DagBag from /Users/joaovitor/airflow_env/lib/python3.11/site-packages/airflow/example_dags/tutorial_dag.py
[2025-11-04T21:58:50.513-0300] {processor.py:840} INFO - DAG(s) 'tutorial_dag' retrieved from /Users/joaovitor/airflow_env/lib/python3.11/site-packages/airflow/example_dags/tutorial_dag.py
[2025-11-04T21:58:50.615-0300] {logging_mixin.py:188} INFO - [2025-11-04T21:58:50.614-0300] {dag.py:3089} INFO - Sync 1 DAGs
[2025-11-04T21:58:50.625-0300] {logging_mixin.py:188} INFO - [2025-11-04T21:58:50.625-0300] {dag.py:3947} INFO - Setting next_dagrun for tutorial_dag to None, run_after=None
[2025-11-04T21:58:50.645-0300] {processor.py:183} INFO - Processing /Users/joaovitor/airflow_env/lib/python3.11/site-packages/airflow/example_dags/tutorial_dag.py took 0.168 seconds
[2025-11-04T22:00:43.156-0300] {processor.py:161} INFO - Started process (PID=31423) to work on /Users/joaovitor/airflow_env/lib/python3.11/site-packages/airflow/example_dags/tutorial_dag.py
[2025-11-04T22:00:43.157-0300] {processor.py:830} INFO - Processing file /Users/joaovitor/airflow_env/lib/python3.11/site-packages/airflow/example_dags/tutorial_dag.py for tasks to queue
[2025-11-04T22:00:43.158-0300] {logging_mixin.py:188} INFO - [2025-11-04T22:00:43.158-0300] {dagbag.py:545} INFO - Filling up the DagBag from /Users/joaovitor/airflow_env/lib/python3.11/site-packages/airflow/example_dags/tutorial_dag.py
[2025-11-04T22:00:43.182-0300] {processor.py:840} INFO - DAG(s) 'tutorial_dag' retrieved from /Users/joaovitor/airflow_env/lib/python3.11/site-packages/airflow/example_dags/tutorial_dag.py
[2025-11-04T22:00:43.280-0300] {logging_mixin.py:188} INFO - [2025-11-04T22:00:43.279-0300] {dag.py:3089} INFO - Sync 1 DAGs
[2025-11-04T22:00:43.289-0300] {logging_mixin.py:188} INFO - [2025-11-04T22:00:43.289-0300] {dag.py:3947} INFO - Setting next_dagrun for tutorial_dag to None, run_after=None
[2025-11-04T22:00:43.308-0300] {processor.py:183} INFO - Processing /Users/joaovitor/airflow_env/lib/python3.11/site-packages/airflow/example_dags/tutorial_dag.py took 0.155 seconds
[2025-11-04T22:06:20.630-0300] {processor.py:161} INFO - Started process (PID=31480) to work on /Users/joaovitor/airflow_env/lib/python3.11/site-packages/airflow/example_dags/tutorial_dag.py
[2025-11-04T22:06:20.631-0300] {processor.py:830} INFO - Processing file /Users/joaovitor/airflow_env/lib/python3.11/site-packages/airflow/example_dags/tutorial_dag.py for tasks to queue
[2025-11-04T22:06:20.631-0300] {logging_mixin.py:188} INFO - [2025-11-04T22:06:20.631-0300] {dagbag.py:545} INFO - Filling up the DagBag from /Users/joaovitor/airflow_env/lib/python3.11/site-packages/airflow/example_dags/tutorial_dag.py
[2025-11-04T22:06:20.658-0300] {processor.py:840} INFO - DAG(s) 'tutorial_dag' retrieved from /Users/joaovitor/airflow_env/lib/python3.11/site-packages/airflow/example_dags/tutorial_dag.py
[2025-11-04T22:06:20.768-0300] {logging_mixin.py:188} INFO - [2025-11-04T22:06:20.766-0300] {dag.py:3089} INFO - Sync 1 DAGs
[2025-11-04T22:06:20.778-0300] {logging_mixin.py:188} INFO - [2025-11-04T22:06:20.778-0300] {dag.py:3947} INFO - Setting next_dagrun for tutorial_dag to None, run_after=None
[2025-11-04T22:06:20.800-0300] {processor.py:183} INFO - Processing /Users/joaovitor/airflow_env/lib/python3.11/site-packages/airflow/example_dags/tutorial_dag.py took 0.175 seconds
[2025-11-04T22:08:16.447-0300] {processor.py:161} INFO - Started process (PID=31540) to work on /Users/joaovitor/airflow_env/lib/python3.11/site-packages/airflow/example_dags/tutorial_dag.py
[2025-11-04T22:08:16.448-0300] {processor.py:830} INFO - Processing file /Users/joaovitor/airflow_env/lib/python3.11/site-packages/airflow/example_dags/tutorial_dag.py for tasks to queue
[2025-11-04T22:08:16.448-0300] {logging_mixin.py:188} INFO - [2025-11-04T22:08:16.448-0300] {dagbag.py:545} INFO - Filling up the DagBag from /Users/joaovitor/airflow_env/lib/python3.11/site-packages/airflow/example_dags/tutorial_dag.py
[2025-11-04T22:08:16.472-0300] {processor.py:840} INFO - DAG(s) 'tutorial_dag' retrieved from /Users/joaovitor/airflow_env/lib/python3.11/site-packages/airflow/example_dags/tutorial_dag.py
[2025-11-04T22:08:16.576-0300] {logging_mixin.py:188} INFO - [2025-11-04T22:08:16.574-0300] {dag.py:3089} INFO - Sync 1 DAGs
[2025-11-04T22:08:16.585-0300] {logging_mixin.py:188} INFO - [2025-11-04T22:08:16.585-0300] {dag.py:3947} INFO - Setting next_dagrun for tutorial_dag to None, run_after=None
[2025-11-04T22:08:16.610-0300] {processor.py:183} INFO - Processing /Users/joaovitor/airflow_env/lib/python3.11/site-packages/airflow/example_dags/tutorial_dag.py took 0.165 seconds
[2025-11-04T22:10:07.422-0300] {processor.py:161} INFO - Started process (PID=31584) to work on /Users/joaovitor/airflow_env/lib/python3.11/site-packages/airflow/example_dags/tutorial_dag.py
[2025-11-04T22:10:07.423-0300] {processor.py:830} INFO - Processing file /Users/joaovitor/airflow_env/lib/python3.11/site-packages/airflow/example_dags/tutorial_dag.py for tasks to queue
[2025-11-04T22:10:07.424-0300] {logging_mixin.py:188} INFO - [2025-11-04T22:10:07.424-0300] {dagbag.py:545} INFO - Filling up the DagBag from /Users/joaovitor/airflow_env/lib/python3.11/site-packages/airflow/example_dags/tutorial_dag.py
[2025-11-04T22:10:07.452-0300] {processor.py:840} INFO - DAG(s) 'tutorial_dag' retrieved from /Users/joaovitor/airflow_env/lib/python3.11/site-packages/airflow/example_dags/tutorial_dag.py
[2025-11-04T22:10:07.575-0300] {logging_mixin.py:188} INFO - [2025-11-04T22:10:07.572-0300] {dag.py:3089} INFO - Sync 1 DAGs
[2025-11-04T22:10:07.590-0300] {logging_mixin.py:188} INFO - [2025-11-04T22:10:07.590-0300] {dag.py:3947} INFO - Setting next_dagrun for tutorial_dag to None, run_after=None
[2025-11-04T22:10:07.614-0300] {processor.py:183} INFO - Processing /Users/joaovitor/airflow_env/lib/python3.11/site-packages/airflow/example_dags/tutorial_dag.py took 0.196 seconds
[2025-11-04T22:12:06.447-0300] {processor.py:161} INFO - Started process (PID=31632) to work on /Users/joaovitor/airflow_env/lib/python3.11/site-packages/airflow/example_dags/tutorial_dag.py
[2025-11-04T22:12:06.448-0300] {processor.py:830} INFO - Processing file /Users/joaovitor/airflow_env/lib/python3.11/site-packages/airflow/example_dags/tutorial_dag.py for tasks to queue
[2025-11-04T22:12:06.448-0300] {logging_mixin.py:188} INFO - [2025-11-04T22:12:06.448-0300] {dagbag.py:545} INFO - Filling up the DagBag from /Users/joaovitor/airflow_env/lib/python3.11/site-packages/airflow/example_dags/tutorial_dag.py
[2025-11-04T22:12:06.473-0300] {processor.py:840} INFO - DAG(s) 'tutorial_dag' retrieved from /Users/joaovitor/airflow_env/lib/python3.11/site-packages/airflow/example_dags/tutorial_dag.py
[2025-11-04T22:12:06.594-0300] {logging_mixin.py:188} INFO - [2025-11-04T22:12:06.592-0300] {dag.py:3089} INFO - Sync 1 DAGs
[2025-11-04T22:12:06.604-0300] {logging_mixin.py:188} INFO - [2025-11-04T22:12:06.604-0300] {dag.py:3947} INFO - Setting next_dagrun for tutorial_dag to None, run_after=None
[2025-11-04T22:12:06.625-0300] {processor.py:183} INFO - Processing /Users/joaovitor/airflow_env/lib/python3.11/site-packages/airflow/example_dags/tutorial_dag.py took 0.181 seconds
[2025-11-04T22:14:09.394-0300] {processor.py:161} INFO - Started process (PID=31683) to work on /Users/joaovitor/airflow_env/lib/python3.11/site-packages/airflow/example_dags/tutorial_dag.py
[2025-11-04T22:14:09.395-0300] {processor.py:830} INFO - Processing file /Users/joaovitor/airflow_env/lib/python3.11/site-packages/airflow/example_dags/tutorial_dag.py for tasks to queue
[2025-11-04T22:14:09.395-0300] {logging_mixin.py:188} INFO - [2025-11-04T22:14:09.395-0300] {dagbag.py:545} INFO - Filling up the DagBag from /Users/joaovitor/airflow_env/lib/python3.11/site-packages/airflow/example_dags/tutorial_dag.py
[2025-11-04T22:14:09.424-0300] {processor.py:840} INFO - DAG(s) 'tutorial_dag' retrieved from /Users/joaovitor/airflow_env/lib/python3.11/site-packages/airflow/example_dags/tutorial_dag.py
[2025-11-04T22:14:09.567-0300] {logging_mixin.py:188} INFO - [2025-11-04T22:14:09.564-0300] {dag.py:3089} INFO - Sync 1 DAGs
[2025-11-04T22:14:09.578-0300] {logging_mixin.py:188} INFO - [2025-11-04T22:14:09.578-0300] {dag.py:3947} INFO - Setting next_dagrun for tutorial_dag to None, run_after=None
[2025-11-04T22:14:09.606-0300] {processor.py:183} INFO - Processing /Users/joaovitor/airflow_env/lib/python3.11/site-packages/airflow/example_dags/tutorial_dag.py took 0.216 seconds
[2025-11-04T22:16:19.926-0300] {processor.py:161} INFO - Started process (PID=31741) to work on /Users/joaovitor/airflow_env/lib/python3.11/site-packages/airflow/example_dags/tutorial_dag.py
[2025-11-04T22:16:19.927-0300] {processor.py:830} INFO - Processing file /Users/joaovitor/airflow_env/lib/python3.11/site-packages/airflow/example_dags/tutorial_dag.py for tasks to queue
[2025-11-04T22:16:19.928-0300] {logging_mixin.py:188} INFO - [2025-11-04T22:16:19.928-0300] {dagbag.py:545} INFO - Filling up the DagBag from /Users/joaovitor/airflow_env/lib/python3.11/site-packages/airflow/example_dags/tutorial_dag.py
[2025-11-04T22:16:19.954-0300] {processor.py:840} INFO - DAG(s) 'tutorial_dag' retrieved from /Users/joaovitor/airflow_env/lib/python3.11/site-packages/airflow/example_dags/tutorial_dag.py
[2025-11-04T22:16:20.070-0300] {logging_mixin.py:188} INFO - [2025-11-04T22:16:20.068-0300] {dag.py:3089} INFO - Sync 1 DAGs
[2025-11-04T22:16:20.081-0300] {logging_mixin.py:188} INFO - [2025-11-04T22:16:20.080-0300] {dag.py:3947} INFO - Setting next_dagrun for tutorial_dag to None, run_after=None
[2025-11-04T22:16:20.103-0300] {processor.py:183} INFO - Processing /Users/joaovitor/airflow_env/lib/python3.11/site-packages/airflow/example_dags/tutorial_dag.py took 0.181 seconds
[2025-11-04T22:18:11.689-0300] {processor.py:161} INFO - Started process (PID=31781) to work on /Users/joaovitor/airflow_env/lib/python3.11/site-packages/airflow/example_dags/tutorial_dag.py
[2025-11-04T22:18:11.690-0300] {processor.py:830} INFO - Processing file /Users/joaovitor/airflow_env/lib/python3.11/site-packages/airflow/example_dags/tutorial_dag.py for tasks to queue
[2025-11-04T22:18:11.690-0300] {logging_mixin.py:188} INFO - [2025-11-04T22:18:11.690-0300] {dagbag.py:545} INFO - Filling up the DagBag from /Users/joaovitor/airflow_env/lib/python3.11/site-packages/airflow/example_dags/tutorial_dag.py
[2025-11-04T22:18:11.717-0300] {processor.py:840} INFO - DAG(s) 'tutorial_dag' retrieved from /Users/joaovitor/airflow_env/lib/python3.11/site-packages/airflow/example_dags/tutorial_dag.py
[2025-11-04T22:18:11.818-0300] {logging_mixin.py:188} INFO - [2025-11-04T22:18:11.816-0300] {dag.py:3089} INFO - Sync 1 DAGs
[2025-11-04T22:18:11.828-0300] {logging_mixin.py:188} INFO - [2025-11-04T22:18:11.827-0300] {dag.py:3947} INFO - Setting next_dagrun for tutorial_dag to None, run_after=None
[2025-11-04T22:18:11.847-0300] {processor.py:183} INFO - Processing /Users/joaovitor/airflow_env/lib/python3.11/site-packages/airflow/example_dags/tutorial_dag.py took 0.161 seconds
[2025-11-04T22:20:15.865-0300] {processor.py:161} INFO - Started process (PID=31829) to work on /Users/joaovitor/airflow_env/lib/python3.11/site-packages/airflow/example_dags/tutorial_dag.py
[2025-11-04T22:20:15.867-0300] {processor.py:830} INFO - Processing file /Users/joaovitor/airflow_env/lib/python3.11/site-packages/airflow/example_dags/tutorial_dag.py for tasks to queue
[2025-11-04T22:20:15.867-0300] {logging_mixin.py:188} INFO - [2025-11-04T22:20:15.867-0300] {dagbag.py:545} INFO - Filling up the DagBag from /Users/joaovitor/airflow_env/lib/python3.11/site-packages/airflow/example_dags/tutorial_dag.py
[2025-11-04T22:20:15.913-0300] {processor.py:840} INFO - DAG(s) 'tutorial_dag' retrieved from /Users/joaovitor/airflow_env/lib/python3.11/site-packages/airflow/example_dags/tutorial_dag.py
[2025-11-04T22:20:16.057-0300] {logging_mixin.py:188} INFO - [2025-11-04T22:20:16.050-0300] {dag.py:3089} INFO - Sync 1 DAGs
[2025-11-04T22:20:16.074-0300] {logging_mixin.py:188} INFO - [2025-11-04T22:20:16.074-0300] {dag.py:3947} INFO - Setting next_dagrun for tutorial_dag to None, run_after=None
[2025-11-04T22:20:16.106-0300] {processor.py:183} INFO - Processing /Users/joaovitor/airflow_env/lib/python3.11/site-packages/airflow/example_dags/tutorial_dag.py took 0.245 seconds
[2025-11-04T22:22:24.195-0300] {processor.py:161} INFO - Started process (PID=31928) to work on /Users/joaovitor/airflow_env/lib/python3.11/site-packages/airflow/example_dags/tutorial_dag.py
[2025-11-04T22:22:24.197-0300] {processor.py:830} INFO - Processing file /Users/joaovitor/airflow_env/lib/python3.11/site-packages/airflow/example_dags/tutorial_dag.py for tasks to queue
[2025-11-04T22:22:24.198-0300] {logging_mixin.py:188} INFO - [2025-11-04T22:22:24.198-0300] {dagbag.py:545} INFO - Filling up the DagBag from /Users/joaovitor/airflow_env/lib/python3.11/site-packages/airflow/example_dags/tutorial_dag.py
[2025-11-04T22:22:24.231-0300] {processor.py:840} INFO - DAG(s) 'tutorial_dag' retrieved from /Users/joaovitor/airflow_env/lib/python3.11/site-packages/airflow/example_dags/tutorial_dag.py
[2025-11-04T22:22:24.349-0300] {logging_mixin.py:188} INFO - [2025-11-04T22:22:24.347-0300] {dag.py:3089} INFO - Sync 1 DAGs
[2025-11-04T22:22:24.360-0300] {logging_mixin.py:188} INFO - [2025-11-04T22:22:24.360-0300] {dag.py:3947} INFO - Setting next_dagrun for tutorial_dag to None, run_after=None
[2025-11-04T22:22:24.386-0300] {processor.py:183} INFO - Processing /Users/joaovitor/airflow_env/lib/python3.11/site-packages/airflow/example_dags/tutorial_dag.py took 0.194 seconds
[2025-11-04T22:24:29.795-0300] {processor.py:161} INFO - Started process (PID=31969) to work on /Users/joaovitor/airflow_env/lib/python3.11/site-packages/airflow/example_dags/tutorial_dag.py
[2025-11-04T22:24:29.796-0300] {processor.py:830} INFO - Processing file /Users/joaovitor/airflow_env/lib/python3.11/site-packages/airflow/example_dags/tutorial_dag.py for tasks to queue
[2025-11-04T22:24:29.797-0300] {logging_mixin.py:188} INFO - [2025-11-04T22:24:29.796-0300] {dagbag.py:545} INFO - Filling up the DagBag from /Users/joaovitor/airflow_env/lib/python3.11/site-packages/airflow/example_dags/tutorial_dag.py
[2025-11-04T22:24:29.824-0300] {processor.py:840} INFO - DAG(s) 'tutorial_dag' retrieved from /Users/joaovitor/airflow_env/lib/python3.11/site-packages/airflow/example_dags/tutorial_dag.py
[2025-11-04T22:24:29.937-0300] {logging_mixin.py:188} INFO - [2025-11-04T22:24:29.936-0300] {dag.py:3089} INFO - Sync 1 DAGs
[2025-11-04T22:24:29.947-0300] {logging_mixin.py:188} INFO - [2025-11-04T22:24:29.946-0300] {dag.py:3947} INFO - Setting next_dagrun for tutorial_dag to None, run_after=None
[2025-11-04T22:24:29.970-0300] {processor.py:183} INFO - Processing /Users/joaovitor/airflow_env/lib/python3.11/site-packages/airflow/example_dags/tutorial_dag.py took 0.179 seconds
[2025-11-04T22:26:36.700-0300] {processor.py:161} INFO - Started process (PID=32011) to work on /Users/joaovitor/airflow_env/lib/python3.11/site-packages/airflow/example_dags/tutorial_dag.py
[2025-11-04T22:26:36.701-0300] {processor.py:830} INFO - Processing file /Users/joaovitor/airflow_env/lib/python3.11/site-packages/airflow/example_dags/tutorial_dag.py for tasks to queue
[2025-11-04T22:26:36.702-0300] {logging_mixin.py:188} INFO - [2025-11-04T22:26:36.702-0300] {dagbag.py:545} INFO - Filling up the DagBag from /Users/joaovitor/airflow_env/lib/python3.11/site-packages/airflow/example_dags/tutorial_dag.py
[2025-11-04T22:26:36.732-0300] {processor.py:840} INFO - DAG(s) 'tutorial_dag' retrieved from /Users/joaovitor/airflow_env/lib/python3.11/site-packages/airflow/example_dags/tutorial_dag.py
[2025-11-04T22:26:36.862-0300] {logging_mixin.py:188} INFO - [2025-11-04T22:26:36.858-0300] {dag.py:3089} INFO - Sync 1 DAGs
[2025-11-04T22:26:36.874-0300] {logging_mixin.py:188} INFO - [2025-11-04T22:26:36.874-0300] {dag.py:3947} INFO - Setting next_dagrun for tutorial_dag to None, run_after=None
[2025-11-04T22:26:36.902-0300] {processor.py:183} INFO - Processing /Users/joaovitor/airflow_env/lib/python3.11/site-packages/airflow/example_dags/tutorial_dag.py took 0.204 seconds
[2025-11-04T22:28:45.309-0300] {processor.py:161} INFO - Started process (PID=32053) to work on /Users/joaovitor/airflow_env/lib/python3.11/site-packages/airflow/example_dags/tutorial_dag.py
[2025-11-04T22:28:45.310-0300] {processor.py:830} INFO - Processing file /Users/joaovitor/airflow_env/lib/python3.11/site-packages/airflow/example_dags/tutorial_dag.py for tasks to queue
[2025-11-04T22:28:45.311-0300] {logging_mixin.py:188} INFO - [2025-11-04T22:28:45.311-0300] {dagbag.py:545} INFO - Filling up the DagBag from /Users/joaovitor/airflow_env/lib/python3.11/site-packages/airflow/example_dags/tutorial_dag.py
[2025-11-04T22:28:45.337-0300] {processor.py:840} INFO - DAG(s) 'tutorial_dag' retrieved from /Users/joaovitor/airflow_env/lib/python3.11/site-packages/airflow/example_dags/tutorial_dag.py
[2025-11-04T22:28:45.459-0300] {logging_mixin.py:188} INFO - [2025-11-04T22:28:45.456-0300] {dag.py:3089} INFO - Sync 1 DAGs
[2025-11-04T22:28:45.468-0300] {logging_mixin.py:188} INFO - [2025-11-04T22:28:45.468-0300] {dag.py:3947} INFO - Setting next_dagrun for tutorial_dag to None, run_after=None
[2025-11-04T22:28:45.492-0300] {processor.py:183} INFO - Processing /Users/joaovitor/airflow_env/lib/python3.11/site-packages/airflow/example_dags/tutorial_dag.py took 0.186 seconds
[2025-11-04T22:31:07.972-0300] {processor.py:161} INFO - Started process (PID=32148) to work on /Users/joaovitor/airflow_env/lib/python3.11/site-packages/airflow/example_dags/tutorial_dag.py
[2025-11-04T22:31:07.974-0300] {processor.py:830} INFO - Processing file /Users/joaovitor/airflow_env/lib/python3.11/site-packages/airflow/example_dags/tutorial_dag.py for tasks to queue
[2025-11-04T22:31:07.976-0300] {logging_mixin.py:188} INFO - [2025-11-04T22:31:07.975-0300] {dagbag.py:545} INFO - Filling up the DagBag from /Users/joaovitor/airflow_env/lib/python3.11/site-packages/airflow/example_dags/tutorial_dag.py
[2025-11-04T22:31:08.001-0300] {processor.py:840} INFO - DAG(s) 'tutorial_dag' retrieved from /Users/joaovitor/airflow_env/lib/python3.11/site-packages/airflow/example_dags/tutorial_dag.py
[2025-11-04T22:31:08.109-0300] {logging_mixin.py:188} INFO - [2025-11-04T22:31:08.107-0300] {dag.py:3089} INFO - Sync 1 DAGs
[2025-11-04T22:31:08.121-0300] {logging_mixin.py:188} INFO - [2025-11-04T22:31:08.121-0300] {dag.py:3947} INFO - Setting next_dagrun for tutorial_dag to None, run_after=None
[2025-11-04T22:31:08.153-0300] {processor.py:183} INFO - Processing /Users/joaovitor/airflow_env/lib/python3.11/site-packages/airflow/example_dags/tutorial_dag.py took 0.184 seconds
[2025-11-04T22:33:42.297-0300] {processor.py:161} INFO - Started process (PID=32246) to work on /Users/joaovitor/airflow_env/lib/python3.11/site-packages/airflow/example_dags/tutorial_dag.py
[2025-11-04T22:33:42.299-0300] {processor.py:830} INFO - Processing file /Users/joaovitor/airflow_env/lib/python3.11/site-packages/airflow/example_dags/tutorial_dag.py for tasks to queue
[2025-11-04T22:33:42.301-0300] {logging_mixin.py:188} INFO - [2025-11-04T22:33:42.300-0300] {dagbag.py:545} INFO - Filling up the DagBag from /Users/joaovitor/airflow_env/lib/python3.11/site-packages/airflow/example_dags/tutorial_dag.py
[2025-11-04T22:33:42.332-0300] {processor.py:840} INFO - DAG(s) 'tutorial_dag' retrieved from /Users/joaovitor/airflow_env/lib/python3.11/site-packages/airflow/example_dags/tutorial_dag.py
[2025-11-04T22:33:42.459-0300] {logging_mixin.py:188} INFO - [2025-11-04T22:33:42.458-0300] {dag.py:3089} INFO - Sync 1 DAGs
[2025-11-04T22:33:42.471-0300] {logging_mixin.py:188} INFO - [2025-11-04T22:33:42.471-0300] {dag.py:3947} INFO - Setting next_dagrun for tutorial_dag to None, run_after=None
[2025-11-04T22:33:42.495-0300] {processor.py:183} INFO - Processing /Users/joaovitor/airflow_env/lib/python3.11/site-packages/airflow/example_dags/tutorial_dag.py took 0.202 seconds
[2025-11-04T22:36:02.784-0300] {processor.py:161} INFO - Started process (PID=32422) to work on /Users/joaovitor/airflow_env/lib/python3.11/site-packages/airflow/example_dags/tutorial_dag.py
[2025-11-04T22:36:02.786-0300] {processor.py:830} INFO - Processing file /Users/joaovitor/airflow_env/lib/python3.11/site-packages/airflow/example_dags/tutorial_dag.py for tasks to queue
[2025-11-04T22:36:02.787-0300] {logging_mixin.py:188} INFO - [2025-11-04T22:36:02.787-0300] {dagbag.py:545} INFO - Filling up the DagBag from /Users/joaovitor/airflow_env/lib/python3.11/site-packages/airflow/example_dags/tutorial_dag.py
[2025-11-04T22:36:02.817-0300] {processor.py:840} INFO - DAG(s) 'tutorial_dag' retrieved from /Users/joaovitor/airflow_env/lib/python3.11/site-packages/airflow/example_dags/tutorial_dag.py
[2025-11-04T22:36:02.933-0300] {logging_mixin.py:188} INFO - [2025-11-04T22:36:02.931-0300] {dag.py:3089} INFO - Sync 1 DAGs
[2025-11-04T22:36:02.945-0300] {logging_mixin.py:188} INFO - [2025-11-04T22:36:02.945-0300] {dag.py:3947} INFO - Setting next_dagrun for tutorial_dag to None, run_after=None
[2025-11-04T22:36:02.966-0300] {processor.py:183} INFO - Processing /Users/joaovitor/airflow_env/lib/python3.11/site-packages/airflow/example_dags/tutorial_dag.py took 0.187 seconds
[2025-11-04T22:38:23.333-0300] {processor.py:161} INFO - Started process (PID=32650) to work on /Users/joaovitor/airflow_env/lib/python3.11/site-packages/airflow/example_dags/tutorial_dag.py
[2025-11-04T22:38:23.335-0300] {processor.py:830} INFO - Processing file /Users/joaovitor/airflow_env/lib/python3.11/site-packages/airflow/example_dags/tutorial_dag.py for tasks to queue
[2025-11-04T22:38:23.337-0300] {logging_mixin.py:188} INFO - [2025-11-04T22:38:23.336-0300] {dagbag.py:545} INFO - Filling up the DagBag from /Users/joaovitor/airflow_env/lib/python3.11/site-packages/airflow/example_dags/tutorial_dag.py
[2025-11-04T22:38:23.367-0300] {processor.py:840} INFO - DAG(s) 'tutorial_dag' retrieved from /Users/joaovitor/airflow_env/lib/python3.11/site-packages/airflow/example_dags/tutorial_dag.py
[2025-11-04T22:38:23.614-0300] {logging_mixin.py:188} INFO - [2025-11-04T22:38:23.614-0300] {dag.py:3089} INFO - Sync 1 DAGs
[2025-11-04T22:38:23.627-0300] {logging_mixin.py:188} INFO - [2025-11-04T22:38:23.626-0300] {dag.py:3947} INFO - Setting next_dagrun for tutorial_dag to None, run_after=None
[2025-11-04T22:38:23.735-0300] {processor.py:183} INFO - Processing /Users/joaovitor/airflow_env/lib/python3.11/site-packages/airflow/example_dags/tutorial_dag.py took 0.405 seconds
[2025-11-04T22:40:47.280-0300] {processor.py:161} INFO - Started process (PID=32701) to work on /Users/joaovitor/airflow_env/lib/python3.11/site-packages/airflow/example_dags/tutorial_dag.py
[2025-11-04T22:40:47.282-0300] {processor.py:830} INFO - Processing file /Users/joaovitor/airflow_env/lib/python3.11/site-packages/airflow/example_dags/tutorial_dag.py for tasks to queue
[2025-11-04T22:40:47.284-0300] {logging_mixin.py:188} INFO - [2025-11-04T22:40:47.284-0300] {dagbag.py:545} INFO - Filling up the DagBag from /Users/joaovitor/airflow_env/lib/python3.11/site-packages/airflow/example_dags/tutorial_dag.py
[2025-11-04T22:40:47.340-0300] {processor.py:840} INFO - DAG(s) 'tutorial_dag' retrieved from /Users/joaovitor/airflow_env/lib/python3.11/site-packages/airflow/example_dags/tutorial_dag.py
[2025-11-04T22:40:47.491-0300] {logging_mixin.py:188} INFO - [2025-11-04T22:40:47.491-0300] {dag.py:3089} INFO - Sync 1 DAGs
[2025-11-04T22:40:47.503-0300] {logging_mixin.py:188} INFO - [2025-11-04T22:40:47.502-0300] {dag.py:3947} INFO - Setting next_dagrun for tutorial_dag to None, run_after=None
[2025-11-04T22:40:47.524-0300] {processor.py:183} INFO - Processing /Users/joaovitor/airflow_env/lib/python3.11/site-packages/airflow/example_dags/tutorial_dag.py took 0.247 seconds
[2025-11-04T22:43:11.963-0300] {processor.py:161} INFO - Started process (PID=32759) to work on /Users/joaovitor/airflow_env/lib/python3.11/site-packages/airflow/example_dags/tutorial_dag.py
[2025-11-04T22:43:11.965-0300] {processor.py:830} INFO - Processing file /Users/joaovitor/airflow_env/lib/python3.11/site-packages/airflow/example_dags/tutorial_dag.py for tasks to queue
[2025-11-04T22:43:11.966-0300] {logging_mixin.py:188} INFO - [2025-11-04T22:43:11.966-0300] {dagbag.py:545} INFO - Filling up the DagBag from /Users/joaovitor/airflow_env/lib/python3.11/site-packages/airflow/example_dags/tutorial_dag.py
[2025-11-04T22:43:11.997-0300] {processor.py:840} INFO - DAG(s) 'tutorial_dag' retrieved from /Users/joaovitor/airflow_env/lib/python3.11/site-packages/airflow/example_dags/tutorial_dag.py
[2025-11-04T22:43:12.118-0300] {logging_mixin.py:188} INFO - [2025-11-04T22:43:12.118-0300] {dag.py:3089} INFO - Sync 1 DAGs
[2025-11-04T22:43:12.130-0300] {logging_mixin.py:188} INFO - [2025-11-04T22:43:12.129-0300] {dag.py:3947} INFO - Setting next_dagrun for tutorial_dag to None, run_after=None
[2025-11-04T22:43:12.153-0300] {processor.py:183} INFO - Processing /Users/joaovitor/airflow_env/lib/python3.11/site-packages/airflow/example_dags/tutorial_dag.py took 0.194 seconds
[2025-11-04T22:45:28.513-0300] {processor.py:161} INFO - Started process (PID=32811) to work on /Users/joaovitor/airflow_env/lib/python3.11/site-packages/airflow/example_dags/tutorial_dag.py
[2025-11-04T22:45:28.514-0300] {processor.py:830} INFO - Processing file /Users/joaovitor/airflow_env/lib/python3.11/site-packages/airflow/example_dags/tutorial_dag.py for tasks to queue
[2025-11-04T22:45:28.515-0300] {logging_mixin.py:188} INFO - [2025-11-04T22:45:28.514-0300] {dagbag.py:545} INFO - Filling up the DagBag from /Users/joaovitor/airflow_env/lib/python3.11/site-packages/airflow/example_dags/tutorial_dag.py
[2025-11-04T22:45:28.549-0300] {processor.py:840} INFO - DAG(s) 'tutorial_dag' retrieved from /Users/joaovitor/airflow_env/lib/python3.11/site-packages/airflow/example_dags/tutorial_dag.py
[2025-11-04T22:45:28.666-0300] {logging_mixin.py:188} INFO - [2025-11-04T22:45:28.666-0300] {dag.py:3089} INFO - Sync 1 DAGs
[2025-11-04T22:45:28.679-0300] {logging_mixin.py:188} INFO - [2025-11-04T22:45:28.678-0300] {dag.py:3947} INFO - Setting next_dagrun for tutorial_dag to None, run_after=None
[2025-11-04T22:45:28.700-0300] {processor.py:183} INFO - Processing /Users/joaovitor/airflow_env/lib/python3.11/site-packages/airflow/example_dags/tutorial_dag.py took 0.190 seconds
[2025-11-04T22:47:45.048-0300] {processor.py:161} INFO - Started process (PID=32867) to work on /Users/joaovitor/airflow_env/lib/python3.11/site-packages/airflow/example_dags/tutorial_dag.py
[2025-11-04T22:47:45.049-0300] {processor.py:830} INFO - Processing file /Users/joaovitor/airflow_env/lib/python3.11/site-packages/airflow/example_dags/tutorial_dag.py for tasks to queue
[2025-11-04T22:47:45.050-0300] {logging_mixin.py:188} INFO - [2025-11-04T22:47:45.049-0300] {dagbag.py:545} INFO - Filling up the DagBag from /Users/joaovitor/airflow_env/lib/python3.11/site-packages/airflow/example_dags/tutorial_dag.py
[2025-11-04T22:47:45.081-0300] {processor.py:840} INFO - DAG(s) 'tutorial_dag' retrieved from /Users/joaovitor/airflow_env/lib/python3.11/site-packages/airflow/example_dags/tutorial_dag.py
[2025-11-04T22:47:45.203-0300] {logging_mixin.py:188} INFO - [2025-11-04T22:47:45.202-0300] {dag.py:3089} INFO - Sync 1 DAGs
[2025-11-04T22:47:45.214-0300] {logging_mixin.py:188} INFO - [2025-11-04T22:47:45.214-0300] {dag.py:3947} INFO - Setting next_dagrun for tutorial_dag to None, run_after=None
[2025-11-04T22:47:45.238-0300] {processor.py:183} INFO - Processing /Users/joaovitor/airflow_env/lib/python3.11/site-packages/airflow/example_dags/tutorial_dag.py took 0.193 seconds
[2025-11-04T22:49:56.749-0300] {processor.py:161} INFO - Started process (PID=32937) to work on /Users/joaovitor/airflow_env/lib/python3.11/site-packages/airflow/example_dags/tutorial_dag.py
[2025-11-04T22:49:56.752-0300] {processor.py:830} INFO - Processing file /Users/joaovitor/airflow_env/lib/python3.11/site-packages/airflow/example_dags/tutorial_dag.py for tasks to queue
[2025-11-04T22:49:56.753-0300] {logging_mixin.py:188} INFO - [2025-11-04T22:49:56.752-0300] {dagbag.py:545} INFO - Filling up the DagBag from /Users/joaovitor/airflow_env/lib/python3.11/site-packages/airflow/example_dags/tutorial_dag.py
[2025-11-04T22:49:56.782-0300] {processor.py:840} INFO - DAG(s) 'tutorial_dag' retrieved from /Users/joaovitor/airflow_env/lib/python3.11/site-packages/airflow/example_dags/tutorial_dag.py
[2025-11-04T22:49:56.904-0300] {logging_mixin.py:188} INFO - [2025-11-04T22:49:56.903-0300] {dag.py:3089} INFO - Sync 1 DAGs
[2025-11-04T22:49:56.914-0300] {logging_mixin.py:188} INFO - [2025-11-04T22:49:56.914-0300] {dag.py:3947} INFO - Setting next_dagrun for tutorial_dag to None, run_after=None
[2025-11-04T22:49:56.940-0300] {processor.py:183} INFO - Processing /Users/joaovitor/airflow_env/lib/python3.11/site-packages/airflow/example_dags/tutorial_dag.py took 0.194 seconds
[2025-11-04T22:52:11.603-0300] {processor.py:161} INFO - Started process (PID=32983) to work on /Users/joaovitor/airflow_env/lib/python3.11/site-packages/airflow/example_dags/tutorial_dag.py
[2025-11-04T22:52:11.607-0300] {processor.py:830} INFO - Processing file /Users/joaovitor/airflow_env/lib/python3.11/site-packages/airflow/example_dags/tutorial_dag.py for tasks to queue
[2025-11-04T22:52:11.609-0300] {logging_mixin.py:188} INFO - [2025-11-04T22:52:11.608-0300] {dagbag.py:545} INFO - Filling up the DagBag from /Users/joaovitor/airflow_env/lib/python3.11/site-packages/airflow/example_dags/tutorial_dag.py
[2025-11-04T22:52:11.794-0300] {processor.py:840} INFO - DAG(s) 'tutorial_dag' retrieved from /Users/joaovitor/airflow_env/lib/python3.11/site-packages/airflow/example_dags/tutorial_dag.py
[2025-11-04T22:52:11.989-0300] {logging_mixin.py:188} INFO - [2025-11-04T22:52:11.988-0300] {dag.py:3089} INFO - Sync 1 DAGs
[2025-11-04T22:52:12.009-0300] {logging_mixin.py:188} INFO - [2025-11-04T22:52:12.009-0300] {dag.py:3947} INFO - Setting next_dagrun for tutorial_dag to None, run_after=None
[2025-11-04T22:52:12.042-0300] {processor.py:183} INFO - Processing /Users/joaovitor/airflow_env/lib/python3.11/site-packages/airflow/example_dags/tutorial_dag.py took 0.556 seconds
[2025-11-04T22:54:38.622-0300] {processor.py:161} INFO - Started process (PID=33037) to work on /Users/joaovitor/airflow_env/lib/python3.11/site-packages/airflow/example_dags/tutorial_dag.py
[2025-11-04T22:54:38.624-0300] {processor.py:830} INFO - Processing file /Users/joaovitor/airflow_env/lib/python3.11/site-packages/airflow/example_dags/tutorial_dag.py for tasks to queue
[2025-11-04T22:54:38.625-0300] {logging_mixin.py:188} INFO - [2025-11-04T22:54:38.625-0300] {dagbag.py:545} INFO - Filling up the DagBag from /Users/joaovitor/airflow_env/lib/python3.11/site-packages/airflow/example_dags/tutorial_dag.py
[2025-11-04T22:54:38.653-0300] {processor.py:840} INFO - DAG(s) 'tutorial_dag' retrieved from /Users/joaovitor/airflow_env/lib/python3.11/site-packages/airflow/example_dags/tutorial_dag.py
[2025-11-04T22:54:38.771-0300] {logging_mixin.py:188} INFO - [2025-11-04T22:54:38.771-0300] {dag.py:3089} INFO - Sync 1 DAGs
[2025-11-04T22:54:38.782-0300] {logging_mixin.py:188} INFO - [2025-11-04T22:54:38.782-0300] {dag.py:3947} INFO - Setting next_dagrun for tutorial_dag to None, run_after=None
[2025-11-04T22:54:38.805-0300] {processor.py:183} INFO - Processing /Users/joaovitor/airflow_env/lib/python3.11/site-packages/airflow/example_dags/tutorial_dag.py took 0.187 seconds
[2025-11-04T22:56:50.719-0300] {processor.py:161} INFO - Started process (PID=33080) to work on /Users/joaovitor/airflow_env/lib/python3.11/site-packages/airflow/example_dags/tutorial_dag.py
[2025-11-04T22:56:50.719-0300] {processor.py:830} INFO - Processing file /Users/joaovitor/airflow_env/lib/python3.11/site-packages/airflow/example_dags/tutorial_dag.py for tasks to queue
[2025-11-04T22:56:50.720-0300] {logging_mixin.py:188} INFO - [2025-11-04T22:56:50.720-0300] {dagbag.py:545} INFO - Filling up the DagBag from /Users/joaovitor/airflow_env/lib/python3.11/site-packages/airflow/example_dags/tutorial_dag.py
[2025-11-04T22:56:50.748-0300] {processor.py:840} INFO - DAG(s) 'tutorial_dag' retrieved from /Users/joaovitor/airflow_env/lib/python3.11/site-packages/airflow/example_dags/tutorial_dag.py
[2025-11-04T22:56:50.866-0300] {logging_mixin.py:188} INFO - [2025-11-04T22:56:50.866-0300] {dag.py:3089} INFO - Sync 1 DAGs
[2025-11-04T22:56:50.879-0300] {logging_mixin.py:188} INFO - [2025-11-04T22:56:50.879-0300] {dag.py:3947} INFO - Setting next_dagrun for tutorial_dag to None, run_after=None
[2025-11-04T22:56:50.903-0300] {processor.py:183} INFO - Processing /Users/joaovitor/airflow_env/lib/python3.11/site-packages/airflow/example_dags/tutorial_dag.py took 0.187 seconds
[2025-11-04T22:59:03.179-0300] {processor.py:161} INFO - Started process (PID=33122) to work on /Users/joaovitor/airflow_env/lib/python3.11/site-packages/airflow/example_dags/tutorial_dag.py
[2025-11-04T22:59:03.179-0300] {processor.py:830} INFO - Processing file /Users/joaovitor/airflow_env/lib/python3.11/site-packages/airflow/example_dags/tutorial_dag.py for tasks to queue
[2025-11-04T22:59:03.180-0300] {logging_mixin.py:188} INFO - [2025-11-04T22:59:03.180-0300] {dagbag.py:545} INFO - Filling up the DagBag from /Users/joaovitor/airflow_env/lib/python3.11/site-packages/airflow/example_dags/tutorial_dag.py
[2025-11-04T22:59:03.209-0300] {processor.py:840} INFO - DAG(s) 'tutorial_dag' retrieved from /Users/joaovitor/airflow_env/lib/python3.11/site-packages/airflow/example_dags/tutorial_dag.py
[2025-11-04T22:59:03.313-0300] {logging_mixin.py:188} INFO - [2025-11-04T22:59:03.313-0300] {dag.py:3089} INFO - Sync 1 DAGs
[2025-11-04T22:59:03.323-0300] {logging_mixin.py:188} INFO - [2025-11-04T22:59:03.323-0300] {dag.py:3947} INFO - Setting next_dagrun for tutorial_dag to None, run_after=None
[2025-11-04T22:59:03.347-0300] {processor.py:183} INFO - Processing /Users/joaovitor/airflow_env/lib/python3.11/site-packages/airflow/example_dags/tutorial_dag.py took 0.171 seconds
[2025-11-04T23:01:28.811-0300] {processor.py:161} INFO - Started process (PID=33171) to work on /Users/joaovitor/airflow_env/lib/python3.11/site-packages/airflow/example_dags/tutorial_dag.py
[2025-11-04T23:01:28.813-0300] {processor.py:830} INFO - Processing file /Users/joaovitor/airflow_env/lib/python3.11/site-packages/airflow/example_dags/tutorial_dag.py for tasks to queue
[2025-11-04T23:01:28.814-0300] {logging_mixin.py:188} INFO - [2025-11-04T23:01:28.814-0300] {dagbag.py:545} INFO - Filling up the DagBag from /Users/joaovitor/airflow_env/lib/python3.11/site-packages/airflow/example_dags/tutorial_dag.py
[2025-11-04T23:01:28.843-0300] {processor.py:840} INFO - DAG(s) 'tutorial_dag' retrieved from /Users/joaovitor/airflow_env/lib/python3.11/site-packages/airflow/example_dags/tutorial_dag.py
[2025-11-04T23:01:28.961-0300] {logging_mixin.py:188} INFO - [2025-11-04T23:01:28.961-0300] {dag.py:3089} INFO - Sync 1 DAGs
[2025-11-04T23:01:28.973-0300] {logging_mixin.py:188} INFO - [2025-11-04T23:01:28.972-0300] {dag.py:3947} INFO - Setting next_dagrun for tutorial_dag to None, run_after=None
[2025-11-04T23:01:28.997-0300] {processor.py:183} INFO - Processing /Users/joaovitor/airflow_env/lib/python3.11/site-packages/airflow/example_dags/tutorial_dag.py took 0.189 seconds
[2025-11-04T23:03:50.770-0300] {processor.py:161} INFO - Started process (PID=33240) to work on /Users/joaovitor/airflow_env/lib/python3.11/site-packages/airflow/example_dags/tutorial_dag.py
[2025-11-04T23:03:50.772-0300] {processor.py:830} INFO - Processing file /Users/joaovitor/airflow_env/lib/python3.11/site-packages/airflow/example_dags/tutorial_dag.py for tasks to queue
[2025-11-04T23:03:50.773-0300] {logging_mixin.py:188} INFO - [2025-11-04T23:03:50.773-0300] {dagbag.py:545} INFO - Filling up the DagBag from /Users/joaovitor/airflow_env/lib/python3.11/site-packages/airflow/example_dags/tutorial_dag.py
[2025-11-04T23:03:50.803-0300] {processor.py:840} INFO - DAG(s) 'tutorial_dag' retrieved from /Users/joaovitor/airflow_env/lib/python3.11/site-packages/airflow/example_dags/tutorial_dag.py
[2025-11-04T23:03:50.919-0300] {logging_mixin.py:188} INFO - [2025-11-04T23:03:50.918-0300] {dag.py:3089} INFO - Sync 1 DAGs
[2025-11-04T23:03:50.928-0300] {logging_mixin.py:188} INFO - [2025-11-04T23:03:50.928-0300] {dag.py:3947} INFO - Setting next_dagrun for tutorial_dag to None, run_after=None
[2025-11-04T23:03:50.953-0300] {processor.py:183} INFO - Processing /Users/joaovitor/airflow_env/lib/python3.11/site-packages/airflow/example_dags/tutorial_dag.py took 0.186 seconds
