[2025-11-04T21:46:00.137-0300] {processor.py:161} INFO - Started process (PID=31059) to work on /Users/joaovitor/airflow_env/lib/python3.11/site-packages/airflow/example_dags/tutorial.py
[2025-11-04T21:46:00.138-0300] {processor.py:830} INFO - Processing file /Users/joaovitor/airflow_env/lib/python3.11/site-packages/airflow/example_dags/tutorial.py for tasks to queue
[2025-11-04T21:46:00.139-0300] {logging_mixin.py:188} INFO - [2025-11-04T21:46:00.139-0300] {dagbag.py:545} INFO - Filling up the DagBag from /Users/joaovitor/airflow_env/lib/python3.11/site-packages/airflow/example_dags/tutorial.py
[2025-11-04T21:46:00.148-0300] {processor.py:840} INFO - DAG(s) 'tutorial' retrieved from /Users/joaovitor/airflow_env/lib/python3.11/site-packages/airflow/example_dags/tutorial.py
[2025-11-04T21:46:00.369-0300] {logging_mixin.py:188} INFO - [2025-11-04T21:46:00.369-0300] {override.py:1858} INFO - Created Permission View: can delete on DAG:tutorial
[2025-11-04T21:46:00.382-0300] {logging_mixin.py:188} INFO - [2025-11-04T21:46:00.381-0300] {override.py:1858} INFO - Created Permission View: can edit on DAG:tutorial
[2025-11-04T21:46:00.389-0300] {logging_mixin.py:188} INFO - [2025-11-04T21:46:00.388-0300] {override.py:1858} INFO - Created Permission View: can read on DAG:tutorial
[2025-11-04T21:46:00.389-0300] {logging_mixin.py:188} INFO - [2025-11-04T21:46:00.389-0300] {dag.py:3089} INFO - Sync 1 DAGs
[2025-11-04T21:46:00.401-0300] {logging_mixin.py:188} INFO - [2025-11-04T21:46:00.400-0300] {dag.py:3111} INFO - Creating ORM DAG for tutorial
[2025-11-04T21:46:00.412-0300] {logging_mixin.py:188} INFO - [2025-11-04T21:46:00.412-0300] {dag.py:3947} INFO - Setting next_dagrun for tutorial to 2025-11-04 00:00:00+00:00, run_after=2025-11-05 00:00:00+00:00
[2025-11-04T21:46:00.432-0300] {processor.py:183} INFO - Processing /Users/joaovitor/airflow_env/lib/python3.11/site-packages/airflow/example_dags/tutorial.py took 0.298 seconds
[2025-11-04T21:49:00.271-0300] {processor.py:161} INFO - Started process (PID=31151) to work on /Users/joaovitor/airflow_env/lib/python3.11/site-packages/airflow/example_dags/tutorial.py
[2025-11-04T21:49:00.273-0300] {processor.py:830} INFO - Processing file /Users/joaovitor/airflow_env/lib/python3.11/site-packages/airflow/example_dags/tutorial.py for tasks to queue
[2025-11-04T21:49:00.274-0300] {logging_mixin.py:188} INFO - [2025-11-04T21:49:00.274-0300] {dagbag.py:545} INFO - Filling up the DagBag from /Users/joaovitor/airflow_env/lib/python3.11/site-packages/airflow/example_dags/tutorial.py
[2025-11-04T21:49:00.290-0300] {processor.py:840} INFO - DAG(s) 'tutorial' retrieved from /Users/joaovitor/airflow_env/lib/python3.11/site-packages/airflow/example_dags/tutorial.py
[2025-11-04T21:49:00.595-0300] {logging_mixin.py:188} INFO - [2025-11-04T21:49:00.593-0300] {dag.py:3089} INFO - Sync 1 DAGs
[2025-11-04T21:49:00.636-0300] {logging_mixin.py:188} INFO - [2025-11-04T21:49:00.636-0300] {dag.py:3947} INFO - Setting next_dagrun for tutorial to 2025-11-04 00:00:00+00:00, run_after=2025-11-05 00:00:00+00:00
[2025-11-04T21:49:00.699-0300] {processor.py:183} INFO - Processing /Users/joaovitor/airflow_env/lib/python3.11/site-packages/airflow/example_dags/tutorial.py took 0.434 seconds
[2025-11-04T21:51:23.010-0300] {processor.py:161} INFO - Started process (PID=31221) to work on /Users/joaovitor/airflow_env/lib/python3.11/site-packages/airflow/example_dags/tutorial.py
[2025-11-04T21:51:23.012-0300] {processor.py:830} INFO - Processing file /Users/joaovitor/airflow_env/lib/python3.11/site-packages/airflow/example_dags/tutorial.py for tasks to queue
[2025-11-04T21:51:23.013-0300] {logging_mixin.py:188} INFO - [2025-11-04T21:51:23.012-0300] {dagbag.py:545} INFO - Filling up the DagBag from /Users/joaovitor/airflow_env/lib/python3.11/site-packages/airflow/example_dags/tutorial.py
[2025-11-04T21:51:23.020-0300] {processor.py:840} INFO - DAG(s) 'tutorial' retrieved from /Users/joaovitor/airflow_env/lib/python3.11/site-packages/airflow/example_dags/tutorial.py
[2025-11-04T21:51:23.136-0300] {logging_mixin.py:188} INFO - [2025-11-04T21:51:23.136-0300] {dag.py:3089} INFO - Sync 1 DAGs
[2025-11-04T21:51:23.154-0300] {logging_mixin.py:188} INFO - [2025-11-04T21:51:23.154-0300] {dag.py:3947} INFO - Setting next_dagrun for tutorial to 2025-11-04 00:00:00+00:00, run_after=2025-11-05 00:00:00+00:00
[2025-11-04T21:51:23.180-0300] {processor.py:183} INFO - Processing /Users/joaovitor/airflow_env/lib/python3.11/site-packages/airflow/example_dags/tutorial.py took 0.175 seconds
[2025-11-04T21:53:17.746-0300] {processor.py:161} INFO - Started process (PID=31263) to work on /Users/joaovitor/airflow_env/lib/python3.11/site-packages/airflow/example_dags/tutorial.py
[2025-11-04T21:53:17.747-0300] {processor.py:830} INFO - Processing file /Users/joaovitor/airflow_env/lib/python3.11/site-packages/airflow/example_dags/tutorial.py for tasks to queue
[2025-11-04T21:53:17.748-0300] {logging_mixin.py:188} INFO - [2025-11-04T21:53:17.748-0300] {dagbag.py:545} INFO - Filling up the DagBag from /Users/joaovitor/airflow_env/lib/python3.11/site-packages/airflow/example_dags/tutorial.py
[2025-11-04T21:53:17.757-0300] {processor.py:840} INFO - DAG(s) 'tutorial' retrieved from /Users/joaovitor/airflow_env/lib/python3.11/site-packages/airflow/example_dags/tutorial.py
[2025-11-04T21:53:17.877-0300] {logging_mixin.py:188} INFO - [2025-11-04T21:53:17.877-0300] {dag.py:3089} INFO - Sync 1 DAGs
[2025-11-04T21:53:17.894-0300] {logging_mixin.py:188} INFO - [2025-11-04T21:53:17.894-0300] {dag.py:3947} INFO - Setting next_dagrun for tutorial to 2025-11-04 00:00:00+00:00, run_after=2025-11-05 00:00:00+00:00
[2025-11-04T21:53:17.917-0300] {processor.py:183} INFO - Processing /Users/joaovitor/airflow_env/lib/python3.11/site-packages/airflow/example_dags/tutorial.py took 0.173 seconds
[2025-11-04T21:55:11.460-0300] {processor.py:161} INFO - Started process (PID=31304) to work on /Users/joaovitor/airflow_env/lib/python3.11/site-packages/airflow/example_dags/tutorial.py
[2025-11-04T21:55:11.461-0300] {processor.py:830} INFO - Processing file /Users/joaovitor/airflow_env/lib/python3.11/site-packages/airflow/example_dags/tutorial.py for tasks to queue
[2025-11-04T21:55:11.462-0300] {logging_mixin.py:188} INFO - [2025-11-04T21:55:11.461-0300] {dagbag.py:545} INFO - Filling up the DagBag from /Users/joaovitor/airflow_env/lib/python3.11/site-packages/airflow/example_dags/tutorial.py
[2025-11-04T21:55:11.471-0300] {processor.py:840} INFO - DAG(s) 'tutorial' retrieved from /Users/joaovitor/airflow_env/lib/python3.11/site-packages/airflow/example_dags/tutorial.py
[2025-11-04T21:55:11.587-0300] {logging_mixin.py:188} INFO - [2025-11-04T21:55:11.587-0300] {dag.py:3089} INFO - Sync 1 DAGs
[2025-11-04T21:55:11.605-0300] {logging_mixin.py:188} INFO - [2025-11-04T21:55:11.605-0300] {dag.py:3947} INFO - Setting next_dagrun for tutorial to 2025-11-04 00:00:00+00:00, run_after=2025-11-05 00:00:00+00:00
[2025-11-04T21:55:11.629-0300] {processor.py:183} INFO - Processing /Users/joaovitor/airflow_env/lib/python3.11/site-packages/airflow/example_dags/tutorial.py took 0.171 seconds
[2025-11-04T21:57:02.004-0300] {processor.py:161} INFO - Started process (PID=31345) to work on /Users/joaovitor/airflow_env/lib/python3.11/site-packages/airflow/example_dags/tutorial.py
[2025-11-04T21:57:02.005-0300] {processor.py:830} INFO - Processing file /Users/joaovitor/airflow_env/lib/python3.11/site-packages/airflow/example_dags/tutorial.py for tasks to queue
[2025-11-04T21:57:02.006-0300] {logging_mixin.py:188} INFO - [2025-11-04T21:57:02.006-0300] {dagbag.py:545} INFO - Filling up the DagBag from /Users/joaovitor/airflow_env/lib/python3.11/site-packages/airflow/example_dags/tutorial.py
[2025-11-04T21:57:02.013-0300] {processor.py:840} INFO - DAG(s) 'tutorial' retrieved from /Users/joaovitor/airflow_env/lib/python3.11/site-packages/airflow/example_dags/tutorial.py
[2025-11-04T21:57:02.115-0300] {logging_mixin.py:188} INFO - [2025-11-04T21:57:02.115-0300] {dag.py:3089} INFO - Sync 1 DAGs
[2025-11-04T21:57:02.131-0300] {logging_mixin.py:188} INFO - [2025-11-04T21:57:02.131-0300] {dag.py:3947} INFO - Setting next_dagrun for tutorial to 2025-11-04 00:00:00+00:00, run_after=2025-11-05 00:00:00+00:00
[2025-11-04T21:57:02.151-0300] {processor.py:183} INFO - Processing /Users/joaovitor/airflow_env/lib/python3.11/site-packages/airflow/example_dags/tutorial.py took 0.150 seconds
[2025-11-04T21:58:53.160-0300] {processor.py:161} INFO - Started process (PID=31384) to work on /Users/joaovitor/airflow_env/lib/python3.11/site-packages/airflow/example_dags/tutorial.py
[2025-11-04T21:58:53.161-0300] {processor.py:830} INFO - Processing file /Users/joaovitor/airflow_env/lib/python3.11/site-packages/airflow/example_dags/tutorial.py for tasks to queue
[2025-11-04T21:58:53.161-0300] {logging_mixin.py:188} INFO - [2025-11-04T21:58:53.161-0300] {dagbag.py:545} INFO - Filling up the DagBag from /Users/joaovitor/airflow_env/lib/python3.11/site-packages/airflow/example_dags/tutorial.py
[2025-11-04T21:58:53.170-0300] {processor.py:840} INFO - DAG(s) 'tutorial' retrieved from /Users/joaovitor/airflow_env/lib/python3.11/site-packages/airflow/example_dags/tutorial.py
[2025-11-04T21:58:53.285-0300] {logging_mixin.py:188} INFO - [2025-11-04T21:58:53.284-0300] {dag.py:3089} INFO - Sync 1 DAGs
[2025-11-04T21:58:53.304-0300] {logging_mixin.py:188} INFO - [2025-11-04T21:58:53.304-0300] {dag.py:3947} INFO - Setting next_dagrun for tutorial to 2025-11-04 00:00:00+00:00, run_after=2025-11-05 00:00:00+00:00
[2025-11-04T21:58:53.327-0300] {processor.py:183} INFO - Processing /Users/joaovitor/airflow_env/lib/python3.11/site-packages/airflow/example_dags/tutorial.py took 0.170 seconds
[2025-11-04T22:00:44.016-0300] {processor.py:161} INFO - Started process (PID=31424) to work on /Users/joaovitor/airflow_env/lib/python3.11/site-packages/airflow/example_dags/tutorial.py
[2025-11-04T22:00:44.017-0300] {processor.py:830} INFO - Processing file /Users/joaovitor/airflow_env/lib/python3.11/site-packages/airflow/example_dags/tutorial.py for tasks to queue
[2025-11-04T22:00:44.018-0300] {logging_mixin.py:188} INFO - [2025-11-04T22:00:44.018-0300] {dagbag.py:545} INFO - Filling up the DagBag from /Users/joaovitor/airflow_env/lib/python3.11/site-packages/airflow/example_dags/tutorial.py
[2025-11-04T22:00:44.025-0300] {processor.py:840} INFO - DAG(s) 'tutorial' retrieved from /Users/joaovitor/airflow_env/lib/python3.11/site-packages/airflow/example_dags/tutorial.py
[2025-11-04T22:00:44.128-0300] {logging_mixin.py:188} INFO - [2025-11-04T22:00:44.128-0300] {dag.py:3089} INFO - Sync 1 DAGs
[2025-11-04T22:00:44.145-0300] {logging_mixin.py:188} INFO - [2025-11-04T22:00:44.144-0300] {dag.py:3947} INFO - Setting next_dagrun for tutorial to 2025-11-04 00:00:00+00:00, run_after=2025-11-05 00:00:00+00:00
[2025-11-04T22:00:44.172-0300] {processor.py:183} INFO - Processing /Users/joaovitor/airflow_env/lib/python3.11/site-packages/airflow/example_dags/tutorial.py took 0.158 seconds
[2025-11-04T22:06:23.560-0300] {processor.py:161} INFO - Started process (PID=31481) to work on /Users/joaovitor/airflow_env/lib/python3.11/site-packages/airflow/example_dags/tutorial.py
[2025-11-04T22:06:23.561-0300] {processor.py:830} INFO - Processing file /Users/joaovitor/airflow_env/lib/python3.11/site-packages/airflow/example_dags/tutorial.py for tasks to queue
[2025-11-04T22:06:23.562-0300] {logging_mixin.py:188} INFO - [2025-11-04T22:06:23.562-0300] {dagbag.py:545} INFO - Filling up the DagBag from /Users/joaovitor/airflow_env/lib/python3.11/site-packages/airflow/example_dags/tutorial.py
[2025-11-04T22:06:23.570-0300] {processor.py:840} INFO - DAG(s) 'tutorial' retrieved from /Users/joaovitor/airflow_env/lib/python3.11/site-packages/airflow/example_dags/tutorial.py
[2025-11-04T22:06:23.687-0300] {logging_mixin.py:188} INFO - [2025-11-04T22:06:23.686-0300] {dag.py:3089} INFO - Sync 1 DAGs
[2025-11-04T22:06:23.704-0300] {logging_mixin.py:188} INFO - [2025-11-04T22:06:23.704-0300] {dag.py:3947} INFO - Setting next_dagrun for tutorial to 2025-11-04 00:00:00+00:00, run_after=2025-11-05 00:00:00+00:00
[2025-11-04T22:06:23.728-0300] {processor.py:183} INFO - Processing /Users/joaovitor/airflow_env/lib/python3.11/site-packages/airflow/example_dags/tutorial.py took 0.171 seconds
[2025-11-04T22:08:19.344-0300] {processor.py:161} INFO - Started process (PID=31541) to work on /Users/joaovitor/airflow_env/lib/python3.11/site-packages/airflow/example_dags/tutorial.py
[2025-11-04T22:08:19.345-0300] {processor.py:830} INFO - Processing file /Users/joaovitor/airflow_env/lib/python3.11/site-packages/airflow/example_dags/tutorial.py for tasks to queue
[2025-11-04T22:08:19.346-0300] {logging_mixin.py:188} INFO - [2025-11-04T22:08:19.346-0300] {dagbag.py:545} INFO - Filling up the DagBag from /Users/joaovitor/airflow_env/lib/python3.11/site-packages/airflow/example_dags/tutorial.py
[2025-11-04T22:08:19.353-0300] {processor.py:840} INFO - DAG(s) 'tutorial' retrieved from /Users/joaovitor/airflow_env/lib/python3.11/site-packages/airflow/example_dags/tutorial.py
[2025-11-04T22:08:19.455-0300] {logging_mixin.py:188} INFO - [2025-11-04T22:08:19.454-0300] {dag.py:3089} INFO - Sync 1 DAGs
[2025-11-04T22:08:19.470-0300] {logging_mixin.py:188} INFO - [2025-11-04T22:08:19.470-0300] {dag.py:3947} INFO - Setting next_dagrun for tutorial to 2025-11-04 00:00:00+00:00, run_after=2025-11-05 00:00:00+00:00
[2025-11-04T22:08:19.492-0300] {processor.py:183} INFO - Processing /Users/joaovitor/airflow_env/lib/python3.11/site-packages/airflow/example_dags/tutorial.py took 0.150 seconds
[2025-11-04T22:10:10.563-0300] {processor.py:161} INFO - Started process (PID=31587) to work on /Users/joaovitor/airflow_env/lib/python3.11/site-packages/airflow/example_dags/tutorial.py
[2025-11-04T22:10:10.564-0300] {processor.py:830} INFO - Processing file /Users/joaovitor/airflow_env/lib/python3.11/site-packages/airflow/example_dags/tutorial.py for tasks to queue
[2025-11-04T22:10:10.564-0300] {logging_mixin.py:188} INFO - [2025-11-04T22:10:10.564-0300] {dagbag.py:545} INFO - Filling up the DagBag from /Users/joaovitor/airflow_env/lib/python3.11/site-packages/airflow/example_dags/tutorial.py
[2025-11-04T22:10:10.573-0300] {processor.py:840} INFO - DAG(s) 'tutorial' retrieved from /Users/joaovitor/airflow_env/lib/python3.11/site-packages/airflow/example_dags/tutorial.py
[2025-11-04T22:10:10.687-0300] {logging_mixin.py:188} INFO - [2025-11-04T22:10:10.686-0300] {dag.py:3089} INFO - Sync 1 DAGs
[2025-11-04T22:10:10.704-0300] {logging_mixin.py:188} INFO - [2025-11-04T22:10:10.704-0300] {dag.py:3947} INFO - Setting next_dagrun for tutorial to 2025-11-04 00:00:00+00:00, run_after=2025-11-05 00:00:00+00:00
[2025-11-04T22:10:10.726-0300] {processor.py:183} INFO - Processing /Users/joaovitor/airflow_env/lib/python3.11/site-packages/airflow/example_dags/tutorial.py took 0.166 seconds
[2025-11-04T22:12:09.617-0300] {processor.py:161} INFO - Started process (PID=31633) to work on /Users/joaovitor/airflow_env/lib/python3.11/site-packages/airflow/example_dags/tutorial.py
[2025-11-04T22:12:09.618-0300] {processor.py:830} INFO - Processing file /Users/joaovitor/airflow_env/lib/python3.11/site-packages/airflow/example_dags/tutorial.py for tasks to queue
[2025-11-04T22:12:09.619-0300] {logging_mixin.py:188} INFO - [2025-11-04T22:12:09.618-0300] {dagbag.py:545} INFO - Filling up the DagBag from /Users/joaovitor/airflow_env/lib/python3.11/site-packages/airflow/example_dags/tutorial.py
[2025-11-04T22:12:09.629-0300] {processor.py:840} INFO - DAG(s) 'tutorial' retrieved from /Users/joaovitor/airflow_env/lib/python3.11/site-packages/airflow/example_dags/tutorial.py
[2025-11-04T22:12:09.752-0300] {logging_mixin.py:188} INFO - [2025-11-04T22:12:09.752-0300] {dag.py:3089} INFO - Sync 1 DAGs
[2025-11-04T22:12:09.771-0300] {logging_mixin.py:188} INFO - [2025-11-04T22:12:09.770-0300] {dag.py:3947} INFO - Setting next_dagrun for tutorial to 2025-11-04 00:00:00+00:00, run_after=2025-11-05 00:00:00+00:00
[2025-11-04T22:12:09.797-0300] {processor.py:183} INFO - Processing /Users/joaovitor/airflow_env/lib/python3.11/site-packages/airflow/example_dags/tutorial.py took 0.183 seconds
[2025-11-04T22:14:12.350-0300] {processor.py:161} INFO - Started process (PID=31684) to work on /Users/joaovitor/airflow_env/lib/python3.11/site-packages/airflow/example_dags/tutorial.py
[2025-11-04T22:14:12.351-0300] {processor.py:830} INFO - Processing file /Users/joaovitor/airflow_env/lib/python3.11/site-packages/airflow/example_dags/tutorial.py for tasks to queue
[2025-11-04T22:14:12.352-0300] {logging_mixin.py:188} INFO - [2025-11-04T22:14:12.352-0300] {dagbag.py:545} INFO - Filling up the DagBag from /Users/joaovitor/airflow_env/lib/python3.11/site-packages/airflow/example_dags/tutorial.py
[2025-11-04T22:14:12.359-0300] {processor.py:840} INFO - DAG(s) 'tutorial' retrieved from /Users/joaovitor/airflow_env/lib/python3.11/site-packages/airflow/example_dags/tutorial.py
[2025-11-04T22:14:12.461-0300] {logging_mixin.py:188} INFO - [2025-11-04T22:14:12.460-0300] {dag.py:3089} INFO - Sync 1 DAGs
[2025-11-04T22:14:12.476-0300] {logging_mixin.py:188} INFO - [2025-11-04T22:14:12.476-0300] {dag.py:3947} INFO - Setting next_dagrun for tutorial to 2025-11-04 00:00:00+00:00, run_after=2025-11-05 00:00:00+00:00
[2025-11-04T22:14:12.498-0300] {processor.py:183} INFO - Processing /Users/joaovitor/airflow_env/lib/python3.11/site-packages/airflow/example_dags/tutorial.py took 0.150 seconds
[2025-11-04T22:16:22.866-0300] {processor.py:161} INFO - Started process (PID=31742) to work on /Users/joaovitor/airflow_env/lib/python3.11/site-packages/airflow/example_dags/tutorial.py
[2025-11-04T22:16:22.867-0300] {processor.py:830} INFO - Processing file /Users/joaovitor/airflow_env/lib/python3.11/site-packages/airflow/example_dags/tutorial.py for tasks to queue
[2025-11-04T22:16:22.868-0300] {logging_mixin.py:188} INFO - [2025-11-04T22:16:22.868-0300] {dagbag.py:545} INFO - Filling up the DagBag from /Users/joaovitor/airflow_env/lib/python3.11/site-packages/airflow/example_dags/tutorial.py
[2025-11-04T22:16:22.876-0300] {processor.py:840} INFO - DAG(s) 'tutorial' retrieved from /Users/joaovitor/airflow_env/lib/python3.11/site-packages/airflow/example_dags/tutorial.py
[2025-11-04T22:16:22.981-0300] {logging_mixin.py:188} INFO - [2025-11-04T22:16:22.981-0300] {dag.py:3089} INFO - Sync 1 DAGs
[2025-11-04T22:16:22.998-0300] {logging_mixin.py:188} INFO - [2025-11-04T22:16:22.998-0300] {dag.py:3947} INFO - Setting next_dagrun for tutorial to 2025-11-04 00:00:00+00:00, run_after=2025-11-05 00:00:00+00:00
[2025-11-04T22:16:23.019-0300] {processor.py:183} INFO - Processing /Users/joaovitor/airflow_env/lib/python3.11/site-packages/airflow/example_dags/tutorial.py took 0.155 seconds
[2025-11-04T22:18:15.049-0300] {processor.py:161} INFO - Started process (PID=31782) to work on /Users/joaovitor/airflow_env/lib/python3.11/site-packages/airflow/example_dags/tutorial.py
[2025-11-04T22:18:15.050-0300] {processor.py:830} INFO - Processing file /Users/joaovitor/airflow_env/lib/python3.11/site-packages/airflow/example_dags/tutorial.py for tasks to queue
[2025-11-04T22:18:15.053-0300] {logging_mixin.py:188} INFO - [2025-11-04T22:18:15.051-0300] {dagbag.py:545} INFO - Filling up the DagBag from /Users/joaovitor/airflow_env/lib/python3.11/site-packages/airflow/example_dags/tutorial.py
[2025-11-04T22:18:15.061-0300] {processor.py:840} INFO - DAG(s) 'tutorial' retrieved from /Users/joaovitor/airflow_env/lib/python3.11/site-packages/airflow/example_dags/tutorial.py
[2025-11-04T22:18:15.190-0300] {logging_mixin.py:188} INFO - [2025-11-04T22:18:15.190-0300] {dag.py:3089} INFO - Sync 1 DAGs
[2025-11-04T22:18:15.210-0300] {logging_mixin.py:188} INFO - [2025-11-04T22:18:15.210-0300] {dag.py:3947} INFO - Setting next_dagrun for tutorial to 2025-11-04 00:00:00+00:00, run_after=2025-11-05 00:00:00+00:00
[2025-11-04T22:18:15.236-0300] {processor.py:183} INFO - Processing /Users/joaovitor/airflow_env/lib/python3.11/site-packages/airflow/example_dags/tutorial.py took 0.190 seconds
[2025-11-04T22:20:19.431-0300] {processor.py:161} INFO - Started process (PID=31830) to work on /Users/joaovitor/airflow_env/lib/python3.11/site-packages/airflow/example_dags/tutorial.py
[2025-11-04T22:20:19.433-0300] {processor.py:830} INFO - Processing file /Users/joaovitor/airflow_env/lib/python3.11/site-packages/airflow/example_dags/tutorial.py for tasks to queue
[2025-11-04T22:20:19.434-0300] {logging_mixin.py:188} INFO - [2025-11-04T22:20:19.434-0300] {dagbag.py:545} INFO - Filling up the DagBag from /Users/joaovitor/airflow_env/lib/python3.11/site-packages/airflow/example_dags/tutorial.py
[2025-11-04T22:20:19.444-0300] {processor.py:840} INFO - DAG(s) 'tutorial' retrieved from /Users/joaovitor/airflow_env/lib/python3.11/site-packages/airflow/example_dags/tutorial.py
[2025-11-04T22:20:19.563-0300] {logging_mixin.py:188} INFO - [2025-11-04T22:20:19.562-0300] {dag.py:3089} INFO - Sync 1 DAGs
[2025-11-04T22:20:19.583-0300] {logging_mixin.py:188} INFO - [2025-11-04T22:20:19.582-0300] {dag.py:3947} INFO - Setting next_dagrun for tutorial to 2025-11-04 00:00:00+00:00, run_after=2025-11-05 00:00:00+00:00
[2025-11-04T22:20:19.605-0300] {processor.py:183} INFO - Processing /Users/joaovitor/airflow_env/lib/python3.11/site-packages/airflow/example_dags/tutorial.py took 0.179 seconds
[2025-11-04T22:22:27.403-0300] {processor.py:161} INFO - Started process (PID=31929) to work on /Users/joaovitor/airflow_env/lib/python3.11/site-packages/airflow/example_dags/tutorial.py
[2025-11-04T22:22:27.405-0300] {processor.py:830} INFO - Processing file /Users/joaovitor/airflow_env/lib/python3.11/site-packages/airflow/example_dags/tutorial.py for tasks to queue
[2025-11-04T22:22:27.407-0300] {logging_mixin.py:188} INFO - [2025-11-04T22:22:27.407-0300] {dagbag.py:545} INFO - Filling up the DagBag from /Users/joaovitor/airflow_env/lib/python3.11/site-packages/airflow/example_dags/tutorial.py
[2025-11-04T22:22:27.417-0300] {processor.py:840} INFO - DAG(s) 'tutorial' retrieved from /Users/joaovitor/airflow_env/lib/python3.11/site-packages/airflow/example_dags/tutorial.py
[2025-11-04T22:22:27.731-0300] {logging_mixin.py:188} INFO - [2025-11-04T22:22:27.731-0300] {dag.py:3089} INFO - Sync 1 DAGs
[2025-11-04T22:22:27.749-0300] {logging_mixin.py:188} INFO - [2025-11-04T22:22:27.749-0300] {dag.py:3947} INFO - Setting next_dagrun for tutorial to 2025-11-04 00:00:00+00:00, run_after=2025-11-05 00:00:00+00:00
[2025-11-04T22:22:27.774-0300] {processor.py:183} INFO - Processing /Users/joaovitor/airflow_env/lib/python3.11/site-packages/airflow/example_dags/tutorial.py took 0.373 seconds
[2025-11-04T22:24:33.119-0300] {processor.py:161} INFO - Started process (PID=31970) to work on /Users/joaovitor/airflow_env/lib/python3.11/site-packages/airflow/example_dags/tutorial.py
[2025-11-04T22:24:33.120-0300] {processor.py:830} INFO - Processing file /Users/joaovitor/airflow_env/lib/python3.11/site-packages/airflow/example_dags/tutorial.py for tasks to queue
[2025-11-04T22:24:33.121-0300] {logging_mixin.py:188} INFO - [2025-11-04T22:24:33.121-0300] {dagbag.py:545} INFO - Filling up the DagBag from /Users/joaovitor/airflow_env/lib/python3.11/site-packages/airflow/example_dags/tutorial.py
[2025-11-04T22:24:33.128-0300] {processor.py:840} INFO - DAG(s) 'tutorial' retrieved from /Users/joaovitor/airflow_env/lib/python3.11/site-packages/airflow/example_dags/tutorial.py
[2025-11-04T22:24:33.253-0300] {logging_mixin.py:188} INFO - [2025-11-04T22:24:33.253-0300] {dag.py:3089} INFO - Sync 1 DAGs
[2025-11-04T22:24:33.272-0300] {logging_mixin.py:188} INFO - [2025-11-04T22:24:33.272-0300] {dag.py:3947} INFO - Setting next_dagrun for tutorial to 2025-11-04 00:00:00+00:00, run_after=2025-11-05 00:00:00+00:00
[2025-11-04T22:24:33.296-0300] {processor.py:183} INFO - Processing /Users/joaovitor/airflow_env/lib/python3.11/site-packages/airflow/example_dags/tutorial.py took 0.181 seconds
[2025-11-04T22:26:40.130-0300] {processor.py:161} INFO - Started process (PID=32012) to work on /Users/joaovitor/airflow_env/lib/python3.11/site-packages/airflow/example_dags/tutorial.py
[2025-11-04T22:26:40.131-0300] {processor.py:830} INFO - Processing file /Users/joaovitor/airflow_env/lib/python3.11/site-packages/airflow/example_dags/tutorial.py for tasks to queue
[2025-11-04T22:26:40.132-0300] {logging_mixin.py:188} INFO - [2025-11-04T22:26:40.131-0300] {dagbag.py:545} INFO - Filling up the DagBag from /Users/joaovitor/airflow_env/lib/python3.11/site-packages/airflow/example_dags/tutorial.py
[2025-11-04T22:26:40.140-0300] {processor.py:840} INFO - DAG(s) 'tutorial' retrieved from /Users/joaovitor/airflow_env/lib/python3.11/site-packages/airflow/example_dags/tutorial.py
[2025-11-04T22:26:40.258-0300] {logging_mixin.py:188} INFO - [2025-11-04T22:26:40.257-0300] {dag.py:3089} INFO - Sync 1 DAGs
[2025-11-04T22:26:40.275-0300] {logging_mixin.py:188} INFO - [2025-11-04T22:26:40.275-0300] {dag.py:3947} INFO - Setting next_dagrun for tutorial to 2025-11-04 00:00:00+00:00, run_after=2025-11-05 00:00:00+00:00
[2025-11-04T22:26:40.300-0300] {processor.py:183} INFO - Processing /Users/joaovitor/airflow_env/lib/python3.11/site-packages/airflow/example_dags/tutorial.py took 0.176 seconds
[2025-11-04T22:28:48.406-0300] {processor.py:161} INFO - Started process (PID=32054) to work on /Users/joaovitor/airflow_env/lib/python3.11/site-packages/airflow/example_dags/tutorial.py
[2025-11-04T22:28:48.407-0300] {processor.py:830} INFO - Processing file /Users/joaovitor/airflow_env/lib/python3.11/site-packages/airflow/example_dags/tutorial.py for tasks to queue
[2025-11-04T22:28:48.408-0300] {logging_mixin.py:188} INFO - [2025-11-04T22:28:48.408-0300] {dagbag.py:545} INFO - Filling up the DagBag from /Users/joaovitor/airflow_env/lib/python3.11/site-packages/airflow/example_dags/tutorial.py
[2025-11-04T22:28:48.415-0300] {processor.py:840} INFO - DAG(s) 'tutorial' retrieved from /Users/joaovitor/airflow_env/lib/python3.11/site-packages/airflow/example_dags/tutorial.py
[2025-11-04T22:28:48.534-0300] {logging_mixin.py:188} INFO - [2025-11-04T22:28:48.534-0300] {dag.py:3089} INFO - Sync 1 DAGs
[2025-11-04T22:28:48.552-0300] {logging_mixin.py:188} INFO - [2025-11-04T22:28:48.552-0300] {dag.py:3947} INFO - Setting next_dagrun for tutorial to 2025-11-04 00:00:00+00:00, run_after=2025-11-05 00:00:00+00:00
[2025-11-04T22:28:48.584-0300] {processor.py:183} INFO - Processing /Users/joaovitor/airflow_env/lib/python3.11/site-packages/airflow/example_dags/tutorial.py took 0.180 seconds
[2025-11-04T22:31:11.015-0300] {processor.py:161} INFO - Started process (PID=32149) to work on /Users/joaovitor/airflow_env/lib/python3.11/site-packages/airflow/example_dags/tutorial.py
[2025-11-04T22:31:11.018-0300] {processor.py:830} INFO - Processing file /Users/joaovitor/airflow_env/lib/python3.11/site-packages/airflow/example_dags/tutorial.py for tasks to queue
[2025-11-04T22:31:11.020-0300] {logging_mixin.py:188} INFO - [2025-11-04T22:31:11.020-0300] {dagbag.py:545} INFO - Filling up the DagBag from /Users/joaovitor/airflow_env/lib/python3.11/site-packages/airflow/example_dags/tutorial.py
[2025-11-04T22:31:11.029-0300] {processor.py:840} INFO - DAG(s) 'tutorial' retrieved from /Users/joaovitor/airflow_env/lib/python3.11/site-packages/airflow/example_dags/tutorial.py
[2025-11-04T22:31:11.147-0300] {logging_mixin.py:188} INFO - [2025-11-04T22:31:11.147-0300] {dag.py:3089} INFO - Sync 1 DAGs
[2025-11-04T22:31:11.167-0300] {logging_mixin.py:188} INFO - [2025-11-04T22:31:11.167-0300] {dag.py:3947} INFO - Setting next_dagrun for tutorial to 2025-11-04 00:00:00+00:00, run_after=2025-11-05 00:00:00+00:00
[2025-11-04T22:31:11.191-0300] {processor.py:183} INFO - Processing /Users/joaovitor/airflow_env/lib/python3.11/site-packages/airflow/example_dags/tutorial.py took 0.179 seconds
[2025-11-04T22:33:47.478-0300] {processor.py:161} INFO - Started process (PID=32249) to work on /Users/joaovitor/airflow_env/lib/python3.11/site-packages/airflow/example_dags/tutorial.py
[2025-11-04T22:33:47.482-0300] {processor.py:830} INFO - Processing file /Users/joaovitor/airflow_env/lib/python3.11/site-packages/airflow/example_dags/tutorial.py for tasks to queue
[2025-11-04T22:33:47.484-0300] {logging_mixin.py:188} INFO - [2025-11-04T22:33:47.484-0300] {dagbag.py:545} INFO - Filling up the DagBag from /Users/joaovitor/airflow_env/lib/python3.11/site-packages/airflow/example_dags/tutorial.py
[2025-11-04T22:33:47.503-0300] {processor.py:840} INFO - DAG(s) 'tutorial' retrieved from /Users/joaovitor/airflow_env/lib/python3.11/site-packages/airflow/example_dags/tutorial.py
[2025-11-04T22:33:47.883-0300] {logging_mixin.py:188} INFO - [2025-11-04T22:33:47.882-0300] {dag.py:3089} INFO - Sync 1 DAGs
[2025-11-04T22:33:47.923-0300] {logging_mixin.py:188} INFO - [2025-11-04T22:33:47.923-0300] {dag.py:3947} INFO - Setting next_dagrun for tutorial to 2025-11-04 00:00:00+00:00, run_after=2025-11-05 00:00:00+00:00
[2025-11-04T22:33:47.962-0300] {processor.py:183} INFO - Processing /Users/joaovitor/airflow_env/lib/python3.11/site-packages/airflow/example_dags/tutorial.py took 0.490 seconds
[2025-11-04T22:36:04.839-0300] {processor.py:161} INFO - Started process (PID=32423) to work on /Users/joaovitor/airflow_env/lib/python3.11/site-packages/airflow/example_dags/tutorial.py
[2025-11-04T22:36:04.842-0300] {processor.py:830} INFO - Processing file /Users/joaovitor/airflow_env/lib/python3.11/site-packages/airflow/example_dags/tutorial.py for tasks to queue
[2025-11-04T22:36:04.843-0300] {logging_mixin.py:188} INFO - [2025-11-04T22:36:04.842-0300] {dagbag.py:545} INFO - Filling up the DagBag from /Users/joaovitor/airflow_env/lib/python3.11/site-packages/airflow/example_dags/tutorial.py
[2025-11-04T22:36:04.850-0300] {processor.py:840} INFO - DAG(s) 'tutorial' retrieved from /Users/joaovitor/airflow_env/lib/python3.11/site-packages/airflow/example_dags/tutorial.py
[2025-11-04T22:36:04.965-0300] {logging_mixin.py:188} INFO - [2025-11-04T22:36:04.965-0300] {dag.py:3089} INFO - Sync 1 DAGs
[2025-11-04T22:36:04.983-0300] {logging_mixin.py:188} INFO - [2025-11-04T22:36:04.983-0300] {dag.py:3947} INFO - Setting next_dagrun for tutorial to 2025-11-04 00:00:00+00:00, run_after=2025-11-05 00:00:00+00:00
[2025-11-04T22:36:05.007-0300] {processor.py:183} INFO - Processing /Users/joaovitor/airflow_env/lib/python3.11/site-packages/airflow/example_dags/tutorial.py took 0.171 seconds
[2025-11-04T22:38:27.675-0300] {processor.py:161} INFO - Started process (PID=32652) to work on /Users/joaovitor/airflow_env/lib/python3.11/site-packages/airflow/example_dags/tutorial.py
[2025-11-04T22:38:27.677-0300] {processor.py:830} INFO - Processing file /Users/joaovitor/airflow_env/lib/python3.11/site-packages/airflow/example_dags/tutorial.py for tasks to queue
[2025-11-04T22:38:27.678-0300] {logging_mixin.py:188} INFO - [2025-11-04T22:38:27.678-0300] {dagbag.py:545} INFO - Filling up the DagBag from /Users/joaovitor/airflow_env/lib/python3.11/site-packages/airflow/example_dags/tutorial.py
[2025-11-04T22:38:27.688-0300] {processor.py:840} INFO - DAG(s) 'tutorial' retrieved from /Users/joaovitor/airflow_env/lib/python3.11/site-packages/airflow/example_dags/tutorial.py
[2025-11-04T22:38:28.365-0300] {logging_mixin.py:188} INFO - [2025-11-04T22:38:28.365-0300] {dag.py:3089} INFO - Sync 1 DAGs
[2025-11-04T22:38:28.407-0300] {logging_mixin.py:188} INFO - [2025-11-04T22:38:28.407-0300] {dag.py:3947} INFO - Setting next_dagrun for tutorial to 2025-11-04 00:00:00+00:00, run_after=2025-11-05 00:00:00+00:00
[2025-11-04T22:38:28.444-0300] {processor.py:183} INFO - Processing /Users/joaovitor/airflow_env/lib/python3.11/site-packages/airflow/example_dags/tutorial.py took 0.772 seconds
[2025-11-04T22:40:50.931-0300] {processor.py:161} INFO - Started process (PID=32702) to work on /Users/joaovitor/airflow_env/lib/python3.11/site-packages/airflow/example_dags/tutorial.py
[2025-11-04T22:40:50.936-0300] {processor.py:830} INFO - Processing file /Users/joaovitor/airflow_env/lib/python3.11/site-packages/airflow/example_dags/tutorial.py for tasks to queue
[2025-11-04T22:40:50.936-0300] {logging_mixin.py:188} INFO - [2025-11-04T22:40:50.936-0300] {dagbag.py:545} INFO - Filling up the DagBag from /Users/joaovitor/airflow_env/lib/python3.11/site-packages/airflow/example_dags/tutorial.py
[2025-11-04T22:40:50.944-0300] {processor.py:840} INFO - DAG(s) 'tutorial' retrieved from /Users/joaovitor/airflow_env/lib/python3.11/site-packages/airflow/example_dags/tutorial.py
[2025-11-04T22:40:51.081-0300] {logging_mixin.py:188} INFO - [2025-11-04T22:40:51.081-0300] {dag.py:3089} INFO - Sync 1 DAGs
[2025-11-04T22:40:51.109-0300] {logging_mixin.py:188} INFO - [2025-11-04T22:40:51.109-0300] {dag.py:3947} INFO - Setting next_dagrun for tutorial to 2025-11-04 00:00:00+00:00, run_after=2025-11-05 00:00:00+00:00
[2025-11-04T22:40:51.147-0300] {processor.py:183} INFO - Processing /Users/joaovitor/airflow_env/lib/python3.11/site-packages/airflow/example_dags/tutorial.py took 0.218 seconds
[2025-11-04T22:43:15.183-0300] {processor.py:161} INFO - Started process (PID=32760) to work on /Users/joaovitor/airflow_env/lib/python3.11/site-packages/airflow/example_dags/tutorial.py
[2025-11-04T22:43:15.185-0300] {processor.py:830} INFO - Processing file /Users/joaovitor/airflow_env/lib/python3.11/site-packages/airflow/example_dags/tutorial.py for tasks to queue
[2025-11-04T22:43:15.186-0300] {logging_mixin.py:188} INFO - [2025-11-04T22:43:15.186-0300] {dagbag.py:545} INFO - Filling up the DagBag from /Users/joaovitor/airflow_env/lib/python3.11/site-packages/airflow/example_dags/tutorial.py
[2025-11-04T22:43:15.195-0300] {processor.py:840} INFO - DAG(s) 'tutorial' retrieved from /Users/joaovitor/airflow_env/lib/python3.11/site-packages/airflow/example_dags/tutorial.py
[2025-11-04T22:43:15.339-0300] {logging_mixin.py:188} INFO - [2025-11-04T22:43:15.339-0300] {dag.py:3089} INFO - Sync 1 DAGs
[2025-11-04T22:43:15.391-0300] {logging_mixin.py:188} INFO - [2025-11-04T22:43:15.390-0300] {dag.py:3947} INFO - Setting next_dagrun for tutorial to 2025-11-04 00:00:00+00:00, run_after=2025-11-05 00:00:00+00:00
[2025-11-04T22:43:15.428-0300] {processor.py:183} INFO - Processing /Users/joaovitor/airflow_env/lib/python3.11/site-packages/airflow/example_dags/tutorial.py took 0.248 seconds
[2025-11-04T22:45:31.843-0300] {processor.py:161} INFO - Started process (PID=32813) to work on /Users/joaovitor/airflow_env/lib/python3.11/site-packages/airflow/example_dags/tutorial.py
[2025-11-04T22:45:31.844-0300] {processor.py:830} INFO - Processing file /Users/joaovitor/airflow_env/lib/python3.11/site-packages/airflow/example_dags/tutorial.py for tasks to queue
[2025-11-04T22:45:31.845-0300] {logging_mixin.py:188} INFO - [2025-11-04T22:45:31.845-0300] {dagbag.py:545} INFO - Filling up the DagBag from /Users/joaovitor/airflow_env/lib/python3.11/site-packages/airflow/example_dags/tutorial.py
[2025-11-04T22:45:31.852-0300] {processor.py:840} INFO - DAG(s) 'tutorial' retrieved from /Users/joaovitor/airflow_env/lib/python3.11/site-packages/airflow/example_dags/tutorial.py
[2025-11-04T22:45:31.976-0300] {logging_mixin.py:188} INFO - [2025-11-04T22:45:31.976-0300] {dag.py:3089} INFO - Sync 1 DAGs
[2025-11-04T22:45:32.001-0300] {logging_mixin.py:188} INFO - [2025-11-04T22:45:32.001-0300] {dag.py:3947} INFO - Setting next_dagrun for tutorial to 2025-11-04 00:00:00+00:00, run_after=2025-11-05 00:00:00+00:00
[2025-11-04T22:45:32.026-0300] {processor.py:183} INFO - Processing /Users/joaovitor/airflow_env/lib/python3.11/site-packages/airflow/example_dags/tutorial.py took 0.187 seconds
[2025-11-04T22:47:48.401-0300] {processor.py:161} INFO - Started process (PID=32868) to work on /Users/joaovitor/airflow_env/lib/python3.11/site-packages/airflow/example_dags/tutorial.py
[2025-11-04T22:47:48.403-0300] {processor.py:830} INFO - Processing file /Users/joaovitor/airflow_env/lib/python3.11/site-packages/airflow/example_dags/tutorial.py for tasks to queue
[2025-11-04T22:47:48.404-0300] {logging_mixin.py:188} INFO - [2025-11-04T22:47:48.404-0300] {dagbag.py:545} INFO - Filling up the DagBag from /Users/joaovitor/airflow_env/lib/python3.11/site-packages/airflow/example_dags/tutorial.py
[2025-11-04T22:47:48.411-0300] {processor.py:840} INFO - DAG(s) 'tutorial' retrieved from /Users/joaovitor/airflow_env/lib/python3.11/site-packages/airflow/example_dags/tutorial.py
[2025-11-04T22:47:48.539-0300] {logging_mixin.py:188} INFO - [2025-11-04T22:47:48.539-0300] {dag.py:3089} INFO - Sync 1 DAGs
[2025-11-04T22:47:48.560-0300] {logging_mixin.py:188} INFO - [2025-11-04T22:47:48.559-0300] {dag.py:3947} INFO - Setting next_dagrun for tutorial to 2025-11-04 00:00:00+00:00, run_after=2025-11-05 00:00:00+00:00
[2025-11-04T22:47:48.581-0300] {processor.py:183} INFO - Processing /Users/joaovitor/airflow_env/lib/python3.11/site-packages/airflow/example_dags/tutorial.py took 0.183 seconds
[2025-11-04T22:49:59.931-0300] {processor.py:161} INFO - Started process (PID=32938) to work on /Users/joaovitor/airflow_env/lib/python3.11/site-packages/airflow/example_dags/tutorial.py
[2025-11-04T22:49:59.933-0300] {processor.py:830} INFO - Processing file /Users/joaovitor/airflow_env/lib/python3.11/site-packages/airflow/example_dags/tutorial.py for tasks to queue
[2025-11-04T22:49:59.935-0300] {logging_mixin.py:188} INFO - [2025-11-04T22:49:59.934-0300] {dagbag.py:545} INFO - Filling up the DagBag from /Users/joaovitor/airflow_env/lib/python3.11/site-packages/airflow/example_dags/tutorial.py
[2025-11-04T22:49:59.944-0300] {processor.py:840} INFO - DAG(s) 'tutorial' retrieved from /Users/joaovitor/airflow_env/lib/python3.11/site-packages/airflow/example_dags/tutorial.py
[2025-11-04T22:50:00.068-0300] {logging_mixin.py:188} INFO - [2025-11-04T22:50:00.067-0300] {dag.py:3089} INFO - Sync 1 DAGs
[2025-11-04T22:50:00.089-0300] {logging_mixin.py:188} INFO - [2025-11-04T22:50:00.089-0300] {dag.py:3947} INFO - Setting next_dagrun for tutorial to 2025-11-04 00:00:00+00:00, run_after=2025-11-05 00:00:00+00:00
[2025-11-04T22:50:00.111-0300] {processor.py:183} INFO - Processing /Users/joaovitor/airflow_env/lib/python3.11/site-packages/airflow/example_dags/tutorial.py took 0.184 seconds
[2025-11-04T22:52:15.767-0300] {processor.py:161} INFO - Started process (PID=32984) to work on /Users/joaovitor/airflow_env/lib/python3.11/site-packages/airflow/example_dags/tutorial.py
[2025-11-04T22:52:15.770-0300] {processor.py:830} INFO - Processing file /Users/joaovitor/airflow_env/lib/python3.11/site-packages/airflow/example_dags/tutorial.py for tasks to queue
[2025-11-04T22:52:15.771-0300] {logging_mixin.py:188} INFO - [2025-11-04T22:52:15.771-0300] {dagbag.py:545} INFO - Filling up the DagBag from /Users/joaovitor/airflow_env/lib/python3.11/site-packages/airflow/example_dags/tutorial.py
[2025-11-04T22:52:15.786-0300] {processor.py:840} INFO - DAG(s) 'tutorial' retrieved from /Users/joaovitor/airflow_env/lib/python3.11/site-packages/airflow/example_dags/tutorial.py
[2025-11-04T22:52:15.927-0300] {logging_mixin.py:188} INFO - [2025-11-04T22:52:15.927-0300] {dag.py:3089} INFO - Sync 1 DAGs
[2025-11-04T22:52:15.948-0300] {logging_mixin.py:188} INFO - [2025-11-04T22:52:15.948-0300] {dag.py:3947} INFO - Setting next_dagrun for tutorial to 2025-11-04 00:00:00+00:00, run_after=2025-11-05 00:00:00+00:00
[2025-11-04T22:52:15.972-0300] {processor.py:183} INFO - Processing /Users/joaovitor/airflow_env/lib/python3.11/site-packages/airflow/example_dags/tutorial.py took 0.212 seconds
[2025-11-04T22:54:41.820-0300] {processor.py:161} INFO - Started process (PID=33038) to work on /Users/joaovitor/airflow_env/lib/python3.11/site-packages/airflow/example_dags/tutorial.py
[2025-11-04T22:54:41.822-0300] {processor.py:830} INFO - Processing file /Users/joaovitor/airflow_env/lib/python3.11/site-packages/airflow/example_dags/tutorial.py for tasks to queue
[2025-11-04T22:54:41.823-0300] {logging_mixin.py:188} INFO - [2025-11-04T22:54:41.823-0300] {dagbag.py:545} INFO - Filling up the DagBag from /Users/joaovitor/airflow_env/lib/python3.11/site-packages/airflow/example_dags/tutorial.py
[2025-11-04T22:54:41.833-0300] {processor.py:840} INFO - DAG(s) 'tutorial' retrieved from /Users/joaovitor/airflow_env/lib/python3.11/site-packages/airflow/example_dags/tutorial.py
[2025-11-04T22:54:41.955-0300] {logging_mixin.py:188} INFO - [2025-11-04T22:54:41.954-0300] {dag.py:3089} INFO - Sync 1 DAGs
[2025-11-04T22:54:41.973-0300] {logging_mixin.py:188} INFO - [2025-11-04T22:54:41.973-0300] {dag.py:3947} INFO - Setting next_dagrun for tutorial to 2025-11-04 00:00:00+00:00, run_after=2025-11-05 00:00:00+00:00
[2025-11-04T22:54:42.002-0300] {processor.py:183} INFO - Processing /Users/joaovitor/airflow_env/lib/python3.11/site-packages/airflow/example_dags/tutorial.py took 0.185 seconds
[2025-11-04T22:56:53.367-0300] {processor.py:161} INFO - Started process (PID=33081) to work on /Users/joaovitor/airflow_env/lib/python3.11/site-packages/airflow/example_dags/tutorial.py
[2025-11-04T22:56:53.368-0300] {processor.py:830} INFO - Processing file /Users/joaovitor/airflow_env/lib/python3.11/site-packages/airflow/example_dags/tutorial.py for tasks to queue
[2025-11-04T22:56:53.368-0300] {logging_mixin.py:188} INFO - [2025-11-04T22:56:53.368-0300] {dagbag.py:545} INFO - Filling up the DagBag from /Users/joaovitor/airflow_env/lib/python3.11/site-packages/airflow/example_dags/tutorial.py
[2025-11-04T22:56:53.379-0300] {processor.py:840} INFO - DAG(s) 'tutorial' retrieved from /Users/joaovitor/airflow_env/lib/python3.11/site-packages/airflow/example_dags/tutorial.py
[2025-11-04T22:56:53.502-0300] {logging_mixin.py:188} INFO - [2025-11-04T22:56:53.502-0300] {dag.py:3089} INFO - Sync 1 DAGs
[2025-11-04T22:56:53.522-0300] {logging_mixin.py:188} INFO - [2025-11-04T22:56:53.522-0300] {dag.py:3947} INFO - Setting next_dagrun for tutorial to 2025-11-04 00:00:00+00:00, run_after=2025-11-05 00:00:00+00:00
[2025-11-04T22:56:53.546-0300] {processor.py:183} INFO - Processing /Users/joaovitor/airflow_env/lib/python3.11/site-packages/airflow/example_dags/tutorial.py took 0.182 seconds
[2025-11-04T22:59:06.693-0300] {processor.py:161} INFO - Started process (PID=33123) to work on /Users/joaovitor/airflow_env/lib/python3.11/site-packages/airflow/example_dags/tutorial.py
[2025-11-04T22:59:06.694-0300] {processor.py:830} INFO - Processing file /Users/joaovitor/airflow_env/lib/python3.11/site-packages/airflow/example_dags/tutorial.py for tasks to queue
[2025-11-04T22:59:06.696-0300] {logging_mixin.py:188} INFO - [2025-11-04T22:59:06.695-0300] {dagbag.py:545} INFO - Filling up the DagBag from /Users/joaovitor/airflow_env/lib/python3.11/site-packages/airflow/example_dags/tutorial.py
[2025-11-04T22:59:06.711-0300] {processor.py:840} INFO - DAG(s) 'tutorial' retrieved from /Users/joaovitor/airflow_env/lib/python3.11/site-packages/airflow/example_dags/tutorial.py
[2025-11-04T22:59:06.978-0300] {logging_mixin.py:188} INFO - [2025-11-04T22:59:06.978-0300] {dag.py:3089} INFO - Sync 1 DAGs
[2025-11-04T22:59:07.017-0300] {logging_mixin.py:188} INFO - [2025-11-04T22:59:07.016-0300] {dag.py:3947} INFO - Setting next_dagrun for tutorial to 2025-11-04 00:00:00+00:00, run_after=2025-11-05 00:00:00+00:00
[2025-11-04T22:59:07.053-0300] {processor.py:183} INFO - Processing /Users/joaovitor/airflow_env/lib/python3.11/site-packages/airflow/example_dags/tutorial.py took 0.366 seconds
[2025-11-04T23:01:32.138-0300] {processor.py:161} INFO - Started process (PID=33172) to work on /Users/joaovitor/airflow_env/lib/python3.11/site-packages/airflow/example_dags/tutorial.py
[2025-11-04T23:01:32.140-0300] {processor.py:830} INFO - Processing file /Users/joaovitor/airflow_env/lib/python3.11/site-packages/airflow/example_dags/tutorial.py for tasks to queue
[2025-11-04T23:01:32.141-0300] {logging_mixin.py:188} INFO - [2025-11-04T23:01:32.141-0300] {dagbag.py:545} INFO - Filling up the DagBag from /Users/joaovitor/airflow_env/lib/python3.11/site-packages/airflow/example_dags/tutorial.py
[2025-11-04T23:01:32.149-0300] {processor.py:840} INFO - DAG(s) 'tutorial' retrieved from /Users/joaovitor/airflow_env/lib/python3.11/site-packages/airflow/example_dags/tutorial.py
[2025-11-04T23:01:32.274-0300] {logging_mixin.py:188} INFO - [2025-11-04T23:01:32.274-0300] {dag.py:3089} INFO - Sync 1 DAGs
[2025-11-04T23:01:32.296-0300] {logging_mixin.py:188} INFO - [2025-11-04T23:01:32.295-0300] {dag.py:3947} INFO - Setting next_dagrun for tutorial to 2025-11-04 00:00:00+00:00, run_after=2025-11-05 00:00:00+00:00
[2025-11-04T23:01:32.319-0300] {processor.py:183} INFO - Processing /Users/joaovitor/airflow_env/lib/python3.11/site-packages/airflow/example_dags/tutorial.py took 0.185 seconds
[2025-11-04T23:03:53.832-0300] {processor.py:161} INFO - Started process (PID=33243) to work on /Users/joaovitor/airflow_env/lib/python3.11/site-packages/airflow/example_dags/tutorial.py
[2025-11-04T23:03:53.834-0300] {processor.py:830} INFO - Processing file /Users/joaovitor/airflow_env/lib/python3.11/site-packages/airflow/example_dags/tutorial.py for tasks to queue
[2025-11-04T23:03:53.835-0300] {logging_mixin.py:188} INFO - [2025-11-04T23:03:53.835-0300] {dagbag.py:545} INFO - Filling up the DagBag from /Users/joaovitor/airflow_env/lib/python3.11/site-packages/airflow/example_dags/tutorial.py
[2025-11-04T23:03:53.844-0300] {processor.py:840} INFO - DAG(s) 'tutorial' retrieved from /Users/joaovitor/airflow_env/lib/python3.11/site-packages/airflow/example_dags/tutorial.py
[2025-11-04T23:03:53.969-0300] {logging_mixin.py:188} INFO - [2025-11-04T23:03:53.969-0300] {dag.py:3089} INFO - Sync 1 DAGs
[2025-11-04T23:03:53.991-0300] {logging_mixin.py:188} INFO - [2025-11-04T23:03:53.990-0300] {dag.py:3947} INFO - Setting next_dagrun for tutorial to 2025-11-04 00:00:00+00:00, run_after=2025-11-05 00:00:00+00:00
[2025-11-04T23:03:54.011-0300] {processor.py:183} INFO - Processing /Users/joaovitor/airflow_env/lib/python3.11/site-packages/airflow/example_dags/tutorial.py took 0.183 seconds
