[2025-11-04T21:45:31.788-0300] {processor.py:161} INFO - Started process (PID=31035) to work on /Users/joaovitor/airflow_env/lib/python3.11/site-packages/airflow/example_dags/subdags/subdag.py
[2025-11-04T21:45:31.789-0300] {processor.py:830} INFO - Processing file /Users/joaovitor/airflow_env/lib/python3.11/site-packages/airflow/example_dags/subdags/subdag.py for tasks to queue
[2025-11-04T21:45:31.790-0300] {logging_mixin.py:188} INFO - [2025-11-04T21:45:31.790-0300] {dagbag.py:545} INFO - Filling up the DagBag from /Users/joaovitor/airflow_env/lib/python3.11/site-packages/airflow/example_dags/subdags/subdag.py
[2025-11-04T21:45:31.792-0300] {processor.py:842} WARNING - No viable dags retrieved from /Users/joaovitor/airflow_env/lib/python3.11/site-packages/airflow/example_dags/subdags/subdag.py
[2025-11-04T21:45:31.877-0300] {processor.py:183} INFO - Processing /Users/joaovitor/airflow_env/lib/python3.11/site-packages/airflow/example_dags/subdags/subdag.py took 0.092 seconds
[2025-11-04T21:48:27.675-0300] {processor.py:161} INFO - Started process (PID=31131) to work on /Users/joaovitor/airflow_env/lib/python3.11/site-packages/airflow/example_dags/subdags/subdag.py
[2025-11-04T21:48:27.676-0300] {processor.py:830} INFO - Processing file /Users/joaovitor/airflow_env/lib/python3.11/site-packages/airflow/example_dags/subdags/subdag.py for tasks to queue
[2025-11-04T21:48:27.677-0300] {logging_mixin.py:188} INFO - [2025-11-04T21:48:27.676-0300] {dagbag.py:545} INFO - Filling up the DagBag from /Users/joaovitor/airflow_env/lib/python3.11/site-packages/airflow/example_dags/subdags/subdag.py
[2025-11-04T21:48:27.679-0300] {processor.py:842} WARNING - No viable dags retrieved from /Users/joaovitor/airflow_env/lib/python3.11/site-packages/airflow/example_dags/subdags/subdag.py
[2025-11-04T21:48:27.772-0300] {processor.py:183} INFO - Processing /Users/joaovitor/airflow_env/lib/python3.11/site-packages/airflow/example_dags/subdags/subdag.py took 0.099 seconds
[2025-11-04T21:50:57.134-0300] {processor.py:161} INFO - Started process (PID=31212) to work on /Users/joaovitor/airflow_env/lib/python3.11/site-packages/airflow/example_dags/subdags/subdag.py
[2025-11-04T21:50:57.136-0300] {processor.py:830} INFO - Processing file /Users/joaovitor/airflow_env/lib/python3.11/site-packages/airflow/example_dags/subdags/subdag.py for tasks to queue
[2025-11-04T21:50:57.138-0300] {logging_mixin.py:188} INFO - [2025-11-04T21:50:57.137-0300] {dagbag.py:545} INFO - Filling up the DagBag from /Users/joaovitor/airflow_env/lib/python3.11/site-packages/airflow/example_dags/subdags/subdag.py
[2025-11-04T21:50:57.140-0300] {processor.py:842} WARNING - No viable dags retrieved from /Users/joaovitor/airflow_env/lib/python3.11/site-packages/airflow/example_dags/subdags/subdag.py
[2025-11-04T21:50:57.225-0300] {processor.py:183} INFO - Processing /Users/joaovitor/airflow_env/lib/python3.11/site-packages/airflow/example_dags/subdags/subdag.py took 0.093 seconds
[2025-11-04T21:52:52.296-0300] {processor.py:161} INFO - Started process (PID=31254) to work on /Users/joaovitor/airflow_env/lib/python3.11/site-packages/airflow/example_dags/subdags/subdag.py
[2025-11-04T21:52:52.297-0300] {processor.py:830} INFO - Processing file /Users/joaovitor/airflow_env/lib/python3.11/site-packages/airflow/example_dags/subdags/subdag.py for tasks to queue
[2025-11-04T21:52:52.298-0300] {logging_mixin.py:188} INFO - [2025-11-04T21:52:52.298-0300] {dagbag.py:545} INFO - Filling up the DagBag from /Users/joaovitor/airflow_env/lib/python3.11/site-packages/airflow/example_dags/subdags/subdag.py
[2025-11-04T21:52:52.300-0300] {processor.py:842} WARNING - No viable dags retrieved from /Users/joaovitor/airflow_env/lib/python3.11/site-packages/airflow/example_dags/subdags/subdag.py
[2025-11-04T21:52:52.383-0300] {processor.py:183} INFO - Processing /Users/joaovitor/airflow_env/lib/python3.11/site-packages/airflow/example_dags/subdags/subdag.py took 0.090 seconds
[2025-11-04T21:54:46.562-0300] {processor.py:161} INFO - Started process (PID=31295) to work on /Users/joaovitor/airflow_env/lib/python3.11/site-packages/airflow/example_dags/subdags/subdag.py
[2025-11-04T21:54:46.563-0300] {processor.py:830} INFO - Processing file /Users/joaovitor/airflow_env/lib/python3.11/site-packages/airflow/example_dags/subdags/subdag.py for tasks to queue
[2025-11-04T21:54:46.564-0300] {logging_mixin.py:188} INFO - [2025-11-04T21:54:46.563-0300] {dagbag.py:545} INFO - Filling up the DagBag from /Users/joaovitor/airflow_env/lib/python3.11/site-packages/airflow/example_dags/subdags/subdag.py
[2025-11-04T21:54:46.566-0300] {processor.py:842} WARNING - No viable dags retrieved from /Users/joaovitor/airflow_env/lib/python3.11/site-packages/airflow/example_dags/subdags/subdag.py
[2025-11-04T21:54:46.651-0300] {processor.py:183} INFO - Processing /Users/joaovitor/airflow_env/lib/python3.11/site-packages/airflow/example_dags/subdags/subdag.py took 0.092 seconds
[2025-11-04T21:56:36.258-0300] {processor.py:161} INFO - Started process (PID=31336) to work on /Users/joaovitor/airflow_env/lib/python3.11/site-packages/airflow/example_dags/subdags/subdag.py
[2025-11-04T21:56:36.259-0300] {processor.py:830} INFO - Processing file /Users/joaovitor/airflow_env/lib/python3.11/site-packages/airflow/example_dags/subdags/subdag.py for tasks to queue
[2025-11-04T21:56:36.260-0300] {logging_mixin.py:188} INFO - [2025-11-04T21:56:36.260-0300] {dagbag.py:545} INFO - Filling up the DagBag from /Users/joaovitor/airflow_env/lib/python3.11/site-packages/airflow/example_dags/subdags/subdag.py
[2025-11-04T21:56:36.262-0300] {processor.py:842} WARNING - No viable dags retrieved from /Users/joaovitor/airflow_env/lib/python3.11/site-packages/airflow/example_dags/subdags/subdag.py
[2025-11-04T21:56:36.360-0300] {processor.py:183} INFO - Processing /Users/joaovitor/airflow_env/lib/python3.11/site-packages/airflow/example_dags/subdags/subdag.py took 0.107 seconds
[2025-11-04T21:58:27.684-0300] {processor.py:161} INFO - Started process (PID=31375) to work on /Users/joaovitor/airflow_env/lib/python3.11/site-packages/airflow/example_dags/subdags/subdag.py
[2025-11-04T21:58:27.684-0300] {processor.py:830} INFO - Processing file /Users/joaovitor/airflow_env/lib/python3.11/site-packages/airflow/example_dags/subdags/subdag.py for tasks to queue
[2025-11-04T21:58:27.685-0300] {logging_mixin.py:188} INFO - [2025-11-04T21:58:27.685-0300] {dagbag.py:545} INFO - Filling up the DagBag from /Users/joaovitor/airflow_env/lib/python3.11/site-packages/airflow/example_dags/subdags/subdag.py
[2025-11-04T21:58:27.687-0300] {processor.py:842} WARNING - No viable dags retrieved from /Users/joaovitor/airflow_env/lib/python3.11/site-packages/airflow/example_dags/subdags/subdag.py
[2025-11-04T21:58:27.771-0300] {processor.py:183} INFO - Processing /Users/joaovitor/airflow_env/lib/python3.11/site-packages/airflow/example_dags/subdags/subdag.py took 0.091 seconds
[2025-11-04T22:00:22.308-0300] {processor.py:161} INFO - Started process (PID=31415) to work on /Users/joaovitor/airflow_env/lib/python3.11/site-packages/airflow/example_dags/subdags/subdag.py
[2025-11-04T22:00:22.309-0300] {processor.py:830} INFO - Processing file /Users/joaovitor/airflow_env/lib/python3.11/site-packages/airflow/example_dags/subdags/subdag.py for tasks to queue
[2025-11-04T22:00:22.309-0300] {logging_mixin.py:188} INFO - [2025-11-04T22:00:22.309-0300] {dagbag.py:545} INFO - Filling up the DagBag from /Users/joaovitor/airflow_env/lib/python3.11/site-packages/airflow/example_dags/subdags/subdag.py
[2025-11-04T22:00:22.311-0300] {processor.py:842} WARNING - No viable dags retrieved from /Users/joaovitor/airflow_env/lib/python3.11/site-packages/airflow/example_dags/subdags/subdag.py
[2025-11-04T22:00:22.398-0300] {processor.py:183} INFO - Processing /Users/joaovitor/airflow_env/lib/python3.11/site-packages/airflow/example_dags/subdags/subdag.py took 0.093 seconds
[2025-11-04T22:05:57.854-0300] {processor.py:161} INFO - Started process (PID=31472) to work on /Users/joaovitor/airflow_env/lib/python3.11/site-packages/airflow/example_dags/subdags/subdag.py
[2025-11-04T22:05:57.855-0300] {processor.py:830} INFO - Processing file /Users/joaovitor/airflow_env/lib/python3.11/site-packages/airflow/example_dags/subdags/subdag.py for tasks to queue
[2025-11-04T22:05:57.855-0300] {logging_mixin.py:188} INFO - [2025-11-04T22:05:57.855-0300] {dagbag.py:545} INFO - Filling up the DagBag from /Users/joaovitor/airflow_env/lib/python3.11/site-packages/airflow/example_dags/subdags/subdag.py
[2025-11-04T22:05:57.857-0300] {processor.py:842} WARNING - No viable dags retrieved from /Users/joaovitor/airflow_env/lib/python3.11/site-packages/airflow/example_dags/subdags/subdag.py
[2025-11-04T22:05:57.958-0300] {processor.py:183} INFO - Processing /Users/joaovitor/airflow_env/lib/python3.11/site-packages/airflow/example_dags/subdags/subdag.py took 0.107 seconds
[2025-11-04T22:07:54.430-0300] {processor.py:161} INFO - Started process (PID=31532) to work on /Users/joaovitor/airflow_env/lib/python3.11/site-packages/airflow/example_dags/subdags/subdag.py
[2025-11-04T22:07:54.431-0300] {processor.py:830} INFO - Processing file /Users/joaovitor/airflow_env/lib/python3.11/site-packages/airflow/example_dags/subdags/subdag.py for tasks to queue
[2025-11-04T22:07:54.432-0300] {logging_mixin.py:188} INFO - [2025-11-04T22:07:54.432-0300] {dagbag.py:545} INFO - Filling up the DagBag from /Users/joaovitor/airflow_env/lib/python3.11/site-packages/airflow/example_dags/subdags/subdag.py
[2025-11-04T22:07:54.434-0300] {processor.py:842} WARNING - No viable dags retrieved from /Users/joaovitor/airflow_env/lib/python3.11/site-packages/airflow/example_dags/subdags/subdag.py
[2025-11-04T22:07:54.519-0300] {processor.py:183} INFO - Processing /Users/joaovitor/airflow_env/lib/python3.11/site-packages/airflow/example_dags/subdags/subdag.py took 0.091 seconds
[2025-11-04T22:09:46.626-0300] {processor.py:161} INFO - Started process (PID=31572) to work on /Users/joaovitor/airflow_env/lib/python3.11/site-packages/airflow/example_dags/subdags/subdag.py
[2025-11-04T22:09:46.627-0300] {processor.py:830} INFO - Processing file /Users/joaovitor/airflow_env/lib/python3.11/site-packages/airflow/example_dags/subdags/subdag.py for tasks to queue
[2025-11-04T22:09:46.628-0300] {logging_mixin.py:188} INFO - [2025-11-04T22:09:46.628-0300] {dagbag.py:545} INFO - Filling up the DagBag from /Users/joaovitor/airflow_env/lib/python3.11/site-packages/airflow/example_dags/subdags/subdag.py
[2025-11-04T22:09:46.630-0300] {processor.py:842} WARNING - No viable dags retrieved from /Users/joaovitor/airflow_env/lib/python3.11/site-packages/airflow/example_dags/subdags/subdag.py
[2025-11-04T22:09:46.717-0300] {processor.py:183} INFO - Processing /Users/joaovitor/airflow_env/lib/python3.11/site-packages/airflow/example_dags/subdags/subdag.py took 0.094 seconds
[2025-11-04T22:11:43.037-0300] {processor.py:161} INFO - Started process (PID=31624) to work on /Users/joaovitor/airflow_env/lib/python3.11/site-packages/airflow/example_dags/subdags/subdag.py
[2025-11-04T22:11:43.038-0300] {processor.py:830} INFO - Processing file /Users/joaovitor/airflow_env/lib/python3.11/site-packages/airflow/example_dags/subdags/subdag.py for tasks to queue
[2025-11-04T22:11:43.039-0300] {logging_mixin.py:188} INFO - [2025-11-04T22:11:43.039-0300] {dagbag.py:545} INFO - Filling up the DagBag from /Users/joaovitor/airflow_env/lib/python3.11/site-packages/airflow/example_dags/subdags/subdag.py
[2025-11-04T22:11:43.041-0300] {processor.py:842} WARNING - No viable dags retrieved from /Users/joaovitor/airflow_env/lib/python3.11/site-packages/airflow/example_dags/subdags/subdag.py
[2025-11-04T22:11:43.135-0300] {processor.py:183} INFO - Processing /Users/joaovitor/airflow_env/lib/python3.11/site-packages/airflow/example_dags/subdags/subdag.py took 0.101 seconds
[2025-11-04T22:13:45.444-0300] {processor.py:161} INFO - Started process (PID=31675) to work on /Users/joaovitor/airflow_env/lib/python3.11/site-packages/airflow/example_dags/subdags/subdag.py
[2025-11-04T22:13:45.445-0300] {processor.py:830} INFO - Processing file /Users/joaovitor/airflow_env/lib/python3.11/site-packages/airflow/example_dags/subdags/subdag.py for tasks to queue
[2025-11-04T22:13:45.446-0300] {logging_mixin.py:188} INFO - [2025-11-04T22:13:45.446-0300] {dagbag.py:545} INFO - Filling up the DagBag from /Users/joaovitor/airflow_env/lib/python3.11/site-packages/airflow/example_dags/subdags/subdag.py
[2025-11-04T22:13:45.451-0300] {processor.py:842} WARNING - No viable dags retrieved from /Users/joaovitor/airflow_env/lib/python3.11/site-packages/airflow/example_dags/subdags/subdag.py
[2025-11-04T22:13:45.579-0300] {processor.py:183} INFO - Processing /Users/joaovitor/airflow_env/lib/python3.11/site-packages/airflow/example_dags/subdags/subdag.py took 0.140 seconds
[2025-11-04T22:15:56.928-0300] {processor.py:161} INFO - Started process (PID=31733) to work on /Users/joaovitor/airflow_env/lib/python3.11/site-packages/airflow/example_dags/subdags/subdag.py
[2025-11-04T22:15:56.929-0300] {processor.py:830} INFO - Processing file /Users/joaovitor/airflow_env/lib/python3.11/site-packages/airflow/example_dags/subdags/subdag.py for tasks to queue
[2025-11-04T22:15:56.929-0300] {logging_mixin.py:188} INFO - [2025-11-04T22:15:56.929-0300] {dagbag.py:545} INFO - Filling up the DagBag from /Users/joaovitor/airflow_env/lib/python3.11/site-packages/airflow/example_dags/subdags/subdag.py
[2025-11-04T22:15:56.931-0300] {processor.py:842} WARNING - No viable dags retrieved from /Users/joaovitor/airflow_env/lib/python3.11/site-packages/airflow/example_dags/subdags/subdag.py
[2025-11-04T22:15:57.027-0300] {processor.py:183} INFO - Processing /Users/joaovitor/airflow_env/lib/python3.11/site-packages/airflow/example_dags/subdags/subdag.py took 0.102 seconds
[2025-11-04T22:17:51.675-0300] {processor.py:161} INFO - Started process (PID=31773) to work on /Users/joaovitor/airflow_env/lib/python3.11/site-packages/airflow/example_dags/subdags/subdag.py
[2025-11-04T22:17:51.676-0300] {processor.py:830} INFO - Processing file /Users/joaovitor/airflow_env/lib/python3.11/site-packages/airflow/example_dags/subdags/subdag.py for tasks to queue
[2025-11-04T22:17:51.676-0300] {logging_mixin.py:188} INFO - [2025-11-04T22:17:51.676-0300] {dagbag.py:545} INFO - Filling up the DagBag from /Users/joaovitor/airflow_env/lib/python3.11/site-packages/airflow/example_dags/subdags/subdag.py
[2025-11-04T22:17:51.678-0300] {processor.py:842} WARNING - No viable dags retrieved from /Users/joaovitor/airflow_env/lib/python3.11/site-packages/airflow/example_dags/subdags/subdag.py
[2025-11-04T22:17:51.764-0300] {processor.py:183} INFO - Processing /Users/joaovitor/airflow_env/lib/python3.11/site-packages/airflow/example_dags/subdags/subdag.py took 0.092 seconds
[2025-11-04T22:19:53.573-0300] {processor.py:161} INFO - Started process (PID=31821) to work on /Users/joaovitor/airflow_env/lib/python3.11/site-packages/airflow/example_dags/subdags/subdag.py
[2025-11-04T22:19:53.575-0300] {processor.py:830} INFO - Processing file /Users/joaovitor/airflow_env/lib/python3.11/site-packages/airflow/example_dags/subdags/subdag.py for tasks to queue
[2025-11-04T22:19:53.576-0300] {logging_mixin.py:188} INFO - [2025-11-04T22:19:53.576-0300] {dagbag.py:545} INFO - Filling up the DagBag from /Users/joaovitor/airflow_env/lib/python3.11/site-packages/airflow/example_dags/subdags/subdag.py
[2025-11-04T22:19:53.581-0300] {processor.py:842} WARNING - No viable dags retrieved from /Users/joaovitor/airflow_env/lib/python3.11/site-packages/airflow/example_dags/subdags/subdag.py
[2025-11-04T22:19:53.675-0300] {processor.py:183} INFO - Processing /Users/joaovitor/airflow_env/lib/python3.11/site-packages/airflow/example_dags/subdags/subdag.py took 0.106 seconds
[2025-11-04T22:21:57.825-0300] {processor.py:161} INFO - Started process (PID=31920) to work on /Users/joaovitor/airflow_env/lib/python3.11/site-packages/airflow/example_dags/subdags/subdag.py
[2025-11-04T22:21:57.827-0300] {processor.py:830} INFO - Processing file /Users/joaovitor/airflow_env/lib/python3.11/site-packages/airflow/example_dags/subdags/subdag.py for tasks to queue
[2025-11-04T22:21:57.828-0300] {logging_mixin.py:188} INFO - [2025-11-04T22:21:57.828-0300] {dagbag.py:545} INFO - Filling up the DagBag from /Users/joaovitor/airflow_env/lib/python3.11/site-packages/airflow/example_dags/subdags/subdag.py
[2025-11-04T22:21:57.832-0300] {processor.py:842} WARNING - No viable dags retrieved from /Users/joaovitor/airflow_env/lib/python3.11/site-packages/airflow/example_dags/subdags/subdag.py
[2025-11-04T22:21:57.927-0300] {processor.py:183} INFO - Processing /Users/joaovitor/airflow_env/lib/python3.11/site-packages/airflow/example_dags/subdags/subdag.py took 0.105 seconds
[2025-11-04T22:24:05.152-0300] {processor.py:161} INFO - Started process (PID=31961) to work on /Users/joaovitor/airflow_env/lib/python3.11/site-packages/airflow/example_dags/subdags/subdag.py
[2025-11-04T22:24:05.153-0300] {processor.py:830} INFO - Processing file /Users/joaovitor/airflow_env/lib/python3.11/site-packages/airflow/example_dags/subdags/subdag.py for tasks to queue
[2025-11-04T22:24:05.153-0300] {logging_mixin.py:188} INFO - [2025-11-04T22:24:05.153-0300] {dagbag.py:545} INFO - Filling up the DagBag from /Users/joaovitor/airflow_env/lib/python3.11/site-packages/airflow/example_dags/subdags/subdag.py
[2025-11-04T22:24:05.155-0300] {processor.py:842} WARNING - No viable dags retrieved from /Users/joaovitor/airflow_env/lib/python3.11/site-packages/airflow/example_dags/subdags/subdag.py
[2025-11-04T22:24:05.257-0300] {processor.py:183} INFO - Processing /Users/joaovitor/airflow_env/lib/python3.11/site-packages/airflow/example_dags/subdags/subdag.py took 0.108 seconds
[2025-11-04T22:26:12.415-0300] {processor.py:161} INFO - Started process (PID=32003) to work on /Users/joaovitor/airflow_env/lib/python3.11/site-packages/airflow/example_dags/subdags/subdag.py
[2025-11-04T22:26:12.416-0300] {processor.py:830} INFO - Processing file /Users/joaovitor/airflow_env/lib/python3.11/site-packages/airflow/example_dags/subdags/subdag.py for tasks to queue
[2025-11-04T22:26:12.416-0300] {logging_mixin.py:188} INFO - [2025-11-04T22:26:12.416-0300] {dagbag.py:545} INFO - Filling up the DagBag from /Users/joaovitor/airflow_env/lib/python3.11/site-packages/airflow/example_dags/subdags/subdag.py
[2025-11-04T22:26:12.418-0300] {processor.py:842} WARNING - No viable dags retrieved from /Users/joaovitor/airflow_env/lib/python3.11/site-packages/airflow/example_dags/subdags/subdag.py
[2025-11-04T22:26:12.524-0300] {processor.py:183} INFO - Processing /Users/joaovitor/airflow_env/lib/python3.11/site-packages/airflow/example_dags/subdags/subdag.py took 0.111 seconds
[2025-11-04T22:28:21.881-0300] {processor.py:161} INFO - Started process (PID=32045) to work on /Users/joaovitor/airflow_env/lib/python3.11/site-packages/airflow/example_dags/subdags/subdag.py
[2025-11-04T22:28:21.882-0300] {processor.py:830} INFO - Processing file /Users/joaovitor/airflow_env/lib/python3.11/site-packages/airflow/example_dags/subdags/subdag.py for tasks to queue
[2025-11-04T22:28:21.882-0300] {logging_mixin.py:188} INFO - [2025-11-04T22:28:21.882-0300] {dagbag.py:545} INFO - Filling up the DagBag from /Users/joaovitor/airflow_env/lib/python3.11/site-packages/airflow/example_dags/subdags/subdag.py
[2025-11-04T22:28:21.884-0300] {processor.py:842} WARNING - No viable dags retrieved from /Users/joaovitor/airflow_env/lib/python3.11/site-packages/airflow/example_dags/subdags/subdag.py
[2025-11-04T22:28:21.983-0300] {processor.py:183} INFO - Processing /Users/joaovitor/airflow_env/lib/python3.11/site-packages/airflow/example_dags/subdags/subdag.py took 0.106 seconds
[2025-11-04T22:30:37.730-0300] {processor.py:161} INFO - Started process (PID=32116) to work on /Users/joaovitor/airflow_env/lib/python3.11/site-packages/airflow/example_dags/subdags/subdag.py
[2025-11-04T22:30:37.733-0300] {processor.py:830} INFO - Processing file /Users/joaovitor/airflow_env/lib/python3.11/site-packages/airflow/example_dags/subdags/subdag.py for tasks to queue
[2025-11-04T22:30:37.734-0300] {logging_mixin.py:188} INFO - [2025-11-04T22:30:37.734-0300] {dagbag.py:545} INFO - Filling up the DagBag from /Users/joaovitor/airflow_env/lib/python3.11/site-packages/airflow/example_dags/subdags/subdag.py
[2025-11-04T22:30:37.738-0300] {processor.py:842} WARNING - No viable dags retrieved from /Users/joaovitor/airflow_env/lib/python3.11/site-packages/airflow/example_dags/subdags/subdag.py
[2025-11-04T22:30:37.904-0300] {processor.py:183} INFO - Processing /Users/joaovitor/airflow_env/lib/python3.11/site-packages/airflow/example_dags/subdags/subdag.py took 0.179 seconds
[2025-11-04T22:33:18.943-0300] {processor.py:161} INFO - Started process (PID=32236) to work on /Users/joaovitor/airflow_env/lib/python3.11/site-packages/airflow/example_dags/subdags/subdag.py
[2025-11-04T22:33:18.946-0300] {processor.py:830} INFO - Processing file /Users/joaovitor/airflow_env/lib/python3.11/site-packages/airflow/example_dags/subdags/subdag.py for tasks to queue
[2025-11-04T22:33:18.948-0300] {logging_mixin.py:188} INFO - [2025-11-04T22:33:18.948-0300] {dagbag.py:545} INFO - Filling up the DagBag from /Users/joaovitor/airflow_env/lib/python3.11/site-packages/airflow/example_dags/subdags/subdag.py
[2025-11-04T22:33:18.951-0300] {processor.py:842} WARNING - No viable dags retrieved from /Users/joaovitor/airflow_env/lib/python3.11/site-packages/airflow/example_dags/subdags/subdag.py
[2025-11-04T22:33:19.052-0300] {processor.py:183} INFO - Processing /Users/joaovitor/airflow_env/lib/python3.11/site-packages/airflow/example_dags/subdags/subdag.py took 0.112 seconds
[2025-11-04T22:35:42.076-0300] {processor.py:161} INFO - Started process (PID=32414) to work on /Users/joaovitor/airflow_env/lib/python3.11/site-packages/airflow/example_dags/subdags/subdag.py
[2025-11-04T22:35:42.078-0300] {processor.py:830} INFO - Processing file /Users/joaovitor/airflow_env/lib/python3.11/site-packages/airflow/example_dags/subdags/subdag.py for tasks to queue
[2025-11-04T22:35:42.079-0300] {logging_mixin.py:188} INFO - [2025-11-04T22:35:42.079-0300] {dagbag.py:545} INFO - Filling up the DagBag from /Users/joaovitor/airflow_env/lib/python3.11/site-packages/airflow/example_dags/subdags/subdag.py
[2025-11-04T22:35:42.083-0300] {processor.py:842} WARNING - No viable dags retrieved from /Users/joaovitor/airflow_env/lib/python3.11/site-packages/airflow/example_dags/subdags/subdag.py
[2025-11-04T22:35:42.171-0300] {processor.py:183} INFO - Processing /Users/joaovitor/airflow_env/lib/python3.11/site-packages/airflow/example_dags/subdags/subdag.py took 0.097 seconds
[2025-11-04T22:37:55.242-0300] {processor.py:161} INFO - Started process (PID=32639) to work on /Users/joaovitor/airflow_env/lib/python3.11/site-packages/airflow/example_dags/subdags/subdag.py
[2025-11-04T22:37:55.244-0300] {processor.py:830} INFO - Processing file /Users/joaovitor/airflow_env/lib/python3.11/site-packages/airflow/example_dags/subdags/subdag.py for tasks to queue
[2025-11-04T22:37:55.245-0300] {logging_mixin.py:188} INFO - [2025-11-04T22:37:55.245-0300] {dagbag.py:545} INFO - Filling up the DagBag from /Users/joaovitor/airflow_env/lib/python3.11/site-packages/airflow/example_dags/subdags/subdag.py
[2025-11-04T22:37:55.249-0300] {processor.py:842} WARNING - No viable dags retrieved from /Users/joaovitor/airflow_env/lib/python3.11/site-packages/airflow/example_dags/subdags/subdag.py
[2025-11-04T22:37:55.345-0300] {processor.py:183} INFO - Processing /Users/joaovitor/airflow_env/lib/python3.11/site-packages/airflow/example_dags/subdags/subdag.py took 0.106 seconds
[2025-11-04T22:40:21.661-0300] {processor.py:161} INFO - Started process (PID=32693) to work on /Users/joaovitor/airflow_env/lib/python3.11/site-packages/airflow/example_dags/subdags/subdag.py
[2025-11-04T22:40:21.663-0300] {processor.py:830} INFO - Processing file /Users/joaovitor/airflow_env/lib/python3.11/site-packages/airflow/example_dags/subdags/subdag.py for tasks to queue
[2025-11-04T22:40:21.665-0300] {logging_mixin.py:188} INFO - [2025-11-04T22:40:21.664-0300] {dagbag.py:545} INFO - Filling up the DagBag from /Users/joaovitor/airflow_env/lib/python3.11/site-packages/airflow/example_dags/subdags/subdag.py
[2025-11-04T22:40:21.668-0300] {processor.py:842} WARNING - No viable dags retrieved from /Users/joaovitor/airflow_env/lib/python3.11/site-packages/airflow/example_dags/subdags/subdag.py
[2025-11-04T22:40:21.770-0300] {processor.py:183} INFO - Processing /Users/joaovitor/airflow_env/lib/python3.11/site-packages/airflow/example_dags/subdags/subdag.py took 0.112 seconds
[2025-11-04T22:42:48.346-0300] {processor.py:161} INFO - Started process (PID=32751) to work on /Users/joaovitor/airflow_env/lib/python3.11/site-packages/airflow/example_dags/subdags/subdag.py
[2025-11-04T22:42:48.349-0300] {processor.py:830} INFO - Processing file /Users/joaovitor/airflow_env/lib/python3.11/site-packages/airflow/example_dags/subdags/subdag.py for tasks to queue
[2025-11-04T22:42:48.350-0300] {logging_mixin.py:188} INFO - [2025-11-04T22:42:48.349-0300] {dagbag.py:545} INFO - Filling up the DagBag from /Users/joaovitor/airflow_env/lib/python3.11/site-packages/airflow/example_dags/subdags/subdag.py
[2025-11-04T22:42:48.354-0300] {processor.py:842} WARNING - No viable dags retrieved from /Users/joaovitor/airflow_env/lib/python3.11/site-packages/airflow/example_dags/subdags/subdag.py
[2025-11-04T22:42:48.454-0300] {processor.py:183} INFO - Processing /Users/joaovitor/airflow_env/lib/python3.11/site-packages/airflow/example_dags/subdags/subdag.py took 0.112 seconds
[2025-11-04T22:45:01.464-0300] {processor.py:161} INFO - Started process (PID=32801) to work on /Users/joaovitor/airflow_env/lib/python3.11/site-packages/airflow/example_dags/subdags/subdag.py
[2025-11-04T22:45:01.466-0300] {processor.py:830} INFO - Processing file /Users/joaovitor/airflow_env/lib/python3.11/site-packages/airflow/example_dags/subdags/subdag.py for tasks to queue
[2025-11-04T22:45:01.467-0300] {logging_mixin.py:188} INFO - [2025-11-04T22:45:01.467-0300] {dagbag.py:545} INFO - Filling up the DagBag from /Users/joaovitor/airflow_env/lib/python3.11/site-packages/airflow/example_dags/subdags/subdag.py
[2025-11-04T22:45:01.470-0300] {processor.py:842} WARNING - No viable dags retrieved from /Users/joaovitor/airflow_env/lib/python3.11/site-packages/airflow/example_dags/subdags/subdag.py
[2025-11-04T22:45:01.644-0300] {processor.py:183} INFO - Processing /Users/joaovitor/airflow_env/lib/python3.11/site-packages/airflow/example_dags/subdags/subdag.py took 0.184 seconds
[2025-11-04T22:47:19.441-0300] {processor.py:161} INFO - Started process (PID=32858) to work on /Users/joaovitor/airflow_env/lib/python3.11/site-packages/airflow/example_dags/subdags/subdag.py
[2025-11-04T22:47:19.442-0300] {processor.py:830} INFO - Processing file /Users/joaovitor/airflow_env/lib/python3.11/site-packages/airflow/example_dags/subdags/subdag.py for tasks to queue
[2025-11-04T22:47:19.442-0300] {logging_mixin.py:188} INFO - [2025-11-04T22:47:19.442-0300] {dagbag.py:545} INFO - Filling up the DagBag from /Users/joaovitor/airflow_env/lib/python3.11/site-packages/airflow/example_dags/subdags/subdag.py
[2025-11-04T22:47:19.444-0300] {processor.py:842} WARNING - No viable dags retrieved from /Users/joaovitor/airflow_env/lib/python3.11/site-packages/airflow/example_dags/subdags/subdag.py
[2025-11-04T22:47:19.536-0300] {processor.py:183} INFO - Processing /Users/joaovitor/airflow_env/lib/python3.11/site-packages/airflow/example_dags/subdags/subdag.py took 0.098 seconds
[2025-11-04T22:49:33.708-0300] {processor.py:161} INFO - Started process (PID=32928) to work on /Users/joaovitor/airflow_env/lib/python3.11/site-packages/airflow/example_dags/subdags/subdag.py
[2025-11-04T22:49:33.710-0300] {processor.py:830} INFO - Processing file /Users/joaovitor/airflow_env/lib/python3.11/site-packages/airflow/example_dags/subdags/subdag.py for tasks to queue
[2025-11-04T22:49:33.712-0300] {logging_mixin.py:188} INFO - [2025-11-04T22:49:33.711-0300] {dagbag.py:545} INFO - Filling up the DagBag from /Users/joaovitor/airflow_env/lib/python3.11/site-packages/airflow/example_dags/subdags/subdag.py
[2025-11-04T22:49:33.716-0300] {processor.py:842} WARNING - No viable dags retrieved from /Users/joaovitor/airflow_env/lib/python3.11/site-packages/airflow/example_dags/subdags/subdag.py
[2025-11-04T22:49:33.805-0300] {processor.py:183} INFO - Processing /Users/joaovitor/airflow_env/lib/python3.11/site-packages/airflow/example_dags/subdags/subdag.py took 0.099 seconds
[2025-11-04T22:51:44.587-0300] {processor.py:161} INFO - Started process (PID=32973) to work on /Users/joaovitor/airflow_env/lib/python3.11/site-packages/airflow/example_dags/subdags/subdag.py
[2025-11-04T22:51:44.589-0300] {processor.py:830} INFO - Processing file /Users/joaovitor/airflow_env/lib/python3.11/site-packages/airflow/example_dags/subdags/subdag.py for tasks to queue
[2025-11-04T22:51:44.590-0300] {logging_mixin.py:188} INFO - [2025-11-04T22:51:44.590-0300] {dagbag.py:545} INFO - Filling up the DagBag from /Users/joaovitor/airflow_env/lib/python3.11/site-packages/airflow/example_dags/subdags/subdag.py
[2025-11-04T22:51:44.594-0300] {processor.py:842} WARNING - No viable dags retrieved from /Users/joaovitor/airflow_env/lib/python3.11/site-packages/airflow/example_dags/subdags/subdag.py
[2025-11-04T22:51:44.698-0300] {processor.py:183} INFO - Processing /Users/joaovitor/airflow_env/lib/python3.11/site-packages/airflow/example_dags/subdags/subdag.py took 0.114 seconds
[2025-11-04T22:54:13.214-0300] {processor.py:161} INFO - Started process (PID=33029) to work on /Users/joaovitor/airflow_env/lib/python3.11/site-packages/airflow/example_dags/subdags/subdag.py
[2025-11-04T22:54:13.216-0300] {processor.py:830} INFO - Processing file /Users/joaovitor/airflow_env/lib/python3.11/site-packages/airflow/example_dags/subdags/subdag.py for tasks to queue
[2025-11-04T22:54:13.217-0300] {logging_mixin.py:188} INFO - [2025-11-04T22:54:13.217-0300] {dagbag.py:545} INFO - Filling up the DagBag from /Users/joaovitor/airflow_env/lib/python3.11/site-packages/airflow/example_dags/subdags/subdag.py
[2025-11-04T22:54:13.220-0300] {processor.py:842} WARNING - No viable dags retrieved from /Users/joaovitor/airflow_env/lib/python3.11/site-packages/airflow/example_dags/subdags/subdag.py
[2025-11-04T22:54:13.355-0300] {processor.py:183} INFO - Processing /Users/joaovitor/airflow_env/lib/python3.11/site-packages/airflow/example_dags/subdags/subdag.py took 0.145 seconds
[2025-11-04T22:56:26.990-0300] {processor.py:161} INFO - Started process (PID=33072) to work on /Users/joaovitor/airflow_env/lib/python3.11/site-packages/airflow/example_dags/subdags/subdag.py
[2025-11-04T22:56:26.991-0300] {processor.py:830} INFO - Processing file /Users/joaovitor/airflow_env/lib/python3.11/site-packages/airflow/example_dags/subdags/subdag.py for tasks to queue
[2025-11-04T22:56:26.992-0300] {logging_mixin.py:188} INFO - [2025-11-04T22:56:26.992-0300] {dagbag.py:545} INFO - Filling up the DagBag from /Users/joaovitor/airflow_env/lib/python3.11/site-packages/airflow/example_dags/subdags/subdag.py
[2025-11-04T22:56:26.994-0300] {processor.py:842} WARNING - No viable dags retrieved from /Users/joaovitor/airflow_env/lib/python3.11/site-packages/airflow/example_dags/subdags/subdag.py
[2025-11-04T22:56:27.099-0300] {processor.py:183} INFO - Processing /Users/joaovitor/airflow_env/lib/python3.11/site-packages/airflow/example_dags/subdags/subdag.py took 0.113 seconds
[2025-11-04T22:58:38.427-0300] {processor.py:161} INFO - Started process (PID=33114) to work on /Users/joaovitor/airflow_env/lib/python3.11/site-packages/airflow/example_dags/subdags/subdag.py
[2025-11-04T22:58:38.428-0300] {processor.py:830} INFO - Processing file /Users/joaovitor/airflow_env/lib/python3.11/site-packages/airflow/example_dags/subdags/subdag.py for tasks to queue
[2025-11-04T22:58:38.429-0300] {logging_mixin.py:188} INFO - [2025-11-04T22:58:38.429-0300] {dagbag.py:545} INFO - Filling up the DagBag from /Users/joaovitor/airflow_env/lib/python3.11/site-packages/airflow/example_dags/subdags/subdag.py
[2025-11-04T22:58:38.432-0300] {processor.py:842} WARNING - No viable dags retrieved from /Users/joaovitor/airflow_env/lib/python3.11/site-packages/airflow/example_dags/subdags/subdag.py
[2025-11-04T22:58:38.529-0300] {processor.py:183} INFO - Processing /Users/joaovitor/airflow_env/lib/python3.11/site-packages/airflow/example_dags/subdags/subdag.py took 0.106 seconds
[2025-11-04T23:01:06.062-0300] {processor.py:161} INFO - Started process (PID=33163) to work on /Users/joaovitor/airflow_env/lib/python3.11/site-packages/airflow/example_dags/subdags/subdag.py
[2025-11-04T23:01:06.064-0300] {processor.py:830} INFO - Processing file /Users/joaovitor/airflow_env/lib/python3.11/site-packages/airflow/example_dags/subdags/subdag.py for tasks to queue
[2025-11-04T23:01:06.066-0300] {logging_mixin.py:188} INFO - [2025-11-04T23:01:06.065-0300] {dagbag.py:545} INFO - Filling up the DagBag from /Users/joaovitor/airflow_env/lib/python3.11/site-packages/airflow/example_dags/subdags/subdag.py
[2025-11-04T23:01:06.069-0300] {processor.py:842} WARNING - No viable dags retrieved from /Users/joaovitor/airflow_env/lib/python3.11/site-packages/airflow/example_dags/subdags/subdag.py
[2025-11-04T23:01:06.174-0300] {processor.py:183} INFO - Processing /Users/joaovitor/airflow_env/lib/python3.11/site-packages/airflow/example_dags/subdags/subdag.py took 0.114 seconds
[2025-11-04T23:03:23.932-0300] {processor.py:161} INFO - Started process (PID=33207) to work on /Users/joaovitor/airflow_env/lib/python3.11/site-packages/airflow/example_dags/subdags/subdag.py
[2025-11-04T23:03:23.933-0300] {processor.py:830} INFO - Processing file /Users/joaovitor/airflow_env/lib/python3.11/site-packages/airflow/example_dags/subdags/subdag.py for tasks to queue
[2025-11-04T23:03:23.934-0300] {logging_mixin.py:188} INFO - [2025-11-04T23:03:23.934-0300] {dagbag.py:545} INFO - Filling up the DagBag from /Users/joaovitor/airflow_env/lib/python3.11/site-packages/airflow/example_dags/subdags/subdag.py
[2025-11-04T23:03:23.937-0300] {processor.py:842} WARNING - No viable dags retrieved from /Users/joaovitor/airflow_env/lib/python3.11/site-packages/airflow/example_dags/subdags/subdag.py
[2025-11-04T23:03:24.048-0300] {processor.py:183} INFO - Processing /Users/joaovitor/airflow_env/lib/python3.11/site-packages/airflow/example_dags/subdags/subdag.py took 0.119 seconds
