[2025-11-06T12:27:07.924-0300] {local_task_job_runner.py:120} INFO - ::group::Pre task execution logs
[2025-11-06T12:27:07.963-0300] {taskinstance.py:2066} INFO - Dependencies not met for <TaskInstance: dag_3_branch_operator_airflow.task_funcao_media manual__2025-11-06T15:25:32.866070+00:00 [None]>, dependency 'Trigger Rule' FAILED: Task's trigger rule 'all_success' requires all upstream tasks to have succeeded, but found 1 non-success(es). upstream_states=_UpstreamTIStates(success=0, skipped=0, failed=0, upstream_failed=0, removed=0, done=0, success_setup=0, skipped_setup=0), upstream_task_ids={'Inicio'}
[2025-11-06T12:27:07.964-0300] {local_task_job_runner.py:163} INFO - Task is not able to be run
[2025-11-06T12:27:14.419-0300] {local_task_job_runner.py:120} INFO - ::group::Pre task execution logs
[2025-11-06T12:27:14.438-0300] {taskinstance.py:2076} INFO - Dependencies all met for dep_context=non-requeueable deps ti=<TaskInstance: dag_3_branch_operator_airflow.task_funcao_media manual__2025-11-06T15:25:32.866070+00:00 [queued]>
[2025-11-06T12:27:14.444-0300] {taskinstance.py:2076} INFO - Dependencies all met for dep_context=requeueable deps ti=<TaskInstance: dag_3_branch_operator_airflow.task_funcao_media manual__2025-11-06T15:25:32.866070+00:00 [queued]>
[2025-11-06T12:27:14.444-0300] {taskinstance.py:2306} INFO - Starting attempt 2 of 2
[2025-11-06T12:27:14.457-0300] {taskinstance.py:2330} INFO - Executing <Task(BranchPythonOperator): task_funcao_media> on 2025-11-06 15:25:32.866070+00:00
[2025-11-06T12:27:14.459-0300] {standard_task_runner.py:64} INFO - Started process 47596 to run task
[2025-11-06T12:27:14.465-0300] {standard_task_runner.py:90} INFO - Running: ['airflow', 'tasks', 'run', 'dag_3_branch_operator_airflow', 'task_funcao_media', 'manual__2025-11-06T15:25:32.866070+00:00', '--job-id', '993', '--raw', '--subdir', 'DAGS_FOLDER/dag3_teste_curso_airflow.py', '--cfg-path', '/var/folders/y3/6lgd1gd11kqdbpl4gd1qk7vr0000gn/T/tmpz6s_tiq_']
[2025-11-06T12:27:14.469-0300] {standard_task_runner.py:91} INFO - Job 993: Subtask task_funcao_media
[2025-11-06T12:27:14.518-0300] {task_command.py:426} INFO - Running <TaskInstance: dag_3_branch_operator_airflow.task_funcao_media manual__2025-11-06T15:25:32.866070+00:00 [running]> on host air-de-joao.lan
[2025-11-06T12:27:14.626-0300] {taskinstance.py:2648} INFO - Exporting env vars: AIRFLOW_CTX_DAG_OWNER='Joao Vitor' AIRFLOW_CTX_DAG_ID='dag_3_branch_operator_airflow' AIRFLOW_CTX_TASK_ID='task_funcao_media' AIRFLOW_CTX_EXECUTION_DATE='2025-11-06T15:25:32.866070+00:00' AIRFLOW_CTX_TRY_NUMBER='2' AIRFLOW_CTX_DAG_RUN_ID='manual__2025-11-06T15:25:32.866070+00:00'
[2025-11-06T12:27:14.627-0300] {taskinstance.py:430} INFO - ::endgroup::
[2025-11-06T12:27:14.669-0300] {baseoperator.py:400} WARNING - BranchPythonOperator.execute cannot be called outside TaskInstance!
[2025-11-06T12:27:14.670-0300] {python.py:237} INFO - Done. Returned value was: Aprovado
[2025-11-06T12:27:14.671-0300] {branch.py:36} INFO - Branch into Aprovado
[2025-11-06T12:27:14.671-0300] {skipmixin.py:178} INFO - Following branch Aprovado
[2025-11-06T12:27:14.683-0300] {skipmixin.py:246} INFO - Skipping tasks [('Recuperação', -1), ('Exame', -1)]
[2025-11-06T12:27:14.698-0300] {taskinstance.py:441} INFO - ::group::Post task execution logs
[2025-11-06T12:27:14.711-0300] {taskinstance.py:1206} INFO - Marking task as SUCCESS. dag_id=dag_3_branch_operator_airflow, task_id=task_funcao_media, run_id=manual__2025-11-06T15:25:32.866070+00:00, execution_date=20251106T152532, start_date=20251106T152714, end_date=20251106T152714
[2025-11-06T12:27:14.745-0300] {local_task_job_runner.py:243} INFO - Task exited with return code 0
[2025-11-06T12:27:14.776-0300] {taskinstance.py:3503} INFO - 0 downstream tasks scheduled from follow-on schedule check
[2025-11-06T12:27:14.781-0300] {local_task_job_runner.py:222} INFO - ::endgroup::
