[2025-11-06T12:25:40.482-0300] {local_task_job_runner.py:120} INFO - ::group::Pre task execution logs
[2025-11-06T12:25:40.521-0300] {taskinstance.py:2076} INFO - Dependencies all met for dep_context=non-requeueable deps ti=<TaskInstance: dag_3_branch_operator_airflow.task_funcao_media manual__2025-11-06T15:25:32.866070+00:00 [queued]>
[2025-11-06T12:25:40.529-0300] {taskinstance.py:2076} INFO - Dependencies all met for dep_context=requeueable deps ti=<TaskInstance: dag_3_branch_operator_airflow.task_funcao_media manual__2025-11-06T15:25:32.866070+00:00 [queued]>
[2025-11-06T12:25:40.529-0300] {taskinstance.py:2306} INFO - Starting attempt 1 of 1
[2025-11-06T12:25:40.545-0300] {taskinstance.py:2330} INFO - Executing <Task(BranchPythonOperator): task_funcao_media> on 2025-11-06 15:25:32.866070+00:00
[2025-11-06T12:25:40.547-0300] {standard_task_runner.py:64} INFO - Started process 47523 to run task
[2025-11-06T12:25:40.558-0300] {standard_task_runner.py:90} INFO - Running: ['airflow', 'tasks', 'run', 'dag_3_branch_operator_airflow', 'task_funcao_media', 'manual__2025-11-06T15:25:32.866070+00:00', '--job-id', '991', '--raw', '--subdir', 'DAGS_FOLDER/dag3_teste_curso_airflow.py', '--cfg-path', '/var/folders/y3/6lgd1gd11kqdbpl4gd1qk7vr0000gn/T/tmp_5c4ciqm']
[2025-11-06T12:25:40.564-0300] {standard_task_runner.py:91} INFO - Job 991: Subtask task_funcao_media
[2025-11-06T12:25:40.640-0300] {task_command.py:426} INFO - Running <TaskInstance: dag_3_branch_operator_airflow.task_funcao_media manual__2025-11-06T15:25:32.866070+00:00 [running]> on host air-de-joao.lan
[2025-11-06T12:25:40.820-0300] {taskinstance.py:2648} INFO - Exporting env vars: AIRFLOW_CTX_DAG_OWNER='Joao Vitor' AIRFLOW_CTX_DAG_ID='dag_3_branch_operator_airflow' AIRFLOW_CTX_TASK_ID='task_funcao_media' AIRFLOW_CTX_EXECUTION_DATE='2025-11-06T15:25:32.866070+00:00' AIRFLOW_CTX_TRY_NUMBER='1' AIRFLOW_CTX_DAG_RUN_ID='manual__2025-11-06T15:25:32.866070+00:00'
[2025-11-06T12:25:40.821-0300] {taskinstance.py:430} INFO - ::endgroup::
[2025-11-06T12:25:40.892-0300] {baseoperator.py:400} WARNING - BranchPythonOperator.execute cannot be called outside TaskInstance!
[2025-11-06T12:25:40.895-0300] {python.py:237} INFO - Done. Returned value was: Recuperação
[2025-11-06T12:25:40.895-0300] {branch.py:36} INFO - Branch into Recuperação
[2025-11-06T12:25:40.896-0300] {skipmixin.py:178} INFO - Following branch Recuperação
[2025-11-06T12:25:40.910-0300] {skipmixin.py:246} INFO - Skipping tasks [('Exame', -1), ('Aprovado', -1)]
[2025-11-06T12:25:40.929-0300] {taskinstance.py:441} INFO - ::group::Post task execution logs
[2025-11-06T12:25:40.946-0300] {taskinstance.py:1206} INFO - Marking task as SUCCESS. dag_id=dag_3_branch_operator_airflow, task_id=task_funcao_media, run_id=manual__2025-11-06T15:25:32.866070+00:00, execution_date=20251106T152532, start_date=20251106T152540, end_date=20251106T152540
[2025-11-06T12:25:40.980-0300] {local_task_job_runner.py:243} INFO - Task exited with return code 0
[2025-11-06T12:25:41.036-0300] {taskinstance.py:3503} INFO - 0 downstream tasks scheduled from follow-on schedule check
[2025-11-06T12:25:41.042-0300] {local_task_job_runner.py:222} INFO - ::endgroup::
